[0.033s] Invoking command in '/home/robot33-6/student133_ws/build/custom_counter': CMAKE_PREFIX_PATH=${CMAKE_PREFIX_PATH}:/opt/ros/humble /usr/bin/cmake --build /home/robot33-6/student133_ws/build/custom_counter -- -j8 -l8
[0.093s] Consolidate compiler generated dependencies of target custom_counter_node
[0.109s] [ 50%] Building CXX object CMakeFiles/custom_counter_node.dir/src/custom_counter_node.cpp.o
[2.316s] /home/robot33-6/student133_ws/src/custom_counter/src/custom_counter_node.cpp:65:3: error: expected ‘}’ at end of input
[2.316s]    65 | };
[2.316s]       |   ^
[2.316s] /home/robot33-6/student133_ws/src/custom_counter/src/custom_counter_node.cpp:6:41: note: to match this ‘{’
[2.316s]     6 | class TestCounter : public rclcpp::Node {
[2.316s]       |                                         ^
[2.334s] /home/robot33-6/student133_ws/src/custom_counter/src/custom_counter_node.cpp: In member function ‘int TestCounter::main(int, char**)’:
[2.334s] /home/robot33-6/student133_ws/src/custom_counter/src/custom_counter_node.cpp:65:1: warning: no return statement in function returning non-void [-Wreturn-type]
[2.334s]    65 | };
[2.334s]       | ^
[2.334s] /home/robot33-6/student133_ws/src/custom_counter/src/custom_counter_node.cpp: At global scope:
[2.334s] /home/robot33-6/student133_ws/src/custom_counter/src/custom_counter_node.cpp:65:3: error: expected unqualified-id at end of input
[2.334s]    65 | };
[2.334s]       |   ^
