Consolidate compiler generated dependencies of target test_publisher_node
[ 50%] Building CXX object CMakeFiles/test_publisher_node.dir/src/test_publisher_node.cpp.o
/home/robot33-6/student133_ws/src/test_publisher/src/test_publisher_node.cpp:62:2: error: expected ‘}’ at end of input
   62 | }
      |  ^
/home/robot33-6/student133_ws/src/test_publisher/src/test_publisher_node.cpp:6:43: note: to match this ‘{’
    6 | class TestPublisher : public rclcpp::Node {
      |                                           ^
/home/robot33-6/student133_ws/src/test_publisher/src/test_publisher_node.cpp: In member function ‘int TestPublisher::main(int, char**)’:
/home/robot33-6/student133_ws/src/test_publisher/src/test_publisher_node.cpp:62:1: warning: no return statement in function returning non-void [-Wreturn-type]
   62 | }
      | ^
/home/robot33-6/student133_ws/src/test_publisher/src/test_publisher_node.cpp: At global scope:
/home/robot33-6/student133_ws/src/test_publisher/src/test_publisher_node.cpp:62:2: error: expected unqualified-id at end of input
   62 | }
      |  ^
gmake[2]: *** [CMakeFiles/test_publisher_node.dir/build.make:76: CMakeFiles/test_publisher_node.dir/src/test_publisher_node.cpp.o] Error 1
gmake[1]: *** [CMakeFiles/Makefile2:137: CMakeFiles/test_publisher_node.dir/all] Error 2
gmake: *** [Makefile:146: all] Error 2
