[0.051s] Invoking command in '/home/eragon/student133_ws/build/test_tf_broadcaster': CMAKE_PREFIX_PATH=${CMAKE_PREFIX_PATH}:/opt/ros/humble /usr/bin/cmake --build /home/eragon/student133_ws/build/test_tf_broadcaster -- -j8 -l8
[0.155s] Consolidate compiler generated dependencies of target test_tf_broadcaster_node
[0.190s] [ 50%] Building CXX object CMakeFiles/test_tf_broadcaster_node.dir/src/test_tf_broadcaster_node.cpp.o
[0.555s] /home/eragon/student133_ws/src/test_tf_broadcaster/src/test_tf_broadcaster_node.cpp:2:10: fatal error: geometry_msgs/msg/transform_stamped.hpp: Нет такого файла или каталога
[0.555s]     2 | #include <geometry_msgs/msg/transform_stamped.hpp>
[0.555s]       |          ^~~~~~~~~~~~~~~~~~~~~~~~~~~~~~~~~~~~~~~~~
[0.555s] compilation terminated.
[0.561s] gmake[2]: *** [CMakeFiles/test_tf_broadcaster_node.dir/build.make:76: CMakeFiles/test_tf_broadcaster_node.dir/src/test_tf_broadcaster_node.cpp.o] Ошибка 1
[0.562s] gmake[1]: *** [CMakeFiles/Makefile2:137: CMakeFiles/test_tf_broadcaster_node.dir/all] Ошибка 2
[0.562s] gmake: *** [Makefile:146: all] Ошибка 2
[0.565s] Invoked command in '/home/eragon/student133_ws/build/test_tf_broadcaster' returned '2': CMAKE_PREFIX_PATH=${CMAKE_PREFIX_PATH}:/opt/ros/humble /usr/bin/cmake --build /home/eragon/student133_ws/build/test_tf_broadcaster -- -j8 -l8
