/home/robot33-6/student133_ws/src/test_custom_publisher/src/test_custom_publisher.cpp: In constructor ‘CustomPublisher::CustomPublisher()’:
/home/robot33-6/student133_ws/src/test_custom_publisher/src/test_custom_publisher.cpp:13:33: error: ‘is’ was not declared in this scope
   13 |         this->create_wall_timer(is,
      |                                 ^~
/home/robot33-6/student133_ws/src/test_custom_publisher/src/test_custom_publisher.cpp:15:64: error: expected ‘)’ before ‘;’ token
   15 |                                           timer_callback, this);
      |                                                                ^
/home/robot33-6/student133_ws/src/test_custom_publisher/src/test_custom_publisher.cpp:13:32: note: to match this ‘(’
   13 |         this->create_wall_timer(is,
      |                                ^
gmake[2]: *** [CMakeFiles/test_custom_publisher_node.dir/build.make:76: CMakeFiles/test_custom_publisher_node.dir/src/test_custom_publisher.cpp.o] Error 1
gmake[1]: *** [CMakeFiles/Makefile2:137: CMakeFiles/test_custom_publisher_node.dir/all] Error 2
gmake: *** [Makefile:146: all] Error 2
