[0.209s] Invoking command in '/home/robot33-6/student133_ws/build/test_custom_publisher': CMAKE_PREFIX_PATH=${CMAKE_PREFIX_PATH}:/opt/ros/humble /usr/bin/cmake --build /home/robot33-6/student133_ws/build/test_custom_publisher -- -j8 -l8
[0.231s] -- Found ament_cmake: 1.3.7 (/opt/ros/humble/share/ament_cmake/cmake)
[0.409s] -- Found rclcpp: 16.0.8 (/opt/ros/humble/share/rclcpp/cmake)
[0.493s] -- Found rosidl_generator_c: 3.1.5 (/opt/ros/humble/share/rosidl_generator_c/cmake)
[0.493s] -- Found rosidl_adapter: 3.1.5 (/opt/ros/humble/share/rosidl_adapter/cmake)
[0.494s] -- Found rosidl_generator_cpp: 3.1.5 (/opt/ros/humble/share/rosidl_generator_cpp/cmake)
[0.494s] -- Using all available rosidl_typesupport_c: rosidl_typesupport_fastrtps_c;rosidl_typesupport_introspection_c
[0.494s] -- Using all available rosidl_typesupport_cpp: rosidl_typesupport_fastrtps_cpp;rosidl_typesupport_introspection_cpp
[0.603s] -- Found rmw_implementation_cmake: 6.1.1 (/opt/ros/humble/share/rmw_implementation_cmake/cmake)
[0.603s] -- Found rmw_fastrtps_cpp: 6.2.6 (/opt/ros/humble/share/rmw_fastrtps_cpp/cmake)
[0.604s] -- Using RMW implementation 'rmw_fastrtps_cpp' as default
[0.735s] -- Found test_custom_msg: 0.0.0 (/home/robot33-6/student133_ws/install/test_custom_msg/share/test_custom_msg/cmake)
[0.834s] -- Found ament_lint_auto: 0.12.10 (/opt/ros/humble/share/ament_lint_auto/cmake)
[0.904s] -- Added test 'cppcheck' to perform static code analysis on C / C++ code
[0.904s] -- Configured cppcheck include dirs: 
[0.904s] -- Configured cppcheck exclude dirs and/or files: 
[0.904s] -- Added test 'lint_cmake' to check CMake code style
[0.904s] -- Added test 'uncrustify' to check C / C++ code style
[0.904s] -- Configured uncrustify additional arguments: 
[0.904s] -- Added test 'xmllint' to check XML markup files
[0.904s] -- Configuring done
[0.905s] -- Generating done
[0.905s] -- Build files have been written to: /home/robot33-6/student133_ws/build/test_custom_publisher
[0.931s] [ 50%] Building CXX object CMakeFiles/test_custom_publisher_node.dir/src/test_custom_publisher.cpp.o
[2.760s] /home/robot33-6/student133_ws/src/test_custom_publisher/src/test_custom_publisher.cpp: In constructor ‘CustomPublisher::CustomPublisher()’:
[2.760s] /home/robot33-6/student133_ws/src/test_custom_publisher/src/test_custom_publisher.cpp:13:33: error: ‘is’ was not declared in this scope
[2.760s]    13 |         this->create_wall_timer(is,
[2.760s]       |                                 ^~
[2.763s] /home/robot33-6/student133_ws/src/test_custom_publisher/src/test_custom_publisher.cpp:15:64: error: expected ‘)’ before ‘;’ token
[2.763s]    15 |                                           timer_callback, this);
[2.763s]       |                                                                ^
[2.763s] /home/robot33-6/student133_ws/src/test_custom_publisher/src/test_custom_publisher.cpp:13:32: note: to match this ‘(’
[2.763s]    13 |         this->create_wall_timer(is,
[2.763s]       |                                ^
[3.579s] gmake[2]: *** [CMakeFiles/test_custom_publisher_node.dir/build.make:76: CMakeFiles/test_custom_publisher_node.dir/src/test_custom_publisher.cpp.o] Error 1
[3.579s] gmake[1]: *** [CMakeFiles/Makefile2:137: CMakeFiles/test_custom_publisher_node.dir/all] Error 2
[3.579s] gmake: *** [Makefile:146: all] Error 2
[3.581s] Invoked command in '/home/robot33-6/student133_ws/build/test_custom_publisher' returned '2': CMAKE_PREFIX_PATH=${CMAKE_PREFIX_PATH}:/opt/ros/humble /usr/bin/cmake --build /home/robot33-6/student133_ws/build/test_custom_publisher -- -j8 -l8
