Consolidate compiler generated dependencies of target test_tf_broadcaster_node
[ 50%] Building CXX object CMakeFiles/test_tf_broadcaster_node.dir/src/test_tf_broadcaster_node.cpp.o
/home/eragon/student133_ws/src/test_tf_broadcaster/src/test_tf_broadcaster_node.cpp:60:1: error: unterminated comment
   60 | /*
      | ^
gmake[2]: *** [CMakeFiles/test_tf_broadcaster_node.dir/build.make:76: CMakeFiles/test_tf_broadcaster_node.dir/src/test_tf_broadcaster_node.cpp.o] Ошибка 1
gmake[1]: *** [CMakeFiles/Makefile2:137: CMakeFiles/test_tf_broadcaster_node.dir/all] Ошибка 2
gmake: *** [Makefile:146: all] Ошибка 2
