[0.044s] Invoking command in '/home/eragon/student133_ws/build/test_image_sender': CMAKE_PREFIX_PATH=${CMAKE_PREFIX_PATH}:/opt/ros/humble /usr/bin/cmake --build /home/eragon/student133_ws/build/test_image_sender -- -j8 -l8
[0.099s] -- Found ament_cmake: 1.3.11 (/opt/ros/humble/share/ament_cmake/cmake)
[0.505s] -- Found rclcpp: 16.0.11 (/opt/ros/humble/share/rclcpp/cmake)
[0.551s] -- Found rosidl_generator_c: 3.1.6 (/opt/ros/humble/share/rosidl_generator_c/cmake)
[0.551s] -- Found rosidl_adapter: 3.1.6 (/opt/ros/humble/share/rosidl_adapter/cmake)
[0.557s] -- Found rosidl_generator_cpp: 3.1.6 (/opt/ros/humble/share/rosidl_generator_cpp/cmake)
[0.598s] -- Using all available rosidl_typesupport_c: rosidl_typesupport_fastrtps_c;rosidl_typesupport_introspection_c
[0.599s] -- Using all available rosidl_typesupport_cpp: rosidl_typesupport_fastrtps_cpp;rosidl_typesupport_introspection_cpp
[0.665s] -- Found rmw_implementation_cmake: 6.1.2 (/opt/ros/humble/share/rmw_implementation_cmake/cmake)
[0.671s] -- Found rmw_fastrtps_cpp: 6.2.7 (/opt/ros/humble/share/rmw_fastrtps_cpp/cmake)
[0.945s] -- Using RMW implementation 'rmw_fastrtps_cpp' as default
[1.013s] -- Found cv_bridge: 3.2.1 (/opt/ros/humble/share/cv_bridge/cmake)
[1.061s] -- Found image_transport: 3.1.10 (/opt/ros/humble/share/image_transport/cmake)
[1.095s] -- Found ament_lint_auto: 0.12.11 (/opt/ros/humble/share/ament_lint_auto/cmake)
[1.214s] -- Added test 'cppcheck' to perform static code analysis on C / C++ code
[1.214s] -- Configured cppcheck include dirs: /home/eragon/student133_ws/src/test_image_sender/include
[1.215s] -- Configured cppcheck exclude dirs and/or files: 
[1.215s] -- Added test 'lint_cmake' to check CMake code style
[1.216s] -- Added test 'uncrustify' to check C / C++ code style
[1.217s] -- Configured uncrustify additional arguments: 
[1.217s] -- Added test 'xmllint' to check XML markup files
[1.218s] -- Configuring done
[1.257s] -- Generating done
[1.264s] -- Build files have been written to: /home/eragon/student133_ws/build/test_image_sender
[1.309s] Consolidate compiler generated dependencies of target test_image_sender
[1.340s] [ 50%] Building CXX object CMakeFiles/test_image_sender.dir/src/test_image_sender_node.cpp.o
[1.680s] /home/eragon/student133_ws/src/test_image_sender/src/test_image_sender_node.cpp:4:10: fatal error: cv_bridge/cv_bridge.hpp: Нет такого файла или каталога
[1.680s]     4 | #include <cv_bridge/cv_bridge.hpp>
[1.681s]       |          ^~~~~~~~~~~~~~~~~~~~~~~~~
[1.681s] compilation terminated.
[1.686s] gmake[2]: *** [CMakeFiles/test_image_sender.dir/build.make:76: CMakeFiles/test_image_sender.dir/src/test_image_sender_node.cpp.o] Ошибка 1
[1.686s] gmake[1]: *** [CMakeFiles/Makefile2:137: CMakeFiles/test_image_sender.dir/all] Ошибка 2
[1.687s] gmake: *** [Makefile:146: all] Ошибка 2
[1.692s] Invoked command in '/home/eragon/student133_ws/build/test_image_sender' returned '2': CMAKE_PREFIX_PATH=${CMAKE_PREFIX_PATH}:/opt/ros/humble /usr/bin/cmake --build /home/eragon/student133_ws/build/test_image_sender -- -j8 -l8
