[0.064s] Invoking command in '/home/eragon/student133_ws/build/test_image_processing': CMAKE_PREFIX_PATH=${CMAKE_PREFIX_PATH}:/opt/ros/humble /usr/bin/cmake --build /home/eragon/student133_ws/build/test_image_processing -- -j8 -l8
[0.278s] Consolidate compiler generated dependencies of target test_image_processing_node
[0.391s] [ 50%] Building CXX object CMakeFiles/test_image_processing_node.dir/src/test_image_processing_node.cpp.o
[6.297s] /home/eragon/student133_ws/src/test_image_processing/src/test_image_processing_node.cpp: In constructor ‘TestImageSensor::TestImageSensor()’:
[6.297s] /home/eragon/student133_ws/src/test_image_processing/src/test_image_processing_node.cpp:32:26: warning: comparison of integer expressions of different signedness: ‘int’ and ‘std::vector<cv::Vec<float, 3> >::size_type’ {aka ‘long unsigned int’} [-Wsign-compare]
[6.298s]    32 |         for(int i = 0; i < circles.size();i++) {
[6.298s]       |                        ~~^~~~~~~~~~~~~~~~
[6.298s] /home/eragon/student133_ws/src/test_image_processing/src/test_image_processing_node.cpp:33:17: error: ‘circles’ is not a member of ‘cv’; did you mean ‘circle’?
[6.298s]    33 |             cv::circles(image,
[6.298s]       |                 ^~~~~~~
[6.298s]       |                 circle
[6.298s] /home/eragon/student133_ws/src/test_image_processing/src/test_image_processing_node.cpp:36:50: error: no matching function for call to ‘cv::Point_<int>::Point_(float&, float&, float&, cv::Scalar, int)’
[6.299s]    36 |                             cv::Scalar(0,255,0),3);
[6.299s]       |                                                  ^
[6.299s] In file included from /usr/include/opencv4/opencv2/core.hpp:57,
[6.299s]                  from /usr/include/opencv4/opencv2/core/core.hpp:48,
[6.299s]                  from /opt/ros/humble/include/cv_bridge/cv_bridge/cv_bridge.h:43,
[6.299s]                  from /home/eragon/student133_ws/src/test_image_processing/src/test_image_processing_node.cpp:4:
[6.299s] /usr/include/opencv4/opencv2/core/types.hpp:1196:1: note: candidate: ‘cv::Point_<_Tp>::Point_(const cv::Vec<_Tp, 2>&) [with _Tp = int]’
[6.300s]  1196 | Point_<_Tp>::Point_(const Vec<_Tp,2>& v)
[6.300s]       | ^~~~~~~~~~~
[6.300s] /usr/include/opencv4/opencv2/core/types.hpp:1196:1: note:   candidate expects 1 argument, 5 provided
[6.300s] /usr/include/opencv4/opencv2/core/types.hpp:1192:1: note: candidate: ‘cv::Point_<_Tp>::Point_(const cv::Size_<_Tp>&) [with _Tp = int]’
[6.300s]  1192 | Point_<_Tp>::Point_(const Size_<_Tp>& sz)
[6.304s]       | ^~~~~~~~~~~
[6.304s] /usr/include/opencv4/opencv2/core/types.hpp:1192:1: note:   candidate expects 1 argument, 5 provided
[6.304s] /usr/include/opencv4/opencv2/core/types.hpp:1188:1: note: candidate: ‘cv::Point_<_Tp>::Point_(cv::Point_<_Tp>&&) [with _Tp = int]’
[6.305s]  1188 | Point_<_Tp>::Point_(Point_&& pt) CV_NOEXCEPT
[6.305s]       | ^~~~~~~~~~~
[6.305s] /usr/include/opencv4/opencv2/core/types.hpp:1188:1: note:   candidate expects 1 argument, 5 provided
[6.305s] /usr/include/opencv4/opencv2/core/types.hpp:1184:1: note: candidate: ‘cv::Point_<_Tp>::Point_(const cv::Point_<_Tp>&) [with _Tp = int]’
[6.305s]  1184 | Point_<_Tp>::Point_(const Point_& pt)
[6.305s]       | ^~~~~~~~~~~
[6.305s] /usr/include/opencv4/opencv2/core/types.hpp:1184:1: note:   candidate expects 1 argument, 5 provided
[6.305s] /usr/include/opencv4/opencv2/core/types.hpp:1180:1: note: candidate: ‘cv::Point_<_Tp>::Point_(_Tp, _Tp) [with _Tp = int]’
[6.306s]  1180 | Point_<_Tp>::Point_(_Tp _x, _Tp _y)
[6.306s]       | ^~~~~~~~~~~
[6.306s] /usr/include/opencv4/opencv2/core/types.hpp:1180:1: note:   candidate expects 2 arguments, 5 provided
[6.306s] /usr/include/opencv4/opencv2/core/types.hpp:1176:1: note: candidate: ‘cv::Point_<_Tp>::Point_() [with _Tp = int]’
[6.306s]  1176 | Point_<_Tp>::Point_()
[6.306s]       | ^~~~~~~~~~~
[6.306s] /usr/include/opencv4/opencv2/core/types.hpp:1176:1: note:   candidate expects 0 arguments, 5 provided
[7.542s] gmake[2]: *** [CMakeFiles/test_image_processing_node.dir/build.make:76: CMakeFiles/test_image_processing_node.dir/src/test_image_processing_node.cpp.o] Ошибка 1
[7.543s] gmake[1]: *** [CMakeFiles/Makefile2:137: CMakeFiles/test_image_processing_node.dir/all] Ошибка 2
[7.543s] gmake: *** [Makefile:146: all] Ошибка 2
[7.549s] Invoked command in '/home/eragon/student133_ws/build/test_image_processing' returned '2': CMAKE_PREFIX_PATH=${CMAKE_PREFIX_PATH}:/opt/ros/humble /usr/bin/cmake --build /home/eragon/student133_ws/build/test_image_processing -- -j8 -l8
