/home/robot33-6/student133_ws/src/test_publisher/src/test_publisher_node.cpp:34:36: error: ‘Int32’ is not a member of ‘std_msgs::msg’
   34 |   rclcpp::Publisher<std_msgs::msg::Int32>::SharedPtr                          //?????
      |                                    ^~~~~
/home/robot33-6/student133_ws/src/test_publisher/src/test_publisher_node.cpp:34:41: error: template argument 1 is invalid
   34 |   rclcpp::Publisher<std_msgs::msg::Int32>::SharedPtr                          //?????
      |                                         ^
/home/robot33-6/student133_ws/src/test_publisher/src/test_publisher_node.cpp:34:44: error: expected ‘;’ at end of member declaration
   34 |   rclcpp::Publisher<std_msgs::msg::Int32>::SharedPtr                          //?????
      |                                            ^~~~~~~~~
      |                                                     ;
/home/robot33-6/student133_ws/src/test_publisher/src/test_publisher_node.cpp:35:17: error: ‘publisher’ does not name a type; did you mean ‘TestPublisher’?
   35 |                 publisher;
      |                 ^~~~~~~~~
      |                 TestPublisher
/home/robot33-6/student133_ws/src/test_publisher/src/test_publisher_node.cpp: In constructor ‘TestPublisher::TestPublisher()’:
/home/robot33-6/student133_ws/src/test_publisher/src/test_publisher_node.cpp:17:55: error: ‘Int32’ is not a member of ‘std_msgs::msg’
   17 |     publisher = this->create_publisher<std_msgs::msg::Int32>                  //?????
      |                                                       ^~~~~
/home/robot33-6/student133_ws/src/test_publisher/src/test_publisher_node.cpp:18:29: error: no matching function for call to ‘TestPublisher::create_publisher<<expression error> >(const char [7], int)’
   17 |     publisher = this->create_publisher<std_msgs::msg::Int32>                  //?????
      |                 ~~~~~~~~~~~~~~~~~~~~~~~~~~~~~~~~~~~~~~~~~~~~~~~~~~~~~~~~~~~~~~~~~~~~~
   18 |                             ("msg_tr",8);
      |                             ^~~~~~~~~~~~
In file included from /opt/ros/humble/include/rclcpp/rclcpp/node.hpp:1321,
                 from /opt/ros/humble/include/rclcpp/rclcpp/executors/single_threaded_executor.hpp:28,
                 from /opt/ros/humble/include/rclcpp/rclcpp/executors.hpp:22,
                 from /opt/ros/humble/include/rclcpp/rclcpp/rclcpp.hpp:155,
                 from /home/robot33-6/student133_ws/src/test_publisher/src/test_publisher_node.cpp:1:
/opt/ros/humble/include/rclcpp/rclcpp/node_impl.hpp:73:1: note: candidate: ‘template<class MessageT, class AllocatorT, class PublisherT> std::shared_ptr<PublisherT> rclcpp::Node::create_publisher(const string&, const rclcpp::QoS&, const rclcpp::PublisherOptionsWithAllocator<AllocatorT>&)’
   73 | Node::create_publisher(
      | ^~~~
/opt/ros/humble/include/rclcpp/rclcpp/node_impl.hpp:73:1: note:   template argument deduction/substitution failed:
/home/robot33-6/student133_ws/src/test_publisher/src/test_publisher_node.cpp:18:29: error: template argument 1 is invalid
   17 |     publisher = this->create_publisher<std_msgs::msg::Int32>                  //?????
      |                 ~~~~~~~~~~~~~~~~~~~~~~~~~~~~~~~~~~~~~~~~~~~~~~~~~~~~~~~~~~~~~~~~~~~~~
   18 |                             ("msg_tr",8);
      |                             ^~~~~~~~~~~~
/home/robot33-6/student133_ws/src/test_publisher/src/test_publisher_node.cpp: In member function ‘void TestPublisher::timer_callback()’:
/home/robot33-6/student133_ws/src/test_publisher/src/test_publisher_node.cpp:45:20: error: ‘Int32’ is not a member of ‘std_msgs::msg’
   45 |     std_msgs::msg::Int32 msg;
      |                    ^~~~~
/home/robot33-6/student133_ws/src/test_publisher/src/test_publisher_node.cpp:46:17: error: no match for ‘operator+’ (operand type is ‘std::string’ {aka ‘std::__cxx11::basic_string<char>’})
   46 |     msg.data =  + std::to_string(counter++);
      |                 ^~~~~~~~~~~~~~~~~~~~~~~~~~~
In file included from /usr/include/c++/11/bits/stl_algobase.h:67,
                 from /usr/include/c++/11/memory:63,
                 from /opt/ros/humble/include/rclcpp/rclcpp/rclcpp.hpp:153,
                 from /home/robot33-6/student133_ws/src/test_publisher/src/test_publisher_node.cpp:1:
/usr/include/c++/11/bits/stl_iterator.h:1276:5: note: candidate: ‘template<class _Iterator, class _Container> __gnu_cxx::__normal_iterator<_Iterator, _Container> __gnu_cxx::operator+(typename __gnu_cxx::__normal_iterator<_Iterator, _Container>::difference_type, const __gnu_cxx::__normal_iterator<_Iterator, _Container>&)’
 1276 |     operator+(typename __normal_iterator<_Iterator, _Container>::difference_type
      |     ^~~~~~~~
/usr/include/c++/11/bits/stl_iterator.h:1276:5: note:   template argument deduction/substitution failed:
/home/robot33-6/student133_ws/src/test_publisher/src/test_publisher_node.cpp:46:43: note:   candidate expects 2 arguments, 1 provided
   46 |     msg.data =  + std::to_string(counter++);
      |                                           ^
In file included from /usr/include/c++/11/bits/stl_algobase.h:67,
                 from /usr/include/c++/11/memory:63,
                 from /opt/ros/humble/include/rclcpp/rclcpp/rclcpp.hpp:153,
                 from /home/robot33-6/student133_ws/src/test_publisher/src/test_publisher_node.cpp:1:
/usr/include/c++/11/bits/stl_iterator.h:585:5: note: candidate: ‘template<class _Iterator> constexpr std::reverse_iterator<_Iterator> std::operator+(typename std::reverse_iterator<_Iterator>::difference_type, const std::reverse_iterator<_Iterator>&)’
  585 |     operator+(typename reverse_iterator<_Iterator>::difference_type __n,
      |     ^~~~~~~~
/usr/include/c++/11/bits/stl_iterator.h:585:5: note:   template argument deduction/substitution failed:
/home/robot33-6/student133_ws/src/test_publisher/src/test_publisher_node.cpp:46:43: note:   candidate expects 2 arguments, 1 provided
   46 |     msg.data =  + std::to_string(counter++);
      |                                           ^
In file included from /usr/include/c++/11/bits/stl_algobase.h:67,
                 from /usr/include/c++/11/memory:63,
                 from /opt/ros/humble/include/rclcpp/rclcpp/rclcpp.hpp:153,
                 from /home/robot33-6/student133_ws/src/test_publisher/src/test_publisher_node.cpp:1:
/usr/include/c++/11/bits/stl_iterator.h:1700:5: note: candidate: ‘template<class _Iterator> constexpr std::move_iterator<_IteratorL> std::operator+(typename std::move_iterator<_IteratorL>::difference_type, const std::move_iterator<_IteratorL>&)’
 1700 |     operator+(typename move_iterator<_Iterator>::difference_type __n,
      |     ^~~~~~~~
/usr/include/c++/11/bits/stl_iterator.h:1700:5: note:   template argument deduction/substitution failed:
/home/robot33-6/student133_ws/src/test_publisher/src/test_publisher_node.cpp:46:43: note:   candidate expects 2 arguments, 1 provided
   46 |     msg.data =  + std::to_string(counter++);
      |                                           ^
In file included from /usr/include/c++/11/string:55,
                 from /usr/include/c++/11/stdexcept:39,
                 from /usr/include/c++/11/system_error:41,
                 from /usr/include/c++/11/mutex:42,
                 from /usr/include/c++/11/future:38,
                 from /opt/ros/humble/include/rclcpp/rclcpp/executors.hpp:18,
                 from /opt/ros/humble/include/rclcpp/rclcpp/rclcpp.hpp:155,
                 from /home/robot33-6/student133_ws/src/test_publisher/src/test_publisher_node.cpp:1:
/usr/include/c++/11/bits/basic_string.h:6095:5: note: candidate: ‘template<class _CharT, class _Traits, class _Alloc> std::__cxx11::basic_string<_CharT, _Traits, _Allocator> std::operator+(const std::__cxx11::basic_string<_CharT, _Traits, _Allocator>&, const std::__cxx11::basic_string<_CharT, _Traits, _Allocator>&)’
 6095 |     operator+(const basic_string<_CharT, _Traits, _Alloc>& __lhs,
      |     ^~~~~~~~
/usr/include/c++/11/bits/basic_string.h:6095:5: note:   template argument deduction/substitution failed:
/home/robot33-6/student133_ws/src/test_publisher/src/test_publisher_node.cpp:46:43: note:   candidate expects 2 arguments, 1 provided
   46 |     msg.data =  + std::to_string(counter++);
      |                                           ^
In file included from /usr/include/c++/11/string:56,
                 from /usr/include/c++/11/stdexcept:39,
                 from /usr/include/c++/11/system_error:41,
                 from /usr/include/c++/11/mutex:42,
                 from /usr/include/c++/11/future:38,
                 from /opt/ros/humble/include/rclcpp/rclcpp/executors.hpp:18,
                 from /opt/ros/humble/include/rclcpp/rclcpp/rclcpp.hpp:155,
                 from /home/robot33-6/student133_ws/src/test_publisher/src/test_publisher_node.cpp:1:
/usr/include/c++/11/bits/basic_string.tcc:1169:5: note: candidate: ‘template<class _CharT, class _Traits, class _Alloc> std::__cxx11::basic_string<_CharT, _Traits, _Allocator> std::operator+(const _CharT*, const std::__cxx11::basic_string<_CharT, _Traits, _Allocator>&)’
 1169 |     operator+(const _CharT* __lhs,
      |     ^~~~~~~~
/usr/include/c++/11/bits/basic_string.tcc:1169:5: note:   template argument deduction/substitution failed:
/home/robot33-6/student133_ws/src/test_publisher/src/test_publisher_node.cpp:46:43: note:   mismatched types ‘const _CharT*’ and ‘std::__cxx11::basic_string<char>’
   46 |     msg.data =  + std::to_string(counter++);
      |                                           ^
In file included from /usr/include/c++/11/string:56,
                 from /usr/include/c++/11/stdexcept:39,
                 from /usr/include/c++/11/system_error:41,
                 from /usr/include/c++/11/mutex:42,
                 from /usr/include/c++/11/future:38,
                 from /opt/ros/humble/include/rclcpp/rclcpp/executors.hpp:18,
                 from /opt/ros/humble/include/rclcpp/rclcpp/rclcpp.hpp:155,
                 from /home/robot33-6/student133_ws/src/test_publisher/src/test_publisher_node.cpp:1:
/usr/include/c++/11/bits/basic_string.tcc:1189:5: note: candidate: ‘template<class _CharT, class _Traits, class _Alloc> std::__cxx11::basic_string<_CharT, _Traits, _Allocator> std::operator+(_CharT, const std::__cxx11::basic_string<_CharT, _Traits, _Allocator>&)’
 1189 |     operator+(_CharT __lhs, const basic_string<_CharT, _Traits, _Alloc>& __rhs)
      |     ^~~~~~~~
/usr/include/c++/11/bits/basic_string.tcc:1189:5: note:   template argument deduction/substitution failed:
/home/robot33-6/student133_ws/src/test_publisher/src/test_publisher_node.cpp:46:43: note:   candidate expects 2 arguments, 1 provided
   46 |     msg.data =  + std::to_string(counter++);
      |                                           ^
In file included from /usr/include/c++/11/string:55,
                 from /usr/include/c++/11/stdexcept:39,
                 from /usr/include/c++/11/system_error:41,
                 from /usr/include/c++/11/mutex:42,
                 from /usr/include/c++/11/future:38,
                 from /opt/ros/humble/include/rclcpp/rclcpp/executors.hpp:18,
                 from /opt/ros/humble/include/rclcpp/rclcpp/rclcpp.hpp:155,
                 from /home/robot33-6/student133_ws/src/test_publisher/src/test_publisher_node.cpp:1:
/usr/include/c++/11/bits/basic_string.h:6132:5: note: candidate: ‘template<class _CharT, class _Traits, class _Alloc> std::__cxx11::basic_string<_CharT, _Traits, _Allocator> std::operator+(const std::__cxx11::basic_string<_CharT, _Traits, _Allocator>&, const _CharT*)’
 6132 |     operator+(const basic_string<_CharT, _Traits, _Alloc>& __lhs,
      |     ^~~~~~~~
/usr/include/c++/11/bits/basic_string.h:6132:5: note:   template argument deduction/substitution failed:
/home/robot33-6/student133_ws/src/test_publisher/src/test_publisher_node.cpp:46:43: note:   candidate expects 2 arguments, 1 provided
   46 |     msg.data =  + std::to_string(counter++);
      |                                           ^
In file included from /usr/include/c++/11/string:55,
                 from /usr/include/c++/11/stdexcept:39,
                 from /usr/include/c++/11/system_error:41,
                 from /usr/include/c++/11/mutex:42,
                 from /usr/include/c++/11/future:38,
                 from /opt/ros/humble/include/rclcpp/rclcpp/executors.hpp:18,
                 from /opt/ros/humble/include/rclcpp/rclcpp/rclcpp.hpp:155,
                 from /home/robot33-6/student133_ws/src/test_publisher/src/test_publisher_node.cpp:1:
/usr/include/c++/11/bits/basic_string.h:6148:5: note: candidate: ‘template<class _CharT, class _Traits, class _Alloc> std::__cxx11::basic_string<_CharT, _Traits, _Allocator> std::operator+(const std::__cxx11::basic_string<_CharT, _Traits, _Allocator>&, _CharT)’
 6148 |     operator+(const basic_string<_CharT, _Traits, _Alloc>& __lhs, _CharT __rhs)
      |     ^~~~~~~~
/usr/include/c++/11/bits/basic_string.h:6148:5: note:   template argument deduction/substitution failed:
/home/robot33-6/student133_ws/src/test_publisher/src/test_publisher_node.cpp:46:43: note:   candidate expects 2 arguments, 1 provided
   46 |     msg.data =  + std::to_string(counter++);
      |                                           ^
In file included from /usr/include/c++/11/string:55,
                 from /usr/include/c++/11/stdexcept:39,
                 from /usr/include/c++/11/system_error:41,
                 from /usr/include/c++/11/mutex:42,
                 from /usr/include/c++/11/future:38,
                 from /opt/ros/humble/include/rclcpp/rclcpp/executors.hpp:18,
                 from /opt/ros/humble/include/rclcpp/rclcpp/rclcpp.hpp:155,
                 from /home/robot33-6/student133_ws/src/test_publisher/src/test_publisher_node.cpp:1:
/usr/include/c++/11/bits/basic_string.h:6160:5: note: candidate: ‘template<class _CharT, class _Traits, class _Alloc> std::__cxx11::basic_string<_CharT, _Traits, _Allocator> std::operator+(std::__cxx11::basic_string<_CharT, _Traits, _Allocator>&&, const std::__cxx11::basic_string<_CharT, _Traits, _Allocator>&)’
 6160 |     operator+(basic_string<_CharT, _Traits, _Alloc>&& __lhs,
      |     ^~~~~~~~
/usr/include/c++/11/bits/basic_string.h:6160:5: note:   template argument deduction/substitution failed:
/home/robot33-6/student133_ws/src/test_publisher/src/test_publisher_node.cpp:46:43: note:   candidate expects 2 arguments, 1 provided
   46 |     msg.data =  + std::to_string(counter++);
      |                                           ^
In file included from /usr/include/c++/11/string:55,
                 from /usr/include/c++/11/stdexcept:39,
                 from /usr/include/c++/11/system_error:41,
                 from /usr/include/c++/11/mutex:42,
                 from /usr/include/c++/11/future:38,
                 from /opt/ros/humble/include/rclcpp/rclcpp/executors.hpp:18,
                 from /opt/ros/humble/include/rclcpp/rclcpp/rclcpp.hpp:155,
                 from /home/robot33-6/student133_ws/src/test_publisher/src/test_publisher_node.cpp:1:
/usr/include/c++/11/bits/basic_string.h:6166:5: note: candidate: ‘template<class _CharT, class _Traits, class _Alloc> std::__cxx11::basic_string<_CharT, _Traits, _Allocator> std::operator+(const std::__cxx11::basic_string<_CharT, _Traits, _Allocator>&, std::__cxx11::basic_string<_CharT, _Traits, _Allocator>&&)’
 6166 |     operator+(const basic_string<_CharT, _Traits, _Alloc>& __lhs,
      |     ^~~~~~~~
/usr/include/c++/11/bits/basic_string.h:6166:5: note:   template argument deduction/substitution failed:
/home/robot33-6/student133_ws/src/test_publisher/src/test_publisher_node.cpp:46:43: note:   candidate expects 2 arguments, 1 provided
   46 |     msg.data =  + std::to_string(counter++);
      |                                           ^
In file included from /usr/include/c++/11/string:55,
                 from /usr/include/c++/11/stdexcept:39,
                 from /usr/include/c++/11/system_error:41,
                 from /usr/include/c++/11/mutex:42,
                 from /usr/include/c++/11/future:38,
                 from /opt/ros/humble/include/rclcpp/rclcpp/executors.hpp:18,
                 from /opt/ros/humble/include/rclcpp/rclcpp/rclcpp.hpp:155,
                 from /home/robot33-6/student133_ws/src/test_publisher/src/test_publisher_node.cpp:1:
/usr/include/c++/11/bits/basic_string.h:6172:5: note: candidate: ‘template<class _CharT, class _Traits, class _Alloc> std::__cxx11::basic_string<_CharT, _Traits, _Allocator> std::operator+(std::__cxx11::basic_string<_CharT, _Traits, _Allocator>&&, std::__cxx11::basic_string<_CharT, _Traits, _Allocator>&&)’
 6172 |     operator+(basic_string<_CharT, _Traits, _Alloc>&& __lhs,
      |     ^~~~~~~~
/usr/include/c++/11/bits/basic_string.h:6172:5: note:   template argument deduction/substitution failed:
/home/robot33-6/student133_ws/src/test_publisher/src/test_publisher_node.cpp:46:43: note:   candidate expects 2 arguments, 1 provided
   46 |     msg.data =  + std::to_string(counter++);
      |                                           ^
In file included from /usr/include/c++/11/string:55,
                 from /usr/include/c++/11/stdexcept:39,
                 from /usr/include/c++/11/system_error:41,
                 from /usr/include/c++/11/mutex:42,
                 from /usr/include/c++/11/future:38,
                 from /opt/ros/humble/include/rclcpp/rclcpp/executors.hpp:18,
                 from /opt/ros/humble/include/rclcpp/rclcpp/rclcpp.hpp:155,
                 from /home/robot33-6/student133_ws/src/test_publisher/src/test_publisher_node.cpp:1:
/usr/include/c++/11/bits/basic_string.h:6194:5: note: candidate: ‘template<class _CharT, class _Traits, class _Alloc> std::__cxx11::basic_string<_CharT, _Traits, _Allocator> std::operator+(const _CharT*, std::__cxx11::basic_string<_CharT, _Traits, _Allocator>&&)’
 6194 |     operator+(const _CharT* __lhs,
      |     ^~~~~~~~
/usr/include/c++/11/bits/basic_string.h:6194:5: note:   template argument deduction/substitution failed:
/home/robot33-6/student133_ws/src/test_publisher/src/test_publisher_node.cpp:46:43: note:   mismatched types ‘const _CharT*’ and ‘std::__cxx11::basic_string<char>’
   46 |     msg.data =  + std::to_string(counter++);
      |                                           ^
In file included from /usr/include/c++/11/string:55,
                 from /usr/include/c++/11/stdexcept:39,
                 from /usr/include/c++/11/system_error:41,
                 from /usr/include/c++/11/mutex:42,
                 from /usr/include/c++/11/future:38,
                 from /opt/ros/humble/include/rclcpp/rclcpp/executors.hpp:18,
                 from /opt/ros/humble/include/rclcpp/rclcpp/rclcpp.hpp:155,
                 from /home/robot33-6/student133_ws/src/test_publisher/src/test_publisher_node.cpp:1:
/usr/include/c++/11/bits/basic_string.h:6200:5: note: candidate: ‘template<class _CharT, class _Traits, class _Alloc> std::__cxx11::basic_string<_CharT, _Traits, _Allocator> std::operator+(_CharT, std::__cxx11::basic_string<_CharT, _Traits, _Allocator>&&)’
 6200 |     operator+(_CharT __lhs,
      |     ^~~~~~~~
/usr/include/c++/11/bits/basic_string.h:6200:5: note:   template argument deduction/substitution failed:
/home/robot33-6/student133_ws/src/test_publisher/src/test_publisher_node.cpp:46:43: note:   candidate expects 2 arguments, 1 provided
   46 |     msg.data =  + std::to_string(counter++);
      |                                           ^
In file included from /usr/include/c++/11/string:55,
                 from /usr/include/c++/11/stdexcept:39,
                 from /usr/include/c++/11/system_error:41,
                 from /usr/include/c++/11/mutex:42,
                 from /usr/include/c++/11/future:38,
                 from /opt/ros/humble/include/rclcpp/rclcpp/executors.hpp:18,
                 from /opt/ros/humble/include/rclcpp/rclcpp/rclcpp.hpp:155,
                 from /home/robot33-6/student133_ws/src/test_publisher/src/test_publisher_node.cpp:1:
/usr/include/c++/11/bits/basic_string.h:6206:5: note: candidate: ‘template<class _CharT, class _Traits, class _Alloc> std::__cxx11::basic_string<_CharT, _Traits, _Allocator> std::operator+(std::__cxx11::basic_string<_CharT, _Traits, _Allocator>&&, const _CharT*)’
 6206 |     operator+(basic_string<_CharT, _Traits, _Alloc>&& __lhs,
      |     ^~~~~~~~
/usr/include/c++/11/bits/basic_string.h:6206:5: note:   template argument deduction/substitution failed:
/home/robot33-6/student133_ws/src/test_publisher/src/test_publisher_node.cpp:46:43: note:   candidate expects 2 arguments, 1 provided
   46 |     msg.data =  + std::to_string(counter++);
      |                                           ^
In file included from /usr/include/c++/11/string:55,
                 from /usr/include/c++/11/stdexcept:39,
                 from /usr/include/c++/11/system_error:41,
                 from /usr/include/c++/11/mutex:42,
                 from /usr/include/c++/11/future:38,
                 from /opt/ros/humble/include/rclcpp/rclcpp/executors.hpp:18,
                 from /opt/ros/humble/include/rclcpp/rclcpp/rclcpp.hpp:155,
                 from /home/robot33-6/student133_ws/src/test_publisher/src/test_publisher_node.cpp:1:
/usr/include/c++/11/bits/basic_string.h:6212:5: note: candidate: ‘template<class _CharT, class _Traits, class _Alloc> std::__cxx11::basic_string<_CharT, _Traits, _Allocator> std::operator+(std::__cxx11::basic_string<_CharT, _Traits, _Allocator>&&, _CharT)’
 6212 |     operator+(basic_string<_CharT, _Traits, _Alloc>&& __lhs,
      |     ^~~~~~~~
/usr/include/c++/11/bits/basic_string.h:6212:5: note:   template argument deduction/substitution failed:
/home/robot33-6/student133_ws/src/test_publisher/src/test_publisher_node.cpp:46:43: note:   candidate expects 2 arguments, 1 provided
   46 |     msg.data =  + std::to_string(counter++);
      |                                           ^
gmake[2]: *** [CMakeFiles/test_publisher_node.dir/build.make:76: CMakeFiles/test_publisher_node.dir/src/test_publisher_node.cpp.o] Error 1
gmake[1]: *** [CMakeFiles/Makefile2:137: CMakeFiles/test_publisher_node.dir/all] Error 2
gmake: *** [Makefile:146: all] Error 2
