[0.121s] Invoking command in '/home/robot33-6/student133_ws/build/test_publisher': CMAKE_PREFIX_PATH=${CMAKE_PREFIX_PATH}:/opt/ros/humble /usr/bin/cmake --build /home/robot33-6/student133_ws/build/test_publisher -- -j8 -l8
[0.184s] Consolidate compiler generated dependencies of target test_publisher_node
[0.243s] [ 50%] Building CXX object CMakeFiles/test_publisher_node.dir/src/test_publisher_node.cpp.o
[2.303s] /home/robot33-6/student133_ws/src/test_publisher/src/test_publisher_node.cpp:34:36: error: ‘Int32’ is not a member of ‘std_msgs::msg’
[2.303s]    34 |   rclcpp::Publisher<std_msgs::msg::Int32>::SharedPtr                          //?????
[2.303s]       |                                    ^~~~~
[2.303s] /home/robot33-6/student133_ws/src/test_publisher/src/test_publisher_node.cpp:34:41: error: template argument 1 is invalid
[2.303s]    34 |   rclcpp::Publisher<std_msgs::msg::Int32>::SharedPtr                          //?????
[2.303s]       |                                         ^
[2.303s] /home/robot33-6/student133_ws/src/test_publisher/src/test_publisher_node.cpp:34:44: error: expected ‘;’ at end of member declaration
[2.303s]    34 |   rclcpp::Publisher<std_msgs::msg::Int32>::SharedPtr                          //?????
[2.303s]       |                                            ^~~~~~~~~
[2.303s]       |                                                     ;
[2.318s] /home/robot33-6/student133_ws/src/test_publisher/src/test_publisher_node.cpp:35:17: error: ‘publisher’ does not name a type; did you mean ‘TestPublisher’?
[2.318s]    35 |                 publisher;
[2.318s]       |                 ^~~~~~~~~
[2.319s]       |                 TestPublisher
[2.321s] /home/robot33-6/student133_ws/src/test_publisher/src/test_publisher_node.cpp: In constructor ‘TestPublisher::TestPublisher()’:
[2.321s] /home/robot33-6/student133_ws/src/test_publisher/src/test_publisher_node.cpp:17:55: error: ‘Int32’ is not a member of ‘std_msgs::msg’
[2.321s]    17 |     publisher = this->create_publisher<std_msgs::msg::Int32>                  //?????
[2.321s]       |                                                       ^~~~~
[2.321s] /home/robot33-6/student133_ws/src/test_publisher/src/test_publisher_node.cpp:18:29: error: no matching function for call to ‘TestPublisher::create_publisher<<expression error> >(const char [7], int)’
[2.321s]    17 |     publisher = this->create_publisher<std_msgs::msg::Int32>                  //?????
[2.322s]       |                 ~~~~~~~~~~~~~~~~~~~~~~~~~~~~~~~~~~~~~~~~~~~~~~~~~~~~~~~~~~~~~~~~~~~~~
[2.322s]    18 |                             ("msg_tr",8);
[2.322s]       |                             ^~~~~~~~~~~~
[2.322s] In file included from /opt/ros/humble/include/rclcpp/rclcpp/node.hpp:1321,
[2.322s]                  from /opt/ros/humble/include/rclcpp/rclcpp/executors/single_threaded_executor.hpp:28,
[2.322s]                  from /opt/ros/humble/include/rclcpp/rclcpp/executors.hpp:22,
[2.322s]                  from /opt/ros/humble/include/rclcpp/rclcpp/rclcpp.hpp:155,
[2.322s]                  from /home/robot33-6/student133_ws/src/test_publisher/src/test_publisher_node.cpp:1:
[2.322s] /opt/ros/humble/include/rclcpp/rclcpp/node_impl.hpp:73:1: note: candidate: ‘template<class MessageT, class AllocatorT, class PublisherT> std::shared_ptr<PublisherT> rclcpp::Node::create_publisher(const string&, const rclcpp::QoS&, const rclcpp::PublisherOptionsWithAllocator<AllocatorT>&)’
[2.322s]    73 | Node::create_publisher(
[2.322s]       | ^~~~
[2.322s] /opt/ros/humble/include/rclcpp/rclcpp/node_impl.hpp:73:1: note:   template argument deduction/substitution failed:
[2.322s] /home/robot33-6/student133_ws/src/test_publisher/src/test_publisher_node.cpp:18:29: error: template argument 1 is invalid
[2.322s]    17 |     publisher = this->create_publisher<std_msgs::msg::Int32>                  //?????
[2.322s]       |                 ~~~~~~~~~~~~~~~~~~~~~~~~~~~~~~~~~~~~~~~~~~~~~~~~~~~~~~~~~~~~~~~~~~~~~
[2.322s]    18 |                             ("msg_tr",8);
[2.322s]       |                             ^~~~~~~~~~~~
[2.330s] /home/robot33-6/student133_ws/src/test_publisher/src/test_publisher_node.cpp: In member function ‘void TestPublisher::timer_callback()’:
[2.330s] /home/robot33-6/student133_ws/src/test_publisher/src/test_publisher_node.cpp:45:20: error: ‘Int32’ is not a member of ‘std_msgs::msg’
[2.330s]    45 |     std_msgs::msg::Int32 msg;
[2.330s]       |                    ^~~~~
[2.330s] /home/robot33-6/student133_ws/src/test_publisher/src/test_publisher_node.cpp:46:17: error: no match for ‘operator+’ (operand type is ‘std::string’ {aka ‘std::__cxx11::basic_string<char>’})
[2.330s]    46 |     msg.data =  + std::to_string(counter++);
[2.330s]       |                 ^~~~~~~~~~~~~~~~~~~~~~~~~~~
[2.331s] In file included from /usr/include/c++/11/bits/stl_algobase.h:67,
[2.331s]                  from /usr/include/c++/11/memory:63,
[2.331s]                  from /opt/ros/humble/include/rclcpp/rclcpp/rclcpp.hpp:153,
[2.331s]                  from /home/robot33-6/student133_ws/src/test_publisher/src/test_publisher_node.cpp:1:
[2.331s] /usr/include/c++/11/bits/stl_iterator.h:1276:5: note: candidate: ‘template<class _Iterator, class _Container> __gnu_cxx::__normal_iterator<_Iterator, _Container> __gnu_cxx::operator+(typename __gnu_cxx::__normal_iterator<_Iterator, _Container>::difference_type, const __gnu_cxx::__normal_iterator<_Iterator, _Container>&)’
[2.331s]  1276 |     operator+(typename __normal_iterator<_Iterator, _Container>::difference_type
[2.331s]       |     ^~~~~~~~
[2.331s] /usr/include/c++/11/bits/stl_iterator.h:1276:5: note:   template argument deduction/substitution failed:
[2.338s] /home/robot33-6/student133_ws/src/test_publisher/src/test_publisher_node.cpp:46:43: note:   candidate expects 2 arguments, 1 provided
[2.338s]    46 |     msg.data =  + std::to_string(counter++);
[2.338s]       |                                           ^
[2.339s] In file included from /usr/include/c++/11/bits/stl_algobase.h:67,
[2.339s]                  from /usr/include/c++/11/memory:63,
[2.339s]                  from /opt/ros/humble/include/rclcpp/rclcpp/rclcpp.hpp:153,
[2.339s]                  from /home/robot33-6/student133_ws/src/test_publisher/src/test_publisher_node.cpp:1:
[2.339s] /usr/include/c++/11/bits/stl_iterator.h:585:5: note: candidate: ‘template<class _Iterator> constexpr std::reverse_iterator<_Iterator> std::operator+(typename std::reverse_iterator<_Iterator>::difference_type, const std::reverse_iterator<_Iterator>&)’
[2.339s]   585 |     operator+(typename reverse_iterator<_Iterator>::difference_type __n,
[2.339s]       |     ^~~~~~~~
[2.339s] /usr/include/c++/11/bits/stl_iterator.h:585:5: note:   template argument deduction/substitution failed:
[2.339s] /home/robot33-6/student133_ws/src/test_publisher/src/test_publisher_node.cpp:46:43: note:   candidate expects 2 arguments, 1 provided
[2.339s]    46 |     msg.data =  + std::to_string(counter++);
[2.339s]       |                                           ^
[2.340s] In file included from /usr/include/c++/11/bits/stl_algobase.h:67,
[2.340s]                  from /usr/include/c++/11/memory:63,
[2.340s]                  from /opt/ros/humble/include/rclcpp/rclcpp/rclcpp.hpp:153,
[2.340s]                  from /home/robot33-6/student133_ws/src/test_publisher/src/test_publisher_node.cpp:1:
[2.340s] /usr/include/c++/11/bits/stl_iterator.h:1700:5: note: candidate: ‘template<class _Iterator> constexpr std::move_iterator<_IteratorL> std::operator+(typename std::move_iterator<_IteratorL>::difference_type, const std::move_iterator<_IteratorL>&)’
[2.340s]  1700 |     operator+(typename move_iterator<_Iterator>::difference_type __n,
[2.340s]       |     ^~~~~~~~
[2.340s] /usr/include/c++/11/bits/stl_iterator.h:1700:5: note:   template argument deduction/substitution failed:
[2.340s] /home/robot33-6/student133_ws/src/test_publisher/src/test_publisher_node.cpp:46:43: note:   candidate expects 2 arguments, 1 provided
[2.340s]    46 |     msg.data =  + std::to_string(counter++);
[2.340s]       |                                           ^
[2.340s] In file included from /usr/include/c++/11/string:55,
[2.340s]                  from /usr/include/c++/11/stdexcept:39,
[2.340s]                  from /usr/include/c++/11/system_error:41,
[2.340s]                  from /usr/include/c++/11/mutex:42,
[2.340s]                  from /usr/include/c++/11/future:38,
[2.340s]                  from /opt/ros/humble/include/rclcpp/rclcpp/executors.hpp:18,
[2.340s]                  from /opt/ros/humble/include/rclcpp/rclcpp/rclcpp.hpp:155,
[2.340s]                  from /home/robot33-6/student133_ws/src/test_publisher/src/test_publisher_node.cpp:1:
[2.340s] /usr/include/c++/11/bits/basic_string.h:6095:5: note: candidate: ‘template<class _CharT, class _Traits, class _Alloc> std::__cxx11::basic_string<_CharT, _Traits, _Allocator> std::operator+(const std::__cxx11::basic_string<_CharT, _Traits, _Allocator>&, const std::__cxx11::basic_string<_CharT, _Traits, _Allocator>&)’
[2.341s]  6095 |     operator+(const basic_string<_CharT, _Traits, _Alloc>& __lhs,
[2.341s]       |     ^~~~~~~~
[2.341s] /usr/include/c++/11/bits/basic_string.h:6095:5: note:   template argument deduction/substitution failed:
[2.341s] /home/robot33-6/student133_ws/src/test_publisher/src/test_publisher_node.cpp:46:43: note:   candidate expects 2 arguments, 1 provided
[2.341s]    46 |     msg.data =  + std::to_string(counter++);
[2.341s]       |                                           ^
[2.341s] In file included from /usr/include/c++/11/string:56,
[2.341s]                  from /usr/include/c++/11/stdexcept:39,
[2.341s]                  from /usr/include/c++/11/system_error:41,
[2.341s]                  from /usr/include/c++/11/mutex:42,
[2.341s]                  from /usr/include/c++/11/future:38,
[2.341s]                  from /opt/ros/humble/include/rclcpp/rclcpp/executors.hpp:18,
[2.341s]                  from /opt/ros/humble/include/rclcpp/rclcpp/rclcpp.hpp:155,
[2.341s]                  from /home/robot33-6/student133_ws/src/test_publisher/src/test_publisher_node.cpp:1:
[2.341s] /usr/include/c++/11/bits/basic_string.tcc:1169:5: note: candidate: ‘template<class _CharT, class _Traits, class _Alloc> std::__cxx11::basic_string<_CharT, _Traits, _Allocator> std::operator+(const _CharT*, const std::__cxx11::basic_string<_CharT, _Traits, _Allocator>&)’
[2.341s]  1169 |     operator+(const _CharT* __lhs,
[2.341s]       |     ^~~~~~~~
[2.341s] /usr/include/c++/11/bits/basic_string.tcc:1169:5: note:   template argument deduction/substitution failed:
[2.341s] /home/robot33-6/student133_ws/src/test_publisher/src/test_publisher_node.cpp:46:43: note:   mismatched types ‘const _CharT*’ and ‘std::__cxx11::basic_string<char>’
[2.341s]    46 |     msg.data =  + std::to_string(counter++);
[2.342s]       |                                           ^
[2.342s] In file included from /usr/include/c++/11/string:56,
[2.342s]                  from /usr/include/c++/11/stdexcept:39,
[2.342s]                  from /usr/include/c++/11/system_error:41,
[2.342s]                  from /usr/include/c++/11/mutex:42,
[2.342s]                  from /usr/include/c++/11/future:38,
[2.342s]                  from /opt/ros/humble/include/rclcpp/rclcpp/executors.hpp:18,
[2.342s]                  from /opt/ros/humble/include/rclcpp/rclcpp/rclcpp.hpp:155,
[2.342s]                  from /home/robot33-6/student133_ws/src/test_publisher/src/test_publisher_node.cpp:1:
[2.342s] /usr/include/c++/11/bits/basic_string.tcc:1189:5: note: candidate: ‘template<class _CharT, class _Traits, class _Alloc> std::__cxx11::basic_string<_CharT, _Traits, _Allocator> std::operator+(_CharT, const std::__cxx11::basic_string<_CharT, _Traits, _Allocator>&)’
[2.342s]  1189 |     operator+(_CharT __lhs, const basic_string<_CharT, _Traits, _Alloc>& __rhs)
[2.342s]       |     ^~~~~~~~
[2.342s] /usr/include/c++/11/bits/basic_string.tcc:1189:5: note:   template argument deduction/substitution failed:
[2.342s] /home/robot33-6/student133_ws/src/test_publisher/src/test_publisher_node.cpp:46:43: note:   candidate expects 2 arguments, 1 provided
[2.342s]    46 |     msg.data =  + std::to_string(counter++);
[2.342s]       |                                           ^
[2.342s] In file included from /usr/include/c++/11/string:55,
[2.342s]                  from /usr/include/c++/11/stdexcept:39,
[2.342s]                  from /usr/include/c++/11/system_error:41,
[2.342s]                  from /usr/include/c++/11/mutex:42,
[2.342s]                  from /usr/include/c++/11/future:38,
[2.342s]                  from /opt/ros/humble/include/rclcpp/rclcpp/executors.hpp:18,
[2.343s]                  from /opt/ros/humble/include/rclcpp/rclcpp/rclcpp.hpp:155,
[2.343s]                  from /home/robot33-6/student133_ws/src/test_publisher/src/test_publisher_node.cpp:1:
[2.343s] /usr/include/c++/11/bits/basic_string.h:6132:5: note: candidate: ‘template<class _CharT, class _Traits, class _Alloc> std::__cxx11::basic_string<_CharT, _Traits, _Allocator> std::operator+(const std::__cxx11::basic_string<_CharT, _Traits, _Allocator>&, const _CharT*)’
[2.343s]  6132 |     operator+(const basic_string<_CharT, _Traits, _Alloc>& __lhs,
[2.343s]       |     ^~~~~~~~
[2.343s] /usr/include/c++/11/bits/basic_string.h:6132:5: note:   template argument deduction/substitution failed:
[2.343s] /home/robot33-6/student133_ws/src/test_publisher/src/test_publisher_node.cpp:46:43: note:   candidate expects 2 arguments, 1 provided
[2.343s]    46 |     msg.data =  + std::to_string(counter++);
[2.343s]       |                                           ^
[2.343s] In file included from /usr/include/c++/11/string:55,
[2.343s]                  from /usr/include/c++/11/stdexcept:39,
[2.343s]                  from /usr/include/c++/11/system_error:41,
[2.343s]                  from /usr/include/c++/11/mutex:42,
[2.343s]                  from /usr/include/c++/11/future:38,
[2.343s]                  from /opt/ros/humble/include/rclcpp/rclcpp/executors.hpp:18,
[2.343s]                  from /opt/ros/humble/include/rclcpp/rclcpp/rclcpp.hpp:155,
[2.343s]                  from /home/robot33-6/student133_ws/src/test_publisher/src/test_publisher_node.cpp:1:
[2.343s] /usr/include/c++/11/bits/basic_string.h:6148:5: note: candidate: ‘template<class _CharT, class _Traits, class _Alloc> std::__cxx11::basic_string<_CharT, _Traits, _Allocator> std::operator+(const std::__cxx11::basic_string<_CharT, _Traits, _Allocator>&, _CharT)’
[2.343s]  6148 |     operator+(const basic_string<_CharT, _Traits, _Alloc>& __lhs, _CharT __rhs)
[2.343s]       |     ^~~~~~~~
[2.343s] /usr/include/c++/11/bits/basic_string.h:6148:5: note:   template argument deduction/substitution failed:
[2.344s] /home/robot33-6/student133_ws/src/test_publisher/src/test_publisher_node.cpp:46:43: note:   candidate expects 2 arguments, 1 provided
[2.344s]    46 |     msg.data =  + std::to_string(counter++);
[2.344s]       |                                           ^
[2.344s] In file included from /usr/include/c++/11/string:55,
[2.344s]                  from /usr/include/c++/11/stdexcept:39,
[2.344s]                  from /usr/include/c++/11/system_error:41,
[2.344s]                  from /usr/include/c++/11/mutex:42,
[2.344s]                  from /usr/include/c++/11/future:38,
[2.344s]                  from /opt/ros/humble/include/rclcpp/rclcpp/executors.hpp:18,
[2.344s]                  from /opt/ros/humble/include/rclcpp/rclcpp/rclcpp.hpp:155,
[2.344s]                  from /home/robot33-6/student133_ws/src/test_publisher/src/test_publisher_node.cpp:1:
[2.344s] /usr/include/c++/11/bits/basic_string.h:6160:5: note: candidate: ‘template<class _CharT, class _Traits, class _Alloc> std::__cxx11::basic_string<_CharT, _Traits, _Allocator> std::operator+(std::__cxx11::basic_string<_CharT, _Traits, _Allocator>&&, const std::__cxx11::basic_string<_CharT, _Traits, _Allocator>&)’
[2.344s]  6160 |     operator+(basic_string<_CharT, _Traits, _Alloc>&& __lhs,
[2.344s]       |     ^~~~~~~~
[2.344s] /usr/include/c++/11/bits/basic_string.h:6160:5: note:   template argument deduction/substitution failed:
[2.344s] /home/robot33-6/student133_ws/src/test_publisher/src/test_publisher_node.cpp:46:43: note:   candidate expects 2 arguments, 1 provided
[2.344s]    46 |     msg.data =  + std::to_string(counter++);
[2.344s]       |                                           ^
[2.344s] In file included from /usr/include/c++/11/string:55,
[2.344s]                  from /usr/include/c++/11/stdexcept:39,
[2.344s]                  from /usr/include/c++/11/system_error:41,
[2.344s]                  from /usr/include/c++/11/mutex:42,
[2.345s]                  from /usr/include/c++/11/future:38,
[2.345s]                  from /opt/ros/humble/include/rclcpp/rclcpp/executors.hpp:18,
[2.345s]                  from /opt/ros/humble/include/rclcpp/rclcpp/rclcpp.hpp:155,
[2.345s]                  from /home/robot33-6/student133_ws/src/test_publisher/src/test_publisher_node.cpp:1:
[2.345s] /usr/include/c++/11/bits/basic_string.h:6166:5: note: candidate: ‘template<class _CharT, class _Traits, class _Alloc> std::__cxx11::basic_string<_CharT, _Traits, _Allocator> std::operator+(const std::__cxx11::basic_string<_CharT, _Traits, _Allocator>&, std::__cxx11::basic_string<_CharT, _Traits, _Allocator>&&)’
[2.345s]  6166 |     operator+(const basic_string<_CharT, _Traits, _Alloc>& __lhs,
[2.345s]       |     ^~~~~~~~
[2.345s] /usr/include/c++/11/bits/basic_string.h:6166:5: note:   template argument deduction/substitution failed:
[2.345s] /home/robot33-6/student133_ws/src/test_publisher/src/test_publisher_node.cpp:46:43: note:   candidate expects 2 arguments, 1 provided
[2.345s]    46 |     msg.data =  + std::to_string(counter++);
[2.345s]       |                                           ^
[2.345s] In file included from /usr/include/c++/11/string:55,
[2.345s]                  from /usr/include/c++/11/stdexcept:39,
[2.345s]                  from /usr/include/c++/11/system_error:41,
[2.345s]                  from /usr/include/c++/11/mutex:42,
[2.345s]                  from /usr/include/c++/11/future:38,
[2.345s]                  from /opt/ros/humble/include/rclcpp/rclcpp/executors.hpp:18,
[2.345s]                  from /opt/ros/humble/include/rclcpp/rclcpp/rclcpp.hpp:155,
[2.345s]                  from /home/robot33-6/student133_ws/src/test_publisher/src/test_publisher_node.cpp:1:
[2.345s] /usr/include/c++/11/bits/basic_string.h:6172:5: note: candidate: ‘template<class _CharT, class _Traits, class _Alloc> std::__cxx11::basic_string<_CharT, _Traits, _Allocator> std::operator+(std::__cxx11::basic_string<_CharT, _Traits, _Allocator>&&, std::__cxx11::basic_string<_CharT, _Traits, _Allocator>&&)’
[2.345s]  6172 |     operator+(basic_string<_CharT, _Traits, _Alloc>&& __lhs,
[2.345s]       |     ^~~~~~~~
[2.346s] /usr/include/c++/11/bits/basic_string.h:6172:5: note:   template argument deduction/substitution failed:
[2.346s] /home/robot33-6/student133_ws/src/test_publisher/src/test_publisher_node.cpp:46:43: note:   candidate expects 2 arguments, 1 provided
[2.346s]    46 |     msg.data =  + std::to_string(counter++);
[2.346s]       |                                           ^
[2.346s] In file included from /usr/include/c++/11/string:55,
[2.346s]                  from /usr/include/c++/11/stdexcept:39,
[2.346s]                  from /usr/include/c++/11/system_error:41,
[2.346s]                  from /usr/include/c++/11/mutex:42,
[2.346s]                  from /usr/include/c++/11/future:38,
[2.346s]                  from /opt/ros/humble/include/rclcpp/rclcpp/executors.hpp:18,
[2.346s]                  from /opt/ros/humble/include/rclcpp/rclcpp/rclcpp.hpp:155,
[2.346s]                  from /home/robot33-6/student133_ws/src/test_publisher/src/test_publisher_node.cpp:1:
[2.346s] /usr/include/c++/11/bits/basic_string.h:6194:5: note: candidate: ‘template<class _CharT, class _Traits, class _Alloc> std::__cxx11::basic_string<_CharT, _Traits, _Allocator> std::operator+(const _CharT*, std::__cxx11::basic_string<_CharT, _Traits, _Allocator>&&)’
[2.346s]  6194 |     operator+(const _CharT* __lhs,
[2.346s]       |     ^~~~~~~~
[2.346s] /usr/include/c++/11/bits/basic_string.h:6194:5: note:   template argument deduction/substitution failed:
[2.346s] /home/robot33-6/student133_ws/src/test_publisher/src/test_publisher_node.cpp:46:43: note:   mismatched types ‘const _CharT*’ and ‘std::__cxx11::basic_string<char>’
[2.346s]    46 |     msg.data =  + std::to_string(counter++);
[2.346s]       |                                           ^
[2.346s] In file included from /usr/include/c++/11/string:55,
[2.346s]                  from /usr/include/c++/11/stdexcept:39,
[2.346s]                  from /usr/include/c++/11/system_error:41,
[2.346s]                  from /usr/include/c++/11/mutex:42,
[2.347s]                  from /usr/include/c++/11/future:38,
[2.347s]                  from /opt/ros/humble/include/rclcpp/rclcpp/executors.hpp:18,
[2.347s]                  from /opt/ros/humble/include/rclcpp/rclcpp/rclcpp.hpp:155,
[2.347s]                  from /home/robot33-6/student133_ws/src/test_publisher/src/test_publisher_node.cpp:1:
[2.347s] /usr/include/c++/11/bits/basic_string.h:6200:5: note: candidate: ‘template<class _CharT, class _Traits, class _Alloc> std::__cxx11::basic_string<_CharT, _Traits, _Allocator> std::operator+(_CharT, std::__cxx11::basic_string<_CharT, _Traits, _Allocator>&&)’
[2.347s]  6200 |     operator+(_CharT __lhs,
[2.347s]       |     ^~~~~~~~
[2.347s] /usr/include/c++/11/bits/basic_string.h:6200:5: note:   template argument deduction/substitution failed:
[2.347s] /home/robot33-6/student133_ws/src/test_publisher/src/test_publisher_node.cpp:46:43: note:   candidate expects 2 arguments, 1 provided
[2.347s]    46 |     msg.data =  + std::to_string(counter++);
[2.347s]       |                                           ^
[2.347s] In file included from /usr/include/c++/11/string:55,
[2.347s]                  from /usr/include/c++/11/stdexcept:39,
[2.347s]                  from /usr/include/c++/11/system_error:41,
[2.347s]                  from /usr/include/c++/11/mutex:42,
[2.347s]                  from /usr/include/c++/11/future:38,
[2.347s]                  from /opt/ros/humble/include/rclcpp/rclcpp/executors.hpp:18,
[2.347s]                  from /opt/ros/humble/include/rclcpp/rclcpp/rclcpp.hpp:155,
[2.347s]                  from /home/robot33-6/student133_ws/src/test_publisher/src/test_publisher_node.cpp:1:
[2.347s] /usr/include/c++/11/bits/basic_string.h:6206:5: note: candidate: ‘template<class _CharT, class _Traits, class _Alloc> std::__cxx11::basic_string<_CharT, _Traits, _Allocator> std::operator+(std::__cxx11::basic_string<_CharT, _Traits, _Allocator>&&, const _CharT*)’
[2.347s]  6206 |     operator+(basic_string<_CharT, _Traits, _Alloc>&& __lhs,
[2.347s]       |     ^~~~~~~~
[2.347s] /usr/include/c++/11/bits/basic_string.h:6206:5: note:   template argument deduction/substitution failed:
[2.348s] /home/robot33-6/student133_ws/src/test_publisher/src/test_publisher_node.cpp:46:43: note:   candidate expects 2 arguments, 1 provided
[2.348s]    46 |     msg.data =  + std::to_string(counter++);
[2.348s]       |                                           ^
[2.348s] In file included from /usr/include/c++/11/string:55,
[2.348s]                  from /usr/include/c++/11/stdexcept:39,
[2.348s]                  from /usr/include/c++/11/system_error:41,
[2.348s]                  from /usr/include/c++/11/mutex:42,
[2.348s]                  from /usr/include/c++/11/future:38,
[2.348s]                  from /opt/ros/humble/include/rclcpp/rclcpp/executors.hpp:18,
[2.348s]                  from /opt/ros/humble/include/rclcpp/rclcpp/rclcpp.hpp:155,
[2.348s]                  from /home/robot33-6/student133_ws/src/test_publisher/src/test_publisher_node.cpp:1:
[2.348s] /usr/include/c++/11/bits/basic_string.h:6212:5: note: candidate: ‘template<class _CharT, class _Traits, class _Alloc> std::__cxx11::basic_string<_CharT, _Traits, _Allocator> std::operator+(std::__cxx11::basic_string<_CharT, _Traits, _Allocator>&&, _CharT)’
[2.348s]  6212 |     operator+(basic_string<_CharT, _Traits, _Alloc>&& __lhs,
[2.348s]       |     ^~~~~~~~
[2.348s] /usr/include/c++/11/bits/basic_string.h:6212:5: note:   template argument deduction/substitution failed:
[2.348s] /home/robot33-6/student133_ws/src/test_publisher/src/test_publisher_node.cpp:46:43: note:   candidate expects 2 arguments, 1 provided
[2.348s]    46 |     msg.data =  + std::to_string(counter++);
[2.348s]       |                                           ^
[3.180s] gmake[2]: *** [CMakeFiles/test_publisher_node.dir/build.make:76: CMakeFiles/test_publisher_node.dir/src/test_publisher_node.cpp.o] Error 1
[3.180s] gmake[1]: *** [CMakeFiles/Makefile2:137: CMakeFiles/test_publisher_node.dir/all] Error 2
[3.180s] gmake: *** [Makefile:146: all] Error 2
[3.182s] Invoked command in '/home/robot33-6/student133_ws/build/test_publisher' returned '2': CMAKE_PREFIX_PATH=${CMAKE_PREFIX_PATH}:/opt/ros/humble /usr/bin/cmake --build /home/robot33-6/student133_ws/build/test_publisher -- -j8 -l8
