[0.000000] (-) TimerEvent: {}
[0.000506] (test_client) JobQueued: {'identifier': 'test_client', 'dependencies': OrderedDict()}
[0.000545] (test_custom_msg) JobQueued: {'identifier': 'test_custom_msg', 'dependencies': OrderedDict()}
[0.000561] (test_custom_publisher) JobQueued: {'identifier': 'test_custom_publisher', 'dependencies': OrderedDict()}
[0.000575] (test_custom_srv) JobQueued: {'identifier': 'test_custom_srv', 'dependencies': OrderedDict()}
[0.000589] (test_parameters) JobQueued: {'identifier': 'test_parameters', 'dependencies': OrderedDict()}
[0.000602] (test_pkg) JobQueued: {'identifier': 'test_pkg', 'dependencies': OrderedDict()}
[0.000615] (test_publisher) JobQueued: {'identifier': 'test_publisher', 'dependencies': OrderedDict()}
[0.000628] (test_service) JobQueued: {'identifier': 'test_service', 'dependencies': OrderedDict()}
[0.000640] (test_subscriber) JobQueued: {'identifier': 'test_subscriber', 'dependencies': OrderedDict()}
[0.000653] (test_visualization) JobQueued: {'identifier': 'test_visualization', 'dependencies': OrderedDict()}
[0.000666] (test_client) JobStarted: {'identifier': 'test_client'}
[0.051583] (test_custom_msg) JobStarted: {'identifier': 'test_custom_msg'}
[0.099951] (-) TimerEvent: {}
[0.101970] (test_custom_publisher) JobStarted: {'identifier': 'test_custom_publisher'}
[0.160737] (test_custom_srv) JobStarted: {'identifier': 'test_custom_srv'}
[0.200050] (-) TimerEvent: {}
[0.211225] (test_parameters) JobStarted: {'identifier': 'test_parameters'}
[0.261325] (test_pkg) JobStarted: {'identifier': 'test_pkg'}
[0.300165] (-) TimerEvent: {}
[0.312481] (test_publisher) JobStarted: {'identifier': 'test_publisher'}
[0.362904] (test_service) JobStarted: {'identifier': 'test_service'}
[0.400266] (-) TimerEvent: {}
[0.414820] (test_client) JobProgress: {'identifier': 'test_client', 'progress': 'cmake'}
[0.416061] (test_client) JobProgress: {'identifier': 'test_client', 'progress': 'build'}
[0.416422] (test_client) Command: {'cmd': ['/usr/bin/cmake', '--build', '/home/robot33-6/student133_ws/build/test_client', '--', '-j8', '-l8'], 'cwd': '/home/robot33-6/student133_ws/build/test_client', 'env': OrderedDict([('GJS_DEBUG_TOPICS', 'JS ERROR;JS LOG'), ('LC_TIME', 'ru_RU.UTF-8'), ('SNAP_COMMON', '/var/snap/qtcreator-ros/common'), ('SNAP_INSTANCE_KEY', ''), ('USER', 'robot33-6'), ('XDG_SESSION_TYPE', 'wayland'), ('LD_LIBRARY_PATH', '/home/robot33-6/student133_ws/install/test_custom_srv/lib:/home/robot33-6/student133_ws/install/test_custom_msg/lib:/opt/ros/humble/opt/rviz_ogre_vendor/lib:/opt/ros/humble/lib/x86_64-linux-gnu:/opt/ros/humble/lib:/snap/qtcreator-ros/107/lib:/snap/qtcreator-ros/107/usr/lib/x86_64-linux-gnu'), ('SHLVL', '325'), ('SNAP_UID', '1000'), ('HOME', '/home/robot33-6'), ('SNAP_LIBRARY_PATH', '/var/lib/snapd/lib/gl:/var/lib/snapd/lib/gl32:/var/lib/snapd/void'), ('DESKTOP_SESSION', 'ubuntu'), ('QTDIR', '/usr/lib/x86_64-linux-gnu/qt5'), ('SNAP_USER_DATA', '/home/robot33-6/snap/qtcreator-ros/107'), ('GIO_LAUNCHED_DESKTOP_FILE', '/var/lib/snapd/desktop/applications/qtcreator-ros_qtcreator-ros.desktop'), ('GNOME_SHELL_SESSION_MODE', 'ubuntu'), ('GTK_MODULES', 'gail:atk-bridge'), ('ROS_PYTHON_VERSION', '3'), ('LC_MONETARY', 'ru_RU.UTF-8'), ('MANAGERPID', '1373'), ('DBUS_SESSION_BUS_ADDRESS', 'unix:path=/run/user/1000/bus'), ('SYSTEMD_EXEC_PID', '1587'), ('GIO_LAUNCHED_DESKTOP_FILE_PID', '3050'), ('SNAP_REVISION', '107'), ('COLCON_PREFIX_PATH', '/home/robot33-6/student133_ws/install'), ('IM_CONFIG_PHASE', '1'), ('ROS_DISTRO', 'humble'), ('WAYLAND_DISPLAY', 'wayland-0'), ('LOGNAME', 'robot33-6'), ('JOURNAL_STREAM', '8:26382'), ('SNAP_CONTEXT', 'zfxwyVEa0dSM0vT388UHnSyWy-Mv84K8RE-CWR0OLT2wc9JrOksa'), ('_', '/usr/bin/env'), ('ROS_VERSION', '2'), ('SNAP_VERSION', '12.0.2'), ('XDG_SESSION_CLASS', 'user'), ('TERM', 'xterm'), ('USERNAME', 'robot33-6'), ('GNOME_DESKTOP_SESSION_ID', 'this-is-deprecated'), ('ROS_LOCALHOST_ONLY', '0'), ('SNAP_INSTANCE_NAME', 'qtcreator-ros'), ('PATH', '/opt/ros/humble/bin:/usr/local/sbin:/usr/local/bin:/usr/sbin:/usr/bin:/sbin:/bin:/usr/games:/usr/local/games:/snap/bin:/snap/bin'), ('INVOCATION_ID', '8be6e9d5a46c4dde9fbe4351f65a98da'), ('SESSION_MANAGER', 'local/robot33-6:@/tmp/.ICE-unix/1547,unix/robot33-6:/tmp/.ICE-unix/1547'), ('BAMF_DESKTOP_FILE_HINT', '/var/lib/snapd/desktop/applications/qtcreator-ros_qtcreator-ros.desktop'), ('GNOME_SETUP_DISPLAY', ':1'), ('LC_ADDRESS', 'ru_RU.UTF-8'), ('SNAP_DATA', '/var/snap/qtcreator-ros/107'), ('XDG_MENU_PREFIX', 'gnome-'), ('XDG_RUNTIME_DIR', '/run/user/1000'), ('DISPLAY', ':0'), ('LANG', 'en_US.UTF-8'), ('LC_TELEPHONE', 'ru_RU.UTF-8'), ('XDG_CURRENT_DESKTOP', 'ubuntu:GNOME'), ('XAUTHORITY', '/run/user/1000/.mutter-Xwaylandauth.NV73K2'), ('XDG_SESSION_DESKTOP', 'ubuntu'), ('XMODIFIERS', '@im=ibus'), ('AMENT_PREFIX_PATH', '/home/robot33-6/student133_ws/install/test_visualization:/home/robot33-6/student133_ws/install/test_parameters:/home/robot33-6/student133_ws/install/test_client:/home/robot33-6/student133_ws/install/test_service:/home/robot33-6/student133_ws/install/test_custom_srv:/home/robot33-6/student133_ws/install/test_custom_publisher:/home/robot33-6/student133_ws/install/test_castom_publisher:/home/robot33-6/student133_ws/install/test_custom_msg:/home/robot33-6/student133_ws/install/test_subscriber:/home/robot33-6/student133_ws/install/test_publisher:/home/robot33-6/student133_ws/install/test_pkg:/opt/ros/humble'), ('SNAP_ARCH', 'amd64'), ('SNAP_COOKIE', 'zfxwyVEa0dSM0vT388UHnSyWy-Mv84K8RE-CWR0OLT2wc9JrOksa'), ('SNAP_USER_COMMON', '/home/robot33-6/snap/qtcreator-ros/common'), ('SSH_AGENT_LAUNCHER', 'gnome-keyring'), ('SSH_AUTH_SOCK', '/run/user/1000/keyring/ssh'), ('LC_NAME', 'ru_RU.UTF-8'), ('SHELL', '/bin/bash'), ('GDMSESSION', 'ubuntu'), ('QT_ACCESSIBILITY', '1'), ('SNAP_REEXEC', ''), ('SNAP_NAME', 'qtcreator-ros'), ('LC_MEASUREMENT', 'ru_RU.UTF-8'), ('GJS_DEBUG_OUTPUT', 'stderr'), ('LC_IDENTIFICATION', 'ru_RU.UTF-8'), ('QT_IM_MODULE', 'ibus'), ('PWD', '/home/robot33-6/student133_ws/build/test_client'), ('QT_QPA_PLATFORM', 'wayland;xcb'), ('SNAP_REAL_HOME', '/home/robot33-6'), ('XDG_CONFIG_DIRS', '/etc/xdg/xdg-ubuntu:/etc/xdg'), ('XDG_DATA_DIRS', '/usr/share/ubuntu:/usr/local/share/:/usr/share/:/var/lib/snapd/desktop'), ('LC_NUMERIC', 'ru_RU.UTF-8'), ('PYTHONPATH', '/home/robot33-6/student133_ws/install/test_custom_srv/local/lib/python3.10/dist-packages:/home/robot33-6/student133_ws/install/test_custom_msg/local/lib/python3.10/dist-packages:/opt/ros/humble/lib/python3.10/site-packages:/opt/ros/humble/local/lib/python3.10/dist-packages'), ('SNAP', '/snap/qtcreator-ros/107'), ('SNAP_EUID', '1000'), ('LC_PAPER', 'ru_RU.UTF-8'), ('COLCON', '1'), ('CMAKE_PREFIX_PATH', '/home/robot33-6/student133_ws/install/test_visualization:/home/robot33-6/student133_ws/install/test_parameters:/home/robot33-6/student133_ws/install/test_client:/home/robot33-6/student133_ws/install/test_service:/home/robot33-6/student133_ws/install/test_custom_srv:/home/robot33-6/student133_ws/install/test_custom_publisher:/home/robot33-6/student133_ws/install/test_castom_publisher:/home/robot33-6/student133_ws/install/test_custom_msg:/home/robot33-6/student133_ws/install/test_subscriber:/home/robot33-6/student133_ws/install/test_publisher:/home/robot33-6/student133_ws/install/test_pkg:/opt/ros/humble'), ('LIBGL_DRIVERS_PATH', '/snap/qtcreator-ros/107/usr/lib/x86_64-linux-gnu/dri')]), 'shell': False}
[0.417456] (test_custom_msg) JobProgress: {'identifier': 'test_custom_msg', 'progress': 'cmake'}
[0.417663] (test_custom_msg) JobProgress: {'identifier': 'test_custom_msg', 'progress': 'build'}
[0.417682] (test_custom_msg) Command: {'cmd': ['/usr/bin/cmake', '--build', '/home/robot33-6/student133_ws/build/test_custom_msg', '--', '-j8', '-l8'], 'cwd': '/home/robot33-6/student133_ws/build/test_custom_msg', 'env': OrderedDict([('GJS_DEBUG_TOPICS', 'JS ERROR;JS LOG'), ('LC_TIME', 'ru_RU.UTF-8'), ('SNAP_COMMON', '/var/snap/qtcreator-ros/common'), ('SNAP_INSTANCE_KEY', ''), ('USER', 'robot33-6'), ('XDG_SESSION_TYPE', 'wayland'), ('LD_LIBRARY_PATH', '/home/robot33-6/student133_ws/install/test_custom_srv/lib:/home/robot33-6/student133_ws/install/test_custom_msg/lib:/opt/ros/humble/opt/rviz_ogre_vendor/lib:/opt/ros/humble/lib/x86_64-linux-gnu:/opt/ros/humble/lib:/snap/qtcreator-ros/107/lib:/snap/qtcreator-ros/107/usr/lib/x86_64-linux-gnu'), ('SHLVL', '325'), ('SNAP_UID', '1000'), ('HOME', '/home/robot33-6'), ('SNAP_LIBRARY_PATH', '/var/lib/snapd/lib/gl:/var/lib/snapd/lib/gl32:/var/lib/snapd/void'), ('DESKTOP_SESSION', 'ubuntu'), ('QTDIR', '/usr/lib/x86_64-linux-gnu/qt5'), ('SNAP_USER_DATA', '/home/robot33-6/snap/qtcreator-ros/107'), ('GIO_LAUNCHED_DESKTOP_FILE', '/var/lib/snapd/desktop/applications/qtcreator-ros_qtcreator-ros.desktop'), ('GNOME_SHELL_SESSION_MODE', 'ubuntu'), ('GTK_MODULES', 'gail:atk-bridge'), ('ROS_PYTHON_VERSION', '3'), ('LC_MONETARY', 'ru_RU.UTF-8'), ('MANAGERPID', '1373'), ('DBUS_SESSION_BUS_ADDRESS', 'unix:path=/run/user/1000/bus'), ('SYSTEMD_EXEC_PID', '1587'), ('GIO_LAUNCHED_DESKTOP_FILE_PID', '3050'), ('SNAP_REVISION', '107'), ('COLCON_PREFIX_PATH', '/home/robot33-6/student133_ws/install'), ('IM_CONFIG_PHASE', '1'), ('ROS_DISTRO', 'humble'), ('WAYLAND_DISPLAY', 'wayland-0'), ('LOGNAME', 'robot33-6'), ('JOURNAL_STREAM', '8:26382'), ('SNAP_CONTEXT', 'zfxwyVEa0dSM0vT388UHnSyWy-Mv84K8RE-CWR0OLT2wc9JrOksa'), ('_', '/usr/bin/env'), ('ROS_VERSION', '2'), ('SNAP_VERSION', '12.0.2'), ('XDG_SESSION_CLASS', 'user'), ('TERM', 'xterm'), ('USERNAME', 'robot33-6'), ('GNOME_DESKTOP_SESSION_ID', 'this-is-deprecated'), ('ROS_LOCALHOST_ONLY', '0'), ('SNAP_INSTANCE_NAME', 'qtcreator-ros'), ('PATH', '/opt/ros/humble/bin:/usr/local/sbin:/usr/local/bin:/usr/sbin:/usr/bin:/sbin:/bin:/usr/games:/usr/local/games:/snap/bin:/snap/bin'), ('INVOCATION_ID', '8be6e9d5a46c4dde9fbe4351f65a98da'), ('SESSION_MANAGER', 'local/robot33-6:@/tmp/.ICE-unix/1547,unix/robot33-6:/tmp/.ICE-unix/1547'), ('BAMF_DESKTOP_FILE_HINT', '/var/lib/snapd/desktop/applications/qtcreator-ros_qtcreator-ros.desktop'), ('GNOME_SETUP_DISPLAY', ':1'), ('LC_ADDRESS', 'ru_RU.UTF-8'), ('SNAP_DATA', '/var/snap/qtcreator-ros/107'), ('XDG_MENU_PREFIX', 'gnome-'), ('XDG_RUNTIME_DIR', '/run/user/1000'), ('DISPLAY', ':0'), ('LANG', 'en_US.UTF-8'), ('LC_TELEPHONE', 'ru_RU.UTF-8'), ('XDG_CURRENT_DESKTOP', 'ubuntu:GNOME'), ('XAUTHORITY', '/run/user/1000/.mutter-Xwaylandauth.NV73K2'), ('XDG_SESSION_DESKTOP', 'ubuntu'), ('XMODIFIERS', '@im=ibus'), ('AMENT_PREFIX_PATH', '/home/robot33-6/student133_ws/install/test_visualization:/home/robot33-6/student133_ws/install/test_parameters:/home/robot33-6/student133_ws/install/test_client:/home/robot33-6/student133_ws/install/test_service:/home/robot33-6/student133_ws/install/test_custom_srv:/home/robot33-6/student133_ws/install/test_custom_publisher:/home/robot33-6/student133_ws/install/test_castom_publisher:/home/robot33-6/student133_ws/install/test_custom_msg:/home/robot33-6/student133_ws/install/test_subscriber:/home/robot33-6/student133_ws/install/test_publisher:/home/robot33-6/student133_ws/install/test_pkg:/opt/ros/humble'), ('SNAP_ARCH', 'amd64'), ('SNAP_COOKIE', 'zfxwyVEa0dSM0vT388UHnSyWy-Mv84K8RE-CWR0OLT2wc9JrOksa'), ('SNAP_USER_COMMON', '/home/robot33-6/snap/qtcreator-ros/common'), ('SSH_AGENT_LAUNCHER', 'gnome-keyring'), ('SSH_AUTH_SOCK', '/run/user/1000/keyring/ssh'), ('LC_NAME', 'ru_RU.UTF-8'), ('SHELL', '/bin/bash'), ('GDMSESSION', 'ubuntu'), ('QT_ACCESSIBILITY', '1'), ('SNAP_REEXEC', ''), ('SNAP_NAME', 'qtcreator-ros'), ('LC_MEASUREMENT', 'ru_RU.UTF-8'), ('GJS_DEBUG_OUTPUT', 'stderr'), ('LC_IDENTIFICATION', 'ru_RU.UTF-8'), ('QT_IM_MODULE', 'ibus'), ('PWD', '/home/robot33-6/student133_ws/build/test_custom_msg'), ('QT_QPA_PLATFORM', 'wayland;xcb'), ('SNAP_REAL_HOME', '/home/robot33-6'), ('XDG_CONFIG_DIRS', '/etc/xdg/xdg-ubuntu:/etc/xdg'), ('XDG_DATA_DIRS', '/usr/share/ubuntu:/usr/local/share/:/usr/share/:/var/lib/snapd/desktop'), ('LC_NUMERIC', 'ru_RU.UTF-8'), ('PYTHONPATH', '/home/robot33-6/student133_ws/install/test_custom_srv/local/lib/python3.10/dist-packages:/home/robot33-6/student133_ws/install/test_custom_msg/local/lib/python3.10/dist-packages:/opt/ros/humble/lib/python3.10/site-packages:/opt/ros/humble/local/lib/python3.10/dist-packages'), ('SNAP', '/snap/qtcreator-ros/107'), ('SNAP_EUID', '1000'), ('LC_PAPER', 'ru_RU.UTF-8'), ('COLCON', '1'), ('CMAKE_PREFIX_PATH', '/home/robot33-6/student133_ws/install/test_visualization:/home/robot33-6/student133_ws/install/test_parameters:/home/robot33-6/student133_ws/install/test_client:/home/robot33-6/student133_ws/install/test_service:/home/robot33-6/student133_ws/install/test_custom_srv:/home/robot33-6/student133_ws/install/test_custom_publisher:/home/robot33-6/student133_ws/install/test_castom_publisher:/home/robot33-6/student133_ws/install/test_custom_msg:/home/robot33-6/student133_ws/install/test_subscriber:/home/robot33-6/student133_ws/install/test_publisher:/home/robot33-6/student133_ws/install/test_pkg:/opt/ros/humble'), ('LIBGL_DRIVERS_PATH', '/snap/qtcreator-ros/107/usr/lib/x86_64-linux-gnu/dri')]), 'shell': False}
[0.419292] (test_custom_publisher) JobProgress: {'identifier': 'test_custom_publisher', 'progress': 'cmake'}
[0.419682] (test_custom_publisher) JobProgress: {'identifier': 'test_custom_publisher', 'progress': 'build'}
[0.419706] (test_custom_publisher) Command: {'cmd': ['/usr/bin/cmake', '--build', '/home/robot33-6/student133_ws/build/test_custom_publisher', '--', '-j8', '-l8'], 'cwd': '/home/robot33-6/student133_ws/build/test_custom_publisher', 'env': OrderedDict([('GJS_DEBUG_TOPICS', 'JS ERROR;JS LOG'), ('LC_TIME', 'ru_RU.UTF-8'), ('SNAP_COMMON', '/var/snap/qtcreator-ros/common'), ('SNAP_INSTANCE_KEY', ''), ('USER', 'robot33-6'), ('XDG_SESSION_TYPE', 'wayland'), ('LD_LIBRARY_PATH', '/home/robot33-6/student133_ws/install/test_custom_srv/lib:/home/robot33-6/student133_ws/install/test_custom_msg/lib:/opt/ros/humble/opt/rviz_ogre_vendor/lib:/opt/ros/humble/lib/x86_64-linux-gnu:/opt/ros/humble/lib:/snap/qtcreator-ros/107/lib:/snap/qtcreator-ros/107/usr/lib/x86_64-linux-gnu'), ('SHLVL', '325'), ('SNAP_UID', '1000'), ('HOME', '/home/robot33-6'), ('SNAP_LIBRARY_PATH', '/var/lib/snapd/lib/gl:/var/lib/snapd/lib/gl32:/var/lib/snapd/void'), ('DESKTOP_SESSION', 'ubuntu'), ('QTDIR', '/usr/lib/x86_64-linux-gnu/qt5'), ('SNAP_USER_DATA', '/home/robot33-6/snap/qtcreator-ros/107'), ('GIO_LAUNCHED_DESKTOP_FILE', '/var/lib/snapd/desktop/applications/qtcreator-ros_qtcreator-ros.desktop'), ('GNOME_SHELL_SESSION_MODE', 'ubuntu'), ('GTK_MODULES', 'gail:atk-bridge'), ('ROS_PYTHON_VERSION', '3'), ('LC_MONETARY', 'ru_RU.UTF-8'), ('MANAGERPID', '1373'), ('DBUS_SESSION_BUS_ADDRESS', 'unix:path=/run/user/1000/bus'), ('SYSTEMD_EXEC_PID', '1587'), ('GIO_LAUNCHED_DESKTOP_FILE_PID', '3050'), ('SNAP_REVISION', '107'), ('COLCON_PREFIX_PATH', '/home/robot33-6/student133_ws/install'), ('IM_CONFIG_PHASE', '1'), ('ROS_DISTRO', 'humble'), ('WAYLAND_DISPLAY', 'wayland-0'), ('LOGNAME', 'robot33-6'), ('JOURNAL_STREAM', '8:26382'), ('SNAP_CONTEXT', 'zfxwyVEa0dSM0vT388UHnSyWy-Mv84K8RE-CWR0OLT2wc9JrOksa'), ('_', '/usr/bin/env'), ('ROS_VERSION', '2'), ('SNAP_VERSION', '12.0.2'), ('XDG_SESSION_CLASS', 'user'), ('TERM', 'xterm'), ('USERNAME', 'robot33-6'), ('GNOME_DESKTOP_SESSION_ID', 'this-is-deprecated'), ('ROS_LOCALHOST_ONLY', '0'), ('SNAP_INSTANCE_NAME', 'qtcreator-ros'), ('PATH', '/opt/ros/humble/bin:/usr/local/sbin:/usr/local/bin:/usr/sbin:/usr/bin:/sbin:/bin:/usr/games:/usr/local/games:/snap/bin:/snap/bin'), ('INVOCATION_ID', '8be6e9d5a46c4dde9fbe4351f65a98da'), ('SESSION_MANAGER', 'local/robot33-6:@/tmp/.ICE-unix/1547,unix/robot33-6:/tmp/.ICE-unix/1547'), ('BAMF_DESKTOP_FILE_HINT', '/var/lib/snapd/desktop/applications/qtcreator-ros_qtcreator-ros.desktop'), ('GNOME_SETUP_DISPLAY', ':1'), ('LC_ADDRESS', 'ru_RU.UTF-8'), ('SNAP_DATA', '/var/snap/qtcreator-ros/107'), ('XDG_MENU_PREFIX', 'gnome-'), ('XDG_RUNTIME_DIR', '/run/user/1000'), ('DISPLAY', ':0'), ('LANG', 'en_US.UTF-8'), ('LC_TELEPHONE', 'ru_RU.UTF-8'), ('XDG_CURRENT_DESKTOP', 'ubuntu:GNOME'), ('XAUTHORITY', '/run/user/1000/.mutter-Xwaylandauth.NV73K2'), ('XDG_SESSION_DESKTOP', 'ubuntu'), ('XMODIFIERS', '@im=ibus'), ('AMENT_PREFIX_PATH', '/home/robot33-6/student133_ws/install/test_visualization:/home/robot33-6/student133_ws/install/test_parameters:/home/robot33-6/student133_ws/install/test_client:/home/robot33-6/student133_ws/install/test_service:/home/robot33-6/student133_ws/install/test_custom_srv:/home/robot33-6/student133_ws/install/test_custom_publisher:/home/robot33-6/student133_ws/install/test_castom_publisher:/home/robot33-6/student133_ws/install/test_custom_msg:/home/robot33-6/student133_ws/install/test_subscriber:/home/robot33-6/student133_ws/install/test_publisher:/home/robot33-6/student133_ws/install/test_pkg:/opt/ros/humble'), ('SNAP_ARCH', 'amd64'), ('SNAP_COOKIE', 'zfxwyVEa0dSM0vT388UHnSyWy-Mv84K8RE-CWR0OLT2wc9JrOksa'), ('SNAP_USER_COMMON', '/home/robot33-6/snap/qtcreator-ros/common'), ('SSH_AGENT_LAUNCHER', 'gnome-keyring'), ('SSH_AUTH_SOCK', '/run/user/1000/keyring/ssh'), ('LC_NAME', 'ru_RU.UTF-8'), ('SHELL', '/bin/bash'), ('GDMSESSION', 'ubuntu'), ('QT_ACCESSIBILITY', '1'), ('SNAP_REEXEC', ''), ('SNAP_NAME', 'qtcreator-ros'), ('LC_MEASUREMENT', 'ru_RU.UTF-8'), ('GJS_DEBUG_OUTPUT', 'stderr'), ('LC_IDENTIFICATION', 'ru_RU.UTF-8'), ('QT_IM_MODULE', 'ibus'), ('PWD', '/home/robot33-6/student133_ws/build/test_custom_publisher'), ('QT_QPA_PLATFORM', 'wayland;xcb'), ('SNAP_REAL_HOME', '/home/robot33-6'), ('XDG_CONFIG_DIRS', '/etc/xdg/xdg-ubuntu:/etc/xdg'), ('XDG_DATA_DIRS', '/usr/share/ubuntu:/usr/local/share/:/usr/share/:/var/lib/snapd/desktop'), ('LC_NUMERIC', 'ru_RU.UTF-8'), ('PYTHONPATH', '/home/robot33-6/student133_ws/install/test_custom_srv/local/lib/python3.10/dist-packages:/home/robot33-6/student133_ws/install/test_custom_msg/local/lib/python3.10/dist-packages:/opt/ros/humble/lib/python3.10/site-packages:/opt/ros/humble/local/lib/python3.10/dist-packages'), ('SNAP', '/snap/qtcreator-ros/107'), ('SNAP_EUID', '1000'), ('LC_PAPER', 'ru_RU.UTF-8'), ('COLCON', '1'), ('CMAKE_PREFIX_PATH', '/home/robot33-6/student133_ws/install/test_visualization:/home/robot33-6/student133_ws/install/test_parameters:/home/robot33-6/student133_ws/install/test_client:/home/robot33-6/student133_ws/install/test_service:/home/robot33-6/student133_ws/install/test_custom_srv:/home/robot33-6/student133_ws/install/test_custom_publisher:/home/robot33-6/student133_ws/install/test_castom_publisher:/home/robot33-6/student133_ws/install/test_custom_msg:/home/robot33-6/student133_ws/install/test_subscriber:/home/robot33-6/student133_ws/install/test_publisher:/home/robot33-6/student133_ws/install/test_pkg:/opt/ros/humble'), ('LIBGL_DRIVERS_PATH', '/snap/qtcreator-ros/107/usr/lib/x86_64-linux-gnu/dri')]), 'shell': False}
[0.421572] (test_custom_srv) JobProgress: {'identifier': 'test_custom_srv', 'progress': 'cmake'}
[0.422029] (test_custom_srv) JobProgress: {'identifier': 'test_custom_srv', 'progress': 'build'}
[0.422073] (test_custom_srv) Command: {'cmd': ['/usr/bin/cmake', '--build', '/home/robot33-6/student133_ws/build/test_custom_srv', '--', '-j8', '-l8'], 'cwd': '/home/robot33-6/student133_ws/build/test_custom_srv', 'env': OrderedDict([('GJS_DEBUG_TOPICS', 'JS ERROR;JS LOG'), ('LC_TIME', 'ru_RU.UTF-8'), ('SNAP_COMMON', '/var/snap/qtcreator-ros/common'), ('SNAP_INSTANCE_KEY', ''), ('USER', 'robot33-6'), ('XDG_SESSION_TYPE', 'wayland'), ('LD_LIBRARY_PATH', '/home/robot33-6/student133_ws/install/test_custom_srv/lib:/home/robot33-6/student133_ws/install/test_custom_msg/lib:/opt/ros/humble/opt/rviz_ogre_vendor/lib:/opt/ros/humble/lib/x86_64-linux-gnu:/opt/ros/humble/lib:/snap/qtcreator-ros/107/lib:/snap/qtcreator-ros/107/usr/lib/x86_64-linux-gnu'), ('SHLVL', '325'), ('SNAP_UID', '1000'), ('HOME', '/home/robot33-6'), ('SNAP_LIBRARY_PATH', '/var/lib/snapd/lib/gl:/var/lib/snapd/lib/gl32:/var/lib/snapd/void'), ('DESKTOP_SESSION', 'ubuntu'), ('QTDIR', '/usr/lib/x86_64-linux-gnu/qt5'), ('SNAP_USER_DATA', '/home/robot33-6/snap/qtcreator-ros/107'), ('GIO_LAUNCHED_DESKTOP_FILE', '/var/lib/snapd/desktop/applications/qtcreator-ros_qtcreator-ros.desktop'), ('GNOME_SHELL_SESSION_MODE', 'ubuntu'), ('GTK_MODULES', 'gail:atk-bridge'), ('ROS_PYTHON_VERSION', '3'), ('LC_MONETARY', 'ru_RU.UTF-8'), ('MANAGERPID', '1373'), ('DBUS_SESSION_BUS_ADDRESS', 'unix:path=/run/user/1000/bus'), ('SYSTEMD_EXEC_PID', '1587'), ('GIO_LAUNCHED_DESKTOP_FILE_PID', '3050'), ('SNAP_REVISION', '107'), ('COLCON_PREFIX_PATH', '/home/robot33-6/student133_ws/install'), ('IM_CONFIG_PHASE', '1'), ('ROS_DISTRO', 'humble'), ('WAYLAND_DISPLAY', 'wayland-0'), ('LOGNAME', 'robot33-6'), ('JOURNAL_STREAM', '8:26382'), ('SNAP_CONTEXT', 'zfxwyVEa0dSM0vT388UHnSyWy-Mv84K8RE-CWR0OLT2wc9JrOksa'), ('_', '/usr/bin/env'), ('ROS_VERSION', '2'), ('SNAP_VERSION', '12.0.2'), ('XDG_SESSION_CLASS', 'user'), ('TERM', 'xterm'), ('USERNAME', 'robot33-6'), ('GNOME_DESKTOP_SESSION_ID', 'this-is-deprecated'), ('ROS_LOCALHOST_ONLY', '0'), ('SNAP_INSTANCE_NAME', 'qtcreator-ros'), ('PATH', '/opt/ros/humble/bin:/usr/local/sbin:/usr/local/bin:/usr/sbin:/usr/bin:/sbin:/bin:/usr/games:/usr/local/games:/snap/bin:/snap/bin'), ('INVOCATION_ID', '8be6e9d5a46c4dde9fbe4351f65a98da'), ('SESSION_MANAGER', 'local/robot33-6:@/tmp/.ICE-unix/1547,unix/robot33-6:/tmp/.ICE-unix/1547'), ('BAMF_DESKTOP_FILE_HINT', '/var/lib/snapd/desktop/applications/qtcreator-ros_qtcreator-ros.desktop'), ('GNOME_SETUP_DISPLAY', ':1'), ('LC_ADDRESS', 'ru_RU.UTF-8'), ('SNAP_DATA', '/var/snap/qtcreator-ros/107'), ('XDG_MENU_PREFIX', 'gnome-'), ('XDG_RUNTIME_DIR', '/run/user/1000'), ('DISPLAY', ':0'), ('LANG', 'en_US.UTF-8'), ('LC_TELEPHONE', 'ru_RU.UTF-8'), ('XDG_CURRENT_DESKTOP', 'ubuntu:GNOME'), ('XAUTHORITY', '/run/user/1000/.mutter-Xwaylandauth.NV73K2'), ('XDG_SESSION_DESKTOP', 'ubuntu'), ('XMODIFIERS', '@im=ibus'), ('AMENT_PREFIX_PATH', '/home/robot33-6/student133_ws/install/test_visualization:/home/robot33-6/student133_ws/install/test_parameters:/home/robot33-6/student133_ws/install/test_client:/home/robot33-6/student133_ws/install/test_service:/home/robot33-6/student133_ws/install/test_custom_srv:/home/robot33-6/student133_ws/install/test_custom_publisher:/home/robot33-6/student133_ws/install/test_castom_publisher:/home/robot33-6/student133_ws/install/test_custom_msg:/home/robot33-6/student133_ws/install/test_subscriber:/home/robot33-6/student133_ws/install/test_publisher:/home/robot33-6/student133_ws/install/test_pkg:/opt/ros/humble'), ('SNAP_ARCH', 'amd64'), ('SNAP_COOKIE', 'zfxwyVEa0dSM0vT388UHnSyWy-Mv84K8RE-CWR0OLT2wc9JrOksa'), ('SNAP_USER_COMMON', '/home/robot33-6/snap/qtcreator-ros/common'), ('SSH_AGENT_LAUNCHER', 'gnome-keyring'), ('SSH_AUTH_SOCK', '/run/user/1000/keyring/ssh'), ('LC_NAME', 'ru_RU.UTF-8'), ('SHELL', '/bin/bash'), ('GDMSESSION', 'ubuntu'), ('QT_ACCESSIBILITY', '1'), ('SNAP_REEXEC', ''), ('SNAP_NAME', 'qtcreator-ros'), ('LC_MEASUREMENT', 'ru_RU.UTF-8'), ('GJS_DEBUG_OUTPUT', 'stderr'), ('LC_IDENTIFICATION', 'ru_RU.UTF-8'), ('QT_IM_MODULE', 'ibus'), ('PWD', '/home/robot33-6/student133_ws/build/test_custom_srv'), ('QT_QPA_PLATFORM', 'wayland;xcb'), ('SNAP_REAL_HOME', '/home/robot33-6'), ('XDG_CONFIG_DIRS', '/etc/xdg/xdg-ubuntu:/etc/xdg'), ('XDG_DATA_DIRS', '/usr/share/ubuntu:/usr/local/share/:/usr/share/:/var/lib/snapd/desktop'), ('LC_NUMERIC', 'ru_RU.UTF-8'), ('PYTHONPATH', '/home/robot33-6/student133_ws/install/test_custom_srv/local/lib/python3.10/dist-packages:/home/robot33-6/student133_ws/install/test_custom_msg/local/lib/python3.10/dist-packages:/opt/ros/humble/lib/python3.10/site-packages:/opt/ros/humble/local/lib/python3.10/dist-packages'), ('SNAP', '/snap/qtcreator-ros/107'), ('SNAP_EUID', '1000'), ('LC_PAPER', 'ru_RU.UTF-8'), ('COLCON', '1'), ('CMAKE_PREFIX_PATH', '/home/robot33-6/student133_ws/install/test_visualization:/home/robot33-6/student133_ws/install/test_parameters:/home/robot33-6/student133_ws/install/test_client:/home/robot33-6/student133_ws/install/test_service:/home/robot33-6/student133_ws/install/test_custom_srv:/home/robot33-6/student133_ws/install/test_custom_publisher:/home/robot33-6/student133_ws/install/test_castom_publisher:/home/robot33-6/student133_ws/install/test_custom_msg:/home/robot33-6/student133_ws/install/test_subscriber:/home/robot33-6/student133_ws/install/test_publisher:/home/robot33-6/student133_ws/install/test_pkg:/opt/ros/humble'), ('LIBGL_DRIVERS_PATH', '/snap/qtcreator-ros/107/usr/lib/x86_64-linux-gnu/dri')]), 'shell': False}
[0.424634] (test_parameters) JobProgress: {'identifier': 'test_parameters', 'progress': 'cmake'}
[0.426071] (test_parameters) JobProgress: {'identifier': 'test_parameters', 'progress': 'build'}
[0.426156] (test_parameters) Command: {'cmd': ['/usr/bin/cmake', '--build', '/home/robot33-6/student133_ws/build/test_parameters', '--', '-j8', '-l8'], 'cwd': '/home/robot33-6/student133_ws/build/test_parameters', 'env': OrderedDict([('GJS_DEBUG_TOPICS', 'JS ERROR;JS LOG'), ('LC_TIME', 'ru_RU.UTF-8'), ('SNAP_COMMON', '/var/snap/qtcreator-ros/common'), ('SNAP_INSTANCE_KEY', ''), ('USER', 'robot33-6'), ('XDG_SESSION_TYPE', 'wayland'), ('LD_LIBRARY_PATH', '/home/robot33-6/student133_ws/install/test_custom_srv/lib:/home/robot33-6/student133_ws/install/test_custom_msg/lib:/opt/ros/humble/opt/rviz_ogre_vendor/lib:/opt/ros/humble/lib/x86_64-linux-gnu:/opt/ros/humble/lib:/snap/qtcreator-ros/107/lib:/snap/qtcreator-ros/107/usr/lib/x86_64-linux-gnu'), ('SHLVL', '325'), ('SNAP_UID', '1000'), ('HOME', '/home/robot33-6'), ('SNAP_LIBRARY_PATH', '/var/lib/snapd/lib/gl:/var/lib/snapd/lib/gl32:/var/lib/snapd/void'), ('DESKTOP_SESSION', 'ubuntu'), ('QTDIR', '/usr/lib/x86_64-linux-gnu/qt5'), ('SNAP_USER_DATA', '/home/robot33-6/snap/qtcreator-ros/107'), ('GIO_LAUNCHED_DESKTOP_FILE', '/var/lib/snapd/desktop/applications/qtcreator-ros_qtcreator-ros.desktop'), ('GNOME_SHELL_SESSION_MODE', 'ubuntu'), ('GTK_MODULES', 'gail:atk-bridge'), ('ROS_PYTHON_VERSION', '3'), ('LC_MONETARY', 'ru_RU.UTF-8'), ('MANAGERPID', '1373'), ('DBUS_SESSION_BUS_ADDRESS', 'unix:path=/run/user/1000/bus'), ('SYSTEMD_EXEC_PID', '1587'), ('GIO_LAUNCHED_DESKTOP_FILE_PID', '3050'), ('SNAP_REVISION', '107'), ('COLCON_PREFIX_PATH', '/home/robot33-6/student133_ws/install'), ('IM_CONFIG_PHASE', '1'), ('ROS_DISTRO', 'humble'), ('WAYLAND_DISPLAY', 'wayland-0'), ('LOGNAME', 'robot33-6'), ('JOURNAL_STREAM', '8:26382'), ('SNAP_CONTEXT', 'zfxwyVEa0dSM0vT388UHnSyWy-Mv84K8RE-CWR0OLT2wc9JrOksa'), ('_', '/usr/bin/env'), ('ROS_VERSION', '2'), ('SNAP_VERSION', '12.0.2'), ('XDG_SESSION_CLASS', 'user'), ('TERM', 'xterm'), ('USERNAME', 'robot33-6'), ('GNOME_DESKTOP_SESSION_ID', 'this-is-deprecated'), ('ROS_LOCALHOST_ONLY', '0'), ('SNAP_INSTANCE_NAME', 'qtcreator-ros'), ('PATH', '/opt/ros/humble/bin:/usr/local/sbin:/usr/local/bin:/usr/sbin:/usr/bin:/sbin:/bin:/usr/games:/usr/local/games:/snap/bin:/snap/bin'), ('INVOCATION_ID', '8be6e9d5a46c4dde9fbe4351f65a98da'), ('SESSION_MANAGER', 'local/robot33-6:@/tmp/.ICE-unix/1547,unix/robot33-6:/tmp/.ICE-unix/1547'), ('BAMF_DESKTOP_FILE_HINT', '/var/lib/snapd/desktop/applications/qtcreator-ros_qtcreator-ros.desktop'), ('GNOME_SETUP_DISPLAY', ':1'), ('LC_ADDRESS', 'ru_RU.UTF-8'), ('SNAP_DATA', '/var/snap/qtcreator-ros/107'), ('XDG_MENU_PREFIX', 'gnome-'), ('XDG_RUNTIME_DIR', '/run/user/1000'), ('DISPLAY', ':0'), ('LANG', 'en_US.UTF-8'), ('LC_TELEPHONE', 'ru_RU.UTF-8'), ('XDG_CURRENT_DESKTOP', 'ubuntu:GNOME'), ('XAUTHORITY', '/run/user/1000/.mutter-Xwaylandauth.NV73K2'), ('XDG_SESSION_DESKTOP', 'ubuntu'), ('XMODIFIERS', '@im=ibus'), ('AMENT_PREFIX_PATH', '/home/robot33-6/student133_ws/install/test_visualization:/home/robot33-6/student133_ws/install/test_parameters:/home/robot33-6/student133_ws/install/test_client:/home/robot33-6/student133_ws/install/test_service:/home/robot33-6/student133_ws/install/test_custom_srv:/home/robot33-6/student133_ws/install/test_custom_publisher:/home/robot33-6/student133_ws/install/test_castom_publisher:/home/robot33-6/student133_ws/install/test_custom_msg:/home/robot33-6/student133_ws/install/test_subscriber:/home/robot33-6/student133_ws/install/test_publisher:/home/robot33-6/student133_ws/install/test_pkg:/opt/ros/humble'), ('SNAP_ARCH', 'amd64'), ('SNAP_COOKIE', 'zfxwyVEa0dSM0vT388UHnSyWy-Mv84K8RE-CWR0OLT2wc9JrOksa'), ('SNAP_USER_COMMON', '/home/robot33-6/snap/qtcreator-ros/common'), ('SSH_AGENT_LAUNCHER', 'gnome-keyring'), ('SSH_AUTH_SOCK', '/run/user/1000/keyring/ssh'), ('LC_NAME', 'ru_RU.UTF-8'), ('SHELL', '/bin/bash'), ('GDMSESSION', 'ubuntu'), ('QT_ACCESSIBILITY', '1'), ('SNAP_REEXEC', ''), ('SNAP_NAME', 'qtcreator-ros'), ('LC_MEASUREMENT', 'ru_RU.UTF-8'), ('GJS_DEBUG_OUTPUT', 'stderr'), ('LC_IDENTIFICATION', 'ru_RU.UTF-8'), ('QT_IM_MODULE', 'ibus'), ('PWD', '/home/robot33-6/student133_ws/build/test_parameters'), ('QT_QPA_PLATFORM', 'wayland;xcb'), ('SNAP_REAL_HOME', '/home/robot33-6'), ('XDG_CONFIG_DIRS', '/etc/xdg/xdg-ubuntu:/etc/xdg'), ('XDG_DATA_DIRS', '/usr/share/ubuntu:/usr/local/share/:/usr/share/:/var/lib/snapd/desktop'), ('LC_NUMERIC', 'ru_RU.UTF-8'), ('PYTHONPATH', '/home/robot33-6/student133_ws/install/test_custom_srv/local/lib/python3.10/dist-packages:/home/robot33-6/student133_ws/install/test_custom_msg/local/lib/python3.10/dist-packages:/opt/ros/humble/lib/python3.10/site-packages:/opt/ros/humble/local/lib/python3.10/dist-packages'), ('SNAP', '/snap/qtcreator-ros/107'), ('SNAP_EUID', '1000'), ('LC_PAPER', 'ru_RU.UTF-8'), ('COLCON', '1'), ('CMAKE_PREFIX_PATH', '/home/robot33-6/student133_ws/install/test_visualization:/home/robot33-6/student133_ws/install/test_parameters:/home/robot33-6/student133_ws/install/test_client:/home/robot33-6/student133_ws/install/test_service:/home/robot33-6/student133_ws/install/test_custom_srv:/home/robot33-6/student133_ws/install/test_custom_publisher:/home/robot33-6/student133_ws/install/test_castom_publisher:/home/robot33-6/student133_ws/install/test_custom_msg:/home/robot33-6/student133_ws/install/test_subscriber:/home/robot33-6/student133_ws/install/test_publisher:/home/robot33-6/student133_ws/install/test_pkg:/opt/ros/humble'), ('LIBGL_DRIVERS_PATH', '/snap/qtcreator-ros/107/usr/lib/x86_64-linux-gnu/dri')]), 'shell': False}
[0.428764] (test_pkg) JobProgress: {'identifier': 'test_pkg', 'progress': 'cmake'}
[0.429555] (test_pkg) JobProgress: {'identifier': 'test_pkg', 'progress': 'build'}
[0.429604] (test_pkg) Command: {'cmd': ['/usr/bin/cmake', '--build', '/home/robot33-6/student133_ws/build/test_pkg', '--', '-j8', '-l8'], 'cwd': '/home/robot33-6/student133_ws/build/test_pkg', 'env': OrderedDict([('GJS_DEBUG_TOPICS', 'JS ERROR;JS LOG'), ('LC_TIME', 'ru_RU.UTF-8'), ('SNAP_COMMON', '/var/snap/qtcreator-ros/common'), ('SNAP_INSTANCE_KEY', ''), ('USER', 'robot33-6'), ('XDG_SESSION_TYPE', 'wayland'), ('LD_LIBRARY_PATH', '/home/robot33-6/student133_ws/install/test_custom_srv/lib:/home/robot33-6/student133_ws/install/test_custom_msg/lib:/opt/ros/humble/opt/rviz_ogre_vendor/lib:/opt/ros/humble/lib/x86_64-linux-gnu:/opt/ros/humble/lib:/snap/qtcreator-ros/107/lib:/snap/qtcreator-ros/107/usr/lib/x86_64-linux-gnu'), ('SHLVL', '325'), ('SNAP_UID', '1000'), ('HOME', '/home/robot33-6'), ('SNAP_LIBRARY_PATH', '/var/lib/snapd/lib/gl:/var/lib/snapd/lib/gl32:/var/lib/snapd/void'), ('DESKTOP_SESSION', 'ubuntu'), ('QTDIR', '/usr/lib/x86_64-linux-gnu/qt5'), ('SNAP_USER_DATA', '/home/robot33-6/snap/qtcreator-ros/107'), ('GIO_LAUNCHED_DESKTOP_FILE', '/var/lib/snapd/desktop/applications/qtcreator-ros_qtcreator-ros.desktop'), ('GNOME_SHELL_SESSION_MODE', 'ubuntu'), ('GTK_MODULES', 'gail:atk-bridge'), ('ROS_PYTHON_VERSION', '3'), ('LC_MONETARY', 'ru_RU.UTF-8'), ('MANAGERPID', '1373'), ('DBUS_SESSION_BUS_ADDRESS', 'unix:path=/run/user/1000/bus'), ('SYSTEMD_EXEC_PID', '1587'), ('GIO_LAUNCHED_DESKTOP_FILE_PID', '3050'), ('SNAP_REVISION', '107'), ('COLCON_PREFIX_PATH', '/home/robot33-6/student133_ws/install'), ('IM_CONFIG_PHASE', '1'), ('ROS_DISTRO', 'humble'), ('WAYLAND_DISPLAY', 'wayland-0'), ('LOGNAME', 'robot33-6'), ('JOURNAL_STREAM', '8:26382'), ('SNAP_CONTEXT', 'zfxwyVEa0dSM0vT388UHnSyWy-Mv84K8RE-CWR0OLT2wc9JrOksa'), ('_', '/usr/bin/env'), ('ROS_VERSION', '2'), ('SNAP_VERSION', '12.0.2'), ('XDG_SESSION_CLASS', 'user'), ('TERM', 'xterm'), ('USERNAME', 'robot33-6'), ('GNOME_DESKTOP_SESSION_ID', 'this-is-deprecated'), ('ROS_LOCALHOST_ONLY', '0'), ('SNAP_INSTANCE_NAME', 'qtcreator-ros'), ('PATH', '/opt/ros/humble/bin:/usr/local/sbin:/usr/local/bin:/usr/sbin:/usr/bin:/sbin:/bin:/usr/games:/usr/local/games:/snap/bin:/snap/bin'), ('INVOCATION_ID', '8be6e9d5a46c4dde9fbe4351f65a98da'), ('SESSION_MANAGER', 'local/robot33-6:@/tmp/.ICE-unix/1547,unix/robot33-6:/tmp/.ICE-unix/1547'), ('BAMF_DESKTOP_FILE_HINT', '/var/lib/snapd/desktop/applications/qtcreator-ros_qtcreator-ros.desktop'), ('GNOME_SETUP_DISPLAY', ':1'), ('LC_ADDRESS', 'ru_RU.UTF-8'), ('SNAP_DATA', '/var/snap/qtcreator-ros/107'), ('XDG_MENU_PREFIX', 'gnome-'), ('XDG_RUNTIME_DIR', '/run/user/1000'), ('DISPLAY', ':0'), ('LANG', 'en_US.UTF-8'), ('LC_TELEPHONE', 'ru_RU.UTF-8'), ('XDG_CURRENT_DESKTOP', 'ubuntu:GNOME'), ('XAUTHORITY', '/run/user/1000/.mutter-Xwaylandauth.NV73K2'), ('XDG_SESSION_DESKTOP', 'ubuntu'), ('XMODIFIERS', '@im=ibus'), ('AMENT_PREFIX_PATH', '/home/robot33-6/student133_ws/install/test_visualization:/home/robot33-6/student133_ws/install/test_parameters:/home/robot33-6/student133_ws/install/test_client:/home/robot33-6/student133_ws/install/test_service:/home/robot33-6/student133_ws/install/test_custom_srv:/home/robot33-6/student133_ws/install/test_custom_publisher:/home/robot33-6/student133_ws/install/test_castom_publisher:/home/robot33-6/student133_ws/install/test_custom_msg:/home/robot33-6/student133_ws/install/test_subscriber:/home/robot33-6/student133_ws/install/test_publisher:/home/robot33-6/student133_ws/install/test_pkg:/opt/ros/humble'), ('SNAP_ARCH', 'amd64'), ('SNAP_COOKIE', 'zfxwyVEa0dSM0vT388UHnSyWy-Mv84K8RE-CWR0OLT2wc9JrOksa'), ('SNAP_USER_COMMON', '/home/robot33-6/snap/qtcreator-ros/common'), ('SSH_AGENT_LAUNCHER', 'gnome-keyring'), ('SSH_AUTH_SOCK', '/run/user/1000/keyring/ssh'), ('LC_NAME', 'ru_RU.UTF-8'), ('SHELL', '/bin/bash'), ('GDMSESSION', 'ubuntu'), ('QT_ACCESSIBILITY', '1'), ('SNAP_REEXEC', ''), ('SNAP_NAME', 'qtcreator-ros'), ('LC_MEASUREMENT', 'ru_RU.UTF-8'), ('GJS_DEBUG_OUTPUT', 'stderr'), ('LC_IDENTIFICATION', 'ru_RU.UTF-8'), ('QT_IM_MODULE', 'ibus'), ('PWD', '/home/robot33-6/student133_ws/build/test_pkg'), ('QT_QPA_PLATFORM', 'wayland;xcb'), ('SNAP_REAL_HOME', '/home/robot33-6'), ('XDG_CONFIG_DIRS', '/etc/xdg/xdg-ubuntu:/etc/xdg'), ('XDG_DATA_DIRS', '/usr/share/ubuntu:/usr/local/share/:/usr/share/:/var/lib/snapd/desktop'), ('LC_NUMERIC', 'ru_RU.UTF-8'), ('PYTHONPATH', '/home/robot33-6/student133_ws/install/test_custom_srv/local/lib/python3.10/dist-packages:/home/robot33-6/student133_ws/install/test_custom_msg/local/lib/python3.10/dist-packages:/opt/ros/humble/lib/python3.10/site-packages:/opt/ros/humble/local/lib/python3.10/dist-packages'), ('SNAP', '/snap/qtcreator-ros/107'), ('SNAP_EUID', '1000'), ('LC_PAPER', 'ru_RU.UTF-8'), ('COLCON', '1'), ('CMAKE_PREFIX_PATH', '/home/robot33-6/student133_ws/install/test_visualization:/home/robot33-6/student133_ws/install/test_parameters:/home/robot33-6/student133_ws/install/test_client:/home/robot33-6/student133_ws/install/test_service:/home/robot33-6/student133_ws/install/test_custom_srv:/home/robot33-6/student133_ws/install/test_custom_publisher:/home/robot33-6/student133_ws/install/test_castom_publisher:/home/robot33-6/student133_ws/install/test_custom_msg:/home/robot33-6/student133_ws/install/test_subscriber:/home/robot33-6/student133_ws/install/test_publisher:/home/robot33-6/student133_ws/install/test_pkg:/opt/ros/humble'), ('LIBGL_DRIVERS_PATH', '/snap/qtcreator-ros/107/usr/lib/x86_64-linux-gnu/dri')]), 'shell': False}
[0.432064] (test_publisher) JobProgress: {'identifier': 'test_publisher', 'progress': 'cmake'}
[0.434623] (test_publisher) JobProgress: {'identifier': 'test_publisher', 'progress': 'build'}
[0.434741] (test_publisher) Command: {'cmd': ['/usr/bin/cmake', '--build', '/home/robot33-6/student133_ws/build/test_publisher', '--', '-j8', '-l8'], 'cwd': '/home/robot33-6/student133_ws/build/test_publisher', 'env': OrderedDict([('GJS_DEBUG_TOPICS', 'JS ERROR;JS LOG'), ('LC_TIME', 'ru_RU.UTF-8'), ('SNAP_COMMON', '/var/snap/qtcreator-ros/common'), ('SNAP_INSTANCE_KEY', ''), ('USER', 'robot33-6'), ('XDG_SESSION_TYPE', 'wayland'), ('LD_LIBRARY_PATH', '/home/robot33-6/student133_ws/install/test_custom_srv/lib:/home/robot33-6/student133_ws/install/test_custom_msg/lib:/opt/ros/humble/opt/rviz_ogre_vendor/lib:/opt/ros/humble/lib/x86_64-linux-gnu:/opt/ros/humble/lib:/snap/qtcreator-ros/107/lib:/snap/qtcreator-ros/107/usr/lib/x86_64-linux-gnu'), ('SHLVL', '325'), ('SNAP_UID', '1000'), ('HOME', '/home/robot33-6'), ('SNAP_LIBRARY_PATH', '/var/lib/snapd/lib/gl:/var/lib/snapd/lib/gl32:/var/lib/snapd/void'), ('DESKTOP_SESSION', 'ubuntu'), ('QTDIR', '/usr/lib/x86_64-linux-gnu/qt5'), ('SNAP_USER_DATA', '/home/robot33-6/snap/qtcreator-ros/107'), ('GIO_LAUNCHED_DESKTOP_FILE', '/var/lib/snapd/desktop/applications/qtcreator-ros_qtcreator-ros.desktop'), ('GNOME_SHELL_SESSION_MODE', 'ubuntu'), ('GTK_MODULES', 'gail:atk-bridge'), ('ROS_PYTHON_VERSION', '3'), ('LC_MONETARY', 'ru_RU.UTF-8'), ('MANAGERPID', '1373'), ('DBUS_SESSION_BUS_ADDRESS', 'unix:path=/run/user/1000/bus'), ('SYSTEMD_EXEC_PID', '1587'), ('GIO_LAUNCHED_DESKTOP_FILE_PID', '3050'), ('SNAP_REVISION', '107'), ('COLCON_PREFIX_PATH', '/home/robot33-6/student133_ws/install'), ('IM_CONFIG_PHASE', '1'), ('ROS_DISTRO', 'humble'), ('WAYLAND_DISPLAY', 'wayland-0'), ('LOGNAME', 'robot33-6'), ('JOURNAL_STREAM', '8:26382'), ('SNAP_CONTEXT', 'zfxwyVEa0dSM0vT388UHnSyWy-Mv84K8RE-CWR0OLT2wc9JrOksa'), ('_', '/usr/bin/env'), ('ROS_VERSION', '2'), ('SNAP_VERSION', '12.0.2'), ('XDG_SESSION_CLASS', 'user'), ('TERM', 'xterm'), ('USERNAME', 'robot33-6'), ('GNOME_DESKTOP_SESSION_ID', 'this-is-deprecated'), ('ROS_LOCALHOST_ONLY', '0'), ('SNAP_INSTANCE_NAME', 'qtcreator-ros'), ('PATH', '/opt/ros/humble/bin:/usr/local/sbin:/usr/local/bin:/usr/sbin:/usr/bin:/sbin:/bin:/usr/games:/usr/local/games:/snap/bin:/snap/bin'), ('INVOCATION_ID', '8be6e9d5a46c4dde9fbe4351f65a98da'), ('SESSION_MANAGER', 'local/robot33-6:@/tmp/.ICE-unix/1547,unix/robot33-6:/tmp/.ICE-unix/1547'), ('BAMF_DESKTOP_FILE_HINT', '/var/lib/snapd/desktop/applications/qtcreator-ros_qtcreator-ros.desktop'), ('GNOME_SETUP_DISPLAY', ':1'), ('LC_ADDRESS', 'ru_RU.UTF-8'), ('SNAP_DATA', '/var/snap/qtcreator-ros/107'), ('XDG_MENU_PREFIX', 'gnome-'), ('XDG_RUNTIME_DIR', '/run/user/1000'), ('DISPLAY', ':0'), ('LANG', 'en_US.UTF-8'), ('LC_TELEPHONE', 'ru_RU.UTF-8'), ('XDG_CURRENT_DESKTOP', 'ubuntu:GNOME'), ('XAUTHORITY', '/run/user/1000/.mutter-Xwaylandauth.NV73K2'), ('XDG_SESSION_DESKTOP', 'ubuntu'), ('XMODIFIERS', '@im=ibus'), ('AMENT_PREFIX_PATH', '/home/robot33-6/student133_ws/install/test_visualization:/home/robot33-6/student133_ws/install/test_parameters:/home/robot33-6/student133_ws/install/test_client:/home/robot33-6/student133_ws/install/test_service:/home/robot33-6/student133_ws/install/test_custom_srv:/home/robot33-6/student133_ws/install/test_custom_publisher:/home/robot33-6/student133_ws/install/test_castom_publisher:/home/robot33-6/student133_ws/install/test_custom_msg:/home/robot33-6/student133_ws/install/test_subscriber:/home/robot33-6/student133_ws/install/test_publisher:/home/robot33-6/student133_ws/install/test_pkg:/opt/ros/humble'), ('SNAP_ARCH', 'amd64'), ('SNAP_COOKIE', 'zfxwyVEa0dSM0vT388UHnSyWy-Mv84K8RE-CWR0OLT2wc9JrOksa'), ('SNAP_USER_COMMON', '/home/robot33-6/snap/qtcreator-ros/common'), ('SSH_AGENT_LAUNCHER', 'gnome-keyring'), ('SSH_AUTH_SOCK', '/run/user/1000/keyring/ssh'), ('LC_NAME', 'ru_RU.UTF-8'), ('SHELL', '/bin/bash'), ('GDMSESSION', 'ubuntu'), ('QT_ACCESSIBILITY', '1'), ('SNAP_REEXEC', ''), ('SNAP_NAME', 'qtcreator-ros'), ('LC_MEASUREMENT', 'ru_RU.UTF-8'), ('GJS_DEBUG_OUTPUT', 'stderr'), ('LC_IDENTIFICATION', 'ru_RU.UTF-8'), ('QT_IM_MODULE', 'ibus'), ('PWD', '/home/robot33-6/student133_ws/build/test_publisher'), ('QT_QPA_PLATFORM', 'wayland;xcb'), ('SNAP_REAL_HOME', '/home/robot33-6'), ('XDG_CONFIG_DIRS', '/etc/xdg/xdg-ubuntu:/etc/xdg'), ('XDG_DATA_DIRS', '/usr/share/ubuntu:/usr/local/share/:/usr/share/:/var/lib/snapd/desktop'), ('LC_NUMERIC', 'ru_RU.UTF-8'), ('PYTHONPATH', '/home/robot33-6/student133_ws/install/test_custom_srv/local/lib/python3.10/dist-packages:/home/robot33-6/student133_ws/install/test_custom_msg/local/lib/python3.10/dist-packages:/opt/ros/humble/lib/python3.10/site-packages:/opt/ros/humble/local/lib/python3.10/dist-packages'), ('SNAP', '/snap/qtcreator-ros/107'), ('SNAP_EUID', '1000'), ('LC_PAPER', 'ru_RU.UTF-8'), ('COLCON', '1'), ('CMAKE_PREFIX_PATH', '/home/robot33-6/student133_ws/install/test_visualization:/home/robot33-6/student133_ws/install/test_parameters:/home/robot33-6/student133_ws/install/test_client:/home/robot33-6/student133_ws/install/test_service:/home/robot33-6/student133_ws/install/test_custom_srv:/home/robot33-6/student133_ws/install/test_custom_publisher:/home/robot33-6/student133_ws/install/test_castom_publisher:/home/robot33-6/student133_ws/install/test_custom_msg:/home/robot33-6/student133_ws/install/test_subscriber:/home/robot33-6/student133_ws/install/test_publisher:/home/robot33-6/student133_ws/install/test_pkg:/opt/ros/humble'), ('LIBGL_DRIVERS_PATH', '/snap/qtcreator-ros/107/usr/lib/x86_64-linux-gnu/dri')]), 'shell': False}
[0.438924] (test_service) JobProgress: {'identifier': 'test_service', 'progress': 'cmake'}
[0.439716] (test_service) JobProgress: {'identifier': 'test_service', 'progress': 'build'}
[0.439779] (test_service) Command: {'cmd': ['/usr/bin/cmake', '--build', '/home/robot33-6/student133_ws/build/test_service', '--', '-j8', '-l8'], 'cwd': '/home/robot33-6/student133_ws/build/test_service', 'env': OrderedDict([('GJS_DEBUG_TOPICS', 'JS ERROR;JS LOG'), ('LC_TIME', 'ru_RU.UTF-8'), ('SNAP_COMMON', '/var/snap/qtcreator-ros/common'), ('SNAP_INSTANCE_KEY', ''), ('USER', 'robot33-6'), ('XDG_SESSION_TYPE', 'wayland'), ('LD_LIBRARY_PATH', '/home/robot33-6/student133_ws/install/test_custom_srv/lib:/home/robot33-6/student133_ws/install/test_custom_msg/lib:/opt/ros/humble/opt/rviz_ogre_vendor/lib:/opt/ros/humble/lib/x86_64-linux-gnu:/opt/ros/humble/lib:/snap/qtcreator-ros/107/lib:/snap/qtcreator-ros/107/usr/lib/x86_64-linux-gnu'), ('SHLVL', '325'), ('SNAP_UID', '1000'), ('HOME', '/home/robot33-6'), ('SNAP_LIBRARY_PATH', '/var/lib/snapd/lib/gl:/var/lib/snapd/lib/gl32:/var/lib/snapd/void'), ('DESKTOP_SESSION', 'ubuntu'), ('QTDIR', '/usr/lib/x86_64-linux-gnu/qt5'), ('SNAP_USER_DATA', '/home/robot33-6/snap/qtcreator-ros/107'), ('GIO_LAUNCHED_DESKTOP_FILE', '/var/lib/snapd/desktop/applications/qtcreator-ros_qtcreator-ros.desktop'), ('GNOME_SHELL_SESSION_MODE', 'ubuntu'), ('GTK_MODULES', 'gail:atk-bridge'), ('ROS_PYTHON_VERSION', '3'), ('LC_MONETARY', 'ru_RU.UTF-8'), ('MANAGERPID', '1373'), ('DBUS_SESSION_BUS_ADDRESS', 'unix:path=/run/user/1000/bus'), ('SYSTEMD_EXEC_PID', '1587'), ('GIO_LAUNCHED_DESKTOP_FILE_PID', '3050'), ('SNAP_REVISION', '107'), ('COLCON_PREFIX_PATH', '/home/robot33-6/student133_ws/install'), ('IM_CONFIG_PHASE', '1'), ('ROS_DISTRO', 'humble'), ('WAYLAND_DISPLAY', 'wayland-0'), ('LOGNAME', 'robot33-6'), ('JOURNAL_STREAM', '8:26382'), ('SNAP_CONTEXT', 'zfxwyVEa0dSM0vT388UHnSyWy-Mv84K8RE-CWR0OLT2wc9JrOksa'), ('_', '/usr/bin/env'), ('ROS_VERSION', '2'), ('SNAP_VERSION', '12.0.2'), ('XDG_SESSION_CLASS', 'user'), ('TERM', 'xterm'), ('USERNAME', 'robot33-6'), ('GNOME_DESKTOP_SESSION_ID', 'this-is-deprecated'), ('ROS_LOCALHOST_ONLY', '0'), ('SNAP_INSTANCE_NAME', 'qtcreator-ros'), ('PATH', '/opt/ros/humble/bin:/usr/local/sbin:/usr/local/bin:/usr/sbin:/usr/bin:/sbin:/bin:/usr/games:/usr/local/games:/snap/bin:/snap/bin'), ('INVOCATION_ID', '8be6e9d5a46c4dde9fbe4351f65a98da'), ('SESSION_MANAGER', 'local/robot33-6:@/tmp/.ICE-unix/1547,unix/robot33-6:/tmp/.ICE-unix/1547'), ('BAMF_DESKTOP_FILE_HINT', '/var/lib/snapd/desktop/applications/qtcreator-ros_qtcreator-ros.desktop'), ('GNOME_SETUP_DISPLAY', ':1'), ('LC_ADDRESS', 'ru_RU.UTF-8'), ('SNAP_DATA', '/var/snap/qtcreator-ros/107'), ('XDG_MENU_PREFIX', 'gnome-'), ('XDG_RUNTIME_DIR', '/run/user/1000'), ('DISPLAY', ':0'), ('LANG', 'en_US.UTF-8'), ('LC_TELEPHONE', 'ru_RU.UTF-8'), ('XDG_CURRENT_DESKTOP', 'ubuntu:GNOME'), ('XAUTHORITY', '/run/user/1000/.mutter-Xwaylandauth.NV73K2'), ('XDG_SESSION_DESKTOP', 'ubuntu'), ('XMODIFIERS', '@im=ibus'), ('AMENT_PREFIX_PATH', '/home/robot33-6/student133_ws/install/test_visualization:/home/robot33-6/student133_ws/install/test_parameters:/home/robot33-6/student133_ws/install/test_client:/home/robot33-6/student133_ws/install/test_service:/home/robot33-6/student133_ws/install/test_custom_srv:/home/robot33-6/student133_ws/install/test_custom_publisher:/home/robot33-6/student133_ws/install/test_castom_publisher:/home/robot33-6/student133_ws/install/test_custom_msg:/home/robot33-6/student133_ws/install/test_subscriber:/home/robot33-6/student133_ws/install/test_publisher:/home/robot33-6/student133_ws/install/test_pkg:/opt/ros/humble'), ('SNAP_ARCH', 'amd64'), ('SNAP_COOKIE', 'zfxwyVEa0dSM0vT388UHnSyWy-Mv84K8RE-CWR0OLT2wc9JrOksa'), ('SNAP_USER_COMMON', '/home/robot33-6/snap/qtcreator-ros/common'), ('SSH_AGENT_LAUNCHER', 'gnome-keyring'), ('SSH_AUTH_SOCK', '/run/user/1000/keyring/ssh'), ('LC_NAME', 'ru_RU.UTF-8'), ('SHELL', '/bin/bash'), ('GDMSESSION', 'ubuntu'), ('QT_ACCESSIBILITY', '1'), ('SNAP_REEXEC', ''), ('SNAP_NAME', 'qtcreator-ros'), ('LC_MEASUREMENT', 'ru_RU.UTF-8'), ('GJS_DEBUG_OUTPUT', 'stderr'), ('LC_IDENTIFICATION', 'ru_RU.UTF-8'), ('QT_IM_MODULE', 'ibus'), ('PWD', '/home/robot33-6/student133_ws/build/test_service'), ('QT_QPA_PLATFORM', 'wayland;xcb'), ('SNAP_REAL_HOME', '/home/robot33-6'), ('XDG_CONFIG_DIRS', '/etc/xdg/xdg-ubuntu:/etc/xdg'), ('XDG_DATA_DIRS', '/usr/share/ubuntu:/usr/local/share/:/usr/share/:/var/lib/snapd/desktop'), ('LC_NUMERIC', 'ru_RU.UTF-8'), ('PYTHONPATH', '/home/robot33-6/student133_ws/install/test_custom_srv/local/lib/python3.10/dist-packages:/home/robot33-6/student133_ws/install/test_custom_msg/local/lib/python3.10/dist-packages:/opt/ros/humble/lib/python3.10/site-packages:/opt/ros/humble/local/lib/python3.10/dist-packages'), ('SNAP', '/snap/qtcreator-ros/107'), ('SNAP_EUID', '1000'), ('LC_PAPER', 'ru_RU.UTF-8'), ('COLCON', '1'), ('CMAKE_PREFIX_PATH', '/home/robot33-6/student133_ws/install/test_visualization:/home/robot33-6/student133_ws/install/test_parameters:/home/robot33-6/student133_ws/install/test_client:/home/robot33-6/student133_ws/install/test_service:/home/robot33-6/student133_ws/install/test_custom_srv:/home/robot33-6/student133_ws/install/test_custom_publisher:/home/robot33-6/student133_ws/install/test_castom_publisher:/home/robot33-6/student133_ws/install/test_custom_msg:/home/robot33-6/student133_ws/install/test_subscriber:/home/robot33-6/student133_ws/install/test_publisher:/home/robot33-6/student133_ws/install/test_pkg:/opt/ros/humble'), ('LIBGL_DRIVERS_PATH', '/snap/qtcreator-ros/107/usr/lib/x86_64-linux-gnu/dri')]), 'shell': False}
[0.449428] (test_custom_msg) StdoutLine: {'line': b'-- Found ament_cmake: 1.3.7 (/opt/ros/humble/share/ament_cmake/cmake)\n'}
[0.475123] (test_custom_publisher) StdoutLine: {'line': b'Consolidate compiler generated dependencies of target test_custom_publisher_node\n'}
[0.480284] (test_client) StdoutLine: {'line': b'[100%] Built target test_client_node\n'}
[0.487736] (test_custom_srv) StdoutLine: {'line': b'[  9%] Built target test_custom_srv__rosidl_generator_c\n'}
[0.490481] (test_custom_srv) StdoutLine: {'line': b'[ 12%] Built target test_custom_srv__cpp\n'}
[0.495210] (test_client) CommandEnded: {'returncode': 0}
[0.500433] (-) TimerEvent: {}
[0.536044] (test_custom_publisher) StdoutLine: {'line': b'[ 50%] Building CXX object CMakeFiles/test_custom_publisher_node.dir/src/test_custom_publisher.cpp.o\n'}
[0.536285] (test_custom_srv) StdoutLine: {'line': b'[ 12%] Built target ament_cmake_python_copy_test_custom_srv\n'}
[0.536396] (test_custom_srv) StdoutLine: {'line': b'[ 22%] Built target test_custom_srv__rosidl_typesupport_introspection_c\n'}
[0.536489] (test_parameters) StdoutLine: {'line': b'[100%] Built target test_parameters_node\n'}
[0.536619] (test_pkg) StdoutLine: {'line': b'[100%] Built target test_pkg_node\n'}
[0.536728] (test_service) StdoutLine: {'line': b'[100%] Built target test_service_node\n'}
[0.536827] (test_publisher) StdoutLine: {'line': b'[100%] Built target test_publisher_node\n'}
[0.537200] (test_parameters) CommandEnded: {'returncode': 0}
[0.539956] (test_pkg) CommandEnded: {'returncode': 0}
[0.547305] (test_service) CommandEnded: {'returncode': 0}
[0.555246] (test_custom_srv) StdoutLine: {'line': b'[ 32%] Built target test_custom_srv__rosidl_typesupport_fastrtps_c\n'}
[0.555468] (test_custom_srv) StdoutLine: {'line': b'[ 41%] Built target test_custom_srv__rosidl_typesupport_c\n'}
[0.555576] (test_custom_srv) StdoutLine: {'line': b'[ 51%] Built target test_custom_srv__rosidl_typesupport_introspection_cpp\n'}
[0.555673] (test_custom_srv) StdoutLine: {'line': b'[ 61%] Built target test_custom_srv__rosidl_typesupport_fastrtps_cpp\n'}
[0.555780] (test_publisher) CommandEnded: {'returncode': 0}
[0.564102] (test_custom_srv) StdoutLine: {'line': b'[ 70%] Built target test_custom_srv__rosidl_typesupport_cpp\n'}
[0.569308] (test_parameters) JobProgress: {'identifier': 'test_parameters', 'progress': 'install'}
[0.579626] (test_parameters) Command: {'cmd': ['/usr/bin/cmake', '--install', '/home/robot33-6/student133_ws/build/test_parameters'], 'cwd': '/home/robot33-6/student133_ws/build/test_parameters', 'env': OrderedDict([('GJS_DEBUG_TOPICS', 'JS ERROR;JS LOG'), ('LC_TIME', 'ru_RU.UTF-8'), ('SNAP_COMMON', '/var/snap/qtcreator-ros/common'), ('SNAP_INSTANCE_KEY', ''), ('USER', 'robot33-6'), ('XDG_SESSION_TYPE', 'wayland'), ('LD_LIBRARY_PATH', '/home/robot33-6/student133_ws/install/test_custom_srv/lib:/home/robot33-6/student133_ws/install/test_custom_msg/lib:/opt/ros/humble/opt/rviz_ogre_vendor/lib:/opt/ros/humble/lib/x86_64-linux-gnu:/opt/ros/humble/lib:/snap/qtcreator-ros/107/lib:/snap/qtcreator-ros/107/usr/lib/x86_64-linux-gnu'), ('SHLVL', '325'), ('SNAP_UID', '1000'), ('HOME', '/home/robot33-6'), ('SNAP_LIBRARY_PATH', '/var/lib/snapd/lib/gl:/var/lib/snapd/lib/gl32:/var/lib/snapd/void'), ('DESKTOP_SESSION', 'ubuntu'), ('QTDIR', '/usr/lib/x86_64-linux-gnu/qt5'), ('SNAP_USER_DATA', '/home/robot33-6/snap/qtcreator-ros/107'), ('GIO_LAUNCHED_DESKTOP_FILE', '/var/lib/snapd/desktop/applications/qtcreator-ros_qtcreator-ros.desktop'), ('GNOME_SHELL_SESSION_MODE', 'ubuntu'), ('GTK_MODULES', 'gail:atk-bridge'), ('ROS_PYTHON_VERSION', '3'), ('LC_MONETARY', 'ru_RU.UTF-8'), ('MANAGERPID', '1373'), ('DBUS_SESSION_BUS_ADDRESS', 'unix:path=/run/user/1000/bus'), ('SYSTEMD_EXEC_PID', '1587'), ('GIO_LAUNCHED_DESKTOP_FILE_PID', '3050'), ('SNAP_REVISION', '107'), ('COLCON_PREFIX_PATH', '/home/robot33-6/student133_ws/install'), ('IM_CONFIG_PHASE', '1'), ('ROS_DISTRO', 'humble'), ('WAYLAND_DISPLAY', 'wayland-0'), ('LOGNAME', 'robot33-6'), ('JOURNAL_STREAM', '8:26382'), ('SNAP_CONTEXT', 'zfxwyVEa0dSM0vT388UHnSyWy-Mv84K8RE-CWR0OLT2wc9JrOksa'), ('_', '/usr/bin/env'), ('ROS_VERSION', '2'), ('SNAP_VERSION', '12.0.2'), ('XDG_SESSION_CLASS', 'user'), ('TERM', 'xterm'), ('USERNAME', 'robot33-6'), ('GNOME_DESKTOP_SESSION_ID', 'this-is-deprecated'), ('ROS_LOCALHOST_ONLY', '0'), ('SNAP_INSTANCE_NAME', 'qtcreator-ros'), ('PATH', '/opt/ros/humble/bin:/usr/local/sbin:/usr/local/bin:/usr/sbin:/usr/bin:/sbin:/bin:/usr/games:/usr/local/games:/snap/bin:/snap/bin'), ('INVOCATION_ID', '8be6e9d5a46c4dde9fbe4351f65a98da'), ('SESSION_MANAGER', 'local/robot33-6:@/tmp/.ICE-unix/1547,unix/robot33-6:/tmp/.ICE-unix/1547'), ('BAMF_DESKTOP_FILE_HINT', '/var/lib/snapd/desktop/applications/qtcreator-ros_qtcreator-ros.desktop'), ('GNOME_SETUP_DISPLAY', ':1'), ('LC_ADDRESS', 'ru_RU.UTF-8'), ('SNAP_DATA', '/var/snap/qtcreator-ros/107'), ('XDG_MENU_PREFIX', 'gnome-'), ('XDG_RUNTIME_DIR', '/run/user/1000'), ('DISPLAY', ':0'), ('LANG', 'en_US.UTF-8'), ('LC_TELEPHONE', 'ru_RU.UTF-8'), ('XDG_CURRENT_DESKTOP', 'ubuntu:GNOME'), ('XAUTHORITY', '/run/user/1000/.mutter-Xwaylandauth.NV73K2'), ('XDG_SESSION_DESKTOP', 'ubuntu'), ('XMODIFIERS', '@im=ibus'), ('AMENT_PREFIX_PATH', '/home/robot33-6/student133_ws/install/test_visualization:/home/robot33-6/student133_ws/install/test_parameters:/home/robot33-6/student133_ws/install/test_client:/home/robot33-6/student133_ws/install/test_service:/home/robot33-6/student133_ws/install/test_custom_srv:/home/robot33-6/student133_ws/install/test_custom_publisher:/home/robot33-6/student133_ws/install/test_castom_publisher:/home/robot33-6/student133_ws/install/test_custom_msg:/home/robot33-6/student133_ws/install/test_subscriber:/home/robot33-6/student133_ws/install/test_publisher:/home/robot33-6/student133_ws/install/test_pkg:/opt/ros/humble'), ('SNAP_ARCH', 'amd64'), ('SNAP_COOKIE', 'zfxwyVEa0dSM0vT388UHnSyWy-Mv84K8RE-CWR0OLT2wc9JrOksa'), ('SNAP_USER_COMMON', '/home/robot33-6/snap/qtcreator-ros/common'), ('SSH_AGENT_LAUNCHER', 'gnome-keyring'), ('SSH_AUTH_SOCK', '/run/user/1000/keyring/ssh'), ('LC_NAME', 'ru_RU.UTF-8'), ('SHELL', '/bin/bash'), ('GDMSESSION', 'ubuntu'), ('QT_ACCESSIBILITY', '1'), ('SNAP_REEXEC', ''), ('SNAP_NAME', 'qtcreator-ros'), ('LC_MEASUREMENT', 'ru_RU.UTF-8'), ('GJS_DEBUG_OUTPUT', 'stderr'), ('LC_IDENTIFICATION', 'ru_RU.UTF-8'), ('QT_IM_MODULE', 'ibus'), ('PWD', '/home/robot33-6/student133_ws/build/test_parameters'), ('QT_QPA_PLATFORM', 'wayland;xcb'), ('SNAP_REAL_HOME', '/home/robot33-6'), ('XDG_CONFIG_DIRS', '/etc/xdg/xdg-ubuntu:/etc/xdg'), ('XDG_DATA_DIRS', '/usr/share/ubuntu:/usr/local/share/:/usr/share/:/var/lib/snapd/desktop'), ('LC_NUMERIC', 'ru_RU.UTF-8'), ('PYTHONPATH', '/home/robot33-6/student133_ws/install/test_custom_srv/local/lib/python3.10/dist-packages:/home/robot33-6/student133_ws/install/test_custom_msg/local/lib/python3.10/dist-packages:/opt/ros/humble/lib/python3.10/site-packages:/opt/ros/humble/local/lib/python3.10/dist-packages'), ('SNAP', '/snap/qtcreator-ros/107'), ('SNAP_EUID', '1000'), ('LC_PAPER', 'ru_RU.UTF-8'), ('COLCON', '1'), ('CMAKE_PREFIX_PATH', '/home/robot33-6/student133_ws/install/test_visualization:/home/robot33-6/student133_ws/install/test_parameters:/home/robot33-6/student133_ws/install/test_client:/home/robot33-6/student133_ws/install/test_service:/home/robot33-6/student133_ws/install/test_custom_srv:/home/robot33-6/student133_ws/install/test_custom_publisher:/home/robot33-6/student133_ws/install/test_castom_publisher:/home/robot33-6/student133_ws/install/test_custom_msg:/home/robot33-6/student133_ws/install/test_subscriber:/home/robot33-6/student133_ws/install/test_publisher:/home/robot33-6/student133_ws/install/test_pkg:/opt/ros/humble'), ('LIBGL_DRIVERS_PATH', '/snap/qtcreator-ros/107/usr/lib/x86_64-linux-gnu/dri')]), 'shell': False}
[0.582804] (test_service) JobProgress: {'identifier': 'test_service', 'progress': 'install'}
[0.582891] (test_service) Command: {'cmd': ['/usr/bin/cmake', '--install', '/home/robot33-6/student133_ws/build/test_service'], 'cwd': '/home/robot33-6/student133_ws/build/test_service', 'env': OrderedDict([('GJS_DEBUG_TOPICS', 'JS ERROR;JS LOG'), ('LC_TIME', 'ru_RU.UTF-8'), ('SNAP_COMMON', '/var/snap/qtcreator-ros/common'), ('SNAP_INSTANCE_KEY', ''), ('USER', 'robot33-6'), ('XDG_SESSION_TYPE', 'wayland'), ('LD_LIBRARY_PATH', '/home/robot33-6/student133_ws/install/test_custom_srv/lib:/home/robot33-6/student133_ws/install/test_custom_msg/lib:/opt/ros/humble/opt/rviz_ogre_vendor/lib:/opt/ros/humble/lib/x86_64-linux-gnu:/opt/ros/humble/lib:/snap/qtcreator-ros/107/lib:/snap/qtcreator-ros/107/usr/lib/x86_64-linux-gnu'), ('SHLVL', '325'), ('SNAP_UID', '1000'), ('HOME', '/home/robot33-6'), ('SNAP_LIBRARY_PATH', '/var/lib/snapd/lib/gl:/var/lib/snapd/lib/gl32:/var/lib/snapd/void'), ('DESKTOP_SESSION', 'ubuntu'), ('QTDIR', '/usr/lib/x86_64-linux-gnu/qt5'), ('SNAP_USER_DATA', '/home/robot33-6/snap/qtcreator-ros/107'), ('GIO_LAUNCHED_DESKTOP_FILE', '/var/lib/snapd/desktop/applications/qtcreator-ros_qtcreator-ros.desktop'), ('GNOME_SHELL_SESSION_MODE', 'ubuntu'), ('GTK_MODULES', 'gail:atk-bridge'), ('ROS_PYTHON_VERSION', '3'), ('LC_MONETARY', 'ru_RU.UTF-8'), ('MANAGERPID', '1373'), ('DBUS_SESSION_BUS_ADDRESS', 'unix:path=/run/user/1000/bus'), ('SYSTEMD_EXEC_PID', '1587'), ('GIO_LAUNCHED_DESKTOP_FILE_PID', '3050'), ('SNAP_REVISION', '107'), ('COLCON_PREFIX_PATH', '/home/robot33-6/student133_ws/install'), ('IM_CONFIG_PHASE', '1'), ('ROS_DISTRO', 'humble'), ('WAYLAND_DISPLAY', 'wayland-0'), ('LOGNAME', 'robot33-6'), ('JOURNAL_STREAM', '8:26382'), ('SNAP_CONTEXT', 'zfxwyVEa0dSM0vT388UHnSyWy-Mv84K8RE-CWR0OLT2wc9JrOksa'), ('_', '/usr/bin/env'), ('ROS_VERSION', '2'), ('SNAP_VERSION', '12.0.2'), ('XDG_SESSION_CLASS', 'user'), ('TERM', 'xterm'), ('USERNAME', 'robot33-6'), ('GNOME_DESKTOP_SESSION_ID', 'this-is-deprecated'), ('ROS_LOCALHOST_ONLY', '0'), ('SNAP_INSTANCE_NAME', 'qtcreator-ros'), ('PATH', '/opt/ros/humble/bin:/usr/local/sbin:/usr/local/bin:/usr/sbin:/usr/bin:/sbin:/bin:/usr/games:/usr/local/games:/snap/bin:/snap/bin'), ('INVOCATION_ID', '8be6e9d5a46c4dde9fbe4351f65a98da'), ('SESSION_MANAGER', 'local/robot33-6:@/tmp/.ICE-unix/1547,unix/robot33-6:/tmp/.ICE-unix/1547'), ('BAMF_DESKTOP_FILE_HINT', '/var/lib/snapd/desktop/applications/qtcreator-ros_qtcreator-ros.desktop'), ('GNOME_SETUP_DISPLAY', ':1'), ('LC_ADDRESS', 'ru_RU.UTF-8'), ('SNAP_DATA', '/var/snap/qtcreator-ros/107'), ('XDG_MENU_PREFIX', 'gnome-'), ('XDG_RUNTIME_DIR', '/run/user/1000'), ('DISPLAY', ':0'), ('LANG', 'en_US.UTF-8'), ('LC_TELEPHONE', 'ru_RU.UTF-8'), ('XDG_CURRENT_DESKTOP', 'ubuntu:GNOME'), ('XAUTHORITY', '/run/user/1000/.mutter-Xwaylandauth.NV73K2'), ('XDG_SESSION_DESKTOP', 'ubuntu'), ('XMODIFIERS', '@im=ibus'), ('AMENT_PREFIX_PATH', '/home/robot33-6/student133_ws/install/test_visualization:/home/robot33-6/student133_ws/install/test_parameters:/home/robot33-6/student133_ws/install/test_client:/home/robot33-6/student133_ws/install/test_service:/home/robot33-6/student133_ws/install/test_custom_srv:/home/robot33-6/student133_ws/install/test_custom_publisher:/home/robot33-6/student133_ws/install/test_castom_publisher:/home/robot33-6/student133_ws/install/test_custom_msg:/home/robot33-6/student133_ws/install/test_subscriber:/home/robot33-6/student133_ws/install/test_publisher:/home/robot33-6/student133_ws/install/test_pkg:/opt/ros/humble'), ('SNAP_ARCH', 'amd64'), ('SNAP_COOKIE', 'zfxwyVEa0dSM0vT388UHnSyWy-Mv84K8RE-CWR0OLT2wc9JrOksa'), ('SNAP_USER_COMMON', '/home/robot33-6/snap/qtcreator-ros/common'), ('SSH_AGENT_LAUNCHER', 'gnome-keyring'), ('SSH_AUTH_SOCK', '/run/user/1000/keyring/ssh'), ('LC_NAME', 'ru_RU.UTF-8'), ('SHELL', '/bin/bash'), ('GDMSESSION', 'ubuntu'), ('QT_ACCESSIBILITY', '1'), ('SNAP_REEXEC', ''), ('SNAP_NAME', 'qtcreator-ros'), ('LC_MEASUREMENT', 'ru_RU.UTF-8'), ('GJS_DEBUG_OUTPUT', 'stderr'), ('LC_IDENTIFICATION', 'ru_RU.UTF-8'), ('QT_IM_MODULE', 'ibus'), ('PWD', '/home/robot33-6/student133_ws/build/test_service'), ('QT_QPA_PLATFORM', 'wayland;xcb'), ('SNAP_REAL_HOME', '/home/robot33-6'), ('XDG_CONFIG_DIRS', '/etc/xdg/xdg-ubuntu:/etc/xdg'), ('XDG_DATA_DIRS', '/usr/share/ubuntu:/usr/local/share/:/usr/share/:/var/lib/snapd/desktop'), ('LC_NUMERIC', 'ru_RU.UTF-8'), ('PYTHONPATH', '/home/robot33-6/student133_ws/install/test_custom_srv/local/lib/python3.10/dist-packages:/home/robot33-6/student133_ws/install/test_custom_msg/local/lib/python3.10/dist-packages:/opt/ros/humble/lib/python3.10/site-packages:/opt/ros/humble/local/lib/python3.10/dist-packages'), ('SNAP', '/snap/qtcreator-ros/107'), ('SNAP_EUID', '1000'), ('LC_PAPER', 'ru_RU.UTF-8'), ('COLCON', '1'), ('CMAKE_PREFIX_PATH', '/home/robot33-6/student133_ws/install/test_visualization:/home/robot33-6/student133_ws/install/test_parameters:/home/robot33-6/student133_ws/install/test_client:/home/robot33-6/student133_ws/install/test_service:/home/robot33-6/student133_ws/install/test_custom_srv:/home/robot33-6/student133_ws/install/test_custom_publisher:/home/robot33-6/student133_ws/install/test_castom_publisher:/home/robot33-6/student133_ws/install/test_custom_msg:/home/robot33-6/student133_ws/install/test_subscriber:/home/robot33-6/student133_ws/install/test_publisher:/home/robot33-6/student133_ws/install/test_pkg:/opt/ros/humble'), ('LIBGL_DRIVERS_PATH', '/snap/qtcreator-ros/107/usr/lib/x86_64-linux-gnu/dri')]), 'shell': False}
[0.584420] (test_pkg) JobProgress: {'identifier': 'test_pkg', 'progress': 'install'}
[0.584513] (test_pkg) Command: {'cmd': ['/usr/bin/cmake', '--install', '/home/robot33-6/student133_ws/build/test_pkg'], 'cwd': '/home/robot33-6/student133_ws/build/test_pkg', 'env': OrderedDict([('GJS_DEBUG_TOPICS', 'JS ERROR;JS LOG'), ('LC_TIME', 'ru_RU.UTF-8'), ('SNAP_COMMON', '/var/snap/qtcreator-ros/common'), ('SNAP_INSTANCE_KEY', ''), ('USER', 'robot33-6'), ('XDG_SESSION_TYPE', 'wayland'), ('LD_LIBRARY_PATH', '/home/robot33-6/student133_ws/install/test_custom_srv/lib:/home/robot33-6/student133_ws/install/test_custom_msg/lib:/opt/ros/humble/opt/rviz_ogre_vendor/lib:/opt/ros/humble/lib/x86_64-linux-gnu:/opt/ros/humble/lib:/snap/qtcreator-ros/107/lib:/snap/qtcreator-ros/107/usr/lib/x86_64-linux-gnu'), ('SHLVL', '325'), ('SNAP_UID', '1000'), ('HOME', '/home/robot33-6'), ('SNAP_LIBRARY_PATH', '/var/lib/snapd/lib/gl:/var/lib/snapd/lib/gl32:/var/lib/snapd/void'), ('DESKTOP_SESSION', 'ubuntu'), ('QTDIR', '/usr/lib/x86_64-linux-gnu/qt5'), ('SNAP_USER_DATA', '/home/robot33-6/snap/qtcreator-ros/107'), ('GIO_LAUNCHED_DESKTOP_FILE', '/var/lib/snapd/desktop/applications/qtcreator-ros_qtcreator-ros.desktop'), ('GNOME_SHELL_SESSION_MODE', 'ubuntu'), ('GTK_MODULES', 'gail:atk-bridge'), ('ROS_PYTHON_VERSION', '3'), ('LC_MONETARY', 'ru_RU.UTF-8'), ('MANAGERPID', '1373'), ('DBUS_SESSION_BUS_ADDRESS', 'unix:path=/run/user/1000/bus'), ('SYSTEMD_EXEC_PID', '1587'), ('GIO_LAUNCHED_DESKTOP_FILE_PID', '3050'), ('SNAP_REVISION', '107'), ('COLCON_PREFIX_PATH', '/home/robot33-6/student133_ws/install'), ('IM_CONFIG_PHASE', '1'), ('ROS_DISTRO', 'humble'), ('WAYLAND_DISPLAY', 'wayland-0'), ('LOGNAME', 'robot33-6'), ('JOURNAL_STREAM', '8:26382'), ('SNAP_CONTEXT', 'zfxwyVEa0dSM0vT388UHnSyWy-Mv84K8RE-CWR0OLT2wc9JrOksa'), ('_', '/usr/bin/env'), ('ROS_VERSION', '2'), ('SNAP_VERSION', '12.0.2'), ('XDG_SESSION_CLASS', 'user'), ('TERM', 'xterm'), ('USERNAME', 'robot33-6'), ('GNOME_DESKTOP_SESSION_ID', 'this-is-deprecated'), ('ROS_LOCALHOST_ONLY', '0'), ('SNAP_INSTANCE_NAME', 'qtcreator-ros'), ('PATH', '/opt/ros/humble/bin:/usr/local/sbin:/usr/local/bin:/usr/sbin:/usr/bin:/sbin:/bin:/usr/games:/usr/local/games:/snap/bin:/snap/bin'), ('INVOCATION_ID', '8be6e9d5a46c4dde9fbe4351f65a98da'), ('SESSION_MANAGER', 'local/robot33-6:@/tmp/.ICE-unix/1547,unix/robot33-6:/tmp/.ICE-unix/1547'), ('BAMF_DESKTOP_FILE_HINT', '/var/lib/snapd/desktop/applications/qtcreator-ros_qtcreator-ros.desktop'), ('GNOME_SETUP_DISPLAY', ':1'), ('LC_ADDRESS', 'ru_RU.UTF-8'), ('SNAP_DATA', '/var/snap/qtcreator-ros/107'), ('XDG_MENU_PREFIX', 'gnome-'), ('XDG_RUNTIME_DIR', '/run/user/1000'), ('DISPLAY', ':0'), ('LANG', 'en_US.UTF-8'), ('LC_TELEPHONE', 'ru_RU.UTF-8'), ('XDG_CURRENT_DESKTOP', 'ubuntu:GNOME'), ('XAUTHORITY', '/run/user/1000/.mutter-Xwaylandauth.NV73K2'), ('XDG_SESSION_DESKTOP', 'ubuntu'), ('XMODIFIERS', '@im=ibus'), ('AMENT_PREFIX_PATH', '/home/robot33-6/student133_ws/install/test_visualization:/home/robot33-6/student133_ws/install/test_parameters:/home/robot33-6/student133_ws/install/test_client:/home/robot33-6/student133_ws/install/test_service:/home/robot33-6/student133_ws/install/test_custom_srv:/home/robot33-6/student133_ws/install/test_custom_publisher:/home/robot33-6/student133_ws/install/test_castom_publisher:/home/robot33-6/student133_ws/install/test_custom_msg:/home/robot33-6/student133_ws/install/test_subscriber:/home/robot33-6/student133_ws/install/test_publisher:/home/robot33-6/student133_ws/install/test_pkg:/opt/ros/humble'), ('SNAP_ARCH', 'amd64'), ('SNAP_COOKIE', 'zfxwyVEa0dSM0vT388UHnSyWy-Mv84K8RE-CWR0OLT2wc9JrOksa'), ('SNAP_USER_COMMON', '/home/robot33-6/snap/qtcreator-ros/common'), ('SSH_AGENT_LAUNCHER', 'gnome-keyring'), ('SSH_AUTH_SOCK', '/run/user/1000/keyring/ssh'), ('LC_NAME', 'ru_RU.UTF-8'), ('SHELL', '/bin/bash'), ('GDMSESSION', 'ubuntu'), ('QT_ACCESSIBILITY', '1'), ('SNAP_REEXEC', ''), ('SNAP_NAME', 'qtcreator-ros'), ('LC_MEASUREMENT', 'ru_RU.UTF-8'), ('GJS_DEBUG_OUTPUT', 'stderr'), ('LC_IDENTIFICATION', 'ru_RU.UTF-8'), ('QT_IM_MODULE', 'ibus'), ('PWD', '/home/robot33-6/student133_ws/build/test_pkg'), ('QT_QPA_PLATFORM', 'wayland;xcb'), ('SNAP_REAL_HOME', '/home/robot33-6'), ('XDG_CONFIG_DIRS', '/etc/xdg/xdg-ubuntu:/etc/xdg'), ('XDG_DATA_DIRS', '/usr/share/ubuntu:/usr/local/share/:/usr/share/:/var/lib/snapd/desktop'), ('LC_NUMERIC', 'ru_RU.UTF-8'), ('PYTHONPATH', '/home/robot33-6/student133_ws/install/test_custom_srv/local/lib/python3.10/dist-packages:/home/robot33-6/student133_ws/install/test_custom_msg/local/lib/python3.10/dist-packages:/opt/ros/humble/lib/python3.10/site-packages:/opt/ros/humble/local/lib/python3.10/dist-packages'), ('SNAP', '/snap/qtcreator-ros/107'), ('SNAP_EUID', '1000'), ('LC_PAPER', 'ru_RU.UTF-8'), ('COLCON', '1'), ('CMAKE_PREFIX_PATH', '/home/robot33-6/student133_ws/install/test_visualization:/home/robot33-6/student133_ws/install/test_parameters:/home/robot33-6/student133_ws/install/test_client:/home/robot33-6/student133_ws/install/test_service:/home/robot33-6/student133_ws/install/test_custom_srv:/home/robot33-6/student133_ws/install/test_custom_publisher:/home/robot33-6/student133_ws/install/test_castom_publisher:/home/robot33-6/student133_ws/install/test_custom_msg:/home/robot33-6/student133_ws/install/test_subscriber:/home/robot33-6/student133_ws/install/test_publisher:/home/robot33-6/student133_ws/install/test_pkg:/opt/ros/humble'), ('LIBGL_DRIVERS_PATH', '/snap/qtcreator-ros/107/usr/lib/x86_64-linux-gnu/dri')]), 'shell': False}
[0.586212] (test_client) JobProgress: {'identifier': 'test_client', 'progress': 'install'}
[0.586297] (test_client) Command: {'cmd': ['/usr/bin/cmake', '--install', '/home/robot33-6/student133_ws/build/test_client'], 'cwd': '/home/robot33-6/student133_ws/build/test_client', 'env': OrderedDict([('GJS_DEBUG_TOPICS', 'JS ERROR;JS LOG'), ('LC_TIME', 'ru_RU.UTF-8'), ('SNAP_COMMON', '/var/snap/qtcreator-ros/common'), ('SNAP_INSTANCE_KEY', ''), ('USER', 'robot33-6'), ('XDG_SESSION_TYPE', 'wayland'), ('LD_LIBRARY_PATH', '/home/robot33-6/student133_ws/install/test_custom_srv/lib:/home/robot33-6/student133_ws/install/test_custom_msg/lib:/opt/ros/humble/opt/rviz_ogre_vendor/lib:/opt/ros/humble/lib/x86_64-linux-gnu:/opt/ros/humble/lib:/snap/qtcreator-ros/107/lib:/snap/qtcreator-ros/107/usr/lib/x86_64-linux-gnu'), ('SHLVL', '325'), ('SNAP_UID', '1000'), ('HOME', '/home/robot33-6'), ('SNAP_LIBRARY_PATH', '/var/lib/snapd/lib/gl:/var/lib/snapd/lib/gl32:/var/lib/snapd/void'), ('DESKTOP_SESSION', 'ubuntu'), ('QTDIR', '/usr/lib/x86_64-linux-gnu/qt5'), ('SNAP_USER_DATA', '/home/robot33-6/snap/qtcreator-ros/107'), ('GIO_LAUNCHED_DESKTOP_FILE', '/var/lib/snapd/desktop/applications/qtcreator-ros_qtcreator-ros.desktop'), ('GNOME_SHELL_SESSION_MODE', 'ubuntu'), ('GTK_MODULES', 'gail:atk-bridge'), ('ROS_PYTHON_VERSION', '3'), ('LC_MONETARY', 'ru_RU.UTF-8'), ('MANAGERPID', '1373'), ('DBUS_SESSION_BUS_ADDRESS', 'unix:path=/run/user/1000/bus'), ('SYSTEMD_EXEC_PID', '1587'), ('GIO_LAUNCHED_DESKTOP_FILE_PID', '3050'), ('SNAP_REVISION', '107'), ('COLCON_PREFIX_PATH', '/home/robot33-6/student133_ws/install'), ('IM_CONFIG_PHASE', '1'), ('ROS_DISTRO', 'humble'), ('WAYLAND_DISPLAY', 'wayland-0'), ('LOGNAME', 'robot33-6'), ('JOURNAL_STREAM', '8:26382'), ('SNAP_CONTEXT', 'zfxwyVEa0dSM0vT388UHnSyWy-Mv84K8RE-CWR0OLT2wc9JrOksa'), ('_', '/usr/bin/env'), ('ROS_VERSION', '2'), ('SNAP_VERSION', '12.0.2'), ('XDG_SESSION_CLASS', 'user'), ('TERM', 'xterm'), ('USERNAME', 'robot33-6'), ('GNOME_DESKTOP_SESSION_ID', 'this-is-deprecated'), ('ROS_LOCALHOST_ONLY', '0'), ('SNAP_INSTANCE_NAME', 'qtcreator-ros'), ('PATH', '/opt/ros/humble/bin:/usr/local/sbin:/usr/local/bin:/usr/sbin:/usr/bin:/sbin:/bin:/usr/games:/usr/local/games:/snap/bin:/snap/bin'), ('INVOCATION_ID', '8be6e9d5a46c4dde9fbe4351f65a98da'), ('SESSION_MANAGER', 'local/robot33-6:@/tmp/.ICE-unix/1547,unix/robot33-6:/tmp/.ICE-unix/1547'), ('BAMF_DESKTOP_FILE_HINT', '/var/lib/snapd/desktop/applications/qtcreator-ros_qtcreator-ros.desktop'), ('GNOME_SETUP_DISPLAY', ':1'), ('LC_ADDRESS', 'ru_RU.UTF-8'), ('SNAP_DATA', '/var/snap/qtcreator-ros/107'), ('XDG_MENU_PREFIX', 'gnome-'), ('XDG_RUNTIME_DIR', '/run/user/1000'), ('DISPLAY', ':0'), ('LANG', 'en_US.UTF-8'), ('LC_TELEPHONE', 'ru_RU.UTF-8'), ('XDG_CURRENT_DESKTOP', 'ubuntu:GNOME'), ('XAUTHORITY', '/run/user/1000/.mutter-Xwaylandauth.NV73K2'), ('XDG_SESSION_DESKTOP', 'ubuntu'), ('XMODIFIERS', '@im=ibus'), ('AMENT_PREFIX_PATH', '/home/robot33-6/student133_ws/install/test_visualization:/home/robot33-6/student133_ws/install/test_parameters:/home/robot33-6/student133_ws/install/test_client:/home/robot33-6/student133_ws/install/test_service:/home/robot33-6/student133_ws/install/test_custom_srv:/home/robot33-6/student133_ws/install/test_custom_publisher:/home/robot33-6/student133_ws/install/test_castom_publisher:/home/robot33-6/student133_ws/install/test_custom_msg:/home/robot33-6/student133_ws/install/test_subscriber:/home/robot33-6/student133_ws/install/test_publisher:/home/robot33-6/student133_ws/install/test_pkg:/opt/ros/humble'), ('SNAP_ARCH', 'amd64'), ('SNAP_COOKIE', 'zfxwyVEa0dSM0vT388UHnSyWy-Mv84K8RE-CWR0OLT2wc9JrOksa'), ('SNAP_USER_COMMON', '/home/robot33-6/snap/qtcreator-ros/common'), ('SSH_AGENT_LAUNCHER', 'gnome-keyring'), ('SSH_AUTH_SOCK', '/run/user/1000/keyring/ssh'), ('LC_NAME', 'ru_RU.UTF-8'), ('SHELL', '/bin/bash'), ('GDMSESSION', 'ubuntu'), ('QT_ACCESSIBILITY', '1'), ('SNAP_REEXEC', ''), ('SNAP_NAME', 'qtcreator-ros'), ('LC_MEASUREMENT', 'ru_RU.UTF-8'), ('GJS_DEBUG_OUTPUT', 'stderr'), ('LC_IDENTIFICATION', 'ru_RU.UTF-8'), ('QT_IM_MODULE', 'ibus'), ('PWD', '/home/robot33-6/student133_ws/build/test_client'), ('QT_QPA_PLATFORM', 'wayland;xcb'), ('SNAP_REAL_HOME', '/home/robot33-6'), ('XDG_CONFIG_DIRS', '/etc/xdg/xdg-ubuntu:/etc/xdg'), ('XDG_DATA_DIRS', '/usr/share/ubuntu:/usr/local/share/:/usr/share/:/var/lib/snapd/desktop'), ('LC_NUMERIC', 'ru_RU.UTF-8'), ('PYTHONPATH', '/home/robot33-6/student133_ws/install/test_custom_srv/local/lib/python3.10/dist-packages:/home/robot33-6/student133_ws/install/test_custom_msg/local/lib/python3.10/dist-packages:/opt/ros/humble/lib/python3.10/site-packages:/opt/ros/humble/local/lib/python3.10/dist-packages'), ('SNAP', '/snap/qtcreator-ros/107'), ('SNAP_EUID', '1000'), ('LC_PAPER', 'ru_RU.UTF-8'), ('COLCON', '1'), ('CMAKE_PREFIX_PATH', '/home/robot33-6/student133_ws/install/test_visualization:/home/robot33-6/student133_ws/install/test_parameters:/home/robot33-6/student133_ws/install/test_client:/home/robot33-6/student133_ws/install/test_service:/home/robot33-6/student133_ws/install/test_custom_srv:/home/robot33-6/student133_ws/install/test_custom_publisher:/home/robot33-6/student133_ws/install/test_castom_publisher:/home/robot33-6/student133_ws/install/test_custom_msg:/home/robot33-6/student133_ws/install/test_subscriber:/home/robot33-6/student133_ws/install/test_publisher:/home/robot33-6/student133_ws/install/test_pkg:/opt/ros/humble'), ('LIBGL_DRIVERS_PATH', '/snap/qtcreator-ros/107/usr/lib/x86_64-linux-gnu/dri')]), 'shell': False}
[0.597131] (test_parameters) StdoutLine: {'line': b'-- Install configuration: "Debug"\n'}
[0.597337] (test_parameters) StdoutLine: {'line': b'-- Up-to-date: /home/robot33-6/student133_ws/install/test_parameters/share/test_parameters/launch\n'}
[0.597435] (test_parameters) StdoutLine: {'line': b'-- Up-to-date: /home/robot33-6/student133_ws/install/test_parameters/share/test_parameters/launch/test_parameters_launch.py\n'}
[0.597522] (test_parameters) StdoutLine: {'line': b'-- Up-to-date: /home/robot33-6/student133_ws/install/test_parameters/lib/test_parameters/test_parameters_node\n'}
[0.597605] (test_parameters) StdoutLine: {'line': b'-- Up-to-date: /home/robot33-6/student133_ws/install/test_parameters/share/ament_index/resource_index/package_run_dependencies/test_parameters\n'}
[0.597721] (test_parameters) StdoutLine: {'line': b'-- Up-to-date: /home/robot33-6/student133_ws/install/test_parameters/share/ament_index/resource_index/parent_prefix_path/test_parameters\n'}
[0.597813] (test_parameters) StdoutLine: {'line': b'-- Up-to-date: /home/robot33-6/student133_ws/install/test_parameters/share/test_parameters/environment/ament_prefix_path.sh\n'}
[0.597899] (test_parameters) StdoutLine: {'line': b'-- Up-to-date: /home/robot33-6/student133_ws/install/test_parameters/share/test_parameters/environment/ament_prefix_path.dsv\n'}
[0.597985] (test_parameters) StdoutLine: {'line': b'-- Up-to-date: /home/robot33-6/student133_ws/install/test_parameters/share/test_parameters/environment/path.sh\n'}
[0.598068] (test_parameters) StdoutLine: {'line': b'-- Up-to-date: /home/robot33-6/student133_ws/install/test_parameters/share/test_parameters/environment/path.dsv\n'}
[0.598151] (test_parameters) StdoutLine: {'line': b'-- Up-to-date: /home/robot33-6/student133_ws/install/test_parameters/share/test_parameters/local_setup.bash\n'}
[0.598235] (test_parameters) StdoutLine: {'line': b'-- Up-to-date: /home/robot33-6/student133_ws/install/test_parameters/share/test_parameters/local_setup.sh\n'}
[0.598315] (test_parameters) StdoutLine: {'line': b'-- Up-to-date: /home/robot33-6/student133_ws/install/test_parameters/share/test_parameters/local_setup.zsh\n'}
[0.598395] (test_parameters) StdoutLine: {'line': b'-- Up-to-date: /home/robot33-6/student133_ws/install/test_parameters/share/test_parameters/local_setup.dsv\n'}
[0.598601] (test_parameters) StdoutLine: {'line': b'-- Installing: /home/robot33-6/student133_ws/install/test_parameters/share/test_parameters/package.dsv\n'}
[0.598691] (test_parameters) StdoutLine: {'line': b'-- Up-to-date: /home/robot33-6/student133_ws/install/test_parameters/share/ament_index/resource_index/packages/test_parameters\n'}
[0.598774] (test_parameters) StdoutLine: {'line': b'-- Up-to-date: /home/robot33-6/student133_ws/install/test_parameters/share/test_parameters/cmake/test_parametersConfig.cmake\n'}
[0.598855] (test_parameters) StdoutLine: {'line': b'-- Up-to-date: /home/robot33-6/student133_ws/install/test_parameters/share/test_parameters/cmake/test_parametersConfig-version.cmake\n'}
[0.598936] (test_parameters) StdoutLine: {'line': b'-- Up-to-date: /home/robot33-6/student133_ws/install/test_parameters/share/test_parameters/package.xml\n'}
[0.599015] (test_custom_srv) StdoutLine: {'line': b'[ 70%] Built target test_custom_srv\n'}
[0.599107] (test_service) StdoutLine: {'line': b'-- Install configuration: "Debug"\n'}
[0.599198] (test_service) StdoutLine: {'line': b'-- Up-to-date: /home/robot33-6/student133_ws/install/test_service/lib/test_service/test_service_node\n'}
[0.599279] (test_service) StdoutLine: {'line': b'-- Up-to-date: /home/robot33-6/student133_ws/install/test_service/share/ament_index/resource_index/package_run_dependencies/test_service\n'}
[0.599414] (test_service) StdoutLine: {'line': b'-- Up-to-date: /home/robot33-6/student133_ws/install/test_service/share/ament_index/resource_index/parent_prefix_path/test_service\n'}
[0.599690] (test_service) StdoutLine: {'line': b'-- Up-to-date: /home/robot33-6/student133_ws/install/test_service/share/test_service/environment/ament_prefix_path.sh\n'}
[0.599793] (test_service) StdoutLine: {'line': b'-- Up-to-date: /home/robot33-6/student133_ws/install/test_service/share/test_service/environment/ament_prefix_path.dsv\n'}
[0.599862] (test_service) StdoutLine: {'line': b'-- Up-to-date: /home/robot33-6/student133_ws/install/test_service/share/test_service/environment/path.sh\n'}
[0.599928] (test_service) StdoutLine: {'line': b'-- Up-to-date: /home/robot33-6/student133_ws/install/test_service/share/test_service/environment/path.dsv\n'}
[0.599992] (test_service) StdoutLine: {'line': b'-- Up-to-date: /home/robot33-6/student133_ws/install/test_service/share/test_service/local_setup.bash\n'}
[0.600055] (test_service) StdoutLine: {'line': b'-- Up-to-date: /home/robot33-6/student133_ws/install/test_service/share/test_service/local_setup.sh\n'}
[0.600118] (test_service) StdoutLine: {'line': b'-- Up-to-date: /home/robot33-6/student133_ws/install/test_service/share/test_service/local_setup.zsh\n'}
[0.600180] (test_service) StdoutLine: {'line': b'-- Up-to-date: /home/robot33-6/student133_ws/install/test_service/share/test_service/local_setup.dsv\n'}
[0.600241] (test_service) StdoutLine: {'line': b'-- Installing: /home/robot33-6/student133_ws/install/test_service/share/test_service/package.dsv\n'}
[0.600305] (test_parameters) CommandEnded: {'returncode': 0}
[0.600735] (-) TimerEvent: {}
[0.661033] (test_service) StdoutLine: {'line': b'-- Up-to-date: /home/robot33-6/student133_ws/install/test_service/share/ament_index/resource_index/packages/test_service\n'}
[0.661250] (test_service) StdoutLine: {'line': b'-- Up-to-date: /home/robot33-6/student133_ws/install/test_service/share/test_service/cmake/test_serviceConfig.cmake\n'}
[0.661354] (test_service) StdoutLine: {'line': b'-- Up-to-date: /home/robot33-6/student133_ws/install/test_service/share/test_service/cmake/test_serviceConfig-version.cmake\n'}
[0.661445] (test_service) StdoutLine: {'line': b'-- Up-to-date: /home/robot33-6/student133_ws/install/test_service/share/test_service/package.xml\n'}
[0.661533] (test_publisher) JobProgress: {'identifier': 'test_publisher', 'progress': 'install'}
[0.661566] (test_publisher) Command: {'cmd': ['/usr/bin/cmake', '--install', '/home/robot33-6/student133_ws/build/test_publisher'], 'cwd': '/home/robot33-6/student133_ws/build/test_publisher', 'env': OrderedDict([('GJS_DEBUG_TOPICS', 'JS ERROR;JS LOG'), ('LC_TIME', 'ru_RU.UTF-8'), ('SNAP_COMMON', '/var/snap/qtcreator-ros/common'), ('SNAP_INSTANCE_KEY', ''), ('USER', 'robot33-6'), ('XDG_SESSION_TYPE', 'wayland'), ('LD_LIBRARY_PATH', '/home/robot33-6/student133_ws/install/test_custom_srv/lib:/home/robot33-6/student133_ws/install/test_custom_msg/lib:/opt/ros/humble/opt/rviz_ogre_vendor/lib:/opt/ros/humble/lib/x86_64-linux-gnu:/opt/ros/humble/lib:/snap/qtcreator-ros/107/lib:/snap/qtcreator-ros/107/usr/lib/x86_64-linux-gnu'), ('SHLVL', '325'), ('SNAP_UID', '1000'), ('HOME', '/home/robot33-6'), ('SNAP_LIBRARY_PATH', '/var/lib/snapd/lib/gl:/var/lib/snapd/lib/gl32:/var/lib/snapd/void'), ('DESKTOP_SESSION', 'ubuntu'), ('QTDIR', '/usr/lib/x86_64-linux-gnu/qt5'), ('SNAP_USER_DATA', '/home/robot33-6/snap/qtcreator-ros/107'), ('GIO_LAUNCHED_DESKTOP_FILE', '/var/lib/snapd/desktop/applications/qtcreator-ros_qtcreator-ros.desktop'), ('GNOME_SHELL_SESSION_MODE', 'ubuntu'), ('GTK_MODULES', 'gail:atk-bridge'), ('ROS_PYTHON_VERSION', '3'), ('LC_MONETARY', 'ru_RU.UTF-8'), ('MANAGERPID', '1373'), ('DBUS_SESSION_BUS_ADDRESS', 'unix:path=/run/user/1000/bus'), ('SYSTEMD_EXEC_PID', '1587'), ('GIO_LAUNCHED_DESKTOP_FILE_PID', '3050'), ('SNAP_REVISION', '107'), ('COLCON_PREFIX_PATH', '/home/robot33-6/student133_ws/install'), ('IM_CONFIG_PHASE', '1'), ('ROS_DISTRO', 'humble'), ('WAYLAND_DISPLAY', 'wayland-0'), ('LOGNAME', 'robot33-6'), ('JOURNAL_STREAM', '8:26382'), ('SNAP_CONTEXT', 'zfxwyVEa0dSM0vT388UHnSyWy-Mv84K8RE-CWR0OLT2wc9JrOksa'), ('_', '/usr/bin/env'), ('ROS_VERSION', '2'), ('SNAP_VERSION', '12.0.2'), ('XDG_SESSION_CLASS', 'user'), ('TERM', 'xterm'), ('USERNAME', 'robot33-6'), ('GNOME_DESKTOP_SESSION_ID', 'this-is-deprecated'), ('ROS_LOCALHOST_ONLY', '0'), ('SNAP_INSTANCE_NAME', 'qtcreator-ros'), ('PATH', '/opt/ros/humble/bin:/usr/local/sbin:/usr/local/bin:/usr/sbin:/usr/bin:/sbin:/bin:/usr/games:/usr/local/games:/snap/bin:/snap/bin'), ('INVOCATION_ID', '8be6e9d5a46c4dde9fbe4351f65a98da'), ('SESSION_MANAGER', 'local/robot33-6:@/tmp/.ICE-unix/1547,unix/robot33-6:/tmp/.ICE-unix/1547'), ('BAMF_DESKTOP_FILE_HINT', '/var/lib/snapd/desktop/applications/qtcreator-ros_qtcreator-ros.desktop'), ('GNOME_SETUP_DISPLAY', ':1'), ('LC_ADDRESS', 'ru_RU.UTF-8'), ('SNAP_DATA', '/var/snap/qtcreator-ros/107'), ('XDG_MENU_PREFIX', 'gnome-'), ('XDG_RUNTIME_DIR', '/run/user/1000'), ('DISPLAY', ':0'), ('LANG', 'en_US.UTF-8'), ('LC_TELEPHONE', 'ru_RU.UTF-8'), ('XDG_CURRENT_DESKTOP', 'ubuntu:GNOME'), ('XAUTHORITY', '/run/user/1000/.mutter-Xwaylandauth.NV73K2'), ('XDG_SESSION_DESKTOP', 'ubuntu'), ('XMODIFIERS', '@im=ibus'), ('AMENT_PREFIX_PATH', '/home/robot33-6/student133_ws/install/test_visualization:/home/robot33-6/student133_ws/install/test_parameters:/home/robot33-6/student133_ws/install/test_client:/home/robot33-6/student133_ws/install/test_service:/home/robot33-6/student133_ws/install/test_custom_srv:/home/robot33-6/student133_ws/install/test_custom_publisher:/home/robot33-6/student133_ws/install/test_castom_publisher:/home/robot33-6/student133_ws/install/test_custom_msg:/home/robot33-6/student133_ws/install/test_subscriber:/home/robot33-6/student133_ws/install/test_publisher:/home/robot33-6/student133_ws/install/test_pkg:/opt/ros/humble'), ('SNAP_ARCH', 'amd64'), ('SNAP_COOKIE', 'zfxwyVEa0dSM0vT388UHnSyWy-Mv84K8RE-CWR0OLT2wc9JrOksa'), ('SNAP_USER_COMMON', '/home/robot33-6/snap/qtcreator-ros/common'), ('SSH_AGENT_LAUNCHER', 'gnome-keyring'), ('SSH_AUTH_SOCK', '/run/user/1000/keyring/ssh'), ('LC_NAME', 'ru_RU.UTF-8'), ('SHELL', '/bin/bash'), ('GDMSESSION', 'ubuntu'), ('QT_ACCESSIBILITY', '1'), ('SNAP_REEXEC', ''), ('SNAP_NAME', 'qtcreator-ros'), ('LC_MEASUREMENT', 'ru_RU.UTF-8'), ('GJS_DEBUG_OUTPUT', 'stderr'), ('LC_IDENTIFICATION', 'ru_RU.UTF-8'), ('QT_IM_MODULE', 'ibus'), ('PWD', '/home/robot33-6/student133_ws/build/test_publisher'), ('QT_QPA_PLATFORM', 'wayland;xcb'), ('SNAP_REAL_HOME', '/home/robot33-6'), ('XDG_CONFIG_DIRS', '/etc/xdg/xdg-ubuntu:/etc/xdg'), ('XDG_DATA_DIRS', '/usr/share/ubuntu:/usr/local/share/:/usr/share/:/var/lib/snapd/desktop'), ('LC_NUMERIC', 'ru_RU.UTF-8'), ('PYTHONPATH', '/home/robot33-6/student133_ws/install/test_custom_srv/local/lib/python3.10/dist-packages:/home/robot33-6/student133_ws/install/test_custom_msg/local/lib/python3.10/dist-packages:/opt/ros/humble/lib/python3.10/site-packages:/opt/ros/humble/local/lib/python3.10/dist-packages'), ('SNAP', '/snap/qtcreator-ros/107'), ('SNAP_EUID', '1000'), ('LC_PAPER', 'ru_RU.UTF-8'), ('COLCON', '1'), ('CMAKE_PREFIX_PATH', '/home/robot33-6/student133_ws/install/test_visualization:/home/robot33-6/student133_ws/install/test_parameters:/home/robot33-6/student133_ws/install/test_client:/home/robot33-6/student133_ws/install/test_service:/home/robot33-6/student133_ws/install/test_custom_srv:/home/robot33-6/student133_ws/install/test_custom_publisher:/home/robot33-6/student133_ws/install/test_castom_publisher:/home/robot33-6/student133_ws/install/test_custom_msg:/home/robot33-6/student133_ws/install/test_subscriber:/home/robot33-6/student133_ws/install/test_publisher:/home/robot33-6/student133_ws/install/test_pkg:/opt/ros/humble'), ('LIBGL_DRIVERS_PATH', '/snap/qtcreator-ros/107/usr/lib/x86_64-linux-gnu/dri')]), 'shell': False}
[0.666231] (test_pkg) StdoutLine: {'line': b'-- Install configuration: "Debug"\n'}
[0.666638] (test_pkg) StdoutLine: {'line': b'-- Up-to-date: /home/robot33-6/student133_ws/install/test_pkg/lib/test_pkg/test_pkg_node\n'}
[0.666956] (test_pkg) StdoutLine: {'line': b'-- Up-to-date: /home/robot33-6/student133_ws/install/test_pkg/share/ament_index/resource_index/package_run_dependencies/test_pkg\n'}
[0.667104] (test_pkg) StdoutLine: {'line': b'-- Up-to-date: /home/robot33-6/student133_ws/install/test_pkg/share/ament_index/resource_index/parent_prefix_path/test_pkg\n'}
[0.667205] (test_pkg) StdoutLine: {'line': b'-- Up-to-date: /home/robot33-6/student133_ws/install/test_pkg/share/test_pkg/environment/ament_prefix_path.sh\n'}
[0.667293] (test_pkg) StdoutLine: {'line': b'-- Up-to-date: /home/robot33-6/student133_ws/install/test_pkg/share/test_pkg/environment/ament_prefix_path.dsv\n'}
[0.667373] (test_pkg) StdoutLine: {'line': b'-- Up-to-date: /home/robot33-6/student133_ws/install/test_pkg/share/test_pkg/environment/path.sh\n'}
[0.667453] (test_pkg) StdoutLine: {'line': b'-- Up-to-date: /home/robot33-6/student133_ws/install/test_pkg/share/test_pkg/environment/path.dsv\n'}
[0.667532] (test_pkg) StdoutLine: {'line': b'-- Up-to-date: /home/robot33-6/student133_ws/install/test_pkg/share/test_pkg/local_setup.bash\n'}
[0.667613] (test_pkg) StdoutLine: {'line': b'-- Up-to-date: /home/robot33-6/student133_ws/install/test_pkg/share/test_pkg/local_setup.sh\n'}
[0.667846] (test_pkg) StdoutLine: {'line': b'-- Up-to-date: /home/robot33-6/student133_ws/install/test_pkg/share/test_pkg/local_setup.zsh\n'}
[0.667986] (test_pkg) StdoutLine: {'line': b'-- Up-to-date: /home/robot33-6/student133_ws/install/test_pkg/share/test_pkg/local_setup.dsv\n'}
[0.668184] (test_pkg) StdoutLine: {'line': b'-- Installing: /home/robot33-6/student133_ws/install/test_pkg/share/test_pkg/package.dsv\n'}
[0.668366] (test_pkg) StdoutLine: {'line': b'-- Up-to-date: /home/robot33-6/student133_ws/install/test_pkg/share/ament_index/resource_index/packages/test_pkg\n'}
[0.668491] (test_pkg) StdoutLine: {'line': b'-- Up-to-date: /home/robot33-6/student133_ws/install/test_pkg/share/test_pkg/cmake/test_pkgConfig.cmake\n'}
[0.668771] (test_pkg) StdoutLine: {'line': b'-- Up-to-date: /home/robot33-6/student133_ws/install/test_pkg/share/test_pkg/cmake/test_pkgConfig-version.cmake\n'}
[0.669189] (test_pkg) StdoutLine: {'line': b'-- Up-to-date: /home/robot33-6/student133_ws/install/test_pkg/share/test_pkg/package.xml\n'}
[0.669379] (test_client) StdoutLine: {'line': b'-- Install configuration: "Debug"\n'}
[0.669572] (test_client) StdoutLine: {'line': b'-- Up-to-date: /home/robot33-6/student133_ws/install/test_client/lib/test_client/test_client_node\n'}
[0.669732] (test_client) StdoutLine: {'line': b'-- Up-to-date: /home/robot33-6/student133_ws/install/test_client/share/ament_index/resource_index/package_run_dependencies/test_client\n'}
[0.669918] (test_client) StdoutLine: {'line': b'-- Up-to-date: /home/robot33-6/student133_ws/install/test_client/share/ament_index/resource_index/parent_prefix_path/test_client\n'}
[0.670163] (test_client) StdoutLine: {'line': b'-- Up-to-date: /home/robot33-6/student133_ws/install/test_client/share/test_client/environment/ament_prefix_path.sh\n'}
[0.670342] (test_client) StdoutLine: {'line': b'-- Up-to-date: /home/robot33-6/student133_ws/install/test_client/share/test_client/environment/ament_prefix_path.dsv\n'}
[0.670521] (test_client) StdoutLine: {'line': b'-- Up-to-date: /home/robot33-6/student133_ws/install/test_client/share/test_client/environment/path.sh\n'}
[0.670693] (test_client) StdoutLine: {'line': b'-- Up-to-date: /home/robot33-6/student133_ws/install/test_client/share/test_client/environment/path.dsv\n'}
[0.670797] (test_client) StdoutLine: {'line': b'-- Up-to-date: /home/robot33-6/student133_ws/install/test_client/share/test_client/local_setup.bash\n'}
[0.670896] (test_client) StdoutLine: {'line': b'-- Up-to-date: /home/robot33-6/student133_ws/install/test_client/share/test_client/local_setup.sh\n'}
[0.671015] (test_client) StdoutLine: {'line': b'-- Up-to-date: /home/robot33-6/student133_ws/install/test_client/share/test_client/local_setup.zsh\n'}
[0.671259] (test_client) StdoutLine: {'line': b'-- Up-to-date: /home/robot33-6/student133_ws/install/test_client/share/test_client/local_setup.dsv\n'}
[0.671388] (test_client) StdoutLine: {'line': b'-- Installing: /home/robot33-6/student133_ws/install/test_client/share/test_client/package.dsv\n'}
[0.671664] (test_client) StdoutLine: {'line': b'-- Up-to-date: /home/robot33-6/student133_ws/install/test_client/share/ament_index/resource_index/packages/test_client\n'}
[0.671747] (test_client) StdoutLine: {'line': b'-- Up-to-date: /home/robot33-6/student133_ws/install/test_client/share/test_client/cmake/test_clientConfig.cmake\n'}
[0.671817] (test_client) StdoutLine: {'line': b'-- Up-to-date: /home/robot33-6/student133_ws/install/test_client/share/test_client/cmake/test_clientConfig-version.cmake\n'}
[0.671884] (test_client) StdoutLine: {'line': b'-- Up-to-date: /home/robot33-6/student133_ws/install/test_client/share/test_client/package.xml\n'}
[0.671951] (test_custom_srv) StdoutLine: {'line': b'[ 74%] Built target test_custom_srv__py\n'}
[0.672127] (test_custom_srv) StdoutLine: {'line': b'[ 80%] Built target test_custom_srv__rosidl_generator_py\n'}
[0.672202] (test_custom_msg) StdoutLine: {'line': b'-- Found geometry_msgs: 4.2.3 (/opt/ros/humble/share/geometry_msgs/cmake)\n'}
[0.672297] (test_custom_srv) StdoutLine: {'line': b'[ 87%] Built target test_custom_srv__rosidl_typesupport_c__pyext\n'}
[0.672374] (test_custom_srv) StdoutLine: {'line': b'[ 93%] Built target test_custom_srv__rosidl_typesupport_fastrtps_c__pyext\n'}
[0.672646] (test_custom_srv) StdoutLine: {'line': b'[100%] Built target test_custom_srv__rosidl_typesupport_introspection_c__pyext\n'}
[0.672707] (test_service) CommandEnded: {'returncode': 0}
[0.700825] (-) TimerEvent: {}
[0.715174] (test_pkg) CommandEnded: {'returncode': 0}
[0.762791] (test_client) CommandEnded: {'returncode': 0}
[0.800955] (-) TimerEvent: {}
[0.813566] (test_publisher) StdoutLine: {'line': b'-- Install configuration: "Debug"\n'}
[0.814469] (test_publisher) StdoutLine: {'line': b'-- Up-to-date: /home/robot33-6/student133_ws/install/test_publisher/lib/test_publisher/test_publisher_node\n'}
[0.814662] (test_publisher) StdoutLine: {'line': b'-- Up-to-date: /home/robot33-6/student133_ws/install/test_publisher/share/ament_index/resource_index/package_run_dependencies/test_publisher\n'}
[0.815248] (test_publisher) StdoutLine: {'line': b'-- Up-to-date: /home/robot33-6/student133_ws/install/test_publisher/share/ament_index/resource_index/parent_prefix_path/test_publisher\n'}
[0.815354] (test_publisher) StdoutLine: {'line': b'-- Up-to-date: /home/robot33-6/student133_ws/install/test_publisher/share/test_publisher/environment/ament_prefix_path.sh\n'}
[0.815450] (test_publisher) StdoutLine: {'line': b'-- Up-to-date: /home/robot33-6/student133_ws/install/test_publisher/share/test_publisher/environment/ament_prefix_path.dsv\n'}
[0.815653] (test_publisher) StdoutLine: {'line': b'-- Up-to-date: /home/robot33-6/student133_ws/install/test_publisher/share/test_publisher/environment/path.sh\n'}
[0.815752] (test_publisher) StdoutLine: {'line': b'-- Up-to-date: /home/robot33-6/student133_ws/install/test_publisher/share/test_publisher/environment/path.dsv\n'}
[0.816090] (test_publisher) StdoutLine: {'line': b'-- Up-to-date: /home/robot33-6/student133_ws/install/test_publisher/share/test_publisher/local_setup.bash\n'}
[0.816330] (test_publisher) StdoutLine: {'line': b'-- Up-to-date: /home/robot33-6/student133_ws/install/test_publisher/share/test_publisher/local_setup.sh\n'}
[0.816466] (test_publisher) StdoutLine: {'line': b'-- Up-to-date: /home/robot33-6/student133_ws/install/test_publisher/share/test_publisher/local_setup.zsh\n'}
[0.816656] (test_publisher) StdoutLine: {'line': b'-- Up-to-date: /home/robot33-6/student133_ws/install/test_publisher/share/test_publisher/local_setup.dsv\n'}
[0.816752] (test_publisher) StdoutLine: {'line': b'-- Installing: /home/robot33-6/student133_ws/install/test_publisher/share/test_publisher/package.dsv\n'}
[0.816840] (test_publisher) StdoutLine: {'line': b'-- Up-to-date: /home/robot33-6/student133_ws/install/test_publisher/share/ament_index/resource_index/packages/test_publisher\n'}
[0.816978] (test_publisher) StdoutLine: {'line': b'-- Up-to-date: /home/robot33-6/student133_ws/install/test_publisher/share/test_publisher/cmake/test_publisherConfig.cmake\n'}
[0.817232] (test_publisher) StdoutLine: {'line': b'-- Up-to-date: /home/robot33-6/student133_ws/install/test_publisher/share/test_publisher/cmake/test_publisherConfig-version.cmake\n'}
[0.817330] (test_publisher) StdoutLine: {'line': b'-- Up-to-date: /home/robot33-6/student133_ws/install/test_publisher/share/test_publisher/package.xml\n'}
[0.817433] (test_custom_msg) StdoutLine: {'line': b'-- Found rosidl_generator_c: 3.1.5 (/opt/ros/humble/share/rosidl_generator_c/cmake)\n'}
[0.817675] (test_custom_msg) StdoutLine: {'line': b'-- Found rosidl_adapter: 3.1.5 (/opt/ros/humble/share/rosidl_adapter/cmake)\n'}
[0.817779] (test_custom_msg) StdoutLine: {'line': b'-- Found rosidl_generator_cpp: 3.1.5 (/opt/ros/humble/share/rosidl_generator_cpp/cmake)\n'}
[0.817875] (test_custom_msg) StdoutLine: {'line': b'-- Using all available rosidl_typesupport_c: rosidl_typesupport_fastrtps_c;rosidl_typesupport_introspection_c\n'}
[0.818051] (test_custom_msg) StdoutLine: {'line': b'-- Using all available rosidl_typesupport_cpp: rosidl_typesupport_fastrtps_cpp;rosidl_typesupport_introspection_cpp\n'}
[0.818158] (test_custom_srv) StdoutLine: {'line': b'running egg_info\n'}
[0.818281] (test_custom_srv) StdoutLine: {'line': b'writing test_custom_srv.egg-info/PKG-INFO\n'}
[0.818538] (test_custom_srv) StdoutLine: {'line': b'writing dependency_links to test_custom_srv.egg-info/dependency_links.txt\n'}
[0.818634] (test_custom_srv) StdoutLine: {'line': b'writing top-level names to test_custom_srv.egg-info/top_level.txt\n'}
[0.818736] (test_custom_srv) StdoutLine: {'line': b"reading manifest file 'test_custom_srv.egg-info/SOURCES.txt'\n"}
[0.818826] (test_custom_srv) StdoutLine: {'line': b"writing manifest file 'test_custom_srv.egg-info/SOURCES.txt'\n"}
[0.818918] (test_publisher) CommandEnded: {'returncode': 0}
[0.901310] (-) TimerEvent: {}
[0.919903] (test_parameters) JobEnded: {'identifier': 'test_parameters', 'rc': 0}
[0.920753] (test_custom_srv) StdoutLine: {'line': b'[100%] Built target ament_cmake_python_build_test_custom_srv_egg\n'}
[0.920991] (test_custom_msg) StdoutLine: {'line': b'-- Found rosidl_default_generators: 1.2.0 (/opt/ros/humble/share/rosidl_default_generators/cmake)\n'}
[0.921214] (test_custom_msg) StdoutLine: {'line': b'-- Found ament_lint_auto: 0.12.10 (/opt/ros/humble/share/ament_lint_auto/cmake)\n'}
[0.976624] (test_service) JobEnded: {'identifier': 'test_service', 'rc': 0}
[0.977151] (test_subscriber) JobStarted: {'identifier': 'test_subscriber'}
[1.001699] (-) TimerEvent: {}
[1.084704] (test_pkg) JobEnded: {'identifier': 'test_pkg', 'rc': 0}
[1.085925] (test_custom_srv) CommandEnded: {'returncode': 0}
[1.086540] (test_visualization) JobStarted: {'identifier': 'test_visualization'}
[1.101837] (-) TimerEvent: {}
[1.195949] (test_client) JobEnded: {'identifier': 'test_client', 'rc': 0}
[1.197166] (test_custom_msg) StderrLine: {'line': b'CMake Error at /opt/ros/humble/share/rosidl_adapter/cmake/rosidl_adapt_interfaces.cmake:59 (message):\n'}
[1.197356] (test_custom_msg) StderrLine: {'line': b'  execute_process(/usr/bin/python3.10 -m rosidl_adapter --package-name\n'}
[1.197432] (test_custom_msg) StderrLine: {'line': b'  test_custom_msg --arguments-file\n'}
[1.197484] (test_custom_msg) StderrLine: {'line': b'  /home/robot33-6/student133_ws/build/test_custom_msg/rosidl_adapter__arguments__test_custom_msg.json\n'}
[1.197533] (test_custom_msg) StderrLine: {'line': b'  --output-dir\n'}
[1.197582] (test_custom_msg) StderrLine: {'line': b'  /home/robot33-6/student133_ws/build/test_custom_msg/rosidl_adapter/test_custom_msg\n'}
[1.197631] (test_custom_msg) StderrLine: {'line': b'  --output-file\n'}
[1.197679] (test_custom_msg) StderrLine: {'line': b'  /home/robot33-6/student133_ws/build/test_custom_msg/rosidl_adapter/test_custom_msg.idls)\n'}
[1.197738] (test_custom_msg) StderrLine: {'line': b'  returned error code 1:\n'}
[1.197794] (test_custom_msg) StderrLine: {'line': b'\n'}
[1.197845] (test_custom_msg) StderrLine: {'line': b'  Error with: test_custom_msg Triangle geometry_msgs/Point\n'}
[1.197893] (test_custom_msg) StderrLine: {'line': b'\n'}
[1.197941] (test_custom_msg) StderrLine: {'line': b'  Traceback (most recent call last):\n'}
[1.197988] (test_custom_msg) StderrLine: {'line': b'\n'}
[1.198036] (test_custom_msg) StderrLine: {'line': b'    File "/usr/lib/python3.10/runpy.py", line 196, in _run_module_as_main\n'}
[1.198089] (test_custom_msg) StderrLine: {'line': b'      return _run_code(code, main_globals, None,\n'}
[1.198240] (test_custom_msg) StderrLine: {'line': b'    File "/usr/lib/python3.10/runpy.py", line 86, in _run_code\n'}
[1.198290] (test_custom_msg) StderrLine: {'line': b'      exec(code, run_globals)\n'}
[1.198337] (test_custom_msg) StderrLine: {'line': b'    File "/opt/ros/humble/local/lib/python3.10/dist-packages/rosidl_adapter/__main__.py", line 19, in <module>\n'}
[1.198385] (test_custom_msg) StderrLine: {'line': b'      sys.exit(main())\n'}
[1.198431] (test_custom_msg) StderrLine: {'line': b'    File "/opt/ros/humble/local/lib/python3.10/dist-packages/rosidl_adapter/main.py", line 53, in main\n'}
[1.198478] (test_custom_msg) StderrLine: {'line': b'      abs_idl_file = convert_to_idl(\n'}
[1.198524] (test_custom_msg) StderrLine: {'line': b'    File "/opt/ros/humble/local/lib/python3.10/dist-packages/rosidl_adapter/__init__.py", line 19, in convert_to_idl\n'}
[1.198571] (test_custom_msg) StderrLine: {'line': b'      return convert_msg_to_idl(\n'}
[1.198618] (test_custom_msg) StderrLine: {'line': b'    File "/opt/ros/humble/local/lib/python3.10/dist-packages/rosidl_adapter/msg/__init__.py", line 28, in convert_msg_to_idl\n'}
[1.198665] (test_custom_msg) StderrLine: {'line': b'      msg = parse_message_string(package_name, input_file.stem, content)\n'}
[1.198712] (test_custom_msg) StderrLine: {'line': b'    File "/opt/ros/humble/local/lib/python3.10/dist-packages/rosidl_adapter/parser.py", line 510, in parse_message_string\n'}
[1.198759] (test_custom_msg) StderrLine: {'line': b'      raise InvalidFieldDefinition(line)\n'}
[1.198805] (test_custom_msg) StderrLine: {'line': b'\n'}
[1.198851] (test_custom_msg) StderrLine: {'line': b'  rosidl_adapter.parser.InvalidFieldDefinition: geometry_msgs/Point\n'}
[1.198897] (test_custom_msg) StderrLine: {'line': b'\n'}
[1.198943] (test_custom_msg) StderrLine: {'line': b'Call Stack (most recent call first):\n'}
[1.198989] (test_custom_msg) StderrLine: {'line': b'  /opt/ros/humble/share/rosidl_cmake/cmake/rosidl_generate_interfaces.cmake:130 (rosidl_adapt_interfaces)\n'}
[1.199036] (test_custom_msg) StderrLine: {'line': b'  CMakeLists.txt:28 (rosidl_generate_interfaces)\n'}
[1.199135] (test_custom_msg) StderrLine: {'line': b'\n'}
[1.199181] (test_custom_msg) StderrLine: {'line': b'\n'}
[1.199227] (test_custom_msg) StderrLine: {'line': b'gmake: *** [Makefile:747: cmake_check_build_system] Error 1\n'}
[1.199274] (test_custom_msg) StdoutLine: {'line': b'-- Configuring incomplete, errors occurred!\n'}
[1.199326] (test_custom_msg) StdoutLine: {'line': b'See also "/home/robot33-6/student133_ws/build/test_custom_msg/CMakeFiles/CMakeOutput.log".\n'}
[1.202056] (-) TimerEvent: {}
[1.252874] (test_publisher) JobEnded: {'identifier': 'test_publisher', 'rc': 0}
[1.254956] (test_custom_msg) CommandEnded: {'returncode': 2}
[1.255739] (test_subscriber) JobProgress: {'identifier': 'test_subscriber', 'progress': 'cmake'}
[1.256163] (test_subscriber) JobProgress: {'identifier': 'test_subscriber', 'progress': 'build'}
[1.256210] (test_subscriber) Command: {'cmd': ['/usr/bin/cmake', '--build', '/home/robot33-6/student133_ws/build/test_subscriber', '--', '-j8', '-l8'], 'cwd': '/home/robot33-6/student133_ws/build/test_subscriber', 'env': OrderedDict([('GJS_DEBUG_TOPICS', 'JS ERROR;JS LOG'), ('LC_TIME', 'ru_RU.UTF-8'), ('SNAP_COMMON', '/var/snap/qtcreator-ros/common'), ('SNAP_INSTANCE_KEY', ''), ('USER', 'robot33-6'), ('XDG_SESSION_TYPE', 'wayland'), ('LD_LIBRARY_PATH', '/home/robot33-6/student133_ws/install/test_custom_srv/lib:/home/robot33-6/student133_ws/install/test_custom_msg/lib:/opt/ros/humble/opt/rviz_ogre_vendor/lib:/opt/ros/humble/lib/x86_64-linux-gnu:/opt/ros/humble/lib:/snap/qtcreator-ros/107/lib:/snap/qtcreator-ros/107/usr/lib/x86_64-linux-gnu'), ('SHLVL', '325'), ('SNAP_UID', '1000'), ('HOME', '/home/robot33-6'), ('SNAP_LIBRARY_PATH', '/var/lib/snapd/lib/gl:/var/lib/snapd/lib/gl32:/var/lib/snapd/void'), ('DESKTOP_SESSION', 'ubuntu'), ('QTDIR', '/usr/lib/x86_64-linux-gnu/qt5'), ('SNAP_USER_DATA', '/home/robot33-6/snap/qtcreator-ros/107'), ('GIO_LAUNCHED_DESKTOP_FILE', '/var/lib/snapd/desktop/applications/qtcreator-ros_qtcreator-ros.desktop'), ('GNOME_SHELL_SESSION_MODE', 'ubuntu'), ('GTK_MODULES', 'gail:atk-bridge'), ('ROS_PYTHON_VERSION', '3'), ('LC_MONETARY', 'ru_RU.UTF-8'), ('MANAGERPID', '1373'), ('DBUS_SESSION_BUS_ADDRESS', 'unix:path=/run/user/1000/bus'), ('SYSTEMD_EXEC_PID', '1587'), ('GIO_LAUNCHED_DESKTOP_FILE_PID', '3050'), ('SNAP_REVISION', '107'), ('COLCON_PREFIX_PATH', '/home/robot33-6/student133_ws/install'), ('IM_CONFIG_PHASE', '1'), ('ROS_DISTRO', 'humble'), ('WAYLAND_DISPLAY', 'wayland-0'), ('LOGNAME', 'robot33-6'), ('JOURNAL_STREAM', '8:26382'), ('SNAP_CONTEXT', 'zfxwyVEa0dSM0vT388UHnSyWy-Mv84K8RE-CWR0OLT2wc9JrOksa'), ('_', '/usr/bin/env'), ('ROS_VERSION', '2'), ('SNAP_VERSION', '12.0.2'), ('XDG_SESSION_CLASS', 'user'), ('TERM', 'xterm'), ('USERNAME', 'robot33-6'), ('GNOME_DESKTOP_SESSION_ID', 'this-is-deprecated'), ('ROS_LOCALHOST_ONLY', '0'), ('SNAP_INSTANCE_NAME', 'qtcreator-ros'), ('PATH', '/opt/ros/humble/bin:/usr/local/sbin:/usr/local/bin:/usr/sbin:/usr/bin:/sbin:/bin:/usr/games:/usr/local/games:/snap/bin:/snap/bin'), ('INVOCATION_ID', '8be6e9d5a46c4dde9fbe4351f65a98da'), ('SESSION_MANAGER', 'local/robot33-6:@/tmp/.ICE-unix/1547,unix/robot33-6:/tmp/.ICE-unix/1547'), ('BAMF_DESKTOP_FILE_HINT', '/var/lib/snapd/desktop/applications/qtcreator-ros_qtcreator-ros.desktop'), ('GNOME_SETUP_DISPLAY', ':1'), ('LC_ADDRESS', 'ru_RU.UTF-8'), ('SNAP_DATA', '/var/snap/qtcreator-ros/107'), ('XDG_MENU_PREFIX', 'gnome-'), ('XDG_RUNTIME_DIR', '/run/user/1000'), ('DISPLAY', ':0'), ('LANG', 'en_US.UTF-8'), ('LC_TELEPHONE', 'ru_RU.UTF-8'), ('XDG_CURRENT_DESKTOP', 'ubuntu:GNOME'), ('XAUTHORITY', '/run/user/1000/.mutter-Xwaylandauth.NV73K2'), ('XDG_SESSION_DESKTOP', 'ubuntu'), ('XMODIFIERS', '@im=ibus'), ('AMENT_PREFIX_PATH', '/home/robot33-6/student133_ws/install/test_visualization:/home/robot33-6/student133_ws/install/test_parameters:/home/robot33-6/student133_ws/install/test_client:/home/robot33-6/student133_ws/install/test_service:/home/robot33-6/student133_ws/install/test_custom_srv:/home/robot33-6/student133_ws/install/test_custom_publisher:/home/robot33-6/student133_ws/install/test_castom_publisher:/home/robot33-6/student133_ws/install/test_custom_msg:/home/robot33-6/student133_ws/install/test_subscriber:/home/robot33-6/student133_ws/install/test_publisher:/home/robot33-6/student133_ws/install/test_pkg:/opt/ros/humble'), ('SNAP_ARCH', 'amd64'), ('SNAP_COOKIE', 'zfxwyVEa0dSM0vT388UHnSyWy-Mv84K8RE-CWR0OLT2wc9JrOksa'), ('SNAP_USER_COMMON', '/home/robot33-6/snap/qtcreator-ros/common'), ('SSH_AGENT_LAUNCHER', 'gnome-keyring'), ('SSH_AUTH_SOCK', '/run/user/1000/keyring/ssh'), ('LC_NAME', 'ru_RU.UTF-8'), ('SHELL', '/bin/bash'), ('GDMSESSION', 'ubuntu'), ('QT_ACCESSIBILITY', '1'), ('SNAP_REEXEC', ''), ('SNAP_NAME', 'qtcreator-ros'), ('LC_MEASUREMENT', 'ru_RU.UTF-8'), ('GJS_DEBUG_OUTPUT', 'stderr'), ('LC_IDENTIFICATION', 'ru_RU.UTF-8'), ('QT_IM_MODULE', 'ibus'), ('PWD', '/home/robot33-6/student133_ws/build/test_subscriber'), ('QT_QPA_PLATFORM', 'wayland;xcb'), ('SNAP_REAL_HOME', '/home/robot33-6'), ('XDG_CONFIG_DIRS', '/etc/xdg/xdg-ubuntu:/etc/xdg'), ('XDG_DATA_DIRS', '/usr/share/ubuntu:/usr/local/share/:/usr/share/:/var/lib/snapd/desktop'), ('LC_NUMERIC', 'ru_RU.UTF-8'), ('PYTHONPATH', '/home/robot33-6/student133_ws/install/test_custom_srv/local/lib/python3.10/dist-packages:/home/robot33-6/student133_ws/install/test_custom_msg/local/lib/python3.10/dist-packages:/opt/ros/humble/lib/python3.10/site-packages:/opt/ros/humble/local/lib/python3.10/dist-packages'), ('SNAP', '/snap/qtcreator-ros/107'), ('SNAP_EUID', '1000'), ('LC_PAPER', 'ru_RU.UTF-8'), ('COLCON', '1'), ('CMAKE_PREFIX_PATH', '/home/robot33-6/student133_ws/install/test_visualization:/home/robot33-6/student133_ws/install/test_parameters:/home/robot33-6/student133_ws/install/test_client:/home/robot33-6/student133_ws/install/test_service:/home/robot33-6/student133_ws/install/test_custom_srv:/home/robot33-6/student133_ws/install/test_custom_publisher:/home/robot33-6/student133_ws/install/test_castom_publisher:/home/robot33-6/student133_ws/install/test_custom_msg:/home/robot33-6/student133_ws/install/test_subscriber:/home/robot33-6/student133_ws/install/test_publisher:/home/robot33-6/student133_ws/install/test_pkg:/opt/ros/humble'), ('LIBGL_DRIVERS_PATH', '/snap/qtcreator-ros/107/usr/lib/x86_64-linux-gnu/dri')]), 'shell': False}
[1.259495] (test_custom_srv) JobProgress: {'identifier': 'test_custom_srv', 'progress': 'install'}
[1.259545] (test_custom_srv) Command: {'cmd': ['/usr/bin/cmake', '--install', '/home/robot33-6/student133_ws/build/test_custom_srv'], 'cwd': '/home/robot33-6/student133_ws/build/test_custom_srv', 'env': OrderedDict([('GJS_DEBUG_TOPICS', 'JS ERROR;JS LOG'), ('LC_TIME', 'ru_RU.UTF-8'), ('SNAP_COMMON', '/var/snap/qtcreator-ros/common'), ('SNAP_INSTANCE_KEY', ''), ('USER', 'robot33-6'), ('XDG_SESSION_TYPE', 'wayland'), ('LD_LIBRARY_PATH', '/home/robot33-6/student133_ws/install/test_custom_srv/lib:/home/robot33-6/student133_ws/install/test_custom_msg/lib:/opt/ros/humble/opt/rviz_ogre_vendor/lib:/opt/ros/humble/lib/x86_64-linux-gnu:/opt/ros/humble/lib:/snap/qtcreator-ros/107/lib:/snap/qtcreator-ros/107/usr/lib/x86_64-linux-gnu'), ('SHLVL', '325'), ('SNAP_UID', '1000'), ('HOME', '/home/robot33-6'), ('SNAP_LIBRARY_PATH', '/var/lib/snapd/lib/gl:/var/lib/snapd/lib/gl32:/var/lib/snapd/void'), ('DESKTOP_SESSION', 'ubuntu'), ('QTDIR', '/usr/lib/x86_64-linux-gnu/qt5'), ('SNAP_USER_DATA', '/home/robot33-6/snap/qtcreator-ros/107'), ('GIO_LAUNCHED_DESKTOP_FILE', '/var/lib/snapd/desktop/applications/qtcreator-ros_qtcreator-ros.desktop'), ('GNOME_SHELL_SESSION_MODE', 'ubuntu'), ('GTK_MODULES', 'gail:atk-bridge'), ('ROS_PYTHON_VERSION', '3'), ('LC_MONETARY', 'ru_RU.UTF-8'), ('MANAGERPID', '1373'), ('DBUS_SESSION_BUS_ADDRESS', 'unix:path=/run/user/1000/bus'), ('SYSTEMD_EXEC_PID', '1587'), ('GIO_LAUNCHED_DESKTOP_FILE_PID', '3050'), ('SNAP_REVISION', '107'), ('COLCON_PREFIX_PATH', '/home/robot33-6/student133_ws/install'), ('IM_CONFIG_PHASE', '1'), ('ROS_DISTRO', 'humble'), ('WAYLAND_DISPLAY', 'wayland-0'), ('LOGNAME', 'robot33-6'), ('JOURNAL_STREAM', '8:26382'), ('SNAP_CONTEXT', 'zfxwyVEa0dSM0vT388UHnSyWy-Mv84K8RE-CWR0OLT2wc9JrOksa'), ('_', '/usr/bin/env'), ('ROS_VERSION', '2'), ('SNAP_VERSION', '12.0.2'), ('XDG_SESSION_CLASS', 'user'), ('TERM', 'xterm'), ('USERNAME', 'robot33-6'), ('GNOME_DESKTOP_SESSION_ID', 'this-is-deprecated'), ('ROS_LOCALHOST_ONLY', '0'), ('SNAP_INSTANCE_NAME', 'qtcreator-ros'), ('PATH', '/opt/ros/humble/bin:/usr/local/sbin:/usr/local/bin:/usr/sbin:/usr/bin:/sbin:/bin:/usr/games:/usr/local/games:/snap/bin:/snap/bin'), ('INVOCATION_ID', '8be6e9d5a46c4dde9fbe4351f65a98da'), ('SESSION_MANAGER', 'local/robot33-6:@/tmp/.ICE-unix/1547,unix/robot33-6:/tmp/.ICE-unix/1547'), ('BAMF_DESKTOP_FILE_HINT', '/var/lib/snapd/desktop/applications/qtcreator-ros_qtcreator-ros.desktop'), ('GNOME_SETUP_DISPLAY', ':1'), ('LC_ADDRESS', 'ru_RU.UTF-8'), ('SNAP_DATA', '/var/snap/qtcreator-ros/107'), ('XDG_MENU_PREFIX', 'gnome-'), ('XDG_RUNTIME_DIR', '/run/user/1000'), ('DISPLAY', ':0'), ('LANG', 'en_US.UTF-8'), ('LC_TELEPHONE', 'ru_RU.UTF-8'), ('XDG_CURRENT_DESKTOP', 'ubuntu:GNOME'), ('XAUTHORITY', '/run/user/1000/.mutter-Xwaylandauth.NV73K2'), ('XDG_SESSION_DESKTOP', 'ubuntu'), ('XMODIFIERS', '@im=ibus'), ('AMENT_PREFIX_PATH', '/home/robot33-6/student133_ws/install/test_visualization:/home/robot33-6/student133_ws/install/test_parameters:/home/robot33-6/student133_ws/install/test_client:/home/robot33-6/student133_ws/install/test_service:/home/robot33-6/student133_ws/install/test_custom_srv:/home/robot33-6/student133_ws/install/test_custom_publisher:/home/robot33-6/student133_ws/install/test_castom_publisher:/home/robot33-6/student133_ws/install/test_custom_msg:/home/robot33-6/student133_ws/install/test_subscriber:/home/robot33-6/student133_ws/install/test_publisher:/home/robot33-6/student133_ws/install/test_pkg:/opt/ros/humble'), ('SNAP_ARCH', 'amd64'), ('SNAP_COOKIE', 'zfxwyVEa0dSM0vT388UHnSyWy-Mv84K8RE-CWR0OLT2wc9JrOksa'), ('SNAP_USER_COMMON', '/home/robot33-6/snap/qtcreator-ros/common'), ('SSH_AGENT_LAUNCHER', 'gnome-keyring'), ('SSH_AUTH_SOCK', '/run/user/1000/keyring/ssh'), ('LC_NAME', 'ru_RU.UTF-8'), ('SHELL', '/bin/bash'), ('GDMSESSION', 'ubuntu'), ('QT_ACCESSIBILITY', '1'), ('SNAP_REEXEC', ''), ('SNAP_NAME', 'qtcreator-ros'), ('LC_MEASUREMENT', 'ru_RU.UTF-8'), ('GJS_DEBUG_OUTPUT', 'stderr'), ('LC_IDENTIFICATION', 'ru_RU.UTF-8'), ('QT_IM_MODULE', 'ibus'), ('PWD', '/home/robot33-6/student133_ws/build/test_custom_srv'), ('QT_QPA_PLATFORM', 'wayland;xcb'), ('SNAP_REAL_HOME', '/home/robot33-6'), ('XDG_CONFIG_DIRS', '/etc/xdg/xdg-ubuntu:/etc/xdg'), ('XDG_DATA_DIRS', '/usr/share/ubuntu:/usr/local/share/:/usr/share/:/var/lib/snapd/desktop'), ('LC_NUMERIC', 'ru_RU.UTF-8'), ('PYTHONPATH', '/home/robot33-6/student133_ws/install/test_custom_srv/local/lib/python3.10/dist-packages:/home/robot33-6/student133_ws/install/test_custom_msg/local/lib/python3.10/dist-packages:/opt/ros/humble/lib/python3.10/site-packages:/opt/ros/humble/local/lib/python3.10/dist-packages'), ('SNAP', '/snap/qtcreator-ros/107'), ('SNAP_EUID', '1000'), ('LC_PAPER', 'ru_RU.UTF-8'), ('COLCON', '1'), ('CMAKE_PREFIX_PATH', '/home/robot33-6/student133_ws/install/test_visualization:/home/robot33-6/student133_ws/install/test_parameters:/home/robot33-6/student133_ws/install/test_client:/home/robot33-6/student133_ws/install/test_service:/home/robot33-6/student133_ws/install/test_custom_srv:/home/robot33-6/student133_ws/install/test_custom_publisher:/home/robot33-6/student133_ws/install/test_castom_publisher:/home/robot33-6/student133_ws/install/test_custom_msg:/home/robot33-6/student133_ws/install/test_subscriber:/home/robot33-6/student133_ws/install/test_publisher:/home/robot33-6/student133_ws/install/test_pkg:/opt/ros/humble'), ('LIBGL_DRIVERS_PATH', '/snap/qtcreator-ros/107/usr/lib/x86_64-linux-gnu/dri')]), 'shell': False}
[1.260570] (test_visualization) JobProgress: {'identifier': 'test_visualization', 'progress': 'cmake'}
[1.261446] (test_visualization) JobProgress: {'identifier': 'test_visualization', 'progress': 'build'}
[1.261538] (test_visualization) Command: {'cmd': ['/usr/bin/cmake', '--build', '/home/robot33-6/student133_ws/build/test_visualization', '--', '-j8', '-l8'], 'cwd': '/home/robot33-6/student133_ws/build/test_visualization', 'env': OrderedDict([('GJS_DEBUG_TOPICS', 'JS ERROR;JS LOG'), ('LC_TIME', 'ru_RU.UTF-8'), ('SNAP_COMMON', '/var/snap/qtcreator-ros/common'), ('SNAP_INSTANCE_KEY', ''), ('USER', 'robot33-6'), ('XDG_SESSION_TYPE', 'wayland'), ('LD_LIBRARY_PATH', '/home/robot33-6/student133_ws/install/test_custom_srv/lib:/home/robot33-6/student133_ws/install/test_custom_msg/lib:/opt/ros/humble/opt/rviz_ogre_vendor/lib:/opt/ros/humble/lib/x86_64-linux-gnu:/opt/ros/humble/lib:/snap/qtcreator-ros/107/lib:/snap/qtcreator-ros/107/usr/lib/x86_64-linux-gnu'), ('SHLVL', '325'), ('SNAP_UID', '1000'), ('HOME', '/home/robot33-6'), ('SNAP_LIBRARY_PATH', '/var/lib/snapd/lib/gl:/var/lib/snapd/lib/gl32:/var/lib/snapd/void'), ('DESKTOP_SESSION', 'ubuntu'), ('QTDIR', '/usr/lib/x86_64-linux-gnu/qt5'), ('SNAP_USER_DATA', '/home/robot33-6/snap/qtcreator-ros/107'), ('GIO_LAUNCHED_DESKTOP_FILE', '/var/lib/snapd/desktop/applications/qtcreator-ros_qtcreator-ros.desktop'), ('GNOME_SHELL_SESSION_MODE', 'ubuntu'), ('GTK_MODULES', 'gail:atk-bridge'), ('ROS_PYTHON_VERSION', '3'), ('LC_MONETARY', 'ru_RU.UTF-8'), ('MANAGERPID', '1373'), ('DBUS_SESSION_BUS_ADDRESS', 'unix:path=/run/user/1000/bus'), ('SYSTEMD_EXEC_PID', '1587'), ('GIO_LAUNCHED_DESKTOP_FILE_PID', '3050'), ('SNAP_REVISION', '107'), ('COLCON_PREFIX_PATH', '/home/robot33-6/student133_ws/install'), ('IM_CONFIG_PHASE', '1'), ('ROS_DISTRO', 'humble'), ('WAYLAND_DISPLAY', 'wayland-0'), ('LOGNAME', 'robot33-6'), ('JOURNAL_STREAM', '8:26382'), ('SNAP_CONTEXT', 'zfxwyVEa0dSM0vT388UHnSyWy-Mv84K8RE-CWR0OLT2wc9JrOksa'), ('_', '/usr/bin/env'), ('ROS_VERSION', '2'), ('SNAP_VERSION', '12.0.2'), ('XDG_SESSION_CLASS', 'user'), ('TERM', 'xterm'), ('USERNAME', 'robot33-6'), ('GNOME_DESKTOP_SESSION_ID', 'this-is-deprecated'), ('ROS_LOCALHOST_ONLY', '0'), ('SNAP_INSTANCE_NAME', 'qtcreator-ros'), ('PATH', '/opt/ros/humble/bin:/usr/local/sbin:/usr/local/bin:/usr/sbin:/usr/bin:/sbin:/bin:/usr/games:/usr/local/games:/snap/bin:/snap/bin'), ('INVOCATION_ID', '8be6e9d5a46c4dde9fbe4351f65a98da'), ('SESSION_MANAGER', 'local/robot33-6:@/tmp/.ICE-unix/1547,unix/robot33-6:/tmp/.ICE-unix/1547'), ('BAMF_DESKTOP_FILE_HINT', '/var/lib/snapd/desktop/applications/qtcreator-ros_qtcreator-ros.desktop'), ('GNOME_SETUP_DISPLAY', ':1'), ('LC_ADDRESS', 'ru_RU.UTF-8'), ('SNAP_DATA', '/var/snap/qtcreator-ros/107'), ('XDG_MENU_PREFIX', 'gnome-'), ('XDG_RUNTIME_DIR', '/run/user/1000'), ('DISPLAY', ':0'), ('LANG', 'en_US.UTF-8'), ('LC_TELEPHONE', 'ru_RU.UTF-8'), ('XDG_CURRENT_DESKTOP', 'ubuntu:GNOME'), ('XAUTHORITY', '/run/user/1000/.mutter-Xwaylandauth.NV73K2'), ('XDG_SESSION_DESKTOP', 'ubuntu'), ('XMODIFIERS', '@im=ibus'), ('AMENT_PREFIX_PATH', '/home/robot33-6/student133_ws/install/test_visualization:/home/robot33-6/student133_ws/install/test_parameters:/home/robot33-6/student133_ws/install/test_client:/home/robot33-6/student133_ws/install/test_service:/home/robot33-6/student133_ws/install/test_custom_srv:/home/robot33-6/student133_ws/install/test_custom_publisher:/home/robot33-6/student133_ws/install/test_castom_publisher:/home/robot33-6/student133_ws/install/test_custom_msg:/home/robot33-6/student133_ws/install/test_subscriber:/home/robot33-6/student133_ws/install/test_publisher:/home/robot33-6/student133_ws/install/test_pkg:/opt/ros/humble'), ('SNAP_ARCH', 'amd64'), ('SNAP_COOKIE', 'zfxwyVEa0dSM0vT388UHnSyWy-Mv84K8RE-CWR0OLT2wc9JrOksa'), ('SNAP_USER_COMMON', '/home/robot33-6/snap/qtcreator-ros/common'), ('SSH_AGENT_LAUNCHER', 'gnome-keyring'), ('SSH_AUTH_SOCK', '/run/user/1000/keyring/ssh'), ('LC_NAME', 'ru_RU.UTF-8'), ('SHELL', '/bin/bash'), ('GDMSESSION', 'ubuntu'), ('QT_ACCESSIBILITY', '1'), ('SNAP_REEXEC', ''), ('SNAP_NAME', 'qtcreator-ros'), ('LC_MEASUREMENT', 'ru_RU.UTF-8'), ('GJS_DEBUG_OUTPUT', 'stderr'), ('LC_IDENTIFICATION', 'ru_RU.UTF-8'), ('QT_IM_MODULE', 'ibus'), ('PWD', '/home/robot33-6/student133_ws/build/test_visualization'), ('QT_QPA_PLATFORM', 'wayland;xcb'), ('SNAP_REAL_HOME', '/home/robot33-6'), ('XDG_CONFIG_DIRS', '/etc/xdg/xdg-ubuntu:/etc/xdg'), ('XDG_DATA_DIRS', '/usr/share/ubuntu:/usr/local/share/:/usr/share/:/var/lib/snapd/desktop'), ('LC_NUMERIC', 'ru_RU.UTF-8'), ('PYTHONPATH', '/home/robot33-6/student133_ws/install/test_custom_srv/local/lib/python3.10/dist-packages:/home/robot33-6/student133_ws/install/test_custom_msg/local/lib/python3.10/dist-packages:/opt/ros/humble/lib/python3.10/site-packages:/opt/ros/humble/local/lib/python3.10/dist-packages'), ('SNAP', '/snap/qtcreator-ros/107'), ('SNAP_EUID', '1000'), ('LC_PAPER', 'ru_RU.UTF-8'), ('COLCON', '1'), ('CMAKE_PREFIX_PATH', '/home/robot33-6/student133_ws/install/test_visualization:/home/robot33-6/student133_ws/install/test_parameters:/home/robot33-6/student133_ws/install/test_client:/home/robot33-6/student133_ws/install/test_service:/home/robot33-6/student133_ws/install/test_custom_srv:/home/robot33-6/student133_ws/install/test_custom_publisher:/home/robot33-6/student133_ws/install/test_castom_publisher:/home/robot33-6/student133_ws/install/test_custom_msg:/home/robot33-6/student133_ws/install/test_subscriber:/home/robot33-6/student133_ws/install/test_publisher:/home/robot33-6/student133_ws/install/test_pkg:/opt/ros/humble'), ('LIBGL_DRIVERS_PATH', '/snap/qtcreator-ros/107/usr/lib/x86_64-linux-gnu/dri')]), 'shell': False}
[1.265128] (test_custom_srv) StdoutLine: {'line': b'-- Install configuration: "Debug"\n'}
[1.265761] (test_custom_srv) StdoutLine: {'line': b'-- Up-to-date: /home/robot33-6/student133_ws/install/test_custom_srv/share/ament_index/resource_index/rosidl_interfaces/test_custom_srv\n'}
[1.265895] (test_custom_srv) StdoutLine: {'line': b'-- Up-to-date: /home/robot33-6/student133_ws/install/test_custom_srv/include/test_custom_srv/test_custom_srv\n'}
[1.266006] (test_custom_srv) StdoutLine: {'line': b'-- Up-to-date: /home/robot33-6/student133_ws/install/test_custom_srv/include/test_custom_srv/test_custom_srv/srv\n'}
[1.266103] (test_custom_srv) StdoutLine: {'line': b'-- Up-to-date: /home/robot33-6/student133_ws/install/test_custom_srv/include/test_custom_srv/test_custom_srv/srv/circle_square.h\n'}
[1.266190] (test_custom_srv) StdoutLine: {'line': b'-- Up-to-date: /home/robot33-6/student133_ws/install/test_custom_srv/include/test_custom_srv/test_custom_srv/srv/detail\n'}
[1.266289] (test_custom_srv) StdoutLine: {'line': b'-- Up-to-date: /home/robot33-6/student133_ws/install/test_custom_srv/include/test_custom_srv/test_custom_srv/srv/detail/circle_square__struct.h\n'}
[1.266377] (test_custom_srv) StdoutLine: {'line': b'-- Up-to-date: /home/robot33-6/student133_ws/install/test_custom_srv/include/test_custom_srv/test_custom_srv/srv/detail/circle_square__type_support.h\n'}
[1.266474] (test_custom_srv) StdoutLine: {'line': b'-- Up-to-date: /home/robot33-6/student133_ws/install/test_custom_srv/include/test_custom_srv/test_custom_srv/srv/detail/circle_square__functions.h\n'}
[1.266570] (test_custom_srv) StdoutLine: {'line': b'-- Up-to-date: /home/robot33-6/student133_ws/install/test_custom_srv/include/test_custom_srv/test_custom_srv/srv/detail/circle_square__functions.c\n'}
[1.266662] (test_custom_srv) StdoutLine: {'line': b'-- Up-to-date: /home/robot33-6/student133_ws/install/test_custom_srv/include/test_custom_srv/test_custom_srv/msg\n'}
[1.266756] (test_custom_srv) StdoutLine: {'line': b'-- Up-to-date: /home/robot33-6/student133_ws/install/test_custom_srv/include/test_custom_srv/test_custom_srv/msg/rosidl_generator_c__visibility_control.h\n'}
[1.267696] (test_custom_srv) StdoutLine: {'line': b'-- Up-to-date: /home/robot33-6/student133_ws/install/test_custom_srv/share/test_custom_srv/environment/library_path.sh\n'}
[1.268329] (test_custom_srv) StdoutLine: {'line': b'-- Up-to-date: /home/robot33-6/student133_ws/install/test_custom_srv/share/test_custom_srv/environment/library_path.dsv\n'}
[1.268546] (test_custom_srv) StdoutLine: {'line': b'-- Up-to-date: /home/robot33-6/student133_ws/install/test_custom_srv/lib/libtest_custom_srv__rosidl_generator_c.so\n'}
[1.268797] (test_custom_srv) StdoutLine: {'line': b'-- Up-to-date: /home/robot33-6/student133_ws/install/test_custom_srv/include/test_custom_srv/test_custom_srv\n'}
[1.268948] (test_custom_srv) StdoutLine: {'line': b'-- Up-to-date: /home/robot33-6/student133_ws/install/test_custom_srv/include/test_custom_srv/test_custom_srv/srv\n'}
[1.269376] (test_custom_srv) StdoutLine: {'line': b'-- Up-to-date: /home/robot33-6/student133_ws/install/test_custom_srv/include/test_custom_srv/test_custom_srv/srv/detail\n'}
[1.269893] (test_custom_srv) StdoutLine: {'line': b'-- Up-to-date: /home/robot33-6/student133_ws/install/test_custom_srv/include/test_custom_srv/test_custom_srv/srv/detail/circle_square__rosidl_typesupport_fastrtps_c.h\n'}
[1.270027] (test_custom_srv) StdoutLine: {'line': b'-- Up-to-date: /home/robot33-6/student133_ws/install/test_custom_srv/include/test_custom_srv/test_custom_srv/msg\n'}
[1.270125] (test_custom_srv) StdoutLine: {'line': b'-- Up-to-date: /home/robot33-6/student133_ws/install/test_custom_srv/include/test_custom_srv/test_custom_srv/msg/rosidl_typesupport_fastrtps_c__visibility_control.h\n'}
[1.270223] (test_custom_srv) StdoutLine: {'line': b'-- Up-to-date: /home/robot33-6/student133_ws/install/test_custom_srv/lib/libtest_custom_srv__rosidl_typesupport_fastrtps_c.so\n'}
[1.270317] (test_custom_srv) StdoutLine: {'line': b'-- Up-to-date: /home/robot33-6/student133_ws/install/test_custom_srv/include/test_custom_srv/test_custom_srv\n'}
[1.270437] (test_custom_srv) StdoutLine: {'line': b'-- Up-to-date: /home/robot33-6/student133_ws/install/test_custom_srv/include/test_custom_srv/test_custom_srv/srv\n'}
[1.270674] (test_custom_srv) StdoutLine: {'line': b'-- Up-to-date: /home/robot33-6/student133_ws/install/test_custom_srv/include/test_custom_srv/test_custom_srv/srv/detail\n'}
[1.270775] (test_custom_srv) StdoutLine: {'line': b'-- Up-to-date: /home/robot33-6/student133_ws/install/test_custom_srv/include/test_custom_srv/test_custom_srv/srv/detail/circle_square__rosidl_typesupport_introspection_c.h\n'}
[1.270882] (test_custom_srv) StdoutLine: {'line': b'-- Up-to-date: /home/robot33-6/student133_ws/install/test_custom_srv/include/test_custom_srv/test_custom_srv/srv/detail/circle_square__type_support.c\n'}
[1.270979] (test_custom_srv) StdoutLine: {'line': b'-- Up-to-date: /home/robot33-6/student133_ws/install/test_custom_srv/include/test_custom_srv/test_custom_srv/msg\n'}
[1.271073] (test_custom_srv) StdoutLine: {'line': b'-- Up-to-date: /home/robot33-6/student133_ws/install/test_custom_srv/include/test_custom_srv/test_custom_srv/msg/rosidl_typesupport_introspection_c__visibility_control.h\n'}
[1.271167] (test_custom_srv) StdoutLine: {'line': b'-- Up-to-date: /home/robot33-6/student133_ws/install/test_custom_srv/lib/libtest_custom_srv__rosidl_typesupport_introspection_c.so\n'}
[1.271377] (test_custom_srv) StdoutLine: {'line': b'-- Up-to-date: /home/robot33-6/student133_ws/install/test_custom_srv/lib/libtest_custom_srv__rosidl_typesupport_c.so\n'}
[1.271582] (test_custom_srv) StdoutLine: {'line': b'-- Up-to-date: /home/robot33-6/student133_ws/install/test_custom_srv/include/test_custom_srv/test_custom_srv\n'}
[1.271699] (test_custom_srv) StdoutLine: {'line': b'-- Up-to-date: /home/robot33-6/student133_ws/install/test_custom_srv/include/test_custom_srv/test_custom_srv/srv\n'}
[1.271791] (test_custom_srv) StdoutLine: {'line': b'-- Up-to-date: /home/robot33-6/student133_ws/install/test_custom_srv/include/test_custom_srv/test_custom_srv/srv/detail\n'}
[1.271878] (test_custom_srv) StdoutLine: {'line': b'-- Up-to-date: /home/robot33-6/student133_ws/install/test_custom_srv/include/test_custom_srv/test_custom_srv/srv/detail/circle_square__builder.hpp\n'}
[1.271968] (test_custom_srv) StdoutLine: {'line': b'-- Up-to-date: /home/robot33-6/student133_ws/install/test_custom_srv/include/test_custom_srv/test_custom_srv/srv/detail/circle_square__traits.hpp\n'}
[1.272055] (test_custom_srv) StdoutLine: {'line': b'-- Up-to-date: /home/robot33-6/student133_ws/install/test_custom_srv/include/test_custom_srv/test_custom_srv/srv/detail/circle_square__struct.hpp\n'}
[1.272138] (test_custom_srv) StdoutLine: {'line': b'-- Up-to-date: /home/robot33-6/student133_ws/install/test_custom_srv/include/test_custom_srv/test_custom_srv/srv/circle_square.hpp\n'}
[1.272239] (test_custom_srv) StdoutLine: {'line': b'-- Up-to-date: /home/robot33-6/student133_ws/install/test_custom_srv/include/test_custom_srv/test_custom_srv\n'}
[1.272325] (test_custom_srv) StdoutLine: {'line': b'-- Up-to-date: /home/robot33-6/student133_ws/install/test_custom_srv/include/test_custom_srv/test_custom_srv/srv\n'}
[1.272541] (test_custom_srv) StdoutLine: {'line': b'-- Up-to-date: /home/robot33-6/student133_ws/install/test_custom_srv/include/test_custom_srv/test_custom_srv/srv/detail\n'}
[1.272635] (test_custom_srv) StdoutLine: {'line': b'-- Up-to-date: /home/robot33-6/student133_ws/install/test_custom_srv/include/test_custom_srv/test_custom_srv/srv/detail/dds_fastrtps\n'}
[1.272728] (test_custom_srv) StdoutLine: {'line': b'-- Up-to-date: /home/robot33-6/student133_ws/install/test_custom_srv/include/test_custom_srv/test_custom_srv/srv/detail/circle_square__rosidl_typesupport_fastrtps_cpp.hpp\n'}
[1.272818] (test_custom_srv) StdoutLine: {'line': b'-- Up-to-date: /home/robot33-6/student133_ws/install/test_custom_srv/include/test_custom_srv/test_custom_srv/msg\n'}
[1.272967] (test_custom_srv) StdoutLine: {'line': b'-- Up-to-date: /home/robot33-6/student133_ws/install/test_custom_srv/include/test_custom_srv/test_custom_srv/msg/rosidl_typesupport_fastrtps_cpp__visibility_control.h\n'}
[1.273066] (test_custom_srv) StdoutLine: {'line': b'-- Up-to-date: /home/robot33-6/student133_ws/install/test_custom_srv/lib/libtest_custom_srv__rosidl_typesupport_fastrtps_cpp.so\n'}
[1.273165] (test_custom_srv) StdoutLine: {'line': b'-- Up-to-date: /home/robot33-6/student133_ws/install/test_custom_srv/include/test_custom_srv/test_custom_srv\n'}
[1.273264] (test_custom_srv) StdoutLine: {'line': b'-- Up-to-date: /home/robot33-6/student133_ws/install/test_custom_srv/include/test_custom_srv/test_custom_srv/srv\n'}
[1.273484] (test_custom_srv) StdoutLine: {'line': b'-- Up-to-date: /home/robot33-6/student133_ws/install/test_custom_srv/include/test_custom_srv/test_custom_srv/srv/detail\n'}
[1.273571] (test_custom_srv) StdoutLine: {'line': b'-- Up-to-date: /home/robot33-6/student133_ws/install/test_custom_srv/include/test_custom_srv/test_custom_srv/srv/detail/circle_square__rosidl_typesupport_introspection_cpp.hpp\n'}
[1.273655] (test_custom_srv) StdoutLine: {'line': b'-- Up-to-date: /home/robot33-6/student133_ws/install/test_custom_srv/include/test_custom_srv/test_custom_srv/srv/detail/circle_square__type_support.cpp\n'}
[1.273742] (test_custom_srv) StdoutLine: {'line': b'-- Up-to-date: /home/robot33-6/student133_ws/install/test_custom_srv/lib/libtest_custom_srv__rosidl_typesupport_introspection_cpp.so\n'}
[1.273827] (test_custom_srv) StdoutLine: {'line': b'-- Up-to-date: /home/robot33-6/student133_ws/install/test_custom_srv/lib/libtest_custom_srv__rosidl_typesupport_cpp.so\n'}
[1.273915] (test_custom_srv) StdoutLine: {'line': b'-- Up-to-date: /home/robot33-6/student133_ws/install/test_custom_srv/share/test_custom_srv/environment/pythonpath.sh\n'}
[1.274016] (test_custom_srv) StdoutLine: {'line': b'-- Up-to-date: /home/robot33-6/student133_ws/install/test_custom_srv/share/test_custom_srv/environment/pythonpath.dsv\n'}
[1.274226] (test_custom_srv) StdoutLine: {'line': b'-- Up-to-date: /home/robot33-6/student133_ws/install/test_custom_srv/local/lib/python3.10/dist-packages/test_custom_srv-0.0.0-py3.10.egg-info\n'}
[1.274327] (test_custom_srv) StdoutLine: {'line': b'-- Installing: /home/robot33-6/student133_ws/install/test_custom_srv/local/lib/python3.10/dist-packages/test_custom_srv-0.0.0-py3.10.egg-info/PKG-INFO\n'}
[1.274421] (test_custom_srv) StdoutLine: {'line': b'-- Installing: /home/robot33-6/student133_ws/install/test_custom_srv/local/lib/python3.10/dist-packages/test_custom_srv-0.0.0-py3.10.egg-info/top_level.txt\n'}
[1.274514] (test_custom_srv) StdoutLine: {'line': b'-- Installing: /home/robot33-6/student133_ws/install/test_custom_srv/local/lib/python3.10/dist-packages/test_custom_srv-0.0.0-py3.10.egg-info/dependency_links.txt\n'}
[1.274605] (test_custom_srv) StdoutLine: {'line': b'-- Installing: /home/robot33-6/student133_ws/install/test_custom_srv/local/lib/python3.10/dist-packages/test_custom_srv-0.0.0-py3.10.egg-info/SOURCES.txt\n'}
[1.274723] (test_custom_srv) StdoutLine: {'line': b'-- Up-to-date: /home/robot33-6/student133_ws/install/test_custom_srv/local/lib/python3.10/dist-packages/test_custom_srv\n'}
[1.274819] (test_custom_srv) StdoutLine: {'line': b'-- Up-to-date: /home/robot33-6/student133_ws/install/test_custom_srv/local/lib/python3.10/dist-packages/test_custom_srv/libtest_custom_srv__rosidl_generator_py.so\n'}
[1.275019] (test_custom_srv) StdoutLine: {'line': b'-- Up-to-date: /home/robot33-6/student133_ws/install/test_custom_srv/local/lib/python3.10/dist-packages/test_custom_srv/_test_custom_srv_s.ep.rosidl_typesupport_introspection_c.c\n'}
[1.275111] (test_custom_srv) StdoutLine: {'line': b'-- Up-to-date: /home/robot33-6/student133_ws/install/test_custom_srv/local/lib/python3.10/dist-packages/test_custom_srv/test_custom_srv_s__rosidl_typesupport_fastrtps_c.cpython-310-x86_64-linux-gnu.so\n'}
[1.275204] (test_custom_srv) StdoutLine: {'line': b'-- Up-to-date: /home/robot33-6/student133_ws/install/test_custom_srv/local/lib/python3.10/dist-packages/test_custom_srv/test_custom_srv_s__rosidl_typesupport_c.cpython-310-x86_64-linux-gnu.so\n'}
[1.275287] (test_custom_srv) StdoutLine: {'line': b'-- Up-to-date: /home/robot33-6/student133_ws/install/test_custom_srv/local/lib/python3.10/dist-packages/test_custom_srv/_test_custom_srv_s.ep.rosidl_typesupport_c.c\n'}
[1.275373] (test_custom_srv) StdoutLine: {'line': b'-- Up-to-date: /home/robot33-6/student133_ws/install/test_custom_srv/local/lib/python3.10/dist-packages/test_custom_srv/test_custom_srv_s__rosidl_typesupport_introspection_c.cpython-310-x86_64-linux-gnu.so\n'}
[1.275534] (test_custom_srv) StdoutLine: {'line': b'-- Up-to-date: /home/robot33-6/student133_ws/install/test_custom_srv/local/lib/python3.10/dist-packages/test_custom_srv/__init__.py\n'}
[1.275622] (test_custom_srv) StdoutLine: {'line': b'-- Up-to-date: /home/robot33-6/student133_ws/install/test_custom_srv/local/lib/python3.10/dist-packages/test_custom_srv/_test_custom_srv_s.ep.rosidl_typesupport_fastrtps_c.c\n'}
[1.275714] (test_custom_srv) StdoutLine: {'line': b'-- Up-to-date: /home/robot33-6/student133_ws/install/test_custom_srv/local/lib/python3.10/dist-packages/test_custom_srv/srv\n'}
[1.275964] (test_custom_srv) StdoutLine: {'line': b'-- Up-to-date: /home/robot33-6/student133_ws/install/test_custom_srv/local/lib/python3.10/dist-packages/test_custom_srv/srv/_circle_square_s.c\n'}
[1.276062] (test_custom_srv) StdoutLine: {'line': b'-- Up-to-date: /home/robot33-6/student133_ws/install/test_custom_srv/local/lib/python3.10/dist-packages/test_custom_srv/srv/__init__.py\n'}
[1.276151] (test_custom_srv) StdoutLine: {'line': b'-- Up-to-date: /home/robot33-6/student133_ws/install/test_custom_srv/local/lib/python3.10/dist-packages/test_custom_srv/srv/_circle_square.py\n'}
[1.302023] (test_custom_srv) StdoutLine: {'line': b"Listing '/home/robot33-6/student133_ws/install/test_custom_srv/local/lib/python3.10/dist-packages/test_custom_srv'...\n"}
[1.302510] (-) TimerEvent: {}
[1.302707] (test_custom_srv) StdoutLine: {'line': b"Listing '/home/robot33-6/student133_ws/install/test_custom_srv/local/lib/python3.10/dist-packages/test_custom_srv/srv'...\n"}
[1.309471] (test_custom_srv) StdoutLine: {'line': b'-- Up-to-date: /home/robot33-6/student133_ws/install/test_custom_srv/local/lib/python3.10/dist-packages/test_custom_srv/test_custom_srv_s__rosidl_typesupport_fastrtps_c.cpython-310-x86_64-linux-gnu.so\n'}
[1.309790] (test_custom_srv) StdoutLine: {'line': b'-- Up-to-date: /home/robot33-6/student133_ws/install/test_custom_srv/local/lib/python3.10/dist-packages/test_custom_srv/test_custom_srv_s__rosidl_typesupport_introspection_c.cpython-310-x86_64-linux-gnu.so\n'}
[1.309994] (test_custom_srv) StdoutLine: {'line': b'-- Up-to-date: /home/robot33-6/student133_ws/install/test_custom_srv/local/lib/python3.10/dist-packages/test_custom_srv/test_custom_srv_s__rosidl_typesupport_c.cpython-310-x86_64-linux-gnu.so\n'}
[1.310296] (test_custom_srv) StdoutLine: {'line': b'-- Up-to-date: /home/robot33-6/student133_ws/install/test_custom_srv/lib/libtest_custom_srv__rosidl_generator_py.so\n'}
[1.310659] (test_custom_srv) StdoutLine: {'line': b'-- Up-to-date: /home/robot33-6/student133_ws/install/test_custom_srv/share/test_custom_srv/srv/CircleSquare.idl\n'}
[1.310736] (test_custom_srv) StdoutLine: {'line': b'-- Up-to-date: /home/robot33-6/student133_ws/install/test_custom_srv/share/test_custom_srv/srv/CircleSquare.srv\n'}
[1.310906] (test_custom_srv) StdoutLine: {'line': b'-- Up-to-date: /home/robot33-6/student133_ws/install/test_custom_srv/share/test_custom_srv/srv/CircleSquare_Request.msg\n'}
[1.310960] (test_custom_srv) StdoutLine: {'line': b'-- Up-to-date: /home/robot33-6/student133_ws/install/test_custom_srv/share/test_custom_srv/srv/CircleSquare_Response.msg\n'}
[1.311505] (test_custom_srv) StdoutLine: {'line': b'-- Up-to-date: /home/robot33-6/student133_ws/install/test_custom_srv/share/ament_index/resource_index/package_run_dependencies/test_custom_srv\n'}
[1.311578] (test_custom_srv) StdoutLine: {'line': b'-- Up-to-date: /home/robot33-6/student133_ws/install/test_custom_srv/share/ament_index/resource_index/parent_prefix_path/test_custom_srv\n'}
[1.311635] (test_custom_srv) StdoutLine: {'line': b'-- Up-to-date: /home/robot33-6/student133_ws/install/test_custom_srv/share/test_custom_srv/environment/ament_prefix_path.sh\n'}
[1.311685] (test_custom_srv) StdoutLine: {'line': b'-- Up-to-date: /home/robot33-6/student133_ws/install/test_custom_srv/share/test_custom_srv/environment/ament_prefix_path.dsv\n'}
[1.311735] (test_custom_srv) StdoutLine: {'line': b'-- Up-to-date: /home/robot33-6/student133_ws/install/test_custom_srv/share/test_custom_srv/environment/path.sh\n'}
[1.311785] (test_custom_srv) StdoutLine: {'line': b'-- Up-to-date: /home/robot33-6/student133_ws/install/test_custom_srv/share/test_custom_srv/environment/path.dsv\n'}
[1.311834] (test_custom_srv) StdoutLine: {'line': b'-- Up-to-date: /home/robot33-6/student133_ws/install/test_custom_srv/share/test_custom_srv/local_setup.bash\n'}
[1.311884] (test_custom_srv) StdoutLine: {'line': b'-- Up-to-date: /home/robot33-6/student133_ws/install/test_custom_srv/share/test_custom_srv/local_setup.sh\n'}
[1.311933] (test_custom_srv) StdoutLine: {'line': b'-- Up-to-date: /home/robot33-6/student133_ws/install/test_custom_srv/share/test_custom_srv/local_setup.zsh\n'}
[1.311981] (test_custom_srv) StdoutLine: {'line': b'-- Up-to-date: /home/robot33-6/student133_ws/install/test_custom_srv/share/test_custom_srv/local_setup.dsv\n'}
[1.312032] (test_custom_srv) StdoutLine: {'line': b'-- Installing: /home/robot33-6/student133_ws/install/test_custom_srv/share/test_custom_srv/package.dsv\n'}
[1.395025] (test_custom_msg) JobEnded: {'identifier': 'test_custom_msg', 'rc': 2}
[1.395715] (test_custom_srv) StdoutLine: {'line': b'-- Up-to-date: /home/robot33-6/student133_ws/install/test_custom_srv/share/ament_index/resource_index/packages/test_custom_srv\n'}
[1.395994] (test_custom_srv) StdoutLine: {'line': b'-- Up-to-date: /home/robot33-6/student133_ws/install/test_custom_srv/share/test_custom_srv/cmake/export_test_custom_srv__rosidl_generator_cExport.cmake\n'}
[1.396050] (test_custom_srv) StdoutLine: {'line': b'-- Up-to-date: /home/robot33-6/student133_ws/install/test_custom_srv/share/test_custom_srv/cmake/export_test_custom_srv__rosidl_generator_cExport-debug.cmake\n'}
[1.396099] (test_custom_srv) StdoutLine: {'line': b'-- Up-to-date: /home/robot33-6/student133_ws/install/test_custom_srv/share/test_custom_srv/cmake/export_test_custom_srv__rosidl_typesupport_fastrtps_cExport.cmake\n'}
[1.396147] (test_custom_srv) StdoutLine: {'line': b'-- Up-to-date: /home/robot33-6/student133_ws/install/test_custom_srv/share/test_custom_srv/cmake/export_test_custom_srv__rosidl_typesupport_fastrtps_cExport-debug.cmake\n'}
[1.396200] (test_custom_srv) StdoutLine: {'line': b'-- Up-to-date: /home/robot33-6/student133_ws/install/test_custom_srv/share/test_custom_srv/cmake/test_custom_srv__rosidl_typesupport_introspection_cExport.cmake\n'}
[1.396249] (test_custom_srv) StdoutLine: {'line': b'-- Up-to-date: /home/robot33-6/student133_ws/install/test_custom_srv/share/test_custom_srv/cmake/test_custom_srv__rosidl_typesupport_introspection_cExport-debug.cmake\n'}
[1.396295] (test_custom_srv) StdoutLine: {'line': b'-- Up-to-date: /home/robot33-6/student133_ws/install/test_custom_srv/share/test_custom_srv/cmake/test_custom_srv__rosidl_typesupport_cExport.cmake\n'}
[1.396340] (test_custom_srv) StdoutLine: {'line': b'-- Up-to-date: /home/robot33-6/student133_ws/install/test_custom_srv/share/test_custom_srv/cmake/test_custom_srv__rosidl_typesupport_cExport-debug.cmake\n'}
[1.396385] (test_custom_srv) StdoutLine: {'line': b'-- Up-to-date: /home/robot33-6/student133_ws/install/test_custom_srv/share/test_custom_srv/cmake/export_test_custom_srv__rosidl_generator_cppExport.cmake\n'}
[1.396429] (test_custom_srv) StdoutLine: {'line': b'-- Up-to-date: /home/robot33-6/student133_ws/install/test_custom_srv/share/test_custom_srv/cmake/export_test_custom_srv__rosidl_typesupport_fastrtps_cppExport.cmake\n'}
[1.396473] (test_custom_srv) StdoutLine: {'line': b'-- Up-to-date: /home/robot33-6/student133_ws/install/test_custom_srv/share/test_custom_srv/cmake/export_test_custom_srv__rosidl_typesupport_fastrtps_cppExport-debug.cmake\n'}
[1.396518] (test_custom_srv) StdoutLine: {'line': b'-- Up-to-date: /home/robot33-6/student133_ws/install/test_custom_srv/share/test_custom_srv/cmake/test_custom_srv__rosidl_typesupport_introspection_cppExport.cmake\n'}
[1.396562] (test_custom_srv) StdoutLine: {'line': b'-- Up-to-date: /home/robot33-6/student133_ws/install/test_custom_srv/share/test_custom_srv/cmake/test_custom_srv__rosidl_typesupport_introspection_cppExport-debug.cmake\n'}
[1.396607] (test_custom_srv) StdoutLine: {'line': b'-- Up-to-date: /home/robot33-6/student133_ws/install/test_custom_srv/share/test_custom_srv/cmake/test_custom_srv__rosidl_typesupport_cppExport.cmake\n'}
[1.396651] (test_custom_srv) StdoutLine: {'line': b'-- Up-to-date: /home/robot33-6/student133_ws/install/test_custom_srv/share/test_custom_srv/cmake/test_custom_srv__rosidl_typesupport_cppExport-debug.cmake\n'}
[1.396702] (test_custom_srv) StdoutLine: {'line': b'-- Up-to-date: /home/robot33-6/student133_ws/install/test_custom_srv/share/test_custom_srv/cmake/export_test_custom_srv__rosidl_generator_pyExport.cmake\n'}
[1.396747] (test_custom_srv) StdoutLine: {'line': b'-- Up-to-date: /home/robot33-6/student133_ws/install/test_custom_srv/share/test_custom_srv/cmake/export_test_custom_srv__rosidl_generator_pyExport-debug.cmake\n'}
[1.396792] (test_custom_srv) StdoutLine: {'line': b'-- Up-to-date: /home/robot33-6/student133_ws/install/test_custom_srv/share/test_custom_srv/cmake/rosidl_cmake-extras.cmake\n'}
[1.396836] (test_custom_srv) StdoutLine: {'line': b'-- Up-to-date: /home/robot33-6/student133_ws/install/test_custom_srv/share/test_custom_srv/cmake/ament_cmake_export_include_directories-extras.cmake\n'}
[1.396881] (test_custom_srv) StdoutLine: {'line': b'-- Up-to-date: /home/robot33-6/student133_ws/install/test_custom_srv/share/test_custom_srv/cmake/ament_cmake_export_libraries-extras.cmake\n'}
[1.396972] (test_custom_srv) StdoutLine: {'line': b'-- Up-to-date: /home/robot33-6/student133_ws/install/test_custom_srv/share/test_custom_srv/cmake/ament_cmake_export_targets-extras.cmake\n'}
[1.397019] (test_custom_srv) StdoutLine: {'line': b'-- Up-to-date: /home/robot33-6/student133_ws/install/test_custom_srv/share/test_custom_srv/cmake/rosidl_cmake_export_typesupport_targets-extras.cmake\n'}
[1.397063] (test_custom_srv) StdoutLine: {'line': b'-- Up-to-date: /home/robot33-6/student133_ws/install/test_custom_srv/share/test_custom_srv/cmake/ament_cmake_export_dependencies-extras.cmake\n'}
[1.397108] (test_custom_srv) StdoutLine: {'line': b'-- Up-to-date: /home/robot33-6/student133_ws/install/test_custom_srv/share/test_custom_srv/cmake/rosidl_cmake_export_typesupport_libraries-extras.cmake\n'}
[1.397153] (test_custom_srv) StdoutLine: {'line': b'-- Up-to-date: /home/robot33-6/student133_ws/install/test_custom_srv/share/test_custom_srv/cmake/test_custom_srvConfig.cmake\n'}
[1.397201] (test_custom_srv) StdoutLine: {'line': b'-- Up-to-date: /home/robot33-6/student133_ws/install/test_custom_srv/share/test_custom_srv/cmake/test_custom_srvConfig-version.cmake\n'}
[1.397246] (test_custom_srv) StdoutLine: {'line': b'-- Up-to-date: /home/robot33-6/student133_ws/install/test_custom_srv/share/test_custom_srv/package.xml\n'}
[1.397292] (test_subscriber) StdoutLine: {'line': b'[100%] Built target test_subscriber_node\n'}
[1.397358] (test_visualization) StdoutLine: {'line': b'[100%] Built target test_visualization_node\n'}
[1.397419] (test_custom_srv) JobEnded: {'identifier': 'test_custom_srv', 'rc': 'SIGINT'}
[1.397670] (test_subscriber) JobEnded: {'identifier': 'test_subscriber', 'rc': 'SIGINT'}
[1.397893] (test_visualization) JobEnded: {'identifier': 'test_visualization', 'rc': 'SIGINT'}
[1.402593] (-) TimerEvent: {}
[1.502830] (-) TimerEvent: {}
[1.603061] (-) TimerEvent: {}
[1.703298] (-) TimerEvent: {}
[1.803532] (-) TimerEvent: {}
[1.903768] (-) TimerEvent: {}
[2.004006] (-) TimerEvent: {}
[2.104237] (-) TimerEvent: {}
[2.204467] (-) TimerEvent: {}
[2.304710] (-) TimerEvent: {}
[2.404989] (-) TimerEvent: {}
[2.505218] (-) TimerEvent: {}
[2.581464] (test_custom_publisher) StderrLine: {'line': b'/home/robot33-6/student133_ws/src/test_custom_publisher/src/test_custom_publisher.cpp:20:43: error: \xe2\x80\x98Triangle\xe2\x80\x99 is not a member of \xe2\x80\x98test_custom_msg::msg\xe2\x80\x99\n'}
[2.581607] (test_custom_publisher) StderrLine: {'line': b'   20 |   rclcpp::Publisher<test_custom_msg::msg::Triangle>::SharedPtr\n'}
[2.581659] (test_custom_publisher) StderrLine: {'line': b'      |                                           ^~~~~~~~\n'}
[2.581708] (test_custom_publisher) StderrLine: {'line': b'/home/robot33-6/student133_ws/src/test_custom_publisher/src/test_custom_publisher.cpp:20:51: error: template argument 1 is invalid\n'}
[2.581755] (test_custom_publisher) StderrLine: {'line': b'   20 |   rclcpp::Publisher<test_custom_msg::msg::Triangle>::SharedPtr\n'}
[2.581800] (test_custom_publisher) StderrLine: {'line': b'      |                                                   ^\n'}
[2.581845] (test_custom_publisher) StderrLine: {'line': b'/home/robot33-6/student133_ws/src/test_custom_publisher/src/test_custom_publisher.cpp:20:54: error: expected \xe2\x80\x98;\xe2\x80\x99 at end of member declaration\n'}
[2.581890] (test_custom_publisher) StderrLine: {'line': b'   20 |   rclcpp::Publisher<test_custom_msg::msg::Triangle>::SharedPtr\n'}
[2.581935] (test_custom_publisher) StderrLine: {'line': b'      |                                                      ^~~~~~~~~\n'}
[2.581978] (test_custom_publisher) StderrLine: {'line': b'      |                                                               ;\n'}
[2.582740] (test_custom_publisher) StderrLine: {'line': b'/home/robot33-6/student133_ws/src/test_custom_publisher/src/test_custom_publisher.cpp:21:3: error: \xe2\x80\x98publisher\xe2\x80\x99 does not name a type\n'}
[2.582794] (test_custom_publisher) StderrLine: {'line': b'   21 |   publisher;\n'}
[2.582838] (test_custom_publisher) StderrLine: {'line': b'      |   ^~~~~~~~~\n'}
[2.587881] (test_custom_publisher) StderrLine: {'line': b'/home/robot33-6/student133_ws/src/test_custom_publisher/src/test_custom_publisher.cpp: In constructor \xe2\x80\x98CustomPublisher::CustomPublisher()\xe2\x80\x99:\n'}
[2.587972] (test_custom_publisher) StderrLine: {'line': b'/home/robot33-6/student133_ws/src/test_custom_publisher/src/test_custom_publisher.cpp:9:5: error: \xe2\x80\x98publisher\xe2\x80\x99 was not declared in this scope\n'}
[2.588016] (test_custom_publisher) StderrLine: {'line': b'    9 |     publisher =\n'}
[2.588060] (test_custom_publisher) StderrLine: {'line': b'      |     ^~~~~~~~~\n'}
[2.588292] (test_custom_publisher) StderrLine: {'line': b'/home/robot33-6/student133_ws/src/test_custom_publisher/src/test_custom_publisher.cpp:10:54: error: \xe2\x80\x98Triangle\xe2\x80\x99 is not a member of \xe2\x80\x98test_custom_msg::msg\xe2\x80\x99\n'}
[2.588358] (test_custom_publisher) StderrLine: {'line': b'   10 |         this->create_publisher<test_custom_msg::msg::Triangle>\n'}
[2.588423] (test_custom_publisher) StderrLine: {'line': b'      |                                                      ^~~~~~~~\n'}
[2.588562] (test_custom_publisher) StderrLine: {'line': b'/home/robot33-6/student133_ws/src/test_custom_publisher/src/test_custom_publisher.cpp:11:9: error: no matching function for call to \xe2\x80\x98CustomPublisher::create_publisher<<expression error> >(const char [15], int)\xe2\x80\x99\n'}
[2.588608] (test_custom_publisher) StderrLine: {'line': b'   10 |         this->create_publisher<test_custom_msg::msg::Triangle>\n'}
[2.588652] (test_custom_publisher) StderrLine: {'line': b'      |         ~~~~~~~~~~~~~~~~~~~~~~~~~~~~~~~~~~~~~~~~~~~~~~~~~~~~~~\n'}
[2.588696] (test_custom_publisher) StderrLine: {'line': b'   11 |         ("/triangle_test", 10);\n'}
[2.588739] (test_custom_publisher) StderrLine: {'line': b'      |         ^~~~~~~~~~~~~~~~~~~~~~\n'}
[2.588782] (test_custom_publisher) StderrLine: {'line': b'In file included from /opt/ros/humble/include/rclcpp/rclcpp/executors/single_threaded_executor.hpp:28,\n'}
[2.588826] (test_custom_publisher) StderrLine: {'line': b'                 from /opt/ros/humble/include/rclcpp/rclcpp/executors.hpp:22,\n'}
[2.588870] (test_custom_publisher) StderrLine: {'line': b'                 from /opt/ros/humble/include/rclcpp/rclcpp/rclcpp.hpp:155,\n'}
[2.588959] (test_custom_publisher) StderrLine: {'line': b'                 from /home/robot33-6/student133_ws/src/test_custom_publisher/src/test_custom_publisher.cpp:1:\n'}
[2.589004] (test_custom_publisher) StderrLine: {'line': b'/opt/ros/humble/include/rclcpp/rclcpp/node.hpp:195:3: note: candidate: \xe2\x80\x98template<class MessageT, class AllocatorT, class PublisherT> std::shared_ptr<PublisherT> rclcpp::Node::create_publisher(const string&, const rclcpp::QoS&, const rclcpp::PublisherOptionsWithAllocator<AllocatorT>&)\xe2\x80\x99\n'}
[2.589050] (test_custom_publisher) StderrLine: {'line': b'  195 |   create_publisher(\n'}
[2.589093] (test_custom_publisher) StderrLine: {'line': b'      |   ^~~~~~~~~~~~~~~~\n'}
[2.589136] (test_custom_publisher) StderrLine: {'line': b'/opt/ros/humble/include/rclcpp/rclcpp/node.hpp:195:3: note:   template argument deduction/substitution failed:\n'}
[2.589180] (test_custom_publisher) StderrLine: {'line': b'/home/robot33-6/student133_ws/src/test_custom_publisher/src/test_custom_publisher.cpp:11:9: error: template argument 1 is invalid\n'}
[2.589224] (test_custom_publisher) StderrLine: {'line': b'   10 |         this->create_publisher<test_custom_msg::msg::Triangle>\n'}
[2.589267] (test_custom_publisher) StderrLine: {'line': b'      |         ~~~~~~~~~~~~~~~~~~~~~~~~~~~~~~~~~~~~~~~~~~~~~~~~~~~~~~\n'}
[2.589310] (test_custom_publisher) StderrLine: {'line': b'   11 |         ("/triangle_test", 10);\n'}
[2.589353] (test_custom_publisher) StderrLine: {'line': b'      |         ^~~~~~~~~~~~~~~~~~~~~~\n'}
[2.596707] (test_custom_publisher) StderrLine: {'line': b'/home/robot33-6/student133_ws/src/test_custom_publisher/src/test_custom_publisher.cpp: In member function \xe2\x80\x98void CustomPublisher::timer_callback()\xe2\x80\x99:\n'}
[2.596815] (test_custom_publisher) StderrLine: {'line': b'/home/robot33-6/student133_ws/src/test_custom_publisher/src/test_custom_publisher.cpp:23:27: error: \xe2\x80\x98Triangle\xe2\x80\x99 is not a member of \xe2\x80\x98test_custom_msg::msg\xe2\x80\x99\n'}
[2.596864] (test_custom_publisher) StderrLine: {'line': b'   23 |     test_custom_msg::msg::Triangle Triangle_msg =\n'}
[2.596945] (test_custom_publisher) StderrLine: {'line': b'      |                           ^~~~~~~~\n'}
[2.602379] (test_custom_publisher) StderrLine: {'line': b'/home/robot33-6/student133_ws/src/test_custom_publisher/src/test_custom_publisher.cpp:25:5: error: \xe2\x80\x98Triangle_msg\xe2\x80\x99 was not declared in this scope\n'}
[2.602462] (test_custom_publisher) StderrLine: {'line': b'   25 |     Triangle_msg.center.x=45;\n'}
[2.602517] (test_custom_publisher) StderrLine: {'line': b'      |     ^~~~~~~~~~~~\n'}
[2.605273] (-) TimerEvent: {}
[2.606781] (test_custom_publisher) StderrLine: {'line': b'/home/robot33-6/student133_ws/src/test_custom_publisher/src/test_custom_publisher.cpp:29:5: error: \xe2\x80\x98publisher\xe2\x80\x99 was not declared in this scope\n'}
[2.606861] (test_custom_publisher) StderrLine: {'line': b'   29 |     publisher->publish(Triangle_msg);\n'}
[2.606907] (test_custom_publisher) StderrLine: {'line': b'      |     ^~~~~~~~~\n'}
[2.705398] (-) TimerEvent: {}
[2.805640] (-) TimerEvent: {}
[2.905874] (-) TimerEvent: {}
[3.006099] (-) TimerEvent: {}
[3.106326] (-) TimerEvent: {}
[3.206565] (-) TimerEvent: {}
[3.219394] (test_custom_publisher) StderrLine: {'line': b'gmake[2]: *** [CMakeFiles/test_custom_publisher_node.dir/build.make:76: CMakeFiles/test_custom_publisher_node.dir/src/test_custom_publisher.cpp.o] Error 1\n'}
[3.219561] (test_custom_publisher) StderrLine: {'line': b'gmake[1]: *** [CMakeFiles/Makefile2:137: CMakeFiles/test_custom_publisher_node.dir/all] Error 2\n'}
[3.219694] (test_custom_publisher) StderrLine: {'line': b'gmake: *** [Makefile:146: all] Error 2\n'}
[3.220789] (test_custom_publisher) JobEnded: {'identifier': 'test_custom_publisher', 'rc': 'SIGINT'}
[3.231220] (-) EventReactorShutdown: {}
