/home/robot33-6/student133_ws/src/test_client/src/client_triangle.cpp:2:10: fatal error: test_custom_srv/srv/triangle_square.hpp: No such file or directory
    2 | #include "test_custom_srv/srv/triangle_square.hpp"
      |          ^~~~~~~~~~~~~~~~~~~~~~~~~~~~~~~~~~~~~~~~~
compilation terminated.
gmake[2]: *** [CMakeFiles/client_triangle.dir/build.make:76: CMakeFiles/client_triangle.dir/src/client_triangle.cpp.o] Error 1
gmake[1]: *** [CMakeFiles/Makefile2:165: CMakeFiles/client_triangle.dir/all] Error 2
gmake: *** [Makefile:146: all] Error 2
