[ 50%] Building CXX object CMakeFiles/test_pkg_node.dir/src/test_pkg_node.cpp.o
/home/eragon/student133_ws/src/test_pkg/src/test_pkg_node.cpp: In constructor ‘TestNode::TestNode()’:
/home/eragon/student133_ws/src/test_pkg/src/test_pkg_node.cpp:11:27: error: class ‘TestNode’ does not have any field named ‘counter’
   11 |         Node("test_node"),counter(0) //Имя узла
      |                           ^~~~~~~
gmake[2]: *** [CMakeFiles/test_pkg_node.dir/build.make:76: CMakeFiles/test_pkg_node.dir/src/test_pkg_node.cpp.o] Ошибка 1
gmake[1]: *** [CMakeFiles/Makefile2:137: CMakeFiles/test_pkg_node.dir/all] Ошибка 2
gmake: *** [Makefile:146: all] Ошибка 2
