[0.000000] (-) TimerEvent: {}
[0.000389] (custom_counter) JobQueued: {'identifier': 'custom_counter', 'dependencies': OrderedDict()}
[0.001267] (test_basic_publisher) JobQueued: {'identifier': 'test_basic_publisher', 'dependencies': OrderedDict()}
[0.001469] (test_client) JobQueued: {'identifier': 'test_client', 'dependencies': OrderedDict()}
[0.001542] (test_custom_msg) JobQueued: {'identifier': 'test_custom_msg', 'dependencies': OrderedDict()}
[0.001665] (test_custom_publisher) JobQueued: {'identifier': 'test_custom_publisher', 'dependencies': OrderedDict()}
[0.001711] (test_custom_srv) JobQueued: {'identifier': 'test_custom_srv', 'dependencies': OrderedDict()}
[0.001756] (test_parameters) JobQueued: {'identifier': 'test_parameters', 'dependencies': OrderedDict()}
[0.001822] (test_pkg) JobQueued: {'identifier': 'test_pkg', 'dependencies': OrderedDict()}
[0.001918] (test_publisher) JobQueued: {'identifier': 'test_publisher', 'dependencies': OrderedDict()}
[0.001985] (test_service) JobQueued: {'identifier': 'test_service', 'dependencies': OrderedDict()}
[0.002028] (test_subscriber) JobQueued: {'identifier': 'test_subscriber', 'dependencies': OrderedDict()}
[0.002070] (test_tf_broadcaster) JobQueued: {'identifier': 'test_tf_broadcaster', 'dependencies': OrderedDict()}
[0.002110] (test_visualization) JobQueued: {'identifier': 'test_visualization', 'dependencies': OrderedDict()}
[0.002150] (custom_counter) JobStarted: {'identifier': 'custom_counter'}
[0.009733] (test_basic_publisher) JobStarted: {'identifier': 'test_basic_publisher'}
[0.014341] (test_client) JobStarted: {'identifier': 'test_client'}
[0.020038] (test_custom_msg) JobStarted: {'identifier': 'test_custom_msg'}
[0.025375] (test_custom_publisher) JobStarted: {'identifier': 'test_custom_publisher'}
[0.031419] (test_custom_srv) JobStarted: {'identifier': 'test_custom_srv'}
[0.036632] (test_parameters) JobStarted: {'identifier': 'test_parameters'}
[0.042020] (test_pkg) JobStarted: {'identifier': 'test_pkg'}
[0.050702] (custom_counter) JobProgress: {'identifier': 'custom_counter', 'progress': 'cmake'}
[0.052139] (custom_counter) JobProgress: {'identifier': 'custom_counter', 'progress': 'build'}
[0.052801] (custom_counter) Command: {'cmd': ['/usr/bin/cmake', '--build', '/home/eragon/student133_ws/build/custom_counter', '--', '-j8', '-l8'], 'cwd': '/home/eragon/student133_ws/build/custom_counter', 'env': OrderedDict([('GJS_DEBUG_TOPICS', 'JS ERROR;JS LOG'), ('LANGUAGE', 'ru'), ('LC_TIME', 'ru_RU.UTF-8'), ('USER', 'eragon'), ('XDG_SESSION_TYPE', 'wayland'), ('LD_LIBRARY_PATH', '/home/eragon/student133_ws/install/test_custom_srv/lib:/home/eragon/student133_ws/install/test_custom_msg/lib:/opt/ros/humble/opt/rviz_ogre_vendor/lib:/opt/ros/humble/lib/x86_64-linux-gnu:/opt/ros/humble/lib'), ('SHLVL', '1'), ('HOME', '/home/eragon'), ('DESKTOP_SESSION', 'ubuntu'), ('QTDIR', '/usr/lib/x86_64-linux-gnu/qt5'), ('GIO_LAUNCHED_DESKTOP_FILE', '/home/eragon/.local/share/applications/org.qt-project.qtcreator.desktop'), ('GNOME_SHELL_SESSION_MODE', 'ubuntu'), ('GTK_MODULES', 'gail:atk-bridge'), ('ROS_PYTHON_VERSION', '3'), ('LC_MONETARY', 'ru_RU.UTF-8'), ('MANAGERPID', '869'), ('DBUS_SESSION_BUS_ADDRESS', 'unix:path'), ('SYSTEMD_EXEC_PID', '1041'), ('GIO_LAUNCHED_DESKTOP_FILE_PID', '2694'), ('COLCON_PREFIX_PATH', '/home/eragon/student133_ws/install'), ('IM_CONFIG_PHASE', '1'), ('ROS_DISTRO', 'humble'), ('WAYLAND_DISPLAY', 'wayland-0'), ('LOGNAME', 'eragon'), ('JOURNAL_STREAM', '8:8864'), ('_', '/usr/bin/env'), ('ROS_VERSION', '2'), ('XDG_SESSION_CLASS', 'user'), ('QSG_RHI_BACKEND', 'opengl'), ('USERNAME', 'eragon'), ('GNOME_DESKTOP_SESSION_ID', 'this-is-deprecated'), ('ROS_LOCALHOST_ONLY', '0'), ('PATH', '/opt/ros/humble/bin:/home/eragon/.local/bin:/usr/local/sbin:/usr/local/bin:/usr/sbin:/usr/bin:/sbin:/bin:/usr/games:/usr/local/games:/snap/bin:/snap/bin'), ('INVOCATION_ID', '68df7faf19e64317b848cbed1cabd08b'), ('PAPERSIZE', 'a4'), ('SESSION_MANAGER', 'local/eragon-KPL-W0X:@/tmp/.ICE-unix/1015,unix/eragon-KPL-W0X:/tmp/.ICE-unix/1015'), ('GNOME_SETUP_DISPLAY', ':1'), ('LC_ADDRESS', 'ru_RU.UTF-8'), ('XDG_MENU_PREFIX', 'gnome-'), ('XDG_RUNTIME_DIR', '/run/user/1000'), ('DISPLAY', ':0'), ('LANG', 'ru_RU.UTF-8'), ('LC_TELEPHONE', 'ru_RU.UTF-8'), ('XDG_CURRENT_DESKTOP', 'ubuntu:GNOME'), ('XAUTHORITY', '/run/user/1000/.mutter-Xwaylandauth.JLCEW2'), ('XDG_SESSION_DESKTOP', 'ubuntu'), ('XMODIFIERS', '@im'), ('AMENT_PREFIX_PATH', '/home/eragon/student133_ws/install/test_visualization:/home/eragon/student133_ws/install/test_subscriber:/home/eragon/student133_ws/install/test_service:/home/eragon/student133_ws/install/test_serial_communication:/home/eragon/student133_ws/install/test_publisher:/home/eragon/student133_ws/install/test_pkg:/home/eragon/student133_ws/install/test_parameters:/home/eragon/student133_ws/install/test_custom_srv:/home/eragon/student133_ws/install/test_custom_publisher:/home/eragon/student133_ws/install/test_custom_msg:/home/eragon/student133_ws/install/test_client:/home/eragon/student133_ws/install/test_castom_publisher:/home/eragon/student133_ws/install/custom_counter:/opt/ros/humble'), ('SSH_AGENT_LAUNCHER', 'gnome-keyring'), ('SSH_AUTH_SOCK', '/run/user/1000/keyring/ssh'), ('LC_NAME', 'ru_RU.UTF-8'), ('SHELL', '/bin/bash'), ('GDMSESSION', 'ubuntu'), ('QT_ACCESSIBILITY', '1'), ('LC_MEASUREMENT', 'ru_RU.UTF-8'), ('GJS_DEBUG_OUTPUT', 'stderr'), ('LC_IDENTIFICATION', 'ru_RU.UTF-8'), ('QT_IM_MODULE', 'ibus'), ('LC_ALL', 'en_US.UTF-8'), ('PWD', '/home/eragon/student133_ws/build/custom_counter'), ('QT_QPA_PLATFORM', 'xcb'), ('XDG_CONFIG_DIRS', '/etc/xdg/xdg-ubuntu:/etc/xdg'), ('XDG_DATA_DIRS', '/usr/share/ubuntu:/usr/local/share/:/usr/share/:/var/lib/snapd/desktop'), ('LC_NUMERIC', 'ru_RU.UTF-8'), ('PYTHONPATH', '/home/eragon/student133_ws/install/test_custom_srv/local/lib/python3.10/dist-packages:/home/eragon/student133_ws/install/test_custom_msg/local/lib/python3.10/dist-packages:/opt/ros/humble/lib/python3.10/site-packages:/opt/ros/humble/local/lib/python3.10/dist-packages'), ('LC_PAPER', 'ru_RU.UTF-8'), ('COLCON', '1'), ('CMAKE_PREFIX_PATH', '/home/eragon/student133_ws/install/test_visualization:/home/eragon/student133_ws/install/test_subscriber:/home/eragon/student133_ws/install/test_service:/home/eragon/student133_ws/install/test_serial_communication:/home/eragon/student133_ws/install/test_publisher:/home/eragon/student133_ws/install/test_pkg:/home/eragon/student133_ws/install/test_parameters:/home/eragon/student133_ws/install/test_custom_srv:/home/eragon/student133_ws/install/test_custom_publisher:/home/eragon/student133_ws/install/test_custom_msg:/home/eragon/student133_ws/install/test_client:/home/eragon/student133_ws/install/test_castom_publisher:/home/eragon/student133_ws/install/custom_counter:/opt/ros/humble')]), 'shell': False}
[0.054787] (test_basic_publisher) JobProgress: {'identifier': 'test_basic_publisher', 'progress': 'cmake'}
[0.055489] (test_basic_publisher) JobProgress: {'identifier': 'test_basic_publisher', 'progress': 'build'}
[0.055553] (test_basic_publisher) Command: {'cmd': ['/usr/bin/cmake', '--build', '/home/eragon/student133_ws/build/test_basic_publisher', '--', '-j8', '-l8'], 'cwd': '/home/eragon/student133_ws/build/test_basic_publisher', 'env': OrderedDict([('GJS_DEBUG_TOPICS', 'JS ERROR;JS LOG'), ('LANGUAGE', 'ru'), ('LC_TIME', 'ru_RU.UTF-8'), ('USER', 'eragon'), ('XDG_SESSION_TYPE', 'wayland'), ('LD_LIBRARY_PATH', '/home/eragon/student133_ws/install/test_custom_srv/lib:/home/eragon/student133_ws/install/test_custom_msg/lib:/opt/ros/humble/opt/rviz_ogre_vendor/lib:/opt/ros/humble/lib/x86_64-linux-gnu:/opt/ros/humble/lib'), ('SHLVL', '1'), ('HOME', '/home/eragon'), ('DESKTOP_SESSION', 'ubuntu'), ('QTDIR', '/usr/lib/x86_64-linux-gnu/qt5'), ('GIO_LAUNCHED_DESKTOP_FILE', '/home/eragon/.local/share/applications/org.qt-project.qtcreator.desktop'), ('GNOME_SHELL_SESSION_MODE', 'ubuntu'), ('GTK_MODULES', 'gail:atk-bridge'), ('ROS_PYTHON_VERSION', '3'), ('LC_MONETARY', 'ru_RU.UTF-8'), ('MANAGERPID', '869'), ('DBUS_SESSION_BUS_ADDRESS', 'unix:path'), ('SYSTEMD_EXEC_PID', '1041'), ('GIO_LAUNCHED_DESKTOP_FILE_PID', '2694'), ('COLCON_PREFIX_PATH', '/home/eragon/student133_ws/install'), ('IM_CONFIG_PHASE', '1'), ('ROS_DISTRO', 'humble'), ('WAYLAND_DISPLAY', 'wayland-0'), ('LOGNAME', 'eragon'), ('JOURNAL_STREAM', '8:8864'), ('_', '/usr/bin/env'), ('ROS_VERSION', '2'), ('XDG_SESSION_CLASS', 'user'), ('QSG_RHI_BACKEND', 'opengl'), ('USERNAME', 'eragon'), ('GNOME_DESKTOP_SESSION_ID', 'this-is-deprecated'), ('ROS_LOCALHOST_ONLY', '0'), ('PATH', '/opt/ros/humble/bin:/home/eragon/.local/bin:/usr/local/sbin:/usr/local/bin:/usr/sbin:/usr/bin:/sbin:/bin:/usr/games:/usr/local/games:/snap/bin:/snap/bin'), ('INVOCATION_ID', '68df7faf19e64317b848cbed1cabd08b'), ('PAPERSIZE', 'a4'), ('SESSION_MANAGER', 'local/eragon-KPL-W0X:@/tmp/.ICE-unix/1015,unix/eragon-KPL-W0X:/tmp/.ICE-unix/1015'), ('GNOME_SETUP_DISPLAY', ':1'), ('LC_ADDRESS', 'ru_RU.UTF-8'), ('XDG_MENU_PREFIX', 'gnome-'), ('XDG_RUNTIME_DIR', '/run/user/1000'), ('DISPLAY', ':0'), ('LANG', 'ru_RU.UTF-8'), ('LC_TELEPHONE', 'ru_RU.UTF-8'), ('XDG_CURRENT_DESKTOP', 'ubuntu:GNOME'), ('XAUTHORITY', '/run/user/1000/.mutter-Xwaylandauth.JLCEW2'), ('XDG_SESSION_DESKTOP', 'ubuntu'), ('XMODIFIERS', '@im'), ('AMENT_PREFIX_PATH', '/home/eragon/student133_ws/install/test_visualization:/home/eragon/student133_ws/install/test_subscriber:/home/eragon/student133_ws/install/test_service:/home/eragon/student133_ws/install/test_serial_communication:/home/eragon/student133_ws/install/test_publisher:/home/eragon/student133_ws/install/test_pkg:/home/eragon/student133_ws/install/test_parameters:/home/eragon/student133_ws/install/test_custom_srv:/home/eragon/student133_ws/install/test_custom_publisher:/home/eragon/student133_ws/install/test_custom_msg:/home/eragon/student133_ws/install/test_client:/home/eragon/student133_ws/install/test_castom_publisher:/home/eragon/student133_ws/install/custom_counter:/opt/ros/humble'), ('SSH_AGENT_LAUNCHER', 'gnome-keyring'), ('SSH_AUTH_SOCK', '/run/user/1000/keyring/ssh'), ('LC_NAME', 'ru_RU.UTF-8'), ('SHELL', '/bin/bash'), ('GDMSESSION', 'ubuntu'), ('QT_ACCESSIBILITY', '1'), ('LC_MEASUREMENT', 'ru_RU.UTF-8'), ('GJS_DEBUG_OUTPUT', 'stderr'), ('LC_IDENTIFICATION', 'ru_RU.UTF-8'), ('QT_IM_MODULE', 'ibus'), ('LC_ALL', 'en_US.UTF-8'), ('PWD', '/home/eragon/student133_ws/build/test_basic_publisher'), ('QT_QPA_PLATFORM', 'xcb'), ('XDG_CONFIG_DIRS', '/etc/xdg/xdg-ubuntu:/etc/xdg'), ('XDG_DATA_DIRS', '/usr/share/ubuntu:/usr/local/share/:/usr/share/:/var/lib/snapd/desktop'), ('LC_NUMERIC', 'ru_RU.UTF-8'), ('PYTHONPATH', '/home/eragon/student133_ws/install/test_custom_srv/local/lib/python3.10/dist-packages:/home/eragon/student133_ws/install/test_custom_msg/local/lib/python3.10/dist-packages:/opt/ros/humble/lib/python3.10/site-packages:/opt/ros/humble/local/lib/python3.10/dist-packages'), ('LC_PAPER', 'ru_RU.UTF-8'), ('COLCON', '1'), ('CMAKE_PREFIX_PATH', '/home/eragon/student133_ws/install/test_visualization:/home/eragon/student133_ws/install/test_subscriber:/home/eragon/student133_ws/install/test_service:/home/eragon/student133_ws/install/test_serial_communication:/home/eragon/student133_ws/install/test_publisher:/home/eragon/student133_ws/install/test_pkg:/home/eragon/student133_ws/install/test_parameters:/home/eragon/student133_ws/install/test_custom_srv:/home/eragon/student133_ws/install/test_custom_publisher:/home/eragon/student133_ws/install/test_custom_msg:/home/eragon/student133_ws/install/test_client:/home/eragon/student133_ws/install/test_castom_publisher:/home/eragon/student133_ws/install/custom_counter:/opt/ros/humble')]), 'shell': False}
[0.058058] (test_client) JobProgress: {'identifier': 'test_client', 'progress': 'cmake'}
[0.058981] (test_client) JobProgress: {'identifier': 'test_client', 'progress': 'build'}
[0.059039] (test_client) Command: {'cmd': ['/usr/bin/cmake', '--build', '/home/eragon/student133_ws/build/test_client', '--', '-j8', '-l8'], 'cwd': '/home/eragon/student133_ws/build/test_client', 'env': OrderedDict([('GJS_DEBUG_TOPICS', 'JS ERROR;JS LOG'), ('LANGUAGE', 'ru'), ('LC_TIME', 'ru_RU.UTF-8'), ('USER', 'eragon'), ('XDG_SESSION_TYPE', 'wayland'), ('LD_LIBRARY_PATH', '/home/eragon/student133_ws/install/test_custom_srv/lib:/home/eragon/student133_ws/install/test_custom_msg/lib:/opt/ros/humble/opt/rviz_ogre_vendor/lib:/opt/ros/humble/lib/x86_64-linux-gnu:/opt/ros/humble/lib'), ('SHLVL', '1'), ('HOME', '/home/eragon'), ('DESKTOP_SESSION', 'ubuntu'), ('QTDIR', '/usr/lib/x86_64-linux-gnu/qt5'), ('GIO_LAUNCHED_DESKTOP_FILE', '/home/eragon/.local/share/applications/org.qt-project.qtcreator.desktop'), ('GNOME_SHELL_SESSION_MODE', 'ubuntu'), ('GTK_MODULES', 'gail:atk-bridge'), ('ROS_PYTHON_VERSION', '3'), ('LC_MONETARY', 'ru_RU.UTF-8'), ('MANAGERPID', '869'), ('DBUS_SESSION_BUS_ADDRESS', 'unix:path'), ('SYSTEMD_EXEC_PID', '1041'), ('GIO_LAUNCHED_DESKTOP_FILE_PID', '2694'), ('COLCON_PREFIX_PATH', '/home/eragon/student133_ws/install'), ('IM_CONFIG_PHASE', '1'), ('ROS_DISTRO', 'humble'), ('WAYLAND_DISPLAY', 'wayland-0'), ('LOGNAME', 'eragon'), ('JOURNAL_STREAM', '8:8864'), ('_', '/usr/bin/env'), ('ROS_VERSION', '2'), ('XDG_SESSION_CLASS', 'user'), ('QSG_RHI_BACKEND', 'opengl'), ('USERNAME', 'eragon'), ('GNOME_DESKTOP_SESSION_ID', 'this-is-deprecated'), ('ROS_LOCALHOST_ONLY', '0'), ('PATH', '/opt/ros/humble/bin:/home/eragon/.local/bin:/usr/local/sbin:/usr/local/bin:/usr/sbin:/usr/bin:/sbin:/bin:/usr/games:/usr/local/games:/snap/bin:/snap/bin'), ('INVOCATION_ID', '68df7faf19e64317b848cbed1cabd08b'), ('PAPERSIZE', 'a4'), ('SESSION_MANAGER', 'local/eragon-KPL-W0X:@/tmp/.ICE-unix/1015,unix/eragon-KPL-W0X:/tmp/.ICE-unix/1015'), ('GNOME_SETUP_DISPLAY', ':1'), ('LC_ADDRESS', 'ru_RU.UTF-8'), ('XDG_MENU_PREFIX', 'gnome-'), ('XDG_RUNTIME_DIR', '/run/user/1000'), ('DISPLAY', ':0'), ('LANG', 'ru_RU.UTF-8'), ('LC_TELEPHONE', 'ru_RU.UTF-8'), ('XDG_CURRENT_DESKTOP', 'ubuntu:GNOME'), ('XAUTHORITY', '/run/user/1000/.mutter-Xwaylandauth.JLCEW2'), ('XDG_SESSION_DESKTOP', 'ubuntu'), ('XMODIFIERS', '@im'), ('AMENT_PREFIX_PATH', '/home/eragon/student133_ws/install/test_visualization:/home/eragon/student133_ws/install/test_subscriber:/home/eragon/student133_ws/install/test_service:/home/eragon/student133_ws/install/test_serial_communication:/home/eragon/student133_ws/install/test_publisher:/home/eragon/student133_ws/install/test_pkg:/home/eragon/student133_ws/install/test_parameters:/home/eragon/student133_ws/install/test_custom_srv:/home/eragon/student133_ws/install/test_custom_publisher:/home/eragon/student133_ws/install/test_custom_msg:/home/eragon/student133_ws/install/test_client:/home/eragon/student133_ws/install/test_castom_publisher:/home/eragon/student133_ws/install/custom_counter:/opt/ros/humble'), ('SSH_AGENT_LAUNCHER', 'gnome-keyring'), ('SSH_AUTH_SOCK', '/run/user/1000/keyring/ssh'), ('LC_NAME', 'ru_RU.UTF-8'), ('SHELL', '/bin/bash'), ('GDMSESSION', 'ubuntu'), ('QT_ACCESSIBILITY', '1'), ('LC_MEASUREMENT', 'ru_RU.UTF-8'), ('GJS_DEBUG_OUTPUT', 'stderr'), ('LC_IDENTIFICATION', 'ru_RU.UTF-8'), ('QT_IM_MODULE', 'ibus'), ('LC_ALL', 'en_US.UTF-8'), ('PWD', '/home/eragon/student133_ws/build/test_client'), ('QT_QPA_PLATFORM', 'xcb'), ('XDG_CONFIG_DIRS', '/etc/xdg/xdg-ubuntu:/etc/xdg'), ('XDG_DATA_DIRS', '/usr/share/ubuntu:/usr/local/share/:/usr/share/:/var/lib/snapd/desktop'), ('LC_NUMERIC', 'ru_RU.UTF-8'), ('PYTHONPATH', '/home/eragon/student133_ws/install/test_custom_srv/local/lib/python3.10/dist-packages:/home/eragon/student133_ws/install/test_custom_msg/local/lib/python3.10/dist-packages:/opt/ros/humble/lib/python3.10/site-packages:/opt/ros/humble/local/lib/python3.10/dist-packages'), ('LC_PAPER', 'ru_RU.UTF-8'), ('COLCON', '1'), ('CMAKE_PREFIX_PATH', '/home/eragon/student133_ws/install/test_visualization:/home/eragon/student133_ws/install/test_subscriber:/home/eragon/student133_ws/install/test_service:/home/eragon/student133_ws/install/test_serial_communication:/home/eragon/student133_ws/install/test_publisher:/home/eragon/student133_ws/install/test_pkg:/home/eragon/student133_ws/install/test_parameters:/home/eragon/student133_ws/install/test_custom_srv:/home/eragon/student133_ws/install/test_custom_publisher:/home/eragon/student133_ws/install/test_custom_msg:/home/eragon/student133_ws/install/test_client:/home/eragon/student133_ws/install/test_castom_publisher:/home/eragon/student133_ws/install/custom_counter:/opt/ros/humble')]), 'shell': False}
[0.063093] (test_custom_msg) JobProgress: {'identifier': 'test_custom_msg', 'progress': 'cmake'}
[0.063847] (test_custom_msg) JobProgress: {'identifier': 'test_custom_msg', 'progress': 'build'}
[0.063972] (test_custom_msg) Command: {'cmd': ['/usr/bin/cmake', '--build', '/home/eragon/student133_ws/build/test_custom_msg', '--', '-j8', '-l8'], 'cwd': '/home/eragon/student133_ws/build/test_custom_msg', 'env': OrderedDict([('GJS_DEBUG_TOPICS', 'JS ERROR;JS LOG'), ('LANGUAGE', 'ru'), ('LC_TIME', 'ru_RU.UTF-8'), ('USER', 'eragon'), ('XDG_SESSION_TYPE', 'wayland'), ('LD_LIBRARY_PATH', '/home/eragon/student133_ws/install/test_custom_srv/lib:/home/eragon/student133_ws/install/test_custom_msg/lib:/opt/ros/humble/opt/rviz_ogre_vendor/lib:/opt/ros/humble/lib/x86_64-linux-gnu:/opt/ros/humble/lib'), ('SHLVL', '1'), ('HOME', '/home/eragon'), ('DESKTOP_SESSION', 'ubuntu'), ('QTDIR', '/usr/lib/x86_64-linux-gnu/qt5'), ('GIO_LAUNCHED_DESKTOP_FILE', '/home/eragon/.local/share/applications/org.qt-project.qtcreator.desktop'), ('GNOME_SHELL_SESSION_MODE', 'ubuntu'), ('GTK_MODULES', 'gail:atk-bridge'), ('ROS_PYTHON_VERSION', '3'), ('LC_MONETARY', 'ru_RU.UTF-8'), ('MANAGERPID', '869'), ('DBUS_SESSION_BUS_ADDRESS', 'unix:path'), ('SYSTEMD_EXEC_PID', '1041'), ('GIO_LAUNCHED_DESKTOP_FILE_PID', '2694'), ('COLCON_PREFIX_PATH', '/home/eragon/student133_ws/install'), ('IM_CONFIG_PHASE', '1'), ('ROS_DISTRO', 'humble'), ('WAYLAND_DISPLAY', 'wayland-0'), ('LOGNAME', 'eragon'), ('JOURNAL_STREAM', '8:8864'), ('_', '/usr/bin/env'), ('ROS_VERSION', '2'), ('XDG_SESSION_CLASS', 'user'), ('QSG_RHI_BACKEND', 'opengl'), ('USERNAME', 'eragon'), ('GNOME_DESKTOP_SESSION_ID', 'this-is-deprecated'), ('ROS_LOCALHOST_ONLY', '0'), ('PATH', '/opt/ros/humble/bin:/home/eragon/.local/bin:/usr/local/sbin:/usr/local/bin:/usr/sbin:/usr/bin:/sbin:/bin:/usr/games:/usr/local/games:/snap/bin:/snap/bin'), ('INVOCATION_ID', '68df7faf19e64317b848cbed1cabd08b'), ('PAPERSIZE', 'a4'), ('SESSION_MANAGER', 'local/eragon-KPL-W0X:@/tmp/.ICE-unix/1015,unix/eragon-KPL-W0X:/tmp/.ICE-unix/1015'), ('GNOME_SETUP_DISPLAY', ':1'), ('LC_ADDRESS', 'ru_RU.UTF-8'), ('XDG_MENU_PREFIX', 'gnome-'), ('XDG_RUNTIME_DIR', '/run/user/1000'), ('DISPLAY', ':0'), ('LANG', 'ru_RU.UTF-8'), ('LC_TELEPHONE', 'ru_RU.UTF-8'), ('XDG_CURRENT_DESKTOP', 'ubuntu:GNOME'), ('XAUTHORITY', '/run/user/1000/.mutter-Xwaylandauth.JLCEW2'), ('XDG_SESSION_DESKTOP', 'ubuntu'), ('XMODIFIERS', '@im'), ('AMENT_PREFIX_PATH', '/home/eragon/student133_ws/install/test_visualization:/home/eragon/student133_ws/install/test_subscriber:/home/eragon/student133_ws/install/test_service:/home/eragon/student133_ws/install/test_serial_communication:/home/eragon/student133_ws/install/test_publisher:/home/eragon/student133_ws/install/test_pkg:/home/eragon/student133_ws/install/test_parameters:/home/eragon/student133_ws/install/test_custom_srv:/home/eragon/student133_ws/install/test_custom_publisher:/home/eragon/student133_ws/install/test_custom_msg:/home/eragon/student133_ws/install/test_client:/home/eragon/student133_ws/install/test_castom_publisher:/home/eragon/student133_ws/install/custom_counter:/opt/ros/humble'), ('SSH_AGENT_LAUNCHER', 'gnome-keyring'), ('SSH_AUTH_SOCK', '/run/user/1000/keyring/ssh'), ('LC_NAME', 'ru_RU.UTF-8'), ('SHELL', '/bin/bash'), ('GDMSESSION', 'ubuntu'), ('QT_ACCESSIBILITY', '1'), ('LC_MEASUREMENT', 'ru_RU.UTF-8'), ('GJS_DEBUG_OUTPUT', 'stderr'), ('LC_IDENTIFICATION', 'ru_RU.UTF-8'), ('QT_IM_MODULE', 'ibus'), ('LC_ALL', 'en_US.UTF-8'), ('PWD', '/home/eragon/student133_ws/build/test_custom_msg'), ('QT_QPA_PLATFORM', 'xcb'), ('XDG_CONFIG_DIRS', '/etc/xdg/xdg-ubuntu:/etc/xdg'), ('XDG_DATA_DIRS', '/usr/share/ubuntu:/usr/local/share/:/usr/share/:/var/lib/snapd/desktop'), ('LC_NUMERIC', 'ru_RU.UTF-8'), ('PYTHONPATH', '/home/eragon/student133_ws/install/test_custom_srv/local/lib/python3.10/dist-packages:/home/eragon/student133_ws/install/test_custom_msg/local/lib/python3.10/dist-packages:/opt/ros/humble/lib/python3.10/site-packages:/opt/ros/humble/local/lib/python3.10/dist-packages'), ('LC_PAPER', 'ru_RU.UTF-8'), ('COLCON', '1'), ('CMAKE_PREFIX_PATH', '/home/eragon/student133_ws/install/test_visualization:/home/eragon/student133_ws/install/test_subscriber:/home/eragon/student133_ws/install/test_service:/home/eragon/student133_ws/install/test_serial_communication:/home/eragon/student133_ws/install/test_publisher:/home/eragon/student133_ws/install/test_pkg:/home/eragon/student133_ws/install/test_parameters:/home/eragon/student133_ws/install/test_custom_srv:/home/eragon/student133_ws/install/test_custom_publisher:/home/eragon/student133_ws/install/test_custom_msg:/home/eragon/student133_ws/install/test_client:/home/eragon/student133_ws/install/test_castom_publisher:/home/eragon/student133_ws/install/custom_counter:/opt/ros/humble')]), 'shell': False}
[0.067817] (test_custom_publisher) JobProgress: {'identifier': 'test_custom_publisher', 'progress': 'cmake'}
[0.068564] (test_custom_publisher) JobProgress: {'identifier': 'test_custom_publisher', 'progress': 'build'}
[0.068711] (test_custom_publisher) Command: {'cmd': ['/usr/bin/cmake', '--build', '/home/eragon/student133_ws/build/test_custom_publisher', '--', '-j8', '-l8'], 'cwd': '/home/eragon/student133_ws/build/test_custom_publisher', 'env': OrderedDict([('GJS_DEBUG_TOPICS', 'JS ERROR;JS LOG'), ('LANGUAGE', 'ru'), ('LC_TIME', 'ru_RU.UTF-8'), ('USER', 'eragon'), ('XDG_SESSION_TYPE', 'wayland'), ('LD_LIBRARY_PATH', '/home/eragon/student133_ws/install/test_custom_srv/lib:/home/eragon/student133_ws/install/test_custom_msg/lib:/opt/ros/humble/opt/rviz_ogre_vendor/lib:/opt/ros/humble/lib/x86_64-linux-gnu:/opt/ros/humble/lib'), ('SHLVL', '1'), ('HOME', '/home/eragon'), ('DESKTOP_SESSION', 'ubuntu'), ('QTDIR', '/usr/lib/x86_64-linux-gnu/qt5'), ('GIO_LAUNCHED_DESKTOP_FILE', '/home/eragon/.local/share/applications/org.qt-project.qtcreator.desktop'), ('GNOME_SHELL_SESSION_MODE', 'ubuntu'), ('GTK_MODULES', 'gail:atk-bridge'), ('ROS_PYTHON_VERSION', '3'), ('LC_MONETARY', 'ru_RU.UTF-8'), ('MANAGERPID', '869'), ('DBUS_SESSION_BUS_ADDRESS', 'unix:path'), ('SYSTEMD_EXEC_PID', '1041'), ('GIO_LAUNCHED_DESKTOP_FILE_PID', '2694'), ('COLCON_PREFIX_PATH', '/home/eragon/student133_ws/install'), ('IM_CONFIG_PHASE', '1'), ('ROS_DISTRO', 'humble'), ('WAYLAND_DISPLAY', 'wayland-0'), ('LOGNAME', 'eragon'), ('JOURNAL_STREAM', '8:8864'), ('_', '/usr/bin/env'), ('ROS_VERSION', '2'), ('XDG_SESSION_CLASS', 'user'), ('QSG_RHI_BACKEND', 'opengl'), ('USERNAME', 'eragon'), ('GNOME_DESKTOP_SESSION_ID', 'this-is-deprecated'), ('ROS_LOCALHOST_ONLY', '0'), ('PATH', '/opt/ros/humble/bin:/home/eragon/.local/bin:/usr/local/sbin:/usr/local/bin:/usr/sbin:/usr/bin:/sbin:/bin:/usr/games:/usr/local/games:/snap/bin:/snap/bin'), ('INVOCATION_ID', '68df7faf19e64317b848cbed1cabd08b'), ('PAPERSIZE', 'a4'), ('SESSION_MANAGER', 'local/eragon-KPL-W0X:@/tmp/.ICE-unix/1015,unix/eragon-KPL-W0X:/tmp/.ICE-unix/1015'), ('GNOME_SETUP_DISPLAY', ':1'), ('LC_ADDRESS', 'ru_RU.UTF-8'), ('XDG_MENU_PREFIX', 'gnome-'), ('XDG_RUNTIME_DIR', '/run/user/1000'), ('DISPLAY', ':0'), ('LANG', 'ru_RU.UTF-8'), ('LC_TELEPHONE', 'ru_RU.UTF-8'), ('XDG_CURRENT_DESKTOP', 'ubuntu:GNOME'), ('XAUTHORITY', '/run/user/1000/.mutter-Xwaylandauth.JLCEW2'), ('XDG_SESSION_DESKTOP', 'ubuntu'), ('XMODIFIERS', '@im'), ('AMENT_PREFIX_PATH', '/home/eragon/student133_ws/install/test_visualization:/home/eragon/student133_ws/install/test_subscriber:/home/eragon/student133_ws/install/test_service:/home/eragon/student133_ws/install/test_serial_communication:/home/eragon/student133_ws/install/test_publisher:/home/eragon/student133_ws/install/test_pkg:/home/eragon/student133_ws/install/test_parameters:/home/eragon/student133_ws/install/test_custom_srv:/home/eragon/student133_ws/install/test_custom_publisher:/home/eragon/student133_ws/install/test_custom_msg:/home/eragon/student133_ws/install/test_client:/home/eragon/student133_ws/install/test_castom_publisher:/home/eragon/student133_ws/install/custom_counter:/opt/ros/humble'), ('SSH_AGENT_LAUNCHER', 'gnome-keyring'), ('SSH_AUTH_SOCK', '/run/user/1000/keyring/ssh'), ('LC_NAME', 'ru_RU.UTF-8'), ('SHELL', '/bin/bash'), ('GDMSESSION', 'ubuntu'), ('QT_ACCESSIBILITY', '1'), ('LC_MEASUREMENT', 'ru_RU.UTF-8'), ('GJS_DEBUG_OUTPUT', 'stderr'), ('LC_IDENTIFICATION', 'ru_RU.UTF-8'), ('QT_IM_MODULE', 'ibus'), ('LC_ALL', 'en_US.UTF-8'), ('PWD', '/home/eragon/student133_ws/build/test_custom_publisher'), ('QT_QPA_PLATFORM', 'xcb'), ('XDG_CONFIG_DIRS', '/etc/xdg/xdg-ubuntu:/etc/xdg'), ('XDG_DATA_DIRS', '/usr/share/ubuntu:/usr/local/share/:/usr/share/:/var/lib/snapd/desktop'), ('LC_NUMERIC', 'ru_RU.UTF-8'), ('PYTHONPATH', '/home/eragon/student133_ws/install/test_custom_srv/local/lib/python3.10/dist-packages:/home/eragon/student133_ws/install/test_custom_msg/local/lib/python3.10/dist-packages:/opt/ros/humble/lib/python3.10/site-packages:/opt/ros/humble/local/lib/python3.10/dist-packages'), ('LC_PAPER', 'ru_RU.UTF-8'), ('COLCON', '1'), ('CMAKE_PREFIX_PATH', '/home/eragon/student133_ws/install/test_visualization:/home/eragon/student133_ws/install/test_subscriber:/home/eragon/student133_ws/install/test_service:/home/eragon/student133_ws/install/test_serial_communication:/home/eragon/student133_ws/install/test_publisher:/home/eragon/student133_ws/install/test_pkg:/home/eragon/student133_ws/install/test_parameters:/home/eragon/student133_ws/install/test_custom_srv:/home/eragon/student133_ws/install/test_custom_publisher:/home/eragon/student133_ws/install/test_custom_msg:/home/eragon/student133_ws/install/test_client:/home/eragon/student133_ws/install/test_castom_publisher:/home/eragon/student133_ws/install/custom_counter:/opt/ros/humble')]), 'shell': False}
[0.073092] (test_custom_srv) JobProgress: {'identifier': 'test_custom_srv', 'progress': 'cmake'}
[0.073696] (test_custom_srv) JobProgress: {'identifier': 'test_custom_srv', 'progress': 'build'}
[0.073829] (test_custom_srv) Command: {'cmd': ['/usr/bin/cmake', '--build', '/home/eragon/student133_ws/build/test_custom_srv', '--', '-j8', '-l8'], 'cwd': '/home/eragon/student133_ws/build/test_custom_srv', 'env': OrderedDict([('GJS_DEBUG_TOPICS', 'JS ERROR;JS LOG'), ('LANGUAGE', 'ru'), ('LC_TIME', 'ru_RU.UTF-8'), ('USER', 'eragon'), ('XDG_SESSION_TYPE', 'wayland'), ('LD_LIBRARY_PATH', '/home/eragon/student133_ws/install/test_custom_srv/lib:/home/eragon/student133_ws/install/test_custom_msg/lib:/opt/ros/humble/opt/rviz_ogre_vendor/lib:/opt/ros/humble/lib/x86_64-linux-gnu:/opt/ros/humble/lib'), ('SHLVL', '1'), ('HOME', '/home/eragon'), ('DESKTOP_SESSION', 'ubuntu'), ('QTDIR', '/usr/lib/x86_64-linux-gnu/qt5'), ('GIO_LAUNCHED_DESKTOP_FILE', '/home/eragon/.local/share/applications/org.qt-project.qtcreator.desktop'), ('GNOME_SHELL_SESSION_MODE', 'ubuntu'), ('GTK_MODULES', 'gail:atk-bridge'), ('ROS_PYTHON_VERSION', '3'), ('LC_MONETARY', 'ru_RU.UTF-8'), ('MANAGERPID', '869'), ('DBUS_SESSION_BUS_ADDRESS', 'unix:path'), ('SYSTEMD_EXEC_PID', '1041'), ('GIO_LAUNCHED_DESKTOP_FILE_PID', '2694'), ('COLCON_PREFIX_PATH', '/home/eragon/student133_ws/install'), ('IM_CONFIG_PHASE', '1'), ('ROS_DISTRO', 'humble'), ('WAYLAND_DISPLAY', 'wayland-0'), ('LOGNAME', 'eragon'), ('JOURNAL_STREAM', '8:8864'), ('_', '/usr/bin/env'), ('ROS_VERSION', '2'), ('XDG_SESSION_CLASS', 'user'), ('QSG_RHI_BACKEND', 'opengl'), ('USERNAME', 'eragon'), ('GNOME_DESKTOP_SESSION_ID', 'this-is-deprecated'), ('ROS_LOCALHOST_ONLY', '0'), ('PATH', '/opt/ros/humble/bin:/home/eragon/.local/bin:/usr/local/sbin:/usr/local/bin:/usr/sbin:/usr/bin:/sbin:/bin:/usr/games:/usr/local/games:/snap/bin:/snap/bin'), ('INVOCATION_ID', '68df7faf19e64317b848cbed1cabd08b'), ('PAPERSIZE', 'a4'), ('SESSION_MANAGER', 'local/eragon-KPL-W0X:@/tmp/.ICE-unix/1015,unix/eragon-KPL-W0X:/tmp/.ICE-unix/1015'), ('GNOME_SETUP_DISPLAY', ':1'), ('LC_ADDRESS', 'ru_RU.UTF-8'), ('XDG_MENU_PREFIX', 'gnome-'), ('XDG_RUNTIME_DIR', '/run/user/1000'), ('DISPLAY', ':0'), ('LANG', 'ru_RU.UTF-8'), ('LC_TELEPHONE', 'ru_RU.UTF-8'), ('XDG_CURRENT_DESKTOP', 'ubuntu:GNOME'), ('XAUTHORITY', '/run/user/1000/.mutter-Xwaylandauth.JLCEW2'), ('XDG_SESSION_DESKTOP', 'ubuntu'), ('XMODIFIERS', '@im'), ('AMENT_PREFIX_PATH', '/home/eragon/student133_ws/install/test_visualization:/home/eragon/student133_ws/install/test_subscriber:/home/eragon/student133_ws/install/test_service:/home/eragon/student133_ws/install/test_serial_communication:/home/eragon/student133_ws/install/test_publisher:/home/eragon/student133_ws/install/test_pkg:/home/eragon/student133_ws/install/test_parameters:/home/eragon/student133_ws/install/test_custom_srv:/home/eragon/student133_ws/install/test_custom_publisher:/home/eragon/student133_ws/install/test_custom_msg:/home/eragon/student133_ws/install/test_client:/home/eragon/student133_ws/install/test_castom_publisher:/home/eragon/student133_ws/install/custom_counter:/opt/ros/humble'), ('SSH_AGENT_LAUNCHER', 'gnome-keyring'), ('SSH_AUTH_SOCK', '/run/user/1000/keyring/ssh'), ('LC_NAME', 'ru_RU.UTF-8'), ('SHELL', '/bin/bash'), ('GDMSESSION', 'ubuntu'), ('QT_ACCESSIBILITY', '1'), ('LC_MEASUREMENT', 'ru_RU.UTF-8'), ('GJS_DEBUG_OUTPUT', 'stderr'), ('LC_IDENTIFICATION', 'ru_RU.UTF-8'), ('QT_IM_MODULE', 'ibus'), ('LC_ALL', 'en_US.UTF-8'), ('PWD', '/home/eragon/student133_ws/build/test_custom_srv'), ('QT_QPA_PLATFORM', 'xcb'), ('XDG_CONFIG_DIRS', '/etc/xdg/xdg-ubuntu:/etc/xdg'), ('XDG_DATA_DIRS', '/usr/share/ubuntu:/usr/local/share/:/usr/share/:/var/lib/snapd/desktop'), ('LC_NUMERIC', 'ru_RU.UTF-8'), ('PYTHONPATH', '/home/eragon/student133_ws/install/test_custom_srv/local/lib/python3.10/dist-packages:/home/eragon/student133_ws/install/test_custom_msg/local/lib/python3.10/dist-packages:/opt/ros/humble/lib/python3.10/site-packages:/opt/ros/humble/local/lib/python3.10/dist-packages'), ('LC_PAPER', 'ru_RU.UTF-8'), ('COLCON', '1'), ('CMAKE_PREFIX_PATH', '/home/eragon/student133_ws/install/test_visualization:/home/eragon/student133_ws/install/test_subscriber:/home/eragon/student133_ws/install/test_service:/home/eragon/student133_ws/install/test_serial_communication:/home/eragon/student133_ws/install/test_publisher:/home/eragon/student133_ws/install/test_pkg:/home/eragon/student133_ws/install/test_parameters:/home/eragon/student133_ws/install/test_custom_srv:/home/eragon/student133_ws/install/test_custom_publisher:/home/eragon/student133_ws/install/test_custom_msg:/home/eragon/student133_ws/install/test_client:/home/eragon/student133_ws/install/test_castom_publisher:/home/eragon/student133_ws/install/custom_counter:/opt/ros/humble')]), 'shell': False}
[0.079434] (test_parameters) JobProgress: {'identifier': 'test_parameters', 'progress': 'cmake'}
[0.080120] (test_parameters) JobProgress: {'identifier': 'test_parameters', 'progress': 'build'}
[0.080222] (test_parameters) Command: {'cmd': ['/usr/bin/cmake', '--build', '/home/eragon/student133_ws/build/test_parameters', '--', '-j8', '-l8'], 'cwd': '/home/eragon/student133_ws/build/test_parameters', 'env': OrderedDict([('GJS_DEBUG_TOPICS', 'JS ERROR;JS LOG'), ('LANGUAGE', 'ru'), ('LC_TIME', 'ru_RU.UTF-8'), ('USER', 'eragon'), ('XDG_SESSION_TYPE', 'wayland'), ('LD_LIBRARY_PATH', '/home/eragon/student133_ws/install/test_custom_srv/lib:/home/eragon/student133_ws/install/test_custom_msg/lib:/opt/ros/humble/opt/rviz_ogre_vendor/lib:/opt/ros/humble/lib/x86_64-linux-gnu:/opt/ros/humble/lib'), ('SHLVL', '1'), ('HOME', '/home/eragon'), ('DESKTOP_SESSION', 'ubuntu'), ('QTDIR', '/usr/lib/x86_64-linux-gnu/qt5'), ('GIO_LAUNCHED_DESKTOP_FILE', '/home/eragon/.local/share/applications/org.qt-project.qtcreator.desktop'), ('GNOME_SHELL_SESSION_MODE', 'ubuntu'), ('GTK_MODULES', 'gail:atk-bridge'), ('ROS_PYTHON_VERSION', '3'), ('LC_MONETARY', 'ru_RU.UTF-8'), ('MANAGERPID', '869'), ('DBUS_SESSION_BUS_ADDRESS', 'unix:path'), ('SYSTEMD_EXEC_PID', '1041'), ('GIO_LAUNCHED_DESKTOP_FILE_PID', '2694'), ('COLCON_PREFIX_PATH', '/home/eragon/student133_ws/install'), ('IM_CONFIG_PHASE', '1'), ('ROS_DISTRO', 'humble'), ('WAYLAND_DISPLAY', 'wayland-0'), ('LOGNAME', 'eragon'), ('JOURNAL_STREAM', '8:8864'), ('_', '/usr/bin/env'), ('ROS_VERSION', '2'), ('XDG_SESSION_CLASS', 'user'), ('QSG_RHI_BACKEND', 'opengl'), ('USERNAME', 'eragon'), ('GNOME_DESKTOP_SESSION_ID', 'this-is-deprecated'), ('ROS_LOCALHOST_ONLY', '0'), ('PATH', '/opt/ros/humble/bin:/home/eragon/.local/bin:/usr/local/sbin:/usr/local/bin:/usr/sbin:/usr/bin:/sbin:/bin:/usr/games:/usr/local/games:/snap/bin:/snap/bin'), ('INVOCATION_ID', '68df7faf19e64317b848cbed1cabd08b'), ('PAPERSIZE', 'a4'), ('SESSION_MANAGER', 'local/eragon-KPL-W0X:@/tmp/.ICE-unix/1015,unix/eragon-KPL-W0X:/tmp/.ICE-unix/1015'), ('GNOME_SETUP_DISPLAY', ':1'), ('LC_ADDRESS', 'ru_RU.UTF-8'), ('XDG_MENU_PREFIX', 'gnome-'), ('XDG_RUNTIME_DIR', '/run/user/1000'), ('DISPLAY', ':0'), ('LANG', 'ru_RU.UTF-8'), ('LC_TELEPHONE', 'ru_RU.UTF-8'), ('XDG_CURRENT_DESKTOP', 'ubuntu:GNOME'), ('XAUTHORITY', '/run/user/1000/.mutter-Xwaylandauth.JLCEW2'), ('XDG_SESSION_DESKTOP', 'ubuntu'), ('XMODIFIERS', '@im'), ('AMENT_PREFIX_PATH', '/home/eragon/student133_ws/install/test_visualization:/home/eragon/student133_ws/install/test_subscriber:/home/eragon/student133_ws/install/test_service:/home/eragon/student133_ws/install/test_serial_communication:/home/eragon/student133_ws/install/test_publisher:/home/eragon/student133_ws/install/test_pkg:/home/eragon/student133_ws/install/test_parameters:/home/eragon/student133_ws/install/test_custom_srv:/home/eragon/student133_ws/install/test_custom_publisher:/home/eragon/student133_ws/install/test_custom_msg:/home/eragon/student133_ws/install/test_client:/home/eragon/student133_ws/install/test_castom_publisher:/home/eragon/student133_ws/install/custom_counter:/opt/ros/humble'), ('SSH_AGENT_LAUNCHER', 'gnome-keyring'), ('SSH_AUTH_SOCK', '/run/user/1000/keyring/ssh'), ('LC_NAME', 'ru_RU.UTF-8'), ('SHELL', '/bin/bash'), ('GDMSESSION', 'ubuntu'), ('QT_ACCESSIBILITY', '1'), ('LC_MEASUREMENT', 'ru_RU.UTF-8'), ('GJS_DEBUG_OUTPUT', 'stderr'), ('LC_IDENTIFICATION', 'ru_RU.UTF-8'), ('QT_IM_MODULE', 'ibus'), ('LC_ALL', 'en_US.UTF-8'), ('PWD', '/home/eragon/student133_ws/build/test_parameters'), ('QT_QPA_PLATFORM', 'xcb'), ('XDG_CONFIG_DIRS', '/etc/xdg/xdg-ubuntu:/etc/xdg'), ('XDG_DATA_DIRS', '/usr/share/ubuntu:/usr/local/share/:/usr/share/:/var/lib/snapd/desktop'), ('LC_NUMERIC', 'ru_RU.UTF-8'), ('PYTHONPATH', '/home/eragon/student133_ws/install/test_custom_srv/local/lib/python3.10/dist-packages:/home/eragon/student133_ws/install/test_custom_msg/local/lib/python3.10/dist-packages:/opt/ros/humble/lib/python3.10/site-packages:/opt/ros/humble/local/lib/python3.10/dist-packages'), ('LC_PAPER', 'ru_RU.UTF-8'), ('COLCON', '1'), ('CMAKE_PREFIX_PATH', '/home/eragon/student133_ws/install/test_visualization:/home/eragon/student133_ws/install/test_subscriber:/home/eragon/student133_ws/install/test_service:/home/eragon/student133_ws/install/test_serial_communication:/home/eragon/student133_ws/install/test_publisher:/home/eragon/student133_ws/install/test_pkg:/home/eragon/student133_ws/install/test_parameters:/home/eragon/student133_ws/install/test_custom_srv:/home/eragon/student133_ws/install/test_custom_publisher:/home/eragon/student133_ws/install/test_custom_msg:/home/eragon/student133_ws/install/test_client:/home/eragon/student133_ws/install/test_castom_publisher:/home/eragon/student133_ws/install/custom_counter:/opt/ros/humble')]), 'shell': False}
[0.092812] (test_pkg) JobProgress: {'identifier': 'test_pkg', 'progress': 'cmake'}
[0.092943] (test_pkg) JobProgress: {'identifier': 'test_pkg', 'progress': 'build'}
[0.092997] (test_pkg) Command: {'cmd': ['/usr/bin/cmake', '--build', '/home/eragon/student133_ws/build/test_pkg', '--', '-j8', '-l8'], 'cwd': '/home/eragon/student133_ws/build/test_pkg', 'env': OrderedDict([('GJS_DEBUG_TOPICS', 'JS ERROR;JS LOG'), ('LANGUAGE', 'ru'), ('LC_TIME', 'ru_RU.UTF-8'), ('USER', 'eragon'), ('XDG_SESSION_TYPE', 'wayland'), ('LD_LIBRARY_PATH', '/home/eragon/student133_ws/install/test_custom_srv/lib:/home/eragon/student133_ws/install/test_custom_msg/lib:/opt/ros/humble/opt/rviz_ogre_vendor/lib:/opt/ros/humble/lib/x86_64-linux-gnu:/opt/ros/humble/lib'), ('SHLVL', '1'), ('HOME', '/home/eragon'), ('DESKTOP_SESSION', 'ubuntu'), ('QTDIR', '/usr/lib/x86_64-linux-gnu/qt5'), ('GIO_LAUNCHED_DESKTOP_FILE', '/home/eragon/.local/share/applications/org.qt-project.qtcreator.desktop'), ('GNOME_SHELL_SESSION_MODE', 'ubuntu'), ('GTK_MODULES', 'gail:atk-bridge'), ('ROS_PYTHON_VERSION', '3'), ('LC_MONETARY', 'ru_RU.UTF-8'), ('MANAGERPID', '869'), ('DBUS_SESSION_BUS_ADDRESS', 'unix:path'), ('SYSTEMD_EXEC_PID', '1041'), ('GIO_LAUNCHED_DESKTOP_FILE_PID', '2694'), ('COLCON_PREFIX_PATH', '/home/eragon/student133_ws/install'), ('IM_CONFIG_PHASE', '1'), ('ROS_DISTRO', 'humble'), ('WAYLAND_DISPLAY', 'wayland-0'), ('LOGNAME', 'eragon'), ('JOURNAL_STREAM', '8:8864'), ('_', '/usr/bin/env'), ('ROS_VERSION', '2'), ('XDG_SESSION_CLASS', 'user'), ('QSG_RHI_BACKEND', 'opengl'), ('USERNAME', 'eragon'), ('GNOME_DESKTOP_SESSION_ID', 'this-is-deprecated'), ('ROS_LOCALHOST_ONLY', '0'), ('PATH', '/opt/ros/humble/bin:/home/eragon/.local/bin:/usr/local/sbin:/usr/local/bin:/usr/sbin:/usr/bin:/sbin:/bin:/usr/games:/usr/local/games:/snap/bin:/snap/bin'), ('INVOCATION_ID', '68df7faf19e64317b848cbed1cabd08b'), ('PAPERSIZE', 'a4'), ('SESSION_MANAGER', 'local/eragon-KPL-W0X:@/tmp/.ICE-unix/1015,unix/eragon-KPL-W0X:/tmp/.ICE-unix/1015'), ('GNOME_SETUP_DISPLAY', ':1'), ('LC_ADDRESS', 'ru_RU.UTF-8'), ('XDG_MENU_PREFIX', 'gnome-'), ('XDG_RUNTIME_DIR', '/run/user/1000'), ('DISPLAY', ':0'), ('LANG', 'ru_RU.UTF-8'), ('LC_TELEPHONE', 'ru_RU.UTF-8'), ('XDG_CURRENT_DESKTOP', 'ubuntu:GNOME'), ('XAUTHORITY', '/run/user/1000/.mutter-Xwaylandauth.JLCEW2'), ('XDG_SESSION_DESKTOP', 'ubuntu'), ('XMODIFIERS', '@im'), ('AMENT_PREFIX_PATH', '/home/eragon/student133_ws/install/test_visualization:/home/eragon/student133_ws/install/test_subscriber:/home/eragon/student133_ws/install/test_service:/home/eragon/student133_ws/install/test_serial_communication:/home/eragon/student133_ws/install/test_publisher:/home/eragon/student133_ws/install/test_pkg:/home/eragon/student133_ws/install/test_parameters:/home/eragon/student133_ws/install/test_custom_srv:/home/eragon/student133_ws/install/test_custom_publisher:/home/eragon/student133_ws/install/test_custom_msg:/home/eragon/student133_ws/install/test_client:/home/eragon/student133_ws/install/test_castom_publisher:/home/eragon/student133_ws/install/custom_counter:/opt/ros/humble'), ('SSH_AGENT_LAUNCHER', 'gnome-keyring'), ('SSH_AUTH_SOCK', '/run/user/1000/keyring/ssh'), ('LC_NAME', 'ru_RU.UTF-8'), ('SHELL', '/bin/bash'), ('GDMSESSION', 'ubuntu'), ('QT_ACCESSIBILITY', '1'), ('LC_MEASUREMENT', 'ru_RU.UTF-8'), ('GJS_DEBUG_OUTPUT', 'stderr'), ('LC_IDENTIFICATION', 'ru_RU.UTF-8'), ('QT_IM_MODULE', 'ibus'), ('LC_ALL', 'en_US.UTF-8'), ('PWD', '/home/eragon/student133_ws/build/test_pkg'), ('QT_QPA_PLATFORM', 'xcb'), ('XDG_CONFIG_DIRS', '/etc/xdg/xdg-ubuntu:/etc/xdg'), ('XDG_DATA_DIRS', '/usr/share/ubuntu:/usr/local/share/:/usr/share/:/var/lib/snapd/desktop'), ('LC_NUMERIC', 'ru_RU.UTF-8'), ('PYTHONPATH', '/home/eragon/student133_ws/install/test_custom_srv/local/lib/python3.10/dist-packages:/home/eragon/student133_ws/install/test_custom_msg/local/lib/python3.10/dist-packages:/opt/ros/humble/lib/python3.10/site-packages:/opt/ros/humble/local/lib/python3.10/dist-packages'), ('LC_PAPER', 'ru_RU.UTF-8'), ('COLCON', '1'), ('CMAKE_PREFIX_PATH', '/home/eragon/student133_ws/install/test_visualization:/home/eragon/student133_ws/install/test_subscriber:/home/eragon/student133_ws/install/test_service:/home/eragon/student133_ws/install/test_serial_communication:/home/eragon/student133_ws/install/test_publisher:/home/eragon/student133_ws/install/test_pkg:/home/eragon/student133_ws/install/test_parameters:/home/eragon/student133_ws/install/test_custom_srv:/home/eragon/student133_ws/install/test_custom_publisher:/home/eragon/student133_ws/install/test_custom_msg:/home/eragon/student133_ws/install/test_client:/home/eragon/student133_ws/install/test_castom_publisher:/home/eragon/student133_ws/install/custom_counter:/opt/ros/humble')]), 'shell': False}
[0.100523] (-) TimerEvent: {}
[0.147683] (test_basic_publisher) StdoutLine: {'line': b'Consolidate compiler generated dependencies of target test_basic_publisher\n'}
[0.185443] (test_custom_msg) StdoutLine: {'line': b'[  2%] Built target test_custom_msg__cpp\n'}
[0.185763] (custom_counter) StdoutLine: {'line': b'[100%] Built target custom_counter_node\n'}
[0.198400] (test_basic_publisher) StdoutLine: {'line': b'[ 50%] Building CXX object CMakeFiles/test_basic_publisher.dir/src/test_basic_publisher.cpp.o\n'}
[0.203482] (-) TimerEvent: {}
[0.207678] (test_custom_srv) StdoutLine: {'line': b'[  2%] Built target test_custom_srv__cpp\n'}
[0.208053] (test_client) StdoutLine: {'line': b'[ 50%] Built target test_client_node\n'}
[0.212905] (test_client) StdoutLine: {'line': b'[100%] Built target client_triangle\n'}
[0.213212] (test_custom_msg) StdoutLine: {'line': b'[  2%] Built target ament_cmake_python_copy_test_custom_msg\n'}
[0.228414] (test_custom_msg) StdoutLine: {'line': b'[ 12%] Built target test_custom_msg__rosidl_generator_c\n'}
[0.228724] (test_custom_publisher) StdoutLine: {'line': b'[ 50%] Built target Triangle_node\n'}
[0.228897] (test_custom_srv) StdoutLine: {'line': b'[ 12%] Built target test_custom_srv__rosidl_generator_c\n'}
[0.240682] (test_parameters) StdoutLine: {'line': b'[100%] Built target test_parameters_node\n'}
[0.253970] (test_custom_publisher) StdoutLine: {'line': b'[100%] Built target test_custom_publisher_node\n'}
[0.254604] (custom_counter) CommandEnded: {'returncode': 0}
[0.262753] (test_client) CommandEnded: {'returncode': 0}
[0.273254] (test_pkg) StdoutLine: {'line': b'[100%] Built target test_pkg_node\n'}
[0.282717] (test_custom_msg) StdoutLine: {'line': b'[ 23%] Built target test_custom_msg__rosidl_typesupport_cpp\n'}
[0.283000] (test_custom_msg) StdoutLine: {'line': b'[ 33%] Built target test_custom_msg__rosidl_typesupport_introspection_cpp\n'}
[0.288024] (test_custom_srv) StdoutLine: {'line': b'[ 23%] Built target test_custom_srv__rosidl_typesupport_cpp\n'}
[0.298556] (test_parameters) CommandEnded: {'returncode': 0}
[0.303714] (-) TimerEvent: {}
[0.309677] (test_custom_msg) StdoutLine: {'line': b'[ 43%] Built target test_custom_msg__rosidl_typesupport_fastrtps_cpp\n'}
[0.309938] (test_custom_publisher) CommandEnded: {'returncode': 0}
[0.320282] (test_pkg) CommandEnded: {'returncode': 0}
[0.326558] (test_custom_srv) StdoutLine: {'line': b'[ 33%] Built target test_custom_srv__rosidl_typesupport_fastrtps_cpp\n'}
[0.326843] (test_custom_srv) StdoutLine: {'line': b'[ 43%] Built target test_custom_srv__rosidl_typesupport_introspection_cpp\n'}
[0.326982] (test_custom_srv) StdoutLine: {'line': b'[ 23%] Built target ament_cmake_python_copy_test_custom_srv\n'}
[0.327096] (test_custom_srv) StdoutLine: {'line': b'[ 53%] Built target test_custom_srv__rosidl_typesupport_introspection_c\n'}
[0.327241] (test_custom_msg) StdoutLine: {'line': b'[ 53%] Built target test_custom_msg__rosidl_typesupport_c\n'}
[0.327371] (test_custom_msg) StdoutLine: {'line': b'[ 64%] Built target test_custom_msg__rosidl_typesupport_introspection_c\n'}
[0.327478] (test_custom_msg) StdoutLine: {'line': b'[ 74%] Built target test_custom_msg__rosidl_typesupport_fastrtps_c\n'}
[0.332053] (test_custom_srv) StdoutLine: {'line': b'[ 64%] Built target test_custom_srv__rosidl_typesupport_c\n'}
[0.337587] (test_custom_srv) StdoutLine: {'line': b'[ 74%] Built target test_custom_srv__rosidl_typesupport_fastrtps_c\n'}
[0.361366] (custom_counter) JobProgress: {'identifier': 'custom_counter', 'progress': 'install'}
[0.377096] (custom_counter) Command: {'cmd': ['/usr/bin/cmake', '--install', '/home/eragon/student133_ws/build/custom_counter'], 'cwd': '/home/eragon/student133_ws/build/custom_counter', 'env': OrderedDict([('GJS_DEBUG_TOPICS', 'JS ERROR;JS LOG'), ('LANGUAGE', 'ru'), ('LC_TIME', 'ru_RU.UTF-8'), ('USER', 'eragon'), ('XDG_SESSION_TYPE', 'wayland'), ('LD_LIBRARY_PATH', '/home/eragon/student133_ws/install/test_custom_srv/lib:/home/eragon/student133_ws/install/test_custom_msg/lib:/opt/ros/humble/opt/rviz_ogre_vendor/lib:/opt/ros/humble/lib/x86_64-linux-gnu:/opt/ros/humble/lib'), ('SHLVL', '1'), ('HOME', '/home/eragon'), ('DESKTOP_SESSION', 'ubuntu'), ('QTDIR', '/usr/lib/x86_64-linux-gnu/qt5'), ('GIO_LAUNCHED_DESKTOP_FILE', '/home/eragon/.local/share/applications/org.qt-project.qtcreator.desktop'), ('GNOME_SHELL_SESSION_MODE', 'ubuntu'), ('GTK_MODULES', 'gail:atk-bridge'), ('ROS_PYTHON_VERSION', '3'), ('LC_MONETARY', 'ru_RU.UTF-8'), ('MANAGERPID', '869'), ('DBUS_SESSION_BUS_ADDRESS', 'unix:path'), ('SYSTEMD_EXEC_PID', '1041'), ('GIO_LAUNCHED_DESKTOP_FILE_PID', '2694'), ('COLCON_PREFIX_PATH', '/home/eragon/student133_ws/install'), ('IM_CONFIG_PHASE', '1'), ('ROS_DISTRO', 'humble'), ('WAYLAND_DISPLAY', 'wayland-0'), ('LOGNAME', 'eragon'), ('JOURNAL_STREAM', '8:8864'), ('_', '/usr/bin/env'), ('ROS_VERSION', '2'), ('XDG_SESSION_CLASS', 'user'), ('QSG_RHI_BACKEND', 'opengl'), ('USERNAME', 'eragon'), ('GNOME_DESKTOP_SESSION_ID', 'this-is-deprecated'), ('ROS_LOCALHOST_ONLY', '0'), ('PATH', '/opt/ros/humble/bin:/home/eragon/.local/bin:/usr/local/sbin:/usr/local/bin:/usr/sbin:/usr/bin:/sbin:/bin:/usr/games:/usr/local/games:/snap/bin:/snap/bin'), ('INVOCATION_ID', '68df7faf19e64317b848cbed1cabd08b'), ('PAPERSIZE', 'a4'), ('SESSION_MANAGER', 'local/eragon-KPL-W0X:@/tmp/.ICE-unix/1015,unix/eragon-KPL-W0X:/tmp/.ICE-unix/1015'), ('GNOME_SETUP_DISPLAY', ':1'), ('LC_ADDRESS', 'ru_RU.UTF-8'), ('XDG_MENU_PREFIX', 'gnome-'), ('XDG_RUNTIME_DIR', '/run/user/1000'), ('DISPLAY', ':0'), ('LANG', 'ru_RU.UTF-8'), ('LC_TELEPHONE', 'ru_RU.UTF-8'), ('XDG_CURRENT_DESKTOP', 'ubuntu:GNOME'), ('XAUTHORITY', '/run/user/1000/.mutter-Xwaylandauth.JLCEW2'), ('XDG_SESSION_DESKTOP', 'ubuntu'), ('XMODIFIERS', '@im'), ('AMENT_PREFIX_PATH', '/home/eragon/student133_ws/install/test_visualization:/home/eragon/student133_ws/install/test_subscriber:/home/eragon/student133_ws/install/test_service:/home/eragon/student133_ws/install/test_serial_communication:/home/eragon/student133_ws/install/test_publisher:/home/eragon/student133_ws/install/test_pkg:/home/eragon/student133_ws/install/test_parameters:/home/eragon/student133_ws/install/test_custom_srv:/home/eragon/student133_ws/install/test_custom_publisher:/home/eragon/student133_ws/install/test_custom_msg:/home/eragon/student133_ws/install/test_client:/home/eragon/student133_ws/install/test_castom_publisher:/home/eragon/student133_ws/install/custom_counter:/opt/ros/humble'), ('SSH_AGENT_LAUNCHER', 'gnome-keyring'), ('SSH_AUTH_SOCK', '/run/user/1000/keyring/ssh'), ('LC_NAME', 'ru_RU.UTF-8'), ('SHELL', '/bin/bash'), ('GDMSESSION', 'ubuntu'), ('QT_ACCESSIBILITY', '1'), ('LC_MEASUREMENT', 'ru_RU.UTF-8'), ('GJS_DEBUG_OUTPUT', 'stderr'), ('LC_IDENTIFICATION', 'ru_RU.UTF-8'), ('QT_IM_MODULE', 'ibus'), ('LC_ALL', 'en_US.UTF-8'), ('PWD', '/home/eragon/student133_ws/build/custom_counter'), ('QT_QPA_PLATFORM', 'xcb'), ('XDG_CONFIG_DIRS', '/etc/xdg/xdg-ubuntu:/etc/xdg'), ('XDG_DATA_DIRS', '/usr/share/ubuntu:/usr/local/share/:/usr/share/:/var/lib/snapd/desktop'), ('LC_NUMERIC', 'ru_RU.UTF-8'), ('PYTHONPATH', '/home/eragon/student133_ws/install/test_custom_srv/local/lib/python3.10/dist-packages:/home/eragon/student133_ws/install/test_custom_msg/local/lib/python3.10/dist-packages:/opt/ros/humble/lib/python3.10/site-packages:/opt/ros/humble/local/lib/python3.10/dist-packages'), ('LC_PAPER', 'ru_RU.UTF-8'), ('COLCON', '1'), ('CMAKE_PREFIX_PATH', '/home/eragon/student133_ws/install/test_visualization:/home/eragon/student133_ws/install/test_subscriber:/home/eragon/student133_ws/install/test_service:/home/eragon/student133_ws/install/test_serial_communication:/home/eragon/student133_ws/install/test_publisher:/home/eragon/student133_ws/install/test_pkg:/home/eragon/student133_ws/install/test_parameters:/home/eragon/student133_ws/install/test_custom_srv:/home/eragon/student133_ws/install/test_custom_publisher:/home/eragon/student133_ws/install/test_custom_msg:/home/eragon/student133_ws/install/test_client:/home/eragon/student133_ws/install/test_castom_publisher:/home/eragon/student133_ws/install/custom_counter:/opt/ros/humble')]), 'shell': False}
[0.383220] (test_custom_msg) StdoutLine: {'line': b'[ 74%] Built target test_custom_msg\n'}
[0.388446] (test_client) JobProgress: {'identifier': 'test_client', 'progress': 'install'}
[0.388525] (test_client) Command: {'cmd': ['/usr/bin/cmake', '--install', '/home/eragon/student133_ws/build/test_client'], 'cwd': '/home/eragon/student133_ws/build/test_client', 'env': OrderedDict([('GJS_DEBUG_TOPICS', 'JS ERROR;JS LOG'), ('LANGUAGE', 'ru'), ('LC_TIME', 'ru_RU.UTF-8'), ('USER', 'eragon'), ('XDG_SESSION_TYPE', 'wayland'), ('LD_LIBRARY_PATH', '/home/eragon/student133_ws/install/test_custom_srv/lib:/home/eragon/student133_ws/install/test_custom_msg/lib:/opt/ros/humble/opt/rviz_ogre_vendor/lib:/opt/ros/humble/lib/x86_64-linux-gnu:/opt/ros/humble/lib'), ('SHLVL', '1'), ('HOME', '/home/eragon'), ('DESKTOP_SESSION', 'ubuntu'), ('QTDIR', '/usr/lib/x86_64-linux-gnu/qt5'), ('GIO_LAUNCHED_DESKTOP_FILE', '/home/eragon/.local/share/applications/org.qt-project.qtcreator.desktop'), ('GNOME_SHELL_SESSION_MODE', 'ubuntu'), ('GTK_MODULES', 'gail:atk-bridge'), ('ROS_PYTHON_VERSION', '3'), ('LC_MONETARY', 'ru_RU.UTF-8'), ('MANAGERPID', '869'), ('DBUS_SESSION_BUS_ADDRESS', 'unix:path'), ('SYSTEMD_EXEC_PID', '1041'), ('GIO_LAUNCHED_DESKTOP_FILE_PID', '2694'), ('COLCON_PREFIX_PATH', '/home/eragon/student133_ws/install'), ('IM_CONFIG_PHASE', '1'), ('ROS_DISTRO', 'humble'), ('WAYLAND_DISPLAY', 'wayland-0'), ('LOGNAME', 'eragon'), ('JOURNAL_STREAM', '8:8864'), ('_', '/usr/bin/env'), ('ROS_VERSION', '2'), ('XDG_SESSION_CLASS', 'user'), ('QSG_RHI_BACKEND', 'opengl'), ('USERNAME', 'eragon'), ('GNOME_DESKTOP_SESSION_ID', 'this-is-deprecated'), ('ROS_LOCALHOST_ONLY', '0'), ('PATH', '/opt/ros/humble/bin:/home/eragon/.local/bin:/usr/local/sbin:/usr/local/bin:/usr/sbin:/usr/bin:/sbin:/bin:/usr/games:/usr/local/games:/snap/bin:/snap/bin'), ('INVOCATION_ID', '68df7faf19e64317b848cbed1cabd08b'), ('PAPERSIZE', 'a4'), ('SESSION_MANAGER', 'local/eragon-KPL-W0X:@/tmp/.ICE-unix/1015,unix/eragon-KPL-W0X:/tmp/.ICE-unix/1015'), ('GNOME_SETUP_DISPLAY', ':1'), ('LC_ADDRESS', 'ru_RU.UTF-8'), ('XDG_MENU_PREFIX', 'gnome-'), ('XDG_RUNTIME_DIR', '/run/user/1000'), ('DISPLAY', ':0'), ('LANG', 'ru_RU.UTF-8'), ('LC_TELEPHONE', 'ru_RU.UTF-8'), ('XDG_CURRENT_DESKTOP', 'ubuntu:GNOME'), ('XAUTHORITY', '/run/user/1000/.mutter-Xwaylandauth.JLCEW2'), ('XDG_SESSION_DESKTOP', 'ubuntu'), ('XMODIFIERS', '@im'), ('AMENT_PREFIX_PATH', '/home/eragon/student133_ws/install/test_visualization:/home/eragon/student133_ws/install/test_subscriber:/home/eragon/student133_ws/install/test_service:/home/eragon/student133_ws/install/test_serial_communication:/home/eragon/student133_ws/install/test_publisher:/home/eragon/student133_ws/install/test_pkg:/home/eragon/student133_ws/install/test_parameters:/home/eragon/student133_ws/install/test_custom_srv:/home/eragon/student133_ws/install/test_custom_publisher:/home/eragon/student133_ws/install/test_custom_msg:/home/eragon/student133_ws/install/test_client:/home/eragon/student133_ws/install/test_castom_publisher:/home/eragon/student133_ws/install/custom_counter:/opt/ros/humble'), ('SSH_AGENT_LAUNCHER', 'gnome-keyring'), ('SSH_AUTH_SOCK', '/run/user/1000/keyring/ssh'), ('LC_NAME', 'ru_RU.UTF-8'), ('SHELL', '/bin/bash'), ('GDMSESSION', 'ubuntu'), ('QT_ACCESSIBILITY', '1'), ('LC_MEASUREMENT', 'ru_RU.UTF-8'), ('GJS_DEBUG_OUTPUT', 'stderr'), ('LC_IDENTIFICATION', 'ru_RU.UTF-8'), ('QT_IM_MODULE', 'ibus'), ('LC_ALL', 'en_US.UTF-8'), ('PWD', '/home/eragon/student133_ws/build/test_client'), ('QT_QPA_PLATFORM', 'xcb'), ('XDG_CONFIG_DIRS', '/etc/xdg/xdg-ubuntu:/etc/xdg'), ('XDG_DATA_DIRS', '/usr/share/ubuntu:/usr/local/share/:/usr/share/:/var/lib/snapd/desktop'), ('LC_NUMERIC', 'ru_RU.UTF-8'), ('PYTHONPATH', '/home/eragon/student133_ws/install/test_custom_srv/local/lib/python3.10/dist-packages:/home/eragon/student133_ws/install/test_custom_msg/local/lib/python3.10/dist-packages:/opt/ros/humble/lib/python3.10/site-packages:/opt/ros/humble/local/lib/python3.10/dist-packages'), ('LC_PAPER', 'ru_RU.UTF-8'), ('COLCON', '1'), ('CMAKE_PREFIX_PATH', '/home/eragon/student133_ws/install/test_visualization:/home/eragon/student133_ws/install/test_subscriber:/home/eragon/student133_ws/install/test_service:/home/eragon/student133_ws/install/test_serial_communication:/home/eragon/student133_ws/install/test_publisher:/home/eragon/student133_ws/install/test_pkg:/home/eragon/student133_ws/install/test_parameters:/home/eragon/student133_ws/install/test_custom_srv:/home/eragon/student133_ws/install/test_custom_publisher:/home/eragon/student133_ws/install/test_custom_msg:/home/eragon/student133_ws/install/test_client:/home/eragon/student133_ws/install/test_castom_publisher:/home/eragon/student133_ws/install/custom_counter:/opt/ros/humble')]), 'shell': False}
[0.391196] (test_parameters) JobProgress: {'identifier': 'test_parameters', 'progress': 'install'}
[0.391300] (test_parameters) Command: {'cmd': ['/usr/bin/cmake', '--install', '/home/eragon/student133_ws/build/test_parameters'], 'cwd': '/home/eragon/student133_ws/build/test_parameters', 'env': OrderedDict([('GJS_DEBUG_TOPICS', 'JS ERROR;JS LOG'), ('LANGUAGE', 'ru'), ('LC_TIME', 'ru_RU.UTF-8'), ('USER', 'eragon'), ('XDG_SESSION_TYPE', 'wayland'), ('LD_LIBRARY_PATH', '/home/eragon/student133_ws/install/test_custom_srv/lib:/home/eragon/student133_ws/install/test_custom_msg/lib:/opt/ros/humble/opt/rviz_ogre_vendor/lib:/opt/ros/humble/lib/x86_64-linux-gnu:/opt/ros/humble/lib'), ('SHLVL', '1'), ('HOME', '/home/eragon'), ('DESKTOP_SESSION', 'ubuntu'), ('QTDIR', '/usr/lib/x86_64-linux-gnu/qt5'), ('GIO_LAUNCHED_DESKTOP_FILE', '/home/eragon/.local/share/applications/org.qt-project.qtcreator.desktop'), ('GNOME_SHELL_SESSION_MODE', 'ubuntu'), ('GTK_MODULES', 'gail:atk-bridge'), ('ROS_PYTHON_VERSION', '3'), ('LC_MONETARY', 'ru_RU.UTF-8'), ('MANAGERPID', '869'), ('DBUS_SESSION_BUS_ADDRESS', 'unix:path'), ('SYSTEMD_EXEC_PID', '1041'), ('GIO_LAUNCHED_DESKTOP_FILE_PID', '2694'), ('COLCON_PREFIX_PATH', '/home/eragon/student133_ws/install'), ('IM_CONFIG_PHASE', '1'), ('ROS_DISTRO', 'humble'), ('WAYLAND_DISPLAY', 'wayland-0'), ('LOGNAME', 'eragon'), ('JOURNAL_STREAM', '8:8864'), ('_', '/usr/bin/env'), ('ROS_VERSION', '2'), ('XDG_SESSION_CLASS', 'user'), ('QSG_RHI_BACKEND', 'opengl'), ('USERNAME', 'eragon'), ('GNOME_DESKTOP_SESSION_ID', 'this-is-deprecated'), ('ROS_LOCALHOST_ONLY', '0'), ('PATH', '/opt/ros/humble/bin:/home/eragon/.local/bin:/usr/local/sbin:/usr/local/bin:/usr/sbin:/usr/bin:/sbin:/bin:/usr/games:/usr/local/games:/snap/bin:/snap/bin'), ('INVOCATION_ID', '68df7faf19e64317b848cbed1cabd08b'), ('PAPERSIZE', 'a4'), ('SESSION_MANAGER', 'local/eragon-KPL-W0X:@/tmp/.ICE-unix/1015,unix/eragon-KPL-W0X:/tmp/.ICE-unix/1015'), ('GNOME_SETUP_DISPLAY', ':1'), ('LC_ADDRESS', 'ru_RU.UTF-8'), ('XDG_MENU_PREFIX', 'gnome-'), ('XDG_RUNTIME_DIR', '/run/user/1000'), ('DISPLAY', ':0'), ('LANG', 'ru_RU.UTF-8'), ('LC_TELEPHONE', 'ru_RU.UTF-8'), ('XDG_CURRENT_DESKTOP', 'ubuntu:GNOME'), ('XAUTHORITY', '/run/user/1000/.mutter-Xwaylandauth.JLCEW2'), ('XDG_SESSION_DESKTOP', 'ubuntu'), ('XMODIFIERS', '@im'), ('AMENT_PREFIX_PATH', '/home/eragon/student133_ws/install/test_visualization:/home/eragon/student133_ws/install/test_subscriber:/home/eragon/student133_ws/install/test_service:/home/eragon/student133_ws/install/test_serial_communication:/home/eragon/student133_ws/install/test_publisher:/home/eragon/student133_ws/install/test_pkg:/home/eragon/student133_ws/install/test_parameters:/home/eragon/student133_ws/install/test_custom_srv:/home/eragon/student133_ws/install/test_custom_publisher:/home/eragon/student133_ws/install/test_custom_msg:/home/eragon/student133_ws/install/test_client:/home/eragon/student133_ws/install/test_castom_publisher:/home/eragon/student133_ws/install/custom_counter:/opt/ros/humble'), ('SSH_AGENT_LAUNCHER', 'gnome-keyring'), ('SSH_AUTH_SOCK', '/run/user/1000/keyring/ssh'), ('LC_NAME', 'ru_RU.UTF-8'), ('SHELL', '/bin/bash'), ('GDMSESSION', 'ubuntu'), ('QT_ACCESSIBILITY', '1'), ('LC_MEASUREMENT', 'ru_RU.UTF-8'), ('GJS_DEBUG_OUTPUT', 'stderr'), ('LC_IDENTIFICATION', 'ru_RU.UTF-8'), ('QT_IM_MODULE', 'ibus'), ('LC_ALL', 'en_US.UTF-8'), ('PWD', '/home/eragon/student133_ws/build/test_parameters'), ('QT_QPA_PLATFORM', 'xcb'), ('XDG_CONFIG_DIRS', '/etc/xdg/xdg-ubuntu:/etc/xdg'), ('XDG_DATA_DIRS', '/usr/share/ubuntu:/usr/local/share/:/usr/share/:/var/lib/snapd/desktop'), ('LC_NUMERIC', 'ru_RU.UTF-8'), ('PYTHONPATH', '/home/eragon/student133_ws/install/test_custom_srv/local/lib/python3.10/dist-packages:/home/eragon/student133_ws/install/test_custom_msg/local/lib/python3.10/dist-packages:/opt/ros/humble/lib/python3.10/site-packages:/opt/ros/humble/local/lib/python3.10/dist-packages'), ('LC_PAPER', 'ru_RU.UTF-8'), ('COLCON', '1'), ('CMAKE_PREFIX_PATH', '/home/eragon/student133_ws/install/test_visualization:/home/eragon/student133_ws/install/test_subscriber:/home/eragon/student133_ws/install/test_service:/home/eragon/student133_ws/install/test_serial_communication:/home/eragon/student133_ws/install/test_publisher:/home/eragon/student133_ws/install/test_pkg:/home/eragon/student133_ws/install/test_parameters:/home/eragon/student133_ws/install/test_custom_srv:/home/eragon/student133_ws/install/test_custom_publisher:/home/eragon/student133_ws/install/test_custom_msg:/home/eragon/student133_ws/install/test_client:/home/eragon/student133_ws/install/test_castom_publisher:/home/eragon/student133_ws/install/custom_counter:/opt/ros/humble')]), 'shell': False}
[0.399797] (test_custom_srv) StdoutLine: {'line': b'[ 74%] Built target test_custom_srv\n'}
[0.400359] (custom_counter) StdoutLine: {'line': b'-- Install configuration: "Debug"\n'}
[0.400699] (custom_counter) StdoutLine: {'line': b'-- Up-to-date: /home/eragon/student133_ws/install/custom_counter/lib/custom_counter/custom_counter_node\n'}
[0.400840] (custom_counter) StdoutLine: {'line': b'-- Up-to-date: /home/eragon/student133_ws/install/custom_counter/share/ament_index/resource_index/package_run_dependencies/custom_counter\n'}
[0.400959] (custom_counter) StdoutLine: {'line': b'-- Up-to-date: /home/eragon/student133_ws/install/custom_counter/share/ament_index/resource_index/parent_prefix_path/custom_counter\n'}
[0.401073] (custom_counter) StdoutLine: {'line': b'-- Up-to-date: /home/eragon/student133_ws/install/custom_counter/share/custom_counter/environment/ament_prefix_path.sh\n'}
[0.401217] (custom_counter) StdoutLine: {'line': b'-- Up-to-date: /home/eragon/student133_ws/install/custom_counter/share/custom_counter/environment/ament_prefix_path.dsv\n'}
[0.401339] (custom_counter) StdoutLine: {'line': b'-- Up-to-date: /home/eragon/student133_ws/install/custom_counter/share/custom_counter/environment/path.sh\n'}
[0.401449] (custom_counter) StdoutLine: {'line': b'-- Up-to-date: /home/eragon/student133_ws/install/custom_counter/share/custom_counter/environment/path.dsv\n'}
[0.401562] (custom_counter) StdoutLine: {'line': b'-- Up-to-date: /home/eragon/student133_ws/install/custom_counter/share/custom_counter/local_setup.bash\n'}
[0.401679] (custom_counter) StdoutLine: {'line': b'-- Up-to-date: /home/eragon/student133_ws/install/custom_counter/share/custom_counter/local_setup.sh\n'}
[0.401792] (custom_counter) StdoutLine: {'line': b'-- Up-to-date: /home/eragon/student133_ws/install/custom_counter/share/custom_counter/local_setup.zsh\n'}
[0.401904] (custom_counter) StdoutLine: {'line': b'-- Up-to-date: /home/eragon/student133_ws/install/custom_counter/share/custom_counter/local_setup.dsv\n'}
[0.402017] (custom_counter) StdoutLine: {'line': b'-- Installing: /home/eragon/student133_ws/install/custom_counter/share/custom_counter/package.dsv\n'}
[0.402134] (custom_counter) StdoutLine: {'line': b'-- Up-to-date: /home/eragon/student133_ws/install/custom_counter/share/ament_index/resource_index/packages/custom_counter\n'}
[0.402376] (custom_counter) StdoutLine: {'line': b'-- Up-to-date: /home/eragon/student133_ws/install/custom_counter/share/custom_counter/cmake/custom_counterConfig.cmake\n'}
[0.402497] (custom_counter) StdoutLine: {'line': b'-- Up-to-date: /home/eragon/student133_ws/install/custom_counter/share/custom_counter/cmake/custom_counterConfig-version.cmake\n'}
[0.402606] (custom_counter) StdoutLine: {'line': b'-- Up-to-date: /home/eragon/student133_ws/install/custom_counter/share/custom_counter/package.xml\n'}
[0.402718] (test_custom_publisher) JobProgress: {'identifier': 'test_custom_publisher', 'progress': 'install'}
[0.402763] (test_custom_publisher) Command: {'cmd': ['/usr/bin/cmake', '--install', '/home/eragon/student133_ws/build/test_custom_publisher'], 'cwd': '/home/eragon/student133_ws/build/test_custom_publisher', 'env': OrderedDict([('GJS_DEBUG_TOPICS', 'JS ERROR;JS LOG'), ('LANGUAGE', 'ru'), ('LC_TIME', 'ru_RU.UTF-8'), ('USER', 'eragon'), ('XDG_SESSION_TYPE', 'wayland'), ('LD_LIBRARY_PATH', '/home/eragon/student133_ws/install/test_custom_srv/lib:/home/eragon/student133_ws/install/test_custom_msg/lib:/opt/ros/humble/opt/rviz_ogre_vendor/lib:/opt/ros/humble/lib/x86_64-linux-gnu:/opt/ros/humble/lib'), ('SHLVL', '1'), ('HOME', '/home/eragon'), ('DESKTOP_SESSION', 'ubuntu'), ('QTDIR', '/usr/lib/x86_64-linux-gnu/qt5'), ('GIO_LAUNCHED_DESKTOP_FILE', '/home/eragon/.local/share/applications/org.qt-project.qtcreator.desktop'), ('GNOME_SHELL_SESSION_MODE', 'ubuntu'), ('GTK_MODULES', 'gail:atk-bridge'), ('ROS_PYTHON_VERSION', '3'), ('LC_MONETARY', 'ru_RU.UTF-8'), ('MANAGERPID', '869'), ('DBUS_SESSION_BUS_ADDRESS', 'unix:path'), ('SYSTEMD_EXEC_PID', '1041'), ('GIO_LAUNCHED_DESKTOP_FILE_PID', '2694'), ('COLCON_PREFIX_PATH', '/home/eragon/student133_ws/install'), ('IM_CONFIG_PHASE', '1'), ('ROS_DISTRO', 'humble'), ('WAYLAND_DISPLAY', 'wayland-0'), ('LOGNAME', 'eragon'), ('JOURNAL_STREAM', '8:8864'), ('_', '/usr/bin/env'), ('ROS_VERSION', '2'), ('XDG_SESSION_CLASS', 'user'), ('QSG_RHI_BACKEND', 'opengl'), ('USERNAME', 'eragon'), ('GNOME_DESKTOP_SESSION_ID', 'this-is-deprecated'), ('ROS_LOCALHOST_ONLY', '0'), ('PATH', '/opt/ros/humble/bin:/home/eragon/.local/bin:/usr/local/sbin:/usr/local/bin:/usr/sbin:/usr/bin:/sbin:/bin:/usr/games:/usr/local/games:/snap/bin:/snap/bin'), ('INVOCATION_ID', '68df7faf19e64317b848cbed1cabd08b'), ('PAPERSIZE', 'a4'), ('SESSION_MANAGER', 'local/eragon-KPL-W0X:@/tmp/.ICE-unix/1015,unix/eragon-KPL-W0X:/tmp/.ICE-unix/1015'), ('GNOME_SETUP_DISPLAY', ':1'), ('LC_ADDRESS', 'ru_RU.UTF-8'), ('XDG_MENU_PREFIX', 'gnome-'), ('XDG_RUNTIME_DIR', '/run/user/1000'), ('DISPLAY', ':0'), ('LANG', 'ru_RU.UTF-8'), ('LC_TELEPHONE', 'ru_RU.UTF-8'), ('XDG_CURRENT_DESKTOP', 'ubuntu:GNOME'), ('XAUTHORITY', '/run/user/1000/.mutter-Xwaylandauth.JLCEW2'), ('XDG_SESSION_DESKTOP', 'ubuntu'), ('XMODIFIERS', '@im'), ('AMENT_PREFIX_PATH', '/home/eragon/student133_ws/install/test_visualization:/home/eragon/student133_ws/install/test_subscriber:/home/eragon/student133_ws/install/test_service:/home/eragon/student133_ws/install/test_serial_communication:/home/eragon/student133_ws/install/test_publisher:/home/eragon/student133_ws/install/test_pkg:/home/eragon/student133_ws/install/test_parameters:/home/eragon/student133_ws/install/test_custom_srv:/home/eragon/student133_ws/install/test_custom_publisher:/home/eragon/student133_ws/install/test_custom_msg:/home/eragon/student133_ws/install/test_client:/home/eragon/student133_ws/install/test_castom_publisher:/home/eragon/student133_ws/install/custom_counter:/opt/ros/humble'), ('SSH_AGENT_LAUNCHER', 'gnome-keyring'), ('SSH_AUTH_SOCK', '/run/user/1000/keyring/ssh'), ('LC_NAME', 'ru_RU.UTF-8'), ('SHELL', '/bin/bash'), ('GDMSESSION', 'ubuntu'), ('QT_ACCESSIBILITY', '1'), ('LC_MEASUREMENT', 'ru_RU.UTF-8'), ('GJS_DEBUG_OUTPUT', 'stderr'), ('LC_IDENTIFICATION', 'ru_RU.UTF-8'), ('QT_IM_MODULE', 'ibus'), ('LC_ALL', 'en_US.UTF-8'), ('PWD', '/home/eragon/student133_ws/build/test_custom_publisher'), ('QT_QPA_PLATFORM', 'xcb'), ('XDG_CONFIG_DIRS', '/etc/xdg/xdg-ubuntu:/etc/xdg'), ('XDG_DATA_DIRS', '/usr/share/ubuntu:/usr/local/share/:/usr/share/:/var/lib/snapd/desktop'), ('LC_NUMERIC', 'ru_RU.UTF-8'), ('PYTHONPATH', '/home/eragon/student133_ws/install/test_custom_srv/local/lib/python3.10/dist-packages:/home/eragon/student133_ws/install/test_custom_msg/local/lib/python3.10/dist-packages:/opt/ros/humble/lib/python3.10/site-packages:/opt/ros/humble/local/lib/python3.10/dist-packages'), ('LC_PAPER', 'ru_RU.UTF-8'), ('COLCON', '1'), ('CMAKE_PREFIX_PATH', '/home/eragon/student133_ws/install/test_visualization:/home/eragon/student133_ws/install/test_subscriber:/home/eragon/student133_ws/install/test_service:/home/eragon/student133_ws/install/test_serial_communication:/home/eragon/student133_ws/install/test_publisher:/home/eragon/student133_ws/install/test_pkg:/home/eragon/student133_ws/install/test_parameters:/home/eragon/student133_ws/install/test_custom_srv:/home/eragon/student133_ws/install/test_custom_publisher:/home/eragon/student133_ws/install/test_custom_msg:/home/eragon/student133_ws/install/test_client:/home/eragon/student133_ws/install/test_castom_publisher:/home/eragon/student133_ws/install/custom_counter:/opt/ros/humble')]), 'shell': False}
[0.403925] (-) TimerEvent: {}
[0.409036] (test_pkg) JobProgress: {'identifier': 'test_pkg', 'progress': 'install'}
[0.409127] (test_pkg) Command: {'cmd': ['/usr/bin/cmake', '--install', '/home/eragon/student133_ws/build/test_pkg'], 'cwd': '/home/eragon/student133_ws/build/test_pkg', 'env': OrderedDict([('GJS_DEBUG_TOPICS', 'JS ERROR;JS LOG'), ('LANGUAGE', 'ru'), ('LC_TIME', 'ru_RU.UTF-8'), ('USER', 'eragon'), ('XDG_SESSION_TYPE', 'wayland'), ('LD_LIBRARY_PATH', '/home/eragon/student133_ws/install/test_custom_srv/lib:/home/eragon/student133_ws/install/test_custom_msg/lib:/opt/ros/humble/opt/rviz_ogre_vendor/lib:/opt/ros/humble/lib/x86_64-linux-gnu:/opt/ros/humble/lib'), ('SHLVL', '1'), ('HOME', '/home/eragon'), ('DESKTOP_SESSION', 'ubuntu'), ('QTDIR', '/usr/lib/x86_64-linux-gnu/qt5'), ('GIO_LAUNCHED_DESKTOP_FILE', '/home/eragon/.local/share/applications/org.qt-project.qtcreator.desktop'), ('GNOME_SHELL_SESSION_MODE', 'ubuntu'), ('GTK_MODULES', 'gail:atk-bridge'), ('ROS_PYTHON_VERSION', '3'), ('LC_MONETARY', 'ru_RU.UTF-8'), ('MANAGERPID', '869'), ('DBUS_SESSION_BUS_ADDRESS', 'unix:path'), ('SYSTEMD_EXEC_PID', '1041'), ('GIO_LAUNCHED_DESKTOP_FILE_PID', '2694'), ('COLCON_PREFIX_PATH', '/home/eragon/student133_ws/install'), ('IM_CONFIG_PHASE', '1'), ('ROS_DISTRO', 'humble'), ('WAYLAND_DISPLAY', 'wayland-0'), ('LOGNAME', 'eragon'), ('JOURNAL_STREAM', '8:8864'), ('_', '/usr/bin/env'), ('ROS_VERSION', '2'), ('XDG_SESSION_CLASS', 'user'), ('QSG_RHI_BACKEND', 'opengl'), ('USERNAME', 'eragon'), ('GNOME_DESKTOP_SESSION_ID', 'this-is-deprecated'), ('ROS_LOCALHOST_ONLY', '0'), ('PATH', '/opt/ros/humble/bin:/home/eragon/.local/bin:/usr/local/sbin:/usr/local/bin:/usr/sbin:/usr/bin:/sbin:/bin:/usr/games:/usr/local/games:/snap/bin:/snap/bin'), ('INVOCATION_ID', '68df7faf19e64317b848cbed1cabd08b'), ('PAPERSIZE', 'a4'), ('SESSION_MANAGER', 'local/eragon-KPL-W0X:@/tmp/.ICE-unix/1015,unix/eragon-KPL-W0X:/tmp/.ICE-unix/1015'), ('GNOME_SETUP_DISPLAY', ':1'), ('LC_ADDRESS', 'ru_RU.UTF-8'), ('XDG_MENU_PREFIX', 'gnome-'), ('XDG_RUNTIME_DIR', '/run/user/1000'), ('DISPLAY', ':0'), ('LANG', 'ru_RU.UTF-8'), ('LC_TELEPHONE', 'ru_RU.UTF-8'), ('XDG_CURRENT_DESKTOP', 'ubuntu:GNOME'), ('XAUTHORITY', '/run/user/1000/.mutter-Xwaylandauth.JLCEW2'), ('XDG_SESSION_DESKTOP', 'ubuntu'), ('XMODIFIERS', '@im'), ('AMENT_PREFIX_PATH', '/home/eragon/student133_ws/install/test_visualization:/home/eragon/student133_ws/install/test_subscriber:/home/eragon/student133_ws/install/test_service:/home/eragon/student133_ws/install/test_serial_communication:/home/eragon/student133_ws/install/test_publisher:/home/eragon/student133_ws/install/test_pkg:/home/eragon/student133_ws/install/test_parameters:/home/eragon/student133_ws/install/test_custom_srv:/home/eragon/student133_ws/install/test_custom_publisher:/home/eragon/student133_ws/install/test_custom_msg:/home/eragon/student133_ws/install/test_client:/home/eragon/student133_ws/install/test_castom_publisher:/home/eragon/student133_ws/install/custom_counter:/opt/ros/humble'), ('SSH_AGENT_LAUNCHER', 'gnome-keyring'), ('SSH_AUTH_SOCK', '/run/user/1000/keyring/ssh'), ('LC_NAME', 'ru_RU.UTF-8'), ('SHELL', '/bin/bash'), ('GDMSESSION', 'ubuntu'), ('QT_ACCESSIBILITY', '1'), ('LC_MEASUREMENT', 'ru_RU.UTF-8'), ('GJS_DEBUG_OUTPUT', 'stderr'), ('LC_IDENTIFICATION', 'ru_RU.UTF-8'), ('QT_IM_MODULE', 'ibus'), ('LC_ALL', 'en_US.UTF-8'), ('PWD', '/home/eragon/student133_ws/build/test_pkg'), ('QT_QPA_PLATFORM', 'xcb'), ('XDG_CONFIG_DIRS', '/etc/xdg/xdg-ubuntu:/etc/xdg'), ('XDG_DATA_DIRS', '/usr/share/ubuntu:/usr/local/share/:/usr/share/:/var/lib/snapd/desktop'), ('LC_NUMERIC', 'ru_RU.UTF-8'), ('PYTHONPATH', '/home/eragon/student133_ws/install/test_custom_srv/local/lib/python3.10/dist-packages:/home/eragon/student133_ws/install/test_custom_msg/local/lib/python3.10/dist-packages:/opt/ros/humble/lib/python3.10/site-packages:/opt/ros/humble/local/lib/python3.10/dist-packages'), ('LC_PAPER', 'ru_RU.UTF-8'), ('COLCON', '1'), ('CMAKE_PREFIX_PATH', '/home/eragon/student133_ws/install/test_visualization:/home/eragon/student133_ws/install/test_subscriber:/home/eragon/student133_ws/install/test_service:/home/eragon/student133_ws/install/test_serial_communication:/home/eragon/student133_ws/install/test_publisher:/home/eragon/student133_ws/install/test_pkg:/home/eragon/student133_ws/install/test_parameters:/home/eragon/student133_ws/install/test_custom_srv:/home/eragon/student133_ws/install/test_custom_publisher:/home/eragon/student133_ws/install/test_custom_msg:/home/eragon/student133_ws/install/test_client:/home/eragon/student133_ws/install/test_castom_publisher:/home/eragon/student133_ws/install/custom_counter:/opt/ros/humble')]), 'shell': False}
[0.414293] (test_client) StdoutLine: {'line': b'-- Install configuration: "Debug"\n'}
[0.414533] (test_client) StdoutLine: {'line': b'-- Up-to-date: /home/eragon/student133_ws/install/test_client/lib/test_client/test_client_node\n'}
[0.414655] (test_client) StdoutLine: {'line': b'-- Up-to-date: /home/eragon/student133_ws/install/test_client/lib/test_client/client_triangle\n'}
[0.414757] (test_client) StdoutLine: {'line': b'-- Up-to-date: /home/eragon/student133_ws/install/test_client/lib/test_client/client_triangle\n'}
[0.414870] (test_client) StdoutLine: {'line': b'-- Up-to-date: /home/eragon/student133_ws/install/test_client/share/ament_index/resource_index/package_run_dependencies/test_client\n'}
[0.414973] (test_client) StdoutLine: {'line': b'-- Up-to-date: /home/eragon/student133_ws/install/test_client/share/ament_index/resource_index/parent_prefix_path/test_client\n'}
[0.415081] (test_client) StdoutLine: {'line': b'-- Up-to-date: /home/eragon/student133_ws/install/test_client/share/test_client/environment/ament_prefix_path.sh\n'}
[0.415225] (test_client) StdoutLine: {'line': b'-- Up-to-date: /home/eragon/student133_ws/install/test_client/share/test_client/environment/ament_prefix_path.dsv\n'}
[0.415363] (test_client) StdoutLine: {'line': b'-- Up-to-date: /home/eragon/student133_ws/install/test_client/share/test_client/environment/path.sh\n'}
[0.415471] (test_client) StdoutLine: {'line': b'-- Up-to-date: /home/eragon/student133_ws/install/test_client/share/test_client/environment/path.dsv\n'}
[0.415584] (test_client) StdoutLine: {'line': b'-- Up-to-date: /home/eragon/student133_ws/install/test_client/share/test_client/local_setup.bash\n'}
[0.415700] (test_client) StdoutLine: {'line': b'-- Up-to-date: /home/eragon/student133_ws/install/test_client/share/test_client/local_setup.sh\n'}
[0.415923] (test_client) StdoutLine: {'line': b'-- Up-to-date: /home/eragon/student133_ws/install/test_client/share/test_client/local_setup.zsh\n'}
[0.416053] (test_client) StdoutLine: {'line': b'-- Up-to-date: /home/eragon/student133_ws/install/test_client/share/test_client/local_setup.dsv\n'}
[0.416195] (test_client) StdoutLine: {'line': b'-- Installing: /home/eragon/student133_ws/install/test_client/share/test_client/package.dsv\n'}
[0.416334] (test_client) StdoutLine: {'line': b'-- Up-to-date: /home/eragon/student133_ws/install/test_client/share/ament_index/resource_index/packages/test_client\n'}
[0.416449] (test_client) StdoutLine: {'line': b'-- Up-to-date: /home/eragon/student133_ws/install/test_client/share/test_client/cmake/test_clientConfig.cmake\n'}
[0.416561] (test_client) StdoutLine: {'line': b'-- Up-to-date: /home/eragon/student133_ws/install/test_client/share/test_client/cmake/test_clientConfig-version.cmake\n'}
[0.416675] (test_client) StdoutLine: {'line': b'-- Up-to-date: /home/eragon/student133_ws/install/test_client/share/test_client/package.xml\n'}
[0.416786] (test_parameters) StdoutLine: {'line': b'-- Install configuration: "Debug"\n'}
[0.416924] (test_parameters) StdoutLine: {'line': b'-- Up-to-date: /home/eragon/student133_ws/install/test_parameters/share/test_parameters/launch\n'}
[0.417032] (test_parameters) StdoutLine: {'line': b'-- Up-to-date: /home/eragon/student133_ws/install/test_parameters/share/test_parameters/launch/test_parameters_launch.py\n'}
[0.417178] (test_parameters) StdoutLine: {'line': b'-- Up-to-date: /home/eragon/student133_ws/install/test_parameters/lib/test_parameters/test_parameters_node\n'}
[0.417297] (test_parameters) StdoutLine: {'line': b'-- Up-to-date: /home/eragon/student133_ws/install/test_parameters/share/ament_index/resource_index/package_run_dependencies/test_parameters\n'}
[0.417406] (test_parameters) StdoutLine: {'line': b'-- Up-to-date: /home/eragon/student133_ws/install/test_parameters/share/ament_index/resource_index/parent_prefix_path/test_parameters\n'}
[0.417509] (test_parameters) StdoutLine: {'line': b'-- Up-to-date: /home/eragon/student133_ws/install/test_parameters/share/test_parameters/environment/ament_prefix_path.sh\n'}
[0.417612] (test_parameters) StdoutLine: {'line': b'-- Up-to-date: /home/eragon/student133_ws/install/test_parameters/share/test_parameters/environment/ament_prefix_path.dsv\n'}
[0.417727] (test_parameters) StdoutLine: {'line': b'-- Up-to-date: /home/eragon/student133_ws/install/test_parameters/share/test_parameters/environment/path.sh\n'}
[0.417837] (test_parameters) StdoutLine: {'line': b'-- Up-to-date: /home/eragon/student133_ws/install/test_parameters/share/test_parameters/environment/path.dsv\n'}
[0.417946] (test_parameters) StdoutLine: {'line': b'-- Up-to-date: /home/eragon/student133_ws/install/test_parameters/share/test_parameters/local_setup.bash\n'}
[0.418061] (test_parameters) StdoutLine: {'line': b'-- Up-to-date: /home/eragon/student133_ws/install/test_parameters/share/test_parameters/local_setup.sh\n'}
[0.419784] (test_parameters) StdoutLine: {'line': b'-- Up-to-date: /home/eragon/student133_ws/install/test_parameters/share/test_parameters/local_setup.zsh\n'}
[0.420327] (test_parameters) StdoutLine: {'line': b'-- Up-to-date: /home/eragon/student133_ws/install/test_parameters/share/test_parameters/local_setup.dsv\n'}
[0.420462] (custom_counter) CommandEnded: {'returncode': 0}
[0.445450] (test_parameters) StdoutLine: {'line': b'-- Installing: /home/eragon/student133_ws/install/test_parameters/share/test_parameters/package.dsv\n'}
[0.445673] (test_parameters) StdoutLine: {'line': b'-- Up-to-date: /home/eragon/student133_ws/install/test_parameters/share/ament_index/resource_index/packages/test_parameters\n'}
[0.445791] (test_parameters) StdoutLine: {'line': b'-- Up-to-date: /home/eragon/student133_ws/install/test_parameters/share/test_parameters/cmake/test_parametersConfig.cmake\n'}
[0.445898] (test_parameters) StdoutLine: {'line': b'-- Up-to-date: /home/eragon/student133_ws/install/test_parameters/share/test_parameters/cmake/test_parametersConfig-version.cmake\n'}
[0.446002] (test_parameters) StdoutLine: {'line': b'-- Up-to-date: /home/eragon/student133_ws/install/test_parameters/share/test_parameters/package.xml\n'}
[0.446106] (test_custom_publisher) StdoutLine: {'line': b'-- Install configuration: "Debug"\n'}
[0.446249] (test_custom_publisher) StdoutLine: {'line': b'-- Up-to-date: /home/eragon/student133_ws/install/test_custom_publisher/lib/test_custom_publisher/test_custom_publisher_node\n'}
[0.446360] (test_custom_publisher) StdoutLine: {'line': b'-- Up-to-date: /home/eragon/student133_ws/install/test_custom_publisher/lib/test_custom_publisher/Triangle_node\n'}
[0.446463] (test_custom_publisher) StdoutLine: {'line': b'-- Up-to-date: /home/eragon/student133_ws/install/test_custom_publisher/share/ament_index/resource_index/package_run_dependencies/test_custom_publisher\n'}
[0.446566] (test_custom_publisher) StdoutLine: {'line': b'-- Up-to-date: /home/eragon/student133_ws/install/test_custom_publisher/share/ament_index/resource_index/parent_prefix_path/test_custom_publisher\n'}
[0.446667] (test_custom_publisher) StdoutLine: {'line': b'-- Up-to-date: /home/eragon/student133_ws/install/test_custom_publisher/share/test_custom_publisher/environment/ament_prefix_path.sh\n'}
[0.446773] (test_custom_publisher) StdoutLine: {'line': b'-- Up-to-date: /home/eragon/student133_ws/install/test_custom_publisher/share/test_custom_publisher/environment/ament_prefix_path.dsv\n'}
[0.447032] (test_custom_publisher) StdoutLine: {'line': b'-- Up-to-date: /home/eragon/student133_ws/install/test_custom_publisher/share/test_custom_publisher/environment/path.sh\n'}
[0.447151] (test_custom_publisher) StdoutLine: {'line': b'-- Up-to-date: /home/eragon/student133_ws/install/test_custom_publisher/share/test_custom_publisher/environment/path.dsv\n'}
[0.447329] (test_custom_publisher) StdoutLine: {'line': b'-- Up-to-date: /home/eragon/student133_ws/install/test_custom_publisher/share/test_custom_publisher/local_setup.bash\n'}
[0.447444] (test_custom_publisher) StdoutLine: {'line': b'-- Up-to-date: /home/eragon/student133_ws/install/test_custom_publisher/share/test_custom_publisher/local_setup.sh\n'}
[0.447549] (test_custom_publisher) StdoutLine: {'line': b'-- Up-to-date: /home/eragon/student133_ws/install/test_custom_publisher/share/test_custom_publisher/local_setup.zsh\n'}
[0.447658] (test_custom_publisher) StdoutLine: {'line': b'-- Up-to-date: /home/eragon/student133_ws/install/test_custom_publisher/share/test_custom_publisher/local_setup.dsv\n'}
[0.447766] (test_custom_publisher) StdoutLine: {'line': b'-- Installing: /home/eragon/student133_ws/install/test_custom_publisher/share/test_custom_publisher/package.dsv\n'}
[0.447873] (test_custom_publisher) StdoutLine: {'line': b'-- Up-to-date: /home/eragon/student133_ws/install/test_custom_publisher/share/ament_index/resource_index/packages/test_custom_publisher\n'}
[0.447983] (test_custom_publisher) StdoutLine: {'line': b'-- Up-to-date: /home/eragon/student133_ws/install/test_custom_publisher/share/test_custom_publisher/cmake/test_custom_publisherConfig.cmake\n'}
[0.448089] (test_custom_publisher) StdoutLine: {'line': b'-- Up-to-date: /home/eragon/student133_ws/install/test_custom_publisher/share/test_custom_publisher/cmake/test_custom_publisherConfig-version.cmake\n'}
[0.448229] (test_custom_publisher) StdoutLine: {'line': b'-- Up-to-date: /home/eragon/student133_ws/install/test_custom_publisher/share/test_custom_publisher/package.xml\n'}
[0.448353] (test_custom_msg) StdoutLine: {'line': b'[ 76%] Built target test_custom_msg__py\n'}
[0.448495] (test_custom_srv) StdoutLine: {'line': b'[ 76%] Built target test_custom_srv__py\n'}
[0.449590] (test_pkg) StdoutLine: {'line': b'-- Install configuration: "Debug"\n'}
[0.449887] (test_pkg) StdoutLine: {'line': b'-- Up-to-date: /home/eragon/student133_ws/install/test_pkg/lib/test_pkg/test_pkg_node\n'}
[0.450030] (test_pkg) StdoutLine: {'line': b'-- Up-to-date: /home/eragon/student133_ws/install/test_pkg/share/ament_index/resource_index/package_run_dependencies/test_pkg\n'}
[0.450175] (test_pkg) StdoutLine: {'line': b'-- Up-to-date: /home/eragon/student133_ws/install/test_pkg/share/ament_index/resource_index/parent_prefix_path/test_pkg\n'}
[0.451209] (test_pkg) StdoutLine: {'line': b'-- Up-to-date: /home/eragon/student133_ws/install/test_pkg/share/test_pkg/environment/ament_prefix_path.sh\n'}
[0.452211] (test_pkg) StdoutLine: {'line': b'-- Up-to-date: /home/eragon/student133_ws/install/test_pkg/share/test_pkg/environment/ament_prefix_path.dsv\n'}
[0.452810] (test_pkg) StdoutLine: {'line': b'-- Up-to-date: /home/eragon/student133_ws/install/test_pkg/share/test_pkg/environment/path.sh\n'}
[0.452956] (test_pkg) StdoutLine: {'line': b'-- Up-to-date: /home/eragon/student133_ws/install/test_pkg/share/test_pkg/environment/path.dsv\n'}
[0.453073] (test_pkg) StdoutLine: {'line': b'-- Up-to-date: /home/eragon/student133_ws/install/test_pkg/share/test_pkg/local_setup.bash\n'}
[0.453708] (test_pkg) StdoutLine: {'line': b'-- Up-to-date: /home/eragon/student133_ws/install/test_pkg/share/test_pkg/local_setup.sh\n'}
[0.453945] (test_pkg) StdoutLine: {'line': b'-- Up-to-date: /home/eragon/student133_ws/install/test_pkg/share/test_pkg/local_setup.zsh\n'}
[0.454216] (test_pkg) StdoutLine: {'line': b'-- Up-to-date: /home/eragon/student133_ws/install/test_pkg/share/test_pkg/local_setup.dsv\n'}
[0.454421] (test_pkg) StdoutLine: {'line': b'-- Installing: /home/eragon/student133_ws/install/test_pkg/share/test_pkg/package.dsv\n'}
[0.454551] (test_pkg) StdoutLine: {'line': b'-- Up-to-date: /home/eragon/student133_ws/install/test_pkg/share/ament_index/resource_index/packages/test_pkg\n'}
[0.454668] (test_pkg) StdoutLine: {'line': b'-- Up-to-date: /home/eragon/student133_ws/install/test_pkg/share/test_pkg/cmake/test_pkgConfig.cmake\n'}
[0.454779] (test_pkg) StdoutLine: {'line': b'-- Up-to-date: /home/eragon/student133_ws/install/test_pkg/share/test_pkg/cmake/test_pkgConfig-version.cmake\n'}
[0.454900] (test_pkg) StdoutLine: {'line': b'-- Up-to-date: /home/eragon/student133_ws/install/test_pkg/share/test_pkg/package.xml\n'}
[0.455015] (test_client) CommandEnded: {'returncode': 0}
[0.465262] (test_parameters) CommandEnded: {'returncode': 0}
[0.489365] (test_custom_publisher) CommandEnded: {'returncode': 0}
[0.509856] (-) TimerEvent: {}
[0.518301] (test_pkg) CommandEnded: {'returncode': 0}
[0.546650] (test_custom_msg) StdoutLine: {'line': b'[ 84%] Built target test_custom_msg__rosidl_generator_py\n'}
[0.546905] (test_custom_msg) StdoutLine: {'line': b'[ 89%] Built target test_custom_msg__rosidl_typesupport_introspection_c__pyext\n'}
[0.547037] (test_custom_srv) StdoutLine: {'line': b'[ 84%] Built target test_custom_srv__rosidl_generator_py\n'}
[0.547202] (test_custom_srv) StdoutLine: {'line': b'[ 89%] Built target test_custom_srv__rosidl_typesupport_c__pyext\n'}
[0.562581] (custom_counter) JobEnded: {'identifier': 'custom_counter', 'rc': 0}
[0.565381] (test_publisher) JobStarted: {'identifier': 'test_publisher'}
[0.574230] (test_custom_msg) StdoutLine: {'line': b'[ 94%] Built target test_custom_msg__rosidl_typesupport_fastrtps_c__pyext\n'}
[0.576462] (test_custom_msg) StdoutLine: {'line': b'[100%] Built target test_custom_msg__rosidl_typesupport_c__pyext\n'}
[0.577075] (test_custom_srv) StdoutLine: {'line': b'[ 94%] Built target test_custom_srv__rosidl_typesupport_introspection_c__pyext\n'}
[0.577261] (test_custom_srv) StdoutLine: {'line': b'[100%] Built target test_custom_srv__rosidl_typesupport_fastrtps_c__pyext\n'}
[0.588905] (test_client) JobEnded: {'identifier': 'test_client', 'rc': 0}
[0.591807] (test_service) JobStarted: {'identifier': 'test_service'}
[0.607677] (test_parameters) JobEnded: {'identifier': 'test_parameters', 'rc': 0}
[0.609563] (test_subscriber) JobStarted: {'identifier': 'test_subscriber'}
[0.609927] (-) TimerEvent: {}
[0.616777] (test_publisher) JobProgress: {'identifier': 'test_publisher', 'progress': 'cmake'}
[0.617772] (test_publisher) JobProgress: {'identifier': 'test_publisher', 'progress': 'build'}
[0.617848] (test_publisher) Command: {'cmd': ['/usr/bin/cmake', '--build', '/home/eragon/student133_ws/build/test_publisher', '--', '-j8', '-l8'], 'cwd': '/home/eragon/student133_ws/build/test_publisher', 'env': OrderedDict([('GJS_DEBUG_TOPICS', 'JS ERROR;JS LOG'), ('LANGUAGE', 'ru'), ('LC_TIME', 'ru_RU.UTF-8'), ('USER', 'eragon'), ('XDG_SESSION_TYPE', 'wayland'), ('LD_LIBRARY_PATH', '/home/eragon/student133_ws/install/test_custom_srv/lib:/home/eragon/student133_ws/install/test_custom_msg/lib:/opt/ros/humble/opt/rviz_ogre_vendor/lib:/opt/ros/humble/lib/x86_64-linux-gnu:/opt/ros/humble/lib'), ('SHLVL', '1'), ('HOME', '/home/eragon'), ('DESKTOP_SESSION', 'ubuntu'), ('QTDIR', '/usr/lib/x86_64-linux-gnu/qt5'), ('GIO_LAUNCHED_DESKTOP_FILE', '/home/eragon/.local/share/applications/org.qt-project.qtcreator.desktop'), ('GNOME_SHELL_SESSION_MODE', 'ubuntu'), ('GTK_MODULES', 'gail:atk-bridge'), ('ROS_PYTHON_VERSION', '3'), ('LC_MONETARY', 'ru_RU.UTF-8'), ('MANAGERPID', '869'), ('DBUS_SESSION_BUS_ADDRESS', 'unix:path'), ('SYSTEMD_EXEC_PID', '1041'), ('GIO_LAUNCHED_DESKTOP_FILE_PID', '2694'), ('COLCON_PREFIX_PATH', '/home/eragon/student133_ws/install'), ('IM_CONFIG_PHASE', '1'), ('ROS_DISTRO', 'humble'), ('WAYLAND_DISPLAY', 'wayland-0'), ('LOGNAME', 'eragon'), ('JOURNAL_STREAM', '8:8864'), ('_', '/usr/bin/env'), ('ROS_VERSION', '2'), ('XDG_SESSION_CLASS', 'user'), ('QSG_RHI_BACKEND', 'opengl'), ('USERNAME', 'eragon'), ('GNOME_DESKTOP_SESSION_ID', 'this-is-deprecated'), ('ROS_LOCALHOST_ONLY', '0'), ('PATH', '/opt/ros/humble/bin:/home/eragon/.local/bin:/usr/local/sbin:/usr/local/bin:/usr/sbin:/usr/bin:/sbin:/bin:/usr/games:/usr/local/games:/snap/bin:/snap/bin'), ('INVOCATION_ID', '68df7faf19e64317b848cbed1cabd08b'), ('PAPERSIZE', 'a4'), ('SESSION_MANAGER', 'local/eragon-KPL-W0X:@/tmp/.ICE-unix/1015,unix/eragon-KPL-W0X:/tmp/.ICE-unix/1015'), ('GNOME_SETUP_DISPLAY', ':1'), ('LC_ADDRESS', 'ru_RU.UTF-8'), ('XDG_MENU_PREFIX', 'gnome-'), ('XDG_RUNTIME_DIR', '/run/user/1000'), ('DISPLAY', ':0'), ('LANG', 'ru_RU.UTF-8'), ('LC_TELEPHONE', 'ru_RU.UTF-8'), ('XDG_CURRENT_DESKTOP', 'ubuntu:GNOME'), ('XAUTHORITY', '/run/user/1000/.mutter-Xwaylandauth.JLCEW2'), ('XDG_SESSION_DESKTOP', 'ubuntu'), ('XMODIFIERS', '@im'), ('AMENT_PREFIX_PATH', '/home/eragon/student133_ws/install/test_visualization:/home/eragon/student133_ws/install/test_subscriber:/home/eragon/student133_ws/install/test_service:/home/eragon/student133_ws/install/test_serial_communication:/home/eragon/student133_ws/install/test_publisher:/home/eragon/student133_ws/install/test_pkg:/home/eragon/student133_ws/install/test_parameters:/home/eragon/student133_ws/install/test_custom_srv:/home/eragon/student133_ws/install/test_custom_publisher:/home/eragon/student133_ws/install/test_custom_msg:/home/eragon/student133_ws/install/test_client:/home/eragon/student133_ws/install/test_castom_publisher:/home/eragon/student133_ws/install/custom_counter:/opt/ros/humble'), ('SSH_AGENT_LAUNCHER', 'gnome-keyring'), ('SSH_AUTH_SOCK', '/run/user/1000/keyring/ssh'), ('LC_NAME', 'ru_RU.UTF-8'), ('SHELL', '/bin/bash'), ('GDMSESSION', 'ubuntu'), ('QT_ACCESSIBILITY', '1'), ('LC_MEASUREMENT', 'ru_RU.UTF-8'), ('GJS_DEBUG_OUTPUT', 'stderr'), ('LC_IDENTIFICATION', 'ru_RU.UTF-8'), ('QT_IM_MODULE', 'ibus'), ('LC_ALL', 'en_US.UTF-8'), ('PWD', '/home/eragon/student133_ws/build/test_publisher'), ('QT_QPA_PLATFORM', 'xcb'), ('XDG_CONFIG_DIRS', '/etc/xdg/xdg-ubuntu:/etc/xdg'), ('XDG_DATA_DIRS', '/usr/share/ubuntu:/usr/local/share/:/usr/share/:/var/lib/snapd/desktop'), ('LC_NUMERIC', 'ru_RU.UTF-8'), ('PYTHONPATH', '/home/eragon/student133_ws/install/test_custom_srv/local/lib/python3.10/dist-packages:/home/eragon/student133_ws/install/test_custom_msg/local/lib/python3.10/dist-packages:/opt/ros/humble/lib/python3.10/site-packages:/opt/ros/humble/local/lib/python3.10/dist-packages'), ('LC_PAPER', 'ru_RU.UTF-8'), ('COLCON', '1'), ('CMAKE_PREFIX_PATH', '/home/eragon/student133_ws/install/test_visualization:/home/eragon/student133_ws/install/test_subscriber:/home/eragon/student133_ws/install/test_service:/home/eragon/student133_ws/install/test_serial_communication:/home/eragon/student133_ws/install/test_publisher:/home/eragon/student133_ws/install/test_pkg:/home/eragon/student133_ws/install/test_parameters:/home/eragon/student133_ws/install/test_custom_srv:/home/eragon/student133_ws/install/test_custom_publisher:/home/eragon/student133_ws/install/test_custom_msg:/home/eragon/student133_ws/install/test_client:/home/eragon/student133_ws/install/test_castom_publisher:/home/eragon/student133_ws/install/custom_counter:/opt/ros/humble')]), 'shell': False}
[0.634383] (test_custom_publisher) JobEnded: {'identifier': 'test_custom_publisher', 'rc': 0}
[0.646489] (test_pkg) JobEnded: {'identifier': 'test_pkg', 'rc': 0}
[0.649865] (test_tf_broadcaster) JobStarted: {'identifier': 'test_tf_broadcaster'}
[0.656570] (test_visualization) JobStarted: {'identifier': 'test_visualization'}
[0.666439] (test_service) JobProgress: {'identifier': 'test_service', 'progress': 'cmake'}
[0.667859] (test_service) JobProgress: {'identifier': 'test_service', 'progress': 'build'}
[0.667949] (test_service) Command: {'cmd': ['/usr/bin/cmake', '--build', '/home/eragon/student133_ws/build/test_service', '--', '-j8', '-l8'], 'cwd': '/home/eragon/student133_ws/build/test_service', 'env': OrderedDict([('GJS_DEBUG_TOPICS', 'JS ERROR;JS LOG'), ('LANGUAGE', 'ru'), ('LC_TIME', 'ru_RU.UTF-8'), ('USER', 'eragon'), ('XDG_SESSION_TYPE', 'wayland'), ('LD_LIBRARY_PATH', '/home/eragon/student133_ws/install/test_custom_srv/lib:/home/eragon/student133_ws/install/test_custom_msg/lib:/opt/ros/humble/opt/rviz_ogre_vendor/lib:/opt/ros/humble/lib/x86_64-linux-gnu:/opt/ros/humble/lib'), ('SHLVL', '1'), ('HOME', '/home/eragon'), ('DESKTOP_SESSION', 'ubuntu'), ('QTDIR', '/usr/lib/x86_64-linux-gnu/qt5'), ('GIO_LAUNCHED_DESKTOP_FILE', '/home/eragon/.local/share/applications/org.qt-project.qtcreator.desktop'), ('GNOME_SHELL_SESSION_MODE', 'ubuntu'), ('GTK_MODULES', 'gail:atk-bridge'), ('ROS_PYTHON_VERSION', '3'), ('LC_MONETARY', 'ru_RU.UTF-8'), ('MANAGERPID', '869'), ('DBUS_SESSION_BUS_ADDRESS', 'unix:path'), ('SYSTEMD_EXEC_PID', '1041'), ('GIO_LAUNCHED_DESKTOP_FILE_PID', '2694'), ('COLCON_PREFIX_PATH', '/home/eragon/student133_ws/install'), ('IM_CONFIG_PHASE', '1'), ('ROS_DISTRO', 'humble'), ('WAYLAND_DISPLAY', 'wayland-0'), ('LOGNAME', 'eragon'), ('JOURNAL_STREAM', '8:8864'), ('_', '/usr/bin/env'), ('ROS_VERSION', '2'), ('XDG_SESSION_CLASS', 'user'), ('QSG_RHI_BACKEND', 'opengl'), ('USERNAME', 'eragon'), ('GNOME_DESKTOP_SESSION_ID', 'this-is-deprecated'), ('ROS_LOCALHOST_ONLY', '0'), ('PATH', '/opt/ros/humble/bin:/home/eragon/.local/bin:/usr/local/sbin:/usr/local/bin:/usr/sbin:/usr/bin:/sbin:/bin:/usr/games:/usr/local/games:/snap/bin:/snap/bin'), ('INVOCATION_ID', '68df7faf19e64317b848cbed1cabd08b'), ('PAPERSIZE', 'a4'), ('SESSION_MANAGER', 'local/eragon-KPL-W0X:@/tmp/.ICE-unix/1015,unix/eragon-KPL-W0X:/tmp/.ICE-unix/1015'), ('GNOME_SETUP_DISPLAY', ':1'), ('LC_ADDRESS', 'ru_RU.UTF-8'), ('XDG_MENU_PREFIX', 'gnome-'), ('XDG_RUNTIME_DIR', '/run/user/1000'), ('DISPLAY', ':0'), ('LANG', 'ru_RU.UTF-8'), ('LC_TELEPHONE', 'ru_RU.UTF-8'), ('XDG_CURRENT_DESKTOP', 'ubuntu:GNOME'), ('XAUTHORITY', '/run/user/1000/.mutter-Xwaylandauth.JLCEW2'), ('XDG_SESSION_DESKTOP', 'ubuntu'), ('XMODIFIERS', '@im'), ('AMENT_PREFIX_PATH', '/home/eragon/student133_ws/install/test_visualization:/home/eragon/student133_ws/install/test_subscriber:/home/eragon/student133_ws/install/test_service:/home/eragon/student133_ws/install/test_serial_communication:/home/eragon/student133_ws/install/test_publisher:/home/eragon/student133_ws/install/test_pkg:/home/eragon/student133_ws/install/test_parameters:/home/eragon/student133_ws/install/test_custom_srv:/home/eragon/student133_ws/install/test_custom_publisher:/home/eragon/student133_ws/install/test_custom_msg:/home/eragon/student133_ws/install/test_client:/home/eragon/student133_ws/install/test_castom_publisher:/home/eragon/student133_ws/install/custom_counter:/opt/ros/humble'), ('SSH_AGENT_LAUNCHER', 'gnome-keyring'), ('SSH_AUTH_SOCK', '/run/user/1000/keyring/ssh'), ('LC_NAME', 'ru_RU.UTF-8'), ('SHELL', '/bin/bash'), ('GDMSESSION', 'ubuntu'), ('QT_ACCESSIBILITY', '1'), ('LC_MEASUREMENT', 'ru_RU.UTF-8'), ('GJS_DEBUG_OUTPUT', 'stderr'), ('LC_IDENTIFICATION', 'ru_RU.UTF-8'), ('QT_IM_MODULE', 'ibus'), ('LC_ALL', 'en_US.UTF-8'), ('PWD', '/home/eragon/student133_ws/build/test_service'), ('QT_QPA_PLATFORM', 'xcb'), ('XDG_CONFIG_DIRS', '/etc/xdg/xdg-ubuntu:/etc/xdg'), ('XDG_DATA_DIRS', '/usr/share/ubuntu:/usr/local/share/:/usr/share/:/var/lib/snapd/desktop'), ('LC_NUMERIC', 'ru_RU.UTF-8'), ('PYTHONPATH', '/home/eragon/student133_ws/install/test_custom_srv/local/lib/python3.10/dist-packages:/home/eragon/student133_ws/install/test_custom_msg/local/lib/python3.10/dist-packages:/opt/ros/humble/lib/python3.10/site-packages:/opt/ros/humble/local/lib/python3.10/dist-packages'), ('LC_PAPER', 'ru_RU.UTF-8'), ('COLCON', '1'), ('CMAKE_PREFIX_PATH', '/home/eragon/student133_ws/install/test_visualization:/home/eragon/student133_ws/install/test_subscriber:/home/eragon/student133_ws/install/test_service:/home/eragon/student133_ws/install/test_serial_communication:/home/eragon/student133_ws/install/test_publisher:/home/eragon/student133_ws/install/test_pkg:/home/eragon/student133_ws/install/test_parameters:/home/eragon/student133_ws/install/test_custom_srv:/home/eragon/student133_ws/install/test_custom_publisher:/home/eragon/student133_ws/install/test_custom_msg:/home/eragon/student133_ws/install/test_client:/home/eragon/student133_ws/install/test_castom_publisher:/home/eragon/student133_ws/install/custom_counter:/opt/ros/humble')]), 'shell': False}
[0.672201] (test_subscriber) JobProgress: {'identifier': 'test_subscriber', 'progress': 'cmake'}
[0.673549] (test_subscriber) JobProgress: {'identifier': 'test_subscriber', 'progress': 'build'}
[0.673694] (test_subscriber) Command: {'cmd': ['/usr/bin/cmake', '--build', '/home/eragon/student133_ws/build/test_subscriber', '--', '-j8', '-l8'], 'cwd': '/home/eragon/student133_ws/build/test_subscriber', 'env': OrderedDict([('GJS_DEBUG_TOPICS', 'JS ERROR;JS LOG'), ('LANGUAGE', 'ru'), ('LC_TIME', 'ru_RU.UTF-8'), ('USER', 'eragon'), ('XDG_SESSION_TYPE', 'wayland'), ('LD_LIBRARY_PATH', '/home/eragon/student133_ws/install/test_custom_srv/lib:/home/eragon/student133_ws/install/test_custom_msg/lib:/opt/ros/humble/opt/rviz_ogre_vendor/lib:/opt/ros/humble/lib/x86_64-linux-gnu:/opt/ros/humble/lib'), ('SHLVL', '1'), ('HOME', '/home/eragon'), ('DESKTOP_SESSION', 'ubuntu'), ('QTDIR', '/usr/lib/x86_64-linux-gnu/qt5'), ('GIO_LAUNCHED_DESKTOP_FILE', '/home/eragon/.local/share/applications/org.qt-project.qtcreator.desktop'), ('GNOME_SHELL_SESSION_MODE', 'ubuntu'), ('GTK_MODULES', 'gail:atk-bridge'), ('ROS_PYTHON_VERSION', '3'), ('LC_MONETARY', 'ru_RU.UTF-8'), ('MANAGERPID', '869'), ('DBUS_SESSION_BUS_ADDRESS', 'unix:path'), ('SYSTEMD_EXEC_PID', '1041'), ('GIO_LAUNCHED_DESKTOP_FILE_PID', '2694'), ('COLCON_PREFIX_PATH', '/home/eragon/student133_ws/install'), ('IM_CONFIG_PHASE', '1'), ('ROS_DISTRO', 'humble'), ('WAYLAND_DISPLAY', 'wayland-0'), ('LOGNAME', 'eragon'), ('JOURNAL_STREAM', '8:8864'), ('_', '/usr/bin/env'), ('ROS_VERSION', '2'), ('XDG_SESSION_CLASS', 'user'), ('QSG_RHI_BACKEND', 'opengl'), ('USERNAME', 'eragon'), ('GNOME_DESKTOP_SESSION_ID', 'this-is-deprecated'), ('ROS_LOCALHOST_ONLY', '0'), ('PATH', '/opt/ros/humble/bin:/home/eragon/.local/bin:/usr/local/sbin:/usr/local/bin:/usr/sbin:/usr/bin:/sbin:/bin:/usr/games:/usr/local/games:/snap/bin:/snap/bin'), ('INVOCATION_ID', '68df7faf19e64317b848cbed1cabd08b'), ('PAPERSIZE', 'a4'), ('SESSION_MANAGER', 'local/eragon-KPL-W0X:@/tmp/.ICE-unix/1015,unix/eragon-KPL-W0X:/tmp/.ICE-unix/1015'), ('GNOME_SETUP_DISPLAY', ':1'), ('LC_ADDRESS', 'ru_RU.UTF-8'), ('XDG_MENU_PREFIX', 'gnome-'), ('XDG_RUNTIME_DIR', '/run/user/1000'), ('DISPLAY', ':0'), ('LANG', 'ru_RU.UTF-8'), ('LC_TELEPHONE', 'ru_RU.UTF-8'), ('XDG_CURRENT_DESKTOP', 'ubuntu:GNOME'), ('XAUTHORITY', '/run/user/1000/.mutter-Xwaylandauth.JLCEW2'), ('XDG_SESSION_DESKTOP', 'ubuntu'), ('XMODIFIERS', '@im'), ('AMENT_PREFIX_PATH', '/home/eragon/student133_ws/install/test_visualization:/home/eragon/student133_ws/install/test_subscriber:/home/eragon/student133_ws/install/test_service:/home/eragon/student133_ws/install/test_serial_communication:/home/eragon/student133_ws/install/test_publisher:/home/eragon/student133_ws/install/test_pkg:/home/eragon/student133_ws/install/test_parameters:/home/eragon/student133_ws/install/test_custom_srv:/home/eragon/student133_ws/install/test_custom_publisher:/home/eragon/student133_ws/install/test_custom_msg:/home/eragon/student133_ws/install/test_client:/home/eragon/student133_ws/install/test_castom_publisher:/home/eragon/student133_ws/install/custom_counter:/opt/ros/humble'), ('SSH_AGENT_LAUNCHER', 'gnome-keyring'), ('SSH_AUTH_SOCK', '/run/user/1000/keyring/ssh'), ('LC_NAME', 'ru_RU.UTF-8'), ('SHELL', '/bin/bash'), ('GDMSESSION', 'ubuntu'), ('QT_ACCESSIBILITY', '1'), ('LC_MEASUREMENT', 'ru_RU.UTF-8'), ('GJS_DEBUG_OUTPUT', 'stderr'), ('LC_IDENTIFICATION', 'ru_RU.UTF-8'), ('QT_IM_MODULE', 'ibus'), ('LC_ALL', 'en_US.UTF-8'), ('PWD', '/home/eragon/student133_ws/build/test_subscriber'), ('QT_QPA_PLATFORM', 'xcb'), ('XDG_CONFIG_DIRS', '/etc/xdg/xdg-ubuntu:/etc/xdg'), ('XDG_DATA_DIRS', '/usr/share/ubuntu:/usr/local/share/:/usr/share/:/var/lib/snapd/desktop'), ('LC_NUMERIC', 'ru_RU.UTF-8'), ('PYTHONPATH', '/home/eragon/student133_ws/install/test_custom_srv/local/lib/python3.10/dist-packages:/home/eragon/student133_ws/install/test_custom_msg/local/lib/python3.10/dist-packages:/opt/ros/humble/lib/python3.10/site-packages:/opt/ros/humble/local/lib/python3.10/dist-packages'), ('LC_PAPER', 'ru_RU.UTF-8'), ('COLCON', '1'), ('CMAKE_PREFIX_PATH', '/home/eragon/student133_ws/install/test_visualization:/home/eragon/student133_ws/install/test_subscriber:/home/eragon/student133_ws/install/test_service:/home/eragon/student133_ws/install/test_serial_communication:/home/eragon/student133_ws/install/test_publisher:/home/eragon/student133_ws/install/test_pkg:/home/eragon/student133_ws/install/test_parameters:/home/eragon/student133_ws/install/test_custom_srv:/home/eragon/student133_ws/install/test_custom_publisher:/home/eragon/student133_ws/install/test_custom_msg:/home/eragon/student133_ws/install/test_client:/home/eragon/student133_ws/install/test_castom_publisher:/home/eragon/student133_ws/install/custom_counter:/opt/ros/humble')]), 'shell': False}
[0.679269] (test_tf_broadcaster) JobProgress: {'identifier': 'test_tf_broadcaster', 'progress': 'cmake'}
[0.679779] (test_tf_broadcaster) Command: {'cmd': ['/usr/bin/cmake', '/home/eragon/student133_ws/src/test_tf_broadcaster', '-G', 'CodeBlocks - Unix Makefiles', '-DCMAKE_BUILD_TYPE=Debug', '-DCMAKE_INSTALL_PREFIX=/home/eragon/student133_ws/install/test_tf_broadcaster'], 'cwd': '/home/eragon/student133_ws/build/test_tf_broadcaster', 'env': OrderedDict([('GJS_DEBUG_TOPICS', 'JS ERROR;JS LOG'), ('LANGUAGE', 'ru'), ('LC_TIME', 'ru_RU.UTF-8'), ('USER', 'eragon'), ('XDG_SESSION_TYPE', 'wayland'), ('LD_LIBRARY_PATH', '/home/eragon/student133_ws/install/test_custom_srv/lib:/home/eragon/student133_ws/install/test_custom_msg/lib:/opt/ros/humble/opt/rviz_ogre_vendor/lib:/opt/ros/humble/lib/x86_64-linux-gnu:/opt/ros/humble/lib'), ('SHLVL', '1'), ('HOME', '/home/eragon'), ('DESKTOP_SESSION', 'ubuntu'), ('QTDIR', '/usr/lib/x86_64-linux-gnu/qt5'), ('GIO_LAUNCHED_DESKTOP_FILE', '/home/eragon/.local/share/applications/org.qt-project.qtcreator.desktop'), ('GNOME_SHELL_SESSION_MODE', 'ubuntu'), ('GTK_MODULES', 'gail:atk-bridge'), ('ROS_PYTHON_VERSION', '3'), ('LC_MONETARY', 'ru_RU.UTF-8'), ('MANAGERPID', '869'), ('DBUS_SESSION_BUS_ADDRESS', 'unix:path'), ('SYSTEMD_EXEC_PID', '1041'), ('GIO_LAUNCHED_DESKTOP_FILE_PID', '2694'), ('COLCON_PREFIX_PATH', '/home/eragon/student133_ws/install'), ('IM_CONFIG_PHASE', '1'), ('ROS_DISTRO', 'humble'), ('WAYLAND_DISPLAY', 'wayland-0'), ('LOGNAME', 'eragon'), ('JOURNAL_STREAM', '8:8864'), ('_', '/usr/bin/env'), ('ROS_VERSION', '2'), ('XDG_SESSION_CLASS', 'user'), ('QSG_RHI_BACKEND', 'opengl'), ('USERNAME', 'eragon'), ('GNOME_DESKTOP_SESSION_ID', 'this-is-deprecated'), ('ROS_LOCALHOST_ONLY', '0'), ('PATH', '/opt/ros/humble/bin:/home/eragon/.local/bin:/usr/local/sbin:/usr/local/bin:/usr/sbin:/usr/bin:/sbin:/bin:/usr/games:/usr/local/games:/snap/bin:/snap/bin'), ('INVOCATION_ID', '68df7faf19e64317b848cbed1cabd08b'), ('PAPERSIZE', 'a4'), ('SESSION_MANAGER', 'local/eragon-KPL-W0X:@/tmp/.ICE-unix/1015,unix/eragon-KPL-W0X:/tmp/.ICE-unix/1015'), ('GNOME_SETUP_DISPLAY', ':1'), ('LC_ADDRESS', 'ru_RU.UTF-8'), ('XDG_MENU_PREFIX', 'gnome-'), ('XDG_RUNTIME_DIR', '/run/user/1000'), ('DISPLAY', ':0'), ('LANG', 'ru_RU.UTF-8'), ('LC_TELEPHONE', 'ru_RU.UTF-8'), ('XDG_CURRENT_DESKTOP', 'ubuntu:GNOME'), ('XAUTHORITY', '/run/user/1000/.mutter-Xwaylandauth.JLCEW2'), ('XDG_SESSION_DESKTOP', 'ubuntu'), ('XMODIFIERS', '@im'), ('AMENT_PREFIX_PATH', '/home/eragon/student133_ws/install/test_visualization:/home/eragon/student133_ws/install/test_subscriber:/home/eragon/student133_ws/install/test_service:/home/eragon/student133_ws/install/test_serial_communication:/home/eragon/student133_ws/install/test_publisher:/home/eragon/student133_ws/install/test_pkg:/home/eragon/student133_ws/install/test_parameters:/home/eragon/student133_ws/install/test_custom_srv:/home/eragon/student133_ws/install/test_custom_publisher:/home/eragon/student133_ws/install/test_custom_msg:/home/eragon/student133_ws/install/test_client:/home/eragon/student133_ws/install/test_castom_publisher:/home/eragon/student133_ws/install/custom_counter:/opt/ros/humble'), ('SSH_AGENT_LAUNCHER', 'gnome-keyring'), ('SSH_AUTH_SOCK', '/run/user/1000/keyring/ssh'), ('LC_NAME', 'ru_RU.UTF-8'), ('SHELL', '/bin/bash'), ('GDMSESSION', 'ubuntu'), ('QT_ACCESSIBILITY', '1'), ('LC_MEASUREMENT', 'ru_RU.UTF-8'), ('GJS_DEBUG_OUTPUT', 'stderr'), ('LC_IDENTIFICATION', 'ru_RU.UTF-8'), ('QT_IM_MODULE', 'ibus'), ('LC_ALL', 'en_US.UTF-8'), ('PWD', '/home/eragon/student133_ws/build/test_tf_broadcaster'), ('QT_QPA_PLATFORM', 'xcb'), ('XDG_CONFIG_DIRS', '/etc/xdg/xdg-ubuntu:/etc/xdg'), ('XDG_DATA_DIRS', '/usr/share/ubuntu:/usr/local/share/:/usr/share/:/var/lib/snapd/desktop'), ('LC_NUMERIC', 'ru_RU.UTF-8'), ('PYTHONPATH', '/home/eragon/student133_ws/install/test_custom_srv/local/lib/python3.10/dist-packages:/home/eragon/student133_ws/install/test_custom_msg/local/lib/python3.10/dist-packages:/opt/ros/humble/lib/python3.10/site-packages:/opt/ros/humble/local/lib/python3.10/dist-packages'), ('LC_PAPER', 'ru_RU.UTF-8'), ('COLCON', '1'), ('CMAKE_PREFIX_PATH', '/home/eragon/student133_ws/install/test_visualization:/home/eragon/student133_ws/install/test_subscriber:/home/eragon/student133_ws/install/test_service:/home/eragon/student133_ws/install/test_serial_communication:/home/eragon/student133_ws/install/test_publisher:/home/eragon/student133_ws/install/test_pkg:/home/eragon/student133_ws/install/test_parameters:/home/eragon/student133_ws/install/test_custom_srv:/home/eragon/student133_ws/install/test_custom_publisher:/home/eragon/student133_ws/install/test_custom_msg:/home/eragon/student133_ws/install/test_client:/home/eragon/student133_ws/install/test_castom_publisher:/home/eragon/student133_ws/install/custom_counter:/opt/ros/humble')]), 'shell': False}
[0.689279] (test_visualization) JobProgress: {'identifier': 'test_visualization', 'progress': 'cmake'}
[0.689386] (test_visualization) JobProgress: {'identifier': 'test_visualization', 'progress': 'build'}
[0.689423] (test_visualization) Command: {'cmd': ['/usr/bin/cmake', '--build', '/home/eragon/student133_ws/build/test_visualization', '--', '-j8', '-l8'], 'cwd': '/home/eragon/student133_ws/build/test_visualization', 'env': OrderedDict([('GJS_DEBUG_TOPICS', 'JS ERROR;JS LOG'), ('LANGUAGE', 'ru'), ('LC_TIME', 'ru_RU.UTF-8'), ('USER', 'eragon'), ('XDG_SESSION_TYPE', 'wayland'), ('LD_LIBRARY_PATH', '/home/eragon/student133_ws/install/test_custom_srv/lib:/home/eragon/student133_ws/install/test_custom_msg/lib:/opt/ros/humble/opt/rviz_ogre_vendor/lib:/opt/ros/humble/lib/x86_64-linux-gnu:/opt/ros/humble/lib'), ('SHLVL', '1'), ('HOME', '/home/eragon'), ('DESKTOP_SESSION', 'ubuntu'), ('QTDIR', '/usr/lib/x86_64-linux-gnu/qt5'), ('GIO_LAUNCHED_DESKTOP_FILE', '/home/eragon/.local/share/applications/org.qt-project.qtcreator.desktop'), ('GNOME_SHELL_SESSION_MODE', 'ubuntu'), ('GTK_MODULES', 'gail:atk-bridge'), ('ROS_PYTHON_VERSION', '3'), ('LC_MONETARY', 'ru_RU.UTF-8'), ('MANAGERPID', '869'), ('DBUS_SESSION_BUS_ADDRESS', 'unix:path'), ('SYSTEMD_EXEC_PID', '1041'), ('GIO_LAUNCHED_DESKTOP_FILE_PID', '2694'), ('COLCON_PREFIX_PATH', '/home/eragon/student133_ws/install'), ('IM_CONFIG_PHASE', '1'), ('ROS_DISTRO', 'humble'), ('WAYLAND_DISPLAY', 'wayland-0'), ('LOGNAME', 'eragon'), ('JOURNAL_STREAM', '8:8864'), ('_', '/usr/bin/env'), ('ROS_VERSION', '2'), ('XDG_SESSION_CLASS', 'user'), ('QSG_RHI_BACKEND', 'opengl'), ('USERNAME', 'eragon'), ('GNOME_DESKTOP_SESSION_ID', 'this-is-deprecated'), ('ROS_LOCALHOST_ONLY', '0'), ('PATH', '/opt/ros/humble/bin:/home/eragon/.local/bin:/usr/local/sbin:/usr/local/bin:/usr/sbin:/usr/bin:/sbin:/bin:/usr/games:/usr/local/games:/snap/bin:/snap/bin'), ('INVOCATION_ID', '68df7faf19e64317b848cbed1cabd08b'), ('PAPERSIZE', 'a4'), ('SESSION_MANAGER', 'local/eragon-KPL-W0X:@/tmp/.ICE-unix/1015,unix/eragon-KPL-W0X:/tmp/.ICE-unix/1015'), ('GNOME_SETUP_DISPLAY', ':1'), ('LC_ADDRESS', 'ru_RU.UTF-8'), ('XDG_MENU_PREFIX', 'gnome-'), ('XDG_RUNTIME_DIR', '/run/user/1000'), ('DISPLAY', ':0'), ('LANG', 'ru_RU.UTF-8'), ('LC_TELEPHONE', 'ru_RU.UTF-8'), ('XDG_CURRENT_DESKTOP', 'ubuntu:GNOME'), ('XAUTHORITY', '/run/user/1000/.mutter-Xwaylandauth.JLCEW2'), ('XDG_SESSION_DESKTOP', 'ubuntu'), ('XMODIFIERS', '@im'), ('AMENT_PREFIX_PATH', '/home/eragon/student133_ws/install/test_visualization:/home/eragon/student133_ws/install/test_subscriber:/home/eragon/student133_ws/install/test_service:/home/eragon/student133_ws/install/test_serial_communication:/home/eragon/student133_ws/install/test_publisher:/home/eragon/student133_ws/install/test_pkg:/home/eragon/student133_ws/install/test_parameters:/home/eragon/student133_ws/install/test_custom_srv:/home/eragon/student133_ws/install/test_custom_publisher:/home/eragon/student133_ws/install/test_custom_msg:/home/eragon/student133_ws/install/test_client:/home/eragon/student133_ws/install/test_castom_publisher:/home/eragon/student133_ws/install/custom_counter:/opt/ros/humble'), ('SSH_AGENT_LAUNCHER', 'gnome-keyring'), ('SSH_AUTH_SOCK', '/run/user/1000/keyring/ssh'), ('LC_NAME', 'ru_RU.UTF-8'), ('SHELL', '/bin/bash'), ('GDMSESSION', 'ubuntu'), ('QT_ACCESSIBILITY', '1'), ('LC_MEASUREMENT', 'ru_RU.UTF-8'), ('GJS_DEBUG_OUTPUT', 'stderr'), ('LC_IDENTIFICATION', 'ru_RU.UTF-8'), ('QT_IM_MODULE', 'ibus'), ('LC_ALL', 'en_US.UTF-8'), ('PWD', '/home/eragon/student133_ws/build/test_visualization'), ('QT_QPA_PLATFORM', 'xcb'), ('XDG_CONFIG_DIRS', '/etc/xdg/xdg-ubuntu:/etc/xdg'), ('XDG_DATA_DIRS', '/usr/share/ubuntu:/usr/local/share/:/usr/share/:/var/lib/snapd/desktop'), ('LC_NUMERIC', 'ru_RU.UTF-8'), ('PYTHONPATH', '/home/eragon/student133_ws/install/test_custom_srv/local/lib/python3.10/dist-packages:/home/eragon/student133_ws/install/test_custom_msg/local/lib/python3.10/dist-packages:/opt/ros/humble/lib/python3.10/site-packages:/opt/ros/humble/local/lib/python3.10/dist-packages'), ('LC_PAPER', 'ru_RU.UTF-8'), ('COLCON', '1'), ('CMAKE_PREFIX_PATH', '/home/eragon/student133_ws/install/test_visualization:/home/eragon/student133_ws/install/test_subscriber:/home/eragon/student133_ws/install/test_service:/home/eragon/student133_ws/install/test_serial_communication:/home/eragon/student133_ws/install/test_publisher:/home/eragon/student133_ws/install/test_pkg:/home/eragon/student133_ws/install/test_parameters:/home/eragon/student133_ws/install/test_custom_srv:/home/eragon/student133_ws/install/test_custom_publisher:/home/eragon/student133_ws/install/test_custom_msg:/home/eragon/student133_ws/install/test_client:/home/eragon/student133_ws/install/test_castom_publisher:/home/eragon/student133_ws/install/custom_counter:/opt/ros/humble')]), 'shell': False}
[0.715260] (-) TimerEvent: {}
[0.719562] (test_publisher) StdoutLine: {'line': b'[100%] Built target test_publisher_node\n'}
[0.719908] (test_tf_broadcaster) StdoutLine: {'line': b'-- Found ament_cmake: 1.3.10 (/opt/ros/humble/share/ament_cmake/cmake)\n'}
[0.757439] (test_publisher) CommandEnded: {'returncode': 0}
[0.760448] (test_custom_msg) StdoutLine: {'line': b'running egg_info\n'}
[0.760707] (test_custom_msg) StdoutLine: {'line': b'writing test_custom_msg.egg-info/PKG-INFO\n'}
[0.760851] (test_custom_msg) StdoutLine: {'line': b'writing dependency_links to test_custom_msg.egg-info/dependency_links.txt\n'}
[0.760972] (test_custom_msg) StdoutLine: {'line': b'writing top-level names to test_custom_msg.egg-info/top_level.txt\n'}
[0.766562] (test_custom_msg) StdoutLine: {'line': b"reading manifest file 'test_custom_msg.egg-info/SOURCES.txt'\n"}
[0.766808] (test_custom_msg) StdoutLine: {'line': b"writing manifest file 'test_custom_msg.egg-info/SOURCES.txt'\n"}
[0.790806] (test_service) StdoutLine: {'line': b'[100%] Built target test_service_node\n'}
[0.791128] (test_service) StdoutLine: {'line': b'[100%] Built target service_triangle\n'}
[0.815366] (-) TimerEvent: {}
[0.817539] (test_subscriber) StdoutLine: {'line': b'[ 50%] Built target test_subscriber_node\n'}
[0.818771] (test_subscriber) StdoutLine: {'line': b'[100%] Built target Triangle_node\n'}
[0.819107] (test_service) CommandEnded: {'returncode': 0}
[0.829606] (test_publisher) JobProgress: {'identifier': 'test_publisher', 'progress': 'install'}
[0.829718] (test_publisher) Command: {'cmd': ['/usr/bin/cmake', '--install', '/home/eragon/student133_ws/build/test_publisher'], 'cwd': '/home/eragon/student133_ws/build/test_publisher', 'env': OrderedDict([('GJS_DEBUG_TOPICS', 'JS ERROR;JS LOG'), ('LANGUAGE', 'ru'), ('LC_TIME', 'ru_RU.UTF-8'), ('USER', 'eragon'), ('XDG_SESSION_TYPE', 'wayland'), ('LD_LIBRARY_PATH', '/home/eragon/student133_ws/install/test_custom_srv/lib:/home/eragon/student133_ws/install/test_custom_msg/lib:/opt/ros/humble/opt/rviz_ogre_vendor/lib:/opt/ros/humble/lib/x86_64-linux-gnu:/opt/ros/humble/lib'), ('SHLVL', '1'), ('HOME', '/home/eragon'), ('DESKTOP_SESSION', 'ubuntu'), ('QTDIR', '/usr/lib/x86_64-linux-gnu/qt5'), ('GIO_LAUNCHED_DESKTOP_FILE', '/home/eragon/.local/share/applications/org.qt-project.qtcreator.desktop'), ('GNOME_SHELL_SESSION_MODE', 'ubuntu'), ('GTK_MODULES', 'gail:atk-bridge'), ('ROS_PYTHON_VERSION', '3'), ('LC_MONETARY', 'ru_RU.UTF-8'), ('MANAGERPID', '869'), ('DBUS_SESSION_BUS_ADDRESS', 'unix:path'), ('SYSTEMD_EXEC_PID', '1041'), ('GIO_LAUNCHED_DESKTOP_FILE_PID', '2694'), ('COLCON_PREFIX_PATH', '/home/eragon/student133_ws/install'), ('IM_CONFIG_PHASE', '1'), ('ROS_DISTRO', 'humble'), ('WAYLAND_DISPLAY', 'wayland-0'), ('LOGNAME', 'eragon'), ('JOURNAL_STREAM', '8:8864'), ('_', '/usr/bin/env'), ('ROS_VERSION', '2'), ('XDG_SESSION_CLASS', 'user'), ('QSG_RHI_BACKEND', 'opengl'), ('USERNAME', 'eragon'), ('GNOME_DESKTOP_SESSION_ID', 'this-is-deprecated'), ('ROS_LOCALHOST_ONLY', '0'), ('PATH', '/opt/ros/humble/bin:/home/eragon/.local/bin:/usr/local/sbin:/usr/local/bin:/usr/sbin:/usr/bin:/sbin:/bin:/usr/games:/usr/local/games:/snap/bin:/snap/bin'), ('INVOCATION_ID', '68df7faf19e64317b848cbed1cabd08b'), ('PAPERSIZE', 'a4'), ('SESSION_MANAGER', 'local/eragon-KPL-W0X:@/tmp/.ICE-unix/1015,unix/eragon-KPL-W0X:/tmp/.ICE-unix/1015'), ('GNOME_SETUP_DISPLAY', ':1'), ('LC_ADDRESS', 'ru_RU.UTF-8'), ('XDG_MENU_PREFIX', 'gnome-'), ('XDG_RUNTIME_DIR', '/run/user/1000'), ('DISPLAY', ':0'), ('LANG', 'ru_RU.UTF-8'), ('LC_TELEPHONE', 'ru_RU.UTF-8'), ('XDG_CURRENT_DESKTOP', 'ubuntu:GNOME'), ('XAUTHORITY', '/run/user/1000/.mutter-Xwaylandauth.JLCEW2'), ('XDG_SESSION_DESKTOP', 'ubuntu'), ('XMODIFIERS', '@im'), ('AMENT_PREFIX_PATH', '/home/eragon/student133_ws/install/test_visualization:/home/eragon/student133_ws/install/test_subscriber:/home/eragon/student133_ws/install/test_service:/home/eragon/student133_ws/install/test_serial_communication:/home/eragon/student133_ws/install/test_publisher:/home/eragon/student133_ws/install/test_pkg:/home/eragon/student133_ws/install/test_parameters:/home/eragon/student133_ws/install/test_custom_srv:/home/eragon/student133_ws/install/test_custom_publisher:/home/eragon/student133_ws/install/test_custom_msg:/home/eragon/student133_ws/install/test_client:/home/eragon/student133_ws/install/test_castom_publisher:/home/eragon/student133_ws/install/custom_counter:/opt/ros/humble'), ('SSH_AGENT_LAUNCHER', 'gnome-keyring'), ('SSH_AUTH_SOCK', '/run/user/1000/keyring/ssh'), ('LC_NAME', 'ru_RU.UTF-8'), ('SHELL', '/bin/bash'), ('GDMSESSION', 'ubuntu'), ('QT_ACCESSIBILITY', '1'), ('LC_MEASUREMENT', 'ru_RU.UTF-8'), ('GJS_DEBUG_OUTPUT', 'stderr'), ('LC_IDENTIFICATION', 'ru_RU.UTF-8'), ('QT_IM_MODULE', 'ibus'), ('LC_ALL', 'en_US.UTF-8'), ('PWD', '/home/eragon/student133_ws/build/test_publisher'), ('QT_QPA_PLATFORM', 'xcb'), ('XDG_CONFIG_DIRS', '/etc/xdg/xdg-ubuntu:/etc/xdg'), ('XDG_DATA_DIRS', '/usr/share/ubuntu:/usr/local/share/:/usr/share/:/var/lib/snapd/desktop'), ('LC_NUMERIC', 'ru_RU.UTF-8'), ('PYTHONPATH', '/home/eragon/student133_ws/install/test_custom_srv/local/lib/python3.10/dist-packages:/home/eragon/student133_ws/install/test_custom_msg/local/lib/python3.10/dist-packages:/opt/ros/humble/lib/python3.10/site-packages:/opt/ros/humble/local/lib/python3.10/dist-packages'), ('LC_PAPER', 'ru_RU.UTF-8'), ('COLCON', '1'), ('CMAKE_PREFIX_PATH', '/home/eragon/student133_ws/install/test_visualization:/home/eragon/student133_ws/install/test_subscriber:/home/eragon/student133_ws/install/test_service:/home/eragon/student133_ws/install/test_serial_communication:/home/eragon/student133_ws/install/test_publisher:/home/eragon/student133_ws/install/test_pkg:/home/eragon/student133_ws/install/test_parameters:/home/eragon/student133_ws/install/test_custom_srv:/home/eragon/student133_ws/install/test_custom_publisher:/home/eragon/student133_ws/install/test_custom_msg:/home/eragon/student133_ws/install/test_client:/home/eragon/student133_ws/install/test_castom_publisher:/home/eragon/student133_ws/install/custom_counter:/opt/ros/humble')]), 'shell': False}
[0.835288] (test_custom_srv) StdoutLine: {'line': b'running egg_info\n'}
[0.836373] (test_visualization) StdoutLine: {'line': b'[100%] Built target test_visualization_node\n'}
[0.838229] (test_custom_srv) StdoutLine: {'line': b'writing test_custom_srv.egg-info/PKG-INFO\n'}
[0.838494] (test_custom_srv) StdoutLine: {'line': b'writing dependency_links to test_custom_srv.egg-info/dependency_links.txt\n'}
[0.839305] (test_custom_srv) StdoutLine: {'line': b'writing top-level names to test_custom_srv.egg-info/top_level.txt\n'}
[0.843526] (test_custom_srv) StdoutLine: {'line': b"reading manifest file 'test_custom_srv.egg-info/SOURCES.txt'\n"}
[0.844390] (test_publisher) StdoutLine: {'line': b'-- Install configuration: "Debug"\n'}
[0.844949] (test_publisher) StdoutLine: {'line': b'-- Up-to-date: /home/eragon/student133_ws/install/test_publisher/lib/test_publisher/test_publisher_node\n'}
[0.849327] (test_custom_srv) StdoutLine: {'line': b"writing manifest file 'test_custom_srv.egg-info/SOURCES.txt'\n"}
[0.849538] (test_publisher) StdoutLine: {'line': b'-- Up-to-date: /home/eragon/student133_ws/install/test_publisher/share/ament_index/resource_index/package_run_dependencies/test_publisher\n'}
[0.849693] (test_publisher) StdoutLine: {'line': b'-- Up-to-date: /home/eragon/student133_ws/install/test_publisher/share/ament_index/resource_index/parent_prefix_path/test_publisher\n'}
[0.849816] (test_publisher) StdoutLine: {'line': b'-- Up-to-date: /home/eragon/student133_ws/install/test_publisher/share/test_publisher/environment/ament_prefix_path.sh\n'}
[0.849934] (test_publisher) StdoutLine: {'line': b'-- Up-to-date: /home/eragon/student133_ws/install/test_publisher/share/test_publisher/environment/ament_prefix_path.dsv\n'}
[0.850042] (test_publisher) StdoutLine: {'line': b'-- Up-to-date: /home/eragon/student133_ws/install/test_publisher/share/test_publisher/environment/path.sh\n'}
[0.850149] (test_publisher) StdoutLine: {'line': b'-- Up-to-date: /home/eragon/student133_ws/install/test_publisher/share/test_publisher/environment/path.dsv\n'}
[0.850292] (test_publisher) StdoutLine: {'line': b'-- Up-to-date: /home/eragon/student133_ws/install/test_publisher/share/test_publisher/local_setup.bash\n'}
[0.850400] (test_publisher) StdoutLine: {'line': b'-- Up-to-date: /home/eragon/student133_ws/install/test_publisher/share/test_publisher/local_setup.sh\n'}
[0.850504] (test_publisher) StdoutLine: {'line': b'-- Up-to-date: /home/eragon/student133_ws/install/test_publisher/share/test_publisher/local_setup.zsh\n'}
[0.850605] (test_publisher) StdoutLine: {'line': b'-- Up-to-date: /home/eragon/student133_ws/install/test_publisher/share/test_publisher/local_setup.dsv\n'}
[0.850706] (test_publisher) StdoutLine: {'line': b'-- Installing: /home/eragon/student133_ws/install/test_publisher/share/test_publisher/package.dsv\n'}
[0.850810] (test_subscriber) CommandEnded: {'returncode': 0}
[0.855406] (test_publisher) StdoutLine: {'line': b'-- Up-to-date: /home/eragon/student133_ws/install/test_publisher/share/ament_index/resource_index/packages/test_publisher\n'}
[0.855667] (test_publisher) StdoutLine: {'line': b'-- Up-to-date: /home/eragon/student133_ws/install/test_publisher/share/test_publisher/cmake/test_publisherConfig.cmake\n'}
[0.855790] (test_publisher) StdoutLine: {'line': b'-- Up-to-date: /home/eragon/student133_ws/install/test_publisher/share/test_publisher/cmake/test_publisherConfig-version.cmake\n'}
[0.855910] (test_publisher) StdoutLine: {'line': b'-- Up-to-date: /home/eragon/student133_ws/install/test_publisher/share/test_publisher/package.xml\n'}
[0.856020] (test_custom_msg) StdoutLine: {'line': b'[100%] Built target ament_cmake_python_build_test_custom_msg_egg\n'}
[0.856185] (test_publisher) CommandEnded: {'returncode': 0}
[0.872374] (test_visualization) CommandEnded: {'returncode': 0}
[0.879608] (test_custom_msg) CommandEnded: {'returncode': 0}
[0.892324] (test_service) JobProgress: {'identifier': 'test_service', 'progress': 'install'}
[0.892458] (test_service) Command: {'cmd': ['/usr/bin/cmake', '--install', '/home/eragon/student133_ws/build/test_service'], 'cwd': '/home/eragon/student133_ws/build/test_service', 'env': OrderedDict([('GJS_DEBUG_TOPICS', 'JS ERROR;JS LOG'), ('LANGUAGE', 'ru'), ('LC_TIME', 'ru_RU.UTF-8'), ('USER', 'eragon'), ('XDG_SESSION_TYPE', 'wayland'), ('LD_LIBRARY_PATH', '/home/eragon/student133_ws/install/test_custom_srv/lib:/home/eragon/student133_ws/install/test_custom_msg/lib:/opt/ros/humble/opt/rviz_ogre_vendor/lib:/opt/ros/humble/lib/x86_64-linux-gnu:/opt/ros/humble/lib'), ('SHLVL', '1'), ('HOME', '/home/eragon'), ('DESKTOP_SESSION', 'ubuntu'), ('QTDIR', '/usr/lib/x86_64-linux-gnu/qt5'), ('GIO_LAUNCHED_DESKTOP_FILE', '/home/eragon/.local/share/applications/org.qt-project.qtcreator.desktop'), ('GNOME_SHELL_SESSION_MODE', 'ubuntu'), ('GTK_MODULES', 'gail:atk-bridge'), ('ROS_PYTHON_VERSION', '3'), ('LC_MONETARY', 'ru_RU.UTF-8'), ('MANAGERPID', '869'), ('DBUS_SESSION_BUS_ADDRESS', 'unix:path'), ('SYSTEMD_EXEC_PID', '1041'), ('GIO_LAUNCHED_DESKTOP_FILE_PID', '2694'), ('COLCON_PREFIX_PATH', '/home/eragon/student133_ws/install'), ('IM_CONFIG_PHASE', '1'), ('ROS_DISTRO', 'humble'), ('WAYLAND_DISPLAY', 'wayland-0'), ('LOGNAME', 'eragon'), ('JOURNAL_STREAM', '8:8864'), ('_', '/usr/bin/env'), ('ROS_VERSION', '2'), ('XDG_SESSION_CLASS', 'user'), ('QSG_RHI_BACKEND', 'opengl'), ('USERNAME', 'eragon'), ('GNOME_DESKTOP_SESSION_ID', 'this-is-deprecated'), ('ROS_LOCALHOST_ONLY', '0'), ('PATH', '/opt/ros/humble/bin:/home/eragon/.local/bin:/usr/local/sbin:/usr/local/bin:/usr/sbin:/usr/bin:/sbin:/bin:/usr/games:/usr/local/games:/snap/bin:/snap/bin'), ('INVOCATION_ID', '68df7faf19e64317b848cbed1cabd08b'), ('PAPERSIZE', 'a4'), ('SESSION_MANAGER', 'local/eragon-KPL-W0X:@/tmp/.ICE-unix/1015,unix/eragon-KPL-W0X:/tmp/.ICE-unix/1015'), ('GNOME_SETUP_DISPLAY', ':1'), ('LC_ADDRESS', 'ru_RU.UTF-8'), ('XDG_MENU_PREFIX', 'gnome-'), ('XDG_RUNTIME_DIR', '/run/user/1000'), ('DISPLAY', ':0'), ('LANG', 'ru_RU.UTF-8'), ('LC_TELEPHONE', 'ru_RU.UTF-8'), ('XDG_CURRENT_DESKTOP', 'ubuntu:GNOME'), ('XAUTHORITY', '/run/user/1000/.mutter-Xwaylandauth.JLCEW2'), ('XDG_SESSION_DESKTOP', 'ubuntu'), ('XMODIFIERS', '@im'), ('AMENT_PREFIX_PATH', '/home/eragon/student133_ws/install/test_visualization:/home/eragon/student133_ws/install/test_subscriber:/home/eragon/student133_ws/install/test_service:/home/eragon/student133_ws/install/test_serial_communication:/home/eragon/student133_ws/install/test_publisher:/home/eragon/student133_ws/install/test_pkg:/home/eragon/student133_ws/install/test_parameters:/home/eragon/student133_ws/install/test_custom_srv:/home/eragon/student133_ws/install/test_custom_publisher:/home/eragon/student133_ws/install/test_custom_msg:/home/eragon/student133_ws/install/test_client:/home/eragon/student133_ws/install/test_castom_publisher:/home/eragon/student133_ws/install/custom_counter:/opt/ros/humble'), ('SSH_AGENT_LAUNCHER', 'gnome-keyring'), ('SSH_AUTH_SOCK', '/run/user/1000/keyring/ssh'), ('LC_NAME', 'ru_RU.UTF-8'), ('SHELL', '/bin/bash'), ('GDMSESSION', 'ubuntu'), ('QT_ACCESSIBILITY', '1'), ('LC_MEASUREMENT', 'ru_RU.UTF-8'), ('GJS_DEBUG_OUTPUT', 'stderr'), ('LC_IDENTIFICATION', 'ru_RU.UTF-8'), ('QT_IM_MODULE', 'ibus'), ('LC_ALL', 'en_US.UTF-8'), ('PWD', '/home/eragon/student133_ws/build/test_service'), ('QT_QPA_PLATFORM', 'xcb'), ('XDG_CONFIG_DIRS', '/etc/xdg/xdg-ubuntu:/etc/xdg'), ('XDG_DATA_DIRS', '/usr/share/ubuntu:/usr/local/share/:/usr/share/:/var/lib/snapd/desktop'), ('LC_NUMERIC', 'ru_RU.UTF-8'), ('PYTHONPATH', '/home/eragon/student133_ws/install/test_custom_srv/local/lib/python3.10/dist-packages:/home/eragon/student133_ws/install/test_custom_msg/local/lib/python3.10/dist-packages:/opt/ros/humble/lib/python3.10/site-packages:/opt/ros/humble/local/lib/python3.10/dist-packages'), ('LC_PAPER', 'ru_RU.UTF-8'), ('COLCON', '1'), ('CMAKE_PREFIX_PATH', '/home/eragon/student133_ws/install/test_visualization:/home/eragon/student133_ws/install/test_subscriber:/home/eragon/student133_ws/install/test_service:/home/eragon/student133_ws/install/test_serial_communication:/home/eragon/student133_ws/install/test_publisher:/home/eragon/student133_ws/install/test_pkg:/home/eragon/student133_ws/install/test_parameters:/home/eragon/student133_ws/install/test_custom_srv:/home/eragon/student133_ws/install/test_custom_publisher:/home/eragon/student133_ws/install/test_custom_msg:/home/eragon/student133_ws/install/test_client:/home/eragon/student133_ws/install/test_castom_publisher:/home/eragon/student133_ws/install/custom_counter:/opt/ros/humble')]), 'shell': False}
[0.906990] (test_service) StdoutLine: {'line': b'-- Install configuration: "Debug"\n'}
[0.907395] (test_service) StdoutLine: {'line': b'-- Up-to-date: /home/eragon/student133_ws/install/test_service/lib/test_service/test_service_node\n'}
[0.907537] (test_service) StdoutLine: {'line': b'-- Up-to-date: /home/eragon/student133_ws/install/test_service/lib/test_service/service_triangle\n'}
[0.908728] (test_service) StdoutLine: {'line': b'-- Up-to-date: /home/eragon/student133_ws/install/test_service/share/ament_index/resource_index/package_run_dependencies/test_service\n'}
[0.909178] (test_service) StdoutLine: {'line': b'-- Up-to-date: /home/eragon/student133_ws/install/test_service/share/ament_index/resource_index/parent_prefix_path/test_service\n'}
[0.909335] (test_service) StdoutLine: {'line': b'-- Up-to-date: /home/eragon/student133_ws/install/test_service/share/test_service/environment/ament_prefix_path.sh\n'}
[0.909455] (test_service) StdoutLine: {'line': b'-- Up-to-date: /home/eragon/student133_ws/install/test_service/share/test_service/environment/ament_prefix_path.dsv\n'}
[0.909559] (test_service) StdoutLine: {'line': b'-- Up-to-date: /home/eragon/student133_ws/install/test_service/share/test_service/environment/path.sh\n'}
[0.909664] (test_service) StdoutLine: {'line': b'-- Up-to-date: /home/eragon/student133_ws/install/test_service/share/test_service/environment/path.dsv\n'}
[0.909763] (test_service) StdoutLine: {'line': b'-- Up-to-date: /home/eragon/student133_ws/install/test_service/share/test_service/local_setup.bash\n'}
[0.909858] (test_service) StdoutLine: {'line': b'-- Up-to-date: /home/eragon/student133_ws/install/test_service/share/test_service/local_setup.sh\n'}
[0.909960] (test_service) StdoutLine: {'line': b'-- Up-to-date: /home/eragon/student133_ws/install/test_service/share/test_service/local_setup.zsh\n'}
[0.910064] (test_service) StdoutLine: {'line': b'-- Up-to-date: /home/eragon/student133_ws/install/test_service/share/test_service/local_setup.dsv\n'}
[0.910885] (test_service) StdoutLine: {'line': b'-- Installing: /home/eragon/student133_ws/install/test_service/share/test_service/package.dsv\n'}
[0.911303] (test_service) StdoutLine: {'line': b'-- Up-to-date: /home/eragon/student133_ws/install/test_service/share/ament_index/resource_index/packages/test_service\n'}
[0.911437] (test_service) StdoutLine: {'line': b'-- Up-to-date: /home/eragon/student133_ws/install/test_service/share/test_service/cmake/test_serviceConfig.cmake\n'}
[0.911535] (test_service) StdoutLine: {'line': b'-- Up-to-date: /home/eragon/student133_ws/install/test_service/share/test_service/cmake/test_serviceConfig-version.cmake\n'}
[0.911631] (test_service) StdoutLine: {'line': b'-- Up-to-date: /home/eragon/student133_ws/install/test_service/share/test_service/package.xml\n'}
[0.916326] (test_service) CommandEnded: {'returncode': 0}
[0.916983] (-) TimerEvent: {}
[0.929854] (test_subscriber) JobProgress: {'identifier': 'test_subscriber', 'progress': 'install'}
[0.930079] (test_subscriber) Command: {'cmd': ['/usr/bin/cmake', '--install', '/home/eragon/student133_ws/build/test_subscriber'], 'cwd': '/home/eragon/student133_ws/build/test_subscriber', 'env': OrderedDict([('GJS_DEBUG_TOPICS', 'JS ERROR;JS LOG'), ('LANGUAGE', 'ru'), ('LC_TIME', 'ru_RU.UTF-8'), ('USER', 'eragon'), ('XDG_SESSION_TYPE', 'wayland'), ('LD_LIBRARY_PATH', '/home/eragon/student133_ws/install/test_custom_srv/lib:/home/eragon/student133_ws/install/test_custom_msg/lib:/opt/ros/humble/opt/rviz_ogre_vendor/lib:/opt/ros/humble/lib/x86_64-linux-gnu:/opt/ros/humble/lib'), ('SHLVL', '1'), ('HOME', '/home/eragon'), ('DESKTOP_SESSION', 'ubuntu'), ('QTDIR', '/usr/lib/x86_64-linux-gnu/qt5'), ('GIO_LAUNCHED_DESKTOP_FILE', '/home/eragon/.local/share/applications/org.qt-project.qtcreator.desktop'), ('GNOME_SHELL_SESSION_MODE', 'ubuntu'), ('GTK_MODULES', 'gail:atk-bridge'), ('ROS_PYTHON_VERSION', '3'), ('LC_MONETARY', 'ru_RU.UTF-8'), ('MANAGERPID', '869'), ('DBUS_SESSION_BUS_ADDRESS', 'unix:path'), ('SYSTEMD_EXEC_PID', '1041'), ('GIO_LAUNCHED_DESKTOP_FILE_PID', '2694'), ('COLCON_PREFIX_PATH', '/home/eragon/student133_ws/install'), ('IM_CONFIG_PHASE', '1'), ('ROS_DISTRO', 'humble'), ('WAYLAND_DISPLAY', 'wayland-0'), ('LOGNAME', 'eragon'), ('JOURNAL_STREAM', '8:8864'), ('_', '/usr/bin/env'), ('ROS_VERSION', '2'), ('XDG_SESSION_CLASS', 'user'), ('QSG_RHI_BACKEND', 'opengl'), ('USERNAME', 'eragon'), ('GNOME_DESKTOP_SESSION_ID', 'this-is-deprecated'), ('ROS_LOCALHOST_ONLY', '0'), ('PATH', '/opt/ros/humble/bin:/home/eragon/.local/bin:/usr/local/sbin:/usr/local/bin:/usr/sbin:/usr/bin:/sbin:/bin:/usr/games:/usr/local/games:/snap/bin:/snap/bin'), ('INVOCATION_ID', '68df7faf19e64317b848cbed1cabd08b'), ('PAPERSIZE', 'a4'), ('SESSION_MANAGER', 'local/eragon-KPL-W0X:@/tmp/.ICE-unix/1015,unix/eragon-KPL-W0X:/tmp/.ICE-unix/1015'), ('GNOME_SETUP_DISPLAY', ':1'), ('LC_ADDRESS', 'ru_RU.UTF-8'), ('XDG_MENU_PREFIX', 'gnome-'), ('XDG_RUNTIME_DIR', '/run/user/1000'), ('DISPLAY', ':0'), ('LANG', 'ru_RU.UTF-8'), ('LC_TELEPHONE', 'ru_RU.UTF-8'), ('XDG_CURRENT_DESKTOP', 'ubuntu:GNOME'), ('XAUTHORITY', '/run/user/1000/.mutter-Xwaylandauth.JLCEW2'), ('XDG_SESSION_DESKTOP', 'ubuntu'), ('XMODIFIERS', '@im'), ('AMENT_PREFIX_PATH', '/home/eragon/student133_ws/install/test_visualization:/home/eragon/student133_ws/install/test_subscriber:/home/eragon/student133_ws/install/test_service:/home/eragon/student133_ws/install/test_serial_communication:/home/eragon/student133_ws/install/test_publisher:/home/eragon/student133_ws/install/test_pkg:/home/eragon/student133_ws/install/test_parameters:/home/eragon/student133_ws/install/test_custom_srv:/home/eragon/student133_ws/install/test_custom_publisher:/home/eragon/student133_ws/install/test_custom_msg:/home/eragon/student133_ws/install/test_client:/home/eragon/student133_ws/install/test_castom_publisher:/home/eragon/student133_ws/install/custom_counter:/opt/ros/humble'), ('SSH_AGENT_LAUNCHER', 'gnome-keyring'), ('SSH_AUTH_SOCK', '/run/user/1000/keyring/ssh'), ('LC_NAME', 'ru_RU.UTF-8'), ('SHELL', '/bin/bash'), ('GDMSESSION', 'ubuntu'), ('QT_ACCESSIBILITY', '1'), ('LC_MEASUREMENT', 'ru_RU.UTF-8'), ('GJS_DEBUG_OUTPUT', 'stderr'), ('LC_IDENTIFICATION', 'ru_RU.UTF-8'), ('QT_IM_MODULE', 'ibus'), ('LC_ALL', 'en_US.UTF-8'), ('PWD', '/home/eragon/student133_ws/build/test_subscriber'), ('QT_QPA_PLATFORM', 'xcb'), ('XDG_CONFIG_DIRS', '/etc/xdg/xdg-ubuntu:/etc/xdg'), ('XDG_DATA_DIRS', '/usr/share/ubuntu:/usr/local/share/:/usr/share/:/var/lib/snapd/desktop'), ('LC_NUMERIC', 'ru_RU.UTF-8'), ('PYTHONPATH', '/home/eragon/student133_ws/install/test_custom_srv/local/lib/python3.10/dist-packages:/home/eragon/student133_ws/install/test_custom_msg/local/lib/python3.10/dist-packages:/opt/ros/humble/lib/python3.10/site-packages:/opt/ros/humble/local/lib/python3.10/dist-packages'), ('LC_PAPER', 'ru_RU.UTF-8'), ('COLCON', '1'), ('CMAKE_PREFIX_PATH', '/home/eragon/student133_ws/install/test_visualization:/home/eragon/student133_ws/install/test_subscriber:/home/eragon/student133_ws/install/test_service:/home/eragon/student133_ws/install/test_serial_communication:/home/eragon/student133_ws/install/test_publisher:/home/eragon/student133_ws/install/test_pkg:/home/eragon/student133_ws/install/test_parameters:/home/eragon/student133_ws/install/test_custom_srv:/home/eragon/student133_ws/install/test_custom_publisher:/home/eragon/student133_ws/install/test_custom_msg:/home/eragon/student133_ws/install/test_client:/home/eragon/student133_ws/install/test_castom_publisher:/home/eragon/student133_ws/install/custom_counter:/opt/ros/humble')]), 'shell': False}
[0.931342] (test_custom_srv) StdoutLine: {'line': b'[100%] Built target ament_cmake_python_build_test_custom_srv_egg\n'}
[0.945670] (test_publisher) JobEnded: {'identifier': 'test_publisher', 'rc': 0}
[0.949475] (test_visualization) JobProgress: {'identifier': 'test_visualization', 'progress': 'install'}
[0.949719] (test_visualization) Command: {'cmd': ['/usr/bin/cmake', '--install', '/home/eragon/student133_ws/build/test_visualization'], 'cwd': '/home/eragon/student133_ws/build/test_visualization', 'env': OrderedDict([('GJS_DEBUG_TOPICS', 'JS ERROR;JS LOG'), ('LANGUAGE', 'ru'), ('LC_TIME', 'ru_RU.UTF-8'), ('USER', 'eragon'), ('XDG_SESSION_TYPE', 'wayland'), ('LD_LIBRARY_PATH', '/home/eragon/student133_ws/install/test_custom_srv/lib:/home/eragon/student133_ws/install/test_custom_msg/lib:/opt/ros/humble/opt/rviz_ogre_vendor/lib:/opt/ros/humble/lib/x86_64-linux-gnu:/opt/ros/humble/lib'), ('SHLVL', '1'), ('HOME', '/home/eragon'), ('DESKTOP_SESSION', 'ubuntu'), ('QTDIR', '/usr/lib/x86_64-linux-gnu/qt5'), ('GIO_LAUNCHED_DESKTOP_FILE', '/home/eragon/.local/share/applications/org.qt-project.qtcreator.desktop'), ('GNOME_SHELL_SESSION_MODE', 'ubuntu'), ('GTK_MODULES', 'gail:atk-bridge'), ('ROS_PYTHON_VERSION', '3'), ('LC_MONETARY', 'ru_RU.UTF-8'), ('MANAGERPID', '869'), ('DBUS_SESSION_BUS_ADDRESS', 'unix:path'), ('SYSTEMD_EXEC_PID', '1041'), ('GIO_LAUNCHED_DESKTOP_FILE_PID', '2694'), ('COLCON_PREFIX_PATH', '/home/eragon/student133_ws/install'), ('IM_CONFIG_PHASE', '1'), ('ROS_DISTRO', 'humble'), ('WAYLAND_DISPLAY', 'wayland-0'), ('LOGNAME', 'eragon'), ('JOURNAL_STREAM', '8:8864'), ('_', '/usr/bin/env'), ('ROS_VERSION', '2'), ('XDG_SESSION_CLASS', 'user'), ('QSG_RHI_BACKEND', 'opengl'), ('USERNAME', 'eragon'), ('GNOME_DESKTOP_SESSION_ID', 'this-is-deprecated'), ('ROS_LOCALHOST_ONLY', '0'), ('PATH', '/opt/ros/humble/bin:/home/eragon/.local/bin:/usr/local/sbin:/usr/local/bin:/usr/sbin:/usr/bin:/sbin:/bin:/usr/games:/usr/local/games:/snap/bin:/snap/bin'), ('INVOCATION_ID', '68df7faf19e64317b848cbed1cabd08b'), ('PAPERSIZE', 'a4'), ('SESSION_MANAGER', 'local/eragon-KPL-W0X:@/tmp/.ICE-unix/1015,unix/eragon-KPL-W0X:/tmp/.ICE-unix/1015'), ('GNOME_SETUP_DISPLAY', ':1'), ('LC_ADDRESS', 'ru_RU.UTF-8'), ('XDG_MENU_PREFIX', 'gnome-'), ('XDG_RUNTIME_DIR', '/run/user/1000'), ('DISPLAY', ':0'), ('LANG', 'ru_RU.UTF-8'), ('LC_TELEPHONE', 'ru_RU.UTF-8'), ('XDG_CURRENT_DESKTOP', 'ubuntu:GNOME'), ('XAUTHORITY', '/run/user/1000/.mutter-Xwaylandauth.JLCEW2'), ('XDG_SESSION_DESKTOP', 'ubuntu'), ('XMODIFIERS', '@im'), ('AMENT_PREFIX_PATH', '/home/eragon/student133_ws/install/test_visualization:/home/eragon/student133_ws/install/test_subscriber:/home/eragon/student133_ws/install/test_service:/home/eragon/student133_ws/install/test_serial_communication:/home/eragon/student133_ws/install/test_publisher:/home/eragon/student133_ws/install/test_pkg:/home/eragon/student133_ws/install/test_parameters:/home/eragon/student133_ws/install/test_custom_srv:/home/eragon/student133_ws/install/test_custom_publisher:/home/eragon/student133_ws/install/test_custom_msg:/home/eragon/student133_ws/install/test_client:/home/eragon/student133_ws/install/test_castom_publisher:/home/eragon/student133_ws/install/custom_counter:/opt/ros/humble'), ('SSH_AGENT_LAUNCHER', 'gnome-keyring'), ('SSH_AUTH_SOCK', '/run/user/1000/keyring/ssh'), ('LC_NAME', 'ru_RU.UTF-8'), ('SHELL', '/bin/bash'), ('GDMSESSION', 'ubuntu'), ('QT_ACCESSIBILITY', '1'), ('LC_MEASUREMENT', 'ru_RU.UTF-8'), ('GJS_DEBUG_OUTPUT', 'stderr'), ('LC_IDENTIFICATION', 'ru_RU.UTF-8'), ('QT_IM_MODULE', 'ibus'), ('LC_ALL', 'en_US.UTF-8'), ('PWD', '/home/eragon/student133_ws/build/test_visualization'), ('QT_QPA_PLATFORM', 'xcb'), ('XDG_CONFIG_DIRS', '/etc/xdg/xdg-ubuntu:/etc/xdg'), ('XDG_DATA_DIRS', '/usr/share/ubuntu:/usr/local/share/:/usr/share/:/var/lib/snapd/desktop'), ('LC_NUMERIC', 'ru_RU.UTF-8'), ('PYTHONPATH', '/home/eragon/student133_ws/install/test_custom_srv/local/lib/python3.10/dist-packages:/home/eragon/student133_ws/install/test_custom_msg/local/lib/python3.10/dist-packages:/opt/ros/humble/lib/python3.10/site-packages:/opt/ros/humble/local/lib/python3.10/dist-packages'), ('LC_PAPER', 'ru_RU.UTF-8'), ('COLCON', '1'), ('CMAKE_PREFIX_PATH', '/home/eragon/student133_ws/install/test_visualization:/home/eragon/student133_ws/install/test_subscriber:/home/eragon/student133_ws/install/test_service:/home/eragon/student133_ws/install/test_serial_communication:/home/eragon/student133_ws/install/test_publisher:/home/eragon/student133_ws/install/test_pkg:/home/eragon/student133_ws/install/test_parameters:/home/eragon/student133_ws/install/test_custom_srv:/home/eragon/student133_ws/install/test_custom_publisher:/home/eragon/student133_ws/install/test_custom_msg:/home/eragon/student133_ws/install/test_client:/home/eragon/student133_ws/install/test_castom_publisher:/home/eragon/student133_ws/install/custom_counter:/opt/ros/humble')]), 'shell': False}
[0.951724] (test_subscriber) StdoutLine: {'line': b'-- Install configuration: "Debug"\n'}
[0.952216] (test_subscriber) StdoutLine: {'line': b'-- Up-to-date: /home/eragon/student133_ws/install/test_subscriber/lib/test_subscriber/test_subscriber_node\n'}
[0.952380] (test_subscriber) StdoutLine: {'line': b'-- Up-to-date: /home/eragon/student133_ws/install/test_subscriber/lib/test_subscriber/Triangle_node\n'}
[0.952501] (test_subscriber) StdoutLine: {'line': b'-- Up-to-date: /home/eragon/student133_ws/install/test_subscriber/share/ament_index/resource_index/package_run_dependencies/test_subscriber\n'}
[0.952618] (test_subscriber) StdoutLine: {'line': b'-- Up-to-date: /home/eragon/student133_ws/install/test_subscriber/share/ament_index/resource_index/parent_prefix_path/test_subscriber\n'}
[0.952733] (test_subscriber) StdoutLine: {'line': b'-- Up-to-date: /home/eragon/student133_ws/install/test_subscriber/share/test_subscriber/environment/ament_prefix_path.sh\n'}
[0.952847] (test_subscriber) StdoutLine: {'line': b'-- Up-to-date: /home/eragon/student133_ws/install/test_subscriber/share/test_subscriber/environment/ament_prefix_path.dsv\n'}
[0.952958] (test_subscriber) StdoutLine: {'line': b'-- Up-to-date: /home/eragon/student133_ws/install/test_subscriber/share/test_subscriber/environment/path.sh\n'}
[0.953083] (test_subscriber) StdoutLine: {'line': b'-- Up-to-date: /home/eragon/student133_ws/install/test_subscriber/share/test_subscriber/environment/path.dsv\n'}
[0.953715] (test_subscriber) StdoutLine: {'line': b'-- Up-to-date: /home/eragon/student133_ws/install/test_subscriber/share/test_subscriber/local_setup.bash\n'}
[0.957200] (test_subscriber) StdoutLine: {'line': b'-- Up-to-date: /home/eragon/student133_ws/install/test_subscriber/share/test_subscriber/local_setup.sh\n'}
[0.961805] (test_subscriber) StdoutLine: {'line': b'-- Up-to-date: /home/eragon/student133_ws/install/test_subscriber/share/test_subscriber/local_setup.zsh\n'}
[0.962012] (test_subscriber) StdoutLine: {'line': b'-- Up-to-date: /home/eragon/student133_ws/install/test_subscriber/share/test_subscriber/local_setup.dsv\n'}
[0.963140] (test_subscriber) StdoutLine: {'line': b'-- Installing: /home/eragon/student133_ws/install/test_subscriber/share/test_subscriber/package.dsv\n'}
[0.963447] (test_subscriber) StdoutLine: {'line': b'-- Up-to-date: /home/eragon/student133_ws/install/test_subscriber/share/ament_index/resource_index/packages/test_subscriber\n'}
[0.963659] (test_subscriber) StdoutLine: {'line': b'-- Up-to-date: /home/eragon/student133_ws/install/test_subscriber/share/test_subscriber/cmake/test_subscriberConfig.cmake\n'}
[0.963774] (test_subscriber) StdoutLine: {'line': b'-- Up-to-date: /home/eragon/student133_ws/install/test_subscriber/share/test_subscriber/cmake/test_subscriberConfig-version.cmake\n'}
[0.963896] (test_subscriber) StdoutLine: {'line': b'-- Up-to-date: /home/eragon/student133_ws/install/test_subscriber/share/test_subscriber/package.xml\n'}
[0.964019] (test_custom_srv) CommandEnded: {'returncode': 0}
[0.964860] (test_subscriber) CommandEnded: {'returncode': 0}
[0.971642] (test_visualization) StdoutLine: {'line': b'-- Install configuration: "Debug"\n'}
[0.973415] (test_visualization) StdoutLine: {'line': b'-- Up-to-date: /home/eragon/student133_ws/install/test_visualization/lib/test_visualization/test_visualization_node\n'}
[0.973615] (test_visualization) StdoutLine: {'line': b'-- Up-to-date: /home/eragon/student133_ws/install/test_visualization/share/ament_index/resource_index/package_run_dependencies/test_visualization\n'}
[0.973726] (test_visualization) StdoutLine: {'line': b'-- Up-to-date: /home/eragon/student133_ws/install/test_visualization/share/ament_index/resource_index/parent_prefix_path/test_visualization\n'}
[0.973820] (test_visualization) StdoutLine: {'line': b'-- Up-to-date: /home/eragon/student133_ws/install/test_visualization/share/test_visualization/environment/ament_prefix_path.sh\n'}
[0.973911] (test_visualization) StdoutLine: {'line': b'-- Up-to-date: /home/eragon/student133_ws/install/test_visualization/share/test_visualization/environment/ament_prefix_path.dsv\n'}
[0.974000] (test_visualization) StdoutLine: {'line': b'-- Up-to-date: /home/eragon/student133_ws/install/test_visualization/share/test_visualization/environment/path.sh\n'}
[0.974088] (test_visualization) StdoutLine: {'line': b'-- Up-to-date: /home/eragon/student133_ws/install/test_visualization/share/test_visualization/environment/path.dsv\n'}
[0.974185] (test_visualization) StdoutLine: {'line': b'-- Up-to-date: /home/eragon/student133_ws/install/test_visualization/share/test_visualization/local_setup.bash\n'}
[0.974372] (test_visualization) StdoutLine: {'line': b'-- Up-to-date: /home/eragon/student133_ws/install/test_visualization/share/test_visualization/local_setup.sh\n'}
[0.974465] (test_visualization) StdoutLine: {'line': b'-- Up-to-date: /home/eragon/student133_ws/install/test_visualization/share/test_visualization/local_setup.zsh\n'}
[0.974551] (test_visualization) StdoutLine: {'line': b'-- Up-to-date: /home/eragon/student133_ws/install/test_visualization/share/test_visualization/local_setup.dsv\n'}
[0.974638] (test_visualization) StdoutLine: {'line': b'-- Installing: /home/eragon/student133_ws/install/test_visualization/share/test_visualization/package.dsv\n'}
[0.974734] (test_visualization) StdoutLine: {'line': b'-- Up-to-date: /home/eragon/student133_ws/install/test_visualization/share/ament_index/resource_index/packages/test_visualization\n'}
[0.974848] (test_visualization) StdoutLine: {'line': b'-- Up-to-date: /home/eragon/student133_ws/install/test_visualization/share/test_visualization/cmake/test_visualizationConfig.cmake\n'}
[0.974943] (test_visualization) StdoutLine: {'line': b'-- Up-to-date: /home/eragon/student133_ws/install/test_visualization/share/test_visualization/cmake/test_visualizationConfig-version.cmake\n'}
[0.975034] (test_visualization) StdoutLine: {'line': b'-- Up-to-date: /home/eragon/student133_ws/install/test_visualization/share/test_visualization/package.xml\n'}
[0.975126] (test_visualization) CommandEnded: {'returncode': 0}
[1.004667] (test_service) JobEnded: {'identifier': 'test_service', 'rc': 0}
[1.017192] (-) TimerEvent: {}
[1.039282] (test_subscriber) JobEnded: {'identifier': 'test_subscriber', 'rc': 0}
[1.041118] (test_tf_broadcaster) StdoutLine: {'line': b'-- Found rclcpp: 16.0.10 (/opt/ros/humble/share/rclcpp/cmake)\n'}
[1.050423] (test_visualization) JobEnded: {'identifier': 'test_visualization', 'rc': 0}
[1.053369] (test_custom_msg) JobProgress: {'identifier': 'test_custom_msg', 'progress': 'install'}
[1.053451] (test_custom_msg) Command: {'cmd': ['/usr/bin/cmake', '--install', '/home/eragon/student133_ws/build/test_custom_msg'], 'cwd': '/home/eragon/student133_ws/build/test_custom_msg', 'env': OrderedDict([('GJS_DEBUG_TOPICS', 'JS ERROR;JS LOG'), ('LANGUAGE', 'ru'), ('LC_TIME', 'ru_RU.UTF-8'), ('USER', 'eragon'), ('XDG_SESSION_TYPE', 'wayland'), ('LD_LIBRARY_PATH', '/home/eragon/student133_ws/install/test_custom_srv/lib:/home/eragon/student133_ws/install/test_custom_msg/lib:/opt/ros/humble/opt/rviz_ogre_vendor/lib:/opt/ros/humble/lib/x86_64-linux-gnu:/opt/ros/humble/lib'), ('SHLVL', '1'), ('HOME', '/home/eragon'), ('DESKTOP_SESSION', 'ubuntu'), ('QTDIR', '/usr/lib/x86_64-linux-gnu/qt5'), ('GIO_LAUNCHED_DESKTOP_FILE', '/home/eragon/.local/share/applications/org.qt-project.qtcreator.desktop'), ('GNOME_SHELL_SESSION_MODE', 'ubuntu'), ('GTK_MODULES', 'gail:atk-bridge'), ('ROS_PYTHON_VERSION', '3'), ('LC_MONETARY', 'ru_RU.UTF-8'), ('MANAGERPID', '869'), ('DBUS_SESSION_BUS_ADDRESS', 'unix:path'), ('SYSTEMD_EXEC_PID', '1041'), ('GIO_LAUNCHED_DESKTOP_FILE_PID', '2694'), ('COLCON_PREFIX_PATH', '/home/eragon/student133_ws/install'), ('IM_CONFIG_PHASE', '1'), ('ROS_DISTRO', 'humble'), ('WAYLAND_DISPLAY', 'wayland-0'), ('LOGNAME', 'eragon'), ('JOURNAL_STREAM', '8:8864'), ('_', '/usr/bin/env'), ('ROS_VERSION', '2'), ('XDG_SESSION_CLASS', 'user'), ('QSG_RHI_BACKEND', 'opengl'), ('USERNAME', 'eragon'), ('GNOME_DESKTOP_SESSION_ID', 'this-is-deprecated'), ('ROS_LOCALHOST_ONLY', '0'), ('PATH', '/opt/ros/humble/bin:/home/eragon/.local/bin:/usr/local/sbin:/usr/local/bin:/usr/sbin:/usr/bin:/sbin:/bin:/usr/games:/usr/local/games:/snap/bin:/snap/bin'), ('INVOCATION_ID', '68df7faf19e64317b848cbed1cabd08b'), ('PAPERSIZE', 'a4'), ('SESSION_MANAGER', 'local/eragon-KPL-W0X:@/tmp/.ICE-unix/1015,unix/eragon-KPL-W0X:/tmp/.ICE-unix/1015'), ('GNOME_SETUP_DISPLAY', ':1'), ('LC_ADDRESS', 'ru_RU.UTF-8'), ('XDG_MENU_PREFIX', 'gnome-'), ('XDG_RUNTIME_DIR', '/run/user/1000'), ('DISPLAY', ':0'), ('LANG', 'ru_RU.UTF-8'), ('LC_TELEPHONE', 'ru_RU.UTF-8'), ('XDG_CURRENT_DESKTOP', 'ubuntu:GNOME'), ('XAUTHORITY', '/run/user/1000/.mutter-Xwaylandauth.JLCEW2'), ('XDG_SESSION_DESKTOP', 'ubuntu'), ('XMODIFIERS', '@im'), ('AMENT_PREFIX_PATH', '/home/eragon/student133_ws/install/test_visualization:/home/eragon/student133_ws/install/test_subscriber:/home/eragon/student133_ws/install/test_service:/home/eragon/student133_ws/install/test_serial_communication:/home/eragon/student133_ws/install/test_publisher:/home/eragon/student133_ws/install/test_pkg:/home/eragon/student133_ws/install/test_parameters:/home/eragon/student133_ws/install/test_custom_srv:/home/eragon/student133_ws/install/test_custom_publisher:/home/eragon/student133_ws/install/test_custom_msg:/home/eragon/student133_ws/install/test_client:/home/eragon/student133_ws/install/test_castom_publisher:/home/eragon/student133_ws/install/custom_counter:/opt/ros/humble'), ('SSH_AGENT_LAUNCHER', 'gnome-keyring'), ('SSH_AUTH_SOCK', '/run/user/1000/keyring/ssh'), ('LC_NAME', 'ru_RU.UTF-8'), ('SHELL', '/bin/bash'), ('GDMSESSION', 'ubuntu'), ('QT_ACCESSIBILITY', '1'), ('LC_MEASUREMENT', 'ru_RU.UTF-8'), ('GJS_DEBUG_OUTPUT', 'stderr'), ('LC_IDENTIFICATION', 'ru_RU.UTF-8'), ('QT_IM_MODULE', 'ibus'), ('LC_ALL', 'en_US.UTF-8'), ('PWD', '/home/eragon/student133_ws/build/test_custom_msg'), ('QT_QPA_PLATFORM', 'xcb'), ('XDG_CONFIG_DIRS', '/etc/xdg/xdg-ubuntu:/etc/xdg'), ('XDG_DATA_DIRS', '/usr/share/ubuntu:/usr/local/share/:/usr/share/:/var/lib/snapd/desktop'), ('LC_NUMERIC', 'ru_RU.UTF-8'), ('PYTHONPATH', '/home/eragon/student133_ws/install/test_custom_srv/local/lib/python3.10/dist-packages:/home/eragon/student133_ws/install/test_custom_msg/local/lib/python3.10/dist-packages:/opt/ros/humble/lib/python3.10/site-packages:/opt/ros/humble/local/lib/python3.10/dist-packages'), ('LC_PAPER', 'ru_RU.UTF-8'), ('COLCON', '1'), ('CMAKE_PREFIX_PATH', '/home/eragon/student133_ws/install/test_visualization:/home/eragon/student133_ws/install/test_subscriber:/home/eragon/student133_ws/install/test_service:/home/eragon/student133_ws/install/test_serial_communication:/home/eragon/student133_ws/install/test_publisher:/home/eragon/student133_ws/install/test_pkg:/home/eragon/student133_ws/install/test_parameters:/home/eragon/student133_ws/install/test_custom_srv:/home/eragon/student133_ws/install/test_custom_publisher:/home/eragon/student133_ws/install/test_custom_msg:/home/eragon/student133_ws/install/test_client:/home/eragon/student133_ws/install/test_castom_publisher:/home/eragon/student133_ws/install/custom_counter:/opt/ros/humble')]), 'shell': False}
[1.063705] (test_custom_msg) StdoutLine: {'line': b'-- Install configuration: "Debug"\n'}
[1.064185] (test_custom_msg) StdoutLine: {'line': b'-- Up-to-date: /home/eragon/student133_ws/install/test_custom_msg/share/ament_index/resource_index/rosidl_interfaces/test_custom_msg\n'}
[1.064734] (test_custom_msg) StdoutLine: {'line': b'-- Up-to-date: /home/eragon/student133_ws/install/test_custom_msg/include/test_custom_msg/test_custom_msg\n'}
[1.064873] (test_custom_msg) StdoutLine: {'line': b'-- Up-to-date: /home/eragon/student133_ws/install/test_custom_msg/include/test_custom_msg/test_custom_msg/msg\n'}
[1.064979] (test_custom_msg) StdoutLine: {'line': b'-- Up-to-date: /home/eragon/student133_ws/install/test_custom_msg/include/test_custom_msg/test_custom_msg/msg/detail\n'}
[1.065080] (test_custom_msg) StdoutLine: {'line': b'-- Up-to-date: /home/eragon/student133_ws/install/test_custom_msg/include/test_custom_msg/test_custom_msg/msg/detail/circle__struct.h\n'}
[1.065219] (test_custom_msg) StdoutLine: {'line': b'-- Up-to-date: /home/eragon/student133_ws/install/test_custom_msg/include/test_custom_msg/test_custom_msg/msg/detail/circle__functions.h\n'}
[1.066490] (test_custom_msg) StdoutLine: {'line': b'-- Up-to-date: /home/eragon/student133_ws/install/test_custom_msg/include/test_custom_msg/test_custom_msg/msg/detail/circle__type_support.h\n'}
[1.066606] (test_custom_msg) StdoutLine: {'line': b'-- Up-to-date: /home/eragon/student133_ws/install/test_custom_msg/include/test_custom_msg/test_custom_msg/msg/detail/triangle__type_support.h\n'}
[1.066702] (test_custom_msg) StdoutLine: {'line': b'-- Up-to-date: /home/eragon/student133_ws/install/test_custom_msg/include/test_custom_msg/test_custom_msg/msg/detail/triangle__struct.h\n'}
[1.067021] (test_custom_msg) StdoutLine: {'line': b'-- Up-to-date: /home/eragon/student133_ws/install/test_custom_msg/include/test_custom_msg/test_custom_msg/msg/detail/triangle__functions.h\n'}
[1.067139] (test_custom_msg) StdoutLine: {'line': b'-- Up-to-date: /home/eragon/student133_ws/install/test_custom_msg/include/test_custom_msg/test_custom_msg/msg/detail/triangle__functions.c\n'}
[1.067635] (test_custom_msg) StdoutLine: {'line': b'-- Up-to-date: /home/eragon/student133_ws/install/test_custom_msg/include/test_custom_msg/test_custom_msg/msg/detail/circle__functions.c\n'}
[1.067745] (test_custom_msg) StdoutLine: {'line': b'-- Up-to-date: /home/eragon/student133_ws/install/test_custom_msg/include/test_custom_msg/test_custom_msg/msg/triangle.h\n'}
[1.067846] (test_custom_msg) StdoutLine: {'line': b'-- Up-to-date: /home/eragon/student133_ws/install/test_custom_msg/include/test_custom_msg/test_custom_msg/msg/circle.h\n'}
[1.067989] (test_custom_msg) StdoutLine: {'line': b'-- Up-to-date: /home/eragon/student133_ws/install/test_custom_msg/include/test_custom_msg/test_custom_msg/msg/rosidl_generator_c__visibility_control.h\n'}
[1.068090] (test_custom_msg) StdoutLine: {'line': b'-- Up-to-date: /home/eragon/student133_ws/install/test_custom_msg/share/test_custom_msg/environment/library_path.sh\n'}
[1.068353] (test_custom_msg) StdoutLine: {'line': b'-- Up-to-date: /home/eragon/student133_ws/install/test_custom_msg/share/test_custom_msg/environment/library_path.dsv\n'}
[1.068489] (test_custom_msg) StdoutLine: {'line': b'-- Up-to-date: /home/eragon/student133_ws/install/test_custom_msg/lib/libtest_custom_msg__rosidl_generator_c.so\n'}
[1.068590] (test_custom_msg) StdoutLine: {'line': b'-- Up-to-date: /home/eragon/student133_ws/install/test_custom_msg/include/test_custom_msg/test_custom_msg\n'}
[1.068698] (test_custom_msg) StdoutLine: {'line': b'-- Up-to-date: /home/eragon/student133_ws/install/test_custom_msg/include/test_custom_msg/test_custom_msg/msg\n'}
[1.068805] (test_custom_msg) StdoutLine: {'line': b'-- Up-to-date: /home/eragon/student133_ws/install/test_custom_msg/include/test_custom_msg/test_custom_msg/msg/detail\n'}
[1.068909] (test_custom_msg) StdoutLine: {'line': b'-- Up-to-date: /home/eragon/student133_ws/install/test_custom_msg/include/test_custom_msg/test_custom_msg/msg/detail/circle__rosidl_typesupport_fastrtps_c.h\n'}
[1.069278] (test_custom_msg) StdoutLine: {'line': b'-- Up-to-date: /home/eragon/student133_ws/install/test_custom_msg/include/test_custom_msg/test_custom_msg/msg/detail/triangle__rosidl_typesupport_fastrtps_c.h\n'}
[1.069403] (test_custom_msg) StdoutLine: {'line': b'-- Up-to-date: /home/eragon/student133_ws/install/test_custom_msg/include/test_custom_msg/test_custom_msg/msg/rosidl_typesupport_fastrtps_c__visibility_control.h\n'}
[1.069513] (test_custom_msg) StdoutLine: {'line': b'-- Up-to-date: /home/eragon/student133_ws/install/test_custom_msg/lib/libtest_custom_msg__rosidl_typesupport_fastrtps_c.so\n'}
[1.069609] (test_custom_msg) StdoutLine: {'line': b'-- Up-to-date: /home/eragon/student133_ws/install/test_custom_msg/include/test_custom_msg/test_custom_msg\n'}
[1.069713] (test_custom_msg) StdoutLine: {'line': b'-- Up-to-date: /home/eragon/student133_ws/install/test_custom_msg/include/test_custom_msg/test_custom_msg/msg\n'}
[1.069817] (test_custom_msg) StdoutLine: {'line': b'-- Up-to-date: /home/eragon/student133_ws/install/test_custom_msg/include/test_custom_msg/test_custom_msg/msg/detail\n'}
[1.069916] (test_custom_msg) StdoutLine: {'line': b'-- Up-to-date: /home/eragon/student133_ws/install/test_custom_msg/include/test_custom_msg/test_custom_msg/msg/detail/circle__struct.hpp\n'}
[1.070021] (test_custom_msg) StdoutLine: {'line': b'-- Up-to-date: /home/eragon/student133_ws/install/test_custom_msg/include/test_custom_msg/test_custom_msg/msg/detail/triangle__struct.hpp\n'}
[1.070123] (test_custom_msg) StdoutLine: {'line': b'-- Up-to-date: /home/eragon/student133_ws/install/test_custom_msg/include/test_custom_msg/test_custom_msg/msg/detail/triangle__builder.hpp\n'}
[1.070268] (test_custom_msg) StdoutLine: {'line': b'-- Up-to-date: /home/eragon/student133_ws/install/test_custom_msg/include/test_custom_msg/test_custom_msg/msg/detail/circle__traits.hpp\n'}
[1.070855] (test_custom_msg) StdoutLine: {'line': b'-- Up-to-date: /home/eragon/student133_ws/install/test_custom_msg/include/test_custom_msg/test_custom_msg/msg/detail/triangle__traits.hpp\n'}
[1.070974] (test_custom_msg) StdoutLine: {'line': b'-- Up-to-date: /home/eragon/student133_ws/install/test_custom_msg/include/test_custom_msg/test_custom_msg/msg/detail/circle__builder.hpp\n'}
[1.071085] (test_custom_msg) StdoutLine: {'line': b'-- Up-to-date: /home/eragon/student133_ws/install/test_custom_msg/include/test_custom_msg/test_custom_msg/msg/circle.hpp\n'}
[1.071336] (test_custom_msg) StdoutLine: {'line': b'-- Up-to-date: /home/eragon/student133_ws/install/test_custom_msg/include/test_custom_msg/test_custom_msg/msg/triangle.hpp\n'}
[1.071454] (test_custom_msg) StdoutLine: {'line': b'-- Up-to-date: /home/eragon/student133_ws/install/test_custom_msg/include/test_custom_msg/test_custom_msg\n'}
[1.071559] (test_custom_msg) StdoutLine: {'line': b'-- Up-to-date: /home/eragon/student133_ws/install/test_custom_msg/include/test_custom_msg/test_custom_msg/msg\n'}
[1.071667] (test_custom_msg) StdoutLine: {'line': b'-- Up-to-date: /home/eragon/student133_ws/install/test_custom_msg/include/test_custom_msg/test_custom_msg/msg/detail\n'}
[1.071774] (test_custom_msg) StdoutLine: {'line': b'-- Up-to-date: /home/eragon/student133_ws/install/test_custom_msg/include/test_custom_msg/test_custom_msg/msg/detail/dds_fastrtps\n'}
[1.071882] (test_custom_msg) StdoutLine: {'line': b'-- Up-to-date: /home/eragon/student133_ws/install/test_custom_msg/include/test_custom_msg/test_custom_msg/msg/detail/triangle__rosidl_typesupport_fastrtps_cpp.hpp\n'}
[1.071985] (test_custom_msg) StdoutLine: {'line': b'-- Up-to-date: /home/eragon/student133_ws/install/test_custom_msg/include/test_custom_msg/test_custom_msg/msg/detail/circle__rosidl_typesupport_fastrtps_cpp.hpp\n'}
[1.072085] (test_custom_msg) StdoutLine: {'line': b'-- Up-to-date: /home/eragon/student133_ws/install/test_custom_msg/include/test_custom_msg/test_custom_msg/msg/rosidl_typesupport_fastrtps_cpp__visibility_control.h\n'}
[1.072207] (test_custom_msg) StdoutLine: {'line': b'-- Up-to-date: /home/eragon/student133_ws/install/test_custom_msg/lib/libtest_custom_msg__rosidl_typesupport_fastrtps_cpp.so\n'}
[1.072724] (test_custom_msg) StdoutLine: {'line': b'-- Up-to-date: /home/eragon/student133_ws/install/test_custom_msg/include/test_custom_msg/test_custom_msg\n'}
[1.072826] (test_custom_msg) StdoutLine: {'line': b'-- Up-to-date: /home/eragon/student133_ws/install/test_custom_msg/include/test_custom_msg/test_custom_msg/msg\n'}
[1.072914] (test_custom_msg) StdoutLine: {'line': b'-- Up-to-date: /home/eragon/student133_ws/install/test_custom_msg/include/test_custom_msg/test_custom_msg/msg/detail\n'}
[1.073002] (test_custom_msg) StdoutLine: {'line': b'-- Up-to-date: /home/eragon/student133_ws/install/test_custom_msg/include/test_custom_msg/test_custom_msg/msg/detail/circle__rosidl_typesupport_introspection_c.h\n'}
[1.073090] (test_custom_msg) StdoutLine: {'line': b'-- Up-to-date: /home/eragon/student133_ws/install/test_custom_msg/include/test_custom_msg/test_custom_msg/msg/detail/circle__type_support.c\n'}
[1.073221] (test_custom_msg) StdoutLine: {'line': b'-- Up-to-date: /home/eragon/student133_ws/install/test_custom_msg/include/test_custom_msg/test_custom_msg/msg/detail/triangle__rosidl_typesupport_introspection_c.h\n'}
[1.073331] (test_custom_msg) StdoutLine: {'line': b'-- Up-to-date: /home/eragon/student133_ws/install/test_custom_msg/include/test_custom_msg/test_custom_msg/msg/detail/triangle__type_support.c\n'}
[1.073427] (test_custom_msg) StdoutLine: {'line': b'-- Up-to-date: /home/eragon/student133_ws/install/test_custom_msg/include/test_custom_msg/test_custom_msg/msg/rosidl_typesupport_introspection_c__visibility_control.h\n'}
[1.073517] (test_custom_msg) StdoutLine: {'line': b'-- Up-to-date: /home/eragon/student133_ws/install/test_custom_msg/lib/libtest_custom_msg__rosidl_typesupport_introspection_c.so\n'}
[1.073722] (test_custom_msg) StdoutLine: {'line': b'-- Up-to-date: /home/eragon/student133_ws/install/test_custom_msg/lib/libtest_custom_msg__rosidl_typesupport_c.so\n'}
[1.073792] (test_custom_msg) StdoutLine: {'line': b'-- Up-to-date: /home/eragon/student133_ws/install/test_custom_msg/include/test_custom_msg/test_custom_msg\n'}
[1.073857] (test_custom_msg) StdoutLine: {'line': b'-- Up-to-date: /home/eragon/student133_ws/install/test_custom_msg/include/test_custom_msg/test_custom_msg/msg\n'}
[1.073920] (test_custom_msg) StdoutLine: {'line': b'-- Up-to-date: /home/eragon/student133_ws/install/test_custom_msg/include/test_custom_msg/test_custom_msg/msg/detail\n'}
[1.073984] (test_custom_msg) StdoutLine: {'line': b'-- Up-to-date: /home/eragon/student133_ws/install/test_custom_msg/include/test_custom_msg/test_custom_msg/msg/detail/triangle__rosidl_typesupport_introspection_cpp.hpp\n'}
[1.074049] (test_custom_msg) StdoutLine: {'line': b'-- Up-to-date: /home/eragon/student133_ws/install/test_custom_msg/include/test_custom_msg/test_custom_msg/msg/detail/triangle__type_support.cpp\n'}
[1.074114] (test_custom_msg) StdoutLine: {'line': b'-- Up-to-date: /home/eragon/student133_ws/install/test_custom_msg/include/test_custom_msg/test_custom_msg/msg/detail/circle__rosidl_typesupport_introspection_cpp.hpp\n'}
[1.074208] (test_custom_msg) StdoutLine: {'line': b'-- Up-to-date: /home/eragon/student133_ws/install/test_custom_msg/include/test_custom_msg/test_custom_msg/msg/detail/circle__type_support.cpp\n'}
[1.074282] (test_custom_msg) StdoutLine: {'line': b'-- Up-to-date: /home/eragon/student133_ws/install/test_custom_msg/lib/libtest_custom_msg__rosidl_typesupport_introspection_cpp.so\n'}
[1.074347] (test_custom_msg) StdoutLine: {'line': b'-- Up-to-date: /home/eragon/student133_ws/install/test_custom_msg/lib/libtest_custom_msg__rosidl_typesupport_cpp.so\n'}
[1.074413] (test_custom_msg) StdoutLine: {'line': b'-- Up-to-date: /home/eragon/student133_ws/install/test_custom_msg/share/test_custom_msg/environment/pythonpath.sh\n'}
[1.074477] (test_custom_msg) StdoutLine: {'line': b'-- Up-to-date: /home/eragon/student133_ws/install/test_custom_msg/share/test_custom_msg/environment/pythonpath.dsv\n'}
[1.074562] (test_custom_msg) StdoutLine: {'line': b'-- Up-to-date: /home/eragon/student133_ws/install/test_custom_msg/local/lib/python3.10/dist-packages/test_custom_msg-0.0.0-py3.10.egg-info\n'}
[1.074646] (test_custom_msg) StdoutLine: {'line': b'-- Installing: /home/eragon/student133_ws/install/test_custom_msg/local/lib/python3.10/dist-packages/test_custom_msg-0.0.0-py3.10.egg-info/dependency_links.txt\n'}
[1.074713] (test_custom_msg) StdoutLine: {'line': b'-- Installing: /home/eragon/student133_ws/install/test_custom_msg/local/lib/python3.10/dist-packages/test_custom_msg-0.0.0-py3.10.egg-info/PKG-INFO\n'}
[1.075003] (test_custom_msg) StdoutLine: {'line': b'-- Installing: /home/eragon/student133_ws/install/test_custom_msg/local/lib/python3.10/dist-packages/test_custom_msg-0.0.0-py3.10.egg-info/top_level.txt\n'}
[1.075128] (test_custom_msg) StdoutLine: {'line': b'-- Installing: /home/eragon/student133_ws/install/test_custom_msg/local/lib/python3.10/dist-packages/test_custom_msg-0.0.0-py3.10.egg-info/SOURCES.txt\n'}
[1.075242] (test_custom_msg) StdoutLine: {'line': b'-- Up-to-date: /home/eragon/student133_ws/install/test_custom_msg/local/lib/python3.10/dist-packages/test_custom_msg\n'}
[1.075318] (test_custom_msg) StdoutLine: {'line': b'-- Up-to-date: /home/eragon/student133_ws/install/test_custom_msg/local/lib/python3.10/dist-packages/test_custom_msg/__init__.py\n'}
[1.075405] (test_custom_msg) StdoutLine: {'line': b'-- Up-to-date: /home/eragon/student133_ws/install/test_custom_msg/local/lib/python3.10/dist-packages/test_custom_msg/test_custom_msg_s__rosidl_typesupport_fastrtps_c.cpython-310-x86_64-linux-gnu.so\n'}
[1.075476] (test_custom_msg) StdoutLine: {'line': b'-- Up-to-date: /home/eragon/student133_ws/install/test_custom_msg/local/lib/python3.10/dist-packages/test_custom_msg/test_custom_msg_s__rosidl_typesupport_introspection_c.cpython-310-x86_64-linux-gnu.so\n'}
[1.075544] (test_custom_msg) StdoutLine: {'line': b'-- Up-to-date: /home/eragon/student133_ws/install/test_custom_msg/local/lib/python3.10/dist-packages/test_custom_msg/test_custom_msg_s__rosidl_typesupport_c.cpython-310-x86_64-linux-gnu.so\n'}
[1.075612] (test_custom_msg) StdoutLine: {'line': b'-- Up-to-date: /home/eragon/student133_ws/install/test_custom_msg/local/lib/python3.10/dist-packages/test_custom_msg/_test_custom_msg_s.ep.rosidl_typesupport_introspection_c.c\n'}
[1.075680] (test_custom_msg) StdoutLine: {'line': b'-- Up-to-date: /home/eragon/student133_ws/install/test_custom_msg/local/lib/python3.10/dist-packages/test_custom_msg/_test_custom_msg_s.ep.rosidl_typesupport_c.c\n'}
[1.075746] (test_custom_msg) StdoutLine: {'line': b'-- Up-to-date: /home/eragon/student133_ws/install/test_custom_msg/local/lib/python3.10/dist-packages/test_custom_msg/msg\n'}
[1.075810] (test_custom_msg) StdoutLine: {'line': b'-- Up-to-date: /home/eragon/student133_ws/install/test_custom_msg/local/lib/python3.10/dist-packages/test_custom_msg/msg/__init__.py\n'}
[1.075875] (test_custom_msg) StdoutLine: {'line': b'-- Up-to-date: /home/eragon/student133_ws/install/test_custom_msg/local/lib/python3.10/dist-packages/test_custom_msg/msg/_triangle.py\n'}
[1.075941] (test_custom_msg) StdoutLine: {'line': b'-- Up-to-date: /home/eragon/student133_ws/install/test_custom_msg/local/lib/python3.10/dist-packages/test_custom_msg/msg/_circle_s.c\n'}
[1.076006] (test_custom_msg) StdoutLine: {'line': b'-- Up-to-date: /home/eragon/student133_ws/install/test_custom_msg/local/lib/python3.10/dist-packages/test_custom_msg/msg/_circle.py\n'}
[1.076276] (test_custom_msg) StdoutLine: {'line': b'-- Up-to-date: /home/eragon/student133_ws/install/test_custom_msg/local/lib/python3.10/dist-packages/test_custom_msg/msg/_triangle_s.c\n'}
[1.076353] (test_custom_msg) StdoutLine: {'line': b'-- Up-to-date: /home/eragon/student133_ws/install/test_custom_msg/local/lib/python3.10/dist-packages/test_custom_msg/libtest_custom_msg__rosidl_generator_py.so\n'}
[1.076421] (test_custom_msg) StdoutLine: {'line': b'-- Up-to-date: /home/eragon/student133_ws/install/test_custom_msg/local/lib/python3.10/dist-packages/test_custom_msg/_test_custom_msg_s.ep.rosidl_typesupport_fastrtps_c.c\n'}
[1.098222] (test_custom_srv) JobProgress: {'identifier': 'test_custom_srv', 'progress': 'install'}
[1.098323] (test_custom_srv) Command: {'cmd': ['/usr/bin/cmake', '--install', '/home/eragon/student133_ws/build/test_custom_srv'], 'cwd': '/home/eragon/student133_ws/build/test_custom_srv', 'env': OrderedDict([('GJS_DEBUG_TOPICS', 'JS ERROR;JS LOG'), ('LANGUAGE', 'ru'), ('LC_TIME', 'ru_RU.UTF-8'), ('USER', 'eragon'), ('XDG_SESSION_TYPE', 'wayland'), ('LD_LIBRARY_PATH', '/home/eragon/student133_ws/install/test_custom_srv/lib:/home/eragon/student133_ws/install/test_custom_msg/lib:/opt/ros/humble/opt/rviz_ogre_vendor/lib:/opt/ros/humble/lib/x86_64-linux-gnu:/opt/ros/humble/lib'), ('SHLVL', '1'), ('HOME', '/home/eragon'), ('DESKTOP_SESSION', 'ubuntu'), ('QTDIR', '/usr/lib/x86_64-linux-gnu/qt5'), ('GIO_LAUNCHED_DESKTOP_FILE', '/home/eragon/.local/share/applications/org.qt-project.qtcreator.desktop'), ('GNOME_SHELL_SESSION_MODE', 'ubuntu'), ('GTK_MODULES', 'gail:atk-bridge'), ('ROS_PYTHON_VERSION', '3'), ('LC_MONETARY', 'ru_RU.UTF-8'), ('MANAGERPID', '869'), ('DBUS_SESSION_BUS_ADDRESS', 'unix:path'), ('SYSTEMD_EXEC_PID', '1041'), ('GIO_LAUNCHED_DESKTOP_FILE_PID', '2694'), ('COLCON_PREFIX_PATH', '/home/eragon/student133_ws/install'), ('IM_CONFIG_PHASE', '1'), ('ROS_DISTRO', 'humble'), ('WAYLAND_DISPLAY', 'wayland-0'), ('LOGNAME', 'eragon'), ('JOURNAL_STREAM', '8:8864'), ('_', '/usr/bin/env'), ('ROS_VERSION', '2'), ('XDG_SESSION_CLASS', 'user'), ('QSG_RHI_BACKEND', 'opengl'), ('USERNAME', 'eragon'), ('GNOME_DESKTOP_SESSION_ID', 'this-is-deprecated'), ('ROS_LOCALHOST_ONLY', '0'), ('PATH', '/opt/ros/humble/bin:/home/eragon/.local/bin:/usr/local/sbin:/usr/local/bin:/usr/sbin:/usr/bin:/sbin:/bin:/usr/games:/usr/local/games:/snap/bin:/snap/bin'), ('INVOCATION_ID', '68df7faf19e64317b848cbed1cabd08b'), ('PAPERSIZE', 'a4'), ('SESSION_MANAGER', 'local/eragon-KPL-W0X:@/tmp/.ICE-unix/1015,unix/eragon-KPL-W0X:/tmp/.ICE-unix/1015'), ('GNOME_SETUP_DISPLAY', ':1'), ('LC_ADDRESS', 'ru_RU.UTF-8'), ('XDG_MENU_PREFIX', 'gnome-'), ('XDG_RUNTIME_DIR', '/run/user/1000'), ('DISPLAY', ':0'), ('LANG', 'ru_RU.UTF-8'), ('LC_TELEPHONE', 'ru_RU.UTF-8'), ('XDG_CURRENT_DESKTOP', 'ubuntu:GNOME'), ('XAUTHORITY', '/run/user/1000/.mutter-Xwaylandauth.JLCEW2'), ('XDG_SESSION_DESKTOP', 'ubuntu'), ('XMODIFIERS', '@im'), ('AMENT_PREFIX_PATH', '/home/eragon/student133_ws/install/test_visualization:/home/eragon/student133_ws/install/test_subscriber:/home/eragon/student133_ws/install/test_service:/home/eragon/student133_ws/install/test_serial_communication:/home/eragon/student133_ws/install/test_publisher:/home/eragon/student133_ws/install/test_pkg:/home/eragon/student133_ws/install/test_parameters:/home/eragon/student133_ws/install/test_custom_srv:/home/eragon/student133_ws/install/test_custom_publisher:/home/eragon/student133_ws/install/test_custom_msg:/home/eragon/student133_ws/install/test_client:/home/eragon/student133_ws/install/test_castom_publisher:/home/eragon/student133_ws/install/custom_counter:/opt/ros/humble'), ('SSH_AGENT_LAUNCHER', 'gnome-keyring'), ('SSH_AUTH_SOCK', '/run/user/1000/keyring/ssh'), ('LC_NAME', 'ru_RU.UTF-8'), ('SHELL', '/bin/bash'), ('GDMSESSION', 'ubuntu'), ('QT_ACCESSIBILITY', '1'), ('LC_MEASUREMENT', 'ru_RU.UTF-8'), ('GJS_DEBUG_OUTPUT', 'stderr'), ('LC_IDENTIFICATION', 'ru_RU.UTF-8'), ('QT_IM_MODULE', 'ibus'), ('LC_ALL', 'en_US.UTF-8'), ('PWD', '/home/eragon/student133_ws/build/test_custom_srv'), ('QT_QPA_PLATFORM', 'xcb'), ('XDG_CONFIG_DIRS', '/etc/xdg/xdg-ubuntu:/etc/xdg'), ('XDG_DATA_DIRS', '/usr/share/ubuntu:/usr/local/share/:/usr/share/:/var/lib/snapd/desktop'), ('LC_NUMERIC', 'ru_RU.UTF-8'), ('PYTHONPATH', '/home/eragon/student133_ws/install/test_custom_srv/local/lib/python3.10/dist-packages:/home/eragon/student133_ws/install/test_custom_msg/local/lib/python3.10/dist-packages:/opt/ros/humble/lib/python3.10/site-packages:/opt/ros/humble/local/lib/python3.10/dist-packages'), ('LC_PAPER', 'ru_RU.UTF-8'), ('COLCON', '1'), ('CMAKE_PREFIX_PATH', '/home/eragon/student133_ws/install/test_visualization:/home/eragon/student133_ws/install/test_subscriber:/home/eragon/student133_ws/install/test_service:/home/eragon/student133_ws/install/test_serial_communication:/home/eragon/student133_ws/install/test_publisher:/home/eragon/student133_ws/install/test_pkg:/home/eragon/student133_ws/install/test_parameters:/home/eragon/student133_ws/install/test_custom_srv:/home/eragon/student133_ws/install/test_custom_publisher:/home/eragon/student133_ws/install/test_custom_msg:/home/eragon/student133_ws/install/test_client:/home/eragon/student133_ws/install/test_castom_publisher:/home/eragon/student133_ws/install/custom_counter:/opt/ros/humble')]), 'shell': False}
[1.100461] (test_tf_broadcaster) StdoutLine: {'line': b'-- Found rosidl_generator_c: 3.1.5 (/opt/ros/humble/share/rosidl_generator_c/cmake)\n'}
[1.106856] (test_tf_broadcaster) StdoutLine: {'line': b'-- Found rosidl_adapter: 3.1.5 (/opt/ros/humble/share/rosidl_adapter/cmake)\n'}
[1.112149] (test_custom_srv) StdoutLine: {'line': b'-- Install configuration: "Debug"\n'}
[1.112965] (test_custom_srv) StdoutLine: {'line': b'-- Up-to-date: /home/eragon/student133_ws/install/test_custom_srv/share/ament_index/resource_index/rosidl_interfaces/test_custom_srv\n'}
[1.113152] (test_custom_srv) StdoutLine: {'line': b'-- Up-to-date: /home/eragon/student133_ws/install/test_custom_srv/include/test_custom_srv/test_custom_srv\n'}
[1.113500] (test_custom_srv) StdoutLine: {'line': b'-- Up-to-date: /home/eragon/student133_ws/install/test_custom_srv/include/test_custom_srv/test_custom_srv/srv\n'}
[1.113654] (test_custom_srv) StdoutLine: {'line': b'-- Up-to-date: /home/eragon/student133_ws/install/test_custom_srv/include/test_custom_srv/test_custom_srv/srv/detail\n'}
[1.113788] (test_custom_srv) StdoutLine: {'line': b'-- Up-to-date: /home/eragon/student133_ws/install/test_custom_srv/include/test_custom_srv/test_custom_srv/srv/detail/triangle_square__type_support.h\n'}
[1.113924] (test_custom_srv) StdoutLine: {'line': b'-- Up-to-date: /home/eragon/student133_ws/install/test_custom_srv/include/test_custom_srv/test_custom_srv/srv/detail/circle_square__functions.c\n'}
[1.114055] (test_custom_srv) StdoutLine: {'line': b'-- Up-to-date: /home/eragon/student133_ws/install/test_custom_srv/include/test_custom_srv/test_custom_srv/srv/detail/circle_square__struct.h\n'}
[1.114203] (test_custom_srv) StdoutLine: {'line': b'-- Up-to-date: /home/eragon/student133_ws/install/test_custom_srv/include/test_custom_srv/test_custom_srv/srv/detail/triangle_square__functions.c\n'}
[1.115501] (test_custom_srv) StdoutLine: {'line': b'-- Up-to-date: /home/eragon/student133_ws/install/test_custom_srv/include/test_custom_srv/test_custom_srv/srv/detail/triangle_square__struct.h\n'}
[1.115866] (test_custom_srv) StdoutLine: {'line': b'-- Up-to-date: /home/eragon/student133_ws/install/test_custom_srv/include/test_custom_srv/test_custom_srv/srv/detail/circle_square__type_support.h\n'}
[1.116005] (test_custom_srv) StdoutLine: {'line': b'-- Up-to-date: /home/eragon/student133_ws/install/test_custom_srv/include/test_custom_srv/test_custom_srv/srv/detail/triangle_square__functions.h\n'}
[1.116117] (test_custom_srv) StdoutLine: {'line': b'-- Up-to-date: /home/eragon/student133_ws/install/test_custom_srv/include/test_custom_srv/test_custom_srv/srv/detail/circle_square__functions.h\n'}
[1.116535] (test_custom_srv) StdoutLine: {'line': b'-- Up-to-date: /home/eragon/student133_ws/install/test_custom_srv/include/test_custom_srv/test_custom_srv/srv/circle_square.h\n'}
[1.116637] (test_custom_srv) StdoutLine: {'line': b'-- Up-to-date: /home/eragon/student133_ws/install/test_custom_srv/include/test_custom_srv/test_custom_srv/srv/triangle_square.h\n'}
[1.116861] (test_custom_srv) StdoutLine: {'line': b'-- Up-to-date: /home/eragon/student133_ws/install/test_custom_srv/include/test_custom_srv/test_custom_srv/msg\n'}
[1.116981] (test_custom_srv) StdoutLine: {'line': b'-- Up-to-date: /home/eragon/student133_ws/install/test_custom_srv/include/test_custom_srv/test_custom_srv/msg/rosidl_generator_c__visibility_control.h\n'}
[1.117092] (test_custom_srv) StdoutLine: {'line': b'-- Up-to-date: /home/eragon/student133_ws/install/test_custom_srv/share/test_custom_srv/environment/library_path.sh\n'}
[1.117367] (-) TimerEvent: {}
[1.117542] (test_custom_srv) StdoutLine: {'line': b'-- Up-to-date: /home/eragon/student133_ws/install/test_custom_srv/share/test_custom_srv/environment/library_path.dsv\n'}
[1.118216] (test_custom_srv) StdoutLine: {'line': b'-- Up-to-date: /home/eragon/student133_ws/install/test_custom_srv/lib/libtest_custom_srv__rosidl_generator_c.so\n'}
[1.118796] (test_custom_srv) StdoutLine: {'line': b'-- Up-to-date: /home/eragon/student133_ws/install/test_custom_srv/include/test_custom_srv/test_custom_srv\n'}
[1.118977] (test_custom_srv) StdoutLine: {'line': b'-- Up-to-date: /home/eragon/student133_ws/install/test_custom_srv/include/test_custom_srv/test_custom_srv/srv\n'}
[1.119098] (test_custom_srv) StdoutLine: {'line': b'-- Up-to-date: /home/eragon/student133_ws/install/test_custom_srv/include/test_custom_srv/test_custom_srv/srv/detail\n'}
[1.119332] (test_custom_srv) StdoutLine: {'line': b'-- Up-to-date: /home/eragon/student133_ws/install/test_custom_srv/include/test_custom_srv/test_custom_srv/srv/detail/triangle_square__rosidl_typesupport_fastrtps_c.h\n'}
[1.119468] (test_custom_srv) StdoutLine: {'line': b'-- Up-to-date: /home/eragon/student133_ws/install/test_custom_srv/include/test_custom_srv/test_custom_srv/srv/detail/circle_square__rosidl_typesupport_fastrtps_c.h\n'}
[1.119575] (test_custom_srv) StdoutLine: {'line': b'-- Up-to-date: /home/eragon/student133_ws/install/test_custom_srv/include/test_custom_srv/test_custom_srv/msg\n'}
[1.119682] (test_custom_srv) StdoutLine: {'line': b'-- Up-to-date: /home/eragon/student133_ws/install/test_custom_srv/include/test_custom_srv/test_custom_srv/msg/rosidl_typesupport_fastrtps_c__visibility_control.h\n'}
[1.119792] (test_custom_srv) StdoutLine: {'line': b'-- Up-to-date: /home/eragon/student133_ws/install/test_custom_srv/lib/libtest_custom_srv__rosidl_typesupport_fastrtps_c.so\n'}
[1.119903] (test_custom_srv) StdoutLine: {'line': b'-- Up-to-date: /home/eragon/student133_ws/install/test_custom_srv/include/test_custom_srv/test_custom_srv\n'}
[1.120189] (test_custom_srv) StdoutLine: {'line': b'-- Up-to-date: /home/eragon/student133_ws/install/test_custom_srv/include/test_custom_srv/test_custom_srv/srv\n'}
[1.120377] (test_custom_srv) StdoutLine: {'line': b'-- Up-to-date: /home/eragon/student133_ws/install/test_custom_srv/include/test_custom_srv/test_custom_srv/srv/detail\n'}
[1.120491] (test_custom_srv) StdoutLine: {'line': b'-- Up-to-date: /home/eragon/student133_ws/install/test_custom_srv/include/test_custom_srv/test_custom_srv/srv/detail/circle_square__rosidl_typesupport_introspection_c.h\n'}
[1.120687] (test_custom_srv) StdoutLine: {'line': b'-- Up-to-date: /home/eragon/student133_ws/install/test_custom_srv/include/test_custom_srv/test_custom_srv/srv/detail/circle_square__type_support.c\n'}
[1.120812] (test_custom_srv) StdoutLine: {'line': b'-- Up-to-date: /home/eragon/student133_ws/install/test_custom_srv/include/test_custom_srv/test_custom_srv/srv/detail/triangle_square__type_support.c\n'}
[1.120937] (test_custom_srv) StdoutLine: {'line': b'-- Up-to-date: /home/eragon/student133_ws/install/test_custom_srv/include/test_custom_srv/test_custom_srv/srv/detail/triangle_square__rosidl_typesupport_introspection_c.h\n'}
[1.121067] (test_custom_srv) StdoutLine: {'line': b'-- Up-to-date: /home/eragon/student133_ws/install/test_custom_srv/include/test_custom_srv/test_custom_srv/msg\n'}
[1.121223] (test_custom_srv) StdoutLine: {'line': b'-- Up-to-date: /home/eragon/student133_ws/install/test_custom_srv/include/test_custom_srv/test_custom_srv/msg/rosidl_typesupport_introspection_c__visibility_control.h\n'}
[1.121364] (test_custom_srv) StdoutLine: {'line': b'-- Up-to-date: /home/eragon/student133_ws/install/test_custom_srv/lib/libtest_custom_srv__rosidl_typesupport_introspection_c.so\n'}
[1.121470] (test_custom_srv) StdoutLine: {'line': b'-- Up-to-date: /home/eragon/student133_ws/install/test_custom_srv/lib/libtest_custom_srv__rosidl_typesupport_c.so\n'}
[1.121596] (test_custom_srv) StdoutLine: {'line': b'-- Up-to-date: /home/eragon/student133_ws/install/test_custom_srv/include/test_custom_srv/test_custom_srv\n'}
[1.121954] (test_custom_srv) StdoutLine: {'line': b'-- Up-to-date: /home/eragon/student133_ws/install/test_custom_srv/include/test_custom_srv/test_custom_srv/srv\n'}
[1.122121] (test_custom_srv) StdoutLine: {'line': b'-- Up-to-date: /home/eragon/student133_ws/install/test_custom_srv/include/test_custom_srv/test_custom_srv/srv/detail\n'}
[1.122387] (test_custom_srv) StdoutLine: {'line': b'-- Up-to-date: /home/eragon/student133_ws/install/test_custom_srv/include/test_custom_srv/test_custom_srv/srv/detail/circle_square__builder.hpp\n'}
[1.122539] (test_custom_srv) StdoutLine: {'line': b'-- Up-to-date: /home/eragon/student133_ws/install/test_custom_srv/include/test_custom_srv/test_custom_srv/srv/detail/circle_square__struct.hpp\n'}
[1.122672] (test_custom_srv) StdoutLine: {'line': b'-- Up-to-date: /home/eragon/student133_ws/install/test_custom_srv/include/test_custom_srv/test_custom_srv/srv/detail/triangle_square__traits.hpp\n'}
[1.122797] (test_custom_srv) StdoutLine: {'line': b'-- Up-to-date: /home/eragon/student133_ws/install/test_custom_srv/include/test_custom_srv/test_custom_srv/srv/detail/circle_square__traits.hpp\n'}
[1.122924] (test_custom_srv) StdoutLine: {'line': b'-- Up-to-date: /home/eragon/student133_ws/install/test_custom_srv/include/test_custom_srv/test_custom_srv/srv/detail/triangle_square__struct.hpp\n'}
[1.123040] (test_custom_srv) StdoutLine: {'line': b'-- Up-to-date: /home/eragon/student133_ws/install/test_custom_srv/include/test_custom_srv/test_custom_srv/srv/detail/triangle_square__builder.hpp\n'}
[1.123152] (test_custom_srv) StdoutLine: {'line': b'-- Up-to-date: /home/eragon/student133_ws/install/test_custom_srv/include/test_custom_srv/test_custom_srv/srv/circle_square.hpp\n'}
[1.123304] (test_custom_srv) StdoutLine: {'line': b'-- Up-to-date: /home/eragon/student133_ws/install/test_custom_srv/include/test_custom_srv/test_custom_srv/srv/triangle_square.hpp\n'}
[1.123422] (test_custom_srv) StdoutLine: {'line': b'-- Up-to-date: /home/eragon/student133_ws/install/test_custom_srv/include/test_custom_srv/test_custom_srv\n'}
[1.123543] (test_custom_srv) StdoutLine: {'line': b'-- Up-to-date: /home/eragon/student133_ws/install/test_custom_srv/include/test_custom_srv/test_custom_srv/srv\n'}
[1.123660] (test_custom_srv) StdoutLine: {'line': b'-- Up-to-date: /home/eragon/student133_ws/install/test_custom_srv/include/test_custom_srv/test_custom_srv/srv/detail\n'}
[1.123781] (test_custom_srv) StdoutLine: {'line': b'-- Up-to-date: /home/eragon/student133_ws/install/test_custom_srv/include/test_custom_srv/test_custom_srv/srv/detail/circle_square__rosidl_typesupport_fastrtps_cpp.hpp\n'}
[1.123931] (test_custom_srv) StdoutLine: {'line': b'-- Up-to-date: /home/eragon/student133_ws/install/test_custom_srv/include/test_custom_srv/test_custom_srv/srv/detail/triangle_square__rosidl_typesupport_fastrtps_cpp.hpp\n'}
[1.124056] (test_custom_srv) StdoutLine: {'line': b'-- Up-to-date: /home/eragon/student133_ws/install/test_custom_srv/include/test_custom_srv/test_custom_srv/srv/detail/dds_fastrtps\n'}
[1.124185] (test_custom_srv) StdoutLine: {'line': b'-- Up-to-date: /home/eragon/student133_ws/install/test_custom_srv/include/test_custom_srv/test_custom_srv/msg\n'}
[1.124329] (test_custom_srv) StdoutLine: {'line': b'-- Up-to-date: /home/eragon/student133_ws/install/test_custom_srv/include/test_custom_srv/test_custom_srv/msg/rosidl_typesupport_fastrtps_cpp__visibility_control.h\n'}
[1.124530] (test_custom_srv) StdoutLine: {'line': b'-- Up-to-date: /home/eragon/student133_ws/install/test_custom_srv/lib/libtest_custom_srv__rosidl_typesupport_fastrtps_cpp.so\n'}
[1.124651] (test_custom_srv) StdoutLine: {'line': b'-- Up-to-date: /home/eragon/student133_ws/install/test_custom_srv/include/test_custom_srv/test_custom_srv\n'}
[1.124760] (test_custom_srv) StdoutLine: {'line': b'-- Up-to-date: /home/eragon/student133_ws/install/test_custom_srv/include/test_custom_srv/test_custom_srv/srv\n'}
[1.124870] (test_custom_srv) StdoutLine: {'line': b'-- Up-to-date: /home/eragon/student133_ws/install/test_custom_srv/include/test_custom_srv/test_custom_srv/srv/detail\n'}
[1.125080] (test_custom_srv) StdoutLine: {'line': b'-- Up-to-date: /home/eragon/student133_ws/install/test_custom_srv/include/test_custom_srv/test_custom_srv/srv/detail/circle_square__type_support.cpp\n'}
[1.125252] (test_custom_srv) StdoutLine: {'line': b'-- Up-to-date: /home/eragon/student133_ws/install/test_custom_srv/include/test_custom_srv/test_custom_srv/srv/detail/triangle_square__type_support.cpp\n'}
[1.125376] (test_custom_srv) StdoutLine: {'line': b'-- Up-to-date: /home/eragon/student133_ws/install/test_custom_srv/include/test_custom_srv/test_custom_srv/srv/detail/triangle_square__rosidl_typesupport_introspection_cpp.hpp\n'}
[1.125492] (test_custom_srv) StdoutLine: {'line': b'-- Up-to-date: /home/eragon/student133_ws/install/test_custom_srv/include/test_custom_srv/test_custom_srv/srv/detail/circle_square__rosidl_typesupport_introspection_cpp.hpp\n'}
[1.125604] (test_custom_srv) StdoutLine: {'line': b'-- Up-to-date: /home/eragon/student133_ws/install/test_custom_srv/lib/libtest_custom_srv__rosidl_typesupport_introspection_cpp.so\n'}
[1.125720] (test_custom_srv) StdoutLine: {'line': b'-- Up-to-date: /home/eragon/student133_ws/install/test_custom_srv/lib/libtest_custom_srv__rosidl_typesupport_cpp.so\n'}
[1.125841] (test_custom_srv) StdoutLine: {'line': b'-- Up-to-date: /home/eragon/student133_ws/install/test_custom_srv/share/test_custom_srv/environment/pythonpath.sh\n'}
[1.125959] (test_custom_srv) StdoutLine: {'line': b'-- Up-to-date: /home/eragon/student133_ws/install/test_custom_srv/share/test_custom_srv/environment/pythonpath.dsv\n'}
[1.126125] (test_custom_srv) StdoutLine: {'line': b'-- Up-to-date: /home/eragon/student133_ws/install/test_custom_srv/local/lib/python3.10/dist-packages/test_custom_srv-0.0.0-py3.10.egg-info\n'}
[1.126271] (test_custom_srv) StdoutLine: {'line': b'-- Installing: /home/eragon/student133_ws/install/test_custom_srv/local/lib/python3.10/dist-packages/test_custom_srv-0.0.0-py3.10.egg-info/dependency_links.txt\n'}
[1.126398] (test_custom_srv) StdoutLine: {'line': b'-- Installing: /home/eragon/student133_ws/install/test_custom_srv/local/lib/python3.10/dist-packages/test_custom_srv-0.0.0-py3.10.egg-info/PKG-INFO\n'}
[1.126531] (test_custom_srv) StdoutLine: {'line': b'-- Installing: /home/eragon/student133_ws/install/test_custom_srv/local/lib/python3.10/dist-packages/test_custom_srv-0.0.0-py3.10.egg-info/top_level.txt\n'}
[1.126635] (test_custom_msg) StdoutLine: {'line': b"Listing '/home/eragon/student133_ws/install/test_custom_msg/local/lib/python3.10/dist-packages/test_custom_msg'...\n"}
[1.126756] (test_custom_msg) StdoutLine: {'line': b"Listing '/home/eragon/student133_ws/install/test_custom_msg/local/lib/python3.10/dist-packages/test_custom_msg/msg'...\n"}
[1.126844] (test_custom_srv) StdoutLine: {'line': b'-- Installing: /home/eragon/student133_ws/install/test_custom_srv/local/lib/python3.10/dist-packages/test_custom_srv-0.0.0-py3.10.egg-info/SOURCES.txt\n'}
[1.126931] (test_custom_srv) StdoutLine: {'line': b'-- Up-to-date: /home/eragon/student133_ws/install/test_custom_srv/local/lib/python3.10/dist-packages/test_custom_srv\n'}
[1.127016] (test_custom_srv) StdoutLine: {'line': b'-- Up-to-date: /home/eragon/student133_ws/install/test_custom_srv/local/lib/python3.10/dist-packages/test_custom_srv/test_custom_srv_s__rosidl_typesupport_fastrtps_c.cpython-310-x86_64-linux-gnu.so\n'}
[1.127101] (test_custom_srv) StdoutLine: {'line': b'-- Up-to-date: /home/eragon/student133_ws/install/test_custom_srv/local/lib/python3.10/dist-packages/test_custom_srv/__init__.py\n'}
[1.127214] (test_custom_srv) StdoutLine: {'line': b'-- Up-to-date: /home/eragon/student133_ws/install/test_custom_srv/local/lib/python3.10/dist-packages/test_custom_srv/test_custom_srv_s__rosidl_typesupport_c.cpython-310-x86_64-linux-gnu.so\n'}
[1.127310] (test_custom_srv) StdoutLine: {'line': b'-- Up-to-date: /home/eragon/student133_ws/install/test_custom_srv/local/lib/python3.10/dist-packages/test_custom_srv/srv\n'}
[1.127396] (test_custom_srv) StdoutLine: {'line': b'-- Up-to-date: /home/eragon/student133_ws/install/test_custom_srv/local/lib/python3.10/dist-packages/test_custom_srv/srv/__init__.py\n'}
[1.127495] (test_custom_srv) StdoutLine: {'line': b'-- Up-to-date: /home/eragon/student133_ws/install/test_custom_srv/local/lib/python3.10/dist-packages/test_custom_srv/srv/_triangle_square_s.c\n'}
[1.127585] (test_custom_srv) StdoutLine: {'line': b'-- Up-to-date: /home/eragon/student133_ws/install/test_custom_srv/local/lib/python3.10/dist-packages/test_custom_srv/srv/_triangle_square.py\n'}
[1.127687] (test_custom_srv) StdoutLine: {'line': b'-- Up-to-date: /home/eragon/student133_ws/install/test_custom_srv/local/lib/python3.10/dist-packages/test_custom_srv/srv/_circle_square_s.c\n'}
[1.127773] (test_custom_srv) StdoutLine: {'line': b'-- Up-to-date: /home/eragon/student133_ws/install/test_custom_srv/local/lib/python3.10/dist-packages/test_custom_srv/srv/_circle_square.py\n'}
[1.127865] (test_custom_srv) StdoutLine: {'line': b'-- Up-to-date: /home/eragon/student133_ws/install/test_custom_srv/local/lib/python3.10/dist-packages/test_custom_srv/libtest_custom_srv__rosidl_generator_py.so\n'}
[1.127948] (test_custom_srv) StdoutLine: {'line': b'-- Up-to-date: /home/eragon/student133_ws/install/test_custom_srv/local/lib/python3.10/dist-packages/test_custom_srv/test_custom_srv_s__rosidl_typesupport_introspection_c.cpython-310-x86_64-linux-gnu.so\n'}
[1.128031] (test_custom_srv) StdoutLine: {'line': b'-- Up-to-date: /home/eragon/student133_ws/install/test_custom_srv/local/lib/python3.10/dist-packages/test_custom_srv/_test_custom_srv_s.ep.rosidl_typesupport_c.c\n'}
[1.128117] (test_custom_srv) StdoutLine: {'line': b'-- Up-to-date: /home/eragon/student133_ws/install/test_custom_srv/local/lib/python3.10/dist-packages/test_custom_srv/_test_custom_srv_s.ep.rosidl_typesupport_fastrtps_c.c\n'}
[1.128222] (test_custom_srv) StdoutLine: {'line': b'-- Up-to-date: /home/eragon/student133_ws/install/test_custom_srv/local/lib/python3.10/dist-packages/test_custom_srv/_test_custom_srv_s.ep.rosidl_typesupport_introspection_c.c\n'}
[1.128293] (test_tf_broadcaster) StdoutLine: {'line': b'-- Found rosidl_generator_cpp: 3.1.5 (/opt/ros/humble/share/rosidl_generator_cpp/cmake)\n'}
[1.128854] (test_custom_msg) StdoutLine: {'line': b'-- Up-to-date: /home/eragon/student133_ws/install/test_custom_msg/local/lib/python3.10/dist-packages/test_custom_msg/test_custom_msg_s__rosidl_typesupport_fastrtps_c.cpython-310-x86_64-linux-gnu.so\n'}
[1.129408] (test_custom_msg) StdoutLine: {'line': b'-- Up-to-date: /home/eragon/student133_ws/install/test_custom_msg/local/lib/python3.10/dist-packages/test_custom_msg/test_custom_msg_s__rosidl_typesupport_introspection_c.cpython-310-x86_64-linux-gnu.so\n'}
[1.129962] (test_custom_msg) StdoutLine: {'line': b'-- Up-to-date: /home/eragon/student133_ws/install/test_custom_msg/local/lib/python3.10/dist-packages/test_custom_msg/test_custom_msg_s__rosidl_typesupport_c.cpython-310-x86_64-linux-gnu.so\n'}
[1.130531] (test_custom_msg) StdoutLine: {'line': b'-- Up-to-date: /home/eragon/student133_ws/install/test_custom_msg/lib/libtest_custom_msg__rosidl_generator_py.so\n'}
[1.130932] (test_custom_msg) StdoutLine: {'line': b'-- Up-to-date: /home/eragon/student133_ws/install/test_custom_msg/share/test_custom_msg/msg/Triangle.idl\n'}
[1.131074] (test_custom_msg) StdoutLine: {'line': b'-- Up-to-date: /home/eragon/student133_ws/install/test_custom_msg/share/test_custom_msg/msg/Circle.idl\n'}
[1.131459] (test_custom_msg) StdoutLine: {'line': b'-- Up-to-date: /home/eragon/student133_ws/install/test_custom_msg/share/test_custom_msg/msg/Triangle.msg\n'}
[1.132099] (test_custom_msg) StdoutLine: {'line': b'-- Up-to-date: /home/eragon/student133_ws/install/test_custom_msg/share/test_custom_msg/msg/Circle.msg\n'}
[1.132236] (test_custom_msg) StdoutLine: {'line': b'-- Up-to-date: /home/eragon/student133_ws/install/test_custom_msg/share/ament_index/resource_index/package_run_dependencies/test_custom_msg\n'}
[1.132328] (test_custom_msg) StdoutLine: {'line': b'-- Up-to-date: /home/eragon/student133_ws/install/test_custom_msg/share/ament_index/resource_index/parent_prefix_path/test_custom_msg\n'}
[1.132424] (test_custom_msg) StdoutLine: {'line': b'-- Up-to-date: /home/eragon/student133_ws/install/test_custom_msg/share/test_custom_msg/environment/ament_prefix_path.sh\n'}
[1.132533] (test_custom_msg) StdoutLine: {'line': b'-- Up-to-date: /home/eragon/student133_ws/install/test_custom_msg/share/test_custom_msg/environment/ament_prefix_path.dsv\n'}
[1.132858] (test_custom_msg) StdoutLine: {'line': b'-- Up-to-date: /home/eragon/student133_ws/install/test_custom_msg/share/test_custom_msg/environment/path.sh\n'}
[1.133071] (test_custom_msg) StdoutLine: {'line': b'-- Up-to-date: /home/eragon/student133_ws/install/test_custom_msg/share/test_custom_msg/environment/path.dsv\n'}
[1.133328] (test_custom_msg) StdoutLine: {'line': b'-- Up-to-date: /home/eragon/student133_ws/install/test_custom_msg/share/test_custom_msg/local_setup.bash\n'}
[1.133637] (test_custom_msg) StdoutLine: {'line': b'-- Up-to-date: /home/eragon/student133_ws/install/test_custom_msg/share/test_custom_msg/local_setup.sh\n'}
[1.133763] (test_custom_msg) StdoutLine: {'line': b'-- Up-to-date: /home/eragon/student133_ws/install/test_custom_msg/share/test_custom_msg/local_setup.zsh\n'}
[1.133876] (test_custom_msg) StdoutLine: {'line': b'-- Up-to-date: /home/eragon/student133_ws/install/test_custom_msg/share/test_custom_msg/local_setup.dsv\n'}
[1.133986] (test_custom_msg) StdoutLine: {'line': b'-- Installing: /home/eragon/student133_ws/install/test_custom_msg/share/test_custom_msg/package.dsv\n'}
[1.134078] (test_custom_msg) StdoutLine: {'line': b'-- Up-to-date: /home/eragon/student133_ws/install/test_custom_msg/share/ament_index/resource_index/packages/test_custom_msg\n'}
[1.134184] (test_custom_msg) StdoutLine: {'line': b'-- Up-to-date: /home/eragon/student133_ws/install/test_custom_msg/share/test_custom_msg/cmake/export_test_custom_msg__rosidl_generator_cExport.cmake\n'}
[1.134533] (test_custom_msg) StdoutLine: {'line': b'-- Up-to-date: /home/eragon/student133_ws/install/test_custom_msg/share/test_custom_msg/cmake/export_test_custom_msg__rosidl_generator_cExport-debug.cmake\n'}
[1.134633] (test_custom_msg) StdoutLine: {'line': b'-- Up-to-date: /home/eragon/student133_ws/install/test_custom_msg/share/test_custom_msg/cmake/export_test_custom_msg__rosidl_typesupport_fastrtps_cExport.cmake\n'}
[1.134723] (test_custom_msg) StdoutLine: {'line': b'-- Up-to-date: /home/eragon/student133_ws/install/test_custom_msg/share/test_custom_msg/cmake/export_test_custom_msg__rosidl_typesupport_fastrtps_cExport-debug.cmake\n'}
[1.134813] (test_custom_msg) StdoutLine: {'line': b'-- Up-to-date: /home/eragon/student133_ws/install/test_custom_msg/share/test_custom_msg/cmake/export_test_custom_msg__rosidl_generator_cppExport.cmake\n'}
[1.134903] (test_custom_msg) StdoutLine: {'line': b'-- Up-to-date: /home/eragon/student133_ws/install/test_custom_msg/share/test_custom_msg/cmake/export_test_custom_msg__rosidl_typesupport_fastrtps_cppExport.cmake\n'}
[1.135545] (test_custom_msg) StdoutLine: {'line': b'-- Up-to-date: /home/eragon/student133_ws/install/test_custom_msg/share/test_custom_msg/cmake/export_test_custom_msg__rosidl_typesupport_fastrtps_cppExport-debug.cmake\n'}
[1.135800] (test_custom_msg) StdoutLine: {'line': b'-- Up-to-date: /home/eragon/student133_ws/install/test_custom_msg/share/test_custom_msg/cmake/test_custom_msg__rosidl_typesupport_introspection_cExport.cmake\n'}
[1.135874] (test_custom_msg) StdoutLine: {'line': b'-- Up-to-date: /home/eragon/student133_ws/install/test_custom_msg/share/test_custom_msg/cmake/test_custom_msg__rosidl_typesupport_introspection_cExport-debug.cmake\n'}
[1.135941] (test_custom_msg) StdoutLine: {'line': b'-- Up-to-date: /home/eragon/student133_ws/install/test_custom_msg/share/test_custom_msg/cmake/test_custom_msg__rosidl_typesupport_cExport.cmake\n'}
[1.136006] (test_custom_msg) StdoutLine: {'line': b'-- Up-to-date: /home/eragon/student133_ws/install/test_custom_msg/share/test_custom_msg/cmake/test_custom_msg__rosidl_typesupport_cExport-debug.cmake\n'}
[1.136072] (test_custom_msg) StdoutLine: {'line': b'-- Up-to-date: /home/eragon/student133_ws/install/test_custom_msg/share/test_custom_msg/cmake/test_custom_msg__rosidl_typesupport_introspection_cppExport.cmake\n'}
[1.136151] (test_custom_msg) StdoutLine: {'line': b'-- Up-to-date: /home/eragon/student133_ws/install/test_custom_msg/share/test_custom_msg/cmake/test_custom_msg__rosidl_typesupport_introspection_cppExport-debug.cmake\n'}
[1.136296] (test_custom_msg) StdoutLine: {'line': b'-- Up-to-date: /home/eragon/student133_ws/install/test_custom_msg/share/test_custom_msg/cmake/test_custom_msg__rosidl_typesupport_cppExport.cmake\n'}
[1.136366] (test_custom_msg) StdoutLine: {'line': b'-- Up-to-date: /home/eragon/student133_ws/install/test_custom_msg/share/test_custom_msg/cmake/test_custom_msg__rosidl_typesupport_cppExport-debug.cmake\n'}
[1.136430] (test_custom_msg) StdoutLine: {'line': b'-- Up-to-date: /home/eragon/student133_ws/install/test_custom_msg/share/test_custom_msg/cmake/export_test_custom_msg__rosidl_generator_pyExport.cmake\n'}
[1.136493] (test_custom_msg) StdoutLine: {'line': b'-- Up-to-date: /home/eragon/student133_ws/install/test_custom_msg/share/test_custom_msg/cmake/export_test_custom_msg__rosidl_generator_pyExport-debug.cmake\n'}
[1.136557] (test_custom_msg) StdoutLine: {'line': b'-- Up-to-date: /home/eragon/student133_ws/install/test_custom_msg/share/test_custom_msg/cmake/rosidl_cmake-extras.cmake\n'}
[1.136621] (test_custom_msg) StdoutLine: {'line': b'-- Up-to-date: /home/eragon/student133_ws/install/test_custom_msg/share/test_custom_msg/cmake/ament_cmake_export_dependencies-extras.cmake\n'}
[1.136700] (test_custom_msg) StdoutLine: {'line': b'-- Up-to-date: /home/eragon/student133_ws/install/test_custom_msg/share/test_custom_msg/cmake/ament_cmake_export_include_directories-extras.cmake\n'}
[1.136766] (test_custom_msg) StdoutLine: {'line': b'-- Up-to-date: /home/eragon/student133_ws/install/test_custom_msg/share/test_custom_msg/cmake/ament_cmake_export_libraries-extras.cmake\n'}
[1.136830] (test_custom_msg) StdoutLine: {'line': b'-- Up-to-date: /home/eragon/student133_ws/install/test_custom_msg/share/test_custom_msg/cmake/ament_cmake_export_targets-extras.cmake\n'}
[1.136897] (test_custom_msg) StdoutLine: {'line': b'-- Up-to-date: /home/eragon/student133_ws/install/test_custom_msg/share/test_custom_msg/cmake/rosidl_cmake_export_typesupport_targets-extras.cmake\n'}
[1.136961] (test_custom_msg) StdoutLine: {'line': b'-- Up-to-date: /home/eragon/student133_ws/install/test_custom_msg/share/test_custom_msg/cmake/rosidl_cmake_export_typesupport_libraries-extras.cmake\n'}
[1.137026] (test_custom_msg) StdoutLine: {'line': b'-- Up-to-date: /home/eragon/student133_ws/install/test_custom_msg/share/test_custom_msg/cmake/test_custom_msgConfig.cmake\n'}
[1.137092] (test_custom_msg) StdoutLine: {'line': b'-- Up-to-date: /home/eragon/student133_ws/install/test_custom_msg/share/test_custom_msg/cmake/test_custom_msgConfig-version.cmake\n'}
[1.137157] (test_custom_msg) StdoutLine: {'line': b'-- Up-to-date: /home/eragon/student133_ws/install/test_custom_msg/share/test_custom_msg/package.xml\n'}
[1.139009] (test_tf_broadcaster) StdoutLine: {'line': b'-- Using all available rosidl_typesupport_c: rosidl_typesupport_fastrtps_c;rosidl_typesupport_introspection_c\n'}
[1.139680] (test_custom_msg) CommandEnded: {'returncode': 0}
[1.157070] (test_tf_broadcaster) StdoutLine: {'line': b'-- Using all available rosidl_typesupport_cpp: rosidl_typesupport_fastrtps_cpp;rosidl_typesupport_introspection_cpp\n'}
[1.165778] (test_custom_srv) StdoutLine: {'line': b"Listing '/home/eragon/student133_ws/install/test_custom_srv/local/lib/python3.10/dist-packages/test_custom_srv'...\n"}
[1.166057] (test_custom_srv) StdoutLine: {'line': b"Listing '/home/eragon/student133_ws/install/test_custom_srv/local/lib/python3.10/dist-packages/test_custom_srv/srv'...\n"}
[1.173192] (test_custom_srv) StdoutLine: {'line': b'-- Up-to-date: /home/eragon/student133_ws/install/test_custom_srv/local/lib/python3.10/dist-packages/test_custom_srv/test_custom_srv_s__rosidl_typesupport_fastrtps_c.cpython-310-x86_64-linux-gnu.so\n'}
[1.173673] (test_custom_srv) StdoutLine: {'line': b'-- Up-to-date: /home/eragon/student133_ws/install/test_custom_srv/local/lib/python3.10/dist-packages/test_custom_srv/test_custom_srv_s__rosidl_typesupport_introspection_c.cpython-310-x86_64-linux-gnu.so\n'}
[1.174393] (test_custom_srv) StdoutLine: {'line': b'-- Up-to-date: /home/eragon/student133_ws/install/test_custom_srv/local/lib/python3.10/dist-packages/test_custom_srv/test_custom_srv_s__rosidl_typesupport_c.cpython-310-x86_64-linux-gnu.so\n'}
[1.174971] (test_custom_srv) StdoutLine: {'line': b'-- Up-to-date: /home/eragon/student133_ws/install/test_custom_srv/lib/libtest_custom_srv__rosidl_generator_py.so\n'}
[1.175265] (test_custom_srv) StdoutLine: {'line': b'-- Up-to-date: /home/eragon/student133_ws/install/test_custom_srv/share/test_custom_srv/srv/CircleSquare.idl\n'}
[1.175624] (test_custom_srv) StdoutLine: {'line': b'-- Up-to-date: /home/eragon/student133_ws/install/test_custom_srv/share/test_custom_srv/srv/TriangleSquare.idl\n'}
[1.175875] (test_custom_srv) StdoutLine: {'line': b'-- Up-to-date: /home/eragon/student133_ws/install/test_custom_srv/share/test_custom_srv/srv/CircleSquare.srv\n'}
[1.176002] (test_custom_srv) StdoutLine: {'line': b'-- Up-to-date: /home/eragon/student133_ws/install/test_custom_srv/share/test_custom_srv/srv/CircleSquare_Request.msg\n'}
[1.176111] (test_custom_srv) StdoutLine: {'line': b'-- Up-to-date: /home/eragon/student133_ws/install/test_custom_srv/share/test_custom_srv/srv/CircleSquare_Response.msg\n'}
[1.176465] (test_custom_srv) StdoutLine: {'line': b'-- Up-to-date: /home/eragon/student133_ws/install/test_custom_srv/share/test_custom_srv/srv/TriangleSquare.srv\n'}
[1.176604] (test_custom_srv) StdoutLine: {'line': b'-- Up-to-date: /home/eragon/student133_ws/install/test_custom_srv/share/test_custom_srv/srv/TriangleSquare_Request.msg\n'}
[1.176718] (test_custom_srv) StdoutLine: {'line': b'-- Up-to-date: /home/eragon/student133_ws/install/test_custom_srv/share/test_custom_srv/srv/TriangleSquare_Response.msg\n'}
[1.176833] (test_custom_srv) StdoutLine: {'line': b'-- Up-to-date: /home/eragon/student133_ws/install/test_custom_srv/share/ament_index/resource_index/package_run_dependencies/test_custom_srv\n'}
[1.176941] (test_custom_srv) StdoutLine: {'line': b'-- Up-to-date: /home/eragon/student133_ws/install/test_custom_srv/share/ament_index/resource_index/parent_prefix_path/test_custom_srv\n'}
[1.177051] (test_custom_srv) StdoutLine: {'line': b'-- Up-to-date: /home/eragon/student133_ws/install/test_custom_srv/share/test_custom_srv/environment/ament_prefix_path.sh\n'}
[1.177181] (test_custom_srv) StdoutLine: {'line': b'-- Up-to-date: /home/eragon/student133_ws/install/test_custom_srv/share/test_custom_srv/environment/ament_prefix_path.dsv\n'}
[1.177807] (test_custom_srv) StdoutLine: {'line': b'-- Up-to-date: /home/eragon/student133_ws/install/test_custom_srv/share/test_custom_srv/environment/path.sh\n'}
[1.178073] (test_custom_srv) StdoutLine: {'line': b'-- Up-to-date: /home/eragon/student133_ws/install/test_custom_srv/share/test_custom_srv/environment/path.dsv\n'}
[1.178333] (test_custom_srv) StdoutLine: {'line': b'-- Up-to-date: /home/eragon/student133_ws/install/test_custom_srv/share/test_custom_srv/local_setup.bash\n'}
[1.178638] (test_custom_srv) StdoutLine: {'line': b'-- Up-to-date: /home/eragon/student133_ws/install/test_custom_srv/share/test_custom_srv/local_setup.sh\n'}
[1.178753] (test_custom_srv) StdoutLine: {'line': b'-- Up-to-date: /home/eragon/student133_ws/install/test_custom_srv/share/test_custom_srv/local_setup.zsh\n'}
[1.179005] (test_custom_srv) StdoutLine: {'line': b'-- Up-to-date: /home/eragon/student133_ws/install/test_custom_srv/share/test_custom_srv/local_setup.dsv\n'}
[1.179130] (test_custom_srv) StdoutLine: {'line': b'-- Installing: /home/eragon/student133_ws/install/test_custom_srv/share/test_custom_srv/package.dsv\n'}
[1.179474] (test_custom_srv) StdoutLine: {'line': b'-- Up-to-date: /home/eragon/student133_ws/install/test_custom_srv/share/ament_index/resource_index/packages/test_custom_srv\n'}
[1.179698] (test_custom_srv) StdoutLine: {'line': b'-- Up-to-date: /home/eragon/student133_ws/install/test_custom_srv/share/test_custom_srv/cmake/export_test_custom_srv__rosidl_generator_cExport.cmake\n'}
[1.179977] (test_custom_srv) StdoutLine: {'line': b'-- Up-to-date: /home/eragon/student133_ws/install/test_custom_srv/share/test_custom_srv/cmake/export_test_custom_srv__rosidl_generator_cExport-debug.cmake\n'}
[1.180123] (test_custom_srv) StdoutLine: {'line': b'-- Up-to-date: /home/eragon/student133_ws/install/test_custom_srv/share/test_custom_srv/cmake/export_test_custom_srv__rosidl_typesupport_fastrtps_cExport.cmake\n'}
[1.180389] (test_custom_srv) StdoutLine: {'line': b'-- Up-to-date: /home/eragon/student133_ws/install/test_custom_srv/share/test_custom_srv/cmake/export_test_custom_srv__rosidl_typesupport_fastrtps_cExport-debug.cmake\n'}
[1.180505] (test_custom_srv) StdoutLine: {'line': b'-- Up-to-date: /home/eragon/student133_ws/install/test_custom_srv/share/test_custom_srv/cmake/test_custom_srv__rosidl_typesupport_introspection_cExport.cmake\n'}
[1.180619] (test_custom_srv) StdoutLine: {'line': b'-- Up-to-date: /home/eragon/student133_ws/install/test_custom_srv/share/test_custom_srv/cmake/test_custom_srv__rosidl_typesupport_introspection_cExport-debug.cmake\n'}
[1.180727] (test_custom_srv) StdoutLine: {'line': b'-- Up-to-date: /home/eragon/student133_ws/install/test_custom_srv/share/test_custom_srv/cmake/test_custom_srv__rosidl_typesupport_cExport.cmake\n'}
[1.180827] (test_custom_srv) StdoutLine: {'line': b'-- Up-to-date: /home/eragon/student133_ws/install/test_custom_srv/share/test_custom_srv/cmake/test_custom_srv__rosidl_typesupport_cExport-debug.cmake\n'}
[1.180928] (test_custom_srv) StdoutLine: {'line': b'-- Up-to-date: /home/eragon/student133_ws/install/test_custom_srv/share/test_custom_srv/cmake/export_test_custom_srv__rosidl_generator_cppExport.cmake\n'}
[1.181036] (test_custom_srv) StdoutLine: {'line': b'-- Up-to-date: /home/eragon/student133_ws/install/test_custom_srv/share/test_custom_srv/cmake/export_test_custom_srv__rosidl_typesupport_fastrtps_cppExport.cmake\n'}
[1.181146] (test_custom_srv) StdoutLine: {'line': b'-- Up-to-date: /home/eragon/student133_ws/install/test_custom_srv/share/test_custom_srv/cmake/export_test_custom_srv__rosidl_typesupport_fastrtps_cppExport-debug.cmake\n'}
[1.181506] (test_custom_srv) StdoutLine: {'line': b'-- Up-to-date: /home/eragon/student133_ws/install/test_custom_srv/share/test_custom_srv/cmake/test_custom_srv__rosidl_typesupport_introspection_cppExport.cmake\n'}
[1.181622] (test_custom_srv) StdoutLine: {'line': b'-- Up-to-date: /home/eragon/student133_ws/install/test_custom_srv/share/test_custom_srv/cmake/test_custom_srv__rosidl_typesupport_introspection_cppExport-debug.cmake\n'}
[1.181729] (test_custom_srv) StdoutLine: {'line': b'-- Up-to-date: /home/eragon/student133_ws/install/test_custom_srv/share/test_custom_srv/cmake/test_custom_srv__rosidl_typesupport_cppExport.cmake\n'}
[1.181823] (test_custom_srv) StdoutLine: {'line': b'-- Up-to-date: /home/eragon/student133_ws/install/test_custom_srv/share/test_custom_srv/cmake/test_custom_srv__rosidl_typesupport_cppExport-debug.cmake\n'}
[1.181915] (test_custom_srv) StdoutLine: {'line': b'-- Up-to-date: /home/eragon/student133_ws/install/test_custom_srv/share/test_custom_srv/cmake/export_test_custom_srv__rosidl_generator_pyExport.cmake\n'}
[1.182023] (test_custom_srv) StdoutLine: {'line': b'-- Up-to-date: /home/eragon/student133_ws/install/test_custom_srv/share/test_custom_srv/cmake/export_test_custom_srv__rosidl_generator_pyExport-debug.cmake\n'}
[1.182124] (test_custom_srv) StdoutLine: {'line': b'-- Up-to-date: /home/eragon/student133_ws/install/test_custom_srv/share/test_custom_srv/cmake/rosidl_cmake-extras.cmake\n'}
[1.182393] (test_custom_srv) StdoutLine: {'line': b'-- Up-to-date: /home/eragon/student133_ws/install/test_custom_srv/share/test_custom_srv/cmake/ament_cmake_export_include_directories-extras.cmake\n'}
[1.182505] (test_custom_srv) StdoutLine: {'line': b'-- Up-to-date: /home/eragon/student133_ws/install/test_custom_srv/share/test_custom_srv/cmake/ament_cmake_export_libraries-extras.cmake\n'}
[1.182626] (test_custom_srv) StdoutLine: {'line': b'-- Up-to-date: /home/eragon/student133_ws/install/test_custom_srv/share/test_custom_srv/cmake/ament_cmake_export_targets-extras.cmake\n'}
[1.182720] (test_custom_srv) StdoutLine: {'line': b'-- Up-to-date: /home/eragon/student133_ws/install/test_custom_srv/share/test_custom_srv/cmake/rosidl_cmake_export_typesupport_targets-extras.cmake\n'}
[1.182814] (test_custom_srv) StdoutLine: {'line': b'-- Up-to-date: /home/eragon/student133_ws/install/test_custom_srv/share/test_custom_srv/cmake/ament_cmake_export_dependencies-extras.cmake\n'}
[1.182910] (test_custom_srv) StdoutLine: {'line': b'-- Up-to-date: /home/eragon/student133_ws/install/test_custom_srv/share/test_custom_srv/cmake/rosidl_cmake_export_typesupport_libraries-extras.cmake\n'}
[1.183011] (test_custom_srv) StdoutLine: {'line': b'-- Up-to-date: /home/eragon/student133_ws/install/test_custom_srv/share/test_custom_srv/cmake/test_custom_srvConfig.cmake\n'}
[1.183129] (test_custom_srv) StdoutLine: {'line': b'-- Up-to-date: /home/eragon/student133_ws/install/test_custom_srv/share/test_custom_srv/cmake/test_custom_srvConfig-version.cmake\n'}
[1.183260] (test_custom_srv) StdoutLine: {'line': b'-- Up-to-date: /home/eragon/student133_ws/install/test_custom_srv/share/test_custom_srv/package.xml\n'}
[1.185196] (test_custom_srv) CommandEnded: {'returncode': 0}
[1.206265] (test_tf_broadcaster) StdoutLine: {'line': b'-- Found rmw_implementation_cmake: 6.1.2 (/opt/ros/humble/share/rmw_implementation_cmake/cmake)\n'}
[1.208709] (test_tf_broadcaster) StdoutLine: {'line': b'-- Found rmw_fastrtps_cpp: 6.2.7 (/opt/ros/humble/share/rmw_fastrtps_cpp/cmake)\n'}
[1.217488] (-) TimerEvent: {}
[1.293767] (test_custom_msg) JobEnded: {'identifier': 'test_custom_msg', 'rc': 0}
[1.317613] (-) TimerEvent: {}
[1.358267] (test_custom_srv) JobEnded: {'identifier': 'test_custom_srv', 'rc': 0}
[1.360152] (test_tf_broadcaster) StdoutLine: {'line': b"-- Using RMW implementation 'rmw_fastrtps_cpp' as default\n"}
[1.417749] (-) TimerEvent: {}
[1.419451] (test_tf_broadcaster) StdoutLine: {'line': b'-- Found ament_lint_auto: 0.12.11 (/opt/ros/humble/share/ament_lint_auto/cmake)\n'}
[1.517886] (-) TimerEvent: {}
[1.531515] (test_tf_broadcaster) StdoutLine: {'line': b"-- Added test 'cppcheck' to perform static code analysis on C / C++ code\n"}
[1.531766] (test_tf_broadcaster) StdoutLine: {'line': b'-- Configured cppcheck include dirs: \n'}
[1.531886] (test_tf_broadcaster) StdoutLine: {'line': b'-- Configured cppcheck exclude dirs and/or files: \n'}
[1.532549] (test_tf_broadcaster) StdoutLine: {'line': b"-- Added test 'lint_cmake' to check CMake code style\n"}
[1.534114] (test_tf_broadcaster) StdoutLine: {'line': b"-- Added test 'uncrustify' to check C / C++ code style\n"}
[1.534357] (test_tf_broadcaster) StdoutLine: {'line': b'-- Configured uncrustify additional arguments: \n'}
[1.534717] (test_tf_broadcaster) StdoutLine: {'line': b"-- Added test 'xmllint' to check XML markup files\n"}
[1.536060] (test_tf_broadcaster) StdoutLine: {'line': b'-- Configuring done\n'}
[1.565810] (test_tf_broadcaster) StdoutLine: {'line': b'-- Generating done\n'}
[1.568118] (test_tf_broadcaster) StdoutLine: {'line': b'-- Build files have been written to: /home/eragon/student133_ws/build/test_tf_broadcaster\n'}
[1.578990] (test_tf_broadcaster) CommandEnded: {'returncode': 0}
[1.580062] (test_tf_broadcaster) JobProgress: {'identifier': 'test_tf_broadcaster', 'progress': 'build'}
[1.580128] (test_tf_broadcaster) Command: {'cmd': ['/usr/bin/cmake', '--build', '/home/eragon/student133_ws/build/test_tf_broadcaster', '--', '-j8', '-l8'], 'cwd': '/home/eragon/student133_ws/build/test_tf_broadcaster', 'env': OrderedDict([('GJS_DEBUG_TOPICS', 'JS ERROR;JS LOG'), ('LANGUAGE', 'ru'), ('LC_TIME', 'ru_RU.UTF-8'), ('USER', 'eragon'), ('XDG_SESSION_TYPE', 'wayland'), ('LD_LIBRARY_PATH', '/home/eragon/student133_ws/install/test_custom_srv/lib:/home/eragon/student133_ws/install/test_custom_msg/lib:/opt/ros/humble/opt/rviz_ogre_vendor/lib:/opt/ros/humble/lib/x86_64-linux-gnu:/opt/ros/humble/lib'), ('SHLVL', '1'), ('HOME', '/home/eragon'), ('DESKTOP_SESSION', 'ubuntu'), ('QTDIR', '/usr/lib/x86_64-linux-gnu/qt5'), ('GIO_LAUNCHED_DESKTOP_FILE', '/home/eragon/.local/share/applications/org.qt-project.qtcreator.desktop'), ('GNOME_SHELL_SESSION_MODE', 'ubuntu'), ('GTK_MODULES', 'gail:atk-bridge'), ('ROS_PYTHON_VERSION', '3'), ('LC_MONETARY', 'ru_RU.UTF-8'), ('MANAGERPID', '869'), ('DBUS_SESSION_BUS_ADDRESS', 'unix:path'), ('SYSTEMD_EXEC_PID', '1041'), ('GIO_LAUNCHED_DESKTOP_FILE_PID', '2694'), ('COLCON_PREFIX_PATH', '/home/eragon/student133_ws/install'), ('IM_CONFIG_PHASE', '1'), ('ROS_DISTRO', 'humble'), ('WAYLAND_DISPLAY', 'wayland-0'), ('LOGNAME', 'eragon'), ('JOURNAL_STREAM', '8:8864'), ('_', '/usr/bin/env'), ('ROS_VERSION', '2'), ('XDG_SESSION_CLASS', 'user'), ('QSG_RHI_BACKEND', 'opengl'), ('USERNAME', 'eragon'), ('GNOME_DESKTOP_SESSION_ID', 'this-is-deprecated'), ('ROS_LOCALHOST_ONLY', '0'), ('PATH', '/opt/ros/humble/bin:/home/eragon/.local/bin:/usr/local/sbin:/usr/local/bin:/usr/sbin:/usr/bin:/sbin:/bin:/usr/games:/usr/local/games:/snap/bin:/snap/bin'), ('INVOCATION_ID', '68df7faf19e64317b848cbed1cabd08b'), ('PAPERSIZE', 'a4'), ('SESSION_MANAGER', 'local/eragon-KPL-W0X:@/tmp/.ICE-unix/1015,unix/eragon-KPL-W0X:/tmp/.ICE-unix/1015'), ('GNOME_SETUP_DISPLAY', ':1'), ('LC_ADDRESS', 'ru_RU.UTF-8'), ('XDG_MENU_PREFIX', 'gnome-'), ('XDG_RUNTIME_DIR', '/run/user/1000'), ('DISPLAY', ':0'), ('LANG', 'ru_RU.UTF-8'), ('LC_TELEPHONE', 'ru_RU.UTF-8'), ('XDG_CURRENT_DESKTOP', 'ubuntu:GNOME'), ('XAUTHORITY', '/run/user/1000/.mutter-Xwaylandauth.JLCEW2'), ('XDG_SESSION_DESKTOP', 'ubuntu'), ('XMODIFIERS', '@im'), ('AMENT_PREFIX_PATH', '/home/eragon/student133_ws/install/test_visualization:/home/eragon/student133_ws/install/test_subscriber:/home/eragon/student133_ws/install/test_service:/home/eragon/student133_ws/install/test_serial_communication:/home/eragon/student133_ws/install/test_publisher:/home/eragon/student133_ws/install/test_pkg:/home/eragon/student133_ws/install/test_parameters:/home/eragon/student133_ws/install/test_custom_srv:/home/eragon/student133_ws/install/test_custom_publisher:/home/eragon/student133_ws/install/test_custom_msg:/home/eragon/student133_ws/install/test_client:/home/eragon/student133_ws/install/test_castom_publisher:/home/eragon/student133_ws/install/custom_counter:/opt/ros/humble'), ('SSH_AGENT_LAUNCHER', 'gnome-keyring'), ('SSH_AUTH_SOCK', '/run/user/1000/keyring/ssh'), ('LC_NAME', 'ru_RU.UTF-8'), ('SHELL', '/bin/bash'), ('GDMSESSION', 'ubuntu'), ('QT_ACCESSIBILITY', '1'), ('LC_MEASUREMENT', 'ru_RU.UTF-8'), ('GJS_DEBUG_OUTPUT', 'stderr'), ('LC_IDENTIFICATION', 'ru_RU.UTF-8'), ('QT_IM_MODULE', 'ibus'), ('LC_ALL', 'en_US.UTF-8'), ('PWD', '/home/eragon/student133_ws/build/test_tf_broadcaster'), ('QT_QPA_PLATFORM', 'xcb'), ('XDG_CONFIG_DIRS', '/etc/xdg/xdg-ubuntu:/etc/xdg'), ('XDG_DATA_DIRS', '/usr/share/ubuntu:/usr/local/share/:/usr/share/:/var/lib/snapd/desktop'), ('LC_NUMERIC', 'ru_RU.UTF-8'), ('PYTHONPATH', '/home/eragon/student133_ws/install/test_custom_srv/local/lib/python3.10/dist-packages:/home/eragon/student133_ws/install/test_custom_msg/local/lib/python3.10/dist-packages:/opt/ros/humble/lib/python3.10/site-packages:/opt/ros/humble/local/lib/python3.10/dist-packages'), ('LC_PAPER', 'ru_RU.UTF-8'), ('COLCON', '1'), ('CMAKE_PREFIX_PATH', '/home/eragon/student133_ws/install/test_visualization:/home/eragon/student133_ws/install/test_subscriber:/home/eragon/student133_ws/install/test_service:/home/eragon/student133_ws/install/test_serial_communication:/home/eragon/student133_ws/install/test_publisher:/home/eragon/student133_ws/install/test_pkg:/home/eragon/student133_ws/install/test_parameters:/home/eragon/student133_ws/install/test_custom_srv:/home/eragon/student133_ws/install/test_custom_publisher:/home/eragon/student133_ws/install/test_custom_msg:/home/eragon/student133_ws/install/test_client:/home/eragon/student133_ws/install/test_castom_publisher:/home/eragon/student133_ws/install/custom_counter:/opt/ros/humble')]), 'shell': False}
[1.618006] (-) TimerEvent: {}
[1.680561] (test_tf_broadcaster) StdoutLine: {'line': b'[ 50%] Building CXX object CMakeFiles/test_tf_broadcaster_node.dir/src/test_tf_broadcaster_node.cpp.o\n'}
[1.718174] (-) TimerEvent: {}
[1.818593] (-) TimerEvent: {}
[1.918941] (-) TimerEvent: {}
[2.019290] (-) TimerEvent: {}
[2.119618] (-) TimerEvent: {}
[2.219975] (-) TimerEvent: {}
[2.320483] (-) TimerEvent: {}
[2.420810] (-) TimerEvent: {}
[2.521186] (-) TimerEvent: {}
[2.621589] (-) TimerEvent: {}
[2.721936] (-) TimerEvent: {}
[2.822286] (-) TimerEvent: {}
[2.922647] (-) TimerEvent: {}
[3.022992] (-) TimerEvent: {}
[3.123439] (-) TimerEvent: {}
[3.223993] (-) TimerEvent: {}
[3.324364] (-) TimerEvent: {}
[3.424723] (-) TimerEvent: {}
[3.525100] (-) TimerEvent: {}
[3.576103] (test_basic_publisher) StderrLine: {'line': b'/home/eragon/student133_ws/src/test_basic_publisher/src/test_basic_publisher.cpp: In constructor \xe2\x80\x98TestBasicPublisher::TestBasicPublisher()\xe2\x80\x99:\n'}
[3.576402] (test_basic_publisher) StderrLine: {'line': b'/home/eragon/student133_ws/src/test_basic_publisher/src/test_basic_publisher.cpp:13:9: error: class \xe2\x80\x98TestBasicPublisher\xe2\x80\x99 does not have any field named \xe2\x80\x98counter\xe2\x80\x99\n'}
[3.576540] (test_basic_publisher) StderrLine: {'line': b'   13 |         counter(0)\n'}
[3.576653] (test_basic_publisher) StderrLine: {'line': b'      |         ^~~~~~~\n'}
[3.590758] (test_basic_publisher) StderrLine: {'line': b'/home/eragon/student133_ws/src/test_basic_publisher/src/test_basic_publisher.cpp: In member function \xe2\x80\x98void TestBasicPublisher::timer_callback()\xe2\x80\x99:\n'}
[3.590977] (test_basic_publisher) StderrLine: {'line': b'/home/eragon/student133_ws/src/test_basic_publisher/src/test_basic_publisher.cpp:27:9: error: \xe2\x80\x98ste_msgs\xe2\x80\x99 has not been declared\n'}
[3.591098] (test_basic_publisher) StderrLine: {'line': b'   27 |         ste_msgs::msg::String messege;\n'}
[3.591228] (test_basic_publisher) StderrLine: {'line': b'      |         ^~~~~~~~\n'}
[3.596613] (test_basic_publisher) StderrLine: {'line': b'/home/eragon/student133_ws/src/test_basic_publisher/src/test_basic_publisher.cpp:28:9: error: \xe2\x80\x98message\xe2\x80\x99 was not declared in this scope\n'}
[3.596807] (test_basic_publisher) StderrLine: {'line': b'   28 |         message.data = "Counter "+ std::to_strong(counter);\n'}
[3.596891] (test_basic_publisher) StderrLine: {'line': b'      |         ^~~~~~~\n'}
[3.597768] (test_basic_publisher) StderrLine: {'line': b'/home/eragon/student133_ws/src/test_basic_publisher/src/test_basic_publisher.cpp:28:41: error: \xe2\x80\x98to_strong\xe2\x80\x99 is not a member of \xe2\x80\x98std\xe2\x80\x99; did you mean \xe2\x80\x98to_string\xe2\x80\x99?\n'}
[3.598238] (test_basic_publisher) StderrLine: {'line': b'   28 |         message.data = "Counter "+ std::to_strong(counter);\n'}
[3.598340] (test_basic_publisher) StderrLine: {'line': b'      |                                         ^~~~~~~~~\n'}
[3.598434] (test_basic_publisher) StderrLine: {'line': b'      |                                         to_string\n'}
[3.604098] (test_basic_publisher) StderrLine: {'line': b'/home/eragon/student133_ws/src/test_basic_publisher/src/test_basic_publisher.cpp:28:51: error: \xe2\x80\x98counter\xe2\x80\x99 was not declared in this scope\n'}
[3.604385] (test_basic_publisher) StderrLine: {'line': b'   28 |         message.data = "Counter "+ std::to_strong(counter);\n'}
[3.604485] (test_basic_publisher) StderrLine: {'line': b'      |                                                   ^~~~~~~\n'}
[3.611620] (test_basic_publisher) StderrLine: {'line': b'/home/eragon/student133_ws/src/test_basic_publisher/src/test_basic_publisher.cpp:30:9: error: \xe2\x80\x98RCLSPP_INFO\xe2\x80\x99 was not declared in this scope; did you mean \xe2\x80\x98RCLCPP_INFO\xe2\x80\x99?\n'}
[3.611893] (test_basic_publisher) StderrLine: {'line': b'   30 |         RCLSPP_INFO(this->get_logger(),"Publised: "<<message.data);\n'}
[3.611992] (test_basic_publisher) StderrLine: {'line': b'      |         ^~~~~~~~~~~\n'}
[3.612111] (test_basic_publisher) StderrLine: {'line': b'      |         RCLCPP_INFO\n'}
[3.615796] (test_basic_publisher) StderrLine: {'line': b'/home/eragon/student133_ws/src/test_basic_publisher/src/test_basic_publisher.cpp: In function \xe2\x80\x98int main(int, char**)\xe2\x80\x99:\n'}
[3.616083] (test_basic_publisher) StderrLine: {'line': b'/home/eragon/student133_ws/src/test_basic_publisher/src/test_basic_publisher.cpp:38:35: error: \xe2\x80\x98TestNode\xe2\x80\x99 was not declared in this scope\n'}
[3.616285] (test_basic_publisher) StderrLine: {'line': b'   38 |     rclcpp::spin(std::make_shared<TestNode>());\n'}
[3.616386] (test_basic_publisher) StderrLine: {'line': b'      |                                   ^~~~~~~~\n'}
[3.616504] (test_basic_publisher) StderrLine: {'line': b'/home/eragon/student133_ws/src/test_basic_publisher/src/test_basic_publisher.cpp:38:44: error: no matching function for call to \xe2\x80\x98make_shared<<expression error> >()\xe2\x80\x99\n'}
[3.616612] (test_basic_publisher) StderrLine: {'line': b'   38 |     rclcpp::spin(std::make_shared<TestNode>());\n'}
[3.616720] (test_basic_publisher) StderrLine: {'line': b'      |                  ~~~~~~~~~~~~~~~~~~~~~~~~~~^~\n'}
[3.616823] (test_basic_publisher) StderrLine: {'line': b'In file included from /usr/include/c++/11/memory:77,\n'}
[3.617259] (test_basic_publisher) StderrLine: {'line': b'                 from /opt/ros/humble/include/rclcpp/rclcpp/rclcpp.hpp:153,\n'}
[3.617437] (test_basic_publisher) StderrLine: {'line': b'                 from /home/eragon/student133_ws/src/test_basic_publisher/src/test_basic_publisher.cpp:2:\n'}
[3.617540] (test_basic_publisher) StderrLine: {'line': b'/usr/include/c++/11/bits/shared_ptr.h:875:5: note: candidate: \xe2\x80\x98template<class _Tp, class ... _Args> std::shared_ptr<_Tp> std::make_shared(_Args&& ...)\xe2\x80\x99\n'}
[3.617642] (test_basic_publisher) StderrLine: {'line': b'  875 |     make_shared(_Args&&... __args)\n'}
[3.617747] (test_basic_publisher) StderrLine: {'line': b'      |     ^~~~~~~~~~~\n'}
[3.617862] (test_basic_publisher) StderrLine: {'line': b'/usr/include/c++/11/bits/shared_ptr.h:875:5: note:   template argument deduction/substitution failed:\n'}
[3.617963] (test_basic_publisher) StderrLine: {'line': b'/home/eragon/student133_ws/src/test_basic_publisher/src/test_basic_publisher.cpp:38:44: error: template argument 1 is invalid\n'}
[3.618064] (test_basic_publisher) StderrLine: {'line': b'   38 |     rclcpp::spin(std::make_shared<TestNode>());\n'}
[3.618180] (test_basic_publisher) StderrLine: {'line': b'      |                  ~~~~~~~~~~~~~~~~~~~~~~~~~~^~\n'}
[3.625242] (-) TimerEvent: {}
[3.725604] (-) TimerEvent: {}
[3.826423] (-) TimerEvent: {}
[3.927259] (-) TimerEvent: {}
[4.027760] (-) TimerEvent: {}
[4.128639] (-) TimerEvent: {}
[4.229479] (-) TimerEvent: {}
[4.330348] (-) TimerEvent: {}
[4.431231] (-) TimerEvent: {}
[4.532293] (-) TimerEvent: {}
[4.633157] (-) TimerEvent: {}
[4.734045] (-) TimerEvent: {}
[4.788862] (test_basic_publisher) StderrLine: {'line': b'gmake[2]: *** [CMakeFiles/test_basic_publisher.dir/build.make:76: CMakeFiles/test_basic_publisher.dir/src/test_basic_publisher.cpp.o] \xd0\x9e\xd1\x88\xd0\xb8\xd0\xb1\xd0\xba\xd0\xb0 1\n'}
[4.789330] (test_basic_publisher) StderrLine: {'line': b'gmake[1]: *** [CMakeFiles/Makefile2:137: CMakeFiles/test_basic_publisher.dir/all] \xd0\x9e\xd1\x88\xd0\xb8\xd0\xb1\xd0\xba\xd0\xb0 2\n'}
[4.789677] (test_basic_publisher) StderrLine: {'line': b'gmake: *** [Makefile:146: all] \xd0\x9e\xd1\x88\xd0\xb8\xd0\xb1\xd0\xba\xd0\xb0 2\n'}
[4.794519] (test_basic_publisher) CommandEnded: {'returncode': 2}
[4.834141] (-) TimerEvent: {}
[4.865895] (test_basic_publisher) JobEnded: {'identifier': 'test_basic_publisher', 'rc': 2}
[4.934252] (-) TimerEvent: {}
[5.034656] (-) TimerEvent: {}
[5.135072] (-) TimerEvent: {}
[5.235516] (-) TimerEvent: {}
[5.335904] (-) TimerEvent: {}
[5.436311] (-) TimerEvent: {}
[5.536729] (-) TimerEvent: {}
[5.637138] (-) TimerEvent: {}
[5.737622] (-) TimerEvent: {}
[5.838028] (-) TimerEvent: {}
[5.938450] (-) TimerEvent: {}
[6.038808] (-) TimerEvent: {}
[6.117007] (test_tf_broadcaster) StdoutLine: {'line': b'[100%] Linking CXX executable test_tf_broadcaster_node\n'}
[6.138935] (-) TimerEvent: {}
[6.239355] (-) TimerEvent: {}
[6.334427] (test_tf_broadcaster) StdoutLine: {'line': b'[100%] Built target test_tf_broadcaster_node\n'}
[6.339488] (-) TimerEvent: {}
[6.360654] (test_tf_broadcaster) JobEnded: {'identifier': 'test_tf_broadcaster', 'rc': 'SIGINT'}
[6.371247] (-) EventReactorShutdown: {}
