[0.068s] Invoking command in '/home/eragon/student133_ws/build/test_basic_publisher': CMAKE_PREFIX_PATH=${CMAKE_PREFIX_PATH}:/opt/ros/humble /usr/bin/cmake --build /home/eragon/student133_ws/build/test_basic_publisher -- -j8 -l8
[0.148s] Consolidate compiler generated dependencies of target test_basic_publisher
[0.191s] [ 50%] Building CXX object CMakeFiles/test_basic_publisher.dir/src/test_basic_publisher.cpp.o
[3.540s] /home/eragon/student133_ws/src/test_basic_publisher/src/test_basic_publisher.cpp: In constructor ‘TestBasicPublisher::TestBasicPublisher()’:
[3.540s] /home/eragon/student133_ws/src/test_basic_publisher/src/test_basic_publisher.cpp:13:9: error: class ‘TestBasicPublisher’ does not have any field named ‘counter’
[3.540s]    13 |         counter(0)
[3.541s]       |         ^~~~~~~
[3.543s] /home/eragon/student133_ws/src/test_basic_publisher/src/test_basic_publisher.cpp:18:48: error: ‘TestNode’ has not been declared
[3.543s]    18 |                                     std::bind(&TestNode::timer_callback,
[3.543s]       |                                                ^~~~~~~~
[3.543s] /home/eragon/student133_ws/src/test_basic_publisher/src/test_basic_publisher.cpp: In member function ‘void TestBasicPublisher::timer_callback()’:
[3.543s] /home/eragon/student133_ws/src/test_basic_publisher/src/test_basic_publisher.cpp:27:9: error: ‘ste_msgs’ has not been declared
[3.544s]    27 |         ste_msgs::msg::String messege;
[3.544s]       |         ^~~~~~~~
[3.549s] /home/eragon/student133_ws/src/test_basic_publisher/src/test_basic_publisher.cpp:28:9: error: ‘message’ was not declared in this scope
[3.549s]    28 |         message.data = "Counter "+ std::to_strong(counter);
[3.549s]       |         ^~~~~~~
[3.550s] /home/eragon/student133_ws/src/test_basic_publisher/src/test_basic_publisher.cpp:28:41: error: ‘to_strong’ is not a member of ‘std’; did you mean ‘to_string’?
[3.550s]    28 |         message.data = "Counter "+ std::to_strong(counter);
[3.550s]       |                                         ^~~~~~~~~
[3.550s]       |                                         to_string
[3.555s] /home/eragon/student133_ws/src/test_basic_publisher/src/test_basic_publisher.cpp:28:51: error: ‘counter’ was not declared in this scope
[3.555s]    28 |         message.data = "Counter "+ std::to_strong(counter);
[3.555s]       |                                                   ^~~~~~~
[3.561s] /home/eragon/student133_ws/src/test_basic_publisher/src/test_basic_publisher.cpp:30:9: error: ‘RCLSPP_INFO’ was not declared in this scope; did you mean ‘RCLCPP_INFO’?
[3.562s]    30 |         RCLSPP_INFO(this->get_logger(),"Publised: "<<message.data);
[3.562s]       |         ^~~~~~~~~~~
[3.562s]       |         RCLCPP_INFO
[3.565s] /home/eragon/student133_ws/src/test_basic_publisher/src/test_basic_publisher.cpp: In function ‘int main(int, char**)’:
[3.565s] /home/eragon/student133_ws/src/test_basic_publisher/src/test_basic_publisher.cpp:38:35: error: ‘TestNode’ was not declared in this scope
[3.566s]    38 |     rclcpp::spin(std::make_shared<TestNode>());
[3.566s]       |                                   ^~~~~~~~
[3.566s] /home/eragon/student133_ws/src/test_basic_publisher/src/test_basic_publisher.cpp:38:44: error: no matching function for call to ‘make_shared<<expression error> >()’
[3.566s]    38 |     rclcpp::spin(std::make_shared<TestNode>());
[3.566s]       |                  ~~~~~~~~~~~~~~~~~~~~~~~~~~^~
[3.566s] In file included from /usr/include/c++/11/memory:77,
[3.567s]                  from /opt/ros/humble/include/rclcpp/rclcpp/rclcpp.hpp:153,
[3.567s]                  from /home/eragon/student133_ws/src/test_basic_publisher/src/test_basic_publisher.cpp:2:
[3.567s] /usr/include/c++/11/bits/shared_ptr.h:875:5: note: candidate: ‘template<class _Tp, class ... _Args> std::shared_ptr<_Tp> std::make_shared(_Args&& ...)’
[3.567s]   875 |     make_shared(_Args&&... __args)
[3.567s]       |     ^~~~~~~~~~~
[3.567s] /usr/include/c++/11/bits/shared_ptr.h:875:5: note:   template argument deduction/substitution failed:
[3.567s] /home/eragon/student133_ws/src/test_basic_publisher/src/test_basic_publisher.cpp:38:44: error: template argument 1 is invalid
[3.568s]    38 |     rclcpp::spin(std::make_shared<TestNode>());
[3.568s]       |                  ~~~~~~~~~~~~~~~~~~~~~~~~~~^~
[4.657s] gmake[2]: *** [CMakeFiles/test_basic_publisher.dir/build.make:76: CMakeFiles/test_basic_publisher.dir/src/test_basic_publisher.cpp.o] Ошибка 1
[4.657s] gmake[1]: *** [CMakeFiles/Makefile2:137: CMakeFiles/test_basic_publisher.dir/all] Ошибка 2
[4.658s] gmake: *** [Makefile:146: all] Ошибка 2
