[0.034s] Invoking command in '/home/robot33-6/student133_ws/build/test_service': CMAKE_PREFIX_PATH=${CMAKE_PREFIX_PATH}:/opt/ros/humble /usr/bin/cmake --build /home/robot33-6/student133_ws/build/test_service -- -j8 -l8
[0.095s] Consolidate compiler generated dependencies of target service_triangle
[0.110s] Consolidate compiler generated dependencies of target test_service_node
[0.116s] [ 50%] Built target service_triangle
[0.128s] [ 75%] Linking CXX executable test_service_node
[0.481s] /usr/bin/ld: CMakeFiles/test_service_node.dir/src/test_service_node.cpp.o: in function `rclcpp::Service<test_custom_srv::srv::CircleSquare>::Service(std::shared_ptr<rcl_node_s>, std::__cxx11::basic_string<char, std::char_traits<char>, std::allocator<char> > const&, rclcpp::AnyServiceCallback<test_custom_srv::srv::CircleSquare>, rcl_service_options_s&)':
[0.482s] /opt/ros/humble/include/rclcpp/rclcpp/service.hpp:313: undefined reference to `rosidl_service_type_support_t const* rosidl_typesupport_cpp::get_service_type_support_handle<test_custom_srv::srv::CircleSquare>()'
[0.487s] collect2: error: ld returned 1 exit status
[0.488s] gmake[2]: *** [CMakeFiles/test_service_node.dir/build.make:159: test_service_node] Error 1
[0.489s] gmake[1]: *** [CMakeFiles/Makefile2:139: CMakeFiles/test_service_node.dir/all] Error 2
[0.489s] gmake: *** [Makefile:146: all] Error 2
[0.491s] Invoked command in '/home/robot33-6/student133_ws/build/test_service' returned '2': CMAKE_PREFIX_PATH=${CMAKE_PREFIX_PATH}:/opt/ros/humble /usr/bin/cmake --build /home/robot33-6/student133_ws/build/test_service -- -j8 -l8
