[0.068s] Invoking command in '/home/eragon/student133_ws/build/pointcloud': CMAKE_PREFIX_PATH=${CMAKE_PREFIX_PATH}:/opt/ros/humble /usr/bin/cmake --build /home/eragon/student133_ws/build/pointcloud -- -j8 -l8
[0.190s] Consolidate compiler generated dependencies of target pointcloud_node
[0.272s] [ 50%] Building CXX object CMakeFiles/pointcloud_node.dir/src/pointcloud_node.cpp.o
[6.257s] /home/eragon/student133_ws/src/pointcloud/src/pointcloud_node.cpp: In member function ‘void LabPointCloud::timer_callback()’:
[6.258s] /home/eragon/student133_ws/src/pointcloud/src/pointcloud_node.cpp:45:27: warning: unused variable ‘tu’ [-Wunused-variable]
[6.258s]    45 |                     float tu = distance;
[6.258s]       |                           ^~
[6.265s] /home/eragon/student133_ws/src/pointcloud/src/pointcloud_node.cpp:48:32: error: ‘tu’ was not declared in this scope; did you mean ‘tm’?
[6.265s]    48 |                     distance = tu;
[6.265s]       |                                ^~
[6.265s]       |                                tm
[8.082s] gmake[2]: *** [CMakeFiles/pointcloud_node.dir/build.make:76: CMakeFiles/pointcloud_node.dir/src/pointcloud_node.cpp.o] Ошибка 1
[8.082s] gmake[1]: *** [CMakeFiles/Makefile2:137: CMakeFiles/pointcloud_node.dir/all] Ошибка 2
[8.083s] gmake: *** [Makefile:146: all] Ошибка 2
[8.088s] Invoked command in '/home/eragon/student133_ws/build/pointcloud' returned '2': CMAKE_PREFIX_PATH=${CMAKE_PREFIX_PATH}:/opt/ros/humble /usr/bin/cmake --build /home/eragon/student133_ws/build/pointcloud -- -j8 -l8
