/home/robot33-6/student133_ws/src/test_publisher/src/test_publisher_node.cpp: In constructor ‘TestPublisher::TestPublisher()’:
/home/robot33-6/student133_ws/src/test_publisher/src/test_publisher_node.cpp:14:55: error: ‘int32’ is not a member of ‘std_msgs::msg’
   14 |     publisher = this->create_publisher<std_msgs::msg::int32>
      |                                                       ^~~~~
/home/robot33-6/student133_ws/src/test_publisher/src/test_publisher_node.cpp:15:29: error: no matching function for call to ‘TestPublisher::create_publisher<<expression error> >(int)’
   14 |     publisher = this->create_publisher<std_msgs::msg::int32>
      |                 ~~~~~~~~~~~~~~~~~~~~~~~~~~~~~~~~~~~~~~~~~~~~
   15 |                             (8);
      |                             ^~~
In file included from /opt/ros/humble/include/rclcpp/rclcpp/executors/single_threaded_executor.hpp:28,
                 from /opt/ros/humble/include/rclcpp/rclcpp/executors.hpp:22,
                 from /opt/ros/humble/include/rclcpp/rclcpp/rclcpp.hpp:155,
                 from /home/robot33-6/student133_ws/src/test_publisher/src/test_publisher_node.cpp:1:
/opt/ros/humble/include/rclcpp/rclcpp/node.hpp:195:3: note: candidate: ‘template<class MessageT, class AllocatorT, class PublisherT> std::shared_ptr<PublisherT> rclcpp::Node::create_publisher(const string&, const rclcpp::QoS&, const rclcpp::PublisherOptionsWithAllocator<AllocatorT>&)’
  195 |   create_publisher(
      |   ^~~~~~~~~~~~~~~~
/opt/ros/humble/include/rclcpp/rclcpp/node.hpp:195:3: note:   template argument deduction/substitution failed:
/home/robot33-6/student133_ws/src/test_publisher/src/test_publisher_node.cpp:15:29: error: template argument 1 is invalid
   14 |     publisher = this->create_publisher<std_msgs::msg::int32>
      |                 ~~~~~~~~~~~~~~~~~~~~~~~~~~~~~~~~~~~~~~~~~~~~
   15 |                             (8);
      |                             ^~~
gmake[2]: *** [CMakeFiles/test_publisher_node.dir/build.make:76: CMakeFiles/test_publisher_node.dir/src/test_publisher_node.cpp.o] Error 1
gmake[1]: *** [CMakeFiles/Makefile2:137: CMakeFiles/test_publisher_node.dir/all] Error 2
gmake: *** [Makefile:146: all] Error 2
