Consolidate compiler generated dependencies of target client_triangle
[ 50%] Built target test_client_node
[ 75%] Building CXX object CMakeFiles/client_triangle.dir/src/client_triangle.cpp.o
/home/robot33-6/student133_ws/src/test_client/src/client_triangle.cpp: In member function ‘void PartClient::timer_callback()’:
/home/robot33-6/student133_ws/src/test_client/src/client_triangle.cpp:35:37: error: ‘v’ was not declared in this scope
   35 |         request = std:: make_shared<v::srv::TriangleSquare::Request>();
      |                                     ^
/home/robot33-6/student133_ws/src/test_client/src/client_triangle.cpp:35:25: error: parse error in template argument list
   35 |         request = std:: make_shared<v::srv::TriangleSquare::Request>();
      |                         ^~~~~~~~~~~~~~~~~~~~~~~~~~~~~~~~~~~~~~~~~~~~
/home/robot33-6/student133_ws/src/test_client/src/client_triangle.cpp:35:69: error: no matching function for call to ‘make_shared<<expression error> >()’
   35 |         request = std:: make_shared<v::srv::TriangleSquare::Request>();
      |                   ~~~~~~~~~~~~~~~~~~~~~~~~~~~~~~~~~~~~~~~~~~~~~~~~~~^~
In file included from /usr/include/c++/11/memory:77,
                 from /opt/ros/humble/include/rclcpp/rclcpp/rclcpp.hpp:153,
                 from /home/robot33-6/student133_ws/src/test_client/src/client_triangle.cpp:1:
/usr/include/c++/11/bits/shared_ptr.h:875:5: note: candidate: ‘template<class _Tp, class ... _Args> std::shared_ptr<_Tp> std::make_shared(_Args&& ...)’
  875 |     make_shared(_Args&&... __args)
      |     ^~~~~~~~~~~
/usr/include/c++/11/bits/shared_ptr.h:875:5: note:   template argument deduction/substitution failed:
/home/robot33-6/student133_ws/src/test_client/src/client_triangle.cpp:35:69: error: template argument 1 is invalid
   35 |         request = std:: make_shared<v::srv::TriangleSquare::Request>();
      |                   ~~~~~~~~~~~~~~~~~~~~~~~~~~~~~~~~~~~~~~~~~~~~~~~~~~^~
gmake[2]: *** [CMakeFiles/client_triangle.dir/build.make:76: CMakeFiles/client_triangle.dir/src/client_triangle.cpp.o] Error 1
gmake[1]: *** [CMakeFiles/Makefile2:165: CMakeFiles/client_triangle.dir/all] Error 2
gmake: *** [Makefile:146: all] Error 2
