Consolidate compiler generated dependencies of target test_custom_publisher_node
[ 50%] Building CXX object CMakeFiles/test_custom_publisher_node.dir/src/test_custom_publisher.cpp.o
/home/robot33-6/student133_ws/src/test_custom_publisher/src/test_custom_publisher.cpp:20:43: error: ‘Triangle’ is not a member of ‘test_custom_msg::msg’
   20 |   rclcpp::Publisher<test_custom_msg::msg::Triangle>::SharedPtr
      |                                           ^~~~~~~~
/home/robot33-6/student133_ws/src/test_custom_publisher/src/test_custom_publisher.cpp:20:51: error: template argument 1 is invalid
   20 |   rclcpp::Publisher<test_custom_msg::msg::Triangle>::SharedPtr
      |                                                   ^
/home/robot33-6/student133_ws/src/test_custom_publisher/src/test_custom_publisher.cpp:20:54: error: expected ‘;’ at end of member declaration
   20 |   rclcpp::Publisher<test_custom_msg::msg::Triangle>::SharedPtr
      |                                                      ^~~~~~~~~
      |                                                               ;
/home/robot33-6/student133_ws/src/test_custom_publisher/src/test_custom_publisher.cpp:21:3: error: ‘publisher’ does not name a type
   21 |   publisher;
      |   ^~~~~~~~~
/home/robot33-6/student133_ws/src/test_custom_publisher/src/test_custom_publisher.cpp: In constructor ‘CustomPublisher::CustomPublisher()’:
/home/robot33-6/student133_ws/src/test_custom_publisher/src/test_custom_publisher.cpp:9:5: error: ‘publisher’ was not declared in this scope
    9 |     publisher =
      |     ^~~~~~~~~
/home/robot33-6/student133_ws/src/test_custom_publisher/src/test_custom_publisher.cpp:10:54: error: ‘Triangle’ is not a member of ‘test_custom_msg::msg’
   10 |         this->create_publisher<test_custom_msg::msg::Triangle>
      |                                                      ^~~~~~~~
/home/robot33-6/student133_ws/src/test_custom_publisher/src/test_custom_publisher.cpp:11:9: error: no matching function for call to ‘CustomPublisher::create_publisher<<expression error> >(const char [15], int)’
   10 |         this->create_publisher<test_custom_msg::msg::Triangle>
      |         ~~~~~~~~~~~~~~~~~~~~~~~~~~~~~~~~~~~~~~~~~~~~~~~~~~~~~~
   11 |         ("/triangle_test", 10);
      |         ^~~~~~~~~~~~~~~~~~~~~~
In file included from /opt/ros/humble/include/rclcpp/rclcpp/executors/single_threaded_executor.hpp:28,
                 from /opt/ros/humble/include/rclcpp/rclcpp/executors.hpp:22,
                 from /opt/ros/humble/include/rclcpp/rclcpp/rclcpp.hpp:155,
                 from /home/robot33-6/student133_ws/src/test_custom_publisher/src/test_custom_publisher.cpp:1:
/opt/ros/humble/include/rclcpp/rclcpp/node.hpp:195:3: note: candidate: ‘template<class MessageT, class AllocatorT, class PublisherT> std::shared_ptr<PublisherT> rclcpp::Node::create_publisher(const string&, const rclcpp::QoS&, const rclcpp::PublisherOptionsWithAllocator<AllocatorT>&)’
  195 |   create_publisher(
      |   ^~~~~~~~~~~~~~~~
/opt/ros/humble/include/rclcpp/rclcpp/node.hpp:195:3: note:   template argument deduction/substitution failed:
/home/robot33-6/student133_ws/src/test_custom_publisher/src/test_custom_publisher.cpp:11:9: error: template argument 1 is invalid
   10 |         this->create_publisher<test_custom_msg::msg::Triangle>
      |         ~~~~~~~~~~~~~~~~~~~~~~~~~~~~~~~~~~~~~~~~~~~~~~~~~~~~~~
   11 |         ("/triangle_test", 10);
      |         ^~~~~~~~~~~~~~~~~~~~~~
/home/robot33-6/student133_ws/src/test_custom_publisher/src/test_custom_publisher.cpp: In member function ‘void CustomPublisher::timer_callback()’:
/home/robot33-6/student133_ws/src/test_custom_publisher/src/test_custom_publisher.cpp:23:27: error: ‘Triangle’ is not a member of ‘test_custom_msg::msg’
   23 |     test_custom_msg::msg::Triangle Triangle_msg =
      |                           ^~~~~~~~
/home/robot33-6/student133_ws/src/test_custom_publisher/src/test_custom_publisher.cpp:25:5: error: ‘Triangle_msg’ was not declared in this scope
   25 |     Triangle_msg.center.x=45;
      |     ^~~~~~~~~~~~
/home/robot33-6/student133_ws/src/test_custom_publisher/src/test_custom_publisher.cpp:29:5: error: ‘publisher’ was not declared in this scope
   29 |     publisher->publish(Triangle_msg);
      |     ^~~~~~~~~
gmake[2]: *** [CMakeFiles/test_custom_publisher_node.dir/build.make:76: CMakeFiles/test_custom_publisher_node.dir/src/test_custom_publisher.cpp.o] Error 1
gmake[1]: *** [CMakeFiles/Makefile2:137: CMakeFiles/test_custom_publisher_node.dir/all] Error 2
gmake: *** [Makefile:146: all] Error 2
