[0.319s] Invoking command in '/home/robot33-6/student133_ws/build/test_custom_publisher': CMAKE_PREFIX_PATH=${CMAKE_PREFIX_PATH}:/opt/ros/humble /usr/bin/cmake --build /home/robot33-6/student133_ws/build/test_custom_publisher -- -j8 -l8
[0.373s] Consolidate compiler generated dependencies of target test_custom_publisher_node
[0.434s] [ 50%] Building CXX object CMakeFiles/test_custom_publisher_node.dir/src/test_custom_publisher.cpp.o
[2.480s] /home/robot33-6/student133_ws/src/test_custom_publisher/src/test_custom_publisher.cpp:20:43: error: ‘Triangle’ is not a member of ‘test_custom_msg::msg’
[2.480s]    20 |   rclcpp::Publisher<test_custom_msg::msg::Triangle>::SharedPtr
[2.480s]       |                                           ^~~~~~~~
[2.480s] /home/robot33-6/student133_ws/src/test_custom_publisher/src/test_custom_publisher.cpp:20:51: error: template argument 1 is invalid
[2.480s]    20 |   rclcpp::Publisher<test_custom_msg::msg::Triangle>::SharedPtr
[2.480s]       |                                                   ^
[2.480s] /home/robot33-6/student133_ws/src/test_custom_publisher/src/test_custom_publisher.cpp:20:54: error: expected ‘;’ at end of member declaration
[2.480s]    20 |   rclcpp::Publisher<test_custom_msg::msg::Triangle>::SharedPtr
[2.480s]       |                                                      ^~~~~~~~~
[2.480s]       |                                                               ;
[2.481s] /home/robot33-6/student133_ws/src/test_custom_publisher/src/test_custom_publisher.cpp:21:3: error: ‘publisher’ does not name a type
[2.481s]    21 |   publisher;
[2.481s]       |   ^~~~~~~~~
[2.486s] /home/robot33-6/student133_ws/src/test_custom_publisher/src/test_custom_publisher.cpp: In constructor ‘CustomPublisher::CustomPublisher()’:
[2.486s] /home/robot33-6/student133_ws/src/test_custom_publisher/src/test_custom_publisher.cpp:9:5: error: ‘publisher’ was not declared in this scope
[2.486s]     9 |     publisher =
[2.486s]       |     ^~~~~~~~~
[2.486s] /home/robot33-6/student133_ws/src/test_custom_publisher/src/test_custom_publisher.cpp:10:54: error: ‘Triangle’ is not a member of ‘test_custom_msg::msg’
[2.486s]    10 |         this->create_publisher<test_custom_msg::msg::Triangle>
[2.487s]       |                                                      ^~~~~~~~
[2.487s] /home/robot33-6/student133_ws/src/test_custom_publisher/src/test_custom_publisher.cpp:11:9: error: no matching function for call to ‘CustomPublisher::create_publisher<<expression error> >(const char [15], int)’
[2.487s]    10 |         this->create_publisher<test_custom_msg::msg::Triangle>
[2.487s]       |         ~~~~~~~~~~~~~~~~~~~~~~~~~~~~~~~~~~~~~~~~~~~~~~~~~~~~~~
[2.487s]    11 |         ("/triangle_test", 10);
[2.487s]       |         ^~~~~~~~~~~~~~~~~~~~~~
[2.487s] In file included from /opt/ros/humble/include/rclcpp/rclcpp/executors/single_threaded_executor.hpp:28,
[2.487s]                  from /opt/ros/humble/include/rclcpp/rclcpp/executors.hpp:22,
[2.487s]                  from /opt/ros/humble/include/rclcpp/rclcpp/rclcpp.hpp:155,
[2.487s]                  from /home/robot33-6/student133_ws/src/test_custom_publisher/src/test_custom_publisher.cpp:1:
[2.487s] /opt/ros/humble/include/rclcpp/rclcpp/node.hpp:195:3: note: candidate: ‘template<class MessageT, class AllocatorT, class PublisherT> std::shared_ptr<PublisherT> rclcpp::Node::create_publisher(const string&, const rclcpp::QoS&, const rclcpp::PublisherOptionsWithAllocator<AllocatorT>&)’
[2.487s]   195 |   create_publisher(
[2.487s]       |   ^~~~~~~~~~~~~~~~
[2.487s] /opt/ros/humble/include/rclcpp/rclcpp/node.hpp:195:3: note:   template argument deduction/substitution failed:
[2.487s] /home/robot33-6/student133_ws/src/test_custom_publisher/src/test_custom_publisher.cpp:11:9: error: template argument 1 is invalid
[2.487s]    10 |         this->create_publisher<test_custom_msg::msg::Triangle>
[2.487s]       |         ~~~~~~~~~~~~~~~~~~~~~~~~~~~~~~~~~~~~~~~~~~~~~~~~~~~~~~
[2.487s]    11 |         ("/triangle_test", 10);
[2.487s]       |         ^~~~~~~~~~~~~~~~~~~~~~
[2.495s] /home/robot33-6/student133_ws/src/test_custom_publisher/src/test_custom_publisher.cpp: In member function ‘void CustomPublisher::timer_callback()’:
[2.495s] /home/robot33-6/student133_ws/src/test_custom_publisher/src/test_custom_publisher.cpp:23:27: error: ‘Triangle’ is not a member of ‘test_custom_msg::msg’
[2.495s]    23 |     test_custom_msg::msg::Triangle Triangle_msg =
[2.495s]       |                           ^~~~~~~~
[2.500s] /home/robot33-6/student133_ws/src/test_custom_publisher/src/test_custom_publisher.cpp:25:5: error: ‘Triangle_msg’ was not declared in this scope
[2.500s]    25 |     Triangle_msg.center.x=45;
[2.501s]       |     ^~~~~~~~~~~~
[2.505s] /home/robot33-6/student133_ws/src/test_custom_publisher/src/test_custom_publisher.cpp:29:5: error: ‘publisher’ was not declared in this scope
[2.505s]    29 |     publisher->publish(Triangle_msg);
[2.505s]       |     ^~~~~~~~~
[3.117s] gmake[2]: *** [CMakeFiles/test_custom_publisher_node.dir/build.make:76: CMakeFiles/test_custom_publisher_node.dir/src/test_custom_publisher.cpp.o] Error 1
[3.118s] gmake[1]: *** [CMakeFiles/Makefile2:137: CMakeFiles/test_custom_publisher_node.dir/all] Error 2
[3.118s] gmake: *** [Makefile:146: all] Error 2
