[0.073s] Invoking command in '/home/eragon/student133_ws/build/test_tf_broadcaster': CMAKE_PREFIX_PATH=${CMAKE_PREFIX_PATH}:/opt/ros/humble /usr/bin/cmake --build /home/eragon/student133_ws/build/test_tf_broadcaster -- -j8 -l8
[0.197s] Consolidate compiler generated dependencies of target test_tf_broadcaster_node
[0.257s] [ 50%] Building CXX object CMakeFiles/test_tf_broadcaster_node.dir/src/test_tf_broadcaster_node.cpp.o
[0.824s] /home/eragon/student133_ws/src/test_tf_broadcaster/src/test_tf_broadcaster_node.cpp:60:1: error: unterminated comment
[0.824s]    60 | /*
[0.824s]       | ^
[5.384s] gmake[2]: *** [CMakeFiles/test_tf_broadcaster_node.dir/build.make:76: CMakeFiles/test_tf_broadcaster_node.dir/src/test_tf_broadcaster_node.cpp.o] Ошибка 1
[5.385s] gmake[1]: *** [CMakeFiles/Makefile2:137: CMakeFiles/test_tf_broadcaster_node.dir/all] Ошибка 2
[5.385s] gmake: *** [Makefile:146: all] Ошибка 2
[5.390s] Invoked command in '/home/eragon/student133_ws/build/test_tf_broadcaster' returned '2': CMAKE_PREFIX_PATH=${CMAKE_PREFIX_PATH}:/opt/ros/humble /usr/bin/cmake --build /home/eragon/student133_ws/build/test_tf_broadcaster -- -j8 -l8
