[0.049s] Invoking command in '/home/eragon/student133_ws/build/test_basic_publisher': CMAKE_PREFIX_PATH=${CMAKE_PREFIX_PATH}:/opt/ros/humble /usr/bin/cmake --build /home/eragon/student133_ws/build/test_basic_publisher -- -j8 -l8
[0.166s] Consolidate compiler generated dependencies of target test_basic_publisher
[0.207s] [ 50%] Building CXX object CMakeFiles/test_basic_publisher.dir/src/test_basic_publisher.cpp.o
[3.328s] /home/eragon/student133_ws/src/test_basic_publisher/src/test_basic_publisher.cpp: In constructor ‘TestBasicPublisher::TestBasicPublisher()’:
[3.329s] /home/eragon/student133_ws/src/test_basic_publisher/src/test_basic_publisher.cpp:13:9: error: class ‘TestBasicPublisher’ does not have any field named ‘counter’
[3.329s]    13 |         counter(0)
[3.329s]       |         ^~~~~~~
[3.342s] /home/eragon/student133_ws/src/test_basic_publisher/src/test_basic_publisher.cpp: In member function ‘void TestBasicPublisher::timer_callback()’:
[3.343s] /home/eragon/student133_ws/src/test_basic_publisher/src/test_basic_publisher.cpp:28:41: error: ‘to_strong’ is not a member of ‘std’; did you mean ‘to_string’?
[3.343s]    28 |         message.data = "Counter "+ std::to_strong(counter);
[3.343s]       |                                         ^~~~~~~~~
[3.343s]       |                                         to_string
[3.348s] /home/eragon/student133_ws/src/test_basic_publisher/src/test_basic_publisher.cpp:28:51: error: ‘counter’ was not declared in this scope
[3.348s]    28 |         message.data = "Counter "+ std::to_strong(counter);
[3.348s]       |                                                   ^~~~~~~
[3.358s] /home/eragon/student133_ws/src/test_basic_publisher/src/test_basic_publisher.cpp:30:52: error: no match for ‘operator<<’ (operand types are ‘const char [11]’ and ‘std_msgs::msg::String_<std::allocator<void> >::_data_type’ {aka ‘std::__cxx11::basic_string<char>’})
[3.358s]    30 |         RCLSPP_INFO(this->get_logger(),"Publised: "<<message.data);
[3.358s]       |                                        ~~~~~~~~~~~~^~~~~~~~~~~~~~
[3.358s]       |                                        |                     |
[3.358s]       |                                        const char [11]       std_msgs::msg::String_<std::allocator<void> >::_data_type {aka std::__cxx11::basic_string<char>}
[3.363s] In file included from /usr/include/c++/11/memory:77,
[3.363s]                  from /opt/ros/humble/include/rclcpp/rclcpp/rclcpp.hpp:153,
[3.363s]                  from /home/eragon/student133_ws/src/test_basic_publisher/src/test_basic_publisher.cpp:2:
[3.363s] /usr/include/c++/11/bits/shared_ptr.h:70:5: note: candidate: ‘template<class _Ch, class _Tr, class _Tp, __gnu_cxx::_Lock_policy _Lp> std::basic_ostream<_Ch, _Tr>& std::operator<<(std::basic_ostream<_Ch, _Tr>&, const std::__shared_ptr<_Tp, _Lp>&)’
[3.363s]    70 |     operator<<(std::basic_ostream<_Ch, _Tr>& __os,
[3.363s]       |     ^~~~~~~~
[3.364s] /usr/include/c++/11/bits/shared_ptr.h:70:5: note:   template argument deduction/substitution failed:
[3.364s] /home/eragon/student133_ws/src/test_basic_publisher/src/test_basic_publisher.cpp:30:62: note:   mismatched types ‘std::basic_ostream<_Ch, _Tr>’ and ‘const char [11]’
[3.364s]    30 |         RCLSPP_INFO(this->get_logger(),"Publised: "<<message.data);
[3.364s]       |                                                              ^~~~
[3.364s] In file included from /usr/include/c++/11/bits/basic_string.h:48,
[3.364s]                  from /usr/include/c++/11/string:55,
[3.364s]                  from /usr/include/c++/11/stdexcept:39,
[3.364s]                  from /usr/include/c++/11/system_error:41,
[3.365s]                  from /usr/include/c++/11/mutex:42,
[3.365s]                  from /usr/include/c++/11/future:38,
[3.365s]                  from /opt/ros/humble/include/rclcpp/rclcpp/executors.hpp:18,
[3.365s]                  from /opt/ros/humble/include/rclcpp/rclcpp/rclcpp.hpp:155,
[3.365s]                  from /home/eragon/student133_ws/src/test_basic_publisher/src/test_basic_publisher.cpp:2:
[3.365s] /usr/include/c++/11/string_view:667:5: note: candidate: ‘template<class _CharT, class _Traits> std::basic_ostream<_Ch, _Tr>& std::operator<<(std::basic_ostream<_Ch, _Tr>&, std::basic_string_view<_CharT, _Traits>)’
[3.365s]   667 |     operator<<(basic_ostream<_CharT, _Traits>& __os,
[3.366s]       |     ^~~~~~~~
[3.366s] /usr/include/c++/11/string_view:667:5: note:   template argument deduction/substitution failed:
[3.366s] /home/eragon/student133_ws/src/test_basic_publisher/src/test_basic_publisher.cpp:30:62: note:   mismatched types ‘std::basic_ostream<_Ch, _Tr>’ and ‘const char [11]’
[3.366s]    30 |         RCLSPP_INFO(this->get_logger(),"Publised: "<<message.data);
[3.366s]       |                                                              ^~~~
[3.366s] In file included from /usr/include/c++/11/string:55,
[3.366s]                  from /usr/include/c++/11/stdexcept:39,
[3.366s]                  from /usr/include/c++/11/system_error:41,
[3.367s]                  from /usr/include/c++/11/mutex:42,
[3.367s]                  from /usr/include/c++/11/future:38,
[3.367s]                  from /opt/ros/humble/include/rclcpp/rclcpp/executors.hpp:18,
[3.367s]                  from /opt/ros/humble/include/rclcpp/rclcpp/rclcpp.hpp:155,
[3.367s]                  from /home/eragon/student133_ws/src/test_basic_publisher/src/test_basic_publisher.cpp:2:
[3.367s] /usr/include/c++/11/bits/basic_string.h:6531:5: note: candidate: ‘template<class _CharT, class _Traits, class _Alloc> std::basic_ostream<_Ch, _Tr>& std::operator<<(std::basic_ostream<_Ch, _Tr>&, const std::__cxx11::basic_string<_CharT, _Traits, _Allocator>&)’
[3.367s]  6531 |     operator<<(basic_ostream<_CharT, _Traits>& __os,
[3.368s]       |     ^~~~~~~~
[3.368s] /usr/include/c++/11/bits/basic_string.h:6531:5: note:   template argument deduction/substitution failed:
[3.368s] /home/eragon/student133_ws/src/test_basic_publisher/src/test_basic_publisher.cpp:30:62: note:   mismatched types ‘std::basic_ostream<_Ch, _Tr>’ and ‘const char [11]’
[3.368s]    30 |         RCLSPP_INFO(this->get_logger(),"Publised: "<<message.data);
[3.368s]       |                                                              ^~~~
[3.368s] In file included from /usr/include/c++/11/mutex:42,
[3.369s]                  from /usr/include/c++/11/future:38,
[3.369s]                  from /opt/ros/humble/include/rclcpp/rclcpp/executors.hpp:18,
[3.369s]                  from /opt/ros/humble/include/rclcpp/rclcpp/rclcpp.hpp:155,
[3.369s]                  from /home/eragon/student133_ws/src/test_basic_publisher/src/test_basic_publisher.cpp:2:
[3.369s] /usr/include/c++/11/system_error:279:5: note: candidate: ‘template<class _CharT, class _Traits> std::basic_ostream<_Ch, _Tr>& std::operator<<(std::basic_ostream<_Ch, _Tr>&, const std::error_code&)’
[3.369s]   279 |     operator<<(basic_ostream<_CharT, _Traits>& __os, const error_code& __e)
[3.369s]       |     ^~~~~~~~
[3.369s] /usr/include/c++/11/system_error:279:5: note:   template argument deduction/substitution failed:
[3.370s] /home/eragon/student133_ws/src/test_basic_publisher/src/test_basic_publisher.cpp:30:62: note:   mismatched types ‘std::basic_ostream<_Ch, _Tr>’ and ‘const char [11]’
[3.370s]    30 |         RCLSPP_INFO(this->get_logger(),"Publised: "<<message.data);
[3.370s]       |                                                              ^~~~
[3.370s] In file included from /opt/ros/humble/include/rclcpp/rclcpp/executors/multi_threaded_executor.hpp:22,
[3.370s]                  from /opt/ros/humble/include/rclcpp/rclcpp/executors.hpp:21,
[3.370s]                  from /opt/ros/humble/include/rclcpp/rclcpp/rclcpp.hpp:155,
[3.370s]                  from /home/eragon/student133_ws/src/test_basic_publisher/src/test_basic_publisher.cpp:2:
[3.370s] /usr/include/c++/11/thread:92:5: note: candidate: ‘template<class _CharT, class _Traits> std::basic_ostream<_Ch, _Tr>& std::operator<<(std::basic_ostream<_Ch, _Tr>&, std::thread::id)’
[3.371s]    92 |     operator<<(basic_ostream<_CharT, _Traits>& __out, thread::id __id)
[3.371s]       |     ^~~~~~~~
[3.371s] /usr/include/c++/11/thread:92:5: note:   template argument deduction/substitution failed:
[3.371s] /home/eragon/student133_ws/src/test_basic_publisher/src/test_basic_publisher.cpp:30:62: note:   mismatched types ‘std::basic_ostream<_Ch, _Tr>’ and ‘const char [11]’
[3.371s]    30 |         RCLSPP_INFO(this->get_logger(),"Publised: "<<message.data);
[3.371s]       |                                                              ^~~~
[3.371s] In file included from /usr/include/c++/11/iostream:39,
[3.372s]                  from /opt/ros/humble/include/rclcpp/rclcpp/executor.hpp:22,
[3.372s]                  from /opt/ros/humble/include/rclcpp/rclcpp/executors/multi_threaded_executor.hpp:25,
[3.372s]                  from /opt/ros/humble/include/rclcpp/rclcpp/executors.hpp:21,
[3.372s]                  from /opt/ros/humble/include/rclcpp/rclcpp/rclcpp.hpp:155,
[3.372s]                  from /home/eragon/student133_ws/src/test_basic_publisher/src/test_basic_publisher.cpp:2:
[3.372s] /usr/include/c++/11/ostream:513:5: note: candidate: ‘template<class _CharT, class _Traits> std::basic_ostream<_Ch, _Tr>& std::operator<<(std::basic_ostream<_Ch, _Tr>&, _CharT)’
[3.373s]   513 |     operator<<(basic_ostream<_CharT, _Traits>& __out, _CharT __c)
[3.373s]       |     ^~~~~~~~
[3.373s] /usr/include/c++/11/ostream:513:5: note:   template argument deduction/substitution failed:
[3.373s] /home/eragon/student133_ws/src/test_basic_publisher/src/test_basic_publisher.cpp:30:62: note:   mismatched types ‘std::basic_ostream<_Ch, _Tr>’ and ‘const char [11]’
[3.373s]    30 |         RCLSPP_INFO(this->get_logger(),"Publised: "<<message.data);
[3.373s]       |                                                              ^~~~
[3.374s] In file included from /usr/include/c++/11/iostream:39,
[3.374s]                  from /opt/ros/humble/include/rclcpp/rclcpp/executor.hpp:22,
[3.374s]                  from /opt/ros/humble/include/rclcpp/rclcpp/executors/multi_threaded_executor.hpp:25,
[3.374s]                  from /opt/ros/humble/include/rclcpp/rclcpp/executors.hpp:21,
[3.374s]                  from /opt/ros/humble/include/rclcpp/rclcpp/rclcpp.hpp:155,
[3.374s]                  from /home/eragon/student133_ws/src/test_basic_publisher/src/test_basic_publisher.cpp:2:
[3.374s] /usr/include/c++/11/ostream:518:5: note: candidate: ‘template<class _CharT, class _Traits> std::basic_ostream<_Ch, _Tr>& std::operator<<(std::basic_ostream<_Ch, _Tr>&, char)’
[3.374s]   518 |     operator<<(basic_ostream<_CharT, _Traits>& __out, char __c)
[3.375s]       |     ^~~~~~~~
[3.375s] /usr/include/c++/11/ostream:518:5: note:   template argument deduction/substitution failed:
[3.375s] /home/eragon/student133_ws/src/test_basic_publisher/src/test_basic_publisher.cpp:30:62: note:   mismatched types ‘std::basic_ostream<_Ch, _Tr>’ and ‘const char [11]’
[3.375s]    30 |         RCLSPP_INFO(this->get_logger(),"Publised: "<<message.data);
[3.375s]       |                                                              ^~~~
[3.375s] In file included from /usr/include/c++/11/iostream:39,
[3.375s]                  from /opt/ros/humble/include/rclcpp/rclcpp/executor.hpp:22,
[3.375s]                  from /opt/ros/humble/include/rclcpp/rclcpp/executors/multi_threaded_executor.hpp:25,
[3.376s]                  from /opt/ros/humble/include/rclcpp/rclcpp/executors.hpp:21,
[3.376s]                  from /opt/ros/humble/include/rclcpp/rclcpp/rclcpp.hpp:155,
[3.376s]                  from /home/eragon/student133_ws/src/test_basic_publisher/src/test_basic_publisher.cpp:2:
[3.376s] /usr/include/c++/11/ostream:524:5: note: candidate: ‘template<class _Traits> std::basic_ostream<char, _Traits>& std::operator<<(std::basic_ostream<char, _Traits>&, char)’
[3.376s]   524 |     operator<<(basic_ostream<char, _Traits>& __out, char __c)
[3.376s]       |     ^~~~~~~~
[3.376s] /usr/include/c++/11/ostream:524:5: note:   template argument deduction/substitution failed:
[3.376s] /home/eragon/student133_ws/src/test_basic_publisher/src/test_basic_publisher.cpp:30:62: note:   mismatched types ‘std::basic_ostream<char, _Traits>’ and ‘const char [11]’
[3.377s]    30 |         RCLSPP_INFO(this->get_logger(),"Publised: "<<message.data);
[3.377s]       |                                                              ^~~~
[3.377s] In file included from /usr/include/c++/11/iostream:39,
[3.377s]                  from /opt/ros/humble/include/rclcpp/rclcpp/executor.hpp:22,
[3.377s]                  from /opt/ros/humble/include/rclcpp/rclcpp/executors/multi_threaded_executor.hpp:25,
[3.377s]                  from /opt/ros/humble/include/rclcpp/rclcpp/executors.hpp:21,
[3.377s]                  from /opt/ros/humble/include/rclcpp/rclcpp/rclcpp.hpp:155,
[3.378s]                  from /home/eragon/student133_ws/src/test_basic_publisher/src/test_basic_publisher.cpp:2:
[3.378s] /usr/include/c++/11/ostream:530:5: note: candidate: ‘template<class _Traits> std::basic_ostream<char, _Traits>& std::operator<<(std::basic_ostream<char, _Traits>&, signed char)’
[3.378s]   530 |     operator<<(basic_ostream<char, _Traits>& __out, signed char __c)
[3.378s]       |     ^~~~~~~~
[3.378s] /usr/include/c++/11/ostream:530:5: note:   template argument deduction/substitution failed:
[3.378s] /home/eragon/student133_ws/src/test_basic_publisher/src/test_basic_publisher.cpp:30:62: note:   mismatched types ‘std::basic_ostream<char, _Traits>’ and ‘const char [11]’
[3.378s]    30 |         RCLSPP_INFO(this->get_logger(),"Publised: "<<message.data);
[3.378s]       |                                                              ^~~~
[3.379s] In file included from /usr/include/c++/11/iostream:39,
[3.379s]                  from /opt/ros/humble/include/rclcpp/rclcpp/executor.hpp:22,
[3.379s]                  from /opt/ros/humble/include/rclcpp/rclcpp/executors/multi_threaded_executor.hpp:25,
[3.379s]                  from /opt/ros/humble/include/rclcpp/rclcpp/executors.hpp:21,
[3.379s]                  from /opt/ros/humble/include/rclcpp/rclcpp/rclcpp.hpp:155,
[3.379s]                  from /home/eragon/student133_ws/src/test_basic_publisher/src/test_basic_publisher.cpp:2:
[3.379s] /usr/include/c++/11/ostream:535:5: note: candidate: ‘template<class _Traits> std::basic_ostream<char, _Traits>& std::operator<<(std::basic_ostream<char, _Traits>&, unsigned char)’
[3.380s]   535 |     operator<<(basic_ostream<char, _Traits>& __out, unsigned char __c)
[3.380s]       |     ^~~~~~~~
[3.380s] /usr/include/c++/11/ostream:535:5: note:   template argument deduction/substitution failed:
[3.380s] /home/eragon/student133_ws/src/test_basic_publisher/src/test_basic_publisher.cpp:30:62: note:   mismatched types ‘std::basic_ostream<char, _Traits>’ and ‘const char [11]’
[3.380s]    30 |         RCLSPP_INFO(this->get_logger(),"Publised: "<<message.data);
[3.380s]       |                                                              ^~~~
[3.380s] In file included from /usr/include/c++/11/iostream:39,
[3.380s]                  from /opt/ros/humble/include/rclcpp/rclcpp/executor.hpp:22,
[3.381s]                  from /opt/ros/humble/include/rclcpp/rclcpp/executors/multi_threaded_executor.hpp:25,
[3.381s]                  from /opt/ros/humble/include/rclcpp/rclcpp/executors.hpp:21,
[3.381s]                  from /opt/ros/humble/include/rclcpp/rclcpp/rclcpp.hpp:155,
[3.381s]                  from /home/eragon/student133_ws/src/test_basic_publisher/src/test_basic_publisher.cpp:2:
[3.381s] /usr/include/c++/11/ostream:594:5: note: candidate: ‘template<class _CharT, class _Traits> std::basic_ostream<_Ch, _Tr>& std::operator<<(std::basic_ostream<_Ch, _Tr>&, const _CharT*)’
[3.381s]   594 |     operator<<(basic_ostream<_CharT, _Traits>& __out, const _CharT* __s)
[3.381s]       |     ^~~~~~~~
[3.381s] /usr/include/c++/11/ostream:594:5: note:   template argument deduction/substitution failed:
[3.382s] /home/eragon/student133_ws/src/test_basic_publisher/src/test_basic_publisher.cpp:30:62: note:   mismatched types ‘std::basic_ostream<_Ch, _Tr>’ and ‘const char [11]’
[3.382s]    30 |         RCLSPP_INFO(this->get_logger(),"Publised: "<<message.data);
[3.382s]       |                                                              ^~~~
[3.382s] In file included from /usr/include/c++/11/ostream:829,
[3.382s]                  from /usr/include/c++/11/iostream:39,
[3.382s]                  from /opt/ros/humble/include/rclcpp/rclcpp/executor.hpp:22,
[3.382s]                  from /opt/ros/humble/include/rclcpp/rclcpp/executors/multi_threaded_executor.hpp:25,
[3.383s]                  from /opt/ros/humble/include/rclcpp/rclcpp/executors.hpp:21,
[3.383s]                  from /opt/ros/humble/include/rclcpp/rclcpp/rclcpp.hpp:155,
[3.383s]                  from /home/eragon/student133_ws/src/test_basic_publisher/src/test_basic_publisher.cpp:2:
[3.383s] /usr/include/c++/11/bits/ostream.tcc:321:5: note: candidate: ‘template<class _CharT, class _Traits> std::basic_ostream<_Ch, _Tr>& std::operator<<(std::basic_ostream<_Ch, _Tr>&, const char*)’
[3.383s]   321 |     operator<<(basic_ostream<_CharT, _Traits>& __out, const char* __s)
[3.383s]       |     ^~~~~~~~
[3.383s] /usr/include/c++/11/bits/ostream.tcc:321:5: note:   template argument deduction/substitution failed:
[3.383s] /home/eragon/student133_ws/src/test_basic_publisher/src/test_basic_publisher.cpp:30:62: note:   mismatched types ‘std::basic_ostream<_Ch, _Tr>’ and ‘const char [11]’
[3.384s]    30 |         RCLSPP_INFO(this->get_logger(),"Publised: "<<message.data);
[3.384s]       |                                                              ^~~~
[3.384s] In file included from /usr/include/c++/11/iostream:39,
[3.384s]                  from /opt/ros/humble/include/rclcpp/rclcpp/executor.hpp:22,
[3.384s]                  from /opt/ros/humble/include/rclcpp/rclcpp/executors/multi_threaded_executor.hpp:25,
[3.384s]                  from /opt/ros/humble/include/rclcpp/rclcpp/executors.hpp:21,
[3.384s]                  from /opt/ros/humble/include/rclcpp/rclcpp/rclcpp.hpp:155,
[3.384s]                  from /home/eragon/student133_ws/src/test_basic_publisher/src/test_basic_publisher.cpp:2:
[3.385s] /usr/include/c++/11/ostream:611:5: note: candidate: ‘template<class _Traits> std::basic_ostream<char, _Traits>& std::operator<<(std::basic_ostream<char, _Traits>&, const char*)’
[3.385s]   611 |     operator<<(basic_ostream<char, _Traits>& __out, const char* __s)
[3.385s]       |     ^~~~~~~~
[3.385s] /usr/include/c++/11/ostream:611:5: note:   template argument deduction/substitution failed:
[3.385s] /home/eragon/student133_ws/src/test_basic_publisher/src/test_basic_publisher.cpp:30:62: note:   mismatched types ‘std::basic_ostream<char, _Traits>’ and ‘const char [11]’
[3.385s]    30 |         RCLSPP_INFO(this->get_logger(),"Publised: "<<message.data);
[3.385s]       |                                                              ^~~~
[3.386s] In file included from /usr/include/c++/11/iostream:39,
[3.386s]                  from /opt/ros/humble/include/rclcpp/rclcpp/executor.hpp:22,
[3.386s]                  from /opt/ros/humble/include/rclcpp/rclcpp/executors/multi_threaded_executor.hpp:25,
[3.386s]                  from /opt/ros/humble/include/rclcpp/rclcpp/executors.hpp:21,
[3.386s]                  from /opt/ros/humble/include/rclcpp/rclcpp/rclcpp.hpp:155,
[3.386s]                  from /home/eragon/student133_ws/src/test_basic_publisher/src/test_basic_publisher.cpp:2:
[3.386s] /usr/include/c++/11/ostream:624:5: note: candidate: ‘template<class _Traits> std::basic_ostream<char, _Traits>& std::operator<<(std::basic_ostream<char, _Traits>&, const signed char*)’
[3.386s]   624 |     operator<<(basic_ostream<char, _Traits>& __out, const signed char* __s)
[3.387s]       |     ^~~~~~~~
[3.387s] /usr/include/c++/11/ostream:624:5: note:   template argument deduction/substitution failed:
[3.387s] /home/eragon/student133_ws/src/test_basic_publisher/src/test_basic_publisher.cpp:30:62: note:   mismatched types ‘std::basic_ostream<char, _Traits>’ and ‘const char [11]’
[3.387s]    30 |         RCLSPP_INFO(this->get_logger(),"Publised: "<<message.data);
[3.387s]       |                                                              ^~~~
[3.387s] In file included from /usr/include/c++/11/iostream:39,
[3.387s]                  from /opt/ros/humble/include/rclcpp/rclcpp/executor.hpp:22,
[3.387s]                  from /opt/ros/humble/include/rclcpp/rclcpp/executors/multi_threaded_executor.hpp:25,
[3.388s]                  from /opt/ros/humble/include/rclcpp/rclcpp/executors.hpp:21,
[3.388s]                  from /opt/ros/humble/include/rclcpp/rclcpp/rclcpp.hpp:155,
[3.388s]                  from /home/eragon/student133_ws/src/test_basic_publisher/src/test_basic_publisher.cpp:2:
[3.388s] /usr/include/c++/11/ostream:629:5: note: candidate: ‘template<class _Traits> std::basic_ostream<char, _Traits>& std::operator<<(std::basic_ostream<char, _Traits>&, const unsigned char*)’
[3.388s]   629 |     operator<<(basic_ostream<char, _Traits>& __out, const unsigned char* __s)
[3.388s]       |     ^~~~~~~~
[3.388s] /usr/include/c++/11/ostream:629:5: note:   template argument deduction/substitution failed:
[3.389s] /home/eragon/student133_ws/src/test_basic_publisher/src/test_basic_publisher.cpp:30:62: note:   mismatched types ‘std::basic_ostream<char, _Traits>’ and ‘const char [11]’
[3.389s]    30 |         RCLSPP_INFO(this->get_logger(),"Publised: "<<message.data);
[3.389s]       |                                                              ^~~~
[3.389s] In file included from /usr/include/c++/11/iostream:39,
[3.389s]                  from /opt/ros/humble/include/rclcpp/rclcpp/executor.hpp:22,
[3.389s]                  from /opt/ros/humble/include/rclcpp/rclcpp/executors/multi_threaded_executor.hpp:25,
[3.389s]                  from /opt/ros/humble/include/rclcpp/rclcpp/executors.hpp:21,
[3.389s]                  from /opt/ros/humble/include/rclcpp/rclcpp/rclcpp.hpp:155,
[3.390s]                  from /home/eragon/student133_ws/src/test_basic_publisher/src/test_basic_publisher.cpp:2:
[3.390s] /usr/include/c++/11/ostream:750:5: note: candidate: ‘template<class _Ostream, class _Tp> _Ostream&& std::operator<<(_Ostream&&, const _Tp&)’
[3.390s]   750 |     operator<<(_Ostream&& __os, const _Tp& __x)
[3.390s]       |     ^~~~~~~~
[3.390s] /usr/include/c++/11/ostream:750:5: note:   template argument deduction/substitution failed:
[3.390s] /usr/include/c++/11/ostream: In substitution of ‘template<class _Ostream, class _Tp> _Ostream&& std::operator<<(_Ostream&&, const _Tp&) [with _Ostream = const char (&)[11]; _Tp = std::__cxx11::basic_string<char>]’:
[3.390s] /home/eragon/student133_ws/src/test_basic_publisher/src/test_basic_publisher.cpp:30:62:   required from here
[3.391s] /usr/include/c++/11/ostream:750:5: error: no type named ‘type’ in ‘struct std::enable_if<false, void>’
[3.391s] In file included from /opt/ros/humble/include/rosidl_runtime_cpp/rosidl_runtime_cpp/traits.hpp:19,
[3.391s]                  from /opt/ros/humble/include/builtin_interfaces/builtin_interfaces/msg/detail/duration__traits.hpp:15,
[3.391s]                  from /opt/ros/humble/include/builtin_interfaces/builtin_interfaces/msg/duration.hpp:9,
[3.391s]                  from /opt/ros/humble/include/rclcpp/rclcpp/duration.hpp:20,
[3.391s]                  from /opt/ros/humble/include/rclcpp/rclcpp/qos.hpp:20,
[3.391s]                  from /opt/ros/humble/include/rclcpp/rclcpp/node_interfaces/node_graph_interface.hpp:32,
[3.391s]                  from /opt/ros/humble/include/rclcpp/rclcpp/client.hpp:42,
[3.392s]                  from /opt/ros/humble/include/rclcpp/rclcpp/callback_group.hpp:24,
[3.392s]                  from /opt/ros/humble/include/rclcpp/rclcpp/any_executable.hpp:20,
[3.392s]                  from /opt/ros/humble/include/rclcpp/rclcpp/memory_strategy.hpp:25,
[3.392s]                  from /opt/ros/humble/include/rclcpp/rclcpp/memory_strategies.hpp:18,
[3.392s]                  from /opt/ros/humble/include/rclcpp/rclcpp/executor_options.hpp:20,
[3.392s]                  from /opt/ros/humble/include/rclcpp/rclcpp/executor.hpp:37,
[3.392s]                  from /opt/ros/humble/include/rclcpp/rclcpp/executors/multi_threaded_executor.hpp:25,
[3.393s]                  from /opt/ros/humble/include/rclcpp/rclcpp/executors.hpp:21,
[3.393s]                  from /opt/ros/humble/include/rclcpp/rclcpp/rclcpp.hpp:155,
[3.393s]                  from /home/eragon/student133_ws/src/test_basic_publisher/src/test_basic_publisher.cpp:2:
[3.393s] /usr/include/c++/11/iomanip:79:5: note: candidate: ‘template<class _CharT, class _Traits> std::basic_ostream<_Ch, _Tr>& std::operator<<(std::basic_ostream<_Ch, _Tr>&, std::_Resetiosflags)’
[3.393s]    79 |     operator<<(basic_ostream<_CharT, _Traits>& __os, _Resetiosflags __f)
[3.393s]       |     ^~~~~~~~
[3.393s] /usr/include/c++/11/iomanip:79:5: note:   template argument deduction/substitution failed:
[3.393s] /home/eragon/student133_ws/src/test_basic_publisher/src/test_basic_publisher.cpp:30:62: note:   mismatched types ‘std::basic_ostream<_Ch, _Tr>’ and ‘const char [11]’
[3.394s]    30 |         RCLSPP_INFO(this->get_logger(),"Publised: "<<message.data);
[3.394s]       |                                                              ^~~~
[3.394s] In file included from /opt/ros/humble/include/rosidl_runtime_cpp/rosidl_runtime_cpp/traits.hpp:19,
[3.394s]                  from /opt/ros/humble/include/builtin_interfaces/builtin_interfaces/msg/detail/duration__traits.hpp:15,
[3.394s]                  from /opt/ros/humble/include/builtin_interfaces/builtin_interfaces/msg/duration.hpp:9,
[3.394s]                  from /opt/ros/humble/include/rclcpp/rclcpp/duration.hpp:20,
[3.394s]                  from /opt/ros/humble/include/rclcpp/rclcpp/qos.hpp:20,
[3.394s]                  from /opt/ros/humble/include/rclcpp/rclcpp/node_interfaces/node_graph_interface.hpp:32,
[3.395s]                  from /opt/ros/humble/include/rclcpp/rclcpp/client.hpp:42,
[3.395s]                  from /opt/ros/humble/include/rclcpp/rclcpp/callback_group.hpp:24,
[3.395s]                  from /opt/ros/humble/include/rclcpp/rclcpp/any_executable.hpp:20,
[3.395s]                  from /opt/ros/humble/include/rclcpp/rclcpp/memory_strategy.hpp:25,
[3.395s]                  from /opt/ros/humble/include/rclcpp/rclcpp/memory_strategies.hpp:18,
[3.395s]                  from /opt/ros/humble/include/rclcpp/rclcpp/executor_options.hpp:20,
[3.395s]                  from /opt/ros/humble/include/rclcpp/rclcpp/executor.hpp:37,
[3.395s]                  from /opt/ros/humble/include/rclcpp/rclcpp/executors/multi_threaded_executor.hpp:25,
[3.396s]                  from /opt/ros/humble/include/rclcpp/rclcpp/executors.hpp:21,
[3.396s]                  from /opt/ros/humble/include/rclcpp/rclcpp/rclcpp.hpp:155,
[3.396s]                  from /home/eragon/student133_ws/src/test_basic_publisher/src/test_basic_publisher.cpp:2:
[3.396s] /usr/include/c++/11/iomanip:109:5: note: candidate: ‘template<class _CharT, class _Traits> std::basic_ostream<_Ch, _Tr>& std::operator<<(std::basic_ostream<_Ch, _Tr>&, std::_Setiosflags)’
[3.396s]   109 |     operator<<(basic_ostream<_CharT, _Traits>& __os, _Setiosflags __f)
[3.396s]       |     ^~~~~~~~
[3.396s] /usr/include/c++/11/iomanip:109:5: note:   template argument deduction/substitution failed:
[3.397s] /home/eragon/student133_ws/src/test_basic_publisher/src/test_basic_publisher.cpp:30:62: note:   mismatched types ‘std::basic_ostream<_Ch, _Tr>’ and ‘const char [11]’
[3.397s]    30 |         RCLSPP_INFO(this->get_logger(),"Publised: "<<message.data);
[3.397s]       |                                                              ^~~~
[3.397s] In file included from /opt/ros/humble/include/rosidl_runtime_cpp/rosidl_runtime_cpp/traits.hpp:19,
[3.397s]                  from /opt/ros/humble/include/builtin_interfaces/builtin_interfaces/msg/detail/duration__traits.hpp:15,
[3.397s]                  from /opt/ros/humble/include/builtin_interfaces/builtin_interfaces/msg/duration.hpp:9,
[3.397s]                  from /opt/ros/humble/include/rclcpp/rclcpp/duration.hpp:20,
[3.397s]                  from /opt/ros/humble/include/rclcpp/rclcpp/qos.hpp:20,
[3.398s]                  from /opt/ros/humble/include/rclcpp/rclcpp/node_interfaces/node_graph_interface.hpp:32,
[3.398s]                  from /opt/ros/humble/include/rclcpp/rclcpp/client.hpp:42,
[3.398s]                  from /opt/ros/humble/include/rclcpp/rclcpp/callback_group.hpp:24,
[3.398s]                  from /opt/ros/humble/include/rclcpp/rclcpp/any_executable.hpp:20,
[3.398s]                  from /opt/ros/humble/include/rclcpp/rclcpp/memory_strategy.hpp:25,
[3.398s]                  from /opt/ros/humble/include/rclcpp/rclcpp/memory_strategies.hpp:18,
[3.398s]                  from /opt/ros/humble/include/rclcpp/rclcpp/executor_options.hpp:20,
[3.398s]                  from /opt/ros/humble/include/rclcpp/rclcpp/executor.hpp:37,
[3.399s]                  from /opt/ros/humble/include/rclcpp/rclcpp/executors/multi_threaded_executor.hpp:25,
[3.399s]                  from /opt/ros/humble/include/rclcpp/rclcpp/executors.hpp:21,
[3.399s]                  from /opt/ros/humble/include/rclcpp/rclcpp/rclcpp.hpp:155,
[3.399s]                  from /home/eragon/student133_ws/src/test_basic_publisher/src/test_basic_publisher.cpp:2:
[3.399s] /usr/include/c++/11/iomanip:143:5: note: candidate: ‘template<class _CharT, class _Traits> std::basic_ostream<_Ch, _Tr>& std::operator<<(std::basic_ostream<_Ch, _Tr>&, std::_Setbase)’
[3.399s]   143 |     operator<<(basic_ostream<_CharT, _Traits>& __os, _Setbase __f)
[3.399s]       |     ^~~~~~~~
[3.400s] /usr/include/c++/11/iomanip:143:5: note:   template argument deduction/substitution failed:
[3.400s] /home/eragon/student133_ws/src/test_basic_publisher/src/test_basic_publisher.cpp:30:62: note:   mismatched types ‘std::basic_ostream<_Ch, _Tr>’ and ‘const char [11]’
[3.400s]    30 |         RCLSPP_INFO(this->get_logger(),"Publised: "<<message.data);
[3.400s]       |                                                              ^~~~
[3.400s] In file included from /opt/ros/humble/include/rosidl_runtime_cpp/rosidl_runtime_cpp/traits.hpp:19,
[3.400s]                  from /opt/ros/humble/include/builtin_interfaces/builtin_interfaces/msg/detail/duration__traits.hpp:15,
[3.400s]                  from /opt/ros/humble/include/builtin_interfaces/builtin_interfaces/msg/duration.hpp:9,
[3.400s]                  from /opt/ros/humble/include/rclcpp/rclcpp/duration.hpp:20,
[3.401s]                  from /opt/ros/humble/include/rclcpp/rclcpp/qos.hpp:20,
[3.401s]                  from /opt/ros/humble/include/rclcpp/rclcpp/node_interfaces/node_graph_interface.hpp:32,
[3.401s]                  from /opt/ros/humble/include/rclcpp/rclcpp/client.hpp:42,
[3.401s]                  from /opt/ros/humble/include/rclcpp/rclcpp/callback_group.hpp:24,
[3.401s]                  from /opt/ros/humble/include/rclcpp/rclcpp/any_executable.hpp:20,
[3.401s]                  from /opt/ros/humble/include/rclcpp/rclcpp/memory_strategy.hpp:25,
[3.401s]                  from /opt/ros/humble/include/rclcpp/rclcpp/memory_strategies.hpp:18,
[3.401s]                  from /opt/ros/humble/include/rclcpp/rclcpp/executor_options.hpp:20,
[3.402s]                  from /opt/ros/humble/include/rclcpp/rclcpp/executor.hpp:37,
[3.402s]                  from /opt/ros/humble/include/rclcpp/rclcpp/executors/multi_threaded_executor.hpp:25,
[3.402s]                  from /opt/ros/humble/include/rclcpp/rclcpp/executors.hpp:21,
[3.402s]                  from /opt/ros/humble/include/rclcpp/rclcpp/rclcpp.hpp:155,
[3.402s]                  from /home/eragon/student133_ws/src/test_basic_publisher/src/test_basic_publisher.cpp:2:
[3.402s] /usr/include/c++/11/iomanip:178:5: note: candidate: ‘template<class _CharT, class _Traits> std::basic_ostream<_Ch, _Tr>& std::operator<<(std::basic_ostream<_Ch, _Tr>&, std::_Setfill<_CharT>)’
[3.402s]   178 |     operator<<(basic_ostream<_CharT, _Traits>& __os, _Setfill<_CharT> __f)
[3.403s]       |     ^~~~~~~~
[3.403s] /usr/include/c++/11/iomanip:178:5: note:   template argument deduction/substitution failed:
[3.403s] /home/eragon/student133_ws/src/test_basic_publisher/src/test_basic_publisher.cpp:30:62: note:   mismatched types ‘std::basic_ostream<_Ch, _Tr>’ and ‘const char [11]’
[3.403s]    30 |         RCLSPP_INFO(this->get_logger(),"Publised: "<<message.data);
[3.403s]       |                                                              ^~~~
[3.403s] In file included from /opt/ros/humble/include/rosidl_runtime_cpp/rosidl_runtime_cpp/traits.hpp:19,
[3.403s]                  from /opt/ros/humble/include/builtin_interfaces/builtin_interfaces/msg/detail/duration__traits.hpp:15,
[3.404s]                  from /opt/ros/humble/include/builtin_interfaces/builtin_interfaces/msg/duration.hpp:9,
[3.404s]                  from /opt/ros/humble/include/rclcpp/rclcpp/duration.hpp:20,
[3.404s]                  from /opt/ros/humble/include/rclcpp/rclcpp/qos.hpp:20,
[3.404s]                  from /opt/ros/humble/include/rclcpp/rclcpp/node_interfaces/node_graph_interface.hpp:32,
[3.404s]                  from /opt/ros/humble/include/rclcpp/rclcpp/client.hpp:42,
[3.404s]                  from /opt/ros/humble/include/rclcpp/rclcpp/callback_group.hpp:24,
[3.404s]                  from /opt/ros/humble/include/rclcpp/rclcpp/any_executable.hpp:20,
[3.405s]                  from /opt/ros/humble/include/rclcpp/rclcpp/memory_strategy.hpp:25,
[3.405s]                  from /opt/ros/humble/include/rclcpp/rclcpp/memory_strategies.hpp:18,
[3.405s]                  from /opt/ros/humble/include/rclcpp/rclcpp/executor_options.hpp:20,
[3.405s]                  from /opt/ros/humble/include/rclcpp/rclcpp/executor.hpp:37,
[3.405s]                  from /opt/ros/humble/include/rclcpp/rclcpp/executors/multi_threaded_executor.hpp:25,
[3.405s]                  from /opt/ros/humble/include/rclcpp/rclcpp/executors.hpp:21,
[3.405s]                  from /opt/ros/humble/include/rclcpp/rclcpp/rclcpp.hpp:155,
[3.405s]                  from /home/eragon/student133_ws/src/test_basic_publisher/src/test_basic_publisher.cpp:2:
[3.406s] /usr/include/c++/11/iomanip:208:5: note: candidate: ‘template<class _CharT, class _Traits> std::basic_ostream<_Ch, _Tr>& std::operator<<(std::basic_ostream<_Ch, _Tr>&, std::_Setprecision)’
[3.406s]   208 |     operator<<(basic_ostream<_CharT, _Traits>& __os, _Setprecision __f)
[3.406s]       |     ^~~~~~~~
[3.406s] /usr/include/c++/11/iomanip:208:5: note:   template argument deduction/substitution failed:
[3.406s] /home/eragon/student133_ws/src/test_basic_publisher/src/test_basic_publisher.cpp:30:62: note:   mismatched types ‘std::basic_ostream<_Ch, _Tr>’ and ‘const char [11]’
[3.406s]    30 |         RCLSPP_INFO(this->get_logger(),"Publised: "<<message.data);
[3.406s]       |                                                              ^~~~
[3.406s] In file included from /opt/ros/humble/include/rosidl_runtime_cpp/rosidl_runtime_cpp/traits.hpp:19,
[3.407s]                  from /opt/ros/humble/include/builtin_interfaces/builtin_interfaces/msg/detail/duration__traits.hpp:15,
[3.407s]                  from /opt/ros/humble/include/builtin_interfaces/builtin_interfaces/msg/duration.hpp:9,
[3.407s]                  from /opt/ros/humble/include/rclcpp/rclcpp/duration.hpp:20,
[3.407s]                  from /opt/ros/humble/include/rclcpp/rclcpp/qos.hpp:20,
[3.407s]                  from /opt/ros/humble/include/rclcpp/rclcpp/node_interfaces/node_graph_interface.hpp:32,
[3.407s]                  from /opt/ros/humble/include/rclcpp/rclcpp/client.hpp:42,
[3.408s]                  from /opt/ros/humble/include/rclcpp/rclcpp/callback_group.hpp:24,
[3.408s]                  from /opt/ros/humble/include/rclcpp/rclcpp/any_executable.hpp:20,
[3.408s]                  from /opt/ros/humble/include/rclcpp/rclcpp/memory_strategy.hpp:25,
[3.408s]                  from /opt/ros/humble/include/rclcpp/rclcpp/memory_strategies.hpp:18,
[3.408s]                  from /opt/ros/humble/include/rclcpp/rclcpp/executor_options.hpp:20,
[3.408s]                  from /opt/ros/humble/include/rclcpp/rclcpp/executor.hpp:37,
[3.408s]                  from /opt/ros/humble/include/rclcpp/rclcpp/executors/multi_threaded_executor.hpp:25,
[3.409s]                  from /opt/ros/humble/include/rclcpp/rclcpp/executors.hpp:21,
[3.409s]                  from /opt/ros/humble/include/rclcpp/rclcpp/rclcpp.hpp:155,
[3.409s]                  from /home/eragon/student133_ws/src/test_basic_publisher/src/test_basic_publisher.cpp:2:
[3.409s] /usr/include/c++/11/iomanip:238:5: note: candidate: ‘template<class _CharT, class _Traits> std::basic_ostream<_Ch, _Tr>& std::operator<<(std::basic_ostream<_Ch, _Tr>&, std::_Setw)’
[3.409s]   238 |     operator<<(basic_ostream<_CharT, _Traits>& __os, _Setw __f)
[3.409s]       |     ^~~~~~~~
[3.410s] /usr/include/c++/11/iomanip:238:5: note:   template argument deduction/substitution failed:
[3.410s] /home/eragon/student133_ws/src/test_basic_publisher/src/test_basic_publisher.cpp:30:62: note:   mismatched types ‘std::basic_ostream<_Ch, _Tr>’ and ‘const char [11]’
[3.410s]    30 |         RCLSPP_INFO(this->get_logger(),"Publised: "<<message.data);
[3.410s]       |                                                              ^~~~
[3.410s] In file included from /opt/ros/humble/include/rosidl_runtime_cpp/rosidl_runtime_cpp/traits.hpp:19,
[3.410s]                  from /opt/ros/humble/include/builtin_interfaces/builtin_interfaces/msg/detail/duration__traits.hpp:15,
[3.411s]                  from /opt/ros/humble/include/builtin_interfaces/builtin_interfaces/msg/duration.hpp:9,
[3.411s]                  from /opt/ros/humble/include/rclcpp/rclcpp/duration.hpp:20,
[3.411s]                  from /opt/ros/humble/include/rclcpp/rclcpp/qos.hpp:20,
[3.411s]                  from /opt/ros/humble/include/rclcpp/rclcpp/node_interfaces/node_graph_interface.hpp:32,
[3.411s]                  from /opt/ros/humble/include/rclcpp/rclcpp/client.hpp:42,
[3.411s]                  from /opt/ros/humble/include/rclcpp/rclcpp/callback_group.hpp:24,
[3.411s]                  from /opt/ros/humble/include/rclcpp/rclcpp/any_executable.hpp:20,
[3.411s]                  from /opt/ros/humble/include/rclcpp/rclcpp/memory_strategy.hpp:25,
[3.412s]                  from /opt/ros/humble/include/rclcpp/rclcpp/memory_strategies.hpp:18,
[3.412s]                  from /opt/ros/humble/include/rclcpp/rclcpp/executor_options.hpp:20,
[3.412s]                  from /opt/ros/humble/include/rclcpp/rclcpp/executor.hpp:37,
[3.412s]                  from /opt/ros/humble/include/rclcpp/rclcpp/executors/multi_threaded_executor.hpp:25,
[3.412s]                  from /opt/ros/humble/include/rclcpp/rclcpp/executors.hpp:21,
[3.412s]                  from /opt/ros/humble/include/rclcpp/rclcpp/rclcpp.hpp:155,
[3.412s]                  from /home/eragon/student133_ws/src/test_basic_publisher/src/test_basic_publisher.cpp:2:
[3.412s] /usr/include/c++/11/iomanip:311:5: note: candidate: ‘template<class _CharT, class _Traits, class _MoneyT> std::basic_ostream<_Ch, _Tr>& std::operator<<(std::basic_ostream<_Ch, _Tr>&, std::_Put_money<_MoneyT>)’
[3.412s]   311 |     operator<<(basic_ostream<_CharT, _Traits>& __os, _Put_money<_MoneyT> __f)
[3.413s]       |     ^~~~~~~~
[3.413s] /usr/include/c++/11/iomanip:311:5: note:   template argument deduction/substitution failed:
[3.413s] /home/eragon/student133_ws/src/test_basic_publisher/src/test_basic_publisher.cpp:30:62: note:   mismatched types ‘std::basic_ostream<_Ch, _Tr>’ and ‘const char [11]’
[3.413s]    30 |         RCLSPP_INFO(this->get_logger(),"Publised: "<<message.data);
[3.413s]       |                                                              ^~~~
[3.413s] In file included from /opt/ros/humble/include/rosidl_runtime_cpp/rosidl_runtime_cpp/traits.hpp:19,
[3.413s]                  from /opt/ros/humble/include/builtin_interfaces/builtin_interfaces/msg/detail/duration__traits.hpp:15,
[3.413s]                  from /opt/ros/humble/include/builtin_interfaces/builtin_interfaces/msg/duration.hpp:9,
[3.414s]                  from /opt/ros/humble/include/rclcpp/rclcpp/duration.hpp:20,
[3.414s]                  from /opt/ros/humble/include/rclcpp/rclcpp/qos.hpp:20,
[3.414s]                  from /opt/ros/humble/include/rclcpp/rclcpp/node_interfaces/node_graph_interface.hpp:32,
[3.414s]                  from /opt/ros/humble/include/rclcpp/rclcpp/client.hpp:42,
[3.414s]                  from /opt/ros/humble/include/rclcpp/rclcpp/callback_group.hpp:24,
[3.414s]                  from /opt/ros/humble/include/rclcpp/rclcpp/any_executable.hpp:20,
[3.414s]                  from /opt/ros/humble/include/rclcpp/rclcpp/memory_strategy.hpp:25,
[3.414s]                  from /opt/ros/humble/include/rclcpp/rclcpp/memory_strategies.hpp:18,
[3.414s]                  from /opt/ros/humble/include/rclcpp/rclcpp/executor_options.hpp:20,
[3.414s]                  from /opt/ros/humble/include/rclcpp/rclcpp/executor.hpp:37,
[3.414s]                  from /opt/ros/humble/include/rclcpp/rclcpp/executors/multi_threaded_executor.hpp:25,
[3.414s]                  from /opt/ros/humble/include/rclcpp/rclcpp/executors.hpp:21,
[3.415s]                  from /opt/ros/humble/include/rclcpp/rclcpp/rclcpp.hpp:155,
[3.415s]                  from /home/eragon/student133_ws/src/test_basic_publisher/src/test_basic_publisher.cpp:2:
[3.415s] /usr/include/c++/11/iomanip:363:5: note: candidate: ‘template<class _CharT, class _Traits> std::basic_ostream<_Ch, _Tr>& std::operator<<(std::basic_ostream<_Ch, _Tr>&, std::_Put_time<_CharT>)’
[3.415s]   363 |     operator<<(basic_ostream<_CharT, _Traits>& __os, _Put_time<_CharT> __f)
[3.415s]       |     ^~~~~~~~
[3.415s] /usr/include/c++/11/iomanip:363:5: note:   template argument deduction/substitution failed:
[3.415s] /home/eragon/student133_ws/src/test_basic_publisher/src/test_basic_publisher.cpp:30:62: note:   mismatched types ‘std::basic_ostream<_Ch, _Tr>’ and ‘const char [11]’
[3.415s]    30 |         RCLSPP_INFO(this->get_logger(),"Publised: "<<message.data);
[3.415s]       |                                                              ^~~~
[3.415s] /home/eragon/student133_ws/src/test_basic_publisher/src/test_basic_publisher.cpp:30:9: error: ‘RCLSPP_INFO’ was not declared in this scope; did you mean ‘RCLCPP_INFO’?
[3.415s]    30 |         RCLSPP_INFO(this->get_logger(),"Publised: "<<message.data);
[3.415s]       |         ^~~~~~~~~~~
[3.416s]       |         RCLCPP_INFO
[3.416s] /home/eragon/student133_ws/src/test_basic_publisher/src/test_basic_publisher.cpp: In function ‘int main(int, char**)’:
[3.416s] /home/eragon/student133_ws/src/test_basic_publisher/src/test_basic_publisher.cpp:38:35: error: ‘TestNode’ was not declared in this scope
[3.416s]    38 |     rclcpp::spin(std::make_shared<TestNode>());
[3.416s]       |                                   ^~~~~~~~
[3.416s] /home/eragon/student133_ws/src/test_basic_publisher/src/test_basic_publisher.cpp:38:44: error: no matching function for call to ‘make_shared<<expression error> >()’
[3.416s]    38 |     rclcpp::spin(std::make_shared<TestNode>());
[3.416s]       |                  ~~~~~~~~~~~~~~~~~~~~~~~~~~^~
[3.416s] In file included from /usr/include/c++/11/memory:77,
[3.416s]                  from /opt/ros/humble/include/rclcpp/rclcpp/rclcpp.hpp:153,
[3.416s]                  from /home/eragon/student133_ws/src/test_basic_publisher/src/test_basic_publisher.cpp:2:
[3.416s] /usr/include/c++/11/bits/shared_ptr.h:875:5: note: candidate: ‘template<class _Tp, class ... _Args> std::shared_ptr<_Tp> std::make_shared(_Args&& ...)’
[3.417s]   875 |     make_shared(_Args&&... __args)
[3.417s]       |     ^~~~~~~~~~~
[3.417s] /usr/include/c++/11/bits/shared_ptr.h:875:5: note:   template argument deduction/substitution failed:
[3.417s] /home/eragon/student133_ws/src/test_basic_publisher/src/test_basic_publisher.cpp:38:44: error: template argument 1 is invalid
[3.417s]    38 |     rclcpp::spin(std::make_shared<TestNode>());
[3.417s]       |                  ~~~~~~~~~~~~~~~~~~~~~~~~~~^~
[4.573s] gmake[2]: *** [CMakeFiles/test_basic_publisher.dir/build.make:76: CMakeFiles/test_basic_publisher.dir/src/test_basic_publisher.cpp.o] Ошибка 1
[4.574s] gmake[1]: *** [CMakeFiles/Makefile2:137: CMakeFiles/test_basic_publisher.dir/all] Ошибка 2
[4.574s] gmake: *** [Makefile:146: all] Ошибка 2
[4.579s] Invoked command in '/home/eragon/student133_ws/build/test_basic_publisher' returned '2': CMAKE_PREFIX_PATH=${CMAKE_PREFIX_PATH}:/opt/ros/humble /usr/bin/cmake --build /home/eragon/student133_ws/build/test_basic_publisher -- -j8 -l8
