[0.032s] Invoking command in '/home/robot33-6/student133_ws/build/custom_counter': CMAKE_PREFIX_PATH=${CMAKE_PREFIX_PATH}:/opt/ros/humble /usr/bin/cmake --build /home/robot33-6/student133_ws/build/custom_counter -- -j8 -l8
[0.104s] Consolidate compiler generated dependencies of target custom_counter_node
[0.110s] [ 50%] Building CXX object CMakeFiles/custom_counter_node.dir/src/custom_counter_node.cpp.o
[2.263s] /home/robot33-6/student133_ws/src/custom_counter/src/custom_counter_node.cpp:65:2: error: expected ‘}’ at end of input
[2.263s]    65 | }
[2.263s]       |  ^
[2.263s] /home/robot33-6/student133_ws/src/custom_counter/src/custom_counter_node.cpp:6:41: note: to match this ‘{’
[2.263s]     6 | class TestCounter : public rclcpp::Node {
[2.263s]       |                                         ^
[2.280s] /home/robot33-6/student133_ws/src/custom_counter/src/custom_counter_node.cpp: In member function ‘int TestCounter::main(int, char**)’:
[2.280s] /home/robot33-6/student133_ws/src/custom_counter/src/custom_counter_node.cpp:65:1: warning: no return statement in function returning non-void [-Wreturn-type]
[2.280s]    65 | }
[2.280s]       | ^
[2.280s] /home/robot33-6/student133_ws/src/custom_counter/src/custom_counter_node.cpp: At global scope:
[2.280s] /home/robot33-6/student133_ws/src/custom_counter/src/custom_counter_node.cpp:65:2: error: expected unqualified-id at end of input
[2.280s]    65 | }
[2.280s]       |  ^
[3.967s] gmake[2]: *** [CMakeFiles/custom_counter_node.dir/build.make:76: CMakeFiles/custom_counter_node.dir/src/custom_counter_node.cpp.o] Error 1
[3.967s] gmake[1]: *** [CMakeFiles/Makefile2:137: CMakeFiles/custom_counter_node.dir/all] Error 2
[3.967s] gmake: *** [Makefile:146: all] Error 2
[3.968s] Invoked command in '/home/robot33-6/student133_ws/build/custom_counter' returned '2': CMAKE_PREFIX_PATH=${CMAKE_PREFIX_PATH}:/opt/ros/humble /usr/bin/cmake --build /home/robot33-6/student133_ws/build/custom_counter -- -j8 -l8
