/home/robot33-6/student133_ws/src/test_custom_publisher/src/test_custom_publisher.cpp:2:10: fatal error: test_custom_msg/msg/circle.hpp: No such file or directory
    2 | #include <test_custom_msg/msg/circle.hpp>
      |          ^~~~~~~~~~~~~~~~~~~~~~~~~~~~~~~~
compilation terminated.
gmake[2]: *** [CMakeFiles/test_custom_publisher_node.dir/build.make:76: CMakeFiles/test_custom_publisher_node.dir/src/test_custom_publisher.cpp.o] Error 1
gmake[1]: *** [CMakeFiles/Makefile2:137: CMakeFiles/test_custom_publisher_node.dir/all] Error 2
gmake: *** [Makefile:146: all] Error 2
