[0.279s] Invoking command in '/home/robot33-6/student133_ws/build/test_visualization': CMAKE_PREFIX_PATH=${CMAKE_PREFIX_PATH}:/opt/ros/humble /usr/bin/cmake --build /home/robot33-6/student133_ws/build/test_visualization -- -j8 -l8
[0.365s] Consolidate compiler generated dependencies of target test_visualization_node
[0.365s] [ 50%] Building CXX object CMakeFiles/test_visualization_node.dir/src/test_visualization_node.cpp.o
[2.291s] /home/robot33-6/student133_ws/src/test_visualization/src/test_visualization_node.cpp: In member function ‘void MarkerPublisher::timer_callback()’:
[2.291s] /home/robot33-6/student133_ws/src/test_visualization/src/test_visualization_node.cpp:72:5: error: ‘marker’ was not declared in this scope
[2.291s]    72 |     marker.msg.color.a = 1.0; //Прозрачность
[2.291s]       |     ^~~~~~
[2.291s] /home/robot33-6/student133_ws/src/test_visualization/src/test_visualization_node.cpp:77:16: error: ‘using element_type = class rclcpp::Publisher<visualization_msgs::msg::Marker_<std::allocator<void> > >’ {aka ‘class rclcpp::Publisher<visualization_msgs::msg::Marker_<std::allocator<void> > >’} has no member named ‘publisher’; did you mean ‘Publisher’?
[2.291s]    77 |     publisher->publisher(marker_msg);
[2.291s]       |                ^~~~~~~~~
[2.291s]       |                Publisher
[2.291s] /home/robot33-6/student133_ws/src/test_visualization/src/test_visualization_node.cpp: In function ‘int main(int, char**)’:
[2.291s] /home/robot33-6/student133_ws/src/test_visualization/src/test_visualization_node.cpp:85:14: warning: unused parameter ‘argc’ [-Wunused-parameter]
[2.291s]    85 | int main(int argc, char **argv)
[2.291s]       |          ~~~~^~~~
[2.291s] /home/robot33-6/student133_ws/src/test_visualization/src/test_visualization_node.cpp:85:27: warning: unused parameter ‘argv’ [-Wunused-parameter]
[2.291s]    85 | int main(int argc, char **argv)
[2.292s]       |                    ~~~~~~~^~~~
[3.052s] gmake[2]: *** [CMakeFiles/test_visualization_node.dir/build.make:76: CMakeFiles/test_visualization_node.dir/src/test_visualization_node.cpp.o] Error 1
[3.052s] gmake[1]: *** [CMakeFiles/Makefile2:137: CMakeFiles/test_visualization_node.dir/all] Error 2
[3.052s] gmake: *** [Makefile:146: all] Error 2
[3.053s] Invoked command in '/home/robot33-6/student133_ws/build/test_visualization' returned '2': CMAKE_PREFIX_PATH=${CMAKE_PREFIX_PATH}:/opt/ros/humble /usr/bin/cmake --build /home/robot33-6/student133_ws/build/test_visualization -- -j8 -l8
