[ 50%] Building CXX object CMakeFiles/test_serial_communication_node.dir/src/test_serial_communication_node.cpp.o
/home/robot33-6/student133_ws/src/test_serial_communication/src/test_serial_communication_node.cpp: In constructor ‘TestSerial::TestSerial()’:
/home/robot33-6/student133_ws/src/test_serial_communication/src/test_serial_communication_node.cpp:28:84: error: lvalue required as unary ‘&’ operand
   28 |       timer = this-> create_wall_timer(100ms, std::bind(&TestSerial::timer_callback(),this));
      |                                                          ~~~~~~~~~~~~~~~~~~~~~~~~~~^~
gmake[2]: *** [CMakeFiles/test_serial_communication_node.dir/build.make:76: CMakeFiles/test_serial_communication_node.dir/src/test_serial_communication_node.cpp.o] Error 1
gmake[1]: *** [CMakeFiles/Makefile2:137: CMakeFiles/test_serial_communication_node.dir/all] Error 2
gmake: *** [Makefile:146: all] Error 2
