[0.000000] (-) TimerEvent: {}
[0.001193] (custom_counter) JobQueued: {'identifier': 'custom_counter', 'dependencies': OrderedDict()}
[0.001384] (test_basic_publisher) JobQueued: {'identifier': 'test_basic_publisher', 'dependencies': OrderedDict()}
[0.001460] (test_client) JobQueued: {'identifier': 'test_client', 'dependencies': OrderedDict()}
[0.001588] (test_custom_msg) JobQueued: {'identifier': 'test_custom_msg', 'dependencies': OrderedDict()}
[0.001636] (test_custom_publisher) JobQueued: {'identifier': 'test_custom_publisher', 'dependencies': OrderedDict()}
[0.001684] (test_custom_srv) JobQueued: {'identifier': 'test_custom_srv', 'dependencies': OrderedDict()}
[0.001750] (test_parameters) JobQueued: {'identifier': 'test_parameters', 'dependencies': OrderedDict()}
[0.001852] (test_pkg) JobQueued: {'identifier': 'test_pkg', 'dependencies': OrderedDict()}
[0.001935] (test_publisher) JobQueued: {'identifier': 'test_publisher', 'dependencies': OrderedDict()}
[0.001989] (test_service) JobQueued: {'identifier': 'test_service', 'dependencies': OrderedDict()}
[0.002034] (test_subscriber) JobQueued: {'identifier': 'test_subscriber', 'dependencies': OrderedDict()}
[0.002077] (test_tf_broadcaster) JobQueued: {'identifier': 'test_tf_broadcaster', 'dependencies': OrderedDict()}
[0.002145] (test_visualization) JobQueued: {'identifier': 'test_visualization', 'dependencies': OrderedDict()}
[0.002246] (custom_counter) JobStarted: {'identifier': 'custom_counter'}
[0.009694] (test_basic_publisher) JobStarted: {'identifier': 'test_basic_publisher'}
[0.014404] (test_client) JobStarted: {'identifier': 'test_client'}
[0.020050] (test_custom_msg) JobStarted: {'identifier': 'test_custom_msg'}
[0.025471] (test_custom_publisher) JobStarted: {'identifier': 'test_custom_publisher'}
[0.031193] (test_custom_srv) JobStarted: {'identifier': 'test_custom_srv'}
[0.036430] (test_parameters) JobStarted: {'identifier': 'test_parameters'}
[0.042073] (test_pkg) JobStarted: {'identifier': 'test_pkg'}
[0.050692] (custom_counter) JobProgress: {'identifier': 'custom_counter', 'progress': 'cmake'}
[0.052114] (custom_counter) JobProgress: {'identifier': 'custom_counter', 'progress': 'build'}
[0.052190] (custom_counter) Command: {'cmd': ['/usr/bin/cmake', '--build', '/home/eragon/student133_ws/build/custom_counter', '--', '-j8', '-l8'], 'cwd': '/home/eragon/student133_ws/build/custom_counter', 'env': OrderedDict([('GJS_DEBUG_TOPICS', 'JS ERROR;JS LOG'), ('LANGUAGE', 'ru'), ('LC_TIME', 'ru_RU.UTF-8'), ('USER', 'eragon'), ('XDG_SESSION_TYPE', 'wayland'), ('LD_LIBRARY_PATH', '/home/eragon/student133_ws/install/test_custom_srv/lib:/home/eragon/student133_ws/install/test_custom_msg/lib:/opt/ros/humble/opt/rviz_ogre_vendor/lib:/opt/ros/humble/lib/x86_64-linux-gnu:/opt/ros/humble/lib'), ('SHLVL', '1'), ('HOME', '/home/eragon'), ('DESKTOP_SESSION', 'ubuntu'), ('QTDIR', '/usr/lib/x86_64-linux-gnu/qt5'), ('GIO_LAUNCHED_DESKTOP_FILE', '/home/eragon/.local/share/applications/org.qt-project.qtcreator.desktop'), ('GNOME_SHELL_SESSION_MODE', 'ubuntu'), ('GTK_MODULES', 'gail:atk-bridge'), ('ROS_PYTHON_VERSION', '3'), ('LC_MONETARY', 'ru_RU.UTF-8'), ('MANAGERPID', '869'), ('DBUS_SESSION_BUS_ADDRESS', 'unix:path'), ('SYSTEMD_EXEC_PID', '1041'), ('GIO_LAUNCHED_DESKTOP_FILE_PID', '2694'), ('COLCON_PREFIX_PATH', '/home/eragon/student133_ws/install'), ('IM_CONFIG_PHASE', '1'), ('ROS_DISTRO', 'humble'), ('WAYLAND_DISPLAY', 'wayland-0'), ('LOGNAME', 'eragon'), ('JOURNAL_STREAM', '8:8864'), ('_', '/usr/bin/env'), ('ROS_VERSION', '2'), ('XDG_SESSION_CLASS', 'user'), ('QSG_RHI_BACKEND', 'opengl'), ('USERNAME', 'eragon'), ('GNOME_DESKTOP_SESSION_ID', 'this-is-deprecated'), ('ROS_LOCALHOST_ONLY', '0'), ('PATH', '/opt/ros/humble/bin:/home/eragon/.local/bin:/usr/local/sbin:/usr/local/bin:/usr/sbin:/usr/bin:/sbin:/bin:/usr/games:/usr/local/games:/snap/bin:/snap/bin'), ('INVOCATION_ID', '68df7faf19e64317b848cbed1cabd08b'), ('PAPERSIZE', 'a4'), ('SESSION_MANAGER', 'local/eragon-KPL-W0X:@/tmp/.ICE-unix/1015,unix/eragon-KPL-W0X:/tmp/.ICE-unix/1015'), ('GNOME_SETUP_DISPLAY', ':1'), ('LC_ADDRESS', 'ru_RU.UTF-8'), ('XDG_MENU_PREFIX', 'gnome-'), ('XDG_RUNTIME_DIR', '/run/user/1000'), ('DISPLAY', ':0'), ('LANG', 'ru_RU.UTF-8'), ('LC_TELEPHONE', 'ru_RU.UTF-8'), ('XDG_CURRENT_DESKTOP', 'ubuntu:GNOME'), ('XAUTHORITY', '/run/user/1000/.mutter-Xwaylandauth.JLCEW2'), ('XDG_SESSION_DESKTOP', 'ubuntu'), ('XMODIFIERS', '@im'), ('AMENT_PREFIX_PATH', '/home/eragon/student133_ws/install/test_visualization:/home/eragon/student133_ws/install/test_subscriber:/home/eragon/student133_ws/install/test_service:/home/eragon/student133_ws/install/test_serial_communication:/home/eragon/student133_ws/install/test_publisher:/home/eragon/student133_ws/install/test_pkg:/home/eragon/student133_ws/install/test_parameters:/home/eragon/student133_ws/install/test_custom_publisher:/home/eragon/student133_ws/install/test_client:/home/eragon/student133_ws/install/test_castom_publisher:/home/eragon/student133_ws/install/custom_counter:/opt/ros/humble'), ('SSH_AGENT_LAUNCHER', 'gnome-keyring'), ('SSH_AUTH_SOCK', '/run/user/1000/keyring/ssh'), ('LC_NAME', 'ru_RU.UTF-8'), ('SHELL', '/bin/bash'), ('GDMSESSION', 'ubuntu'), ('QT_ACCESSIBILITY', '1'), ('LC_MEASUREMENT', 'ru_RU.UTF-8'), ('GJS_DEBUG_OUTPUT', 'stderr'), ('LC_IDENTIFICATION', 'ru_RU.UTF-8'), ('QT_IM_MODULE', 'ibus'), ('LC_ALL', 'en_US.UTF-8'), ('PWD', '/home/eragon/student133_ws/build/custom_counter'), ('QT_QPA_PLATFORM', 'xcb'), ('XDG_CONFIG_DIRS', '/etc/xdg/xdg-ubuntu:/etc/xdg'), ('XDG_DATA_DIRS', '/usr/share/ubuntu:/usr/local/share/:/usr/share/:/var/lib/snapd/desktop'), ('LC_NUMERIC', 'ru_RU.UTF-8'), ('PYTHONPATH', '/opt/ros/humble/lib/python3.10/site-packages:/opt/ros/humble/local/lib/python3.10/dist-packages'), ('LC_PAPER', 'ru_RU.UTF-8'), ('COLCON', '1'), ('CMAKE_PREFIX_PATH', '/home/eragon/student133_ws/install/test_visualization:/home/eragon/student133_ws/install/test_subscriber:/home/eragon/student133_ws/install/test_service:/home/eragon/student133_ws/install/test_serial_communication:/home/eragon/student133_ws/install/test_publisher:/home/eragon/student133_ws/install/test_pkg:/home/eragon/student133_ws/install/test_parameters:/home/eragon/student133_ws/install/test_custom_srv:/home/eragon/student133_ws/install/test_custom_publisher:/home/eragon/student133_ws/install/test_custom_msg:/home/eragon/student133_ws/install/test_client:/home/eragon/student133_ws/install/test_castom_publisher:/home/eragon/student133_ws/install/custom_counter:/opt/ros/humble')]), 'shell': False}
[0.054949] (test_basic_publisher) JobProgress: {'identifier': 'test_basic_publisher', 'progress': 'cmake'}
[0.055249] (test_basic_publisher) Command: {'cmd': ['/usr/bin/cmake', '/home/eragon/student133_ws/src/test_basic_publisher', '-G', 'CodeBlocks - Unix Makefiles', '-DCMAKE_BUILD_TYPE=Debug', '-DCMAKE_INSTALL_PREFIX=/home/eragon/student133_ws/install/test_basic_publisher'], 'cwd': '/home/eragon/student133_ws/build/test_basic_publisher', 'env': OrderedDict([('GJS_DEBUG_TOPICS', 'JS ERROR;JS LOG'), ('LANGUAGE', 'ru'), ('LC_TIME', 'ru_RU.UTF-8'), ('USER', 'eragon'), ('XDG_SESSION_TYPE', 'wayland'), ('LD_LIBRARY_PATH', '/home/eragon/student133_ws/install/test_custom_srv/lib:/home/eragon/student133_ws/install/test_custom_msg/lib:/opt/ros/humble/opt/rviz_ogre_vendor/lib:/opt/ros/humble/lib/x86_64-linux-gnu:/opt/ros/humble/lib'), ('SHLVL', '1'), ('HOME', '/home/eragon'), ('DESKTOP_SESSION', 'ubuntu'), ('QTDIR', '/usr/lib/x86_64-linux-gnu/qt5'), ('GIO_LAUNCHED_DESKTOP_FILE', '/home/eragon/.local/share/applications/org.qt-project.qtcreator.desktop'), ('GNOME_SHELL_SESSION_MODE', 'ubuntu'), ('GTK_MODULES', 'gail:atk-bridge'), ('ROS_PYTHON_VERSION', '3'), ('LC_MONETARY', 'ru_RU.UTF-8'), ('MANAGERPID', '869'), ('DBUS_SESSION_BUS_ADDRESS', 'unix:path'), ('SYSTEMD_EXEC_PID', '1041'), ('GIO_LAUNCHED_DESKTOP_FILE_PID', '2694'), ('COLCON_PREFIX_PATH', '/home/eragon/student133_ws/install'), ('IM_CONFIG_PHASE', '1'), ('ROS_DISTRO', 'humble'), ('WAYLAND_DISPLAY', 'wayland-0'), ('LOGNAME', 'eragon'), ('JOURNAL_STREAM', '8:8864'), ('_', '/usr/bin/env'), ('ROS_VERSION', '2'), ('XDG_SESSION_CLASS', 'user'), ('QSG_RHI_BACKEND', 'opengl'), ('USERNAME', 'eragon'), ('GNOME_DESKTOP_SESSION_ID', 'this-is-deprecated'), ('ROS_LOCALHOST_ONLY', '0'), ('PATH', '/opt/ros/humble/bin:/home/eragon/.local/bin:/usr/local/sbin:/usr/local/bin:/usr/sbin:/usr/bin:/sbin:/bin:/usr/games:/usr/local/games:/snap/bin:/snap/bin'), ('INVOCATION_ID', '68df7faf19e64317b848cbed1cabd08b'), ('PAPERSIZE', 'a4'), ('SESSION_MANAGER', 'local/eragon-KPL-W0X:@/tmp/.ICE-unix/1015,unix/eragon-KPL-W0X:/tmp/.ICE-unix/1015'), ('GNOME_SETUP_DISPLAY', ':1'), ('LC_ADDRESS', 'ru_RU.UTF-8'), ('XDG_MENU_PREFIX', 'gnome-'), ('XDG_RUNTIME_DIR', '/run/user/1000'), ('DISPLAY', ':0'), ('LANG', 'ru_RU.UTF-8'), ('LC_TELEPHONE', 'ru_RU.UTF-8'), ('XDG_CURRENT_DESKTOP', 'ubuntu:GNOME'), ('XAUTHORITY', '/run/user/1000/.mutter-Xwaylandauth.JLCEW2'), ('XDG_SESSION_DESKTOP', 'ubuntu'), ('XMODIFIERS', '@im'), ('AMENT_PREFIX_PATH', '/home/eragon/student133_ws/install/test_visualization:/home/eragon/student133_ws/install/test_subscriber:/home/eragon/student133_ws/install/test_service:/home/eragon/student133_ws/install/test_serial_communication:/home/eragon/student133_ws/install/test_publisher:/home/eragon/student133_ws/install/test_pkg:/home/eragon/student133_ws/install/test_parameters:/home/eragon/student133_ws/install/test_custom_publisher:/home/eragon/student133_ws/install/test_client:/home/eragon/student133_ws/install/test_castom_publisher:/home/eragon/student133_ws/install/custom_counter:/opt/ros/humble'), ('SSH_AGENT_LAUNCHER', 'gnome-keyring'), ('SSH_AUTH_SOCK', '/run/user/1000/keyring/ssh'), ('LC_NAME', 'ru_RU.UTF-8'), ('SHELL', '/bin/bash'), ('GDMSESSION', 'ubuntu'), ('QT_ACCESSIBILITY', '1'), ('LC_MEASUREMENT', 'ru_RU.UTF-8'), ('GJS_DEBUG_OUTPUT', 'stderr'), ('LC_IDENTIFICATION', 'ru_RU.UTF-8'), ('QT_IM_MODULE', 'ibus'), ('LC_ALL', 'en_US.UTF-8'), ('PWD', '/home/eragon/student133_ws/build/test_basic_publisher'), ('QT_QPA_PLATFORM', 'xcb'), ('XDG_CONFIG_DIRS', '/etc/xdg/xdg-ubuntu:/etc/xdg'), ('XDG_DATA_DIRS', '/usr/share/ubuntu:/usr/local/share/:/usr/share/:/var/lib/snapd/desktop'), ('LC_NUMERIC', 'ru_RU.UTF-8'), ('PYTHONPATH', '/opt/ros/humble/lib/python3.10/site-packages:/opt/ros/humble/local/lib/python3.10/dist-packages'), ('LC_PAPER', 'ru_RU.UTF-8'), ('COLCON', '1'), ('CMAKE_PREFIX_PATH', '/home/eragon/student133_ws/install/test_visualization:/home/eragon/student133_ws/install/test_subscriber:/home/eragon/student133_ws/install/test_service:/home/eragon/student133_ws/install/test_serial_communication:/home/eragon/student133_ws/install/test_publisher:/home/eragon/student133_ws/install/test_pkg:/home/eragon/student133_ws/install/test_parameters:/home/eragon/student133_ws/install/test_custom_srv:/home/eragon/student133_ws/install/test_custom_publisher:/home/eragon/student133_ws/install/test_custom_msg:/home/eragon/student133_ws/install/test_client:/home/eragon/student133_ws/install/test_castom_publisher:/home/eragon/student133_ws/install/custom_counter:/opt/ros/humble')]), 'shell': False}
[0.058849] (test_client) JobProgress: {'identifier': 'test_client', 'progress': 'cmake'}
[0.059785] (test_client) JobProgress: {'identifier': 'test_client', 'progress': 'build'}
[0.059860] (test_client) Command: {'cmd': ['/usr/bin/cmake', '--build', '/home/eragon/student133_ws/build/test_client', '--', '-j8', '-l8'], 'cwd': '/home/eragon/student133_ws/build/test_client', 'env': OrderedDict([('GJS_DEBUG_TOPICS', 'JS ERROR;JS LOG'), ('LANGUAGE', 'ru'), ('LC_TIME', 'ru_RU.UTF-8'), ('USER', 'eragon'), ('XDG_SESSION_TYPE', 'wayland'), ('LD_LIBRARY_PATH', '/home/eragon/student133_ws/install/test_custom_srv/lib:/home/eragon/student133_ws/install/test_custom_msg/lib:/opt/ros/humble/opt/rviz_ogre_vendor/lib:/opt/ros/humble/lib/x86_64-linux-gnu:/opt/ros/humble/lib'), ('SHLVL', '1'), ('HOME', '/home/eragon'), ('DESKTOP_SESSION', 'ubuntu'), ('QTDIR', '/usr/lib/x86_64-linux-gnu/qt5'), ('GIO_LAUNCHED_DESKTOP_FILE', '/home/eragon/.local/share/applications/org.qt-project.qtcreator.desktop'), ('GNOME_SHELL_SESSION_MODE', 'ubuntu'), ('GTK_MODULES', 'gail:atk-bridge'), ('ROS_PYTHON_VERSION', '3'), ('LC_MONETARY', 'ru_RU.UTF-8'), ('MANAGERPID', '869'), ('DBUS_SESSION_BUS_ADDRESS', 'unix:path'), ('SYSTEMD_EXEC_PID', '1041'), ('GIO_LAUNCHED_DESKTOP_FILE_PID', '2694'), ('COLCON_PREFIX_PATH', '/home/eragon/student133_ws/install'), ('IM_CONFIG_PHASE', '1'), ('ROS_DISTRO', 'humble'), ('WAYLAND_DISPLAY', 'wayland-0'), ('LOGNAME', 'eragon'), ('JOURNAL_STREAM', '8:8864'), ('_', '/usr/bin/env'), ('ROS_VERSION', '2'), ('XDG_SESSION_CLASS', 'user'), ('QSG_RHI_BACKEND', 'opengl'), ('USERNAME', 'eragon'), ('GNOME_DESKTOP_SESSION_ID', 'this-is-deprecated'), ('ROS_LOCALHOST_ONLY', '0'), ('PATH', '/opt/ros/humble/bin:/home/eragon/.local/bin:/usr/local/sbin:/usr/local/bin:/usr/sbin:/usr/bin:/sbin:/bin:/usr/games:/usr/local/games:/snap/bin:/snap/bin'), ('INVOCATION_ID', '68df7faf19e64317b848cbed1cabd08b'), ('PAPERSIZE', 'a4'), ('SESSION_MANAGER', 'local/eragon-KPL-W0X:@/tmp/.ICE-unix/1015,unix/eragon-KPL-W0X:/tmp/.ICE-unix/1015'), ('GNOME_SETUP_DISPLAY', ':1'), ('LC_ADDRESS', 'ru_RU.UTF-8'), ('XDG_MENU_PREFIX', 'gnome-'), ('XDG_RUNTIME_DIR', '/run/user/1000'), ('DISPLAY', ':0'), ('LANG', 'ru_RU.UTF-8'), ('LC_TELEPHONE', 'ru_RU.UTF-8'), ('XDG_CURRENT_DESKTOP', 'ubuntu:GNOME'), ('XAUTHORITY', '/run/user/1000/.mutter-Xwaylandauth.JLCEW2'), ('XDG_SESSION_DESKTOP', 'ubuntu'), ('XMODIFIERS', '@im'), ('AMENT_PREFIX_PATH', '/home/eragon/student133_ws/install/test_visualization:/home/eragon/student133_ws/install/test_subscriber:/home/eragon/student133_ws/install/test_service:/home/eragon/student133_ws/install/test_serial_communication:/home/eragon/student133_ws/install/test_publisher:/home/eragon/student133_ws/install/test_pkg:/home/eragon/student133_ws/install/test_parameters:/home/eragon/student133_ws/install/test_custom_publisher:/home/eragon/student133_ws/install/test_client:/home/eragon/student133_ws/install/test_castom_publisher:/home/eragon/student133_ws/install/custom_counter:/opt/ros/humble'), ('SSH_AGENT_LAUNCHER', 'gnome-keyring'), ('SSH_AUTH_SOCK', '/run/user/1000/keyring/ssh'), ('LC_NAME', 'ru_RU.UTF-8'), ('SHELL', '/bin/bash'), ('GDMSESSION', 'ubuntu'), ('QT_ACCESSIBILITY', '1'), ('LC_MEASUREMENT', 'ru_RU.UTF-8'), ('GJS_DEBUG_OUTPUT', 'stderr'), ('LC_IDENTIFICATION', 'ru_RU.UTF-8'), ('QT_IM_MODULE', 'ibus'), ('LC_ALL', 'en_US.UTF-8'), ('PWD', '/home/eragon/student133_ws/build/test_client'), ('QT_QPA_PLATFORM', 'xcb'), ('XDG_CONFIG_DIRS', '/etc/xdg/xdg-ubuntu:/etc/xdg'), ('XDG_DATA_DIRS', '/usr/share/ubuntu:/usr/local/share/:/usr/share/:/var/lib/snapd/desktop'), ('LC_NUMERIC', 'ru_RU.UTF-8'), ('PYTHONPATH', '/opt/ros/humble/lib/python3.10/site-packages:/opt/ros/humble/local/lib/python3.10/dist-packages'), ('LC_PAPER', 'ru_RU.UTF-8'), ('COLCON', '1'), ('CMAKE_PREFIX_PATH', '/home/eragon/student133_ws/install/test_visualization:/home/eragon/student133_ws/install/test_subscriber:/home/eragon/student133_ws/install/test_service:/home/eragon/student133_ws/install/test_serial_communication:/home/eragon/student133_ws/install/test_publisher:/home/eragon/student133_ws/install/test_pkg:/home/eragon/student133_ws/install/test_parameters:/home/eragon/student133_ws/install/test_custom_srv:/home/eragon/student133_ws/install/test_custom_publisher:/home/eragon/student133_ws/install/test_custom_msg:/home/eragon/student133_ws/install/test_client:/home/eragon/student133_ws/install/test_castom_publisher:/home/eragon/student133_ws/install/custom_counter:/opt/ros/humble')]), 'shell': False}
[0.063342] (test_custom_msg) JobProgress: {'identifier': 'test_custom_msg', 'progress': 'cmake'}
[0.063751] (test_custom_msg) JobProgress: {'identifier': 'test_custom_msg', 'progress': 'build'}
[0.063816] (test_custom_msg) Command: {'cmd': ['/usr/bin/cmake', '--build', '/home/eragon/student133_ws/build/test_custom_msg', '--', '-j8', '-l8'], 'cwd': '/home/eragon/student133_ws/build/test_custom_msg', 'env': OrderedDict([('GJS_DEBUG_TOPICS', 'JS ERROR;JS LOG'), ('LANGUAGE', 'ru'), ('LC_TIME', 'ru_RU.UTF-8'), ('USER', 'eragon'), ('XDG_SESSION_TYPE', 'wayland'), ('LD_LIBRARY_PATH', '/home/eragon/student133_ws/install/test_custom_srv/lib:/home/eragon/student133_ws/install/test_custom_msg/lib:/opt/ros/humble/opt/rviz_ogre_vendor/lib:/opt/ros/humble/lib/x86_64-linux-gnu:/opt/ros/humble/lib'), ('SHLVL', '1'), ('HOME', '/home/eragon'), ('DESKTOP_SESSION', 'ubuntu'), ('QTDIR', '/usr/lib/x86_64-linux-gnu/qt5'), ('GIO_LAUNCHED_DESKTOP_FILE', '/home/eragon/.local/share/applications/org.qt-project.qtcreator.desktop'), ('GNOME_SHELL_SESSION_MODE', 'ubuntu'), ('GTK_MODULES', 'gail:atk-bridge'), ('ROS_PYTHON_VERSION', '3'), ('LC_MONETARY', 'ru_RU.UTF-8'), ('MANAGERPID', '869'), ('DBUS_SESSION_BUS_ADDRESS', 'unix:path'), ('SYSTEMD_EXEC_PID', '1041'), ('GIO_LAUNCHED_DESKTOP_FILE_PID', '2694'), ('COLCON_PREFIX_PATH', '/home/eragon/student133_ws/install'), ('IM_CONFIG_PHASE', '1'), ('ROS_DISTRO', 'humble'), ('WAYLAND_DISPLAY', 'wayland-0'), ('LOGNAME', 'eragon'), ('JOURNAL_STREAM', '8:8864'), ('_', '/usr/bin/env'), ('ROS_VERSION', '2'), ('XDG_SESSION_CLASS', 'user'), ('QSG_RHI_BACKEND', 'opengl'), ('USERNAME', 'eragon'), ('GNOME_DESKTOP_SESSION_ID', 'this-is-deprecated'), ('ROS_LOCALHOST_ONLY', '0'), ('PATH', '/opt/ros/humble/bin:/home/eragon/.local/bin:/usr/local/sbin:/usr/local/bin:/usr/sbin:/usr/bin:/sbin:/bin:/usr/games:/usr/local/games:/snap/bin:/snap/bin'), ('INVOCATION_ID', '68df7faf19e64317b848cbed1cabd08b'), ('PAPERSIZE', 'a4'), ('SESSION_MANAGER', 'local/eragon-KPL-W0X:@/tmp/.ICE-unix/1015,unix/eragon-KPL-W0X:/tmp/.ICE-unix/1015'), ('GNOME_SETUP_DISPLAY', ':1'), ('LC_ADDRESS', 'ru_RU.UTF-8'), ('XDG_MENU_PREFIX', 'gnome-'), ('XDG_RUNTIME_DIR', '/run/user/1000'), ('DISPLAY', ':0'), ('LANG', 'ru_RU.UTF-8'), ('LC_TELEPHONE', 'ru_RU.UTF-8'), ('XDG_CURRENT_DESKTOP', 'ubuntu:GNOME'), ('XAUTHORITY', '/run/user/1000/.mutter-Xwaylandauth.JLCEW2'), ('XDG_SESSION_DESKTOP', 'ubuntu'), ('XMODIFIERS', '@im'), ('AMENT_PREFIX_PATH', '/home/eragon/student133_ws/install/test_visualization:/home/eragon/student133_ws/install/test_subscriber:/home/eragon/student133_ws/install/test_service:/home/eragon/student133_ws/install/test_serial_communication:/home/eragon/student133_ws/install/test_publisher:/home/eragon/student133_ws/install/test_pkg:/home/eragon/student133_ws/install/test_parameters:/home/eragon/student133_ws/install/test_custom_publisher:/home/eragon/student133_ws/install/test_client:/home/eragon/student133_ws/install/test_castom_publisher:/home/eragon/student133_ws/install/custom_counter:/opt/ros/humble'), ('SSH_AGENT_LAUNCHER', 'gnome-keyring'), ('SSH_AUTH_SOCK', '/run/user/1000/keyring/ssh'), ('LC_NAME', 'ru_RU.UTF-8'), ('SHELL', '/bin/bash'), ('GDMSESSION', 'ubuntu'), ('QT_ACCESSIBILITY', '1'), ('LC_MEASUREMENT', 'ru_RU.UTF-8'), ('GJS_DEBUG_OUTPUT', 'stderr'), ('LC_IDENTIFICATION', 'ru_RU.UTF-8'), ('QT_IM_MODULE', 'ibus'), ('LC_ALL', 'en_US.UTF-8'), ('PWD', '/home/eragon/student133_ws/build/test_custom_msg'), ('QT_QPA_PLATFORM', 'xcb'), ('XDG_CONFIG_DIRS', '/etc/xdg/xdg-ubuntu:/etc/xdg'), ('XDG_DATA_DIRS', '/usr/share/ubuntu:/usr/local/share/:/usr/share/:/var/lib/snapd/desktop'), ('LC_NUMERIC', 'ru_RU.UTF-8'), ('PYTHONPATH', '/opt/ros/humble/lib/python3.10/site-packages:/opt/ros/humble/local/lib/python3.10/dist-packages'), ('LC_PAPER', 'ru_RU.UTF-8'), ('COLCON', '1'), ('CMAKE_PREFIX_PATH', '/home/eragon/student133_ws/install/test_visualization:/home/eragon/student133_ws/install/test_subscriber:/home/eragon/student133_ws/install/test_service:/home/eragon/student133_ws/install/test_serial_communication:/home/eragon/student133_ws/install/test_publisher:/home/eragon/student133_ws/install/test_pkg:/home/eragon/student133_ws/install/test_parameters:/home/eragon/student133_ws/install/test_custom_srv:/home/eragon/student133_ws/install/test_custom_publisher:/home/eragon/student133_ws/install/test_custom_msg:/home/eragon/student133_ws/install/test_client:/home/eragon/student133_ws/install/test_castom_publisher:/home/eragon/student133_ws/install/custom_counter:/opt/ros/humble')]), 'shell': False}
[0.067231] (test_custom_publisher) JobProgress: {'identifier': 'test_custom_publisher', 'progress': 'cmake'}
[0.068156] (test_custom_publisher) JobProgress: {'identifier': 'test_custom_publisher', 'progress': 'build'}
[0.068259] (test_custom_publisher) Command: {'cmd': ['/usr/bin/cmake', '--build', '/home/eragon/student133_ws/build/test_custom_publisher', '--', '-j8', '-l8'], 'cwd': '/home/eragon/student133_ws/build/test_custom_publisher', 'env': OrderedDict([('GJS_DEBUG_TOPICS', 'JS ERROR;JS LOG'), ('LANGUAGE', 'ru'), ('LC_TIME', 'ru_RU.UTF-8'), ('USER', 'eragon'), ('XDG_SESSION_TYPE', 'wayland'), ('LD_LIBRARY_PATH', '/home/eragon/student133_ws/install/test_custom_srv/lib:/home/eragon/student133_ws/install/test_custom_msg/lib:/opt/ros/humble/opt/rviz_ogre_vendor/lib:/opt/ros/humble/lib/x86_64-linux-gnu:/opt/ros/humble/lib'), ('SHLVL', '1'), ('HOME', '/home/eragon'), ('DESKTOP_SESSION', 'ubuntu'), ('QTDIR', '/usr/lib/x86_64-linux-gnu/qt5'), ('GIO_LAUNCHED_DESKTOP_FILE', '/home/eragon/.local/share/applications/org.qt-project.qtcreator.desktop'), ('GNOME_SHELL_SESSION_MODE', 'ubuntu'), ('GTK_MODULES', 'gail:atk-bridge'), ('ROS_PYTHON_VERSION', '3'), ('LC_MONETARY', 'ru_RU.UTF-8'), ('MANAGERPID', '869'), ('DBUS_SESSION_BUS_ADDRESS', 'unix:path'), ('SYSTEMD_EXEC_PID', '1041'), ('GIO_LAUNCHED_DESKTOP_FILE_PID', '2694'), ('COLCON_PREFIX_PATH', '/home/eragon/student133_ws/install'), ('IM_CONFIG_PHASE', '1'), ('ROS_DISTRO', 'humble'), ('WAYLAND_DISPLAY', 'wayland-0'), ('LOGNAME', 'eragon'), ('JOURNAL_STREAM', '8:8864'), ('_', '/usr/bin/env'), ('ROS_VERSION', '2'), ('XDG_SESSION_CLASS', 'user'), ('QSG_RHI_BACKEND', 'opengl'), ('USERNAME', 'eragon'), ('GNOME_DESKTOP_SESSION_ID', 'this-is-deprecated'), ('ROS_LOCALHOST_ONLY', '0'), ('PATH', '/opt/ros/humble/bin:/home/eragon/.local/bin:/usr/local/sbin:/usr/local/bin:/usr/sbin:/usr/bin:/sbin:/bin:/usr/games:/usr/local/games:/snap/bin:/snap/bin'), ('INVOCATION_ID', '68df7faf19e64317b848cbed1cabd08b'), ('PAPERSIZE', 'a4'), ('SESSION_MANAGER', 'local/eragon-KPL-W0X:@/tmp/.ICE-unix/1015,unix/eragon-KPL-W0X:/tmp/.ICE-unix/1015'), ('GNOME_SETUP_DISPLAY', ':1'), ('LC_ADDRESS', 'ru_RU.UTF-8'), ('XDG_MENU_PREFIX', 'gnome-'), ('XDG_RUNTIME_DIR', '/run/user/1000'), ('DISPLAY', ':0'), ('LANG', 'ru_RU.UTF-8'), ('LC_TELEPHONE', 'ru_RU.UTF-8'), ('XDG_CURRENT_DESKTOP', 'ubuntu:GNOME'), ('XAUTHORITY', '/run/user/1000/.mutter-Xwaylandauth.JLCEW2'), ('XDG_SESSION_DESKTOP', 'ubuntu'), ('XMODIFIERS', '@im'), ('AMENT_PREFIX_PATH', '/home/eragon/student133_ws/install/test_visualization:/home/eragon/student133_ws/install/test_subscriber:/home/eragon/student133_ws/install/test_service:/home/eragon/student133_ws/install/test_serial_communication:/home/eragon/student133_ws/install/test_publisher:/home/eragon/student133_ws/install/test_pkg:/home/eragon/student133_ws/install/test_parameters:/home/eragon/student133_ws/install/test_custom_publisher:/home/eragon/student133_ws/install/test_client:/home/eragon/student133_ws/install/test_castom_publisher:/home/eragon/student133_ws/install/custom_counter:/opt/ros/humble'), ('SSH_AGENT_LAUNCHER', 'gnome-keyring'), ('SSH_AUTH_SOCK', '/run/user/1000/keyring/ssh'), ('LC_NAME', 'ru_RU.UTF-8'), ('SHELL', '/bin/bash'), ('GDMSESSION', 'ubuntu'), ('QT_ACCESSIBILITY', '1'), ('LC_MEASUREMENT', 'ru_RU.UTF-8'), ('GJS_DEBUG_OUTPUT', 'stderr'), ('LC_IDENTIFICATION', 'ru_RU.UTF-8'), ('QT_IM_MODULE', 'ibus'), ('LC_ALL', 'en_US.UTF-8'), ('PWD', '/home/eragon/student133_ws/build/test_custom_publisher'), ('QT_QPA_PLATFORM', 'xcb'), ('XDG_CONFIG_DIRS', '/etc/xdg/xdg-ubuntu:/etc/xdg'), ('XDG_DATA_DIRS', '/usr/share/ubuntu:/usr/local/share/:/usr/share/:/var/lib/snapd/desktop'), ('LC_NUMERIC', 'ru_RU.UTF-8'), ('PYTHONPATH', '/opt/ros/humble/lib/python3.10/site-packages:/opt/ros/humble/local/lib/python3.10/dist-packages'), ('LC_PAPER', 'ru_RU.UTF-8'), ('COLCON', '1'), ('CMAKE_PREFIX_PATH', '/home/eragon/student133_ws/install/test_visualization:/home/eragon/student133_ws/install/test_subscriber:/home/eragon/student133_ws/install/test_service:/home/eragon/student133_ws/install/test_serial_communication:/home/eragon/student133_ws/install/test_publisher:/home/eragon/student133_ws/install/test_pkg:/home/eragon/student133_ws/install/test_parameters:/home/eragon/student133_ws/install/test_custom_srv:/home/eragon/student133_ws/install/test_custom_publisher:/home/eragon/student133_ws/install/test_custom_msg:/home/eragon/student133_ws/install/test_client:/home/eragon/student133_ws/install/test_castom_publisher:/home/eragon/student133_ws/install/custom_counter:/opt/ros/humble')]), 'shell': False}
[0.072040] (test_custom_srv) JobProgress: {'identifier': 'test_custom_srv', 'progress': 'cmake'}
[0.073575] (test_custom_srv) JobProgress: {'identifier': 'test_custom_srv', 'progress': 'build'}
[0.073683] (test_custom_srv) Command: {'cmd': ['/usr/bin/cmake', '--build', '/home/eragon/student133_ws/build/test_custom_srv', '--', '-j8', '-l8'], 'cwd': '/home/eragon/student133_ws/build/test_custom_srv', 'env': OrderedDict([('GJS_DEBUG_TOPICS', 'JS ERROR;JS LOG'), ('LANGUAGE', 'ru'), ('LC_TIME', 'ru_RU.UTF-8'), ('USER', 'eragon'), ('XDG_SESSION_TYPE', 'wayland'), ('LD_LIBRARY_PATH', '/home/eragon/student133_ws/install/test_custom_srv/lib:/home/eragon/student133_ws/install/test_custom_msg/lib:/opt/ros/humble/opt/rviz_ogre_vendor/lib:/opt/ros/humble/lib/x86_64-linux-gnu:/opt/ros/humble/lib'), ('SHLVL', '1'), ('HOME', '/home/eragon'), ('DESKTOP_SESSION', 'ubuntu'), ('QTDIR', '/usr/lib/x86_64-linux-gnu/qt5'), ('GIO_LAUNCHED_DESKTOP_FILE', '/home/eragon/.local/share/applications/org.qt-project.qtcreator.desktop'), ('GNOME_SHELL_SESSION_MODE', 'ubuntu'), ('GTK_MODULES', 'gail:atk-bridge'), ('ROS_PYTHON_VERSION', '3'), ('LC_MONETARY', 'ru_RU.UTF-8'), ('MANAGERPID', '869'), ('DBUS_SESSION_BUS_ADDRESS', 'unix:path'), ('SYSTEMD_EXEC_PID', '1041'), ('GIO_LAUNCHED_DESKTOP_FILE_PID', '2694'), ('COLCON_PREFIX_PATH', '/home/eragon/student133_ws/install'), ('IM_CONFIG_PHASE', '1'), ('ROS_DISTRO', 'humble'), ('WAYLAND_DISPLAY', 'wayland-0'), ('LOGNAME', 'eragon'), ('JOURNAL_STREAM', '8:8864'), ('_', '/usr/bin/env'), ('ROS_VERSION', '2'), ('XDG_SESSION_CLASS', 'user'), ('QSG_RHI_BACKEND', 'opengl'), ('USERNAME', 'eragon'), ('GNOME_DESKTOP_SESSION_ID', 'this-is-deprecated'), ('ROS_LOCALHOST_ONLY', '0'), ('PATH', '/opt/ros/humble/bin:/home/eragon/.local/bin:/usr/local/sbin:/usr/local/bin:/usr/sbin:/usr/bin:/sbin:/bin:/usr/games:/usr/local/games:/snap/bin:/snap/bin'), ('INVOCATION_ID', '68df7faf19e64317b848cbed1cabd08b'), ('PAPERSIZE', 'a4'), ('SESSION_MANAGER', 'local/eragon-KPL-W0X:@/tmp/.ICE-unix/1015,unix/eragon-KPL-W0X:/tmp/.ICE-unix/1015'), ('GNOME_SETUP_DISPLAY', ':1'), ('LC_ADDRESS', 'ru_RU.UTF-8'), ('XDG_MENU_PREFIX', 'gnome-'), ('XDG_RUNTIME_DIR', '/run/user/1000'), ('DISPLAY', ':0'), ('LANG', 'ru_RU.UTF-8'), ('LC_TELEPHONE', 'ru_RU.UTF-8'), ('XDG_CURRENT_DESKTOP', 'ubuntu:GNOME'), ('XAUTHORITY', '/run/user/1000/.mutter-Xwaylandauth.JLCEW2'), ('XDG_SESSION_DESKTOP', 'ubuntu'), ('XMODIFIERS', '@im'), ('AMENT_PREFIX_PATH', '/home/eragon/student133_ws/install/test_visualization:/home/eragon/student133_ws/install/test_subscriber:/home/eragon/student133_ws/install/test_service:/home/eragon/student133_ws/install/test_serial_communication:/home/eragon/student133_ws/install/test_publisher:/home/eragon/student133_ws/install/test_pkg:/home/eragon/student133_ws/install/test_parameters:/home/eragon/student133_ws/install/test_custom_publisher:/home/eragon/student133_ws/install/test_client:/home/eragon/student133_ws/install/test_castom_publisher:/home/eragon/student133_ws/install/custom_counter:/opt/ros/humble'), ('SSH_AGENT_LAUNCHER', 'gnome-keyring'), ('SSH_AUTH_SOCK', '/run/user/1000/keyring/ssh'), ('LC_NAME', 'ru_RU.UTF-8'), ('SHELL', '/bin/bash'), ('GDMSESSION', 'ubuntu'), ('QT_ACCESSIBILITY', '1'), ('LC_MEASUREMENT', 'ru_RU.UTF-8'), ('GJS_DEBUG_OUTPUT', 'stderr'), ('LC_IDENTIFICATION', 'ru_RU.UTF-8'), ('QT_IM_MODULE', 'ibus'), ('LC_ALL', 'en_US.UTF-8'), ('PWD', '/home/eragon/student133_ws/build/test_custom_srv'), ('QT_QPA_PLATFORM', 'xcb'), ('XDG_CONFIG_DIRS', '/etc/xdg/xdg-ubuntu:/etc/xdg'), ('XDG_DATA_DIRS', '/usr/share/ubuntu:/usr/local/share/:/usr/share/:/var/lib/snapd/desktop'), ('LC_NUMERIC', 'ru_RU.UTF-8'), ('PYTHONPATH', '/opt/ros/humble/lib/python3.10/site-packages:/opt/ros/humble/local/lib/python3.10/dist-packages'), ('LC_PAPER', 'ru_RU.UTF-8'), ('COLCON', '1'), ('CMAKE_PREFIX_PATH', '/home/eragon/student133_ws/install/test_visualization:/home/eragon/student133_ws/install/test_subscriber:/home/eragon/student133_ws/install/test_service:/home/eragon/student133_ws/install/test_serial_communication:/home/eragon/student133_ws/install/test_publisher:/home/eragon/student133_ws/install/test_pkg:/home/eragon/student133_ws/install/test_parameters:/home/eragon/student133_ws/install/test_custom_srv:/home/eragon/student133_ws/install/test_custom_publisher:/home/eragon/student133_ws/install/test_custom_msg:/home/eragon/student133_ws/install/test_client:/home/eragon/student133_ws/install/test_castom_publisher:/home/eragon/student133_ws/install/custom_counter:/opt/ros/humble')]), 'shell': False}
[0.077782] (test_parameters) JobProgress: {'identifier': 'test_parameters', 'progress': 'cmake'}
[0.081463] (test_parameters) JobProgress: {'identifier': 'test_parameters', 'progress': 'build'}
[0.081572] (test_parameters) Command: {'cmd': ['/usr/bin/cmake', '--build', '/home/eragon/student133_ws/build/test_parameters', '--', '-j8', '-l8'], 'cwd': '/home/eragon/student133_ws/build/test_parameters', 'env': OrderedDict([('GJS_DEBUG_TOPICS', 'JS ERROR;JS LOG'), ('LANGUAGE', 'ru'), ('LC_TIME', 'ru_RU.UTF-8'), ('USER', 'eragon'), ('XDG_SESSION_TYPE', 'wayland'), ('LD_LIBRARY_PATH', '/home/eragon/student133_ws/install/test_custom_srv/lib:/home/eragon/student133_ws/install/test_custom_msg/lib:/opt/ros/humble/opt/rviz_ogre_vendor/lib:/opt/ros/humble/lib/x86_64-linux-gnu:/opt/ros/humble/lib'), ('SHLVL', '1'), ('HOME', '/home/eragon'), ('DESKTOP_SESSION', 'ubuntu'), ('QTDIR', '/usr/lib/x86_64-linux-gnu/qt5'), ('GIO_LAUNCHED_DESKTOP_FILE', '/home/eragon/.local/share/applications/org.qt-project.qtcreator.desktop'), ('GNOME_SHELL_SESSION_MODE', 'ubuntu'), ('GTK_MODULES', 'gail:atk-bridge'), ('ROS_PYTHON_VERSION', '3'), ('LC_MONETARY', 'ru_RU.UTF-8'), ('MANAGERPID', '869'), ('DBUS_SESSION_BUS_ADDRESS', 'unix:path'), ('SYSTEMD_EXEC_PID', '1041'), ('GIO_LAUNCHED_DESKTOP_FILE_PID', '2694'), ('COLCON_PREFIX_PATH', '/home/eragon/student133_ws/install'), ('IM_CONFIG_PHASE', '1'), ('ROS_DISTRO', 'humble'), ('WAYLAND_DISPLAY', 'wayland-0'), ('LOGNAME', 'eragon'), ('JOURNAL_STREAM', '8:8864'), ('_', '/usr/bin/env'), ('ROS_VERSION', '2'), ('XDG_SESSION_CLASS', 'user'), ('QSG_RHI_BACKEND', 'opengl'), ('USERNAME', 'eragon'), ('GNOME_DESKTOP_SESSION_ID', 'this-is-deprecated'), ('ROS_LOCALHOST_ONLY', '0'), ('PATH', '/opt/ros/humble/bin:/home/eragon/.local/bin:/usr/local/sbin:/usr/local/bin:/usr/sbin:/usr/bin:/sbin:/bin:/usr/games:/usr/local/games:/snap/bin:/snap/bin'), ('INVOCATION_ID', '68df7faf19e64317b848cbed1cabd08b'), ('PAPERSIZE', 'a4'), ('SESSION_MANAGER', 'local/eragon-KPL-W0X:@/tmp/.ICE-unix/1015,unix/eragon-KPL-W0X:/tmp/.ICE-unix/1015'), ('GNOME_SETUP_DISPLAY', ':1'), ('LC_ADDRESS', 'ru_RU.UTF-8'), ('XDG_MENU_PREFIX', 'gnome-'), ('XDG_RUNTIME_DIR', '/run/user/1000'), ('DISPLAY', ':0'), ('LANG', 'ru_RU.UTF-8'), ('LC_TELEPHONE', 'ru_RU.UTF-8'), ('XDG_CURRENT_DESKTOP', 'ubuntu:GNOME'), ('XAUTHORITY', '/run/user/1000/.mutter-Xwaylandauth.JLCEW2'), ('XDG_SESSION_DESKTOP', 'ubuntu'), ('XMODIFIERS', '@im'), ('AMENT_PREFIX_PATH', '/home/eragon/student133_ws/install/test_visualization:/home/eragon/student133_ws/install/test_subscriber:/home/eragon/student133_ws/install/test_service:/home/eragon/student133_ws/install/test_serial_communication:/home/eragon/student133_ws/install/test_publisher:/home/eragon/student133_ws/install/test_pkg:/home/eragon/student133_ws/install/test_parameters:/home/eragon/student133_ws/install/test_custom_publisher:/home/eragon/student133_ws/install/test_client:/home/eragon/student133_ws/install/test_castom_publisher:/home/eragon/student133_ws/install/custom_counter:/opt/ros/humble'), ('SSH_AGENT_LAUNCHER', 'gnome-keyring'), ('SSH_AUTH_SOCK', '/run/user/1000/keyring/ssh'), ('LC_NAME', 'ru_RU.UTF-8'), ('SHELL', '/bin/bash'), ('GDMSESSION', 'ubuntu'), ('QT_ACCESSIBILITY', '1'), ('LC_MEASUREMENT', 'ru_RU.UTF-8'), ('GJS_DEBUG_OUTPUT', 'stderr'), ('LC_IDENTIFICATION', 'ru_RU.UTF-8'), ('QT_IM_MODULE', 'ibus'), ('LC_ALL', 'en_US.UTF-8'), ('PWD', '/home/eragon/student133_ws/build/test_parameters'), ('QT_QPA_PLATFORM', 'xcb'), ('XDG_CONFIG_DIRS', '/etc/xdg/xdg-ubuntu:/etc/xdg'), ('XDG_DATA_DIRS', '/usr/share/ubuntu:/usr/local/share/:/usr/share/:/var/lib/snapd/desktop'), ('LC_NUMERIC', 'ru_RU.UTF-8'), ('PYTHONPATH', '/opt/ros/humble/lib/python3.10/site-packages:/opt/ros/humble/local/lib/python3.10/dist-packages'), ('LC_PAPER', 'ru_RU.UTF-8'), ('COLCON', '1'), ('CMAKE_PREFIX_PATH', '/home/eragon/student133_ws/install/test_visualization:/home/eragon/student133_ws/install/test_subscriber:/home/eragon/student133_ws/install/test_service:/home/eragon/student133_ws/install/test_serial_communication:/home/eragon/student133_ws/install/test_publisher:/home/eragon/student133_ws/install/test_pkg:/home/eragon/student133_ws/install/test_parameters:/home/eragon/student133_ws/install/test_custom_srv:/home/eragon/student133_ws/install/test_custom_publisher:/home/eragon/student133_ws/install/test_custom_msg:/home/eragon/student133_ws/install/test_client:/home/eragon/student133_ws/install/test_castom_publisher:/home/eragon/student133_ws/install/custom_counter:/opt/ros/humble')]), 'shell': False}
[0.087070] (test_pkg) JobProgress: {'identifier': 'test_pkg', 'progress': 'cmake'}
[0.087595] (test_pkg) JobProgress: {'identifier': 'test_pkg', 'progress': 'build'}
[0.087668] (test_pkg) Command: {'cmd': ['/usr/bin/cmake', '--build', '/home/eragon/student133_ws/build/test_pkg', '--', '-j8', '-l8'], 'cwd': '/home/eragon/student133_ws/build/test_pkg', 'env': OrderedDict([('GJS_DEBUG_TOPICS', 'JS ERROR;JS LOG'), ('LANGUAGE', 'ru'), ('LC_TIME', 'ru_RU.UTF-8'), ('USER', 'eragon'), ('XDG_SESSION_TYPE', 'wayland'), ('LD_LIBRARY_PATH', '/home/eragon/student133_ws/install/test_custom_srv/lib:/home/eragon/student133_ws/install/test_custom_msg/lib:/opt/ros/humble/opt/rviz_ogre_vendor/lib:/opt/ros/humble/lib/x86_64-linux-gnu:/opt/ros/humble/lib'), ('SHLVL', '1'), ('HOME', '/home/eragon'), ('DESKTOP_SESSION', 'ubuntu'), ('QTDIR', '/usr/lib/x86_64-linux-gnu/qt5'), ('GIO_LAUNCHED_DESKTOP_FILE', '/home/eragon/.local/share/applications/org.qt-project.qtcreator.desktop'), ('GNOME_SHELL_SESSION_MODE', 'ubuntu'), ('GTK_MODULES', 'gail:atk-bridge'), ('ROS_PYTHON_VERSION', '3'), ('LC_MONETARY', 'ru_RU.UTF-8'), ('MANAGERPID', '869'), ('DBUS_SESSION_BUS_ADDRESS', 'unix:path'), ('SYSTEMD_EXEC_PID', '1041'), ('GIO_LAUNCHED_DESKTOP_FILE_PID', '2694'), ('COLCON_PREFIX_PATH', '/home/eragon/student133_ws/install'), ('IM_CONFIG_PHASE', '1'), ('ROS_DISTRO', 'humble'), ('WAYLAND_DISPLAY', 'wayland-0'), ('LOGNAME', 'eragon'), ('JOURNAL_STREAM', '8:8864'), ('_', '/usr/bin/env'), ('ROS_VERSION', '2'), ('XDG_SESSION_CLASS', 'user'), ('QSG_RHI_BACKEND', 'opengl'), ('USERNAME', 'eragon'), ('GNOME_DESKTOP_SESSION_ID', 'this-is-deprecated'), ('ROS_LOCALHOST_ONLY', '0'), ('PATH', '/opt/ros/humble/bin:/home/eragon/.local/bin:/usr/local/sbin:/usr/local/bin:/usr/sbin:/usr/bin:/sbin:/bin:/usr/games:/usr/local/games:/snap/bin:/snap/bin'), ('INVOCATION_ID', '68df7faf19e64317b848cbed1cabd08b'), ('PAPERSIZE', 'a4'), ('SESSION_MANAGER', 'local/eragon-KPL-W0X:@/tmp/.ICE-unix/1015,unix/eragon-KPL-W0X:/tmp/.ICE-unix/1015'), ('GNOME_SETUP_DISPLAY', ':1'), ('LC_ADDRESS', 'ru_RU.UTF-8'), ('XDG_MENU_PREFIX', 'gnome-'), ('XDG_RUNTIME_DIR', '/run/user/1000'), ('DISPLAY', ':0'), ('LANG', 'ru_RU.UTF-8'), ('LC_TELEPHONE', 'ru_RU.UTF-8'), ('XDG_CURRENT_DESKTOP', 'ubuntu:GNOME'), ('XAUTHORITY', '/run/user/1000/.mutter-Xwaylandauth.JLCEW2'), ('XDG_SESSION_DESKTOP', 'ubuntu'), ('XMODIFIERS', '@im'), ('AMENT_PREFIX_PATH', '/home/eragon/student133_ws/install/test_visualization:/home/eragon/student133_ws/install/test_subscriber:/home/eragon/student133_ws/install/test_service:/home/eragon/student133_ws/install/test_serial_communication:/home/eragon/student133_ws/install/test_publisher:/home/eragon/student133_ws/install/test_pkg:/home/eragon/student133_ws/install/test_parameters:/home/eragon/student133_ws/install/test_custom_publisher:/home/eragon/student133_ws/install/test_client:/home/eragon/student133_ws/install/test_castom_publisher:/home/eragon/student133_ws/install/custom_counter:/opt/ros/humble'), ('SSH_AGENT_LAUNCHER', 'gnome-keyring'), ('SSH_AUTH_SOCK', '/run/user/1000/keyring/ssh'), ('LC_NAME', 'ru_RU.UTF-8'), ('SHELL', '/bin/bash'), ('GDMSESSION', 'ubuntu'), ('QT_ACCESSIBILITY', '1'), ('LC_MEASUREMENT', 'ru_RU.UTF-8'), ('GJS_DEBUG_OUTPUT', 'stderr'), ('LC_IDENTIFICATION', 'ru_RU.UTF-8'), ('QT_IM_MODULE', 'ibus'), ('LC_ALL', 'en_US.UTF-8'), ('PWD', '/home/eragon/student133_ws/build/test_pkg'), ('QT_QPA_PLATFORM', 'xcb'), ('XDG_CONFIG_DIRS', '/etc/xdg/xdg-ubuntu:/etc/xdg'), ('XDG_DATA_DIRS', '/usr/share/ubuntu:/usr/local/share/:/usr/share/:/var/lib/snapd/desktop'), ('LC_NUMERIC', 'ru_RU.UTF-8'), ('PYTHONPATH', '/opt/ros/humble/lib/python3.10/site-packages:/opt/ros/humble/local/lib/python3.10/dist-packages'), ('LC_PAPER', 'ru_RU.UTF-8'), ('COLCON', '1'), ('CMAKE_PREFIX_PATH', '/home/eragon/student133_ws/install/test_visualization:/home/eragon/student133_ws/install/test_subscriber:/home/eragon/student133_ws/install/test_service:/home/eragon/student133_ws/install/test_serial_communication:/home/eragon/student133_ws/install/test_publisher:/home/eragon/student133_ws/install/test_pkg:/home/eragon/student133_ws/install/test_parameters:/home/eragon/student133_ws/install/test_custom_srv:/home/eragon/student133_ws/install/test_custom_publisher:/home/eragon/student133_ws/install/test_custom_msg:/home/eragon/student133_ws/install/test_client:/home/eragon/student133_ws/install/test_castom_publisher:/home/eragon/student133_ws/install/custom_counter:/opt/ros/humble')]), 'shell': False}
[0.098933] (test_basic_publisher) StdoutLine: {'line': b'-- Found ament_cmake: 1.3.10 (/opt/ros/humble/share/ament_cmake/cmake)\n'}
[0.099643] (-) TimerEvent: {}
[0.191070] (test_custom_msg) StdoutLine: {'line': b'[  2%] Built target test_custom_msg__cpp\n'}
[0.191390] (test_client) StdoutLine: {'line': b'[ 50%] Built target client_triangle\n'}
[0.198686] (test_custom_msg) StdoutLine: {'line': b'[ 12%] Built target test_custom_msg__rosidl_generator_c\n'}
[0.206001] (test_client) StdoutLine: {'line': b'[100%] Built target test_client_node\n'}
[0.206310] (-) TimerEvent: {}
[0.206552] (custom_counter) StdoutLine: {'line': b'[100%] Built target custom_counter_node\n'}
[0.208002] (test_custom_msg) StdoutLine: {'line': b'[ 12%] Built target ament_cmake_python_copy_test_custom_msg\n'}
[0.209988] (test_custom_publisher) StdoutLine: {'line': b'[ 50%] Built target Triangle_node\n'}
[0.218972] (test_parameters) StdoutLine: {'line': b'[100%] Built target test_parameters_node\n'}
[0.228128] (test_custom_publisher) StdoutLine: {'line': b'[100%] Built target test_custom_publisher_node\n'}
[0.238299] (test_custom_srv) StdoutLine: {'line': b'[ 10%] Built target test_custom_srv__rosidl_generator_c\n'}
[0.240159] (test_client) CommandEnded: {'returncode': 0}
[0.251594] (test_pkg) StdoutLine: {'line': b'[100%] Built target test_pkg_node\n'}
[0.251974] (test_custom_srv) StdoutLine: {'line': b'[ 10%] Built target ament_cmake_python_copy_test_custom_srv\n'}
[0.252134] (custom_counter) CommandEnded: {'returncode': 0}
[0.253761] (test_custom_srv) StdoutLine: {'line': b'[ 12%] Built target test_custom_srv__cpp\n'}
[0.259305] (test_parameters) CommandEnded: {'returncode': 0}
[0.279618] (test_custom_msg) StdoutLine: {'line': b'[ 23%] Built target test_custom_msg__rosidl_typesupport_introspection_c\n'}
[0.279964] (test_pkg) CommandEnded: {'returncode': 0}
[0.293299] (test_custom_publisher) CommandEnded: {'returncode': 0}
[0.299840] (test_custom_msg) StdoutLine: {'line': b'[ 33%] Built target test_custom_msg__rosidl_typesupport_cpp\n'}
[0.303655] (test_custom_msg) StdoutLine: {'line': b'[ 43%] Built target test_custom_msg__rosidl_typesupport_c\n'}
[0.306468] (-) TimerEvent: {}
[0.315242] (test_custom_srv) StdoutLine: {'line': b'[ 23%] Built target test_custom_srv__rosidl_typesupport_introspection_c\n'}
[0.319527] (test_custom_msg) StdoutLine: {'line': b'[ 64%] Built target test_custom_msg__rosidl_typesupport_fastrtps_cpp\n'}
[0.321135] (test_custom_msg) StdoutLine: {'line': b'[ 53%] Built target test_custom_msg__rosidl_typesupport_introspection_cpp\n'}
[0.341353] (test_custom_srv) StdoutLine: {'line': b'[ 33%] Built target test_custom_srv__rosidl_typesupport_fastrtps_cpp\n'}
[0.343661] (test_custom_srv) StdoutLine: {'line': b'[ 53%] Built target test_custom_srv__rosidl_typesupport_c\n'}
[0.343819] (test_custom_srv) StdoutLine: {'line': b'[ 53%] Built target test_custom_srv__rosidl_typesupport_cpp\n'}
[0.347448] (test_custom_msg) StdoutLine: {'line': b'[ 74%] Built target test_custom_msg__rosidl_typesupport_fastrtps_c\n'}
[0.358153] (test_custom_srv) StdoutLine: {'line': b'[ 64%] Built target test_custom_srv__rosidl_typesupport_fastrtps_c\n'}
[0.358510] (test_client) JobProgress: {'identifier': 'test_client', 'progress': 'install'}
[0.373267] (test_client) Command: {'cmd': ['/usr/bin/cmake', '--install', '/home/eragon/student133_ws/build/test_client'], 'cwd': '/home/eragon/student133_ws/build/test_client', 'env': OrderedDict([('GJS_DEBUG_TOPICS', 'JS ERROR;JS LOG'), ('LANGUAGE', 'ru'), ('LC_TIME', 'ru_RU.UTF-8'), ('USER', 'eragon'), ('XDG_SESSION_TYPE', 'wayland'), ('LD_LIBRARY_PATH', '/home/eragon/student133_ws/install/test_custom_srv/lib:/home/eragon/student133_ws/install/test_custom_msg/lib:/opt/ros/humble/opt/rviz_ogre_vendor/lib:/opt/ros/humble/lib/x86_64-linux-gnu:/opt/ros/humble/lib'), ('SHLVL', '1'), ('HOME', '/home/eragon'), ('DESKTOP_SESSION', 'ubuntu'), ('QTDIR', '/usr/lib/x86_64-linux-gnu/qt5'), ('GIO_LAUNCHED_DESKTOP_FILE', '/home/eragon/.local/share/applications/org.qt-project.qtcreator.desktop'), ('GNOME_SHELL_SESSION_MODE', 'ubuntu'), ('GTK_MODULES', 'gail:atk-bridge'), ('ROS_PYTHON_VERSION', '3'), ('LC_MONETARY', 'ru_RU.UTF-8'), ('MANAGERPID', '869'), ('DBUS_SESSION_BUS_ADDRESS', 'unix:path'), ('SYSTEMD_EXEC_PID', '1041'), ('GIO_LAUNCHED_DESKTOP_FILE_PID', '2694'), ('COLCON_PREFIX_PATH', '/home/eragon/student133_ws/install'), ('IM_CONFIG_PHASE', '1'), ('ROS_DISTRO', 'humble'), ('WAYLAND_DISPLAY', 'wayland-0'), ('LOGNAME', 'eragon'), ('JOURNAL_STREAM', '8:8864'), ('_', '/usr/bin/env'), ('ROS_VERSION', '2'), ('XDG_SESSION_CLASS', 'user'), ('QSG_RHI_BACKEND', 'opengl'), ('USERNAME', 'eragon'), ('GNOME_DESKTOP_SESSION_ID', 'this-is-deprecated'), ('ROS_LOCALHOST_ONLY', '0'), ('PATH', '/opt/ros/humble/bin:/home/eragon/.local/bin:/usr/local/sbin:/usr/local/bin:/usr/sbin:/usr/bin:/sbin:/bin:/usr/games:/usr/local/games:/snap/bin:/snap/bin'), ('INVOCATION_ID', '68df7faf19e64317b848cbed1cabd08b'), ('PAPERSIZE', 'a4'), ('SESSION_MANAGER', 'local/eragon-KPL-W0X:@/tmp/.ICE-unix/1015,unix/eragon-KPL-W0X:/tmp/.ICE-unix/1015'), ('GNOME_SETUP_DISPLAY', ':1'), ('LC_ADDRESS', 'ru_RU.UTF-8'), ('XDG_MENU_PREFIX', 'gnome-'), ('XDG_RUNTIME_DIR', '/run/user/1000'), ('DISPLAY', ':0'), ('LANG', 'ru_RU.UTF-8'), ('LC_TELEPHONE', 'ru_RU.UTF-8'), ('XDG_CURRENT_DESKTOP', 'ubuntu:GNOME'), ('XAUTHORITY', '/run/user/1000/.mutter-Xwaylandauth.JLCEW2'), ('XDG_SESSION_DESKTOP', 'ubuntu'), ('XMODIFIERS', '@im'), ('AMENT_PREFIX_PATH', '/home/eragon/student133_ws/install/test_visualization:/home/eragon/student133_ws/install/test_subscriber:/home/eragon/student133_ws/install/test_service:/home/eragon/student133_ws/install/test_serial_communication:/home/eragon/student133_ws/install/test_publisher:/home/eragon/student133_ws/install/test_pkg:/home/eragon/student133_ws/install/test_parameters:/home/eragon/student133_ws/install/test_custom_publisher:/home/eragon/student133_ws/install/test_client:/home/eragon/student133_ws/install/test_castom_publisher:/home/eragon/student133_ws/install/custom_counter:/opt/ros/humble'), ('SSH_AGENT_LAUNCHER', 'gnome-keyring'), ('SSH_AUTH_SOCK', '/run/user/1000/keyring/ssh'), ('LC_NAME', 'ru_RU.UTF-8'), ('SHELL', '/bin/bash'), ('GDMSESSION', 'ubuntu'), ('QT_ACCESSIBILITY', '1'), ('LC_MEASUREMENT', 'ru_RU.UTF-8'), ('GJS_DEBUG_OUTPUT', 'stderr'), ('LC_IDENTIFICATION', 'ru_RU.UTF-8'), ('QT_IM_MODULE', 'ibus'), ('LC_ALL', 'en_US.UTF-8'), ('PWD', '/home/eragon/student133_ws/build/test_client'), ('QT_QPA_PLATFORM', 'xcb'), ('XDG_CONFIG_DIRS', '/etc/xdg/xdg-ubuntu:/etc/xdg'), ('XDG_DATA_DIRS', '/usr/share/ubuntu:/usr/local/share/:/usr/share/:/var/lib/snapd/desktop'), ('LC_NUMERIC', 'ru_RU.UTF-8'), ('PYTHONPATH', '/opt/ros/humble/lib/python3.10/site-packages:/opt/ros/humble/local/lib/python3.10/dist-packages'), ('LC_PAPER', 'ru_RU.UTF-8'), ('COLCON', '1'), ('CMAKE_PREFIX_PATH', '/home/eragon/student133_ws/install/test_visualization:/home/eragon/student133_ws/install/test_subscriber:/home/eragon/student133_ws/install/test_service:/home/eragon/student133_ws/install/test_serial_communication:/home/eragon/student133_ws/install/test_publisher:/home/eragon/student133_ws/install/test_pkg:/home/eragon/student133_ws/install/test_parameters:/home/eragon/student133_ws/install/test_custom_srv:/home/eragon/student133_ws/install/test_custom_publisher:/home/eragon/student133_ws/install/test_custom_msg:/home/eragon/student133_ws/install/test_client:/home/eragon/student133_ws/install/test_castom_publisher:/home/eragon/student133_ws/install/custom_counter:/opt/ros/humble')]), 'shell': False}
[0.377498] (test_custom_srv) StdoutLine: {'line': b'[ 74%] Built target test_custom_srv__rosidl_typesupport_introspection_cpp\n'}
[0.388584] (custom_counter) JobProgress: {'identifier': 'custom_counter', 'progress': 'install'}
[0.388644] (custom_counter) Command: {'cmd': ['/usr/bin/cmake', '--install', '/home/eragon/student133_ws/build/custom_counter'], 'cwd': '/home/eragon/student133_ws/build/custom_counter', 'env': OrderedDict([('GJS_DEBUG_TOPICS', 'JS ERROR;JS LOG'), ('LANGUAGE', 'ru'), ('LC_TIME', 'ru_RU.UTF-8'), ('USER', 'eragon'), ('XDG_SESSION_TYPE', 'wayland'), ('LD_LIBRARY_PATH', '/home/eragon/student133_ws/install/test_custom_srv/lib:/home/eragon/student133_ws/install/test_custom_msg/lib:/opt/ros/humble/opt/rviz_ogre_vendor/lib:/opt/ros/humble/lib/x86_64-linux-gnu:/opt/ros/humble/lib'), ('SHLVL', '1'), ('HOME', '/home/eragon'), ('DESKTOP_SESSION', 'ubuntu'), ('QTDIR', '/usr/lib/x86_64-linux-gnu/qt5'), ('GIO_LAUNCHED_DESKTOP_FILE', '/home/eragon/.local/share/applications/org.qt-project.qtcreator.desktop'), ('GNOME_SHELL_SESSION_MODE', 'ubuntu'), ('GTK_MODULES', 'gail:atk-bridge'), ('ROS_PYTHON_VERSION', '3'), ('LC_MONETARY', 'ru_RU.UTF-8'), ('MANAGERPID', '869'), ('DBUS_SESSION_BUS_ADDRESS', 'unix:path'), ('SYSTEMD_EXEC_PID', '1041'), ('GIO_LAUNCHED_DESKTOP_FILE_PID', '2694'), ('COLCON_PREFIX_PATH', '/home/eragon/student133_ws/install'), ('IM_CONFIG_PHASE', '1'), ('ROS_DISTRO', 'humble'), ('WAYLAND_DISPLAY', 'wayland-0'), ('LOGNAME', 'eragon'), ('JOURNAL_STREAM', '8:8864'), ('_', '/usr/bin/env'), ('ROS_VERSION', '2'), ('XDG_SESSION_CLASS', 'user'), ('QSG_RHI_BACKEND', 'opengl'), ('USERNAME', 'eragon'), ('GNOME_DESKTOP_SESSION_ID', 'this-is-deprecated'), ('ROS_LOCALHOST_ONLY', '0'), ('PATH', '/opt/ros/humble/bin:/home/eragon/.local/bin:/usr/local/sbin:/usr/local/bin:/usr/sbin:/usr/bin:/sbin:/bin:/usr/games:/usr/local/games:/snap/bin:/snap/bin'), ('INVOCATION_ID', '68df7faf19e64317b848cbed1cabd08b'), ('PAPERSIZE', 'a4'), ('SESSION_MANAGER', 'local/eragon-KPL-W0X:@/tmp/.ICE-unix/1015,unix/eragon-KPL-W0X:/tmp/.ICE-unix/1015'), ('GNOME_SETUP_DISPLAY', ':1'), ('LC_ADDRESS', 'ru_RU.UTF-8'), ('XDG_MENU_PREFIX', 'gnome-'), ('XDG_RUNTIME_DIR', '/run/user/1000'), ('DISPLAY', ':0'), ('LANG', 'ru_RU.UTF-8'), ('LC_TELEPHONE', 'ru_RU.UTF-8'), ('XDG_CURRENT_DESKTOP', 'ubuntu:GNOME'), ('XAUTHORITY', '/run/user/1000/.mutter-Xwaylandauth.JLCEW2'), ('XDG_SESSION_DESKTOP', 'ubuntu'), ('XMODIFIERS', '@im'), ('AMENT_PREFIX_PATH', '/home/eragon/student133_ws/install/test_visualization:/home/eragon/student133_ws/install/test_subscriber:/home/eragon/student133_ws/install/test_service:/home/eragon/student133_ws/install/test_serial_communication:/home/eragon/student133_ws/install/test_publisher:/home/eragon/student133_ws/install/test_pkg:/home/eragon/student133_ws/install/test_parameters:/home/eragon/student133_ws/install/test_custom_publisher:/home/eragon/student133_ws/install/test_client:/home/eragon/student133_ws/install/test_castom_publisher:/home/eragon/student133_ws/install/custom_counter:/opt/ros/humble'), ('SSH_AGENT_LAUNCHER', 'gnome-keyring'), ('SSH_AUTH_SOCK', '/run/user/1000/keyring/ssh'), ('LC_NAME', 'ru_RU.UTF-8'), ('SHELL', '/bin/bash'), ('GDMSESSION', 'ubuntu'), ('QT_ACCESSIBILITY', '1'), ('LC_MEASUREMENT', 'ru_RU.UTF-8'), ('GJS_DEBUG_OUTPUT', 'stderr'), ('LC_IDENTIFICATION', 'ru_RU.UTF-8'), ('QT_IM_MODULE', 'ibus'), ('LC_ALL', 'en_US.UTF-8'), ('PWD', '/home/eragon/student133_ws/build/custom_counter'), ('QT_QPA_PLATFORM', 'xcb'), ('XDG_CONFIG_DIRS', '/etc/xdg/xdg-ubuntu:/etc/xdg'), ('XDG_DATA_DIRS', '/usr/share/ubuntu:/usr/local/share/:/usr/share/:/var/lib/snapd/desktop'), ('LC_NUMERIC', 'ru_RU.UTF-8'), ('PYTHONPATH', '/opt/ros/humble/lib/python3.10/site-packages:/opt/ros/humble/local/lib/python3.10/dist-packages'), ('LC_PAPER', 'ru_RU.UTF-8'), ('COLCON', '1'), ('CMAKE_PREFIX_PATH', '/home/eragon/student133_ws/install/test_visualization:/home/eragon/student133_ws/install/test_subscriber:/home/eragon/student133_ws/install/test_service:/home/eragon/student133_ws/install/test_serial_communication:/home/eragon/student133_ws/install/test_publisher:/home/eragon/student133_ws/install/test_pkg:/home/eragon/student133_ws/install/test_parameters:/home/eragon/student133_ws/install/test_custom_srv:/home/eragon/student133_ws/install/test_custom_publisher:/home/eragon/student133_ws/install/test_custom_msg:/home/eragon/student133_ws/install/test_client:/home/eragon/student133_ws/install/test_castom_publisher:/home/eragon/student133_ws/install/custom_counter:/opt/ros/humble')]), 'shell': False}
[0.389461] (test_parameters) JobProgress: {'identifier': 'test_parameters', 'progress': 'install'}
[0.389513] (test_parameters) Command: {'cmd': ['/usr/bin/cmake', '--install', '/home/eragon/student133_ws/build/test_parameters'], 'cwd': '/home/eragon/student133_ws/build/test_parameters', 'env': OrderedDict([('GJS_DEBUG_TOPICS', 'JS ERROR;JS LOG'), ('LANGUAGE', 'ru'), ('LC_TIME', 'ru_RU.UTF-8'), ('USER', 'eragon'), ('XDG_SESSION_TYPE', 'wayland'), ('LD_LIBRARY_PATH', '/home/eragon/student133_ws/install/test_custom_srv/lib:/home/eragon/student133_ws/install/test_custom_msg/lib:/opt/ros/humble/opt/rviz_ogre_vendor/lib:/opt/ros/humble/lib/x86_64-linux-gnu:/opt/ros/humble/lib'), ('SHLVL', '1'), ('HOME', '/home/eragon'), ('DESKTOP_SESSION', 'ubuntu'), ('QTDIR', '/usr/lib/x86_64-linux-gnu/qt5'), ('GIO_LAUNCHED_DESKTOP_FILE', '/home/eragon/.local/share/applications/org.qt-project.qtcreator.desktop'), ('GNOME_SHELL_SESSION_MODE', 'ubuntu'), ('GTK_MODULES', 'gail:atk-bridge'), ('ROS_PYTHON_VERSION', '3'), ('LC_MONETARY', 'ru_RU.UTF-8'), ('MANAGERPID', '869'), ('DBUS_SESSION_BUS_ADDRESS', 'unix:path'), ('SYSTEMD_EXEC_PID', '1041'), ('GIO_LAUNCHED_DESKTOP_FILE_PID', '2694'), ('COLCON_PREFIX_PATH', '/home/eragon/student133_ws/install'), ('IM_CONFIG_PHASE', '1'), ('ROS_DISTRO', 'humble'), ('WAYLAND_DISPLAY', 'wayland-0'), ('LOGNAME', 'eragon'), ('JOURNAL_STREAM', '8:8864'), ('_', '/usr/bin/env'), ('ROS_VERSION', '2'), ('XDG_SESSION_CLASS', 'user'), ('QSG_RHI_BACKEND', 'opengl'), ('USERNAME', 'eragon'), ('GNOME_DESKTOP_SESSION_ID', 'this-is-deprecated'), ('ROS_LOCALHOST_ONLY', '0'), ('PATH', '/opt/ros/humble/bin:/home/eragon/.local/bin:/usr/local/sbin:/usr/local/bin:/usr/sbin:/usr/bin:/sbin:/bin:/usr/games:/usr/local/games:/snap/bin:/snap/bin'), ('INVOCATION_ID', '68df7faf19e64317b848cbed1cabd08b'), ('PAPERSIZE', 'a4'), ('SESSION_MANAGER', 'local/eragon-KPL-W0X:@/tmp/.ICE-unix/1015,unix/eragon-KPL-W0X:/tmp/.ICE-unix/1015'), ('GNOME_SETUP_DISPLAY', ':1'), ('LC_ADDRESS', 'ru_RU.UTF-8'), ('XDG_MENU_PREFIX', 'gnome-'), ('XDG_RUNTIME_DIR', '/run/user/1000'), ('DISPLAY', ':0'), ('LANG', 'ru_RU.UTF-8'), ('LC_TELEPHONE', 'ru_RU.UTF-8'), ('XDG_CURRENT_DESKTOP', 'ubuntu:GNOME'), ('XAUTHORITY', '/run/user/1000/.mutter-Xwaylandauth.JLCEW2'), ('XDG_SESSION_DESKTOP', 'ubuntu'), ('XMODIFIERS', '@im'), ('AMENT_PREFIX_PATH', '/home/eragon/student133_ws/install/test_visualization:/home/eragon/student133_ws/install/test_subscriber:/home/eragon/student133_ws/install/test_service:/home/eragon/student133_ws/install/test_serial_communication:/home/eragon/student133_ws/install/test_publisher:/home/eragon/student133_ws/install/test_pkg:/home/eragon/student133_ws/install/test_parameters:/home/eragon/student133_ws/install/test_custom_publisher:/home/eragon/student133_ws/install/test_client:/home/eragon/student133_ws/install/test_castom_publisher:/home/eragon/student133_ws/install/custom_counter:/opt/ros/humble'), ('SSH_AGENT_LAUNCHER', 'gnome-keyring'), ('SSH_AUTH_SOCK', '/run/user/1000/keyring/ssh'), ('LC_NAME', 'ru_RU.UTF-8'), ('SHELL', '/bin/bash'), ('GDMSESSION', 'ubuntu'), ('QT_ACCESSIBILITY', '1'), ('LC_MEASUREMENT', 'ru_RU.UTF-8'), ('GJS_DEBUG_OUTPUT', 'stderr'), ('LC_IDENTIFICATION', 'ru_RU.UTF-8'), ('QT_IM_MODULE', 'ibus'), ('LC_ALL', 'en_US.UTF-8'), ('PWD', '/home/eragon/student133_ws/build/test_parameters'), ('QT_QPA_PLATFORM', 'xcb'), ('XDG_CONFIG_DIRS', '/etc/xdg/xdg-ubuntu:/etc/xdg'), ('XDG_DATA_DIRS', '/usr/share/ubuntu:/usr/local/share/:/usr/share/:/var/lib/snapd/desktop'), ('LC_NUMERIC', 'ru_RU.UTF-8'), ('PYTHONPATH', '/opt/ros/humble/lib/python3.10/site-packages:/opt/ros/humble/local/lib/python3.10/dist-packages'), ('LC_PAPER', 'ru_RU.UTF-8'), ('COLCON', '1'), ('CMAKE_PREFIX_PATH', '/home/eragon/student133_ws/install/test_visualization:/home/eragon/student133_ws/install/test_subscriber:/home/eragon/student133_ws/install/test_service:/home/eragon/student133_ws/install/test_serial_communication:/home/eragon/student133_ws/install/test_publisher:/home/eragon/student133_ws/install/test_pkg:/home/eragon/student133_ws/install/test_parameters:/home/eragon/student133_ws/install/test_custom_srv:/home/eragon/student133_ws/install/test_custom_publisher:/home/eragon/student133_ws/install/test_custom_msg:/home/eragon/student133_ws/install/test_client:/home/eragon/student133_ws/install/test_castom_publisher:/home/eragon/student133_ws/install/custom_counter:/opt/ros/humble')]), 'shell': False}
[0.394259] (test_pkg) JobProgress: {'identifier': 'test_pkg', 'progress': 'install'}
[0.394359] (test_pkg) Command: {'cmd': ['/usr/bin/cmake', '--install', '/home/eragon/student133_ws/build/test_pkg'], 'cwd': '/home/eragon/student133_ws/build/test_pkg', 'env': OrderedDict([('GJS_DEBUG_TOPICS', 'JS ERROR;JS LOG'), ('LANGUAGE', 'ru'), ('LC_TIME', 'ru_RU.UTF-8'), ('USER', 'eragon'), ('XDG_SESSION_TYPE', 'wayland'), ('LD_LIBRARY_PATH', '/home/eragon/student133_ws/install/test_custom_srv/lib:/home/eragon/student133_ws/install/test_custom_msg/lib:/opt/ros/humble/opt/rviz_ogre_vendor/lib:/opt/ros/humble/lib/x86_64-linux-gnu:/opt/ros/humble/lib'), ('SHLVL', '1'), ('HOME', '/home/eragon'), ('DESKTOP_SESSION', 'ubuntu'), ('QTDIR', '/usr/lib/x86_64-linux-gnu/qt5'), ('GIO_LAUNCHED_DESKTOP_FILE', '/home/eragon/.local/share/applications/org.qt-project.qtcreator.desktop'), ('GNOME_SHELL_SESSION_MODE', 'ubuntu'), ('GTK_MODULES', 'gail:atk-bridge'), ('ROS_PYTHON_VERSION', '3'), ('LC_MONETARY', 'ru_RU.UTF-8'), ('MANAGERPID', '869'), ('DBUS_SESSION_BUS_ADDRESS', 'unix:path'), ('SYSTEMD_EXEC_PID', '1041'), ('GIO_LAUNCHED_DESKTOP_FILE_PID', '2694'), ('COLCON_PREFIX_PATH', '/home/eragon/student133_ws/install'), ('IM_CONFIG_PHASE', '1'), ('ROS_DISTRO', 'humble'), ('WAYLAND_DISPLAY', 'wayland-0'), ('LOGNAME', 'eragon'), ('JOURNAL_STREAM', '8:8864'), ('_', '/usr/bin/env'), ('ROS_VERSION', '2'), ('XDG_SESSION_CLASS', 'user'), ('QSG_RHI_BACKEND', 'opengl'), ('USERNAME', 'eragon'), ('GNOME_DESKTOP_SESSION_ID', 'this-is-deprecated'), ('ROS_LOCALHOST_ONLY', '0'), ('PATH', '/opt/ros/humble/bin:/home/eragon/.local/bin:/usr/local/sbin:/usr/local/bin:/usr/sbin:/usr/bin:/sbin:/bin:/usr/games:/usr/local/games:/snap/bin:/snap/bin'), ('INVOCATION_ID', '68df7faf19e64317b848cbed1cabd08b'), ('PAPERSIZE', 'a4'), ('SESSION_MANAGER', 'local/eragon-KPL-W0X:@/tmp/.ICE-unix/1015,unix/eragon-KPL-W0X:/tmp/.ICE-unix/1015'), ('GNOME_SETUP_DISPLAY', ':1'), ('LC_ADDRESS', 'ru_RU.UTF-8'), ('XDG_MENU_PREFIX', 'gnome-'), ('XDG_RUNTIME_DIR', '/run/user/1000'), ('DISPLAY', ':0'), ('LANG', 'ru_RU.UTF-8'), ('LC_TELEPHONE', 'ru_RU.UTF-8'), ('XDG_CURRENT_DESKTOP', 'ubuntu:GNOME'), ('XAUTHORITY', '/run/user/1000/.mutter-Xwaylandauth.JLCEW2'), ('XDG_SESSION_DESKTOP', 'ubuntu'), ('XMODIFIERS', '@im'), ('AMENT_PREFIX_PATH', '/home/eragon/student133_ws/install/test_visualization:/home/eragon/student133_ws/install/test_subscriber:/home/eragon/student133_ws/install/test_service:/home/eragon/student133_ws/install/test_serial_communication:/home/eragon/student133_ws/install/test_publisher:/home/eragon/student133_ws/install/test_pkg:/home/eragon/student133_ws/install/test_parameters:/home/eragon/student133_ws/install/test_custom_publisher:/home/eragon/student133_ws/install/test_client:/home/eragon/student133_ws/install/test_castom_publisher:/home/eragon/student133_ws/install/custom_counter:/opt/ros/humble'), ('SSH_AGENT_LAUNCHER', 'gnome-keyring'), ('SSH_AUTH_SOCK', '/run/user/1000/keyring/ssh'), ('LC_NAME', 'ru_RU.UTF-8'), ('SHELL', '/bin/bash'), ('GDMSESSION', 'ubuntu'), ('QT_ACCESSIBILITY', '1'), ('LC_MEASUREMENT', 'ru_RU.UTF-8'), ('GJS_DEBUG_OUTPUT', 'stderr'), ('LC_IDENTIFICATION', 'ru_RU.UTF-8'), ('QT_IM_MODULE', 'ibus'), ('LC_ALL', 'en_US.UTF-8'), ('PWD', '/home/eragon/student133_ws/build/test_pkg'), ('QT_QPA_PLATFORM', 'xcb'), ('XDG_CONFIG_DIRS', '/etc/xdg/xdg-ubuntu:/etc/xdg'), ('XDG_DATA_DIRS', '/usr/share/ubuntu:/usr/local/share/:/usr/share/:/var/lib/snapd/desktop'), ('LC_NUMERIC', 'ru_RU.UTF-8'), ('PYTHONPATH', '/opt/ros/humble/lib/python3.10/site-packages:/opt/ros/humble/local/lib/python3.10/dist-packages'), ('LC_PAPER', 'ru_RU.UTF-8'), ('COLCON', '1'), ('CMAKE_PREFIX_PATH', '/home/eragon/student133_ws/install/test_visualization:/home/eragon/student133_ws/install/test_subscriber:/home/eragon/student133_ws/install/test_service:/home/eragon/student133_ws/install/test_serial_communication:/home/eragon/student133_ws/install/test_publisher:/home/eragon/student133_ws/install/test_pkg:/home/eragon/student133_ws/install/test_parameters:/home/eragon/student133_ws/install/test_custom_srv:/home/eragon/student133_ws/install/test_custom_publisher:/home/eragon/student133_ws/install/test_custom_msg:/home/eragon/student133_ws/install/test_client:/home/eragon/student133_ws/install/test_castom_publisher:/home/eragon/student133_ws/install/custom_counter:/opt/ros/humble')]), 'shell': False}
[0.398278] (test_client) StdoutLine: {'line': b'-- Install configuration: "Debug"\n'}
[0.398532] (test_client) StdoutLine: {'line': b'-- Up-to-date: /home/eragon/student133_ws/install/test_client/lib/test_client/test_client_node\n'}
[0.398634] (test_client) StdoutLine: {'line': b'-- Up-to-date: /home/eragon/student133_ws/install/test_client/lib/test_client/client_triangle\n'}
[0.398726] (test_client) StdoutLine: {'line': b'-- Up-to-date: /home/eragon/student133_ws/install/test_client/lib/test_client/client_triangle\n'}
[0.398816] (test_client) StdoutLine: {'line': b'-- Up-to-date: /home/eragon/student133_ws/install/test_client/share/ament_index/resource_index/package_run_dependencies/test_client\n'}
[0.398926] (test_client) StdoutLine: {'line': b'-- Up-to-date: /home/eragon/student133_ws/install/test_client/share/ament_index/resource_index/parent_prefix_path/test_client\n'}
[0.399032] (test_client) StdoutLine: {'line': b'-- Up-to-date: /home/eragon/student133_ws/install/test_client/share/test_client/environment/ament_prefix_path.sh\n'}
[0.399121] (test_client) StdoutLine: {'line': b'-- Up-to-date: /home/eragon/student133_ws/install/test_client/share/test_client/environment/ament_prefix_path.dsv\n'}
[0.399219] (test_client) StdoutLine: {'line': b'-- Up-to-date: /home/eragon/student133_ws/install/test_client/share/test_client/environment/path.sh\n'}
[0.407623] (-) TimerEvent: {}
[0.407952] (test_client) StdoutLine: {'line': b'-- Up-to-date: /home/eragon/student133_ws/install/test_client/share/test_client/environment/path.dsv\n'}
[0.408147] (test_client) StdoutLine: {'line': b'-- Up-to-date: /home/eragon/student133_ws/install/test_client/share/test_client/local_setup.bash\n'}
[0.408260] (test_client) StdoutLine: {'line': b'-- Up-to-date: /home/eragon/student133_ws/install/test_client/share/test_client/local_setup.sh\n'}
[0.408378] (test_client) StdoutLine: {'line': b'-- Up-to-date: /home/eragon/student133_ws/install/test_client/share/test_client/local_setup.zsh\n'}
[0.408483] (test_client) StdoutLine: {'line': b'-- Up-to-date: /home/eragon/student133_ws/install/test_client/share/test_client/local_setup.dsv\n'}
[0.408599] (test_client) StdoutLine: {'line': b'-- Installing: /home/eragon/student133_ws/install/test_client/share/test_client/package.dsv\n'}
[0.408699] (test_client) StdoutLine: {'line': b'-- Up-to-date: /home/eragon/student133_ws/install/test_client/share/ament_index/resource_index/packages/test_client\n'}
[0.408799] (test_client) StdoutLine: {'line': b'-- Up-to-date: /home/eragon/student133_ws/install/test_client/share/test_client/cmake/test_clientConfig.cmake\n'}
[0.408915] (test_client) StdoutLine: {'line': b'-- Up-to-date: /home/eragon/student133_ws/install/test_client/share/test_client/cmake/test_clientConfig-version.cmake\n'}
[0.409042] (test_client) StdoutLine: {'line': b'-- Up-to-date: /home/eragon/student133_ws/install/test_client/share/test_client/package.xml\n'}
[0.409140] (test_custom_msg) StdoutLine: {'line': b'[ 74%] Built target test_custom_msg\n'}
[0.409274] (custom_counter) StdoutLine: {'line': b'-- Install configuration: "Debug"\n'}
[0.409397] (custom_counter) StdoutLine: {'line': b'-- Up-to-date: /home/eragon/student133_ws/install/custom_counter/lib/custom_counter/custom_counter_node\n'}
[0.409503] (custom_counter) StdoutLine: {'line': b'-- Up-to-date: /home/eragon/student133_ws/install/custom_counter/share/ament_index/resource_index/package_run_dependencies/custom_counter\n'}
[0.409604] (custom_counter) StdoutLine: {'line': b'-- Up-to-date: /home/eragon/student133_ws/install/custom_counter/share/ament_index/resource_index/parent_prefix_path/custom_counter\n'}
[0.409709] (custom_counter) StdoutLine: {'line': b'-- Up-to-date: /home/eragon/student133_ws/install/custom_counter/share/custom_counter/environment/ament_prefix_path.sh\n'}
[0.409814] (custom_counter) StdoutLine: {'line': b'-- Up-to-date: /home/eragon/student133_ws/install/custom_counter/share/custom_counter/environment/ament_prefix_path.dsv\n'}
[0.409928] (custom_counter) StdoutLine: {'line': b'-- Up-to-date: /home/eragon/student133_ws/install/custom_counter/share/custom_counter/environment/path.sh\n'}
[0.410053] (custom_counter) StdoutLine: {'line': b'-- Up-to-date: /home/eragon/student133_ws/install/custom_counter/share/custom_counter/environment/path.dsv\n'}
[0.410154] (custom_counter) StdoutLine: {'line': b'-- Up-to-date: /home/eragon/student133_ws/install/custom_counter/share/custom_counter/local_setup.bash\n'}
[0.410251] (custom_counter) StdoutLine: {'line': b'-- Up-to-date: /home/eragon/student133_ws/install/custom_counter/share/custom_counter/local_setup.sh\n'}
[0.410349] (custom_counter) StdoutLine: {'line': b'-- Up-to-date: /home/eragon/student133_ws/install/custom_counter/share/custom_counter/local_setup.zsh\n'}
[0.410446] (custom_counter) StdoutLine: {'line': b'-- Up-to-date: /home/eragon/student133_ws/install/custom_counter/share/custom_counter/local_setup.dsv\n'}
[0.410549] (custom_counter) StdoutLine: {'line': b'-- Installing: /home/eragon/student133_ws/install/custom_counter/share/custom_counter/package.dsv\n'}
[0.410649] (custom_counter) StdoutLine: {'line': b'-- Up-to-date: /home/eragon/student133_ws/install/custom_counter/share/ament_index/resource_index/packages/custom_counter\n'}
[0.410755] (custom_counter) StdoutLine: {'line': b'-- Up-to-date: /home/eragon/student133_ws/install/custom_counter/share/custom_counter/cmake/custom_counterConfig.cmake\n'}
[0.410856] (custom_counter) StdoutLine: {'line': b'-- Up-to-date: /home/eragon/student133_ws/install/custom_counter/share/custom_counter/cmake/custom_counterConfig-version.cmake\n'}
[0.414247] (custom_counter) StdoutLine: {'line': b'-- Up-to-date: /home/eragon/student133_ws/install/custom_counter/share/custom_counter/package.xml\n'}
[0.414387] (test_custom_publisher) JobProgress: {'identifier': 'test_custom_publisher', 'progress': 'install'}
[0.414423] (test_custom_publisher) Command: {'cmd': ['/usr/bin/cmake', '--install', '/home/eragon/student133_ws/build/test_custom_publisher'], 'cwd': '/home/eragon/student133_ws/build/test_custom_publisher', 'env': OrderedDict([('GJS_DEBUG_TOPICS', 'JS ERROR;JS LOG'), ('LANGUAGE', 'ru'), ('LC_TIME', 'ru_RU.UTF-8'), ('USER', 'eragon'), ('XDG_SESSION_TYPE', 'wayland'), ('LD_LIBRARY_PATH', '/home/eragon/student133_ws/install/test_custom_srv/lib:/home/eragon/student133_ws/install/test_custom_msg/lib:/opt/ros/humble/opt/rviz_ogre_vendor/lib:/opt/ros/humble/lib/x86_64-linux-gnu:/opt/ros/humble/lib'), ('SHLVL', '1'), ('HOME', '/home/eragon'), ('DESKTOP_SESSION', 'ubuntu'), ('QTDIR', '/usr/lib/x86_64-linux-gnu/qt5'), ('GIO_LAUNCHED_DESKTOP_FILE', '/home/eragon/.local/share/applications/org.qt-project.qtcreator.desktop'), ('GNOME_SHELL_SESSION_MODE', 'ubuntu'), ('GTK_MODULES', 'gail:atk-bridge'), ('ROS_PYTHON_VERSION', '3'), ('LC_MONETARY', 'ru_RU.UTF-8'), ('MANAGERPID', '869'), ('DBUS_SESSION_BUS_ADDRESS', 'unix:path'), ('SYSTEMD_EXEC_PID', '1041'), ('GIO_LAUNCHED_DESKTOP_FILE_PID', '2694'), ('COLCON_PREFIX_PATH', '/home/eragon/student133_ws/install'), ('IM_CONFIG_PHASE', '1'), ('ROS_DISTRO', 'humble'), ('WAYLAND_DISPLAY', 'wayland-0'), ('LOGNAME', 'eragon'), ('JOURNAL_STREAM', '8:8864'), ('_', '/usr/bin/env'), ('ROS_VERSION', '2'), ('XDG_SESSION_CLASS', 'user'), ('QSG_RHI_BACKEND', 'opengl'), ('USERNAME', 'eragon'), ('GNOME_DESKTOP_SESSION_ID', 'this-is-deprecated'), ('ROS_LOCALHOST_ONLY', '0'), ('PATH', '/opt/ros/humble/bin:/home/eragon/.local/bin:/usr/local/sbin:/usr/local/bin:/usr/sbin:/usr/bin:/sbin:/bin:/usr/games:/usr/local/games:/snap/bin:/snap/bin'), ('INVOCATION_ID', '68df7faf19e64317b848cbed1cabd08b'), ('PAPERSIZE', 'a4'), ('SESSION_MANAGER', 'local/eragon-KPL-W0X:@/tmp/.ICE-unix/1015,unix/eragon-KPL-W0X:/tmp/.ICE-unix/1015'), ('GNOME_SETUP_DISPLAY', ':1'), ('LC_ADDRESS', 'ru_RU.UTF-8'), ('XDG_MENU_PREFIX', 'gnome-'), ('XDG_RUNTIME_DIR', '/run/user/1000'), ('DISPLAY', ':0'), ('LANG', 'ru_RU.UTF-8'), ('LC_TELEPHONE', 'ru_RU.UTF-8'), ('XDG_CURRENT_DESKTOP', 'ubuntu:GNOME'), ('XAUTHORITY', '/run/user/1000/.mutter-Xwaylandauth.JLCEW2'), ('XDG_SESSION_DESKTOP', 'ubuntu'), ('XMODIFIERS', '@im'), ('AMENT_PREFIX_PATH', '/home/eragon/student133_ws/install/test_visualization:/home/eragon/student133_ws/install/test_subscriber:/home/eragon/student133_ws/install/test_service:/home/eragon/student133_ws/install/test_serial_communication:/home/eragon/student133_ws/install/test_publisher:/home/eragon/student133_ws/install/test_pkg:/home/eragon/student133_ws/install/test_parameters:/home/eragon/student133_ws/install/test_custom_publisher:/home/eragon/student133_ws/install/test_client:/home/eragon/student133_ws/install/test_castom_publisher:/home/eragon/student133_ws/install/custom_counter:/opt/ros/humble'), ('SSH_AGENT_LAUNCHER', 'gnome-keyring'), ('SSH_AUTH_SOCK', '/run/user/1000/keyring/ssh'), ('LC_NAME', 'ru_RU.UTF-8'), ('SHELL', '/bin/bash'), ('GDMSESSION', 'ubuntu'), ('QT_ACCESSIBILITY', '1'), ('LC_MEASUREMENT', 'ru_RU.UTF-8'), ('GJS_DEBUG_OUTPUT', 'stderr'), ('LC_IDENTIFICATION', 'ru_RU.UTF-8'), ('QT_IM_MODULE', 'ibus'), ('LC_ALL', 'en_US.UTF-8'), ('PWD', '/home/eragon/student133_ws/build/test_custom_publisher'), ('QT_QPA_PLATFORM', 'xcb'), ('XDG_CONFIG_DIRS', '/etc/xdg/xdg-ubuntu:/etc/xdg'), ('XDG_DATA_DIRS', '/usr/share/ubuntu:/usr/local/share/:/usr/share/:/var/lib/snapd/desktop'), ('LC_NUMERIC', 'ru_RU.UTF-8'), ('PYTHONPATH', '/opt/ros/humble/lib/python3.10/site-packages:/opt/ros/humble/local/lib/python3.10/dist-packages'), ('LC_PAPER', 'ru_RU.UTF-8'), ('COLCON', '1'), ('CMAKE_PREFIX_PATH', '/home/eragon/student133_ws/install/test_visualization:/home/eragon/student133_ws/install/test_subscriber:/home/eragon/student133_ws/install/test_service:/home/eragon/student133_ws/install/test_serial_communication:/home/eragon/student133_ws/install/test_publisher:/home/eragon/student133_ws/install/test_pkg:/home/eragon/student133_ws/install/test_parameters:/home/eragon/student133_ws/install/test_custom_srv:/home/eragon/student133_ws/install/test_custom_publisher:/home/eragon/student133_ws/install/test_custom_msg:/home/eragon/student133_ws/install/test_client:/home/eragon/student133_ws/install/test_castom_publisher:/home/eragon/student133_ws/install/custom_counter:/opt/ros/humble')]), 'shell': False}
[0.416578] (custom_counter) CommandEnded: {'returncode': 0}
[0.441009] (test_custom_srv) StdoutLine: {'line': b'[ 74%] Built target test_custom_srv\n'}
[0.443269] (test_pkg) StdoutLine: {'line': b'-- Install configuration: "Debug"\n'}
[0.444155] (test_pkg) StdoutLine: {'line': b'-- Up-to-date: /home/eragon/student133_ws/install/test_pkg/lib/test_pkg/test_pkg_node\n'}
[0.444547] (test_pkg) StdoutLine: {'line': b'-- Up-to-date: /home/eragon/student133_ws/install/test_pkg/share/ament_index/resource_index/package_run_dependencies/test_pkg\n'}
[0.444677] (test_pkg) StdoutLine: {'line': b'-- Up-to-date: /home/eragon/student133_ws/install/test_pkg/share/ament_index/resource_index/parent_prefix_path/test_pkg\n'}
[0.444795] (test_pkg) StdoutLine: {'line': b'-- Up-to-date: /home/eragon/student133_ws/install/test_pkg/share/test_pkg/environment/ament_prefix_path.sh\n'}
[0.444931] (test_pkg) StdoutLine: {'line': b'-- Up-to-date: /home/eragon/student133_ws/install/test_pkg/share/test_pkg/environment/ament_prefix_path.dsv\n'}
[0.446064] (test_pkg) StdoutLine: {'line': b'-- Up-to-date: /home/eragon/student133_ws/install/test_pkg/share/test_pkg/environment/path.sh\n'}
[0.446665] (test_pkg) StdoutLine: {'line': b'-- Up-to-date: /home/eragon/student133_ws/install/test_pkg/share/test_pkg/environment/path.dsv\n'}
[0.446797] (test_pkg) StdoutLine: {'line': b'-- Up-to-date: /home/eragon/student133_ws/install/test_pkg/share/test_pkg/local_setup.bash\n'}
[0.447005] (test_pkg) StdoutLine: {'line': b'-- Up-to-date: /home/eragon/student133_ws/install/test_pkg/share/test_pkg/local_setup.sh\n'}
[0.447198] (test_pkg) StdoutLine: {'line': b'-- Up-to-date: /home/eragon/student133_ws/install/test_pkg/share/test_pkg/local_setup.zsh\n'}
[0.447320] (test_pkg) StdoutLine: {'line': b'-- Up-to-date: /home/eragon/student133_ws/install/test_pkg/share/test_pkg/local_setup.dsv\n'}
[0.447429] (test_pkg) StdoutLine: {'line': b'-- Installing: /home/eragon/student133_ws/install/test_pkg/share/test_pkg/package.dsv\n'}
[0.447532] (test_pkg) StdoutLine: {'line': b'-- Up-to-date: /home/eragon/student133_ws/install/test_pkg/share/ament_index/resource_index/packages/test_pkg\n'}
[0.447660] (test_pkg) StdoutLine: {'line': b'-- Up-to-date: /home/eragon/student133_ws/install/test_pkg/share/test_pkg/cmake/test_pkgConfig.cmake\n'}
[0.447776] (test_pkg) StdoutLine: {'line': b'-- Up-to-date: /home/eragon/student133_ws/install/test_pkg/share/test_pkg/cmake/test_pkgConfig-version.cmake\n'}
[0.447932] (test_pkg) StdoutLine: {'line': b'-- Up-to-date: /home/eragon/student133_ws/install/test_pkg/share/test_pkg/package.xml\n'}
[0.448150] (test_parameters) StdoutLine: {'line': b'-- Install configuration: "Debug"\n'}
[0.448314] (test_parameters) StdoutLine: {'line': b'-- Up-to-date: /home/eragon/student133_ws/install/test_parameters/share/test_parameters/launch\n'}
[0.448443] (test_parameters) StdoutLine: {'line': b'-- Up-to-date: /home/eragon/student133_ws/install/test_parameters/share/test_parameters/launch/test_parameters_launch.py\n'}
[0.448547] (test_parameters) StdoutLine: {'line': b'-- Up-to-date: /home/eragon/student133_ws/install/test_parameters/lib/test_parameters/test_parameters_node\n'}
[0.448649] (test_parameters) StdoutLine: {'line': b'-- Up-to-date: /home/eragon/student133_ws/install/test_parameters/share/ament_index/resource_index/package_run_dependencies/test_parameters\n'}
[0.448751] (test_client) CommandEnded: {'returncode': 0}
[0.461140] (test_parameters) StdoutLine: {'line': b'-- Up-to-date: /home/eragon/student133_ws/install/test_parameters/share/ament_index/resource_index/parent_prefix_path/test_parameters\n'}
[0.461376] (test_parameters) StdoutLine: {'line': b'-- Up-to-date: /home/eragon/student133_ws/install/test_parameters/share/test_parameters/environment/ament_prefix_path.sh\n'}
[0.461498] (test_parameters) StdoutLine: {'line': b'-- Up-to-date: /home/eragon/student133_ws/install/test_parameters/share/test_parameters/environment/ament_prefix_path.dsv\n'}
[0.461606] (test_parameters) StdoutLine: {'line': b'-- Up-to-date: /home/eragon/student133_ws/install/test_parameters/share/test_parameters/environment/path.sh\n'}
[0.461732] (test_parameters) StdoutLine: {'line': b'-- Up-to-date: /home/eragon/student133_ws/install/test_parameters/share/test_parameters/environment/path.dsv\n'}
[0.461834] (test_parameters) StdoutLine: {'line': b'-- Up-to-date: /home/eragon/student133_ws/install/test_parameters/share/test_parameters/local_setup.bash\n'}
[0.461966] (test_parameters) StdoutLine: {'line': b'-- Up-to-date: /home/eragon/student133_ws/install/test_parameters/share/test_parameters/local_setup.sh\n'}
[0.462096] (test_parameters) StdoutLine: {'line': b'-- Up-to-date: /home/eragon/student133_ws/install/test_parameters/share/test_parameters/local_setup.zsh\n'}
[0.462202] (test_parameters) StdoutLine: {'line': b'-- Up-to-date: /home/eragon/student133_ws/install/test_parameters/share/test_parameters/local_setup.dsv\n'}
[0.462303] (test_parameters) StdoutLine: {'line': b'-- Installing: /home/eragon/student133_ws/install/test_parameters/share/test_parameters/package.dsv\n'}
[0.462410] (test_parameters) StdoutLine: {'line': b'-- Up-to-date: /home/eragon/student133_ws/install/test_parameters/share/ament_index/resource_index/packages/test_parameters\n'}
[0.462519] (test_parameters) StdoutLine: {'line': b'-- Up-to-date: /home/eragon/student133_ws/install/test_parameters/share/test_parameters/cmake/test_parametersConfig.cmake\n'}
[0.462625] (test_parameters) StdoutLine: {'line': b'-- Up-to-date: /home/eragon/student133_ws/install/test_parameters/share/test_parameters/cmake/test_parametersConfig-version.cmake\n'}
[0.462731] (test_parameters) StdoutLine: {'line': b'-- Up-to-date: /home/eragon/student133_ws/install/test_parameters/share/test_parameters/package.xml\n'}
[0.462838] (test_custom_msg) StdoutLine: {'line': b'[ 76%] Built target test_custom_msg__py\n'}
[0.462995] (test_custom_publisher) StdoutLine: {'line': b'-- Install configuration: "Debug"\n'}
[0.463123] (test_custom_publisher) StdoutLine: {'line': b'-- Up-to-date: /home/eragon/student133_ws/install/test_custom_publisher/lib/test_custom_publisher/test_custom_publisher_node\n'}
[0.463231] (test_custom_publisher) StdoutLine: {'line': b'-- Up-to-date: /home/eragon/student133_ws/install/test_custom_publisher/lib/test_custom_publisher/Triangle_node\n'}
[0.463338] (test_custom_publisher) StdoutLine: {'line': b'-- Up-to-date: /home/eragon/student133_ws/install/test_custom_publisher/share/ament_index/resource_index/package_run_dependencies/test_custom_publisher\n'}
[0.463445] (test_custom_publisher) StdoutLine: {'line': b'-- Up-to-date: /home/eragon/student133_ws/install/test_custom_publisher/share/ament_index/resource_index/parent_prefix_path/test_custom_publisher\n'}
[0.463552] (test_custom_publisher) StdoutLine: {'line': b'-- Up-to-date: /home/eragon/student133_ws/install/test_custom_publisher/share/test_custom_publisher/environment/ament_prefix_path.sh\n'}
[0.463661] (test_custom_publisher) StdoutLine: {'line': b'-- Up-to-date: /home/eragon/student133_ws/install/test_custom_publisher/share/test_custom_publisher/environment/ament_prefix_path.dsv\n'}
[0.463766] (test_custom_publisher) StdoutLine: {'line': b'-- Up-to-date: /home/eragon/student133_ws/install/test_custom_publisher/share/test_custom_publisher/environment/path.sh\n'}
[0.463881] (test_custom_publisher) StdoutLine: {'line': b'-- Up-to-date: /home/eragon/student133_ws/install/test_custom_publisher/share/test_custom_publisher/environment/path.dsv\n'}
[0.464011] (test_custom_publisher) StdoutLine: {'line': b'-- Up-to-date: /home/eragon/student133_ws/install/test_custom_publisher/share/test_custom_publisher/local_setup.bash\n'}
[0.464109] (test_custom_publisher) StdoutLine: {'line': b'-- Up-to-date: /home/eragon/student133_ws/install/test_custom_publisher/share/test_custom_publisher/local_setup.sh\n'}
[0.464213] (test_custom_publisher) StdoutLine: {'line': b'-- Up-to-date: /home/eragon/student133_ws/install/test_custom_publisher/share/test_custom_publisher/local_setup.zsh\n'}
[0.464316] (test_custom_publisher) StdoutLine: {'line': b'-- Up-to-date: /home/eragon/student133_ws/install/test_custom_publisher/share/test_custom_publisher/local_setup.dsv\n'}
[0.464436] (test_custom_publisher) StdoutLine: {'line': b'-- Installing: /home/eragon/student133_ws/install/test_custom_publisher/share/test_custom_publisher/package.dsv\n'}
[0.464540] (test_custom_publisher) StdoutLine: {'line': b'-- Up-to-date: /home/eragon/student133_ws/install/test_custom_publisher/share/ament_index/resource_index/packages/test_custom_publisher\n'}
[0.464643] (test_custom_publisher) StdoutLine: {'line': b'-- Up-to-date: /home/eragon/student133_ws/install/test_custom_publisher/share/test_custom_publisher/cmake/test_custom_publisherConfig.cmake\n'}
[0.464747] (test_custom_publisher) StdoutLine: {'line': b'-- Up-to-date: /home/eragon/student133_ws/install/test_custom_publisher/share/test_custom_publisher/cmake/test_custom_publisherConfig-version.cmake\n'}
[0.464855] (test_custom_publisher) StdoutLine: {'line': b'-- Up-to-date: /home/eragon/student133_ws/install/test_custom_publisher/share/test_custom_publisher/package.xml\n'}
[0.465953] (test_pkg) CommandEnded: {'returncode': 0}
[0.480697] (test_custom_srv) StdoutLine: {'line': b'[ 76%] Built target test_custom_srv__py\n'}
[0.481280] (test_basic_publisher) StdoutLine: {'line': b'-- Found rclcpp: 16.0.10 (/opt/ros/humble/share/rclcpp/cmake)\n'}
[0.482471] (test_parameters) CommandEnded: {'returncode': 0}
[0.515326] (test_custom_publisher) CommandEnded: {'returncode': 0}
[0.515976] (-) TimerEvent: {}
[0.532858] (test_custom_srv) StdoutLine: {'line': b'[ 84%] Built target test_custom_srv__rosidl_generator_py\n'}
[0.533132] (test_custom_msg) StdoutLine: {'line': b'[ 84%] Built target test_custom_msg__rosidl_generator_py\n'}
[0.558098] (custom_counter) JobEnded: {'identifier': 'custom_counter', 'rc': 0}
[0.562597] (test_publisher) JobStarted: {'identifier': 'test_publisher'}
[0.569763] (test_basic_publisher) StdoutLine: {'line': b'-- Found rosidl_generator_c: 3.1.5 (/opt/ros/humble/share/rosidl_generator_c/cmake)\n'}
[0.570026] (test_basic_publisher) StdoutLine: {'line': b'-- Found rosidl_adapter: 3.1.5 (/opt/ros/humble/share/rosidl_adapter/cmake)\n'}
[0.570148] (test_basic_publisher) StdoutLine: {'line': b'-- Found rosidl_generator_cpp: 3.1.5 (/opt/ros/humble/share/rosidl_generator_cpp/cmake)\n'}
[0.570254] (test_custom_srv) StdoutLine: {'line': b'[ 89%] Built target test_custom_srv__rosidl_typesupport_fastrtps_c__pyext\n'}
[0.570385] (test_custom_msg) StdoutLine: {'line': b'[ 89%] Built target test_custom_msg__rosidl_typesupport_introspection_c__pyext\n'}
[0.570514] (test_custom_msg) StdoutLine: {'line': b'[ 94%] Built target test_custom_msg__rosidl_typesupport_fastrtps_c__pyext\n'}
[0.571355] (test_custom_srv) StdoutLine: {'line': b'[ 94%] Built target test_custom_srv__rosidl_typesupport_c__pyext\n'}
[0.571577] (test_custom_srv) StdoutLine: {'line': b'[100%] Built target test_custom_srv__rosidl_typesupport_introspection_c__pyext\n'}
[0.572120] (test_custom_msg) StdoutLine: {'line': b'[100%] Built target test_custom_msg__rosidl_typesupport_c__pyext\n'}
[0.587459] (test_pkg) JobEnded: {'identifier': 'test_pkg', 'rc': 0}
[0.600283] (test_client) JobEnded: {'identifier': 'test_client', 'rc': 0}
[0.603348] (test_service) JobStarted: {'identifier': 'test_service'}
[0.610697] (test_subscriber) JobStarted: {'identifier': 'test_subscriber'}
[0.616089] (-) TimerEvent: {}
[0.619595] (test_basic_publisher) StdoutLine: {'line': b'-- Using all available rosidl_typesupport_c: rosidl_typesupport_fastrtps_c;rosidl_typesupport_introspection_c\n'}
[0.620921] (test_basic_publisher) StdoutLine: {'line': b'-- Using all available rosidl_typesupport_cpp: rosidl_typesupport_fastrtps_cpp;rosidl_typesupport_introspection_cpp\n'}
[0.621677] (test_publisher) JobProgress: {'identifier': 'test_publisher', 'progress': 'cmake'}
[0.623212] (test_publisher) JobProgress: {'identifier': 'test_publisher', 'progress': 'build'}
[0.623302] (test_publisher) Command: {'cmd': ['/usr/bin/cmake', '--build', '/home/eragon/student133_ws/build/test_publisher', '--', '-j8', '-l8'], 'cwd': '/home/eragon/student133_ws/build/test_publisher', 'env': OrderedDict([('GJS_DEBUG_TOPICS', 'JS ERROR;JS LOG'), ('LANGUAGE', 'ru'), ('LC_TIME', 'ru_RU.UTF-8'), ('USER', 'eragon'), ('XDG_SESSION_TYPE', 'wayland'), ('LD_LIBRARY_PATH', '/home/eragon/student133_ws/install/test_custom_srv/lib:/home/eragon/student133_ws/install/test_custom_msg/lib:/opt/ros/humble/opt/rviz_ogre_vendor/lib:/opt/ros/humble/lib/x86_64-linux-gnu:/opt/ros/humble/lib'), ('SHLVL', '1'), ('HOME', '/home/eragon'), ('DESKTOP_SESSION', 'ubuntu'), ('QTDIR', '/usr/lib/x86_64-linux-gnu/qt5'), ('GIO_LAUNCHED_DESKTOP_FILE', '/home/eragon/.local/share/applications/org.qt-project.qtcreator.desktop'), ('GNOME_SHELL_SESSION_MODE', 'ubuntu'), ('GTK_MODULES', 'gail:atk-bridge'), ('ROS_PYTHON_VERSION', '3'), ('LC_MONETARY', 'ru_RU.UTF-8'), ('MANAGERPID', '869'), ('DBUS_SESSION_BUS_ADDRESS', 'unix:path'), ('SYSTEMD_EXEC_PID', '1041'), ('GIO_LAUNCHED_DESKTOP_FILE_PID', '2694'), ('COLCON_PREFIX_PATH', '/home/eragon/student133_ws/install'), ('IM_CONFIG_PHASE', '1'), ('ROS_DISTRO', 'humble'), ('WAYLAND_DISPLAY', 'wayland-0'), ('LOGNAME', 'eragon'), ('JOURNAL_STREAM', '8:8864'), ('_', '/usr/bin/env'), ('ROS_VERSION', '2'), ('XDG_SESSION_CLASS', 'user'), ('QSG_RHI_BACKEND', 'opengl'), ('USERNAME', 'eragon'), ('GNOME_DESKTOP_SESSION_ID', 'this-is-deprecated'), ('ROS_LOCALHOST_ONLY', '0'), ('PATH', '/opt/ros/humble/bin:/home/eragon/.local/bin:/usr/local/sbin:/usr/local/bin:/usr/sbin:/usr/bin:/sbin:/bin:/usr/games:/usr/local/games:/snap/bin:/snap/bin'), ('INVOCATION_ID', '68df7faf19e64317b848cbed1cabd08b'), ('PAPERSIZE', 'a4'), ('SESSION_MANAGER', 'local/eragon-KPL-W0X:@/tmp/.ICE-unix/1015,unix/eragon-KPL-W0X:/tmp/.ICE-unix/1015'), ('GNOME_SETUP_DISPLAY', ':1'), ('LC_ADDRESS', 'ru_RU.UTF-8'), ('XDG_MENU_PREFIX', 'gnome-'), ('XDG_RUNTIME_DIR', '/run/user/1000'), ('DISPLAY', ':0'), ('LANG', 'ru_RU.UTF-8'), ('LC_TELEPHONE', 'ru_RU.UTF-8'), ('XDG_CURRENT_DESKTOP', 'ubuntu:GNOME'), ('XAUTHORITY', '/run/user/1000/.mutter-Xwaylandauth.JLCEW2'), ('XDG_SESSION_DESKTOP', 'ubuntu'), ('XMODIFIERS', '@im'), ('AMENT_PREFIX_PATH', '/home/eragon/student133_ws/install/test_visualization:/home/eragon/student133_ws/install/test_subscriber:/home/eragon/student133_ws/install/test_service:/home/eragon/student133_ws/install/test_serial_communication:/home/eragon/student133_ws/install/test_publisher:/home/eragon/student133_ws/install/test_pkg:/home/eragon/student133_ws/install/test_parameters:/home/eragon/student133_ws/install/test_custom_publisher:/home/eragon/student133_ws/install/test_client:/home/eragon/student133_ws/install/test_castom_publisher:/home/eragon/student133_ws/install/custom_counter:/opt/ros/humble'), ('SSH_AGENT_LAUNCHER', 'gnome-keyring'), ('SSH_AUTH_SOCK', '/run/user/1000/keyring/ssh'), ('LC_NAME', 'ru_RU.UTF-8'), ('SHELL', '/bin/bash'), ('GDMSESSION', 'ubuntu'), ('QT_ACCESSIBILITY', '1'), ('LC_MEASUREMENT', 'ru_RU.UTF-8'), ('GJS_DEBUG_OUTPUT', 'stderr'), ('LC_IDENTIFICATION', 'ru_RU.UTF-8'), ('QT_IM_MODULE', 'ibus'), ('LC_ALL', 'en_US.UTF-8'), ('PWD', '/home/eragon/student133_ws/build/test_publisher'), ('QT_QPA_PLATFORM', 'xcb'), ('XDG_CONFIG_DIRS', '/etc/xdg/xdg-ubuntu:/etc/xdg'), ('XDG_DATA_DIRS', '/usr/share/ubuntu:/usr/local/share/:/usr/share/:/var/lib/snapd/desktop'), ('LC_NUMERIC', 'ru_RU.UTF-8'), ('PYTHONPATH', '/opt/ros/humble/lib/python3.10/site-packages:/opt/ros/humble/local/lib/python3.10/dist-packages'), ('LC_PAPER', 'ru_RU.UTF-8'), ('COLCON', '1'), ('CMAKE_PREFIX_PATH', '/home/eragon/student133_ws/install/test_visualization:/home/eragon/student133_ws/install/test_subscriber:/home/eragon/student133_ws/install/test_service:/home/eragon/student133_ws/install/test_serial_communication:/home/eragon/student133_ws/install/test_publisher:/home/eragon/student133_ws/install/test_pkg:/home/eragon/student133_ws/install/test_parameters:/home/eragon/student133_ws/install/test_custom_srv:/home/eragon/student133_ws/install/test_custom_publisher:/home/eragon/student133_ws/install/test_custom_msg:/home/eragon/student133_ws/install/test_client:/home/eragon/student133_ws/install/test_castom_publisher:/home/eragon/student133_ws/install/custom_counter:/opt/ros/humble')]), 'shell': False}
[0.638596] (test_parameters) JobEnded: {'identifier': 'test_parameters', 'rc': 0}
[0.641697] (test_tf_broadcaster) JobStarted: {'identifier': 'test_tf_broadcaster'}
[0.662808] (test_custom_publisher) JobEnded: {'identifier': 'test_custom_publisher', 'rc': 0}
[0.665760] (test_visualization) JobStarted: {'identifier': 'test_visualization'}
[0.673565] (test_basic_publisher) StdoutLine: {'line': b'-- Found rmw_implementation_cmake: 6.1.2 (/opt/ros/humble/share/rmw_implementation_cmake/cmake)\n'}
[0.674268] (test_basic_publisher) StdoutLine: {'line': b'-- Found rmw_fastrtps_cpp: 6.2.7 (/opt/ros/humble/share/rmw_fastrtps_cpp/cmake)\n'}
[0.676494] (test_service) JobProgress: {'identifier': 'test_service', 'progress': 'cmake'}
[0.678125] (test_service) JobProgress: {'identifier': 'test_service', 'progress': 'build'}
[0.678324] (test_service) Command: {'cmd': ['/usr/bin/cmake', '--build', '/home/eragon/student133_ws/build/test_service', '--', '-j8', '-l8'], 'cwd': '/home/eragon/student133_ws/build/test_service', 'env': OrderedDict([('GJS_DEBUG_TOPICS', 'JS ERROR;JS LOG'), ('LANGUAGE', 'ru'), ('LC_TIME', 'ru_RU.UTF-8'), ('USER', 'eragon'), ('XDG_SESSION_TYPE', 'wayland'), ('LD_LIBRARY_PATH', '/home/eragon/student133_ws/install/test_custom_srv/lib:/home/eragon/student133_ws/install/test_custom_msg/lib:/opt/ros/humble/opt/rviz_ogre_vendor/lib:/opt/ros/humble/lib/x86_64-linux-gnu:/opt/ros/humble/lib'), ('SHLVL', '1'), ('HOME', '/home/eragon'), ('DESKTOP_SESSION', 'ubuntu'), ('QTDIR', '/usr/lib/x86_64-linux-gnu/qt5'), ('GIO_LAUNCHED_DESKTOP_FILE', '/home/eragon/.local/share/applications/org.qt-project.qtcreator.desktop'), ('GNOME_SHELL_SESSION_MODE', 'ubuntu'), ('GTK_MODULES', 'gail:atk-bridge'), ('ROS_PYTHON_VERSION', '3'), ('LC_MONETARY', 'ru_RU.UTF-8'), ('MANAGERPID', '869'), ('DBUS_SESSION_BUS_ADDRESS', 'unix:path'), ('SYSTEMD_EXEC_PID', '1041'), ('GIO_LAUNCHED_DESKTOP_FILE_PID', '2694'), ('COLCON_PREFIX_PATH', '/home/eragon/student133_ws/install'), ('IM_CONFIG_PHASE', '1'), ('ROS_DISTRO', 'humble'), ('WAYLAND_DISPLAY', 'wayland-0'), ('LOGNAME', 'eragon'), ('JOURNAL_STREAM', '8:8864'), ('_', '/usr/bin/env'), ('ROS_VERSION', '2'), ('XDG_SESSION_CLASS', 'user'), ('QSG_RHI_BACKEND', 'opengl'), ('USERNAME', 'eragon'), ('GNOME_DESKTOP_SESSION_ID', 'this-is-deprecated'), ('ROS_LOCALHOST_ONLY', '0'), ('PATH', '/opt/ros/humble/bin:/home/eragon/.local/bin:/usr/local/sbin:/usr/local/bin:/usr/sbin:/usr/bin:/sbin:/bin:/usr/games:/usr/local/games:/snap/bin:/snap/bin'), ('INVOCATION_ID', '68df7faf19e64317b848cbed1cabd08b'), ('PAPERSIZE', 'a4'), ('SESSION_MANAGER', 'local/eragon-KPL-W0X:@/tmp/.ICE-unix/1015,unix/eragon-KPL-W0X:/tmp/.ICE-unix/1015'), ('GNOME_SETUP_DISPLAY', ':1'), ('LC_ADDRESS', 'ru_RU.UTF-8'), ('XDG_MENU_PREFIX', 'gnome-'), ('XDG_RUNTIME_DIR', '/run/user/1000'), ('DISPLAY', ':0'), ('LANG', 'ru_RU.UTF-8'), ('LC_TELEPHONE', 'ru_RU.UTF-8'), ('XDG_CURRENT_DESKTOP', 'ubuntu:GNOME'), ('XAUTHORITY', '/run/user/1000/.mutter-Xwaylandauth.JLCEW2'), ('XDG_SESSION_DESKTOP', 'ubuntu'), ('XMODIFIERS', '@im'), ('AMENT_PREFIX_PATH', '/home/eragon/student133_ws/install/test_visualization:/home/eragon/student133_ws/install/test_subscriber:/home/eragon/student133_ws/install/test_service:/home/eragon/student133_ws/install/test_serial_communication:/home/eragon/student133_ws/install/test_publisher:/home/eragon/student133_ws/install/test_pkg:/home/eragon/student133_ws/install/test_parameters:/home/eragon/student133_ws/install/test_custom_publisher:/home/eragon/student133_ws/install/test_client:/home/eragon/student133_ws/install/test_castom_publisher:/home/eragon/student133_ws/install/custom_counter:/opt/ros/humble'), ('SSH_AGENT_LAUNCHER', 'gnome-keyring'), ('SSH_AUTH_SOCK', '/run/user/1000/keyring/ssh'), ('LC_NAME', 'ru_RU.UTF-8'), ('SHELL', '/bin/bash'), ('GDMSESSION', 'ubuntu'), ('QT_ACCESSIBILITY', '1'), ('LC_MEASUREMENT', 'ru_RU.UTF-8'), ('GJS_DEBUG_OUTPUT', 'stderr'), ('LC_IDENTIFICATION', 'ru_RU.UTF-8'), ('QT_IM_MODULE', 'ibus'), ('LC_ALL', 'en_US.UTF-8'), ('PWD', '/home/eragon/student133_ws/build/test_service'), ('QT_QPA_PLATFORM', 'xcb'), ('XDG_CONFIG_DIRS', '/etc/xdg/xdg-ubuntu:/etc/xdg'), ('XDG_DATA_DIRS', '/usr/share/ubuntu:/usr/local/share/:/usr/share/:/var/lib/snapd/desktop'), ('LC_NUMERIC', 'ru_RU.UTF-8'), ('PYTHONPATH', '/opt/ros/humble/lib/python3.10/site-packages:/opt/ros/humble/local/lib/python3.10/dist-packages'), ('LC_PAPER', 'ru_RU.UTF-8'), ('COLCON', '1'), ('CMAKE_PREFIX_PATH', '/home/eragon/student133_ws/install/test_visualization:/home/eragon/student133_ws/install/test_subscriber:/home/eragon/student133_ws/install/test_service:/home/eragon/student133_ws/install/test_serial_communication:/home/eragon/student133_ws/install/test_publisher:/home/eragon/student133_ws/install/test_pkg:/home/eragon/student133_ws/install/test_parameters:/home/eragon/student133_ws/install/test_custom_srv:/home/eragon/student133_ws/install/test_custom_publisher:/home/eragon/student133_ws/install/test_custom_msg:/home/eragon/student133_ws/install/test_client:/home/eragon/student133_ws/install/test_castom_publisher:/home/eragon/student133_ws/install/custom_counter:/opt/ros/humble')]), 'shell': False}
[0.682052] (test_subscriber) JobProgress: {'identifier': 'test_subscriber', 'progress': 'cmake'}
[0.683066] (test_subscriber) JobProgress: {'identifier': 'test_subscriber', 'progress': 'build'}
[0.683158] (test_subscriber) Command: {'cmd': ['/usr/bin/cmake', '--build', '/home/eragon/student133_ws/build/test_subscriber', '--', '-j8', '-l8'], 'cwd': '/home/eragon/student133_ws/build/test_subscriber', 'env': OrderedDict([('GJS_DEBUG_TOPICS', 'JS ERROR;JS LOG'), ('LANGUAGE', 'ru'), ('LC_TIME', 'ru_RU.UTF-8'), ('USER', 'eragon'), ('XDG_SESSION_TYPE', 'wayland'), ('LD_LIBRARY_PATH', '/home/eragon/student133_ws/install/test_custom_srv/lib:/home/eragon/student133_ws/install/test_custom_msg/lib:/opt/ros/humble/opt/rviz_ogre_vendor/lib:/opt/ros/humble/lib/x86_64-linux-gnu:/opt/ros/humble/lib'), ('SHLVL', '1'), ('HOME', '/home/eragon'), ('DESKTOP_SESSION', 'ubuntu'), ('QTDIR', '/usr/lib/x86_64-linux-gnu/qt5'), ('GIO_LAUNCHED_DESKTOP_FILE', '/home/eragon/.local/share/applications/org.qt-project.qtcreator.desktop'), ('GNOME_SHELL_SESSION_MODE', 'ubuntu'), ('GTK_MODULES', 'gail:atk-bridge'), ('ROS_PYTHON_VERSION', '3'), ('LC_MONETARY', 'ru_RU.UTF-8'), ('MANAGERPID', '869'), ('DBUS_SESSION_BUS_ADDRESS', 'unix:path'), ('SYSTEMD_EXEC_PID', '1041'), ('GIO_LAUNCHED_DESKTOP_FILE_PID', '2694'), ('COLCON_PREFIX_PATH', '/home/eragon/student133_ws/install'), ('IM_CONFIG_PHASE', '1'), ('ROS_DISTRO', 'humble'), ('WAYLAND_DISPLAY', 'wayland-0'), ('LOGNAME', 'eragon'), ('JOURNAL_STREAM', '8:8864'), ('_', '/usr/bin/env'), ('ROS_VERSION', '2'), ('XDG_SESSION_CLASS', 'user'), ('QSG_RHI_BACKEND', 'opengl'), ('USERNAME', 'eragon'), ('GNOME_DESKTOP_SESSION_ID', 'this-is-deprecated'), ('ROS_LOCALHOST_ONLY', '0'), ('PATH', '/opt/ros/humble/bin:/home/eragon/.local/bin:/usr/local/sbin:/usr/local/bin:/usr/sbin:/usr/bin:/sbin:/bin:/usr/games:/usr/local/games:/snap/bin:/snap/bin'), ('INVOCATION_ID', '68df7faf19e64317b848cbed1cabd08b'), ('PAPERSIZE', 'a4'), ('SESSION_MANAGER', 'local/eragon-KPL-W0X:@/tmp/.ICE-unix/1015,unix/eragon-KPL-W0X:/tmp/.ICE-unix/1015'), ('GNOME_SETUP_DISPLAY', ':1'), ('LC_ADDRESS', 'ru_RU.UTF-8'), ('XDG_MENU_PREFIX', 'gnome-'), ('XDG_RUNTIME_DIR', '/run/user/1000'), ('DISPLAY', ':0'), ('LANG', 'ru_RU.UTF-8'), ('LC_TELEPHONE', 'ru_RU.UTF-8'), ('XDG_CURRENT_DESKTOP', 'ubuntu:GNOME'), ('XAUTHORITY', '/run/user/1000/.mutter-Xwaylandauth.JLCEW2'), ('XDG_SESSION_DESKTOP', 'ubuntu'), ('XMODIFIERS', '@im'), ('AMENT_PREFIX_PATH', '/home/eragon/student133_ws/install/test_visualization:/home/eragon/student133_ws/install/test_subscriber:/home/eragon/student133_ws/install/test_service:/home/eragon/student133_ws/install/test_serial_communication:/home/eragon/student133_ws/install/test_publisher:/home/eragon/student133_ws/install/test_pkg:/home/eragon/student133_ws/install/test_parameters:/home/eragon/student133_ws/install/test_custom_publisher:/home/eragon/student133_ws/install/test_client:/home/eragon/student133_ws/install/test_castom_publisher:/home/eragon/student133_ws/install/custom_counter:/opt/ros/humble'), ('SSH_AGENT_LAUNCHER', 'gnome-keyring'), ('SSH_AUTH_SOCK', '/run/user/1000/keyring/ssh'), ('LC_NAME', 'ru_RU.UTF-8'), ('SHELL', '/bin/bash'), ('GDMSESSION', 'ubuntu'), ('QT_ACCESSIBILITY', '1'), ('LC_MEASUREMENT', 'ru_RU.UTF-8'), ('GJS_DEBUG_OUTPUT', 'stderr'), ('LC_IDENTIFICATION', 'ru_RU.UTF-8'), ('QT_IM_MODULE', 'ibus'), ('LC_ALL', 'en_US.UTF-8'), ('PWD', '/home/eragon/student133_ws/build/test_subscriber'), ('QT_QPA_PLATFORM', 'xcb'), ('XDG_CONFIG_DIRS', '/etc/xdg/xdg-ubuntu:/etc/xdg'), ('XDG_DATA_DIRS', '/usr/share/ubuntu:/usr/local/share/:/usr/share/:/var/lib/snapd/desktop'), ('LC_NUMERIC', 'ru_RU.UTF-8'), ('PYTHONPATH', '/opt/ros/humble/lib/python3.10/site-packages:/opt/ros/humble/local/lib/python3.10/dist-packages'), ('LC_PAPER', 'ru_RU.UTF-8'), ('COLCON', '1'), ('CMAKE_PREFIX_PATH', '/home/eragon/student133_ws/install/test_visualization:/home/eragon/student133_ws/install/test_subscriber:/home/eragon/student133_ws/install/test_service:/home/eragon/student133_ws/install/test_serial_communication:/home/eragon/student133_ws/install/test_publisher:/home/eragon/student133_ws/install/test_pkg:/home/eragon/student133_ws/install/test_parameters:/home/eragon/student133_ws/install/test_custom_srv:/home/eragon/student133_ws/install/test_custom_publisher:/home/eragon/student133_ws/install/test_custom_msg:/home/eragon/student133_ws/install/test_client:/home/eragon/student133_ws/install/test_castom_publisher:/home/eragon/student133_ws/install/custom_counter:/opt/ros/humble')]), 'shell': False}
[0.688371] (test_tf_broadcaster) JobProgress: {'identifier': 'test_tf_broadcaster', 'progress': 'cmake'}
[0.690061] (test_tf_broadcaster) Command: {'cmd': ['/usr/bin/cmake', '/home/eragon/student133_ws/src/test_tf_broadcaster', '-G', 'CodeBlocks - Unix Makefiles', '-DCMAKE_BUILD_TYPE=Debug', '-DCMAKE_INSTALL_PREFIX=/home/eragon/student133_ws/install/test_tf_broadcaster'], 'cwd': '/home/eragon/student133_ws/build/test_tf_broadcaster', 'env': OrderedDict([('GJS_DEBUG_TOPICS', 'JS ERROR;JS LOG'), ('LANGUAGE', 'ru'), ('LC_TIME', 'ru_RU.UTF-8'), ('USER', 'eragon'), ('XDG_SESSION_TYPE', 'wayland'), ('LD_LIBRARY_PATH', '/home/eragon/student133_ws/install/test_custom_srv/lib:/home/eragon/student133_ws/install/test_custom_msg/lib:/opt/ros/humble/opt/rviz_ogre_vendor/lib:/opt/ros/humble/lib/x86_64-linux-gnu:/opt/ros/humble/lib'), ('SHLVL', '1'), ('HOME', '/home/eragon'), ('DESKTOP_SESSION', 'ubuntu'), ('QTDIR', '/usr/lib/x86_64-linux-gnu/qt5'), ('GIO_LAUNCHED_DESKTOP_FILE', '/home/eragon/.local/share/applications/org.qt-project.qtcreator.desktop'), ('GNOME_SHELL_SESSION_MODE', 'ubuntu'), ('GTK_MODULES', 'gail:atk-bridge'), ('ROS_PYTHON_VERSION', '3'), ('LC_MONETARY', 'ru_RU.UTF-8'), ('MANAGERPID', '869'), ('DBUS_SESSION_BUS_ADDRESS', 'unix:path'), ('SYSTEMD_EXEC_PID', '1041'), ('GIO_LAUNCHED_DESKTOP_FILE_PID', '2694'), ('COLCON_PREFIX_PATH', '/home/eragon/student133_ws/install'), ('IM_CONFIG_PHASE', '1'), ('ROS_DISTRO', 'humble'), ('WAYLAND_DISPLAY', 'wayland-0'), ('LOGNAME', 'eragon'), ('JOURNAL_STREAM', '8:8864'), ('_', '/usr/bin/env'), ('ROS_VERSION', '2'), ('XDG_SESSION_CLASS', 'user'), ('QSG_RHI_BACKEND', 'opengl'), ('USERNAME', 'eragon'), ('GNOME_DESKTOP_SESSION_ID', 'this-is-deprecated'), ('ROS_LOCALHOST_ONLY', '0'), ('PATH', '/opt/ros/humble/bin:/home/eragon/.local/bin:/usr/local/sbin:/usr/local/bin:/usr/sbin:/usr/bin:/sbin:/bin:/usr/games:/usr/local/games:/snap/bin:/snap/bin'), ('INVOCATION_ID', '68df7faf19e64317b848cbed1cabd08b'), ('PAPERSIZE', 'a4'), ('SESSION_MANAGER', 'local/eragon-KPL-W0X:@/tmp/.ICE-unix/1015,unix/eragon-KPL-W0X:/tmp/.ICE-unix/1015'), ('GNOME_SETUP_DISPLAY', ':1'), ('LC_ADDRESS', 'ru_RU.UTF-8'), ('XDG_MENU_PREFIX', 'gnome-'), ('XDG_RUNTIME_DIR', '/run/user/1000'), ('DISPLAY', ':0'), ('LANG', 'ru_RU.UTF-8'), ('LC_TELEPHONE', 'ru_RU.UTF-8'), ('XDG_CURRENT_DESKTOP', 'ubuntu:GNOME'), ('XAUTHORITY', '/run/user/1000/.mutter-Xwaylandauth.JLCEW2'), ('XDG_SESSION_DESKTOP', 'ubuntu'), ('XMODIFIERS', '@im'), ('AMENT_PREFIX_PATH', '/home/eragon/student133_ws/install/test_visualization:/home/eragon/student133_ws/install/test_subscriber:/home/eragon/student133_ws/install/test_service:/home/eragon/student133_ws/install/test_serial_communication:/home/eragon/student133_ws/install/test_publisher:/home/eragon/student133_ws/install/test_pkg:/home/eragon/student133_ws/install/test_parameters:/home/eragon/student133_ws/install/test_custom_publisher:/home/eragon/student133_ws/install/test_client:/home/eragon/student133_ws/install/test_castom_publisher:/home/eragon/student133_ws/install/custom_counter:/opt/ros/humble'), ('SSH_AGENT_LAUNCHER', 'gnome-keyring'), ('SSH_AUTH_SOCK', '/run/user/1000/keyring/ssh'), ('LC_NAME', 'ru_RU.UTF-8'), ('SHELL', '/bin/bash'), ('GDMSESSION', 'ubuntu'), ('QT_ACCESSIBILITY', '1'), ('LC_MEASUREMENT', 'ru_RU.UTF-8'), ('GJS_DEBUG_OUTPUT', 'stderr'), ('LC_IDENTIFICATION', 'ru_RU.UTF-8'), ('QT_IM_MODULE', 'ibus'), ('LC_ALL', 'en_US.UTF-8'), ('PWD', '/home/eragon/student133_ws/build/test_tf_broadcaster'), ('QT_QPA_PLATFORM', 'xcb'), ('XDG_CONFIG_DIRS', '/etc/xdg/xdg-ubuntu:/etc/xdg'), ('XDG_DATA_DIRS', '/usr/share/ubuntu:/usr/local/share/:/usr/share/:/var/lib/snapd/desktop'), ('LC_NUMERIC', 'ru_RU.UTF-8'), ('PYTHONPATH', '/opt/ros/humble/lib/python3.10/site-packages:/opt/ros/humble/local/lib/python3.10/dist-packages'), ('LC_PAPER', 'ru_RU.UTF-8'), ('COLCON', '1'), ('CMAKE_PREFIX_PATH', '/home/eragon/student133_ws/install/test_visualization:/home/eragon/student133_ws/install/test_subscriber:/home/eragon/student133_ws/install/test_service:/home/eragon/student133_ws/install/test_serial_communication:/home/eragon/student133_ws/install/test_publisher:/home/eragon/student133_ws/install/test_pkg:/home/eragon/student133_ws/install/test_parameters:/home/eragon/student133_ws/install/test_custom_srv:/home/eragon/student133_ws/install/test_custom_publisher:/home/eragon/student133_ws/install/test_custom_msg:/home/eragon/student133_ws/install/test_client:/home/eragon/student133_ws/install/test_castom_publisher:/home/eragon/student133_ws/install/custom_counter:/opt/ros/humble')]), 'shell': False}
[0.697083] (test_visualization) JobProgress: {'identifier': 'test_visualization', 'progress': 'cmake'}
[0.697191] (test_visualization) JobProgress: {'identifier': 'test_visualization', 'progress': 'build'}
[0.697230] (test_visualization) Command: {'cmd': ['/usr/bin/cmake', '--build', '/home/eragon/student133_ws/build/test_visualization', '--', '-j8', '-l8'], 'cwd': '/home/eragon/student133_ws/build/test_visualization', 'env': OrderedDict([('GJS_DEBUG_TOPICS', 'JS ERROR;JS LOG'), ('LANGUAGE', 'ru'), ('LC_TIME', 'ru_RU.UTF-8'), ('USER', 'eragon'), ('XDG_SESSION_TYPE', 'wayland'), ('LD_LIBRARY_PATH', '/home/eragon/student133_ws/install/test_custom_srv/lib:/home/eragon/student133_ws/install/test_custom_msg/lib:/opt/ros/humble/opt/rviz_ogre_vendor/lib:/opt/ros/humble/lib/x86_64-linux-gnu:/opt/ros/humble/lib'), ('SHLVL', '1'), ('HOME', '/home/eragon'), ('DESKTOP_SESSION', 'ubuntu'), ('QTDIR', '/usr/lib/x86_64-linux-gnu/qt5'), ('GIO_LAUNCHED_DESKTOP_FILE', '/home/eragon/.local/share/applications/org.qt-project.qtcreator.desktop'), ('GNOME_SHELL_SESSION_MODE', 'ubuntu'), ('GTK_MODULES', 'gail:atk-bridge'), ('ROS_PYTHON_VERSION', '3'), ('LC_MONETARY', 'ru_RU.UTF-8'), ('MANAGERPID', '869'), ('DBUS_SESSION_BUS_ADDRESS', 'unix:path'), ('SYSTEMD_EXEC_PID', '1041'), ('GIO_LAUNCHED_DESKTOP_FILE_PID', '2694'), ('COLCON_PREFIX_PATH', '/home/eragon/student133_ws/install'), ('IM_CONFIG_PHASE', '1'), ('ROS_DISTRO', 'humble'), ('WAYLAND_DISPLAY', 'wayland-0'), ('LOGNAME', 'eragon'), ('JOURNAL_STREAM', '8:8864'), ('_', '/usr/bin/env'), ('ROS_VERSION', '2'), ('XDG_SESSION_CLASS', 'user'), ('QSG_RHI_BACKEND', 'opengl'), ('USERNAME', 'eragon'), ('GNOME_DESKTOP_SESSION_ID', 'this-is-deprecated'), ('ROS_LOCALHOST_ONLY', '0'), ('PATH', '/opt/ros/humble/bin:/home/eragon/.local/bin:/usr/local/sbin:/usr/local/bin:/usr/sbin:/usr/bin:/sbin:/bin:/usr/games:/usr/local/games:/snap/bin:/snap/bin'), ('INVOCATION_ID', '68df7faf19e64317b848cbed1cabd08b'), ('PAPERSIZE', 'a4'), ('SESSION_MANAGER', 'local/eragon-KPL-W0X:@/tmp/.ICE-unix/1015,unix/eragon-KPL-W0X:/tmp/.ICE-unix/1015'), ('GNOME_SETUP_DISPLAY', ':1'), ('LC_ADDRESS', 'ru_RU.UTF-8'), ('XDG_MENU_PREFIX', 'gnome-'), ('XDG_RUNTIME_DIR', '/run/user/1000'), ('DISPLAY', ':0'), ('LANG', 'ru_RU.UTF-8'), ('LC_TELEPHONE', 'ru_RU.UTF-8'), ('XDG_CURRENT_DESKTOP', 'ubuntu:GNOME'), ('XAUTHORITY', '/run/user/1000/.mutter-Xwaylandauth.JLCEW2'), ('XDG_SESSION_DESKTOP', 'ubuntu'), ('XMODIFIERS', '@im'), ('AMENT_PREFIX_PATH', '/home/eragon/student133_ws/install/test_visualization:/home/eragon/student133_ws/install/test_subscriber:/home/eragon/student133_ws/install/test_service:/home/eragon/student133_ws/install/test_serial_communication:/home/eragon/student133_ws/install/test_publisher:/home/eragon/student133_ws/install/test_pkg:/home/eragon/student133_ws/install/test_parameters:/home/eragon/student133_ws/install/test_custom_publisher:/home/eragon/student133_ws/install/test_client:/home/eragon/student133_ws/install/test_castom_publisher:/home/eragon/student133_ws/install/custom_counter:/opt/ros/humble'), ('SSH_AGENT_LAUNCHER', 'gnome-keyring'), ('SSH_AUTH_SOCK', '/run/user/1000/keyring/ssh'), ('LC_NAME', 'ru_RU.UTF-8'), ('SHELL', '/bin/bash'), ('GDMSESSION', 'ubuntu'), ('QT_ACCESSIBILITY', '1'), ('LC_MEASUREMENT', 'ru_RU.UTF-8'), ('GJS_DEBUG_OUTPUT', 'stderr'), ('LC_IDENTIFICATION', 'ru_RU.UTF-8'), ('QT_IM_MODULE', 'ibus'), ('LC_ALL', 'en_US.UTF-8'), ('PWD', '/home/eragon/student133_ws/build/test_visualization'), ('QT_QPA_PLATFORM', 'xcb'), ('XDG_CONFIG_DIRS', '/etc/xdg/xdg-ubuntu:/etc/xdg'), ('XDG_DATA_DIRS', '/usr/share/ubuntu:/usr/local/share/:/usr/share/:/var/lib/snapd/desktop'), ('LC_NUMERIC', 'ru_RU.UTF-8'), ('PYTHONPATH', '/opt/ros/humble/lib/python3.10/site-packages:/opt/ros/humble/local/lib/python3.10/dist-packages'), ('LC_PAPER', 'ru_RU.UTF-8'), ('COLCON', '1'), ('CMAKE_PREFIX_PATH', '/home/eragon/student133_ws/install/test_visualization:/home/eragon/student133_ws/install/test_subscriber:/home/eragon/student133_ws/install/test_service:/home/eragon/student133_ws/install/test_serial_communication:/home/eragon/student133_ws/install/test_publisher:/home/eragon/student133_ws/install/test_pkg:/home/eragon/student133_ws/install/test_parameters:/home/eragon/student133_ws/install/test_custom_srv:/home/eragon/student133_ws/install/test_custom_publisher:/home/eragon/student133_ws/install/test_custom_msg:/home/eragon/student133_ws/install/test_client:/home/eragon/student133_ws/install/test_castom_publisher:/home/eragon/student133_ws/install/custom_counter:/opt/ros/humble')]), 'shell': False}
[0.719740] (test_publisher) StdoutLine: {'line': b'[100%] Built target test_publisher_node\n'}
[0.720074] (-) TimerEvent: {}
[0.725411] (test_tf_broadcaster) StdoutLine: {'line': b'-- Found ament_cmake: 1.3.10 (/opt/ros/humble/share/ament_cmake/cmake)\n'}
[0.755989] (test_publisher) CommandEnded: {'returncode': 0}
[0.777010] (test_custom_srv) StdoutLine: {'line': b'running egg_info\n'}
[0.778660] (test_custom_srv) StdoutLine: {'line': b'writing test_custom_srv.egg-info/PKG-INFO\n'}
[0.779126] (test_custom_srv) StdoutLine: {'line': b'writing dependency_links to test_custom_srv.egg-info/dependency_links.txt\n'}
[0.779577] (test_custom_srv) StdoutLine: {'line': b'writing top-level names to test_custom_srv.egg-info/top_level.txt\n'}
[0.785195] (test_custom_srv) StdoutLine: {'line': b"reading manifest file 'test_custom_srv.egg-info/SOURCES.txt'\n"}
[0.785443] (test_custom_srv) StdoutLine: {'line': b"writing manifest file 'test_custom_srv.egg-info/SOURCES.txt'\n"}
[0.796928] (test_service) StdoutLine: {'line': b'[ 50%] Built target test_service_node\n'}
[0.799716] (test_custom_msg) StdoutLine: {'line': b'running egg_info\n'}
[0.800657] (test_custom_msg) StdoutLine: {'line': b'writing test_custom_msg.egg-info/PKG-INFO\n'}
[0.801796] (test_custom_msg) StdoutLine: {'line': b'writing dependency_links to test_custom_msg.egg-info/dependency_links.txt\n'}
[0.802905] (test_custom_msg) StdoutLine: {'line': b'writing top-level names to test_custom_msg.egg-info/top_level.txt\n'}
[0.806312] (test_subscriber) StdoutLine: {'line': b'[ 50%] Built target test_subscriber_node\n'}
[0.808580] (test_custom_msg) StdoutLine: {'line': b"reading manifest file 'test_custom_msg.egg-info/SOURCES.txt'\n"}
[0.810653] (test_custom_msg) StdoutLine: {'line': b"writing manifest file 'test_custom_msg.egg-info/SOURCES.txt'\n"}
[0.817136] (test_service) StdoutLine: {'line': b'[100%] Built target service_triangle\n'}
[0.820212] (-) TimerEvent: {}
[0.824969] (test_subscriber) StdoutLine: {'line': b'[100%] Built target Triangle_node\n'}
[0.835125] (test_publisher) JobProgress: {'identifier': 'test_publisher', 'progress': 'install'}
[0.835242] (test_publisher) Command: {'cmd': ['/usr/bin/cmake', '--install', '/home/eragon/student133_ws/build/test_publisher'], 'cwd': '/home/eragon/student133_ws/build/test_publisher', 'env': OrderedDict([('GJS_DEBUG_TOPICS', 'JS ERROR;JS LOG'), ('LANGUAGE', 'ru'), ('LC_TIME', 'ru_RU.UTF-8'), ('USER', 'eragon'), ('XDG_SESSION_TYPE', 'wayland'), ('LD_LIBRARY_PATH', '/home/eragon/student133_ws/install/test_custom_srv/lib:/home/eragon/student133_ws/install/test_custom_msg/lib:/opt/ros/humble/opt/rviz_ogre_vendor/lib:/opt/ros/humble/lib/x86_64-linux-gnu:/opt/ros/humble/lib'), ('SHLVL', '1'), ('HOME', '/home/eragon'), ('DESKTOP_SESSION', 'ubuntu'), ('QTDIR', '/usr/lib/x86_64-linux-gnu/qt5'), ('GIO_LAUNCHED_DESKTOP_FILE', '/home/eragon/.local/share/applications/org.qt-project.qtcreator.desktop'), ('GNOME_SHELL_SESSION_MODE', 'ubuntu'), ('GTK_MODULES', 'gail:atk-bridge'), ('ROS_PYTHON_VERSION', '3'), ('LC_MONETARY', 'ru_RU.UTF-8'), ('MANAGERPID', '869'), ('DBUS_SESSION_BUS_ADDRESS', 'unix:path'), ('SYSTEMD_EXEC_PID', '1041'), ('GIO_LAUNCHED_DESKTOP_FILE_PID', '2694'), ('COLCON_PREFIX_PATH', '/home/eragon/student133_ws/install'), ('IM_CONFIG_PHASE', '1'), ('ROS_DISTRO', 'humble'), ('WAYLAND_DISPLAY', 'wayland-0'), ('LOGNAME', 'eragon'), ('JOURNAL_STREAM', '8:8864'), ('_', '/usr/bin/env'), ('ROS_VERSION', '2'), ('XDG_SESSION_CLASS', 'user'), ('QSG_RHI_BACKEND', 'opengl'), ('USERNAME', 'eragon'), ('GNOME_DESKTOP_SESSION_ID', 'this-is-deprecated'), ('ROS_LOCALHOST_ONLY', '0'), ('PATH', '/opt/ros/humble/bin:/home/eragon/.local/bin:/usr/local/sbin:/usr/local/bin:/usr/sbin:/usr/bin:/sbin:/bin:/usr/games:/usr/local/games:/snap/bin:/snap/bin'), ('INVOCATION_ID', '68df7faf19e64317b848cbed1cabd08b'), ('PAPERSIZE', 'a4'), ('SESSION_MANAGER', 'local/eragon-KPL-W0X:@/tmp/.ICE-unix/1015,unix/eragon-KPL-W0X:/tmp/.ICE-unix/1015'), ('GNOME_SETUP_DISPLAY', ':1'), ('LC_ADDRESS', 'ru_RU.UTF-8'), ('XDG_MENU_PREFIX', 'gnome-'), ('XDG_RUNTIME_DIR', '/run/user/1000'), ('DISPLAY', ':0'), ('LANG', 'ru_RU.UTF-8'), ('LC_TELEPHONE', 'ru_RU.UTF-8'), ('XDG_CURRENT_DESKTOP', 'ubuntu:GNOME'), ('XAUTHORITY', '/run/user/1000/.mutter-Xwaylandauth.JLCEW2'), ('XDG_SESSION_DESKTOP', 'ubuntu'), ('XMODIFIERS', '@im'), ('AMENT_PREFIX_PATH', '/home/eragon/student133_ws/install/test_visualization:/home/eragon/student133_ws/install/test_subscriber:/home/eragon/student133_ws/install/test_service:/home/eragon/student133_ws/install/test_serial_communication:/home/eragon/student133_ws/install/test_publisher:/home/eragon/student133_ws/install/test_pkg:/home/eragon/student133_ws/install/test_parameters:/home/eragon/student133_ws/install/test_custom_publisher:/home/eragon/student133_ws/install/test_client:/home/eragon/student133_ws/install/test_castom_publisher:/home/eragon/student133_ws/install/custom_counter:/opt/ros/humble'), ('SSH_AGENT_LAUNCHER', 'gnome-keyring'), ('SSH_AUTH_SOCK', '/run/user/1000/keyring/ssh'), ('LC_NAME', 'ru_RU.UTF-8'), ('SHELL', '/bin/bash'), ('GDMSESSION', 'ubuntu'), ('QT_ACCESSIBILITY', '1'), ('LC_MEASUREMENT', 'ru_RU.UTF-8'), ('GJS_DEBUG_OUTPUT', 'stderr'), ('LC_IDENTIFICATION', 'ru_RU.UTF-8'), ('QT_IM_MODULE', 'ibus'), ('LC_ALL', 'en_US.UTF-8'), ('PWD', '/home/eragon/student133_ws/build/test_publisher'), ('QT_QPA_PLATFORM', 'xcb'), ('XDG_CONFIG_DIRS', '/etc/xdg/xdg-ubuntu:/etc/xdg'), ('XDG_DATA_DIRS', '/usr/share/ubuntu:/usr/local/share/:/usr/share/:/var/lib/snapd/desktop'), ('LC_NUMERIC', 'ru_RU.UTF-8'), ('PYTHONPATH', '/opt/ros/humble/lib/python3.10/site-packages:/opt/ros/humble/local/lib/python3.10/dist-packages'), ('LC_PAPER', 'ru_RU.UTF-8'), ('COLCON', '1'), ('CMAKE_PREFIX_PATH', '/home/eragon/student133_ws/install/test_visualization:/home/eragon/student133_ws/install/test_subscriber:/home/eragon/student133_ws/install/test_service:/home/eragon/student133_ws/install/test_serial_communication:/home/eragon/student133_ws/install/test_publisher:/home/eragon/student133_ws/install/test_pkg:/home/eragon/student133_ws/install/test_parameters:/home/eragon/student133_ws/install/test_custom_srv:/home/eragon/student133_ws/install/test_custom_publisher:/home/eragon/student133_ws/install/test_custom_msg:/home/eragon/student133_ws/install/test_client:/home/eragon/student133_ws/install/test_castom_publisher:/home/eragon/student133_ws/install/custom_counter:/opt/ros/humble')]), 'shell': False}
[0.845828] (test_subscriber) CommandEnded: {'returncode': 0}
[0.851716] (test_visualization) StdoutLine: {'line': b'[100%] Built target test_visualization_node\n'}
[0.852524] (test_service) CommandEnded: {'returncode': 0}
[0.858010] (test_custom_srv) StdoutLine: {'line': b'[100%] Built target ament_cmake_python_build_test_custom_srv_egg\n'}
[0.858910] (test_publisher) StdoutLine: {'line': b'-- Install configuration: "Debug"\n'}
[0.859099] (test_publisher) StdoutLine: {'line': b'-- Up-to-date: /home/eragon/student133_ws/install/test_publisher/lib/test_publisher/test_publisher_node\n'}
[0.859221] (test_publisher) StdoutLine: {'line': b'-- Up-to-date: /home/eragon/student133_ws/install/test_publisher/share/ament_index/resource_index/package_run_dependencies/test_publisher\n'}
[0.859338] (test_publisher) StdoutLine: {'line': b'-- Up-to-date: /home/eragon/student133_ws/install/test_publisher/share/ament_index/resource_index/parent_prefix_path/test_publisher\n'}
[0.859453] (test_publisher) StdoutLine: {'line': b'-- Up-to-date: /home/eragon/student133_ws/install/test_publisher/share/test_publisher/environment/ament_prefix_path.sh\n'}
[0.859563] (test_publisher) StdoutLine: {'line': b'-- Up-to-date: /home/eragon/student133_ws/install/test_publisher/share/test_publisher/environment/ament_prefix_path.dsv\n'}
[0.859671] (test_publisher) StdoutLine: {'line': b'-- Up-to-date: /home/eragon/student133_ws/install/test_publisher/share/test_publisher/environment/path.sh\n'}
[0.859779] (test_publisher) StdoutLine: {'line': b'-- Up-to-date: /home/eragon/student133_ws/install/test_publisher/share/test_publisher/environment/path.dsv\n'}
[0.859887] (test_publisher) StdoutLine: {'line': b'-- Up-to-date: /home/eragon/student133_ws/install/test_publisher/share/test_publisher/local_setup.bash\n'}
[0.860063] (test_publisher) StdoutLine: {'line': b'-- Up-to-date: /home/eragon/student133_ws/install/test_publisher/share/test_publisher/local_setup.sh\n'}
[0.860159] (test_publisher) StdoutLine: {'line': b'-- Up-to-date: /home/eragon/student133_ws/install/test_publisher/share/test_publisher/local_setup.zsh\n'}
[0.860260] (test_publisher) StdoutLine: {'line': b'-- Up-to-date: /home/eragon/student133_ws/install/test_publisher/share/test_publisher/local_setup.dsv\n'}
[0.860373] (test_publisher) StdoutLine: {'line': b'-- Installing: /home/eragon/student133_ws/install/test_publisher/share/test_publisher/package.dsv\n'}
[0.860518] (test_publisher) StdoutLine: {'line': b'-- Up-to-date: /home/eragon/student133_ws/install/test_publisher/share/ament_index/resource_index/packages/test_publisher\n'}
[0.864504] (test_publisher) StdoutLine: {'line': b'-- Up-to-date: /home/eragon/student133_ws/install/test_publisher/share/test_publisher/cmake/test_publisherConfig.cmake\n'}
[0.864745] (test_publisher) StdoutLine: {'line': b'-- Up-to-date: /home/eragon/student133_ws/install/test_publisher/share/test_publisher/cmake/test_publisherConfig-version.cmake\n'}
[0.864876] (test_publisher) StdoutLine: {'line': b'-- Up-to-date: /home/eragon/student133_ws/install/test_publisher/share/test_publisher/package.xml\n'}
[0.865778] (test_basic_publisher) StdoutLine: {'line': b"-- Using RMW implementation 'rmw_fastrtps_cpp' as default\n"}
[0.866700] (test_publisher) CommandEnded: {'returncode': 0}
[0.882835] (test_custom_msg) StdoutLine: {'line': b'[100%] Built target ament_cmake_python_build_test_custom_msg_egg\n'}
[0.883419] (test_visualization) CommandEnded: {'returncode': 0}
[0.891554] (test_custom_srv) CommandEnded: {'returncode': 0}
[0.904442] (test_custom_msg) CommandEnded: {'returncode': 0}
[0.913169] (test_subscriber) JobProgress: {'identifier': 'test_subscriber', 'progress': 'install'}
[0.913326] (test_subscriber) Command: {'cmd': ['/usr/bin/cmake', '--install', '/home/eragon/student133_ws/build/test_subscriber'], 'cwd': '/home/eragon/student133_ws/build/test_subscriber', 'env': OrderedDict([('GJS_DEBUG_TOPICS', 'JS ERROR;JS LOG'), ('LANGUAGE', 'ru'), ('LC_TIME', 'ru_RU.UTF-8'), ('USER', 'eragon'), ('XDG_SESSION_TYPE', 'wayland'), ('LD_LIBRARY_PATH', '/home/eragon/student133_ws/install/test_custom_srv/lib:/home/eragon/student133_ws/install/test_custom_msg/lib:/opt/ros/humble/opt/rviz_ogre_vendor/lib:/opt/ros/humble/lib/x86_64-linux-gnu:/opt/ros/humble/lib'), ('SHLVL', '1'), ('HOME', '/home/eragon'), ('DESKTOP_SESSION', 'ubuntu'), ('QTDIR', '/usr/lib/x86_64-linux-gnu/qt5'), ('GIO_LAUNCHED_DESKTOP_FILE', '/home/eragon/.local/share/applications/org.qt-project.qtcreator.desktop'), ('GNOME_SHELL_SESSION_MODE', 'ubuntu'), ('GTK_MODULES', 'gail:atk-bridge'), ('ROS_PYTHON_VERSION', '3'), ('LC_MONETARY', 'ru_RU.UTF-8'), ('MANAGERPID', '869'), ('DBUS_SESSION_BUS_ADDRESS', 'unix:path'), ('SYSTEMD_EXEC_PID', '1041'), ('GIO_LAUNCHED_DESKTOP_FILE_PID', '2694'), ('COLCON_PREFIX_PATH', '/home/eragon/student133_ws/install'), ('IM_CONFIG_PHASE', '1'), ('ROS_DISTRO', 'humble'), ('WAYLAND_DISPLAY', 'wayland-0'), ('LOGNAME', 'eragon'), ('JOURNAL_STREAM', '8:8864'), ('_', '/usr/bin/env'), ('ROS_VERSION', '2'), ('XDG_SESSION_CLASS', 'user'), ('QSG_RHI_BACKEND', 'opengl'), ('USERNAME', 'eragon'), ('GNOME_DESKTOP_SESSION_ID', 'this-is-deprecated'), ('ROS_LOCALHOST_ONLY', '0'), ('PATH', '/opt/ros/humble/bin:/home/eragon/.local/bin:/usr/local/sbin:/usr/local/bin:/usr/sbin:/usr/bin:/sbin:/bin:/usr/games:/usr/local/games:/snap/bin:/snap/bin'), ('INVOCATION_ID', '68df7faf19e64317b848cbed1cabd08b'), ('PAPERSIZE', 'a4'), ('SESSION_MANAGER', 'local/eragon-KPL-W0X:@/tmp/.ICE-unix/1015,unix/eragon-KPL-W0X:/tmp/.ICE-unix/1015'), ('GNOME_SETUP_DISPLAY', ':1'), ('LC_ADDRESS', 'ru_RU.UTF-8'), ('XDG_MENU_PREFIX', 'gnome-'), ('XDG_RUNTIME_DIR', '/run/user/1000'), ('DISPLAY', ':0'), ('LANG', 'ru_RU.UTF-8'), ('LC_TELEPHONE', 'ru_RU.UTF-8'), ('XDG_CURRENT_DESKTOP', 'ubuntu:GNOME'), ('XAUTHORITY', '/run/user/1000/.mutter-Xwaylandauth.JLCEW2'), ('XDG_SESSION_DESKTOP', 'ubuntu'), ('XMODIFIERS', '@im'), ('AMENT_PREFIX_PATH', '/home/eragon/student133_ws/install/test_visualization:/home/eragon/student133_ws/install/test_subscriber:/home/eragon/student133_ws/install/test_service:/home/eragon/student133_ws/install/test_serial_communication:/home/eragon/student133_ws/install/test_publisher:/home/eragon/student133_ws/install/test_pkg:/home/eragon/student133_ws/install/test_parameters:/home/eragon/student133_ws/install/test_custom_publisher:/home/eragon/student133_ws/install/test_client:/home/eragon/student133_ws/install/test_castom_publisher:/home/eragon/student133_ws/install/custom_counter:/opt/ros/humble'), ('SSH_AGENT_LAUNCHER', 'gnome-keyring'), ('SSH_AUTH_SOCK', '/run/user/1000/keyring/ssh'), ('LC_NAME', 'ru_RU.UTF-8'), ('SHELL', '/bin/bash'), ('GDMSESSION', 'ubuntu'), ('QT_ACCESSIBILITY', '1'), ('LC_MEASUREMENT', 'ru_RU.UTF-8'), ('GJS_DEBUG_OUTPUT', 'stderr'), ('LC_IDENTIFICATION', 'ru_RU.UTF-8'), ('QT_IM_MODULE', 'ibus'), ('LC_ALL', 'en_US.UTF-8'), ('PWD', '/home/eragon/student133_ws/build/test_subscriber'), ('QT_QPA_PLATFORM', 'xcb'), ('XDG_CONFIG_DIRS', '/etc/xdg/xdg-ubuntu:/etc/xdg'), ('XDG_DATA_DIRS', '/usr/share/ubuntu:/usr/local/share/:/usr/share/:/var/lib/snapd/desktop'), ('LC_NUMERIC', 'ru_RU.UTF-8'), ('PYTHONPATH', '/opt/ros/humble/lib/python3.10/site-packages:/opt/ros/humble/local/lib/python3.10/dist-packages'), ('LC_PAPER', 'ru_RU.UTF-8'), ('COLCON', '1'), ('CMAKE_PREFIX_PATH', '/home/eragon/student133_ws/install/test_visualization:/home/eragon/student133_ws/install/test_subscriber:/home/eragon/student133_ws/install/test_service:/home/eragon/student133_ws/install/test_serial_communication:/home/eragon/student133_ws/install/test_publisher:/home/eragon/student133_ws/install/test_pkg:/home/eragon/student133_ws/install/test_parameters:/home/eragon/student133_ws/install/test_custom_srv:/home/eragon/student133_ws/install/test_custom_publisher:/home/eragon/student133_ws/install/test_custom_msg:/home/eragon/student133_ws/install/test_client:/home/eragon/student133_ws/install/test_castom_publisher:/home/eragon/student133_ws/install/custom_counter:/opt/ros/humble')]), 'shell': False}
[0.916616] (test_service) JobProgress: {'identifier': 'test_service', 'progress': 'install'}
[0.916728] (test_service) Command: {'cmd': ['/usr/bin/cmake', '--install', '/home/eragon/student133_ws/build/test_service'], 'cwd': '/home/eragon/student133_ws/build/test_service', 'env': OrderedDict([('GJS_DEBUG_TOPICS', 'JS ERROR;JS LOG'), ('LANGUAGE', 'ru'), ('LC_TIME', 'ru_RU.UTF-8'), ('USER', 'eragon'), ('XDG_SESSION_TYPE', 'wayland'), ('LD_LIBRARY_PATH', '/home/eragon/student133_ws/install/test_custom_srv/lib:/home/eragon/student133_ws/install/test_custom_msg/lib:/opt/ros/humble/opt/rviz_ogre_vendor/lib:/opt/ros/humble/lib/x86_64-linux-gnu:/opt/ros/humble/lib'), ('SHLVL', '1'), ('HOME', '/home/eragon'), ('DESKTOP_SESSION', 'ubuntu'), ('QTDIR', '/usr/lib/x86_64-linux-gnu/qt5'), ('GIO_LAUNCHED_DESKTOP_FILE', '/home/eragon/.local/share/applications/org.qt-project.qtcreator.desktop'), ('GNOME_SHELL_SESSION_MODE', 'ubuntu'), ('GTK_MODULES', 'gail:atk-bridge'), ('ROS_PYTHON_VERSION', '3'), ('LC_MONETARY', 'ru_RU.UTF-8'), ('MANAGERPID', '869'), ('DBUS_SESSION_BUS_ADDRESS', 'unix:path'), ('SYSTEMD_EXEC_PID', '1041'), ('GIO_LAUNCHED_DESKTOP_FILE_PID', '2694'), ('COLCON_PREFIX_PATH', '/home/eragon/student133_ws/install'), ('IM_CONFIG_PHASE', '1'), ('ROS_DISTRO', 'humble'), ('WAYLAND_DISPLAY', 'wayland-0'), ('LOGNAME', 'eragon'), ('JOURNAL_STREAM', '8:8864'), ('_', '/usr/bin/env'), ('ROS_VERSION', '2'), ('XDG_SESSION_CLASS', 'user'), ('QSG_RHI_BACKEND', 'opengl'), ('USERNAME', 'eragon'), ('GNOME_DESKTOP_SESSION_ID', 'this-is-deprecated'), ('ROS_LOCALHOST_ONLY', '0'), ('PATH', '/opt/ros/humble/bin:/home/eragon/.local/bin:/usr/local/sbin:/usr/local/bin:/usr/sbin:/usr/bin:/sbin:/bin:/usr/games:/usr/local/games:/snap/bin:/snap/bin'), ('INVOCATION_ID', '68df7faf19e64317b848cbed1cabd08b'), ('PAPERSIZE', 'a4'), ('SESSION_MANAGER', 'local/eragon-KPL-W0X:@/tmp/.ICE-unix/1015,unix/eragon-KPL-W0X:/tmp/.ICE-unix/1015'), ('GNOME_SETUP_DISPLAY', ':1'), ('LC_ADDRESS', 'ru_RU.UTF-8'), ('XDG_MENU_PREFIX', 'gnome-'), ('XDG_RUNTIME_DIR', '/run/user/1000'), ('DISPLAY', ':0'), ('LANG', 'ru_RU.UTF-8'), ('LC_TELEPHONE', 'ru_RU.UTF-8'), ('XDG_CURRENT_DESKTOP', 'ubuntu:GNOME'), ('XAUTHORITY', '/run/user/1000/.mutter-Xwaylandauth.JLCEW2'), ('XDG_SESSION_DESKTOP', 'ubuntu'), ('XMODIFIERS', '@im'), ('AMENT_PREFIX_PATH', '/home/eragon/student133_ws/install/test_visualization:/home/eragon/student133_ws/install/test_subscriber:/home/eragon/student133_ws/install/test_service:/home/eragon/student133_ws/install/test_serial_communication:/home/eragon/student133_ws/install/test_publisher:/home/eragon/student133_ws/install/test_pkg:/home/eragon/student133_ws/install/test_parameters:/home/eragon/student133_ws/install/test_custom_publisher:/home/eragon/student133_ws/install/test_client:/home/eragon/student133_ws/install/test_castom_publisher:/home/eragon/student133_ws/install/custom_counter:/opt/ros/humble'), ('SSH_AGENT_LAUNCHER', 'gnome-keyring'), ('SSH_AUTH_SOCK', '/run/user/1000/keyring/ssh'), ('LC_NAME', 'ru_RU.UTF-8'), ('SHELL', '/bin/bash'), ('GDMSESSION', 'ubuntu'), ('QT_ACCESSIBILITY', '1'), ('LC_MEASUREMENT', 'ru_RU.UTF-8'), ('GJS_DEBUG_OUTPUT', 'stderr'), ('LC_IDENTIFICATION', 'ru_RU.UTF-8'), ('QT_IM_MODULE', 'ibus'), ('LC_ALL', 'en_US.UTF-8'), ('PWD', '/home/eragon/student133_ws/build/test_service'), ('QT_QPA_PLATFORM', 'xcb'), ('XDG_CONFIG_DIRS', '/etc/xdg/xdg-ubuntu:/etc/xdg'), ('XDG_DATA_DIRS', '/usr/share/ubuntu:/usr/local/share/:/usr/share/:/var/lib/snapd/desktop'), ('LC_NUMERIC', 'ru_RU.UTF-8'), ('PYTHONPATH', '/opt/ros/humble/lib/python3.10/site-packages:/opt/ros/humble/local/lib/python3.10/dist-packages'), ('LC_PAPER', 'ru_RU.UTF-8'), ('COLCON', '1'), ('CMAKE_PREFIX_PATH', '/home/eragon/student133_ws/install/test_visualization:/home/eragon/student133_ws/install/test_subscriber:/home/eragon/student133_ws/install/test_service:/home/eragon/student133_ws/install/test_serial_communication:/home/eragon/student133_ws/install/test_publisher:/home/eragon/student133_ws/install/test_pkg:/home/eragon/student133_ws/install/test_parameters:/home/eragon/student133_ws/install/test_custom_srv:/home/eragon/student133_ws/install/test_custom_publisher:/home/eragon/student133_ws/install/test_custom_msg:/home/eragon/student133_ws/install/test_client:/home/eragon/student133_ws/install/test_castom_publisher:/home/eragon/student133_ws/install/custom_counter:/opt/ros/humble')]), 'shell': False}
[0.920344] (-) TimerEvent: {}
[0.924490] (test_subscriber) StdoutLine: {'line': b'-- Install configuration: "Debug"\n'}
[0.924791] (test_subscriber) StdoutLine: {'line': b'-- Up-to-date: /home/eragon/student133_ws/install/test_subscriber/lib/test_subscriber/test_subscriber_node\n'}
[0.925773] (test_subscriber) StdoutLine: {'line': b'-- Up-to-date: /home/eragon/student133_ws/install/test_subscriber/lib/test_subscriber/Triangle_node\n'}
[0.926135] (test_subscriber) StdoutLine: {'line': b'-- Up-to-date: /home/eragon/student133_ws/install/test_subscriber/share/ament_index/resource_index/package_run_dependencies/test_subscriber\n'}
[0.926289] (test_subscriber) StdoutLine: {'line': b'-- Up-to-date: /home/eragon/student133_ws/install/test_subscriber/share/ament_index/resource_index/parent_prefix_path/test_subscriber\n'}
[0.926420] (test_subscriber) StdoutLine: {'line': b'-- Up-to-date: /home/eragon/student133_ws/install/test_subscriber/share/test_subscriber/environment/ament_prefix_path.sh\n'}
[0.926539] (test_subscriber) StdoutLine: {'line': b'-- Up-to-date: /home/eragon/student133_ws/install/test_subscriber/share/test_subscriber/environment/ament_prefix_path.dsv\n'}
[0.926652] (test_subscriber) StdoutLine: {'line': b'-- Up-to-date: /home/eragon/student133_ws/install/test_subscriber/share/test_subscriber/environment/path.sh\n'}
[0.926774] (test_subscriber) StdoutLine: {'line': b'-- Up-to-date: /home/eragon/student133_ws/install/test_subscriber/share/test_subscriber/environment/path.dsv\n'}
[0.926891] (test_subscriber) StdoutLine: {'line': b'-- Up-to-date: /home/eragon/student133_ws/install/test_subscriber/share/test_subscriber/local_setup.bash\n'}
[0.927431] (test_subscriber) StdoutLine: {'line': b'-- Up-to-date: /home/eragon/student133_ws/install/test_subscriber/share/test_subscriber/local_setup.sh\n'}
[0.927630] (test_subscriber) StdoutLine: {'line': b'-- Up-to-date: /home/eragon/student133_ws/install/test_subscriber/share/test_subscriber/local_setup.zsh\n'}
[0.927753] (test_subscriber) StdoutLine: {'line': b'-- Up-to-date: /home/eragon/student133_ws/install/test_subscriber/share/test_subscriber/local_setup.dsv\n'}
[0.927868] (test_subscriber) StdoutLine: {'line': b'-- Installing: /home/eragon/student133_ws/install/test_subscriber/share/test_subscriber/package.dsv\n'}
[0.928019] (test_subscriber) StdoutLine: {'line': b'-- Up-to-date: /home/eragon/student133_ws/install/test_subscriber/share/ament_index/resource_index/packages/test_subscriber\n'}
[0.928139] (test_subscriber) StdoutLine: {'line': b'-- Up-to-date: /home/eragon/student133_ws/install/test_subscriber/share/test_subscriber/cmake/test_subscriberConfig.cmake\n'}
[0.928259] (test_subscriber) StdoutLine: {'line': b'-- Up-to-date: /home/eragon/student133_ws/install/test_subscriber/share/test_subscriber/cmake/test_subscriberConfig-version.cmake\n'}
[0.928358] (test_subscriber) StdoutLine: {'line': b'-- Up-to-date: /home/eragon/student133_ws/install/test_subscriber/share/test_subscriber/package.xml\n'}
[0.931839] (test_subscriber) CommandEnded: {'returncode': 0}
[0.946270] (test_service) StdoutLine: {'line': b'-- Install configuration: "Debug"\n'}
[0.948506] (test_service) StdoutLine: {'line': b'-- Up-to-date: /home/eragon/student133_ws/install/test_service/lib/test_service/test_service_node\n'}
[0.948758] (test_service) StdoutLine: {'line': b'-- Up-to-date: /home/eragon/student133_ws/install/test_service/lib/test_service/service_triangle\n'}
[0.948922] (test_service) StdoutLine: {'line': b'-- Up-to-date: /home/eragon/student133_ws/install/test_service/share/ament_index/resource_index/package_run_dependencies/test_service\n'}
[0.949194] (test_service) StdoutLine: {'line': b'-- Up-to-date: /home/eragon/student133_ws/install/test_service/share/ament_index/resource_index/parent_prefix_path/test_service\n'}
[0.949352] (test_service) StdoutLine: {'line': b'-- Up-to-date: /home/eragon/student133_ws/install/test_service/share/test_service/environment/ament_prefix_path.sh\n'}
[0.949505] (test_service) StdoutLine: {'line': b'-- Up-to-date: /home/eragon/student133_ws/install/test_service/share/test_service/environment/ament_prefix_path.dsv\n'}
[0.949617] (test_service) StdoutLine: {'line': b'-- Up-to-date: /home/eragon/student133_ws/install/test_service/share/test_service/environment/path.sh\n'}
[0.949726] (test_service) StdoutLine: {'line': b'-- Up-to-date: /home/eragon/student133_ws/install/test_service/share/test_service/environment/path.dsv\n'}
[0.949828] (test_service) StdoutLine: {'line': b'-- Up-to-date: /home/eragon/student133_ws/install/test_service/share/test_service/local_setup.bash\n'}
[0.949980] (test_service) StdoutLine: {'line': b'-- Up-to-date: /home/eragon/student133_ws/install/test_service/share/test_service/local_setup.sh\n'}
[0.950129] (test_service) StdoutLine: {'line': b'-- Up-to-date: /home/eragon/student133_ws/install/test_service/share/test_service/local_setup.zsh\n'}
[0.950254] (test_service) StdoutLine: {'line': b'-- Up-to-date: /home/eragon/student133_ws/install/test_service/share/test_service/local_setup.dsv\n'}
[0.950362] (test_service) StdoutLine: {'line': b'-- Installing: /home/eragon/student133_ws/install/test_service/share/test_service/package.dsv\n'}
[0.950467] (test_service) StdoutLine: {'line': b'-- Up-to-date: /home/eragon/student133_ws/install/test_service/share/ament_index/resource_index/packages/test_service\n'}
[0.950569] (test_service) StdoutLine: {'line': b'-- Up-to-date: /home/eragon/student133_ws/install/test_service/share/test_service/cmake/test_serviceConfig.cmake\n'}
[0.950670] (test_service) StdoutLine: {'line': b'-- Up-to-date: /home/eragon/student133_ws/install/test_service/share/test_service/cmake/test_serviceConfig-version.cmake\n'}
[0.950761] (test_service) StdoutLine: {'line': b'-- Up-to-date: /home/eragon/student133_ws/install/test_service/share/test_service/package.xml\n'}
[0.950839] (test_service) CommandEnded: {'returncode': 0}
[0.969913] (test_visualization) JobProgress: {'identifier': 'test_visualization', 'progress': 'install'}
[0.970052] (test_visualization) Command: {'cmd': ['/usr/bin/cmake', '--install', '/home/eragon/student133_ws/build/test_visualization'], 'cwd': '/home/eragon/student133_ws/build/test_visualization', 'env': OrderedDict([('GJS_DEBUG_TOPICS', 'JS ERROR;JS LOG'), ('LANGUAGE', 'ru'), ('LC_TIME', 'ru_RU.UTF-8'), ('USER', 'eragon'), ('XDG_SESSION_TYPE', 'wayland'), ('LD_LIBRARY_PATH', '/home/eragon/student133_ws/install/test_custom_srv/lib:/home/eragon/student133_ws/install/test_custom_msg/lib:/opt/ros/humble/opt/rviz_ogre_vendor/lib:/opt/ros/humble/lib/x86_64-linux-gnu:/opt/ros/humble/lib'), ('SHLVL', '1'), ('HOME', '/home/eragon'), ('DESKTOP_SESSION', 'ubuntu'), ('QTDIR', '/usr/lib/x86_64-linux-gnu/qt5'), ('GIO_LAUNCHED_DESKTOP_FILE', '/home/eragon/.local/share/applications/org.qt-project.qtcreator.desktop'), ('GNOME_SHELL_SESSION_MODE', 'ubuntu'), ('GTK_MODULES', 'gail:atk-bridge'), ('ROS_PYTHON_VERSION', '3'), ('LC_MONETARY', 'ru_RU.UTF-8'), ('MANAGERPID', '869'), ('DBUS_SESSION_BUS_ADDRESS', 'unix:path'), ('SYSTEMD_EXEC_PID', '1041'), ('GIO_LAUNCHED_DESKTOP_FILE_PID', '2694'), ('COLCON_PREFIX_PATH', '/home/eragon/student133_ws/install'), ('IM_CONFIG_PHASE', '1'), ('ROS_DISTRO', 'humble'), ('WAYLAND_DISPLAY', 'wayland-0'), ('LOGNAME', 'eragon'), ('JOURNAL_STREAM', '8:8864'), ('_', '/usr/bin/env'), ('ROS_VERSION', '2'), ('XDG_SESSION_CLASS', 'user'), ('QSG_RHI_BACKEND', 'opengl'), ('USERNAME', 'eragon'), ('GNOME_DESKTOP_SESSION_ID', 'this-is-deprecated'), ('ROS_LOCALHOST_ONLY', '0'), ('PATH', '/opt/ros/humble/bin:/home/eragon/.local/bin:/usr/local/sbin:/usr/local/bin:/usr/sbin:/usr/bin:/sbin:/bin:/usr/games:/usr/local/games:/snap/bin:/snap/bin'), ('INVOCATION_ID', '68df7faf19e64317b848cbed1cabd08b'), ('PAPERSIZE', 'a4'), ('SESSION_MANAGER', 'local/eragon-KPL-W0X:@/tmp/.ICE-unix/1015,unix/eragon-KPL-W0X:/tmp/.ICE-unix/1015'), ('GNOME_SETUP_DISPLAY', ':1'), ('LC_ADDRESS', 'ru_RU.UTF-8'), ('XDG_MENU_PREFIX', 'gnome-'), ('XDG_RUNTIME_DIR', '/run/user/1000'), ('DISPLAY', ':0'), ('LANG', 'ru_RU.UTF-8'), ('LC_TELEPHONE', 'ru_RU.UTF-8'), ('XDG_CURRENT_DESKTOP', 'ubuntu:GNOME'), ('XAUTHORITY', '/run/user/1000/.mutter-Xwaylandauth.JLCEW2'), ('XDG_SESSION_DESKTOP', 'ubuntu'), ('XMODIFIERS', '@im'), ('AMENT_PREFIX_PATH', '/home/eragon/student133_ws/install/test_visualization:/home/eragon/student133_ws/install/test_subscriber:/home/eragon/student133_ws/install/test_service:/home/eragon/student133_ws/install/test_serial_communication:/home/eragon/student133_ws/install/test_publisher:/home/eragon/student133_ws/install/test_pkg:/home/eragon/student133_ws/install/test_parameters:/home/eragon/student133_ws/install/test_custom_publisher:/home/eragon/student133_ws/install/test_client:/home/eragon/student133_ws/install/test_castom_publisher:/home/eragon/student133_ws/install/custom_counter:/opt/ros/humble'), ('SSH_AGENT_LAUNCHER', 'gnome-keyring'), ('SSH_AUTH_SOCK', '/run/user/1000/keyring/ssh'), ('LC_NAME', 'ru_RU.UTF-8'), ('SHELL', '/bin/bash'), ('GDMSESSION', 'ubuntu'), ('QT_ACCESSIBILITY', '1'), ('LC_MEASUREMENT', 'ru_RU.UTF-8'), ('GJS_DEBUG_OUTPUT', 'stderr'), ('LC_IDENTIFICATION', 'ru_RU.UTF-8'), ('QT_IM_MODULE', 'ibus'), ('LC_ALL', 'en_US.UTF-8'), ('PWD', '/home/eragon/student133_ws/build/test_visualization'), ('QT_QPA_PLATFORM', 'xcb'), ('XDG_CONFIG_DIRS', '/etc/xdg/xdg-ubuntu:/etc/xdg'), ('XDG_DATA_DIRS', '/usr/share/ubuntu:/usr/local/share/:/usr/share/:/var/lib/snapd/desktop'), ('LC_NUMERIC', 'ru_RU.UTF-8'), ('PYTHONPATH', '/opt/ros/humble/lib/python3.10/site-packages:/opt/ros/humble/local/lib/python3.10/dist-packages'), ('LC_PAPER', 'ru_RU.UTF-8'), ('COLCON', '1'), ('CMAKE_PREFIX_PATH', '/home/eragon/student133_ws/install/test_visualization:/home/eragon/student133_ws/install/test_subscriber:/home/eragon/student133_ws/install/test_service:/home/eragon/student133_ws/install/test_serial_communication:/home/eragon/student133_ws/install/test_publisher:/home/eragon/student133_ws/install/test_pkg:/home/eragon/student133_ws/install/test_parameters:/home/eragon/student133_ws/install/test_custom_srv:/home/eragon/student133_ws/install/test_custom_publisher:/home/eragon/student133_ws/install/test_custom_msg:/home/eragon/student133_ws/install/test_client:/home/eragon/student133_ws/install/test_castom_publisher:/home/eragon/student133_ws/install/custom_counter:/opt/ros/humble')]), 'shell': False}
[0.985885] (test_publisher) JobEnded: {'identifier': 'test_publisher', 'rc': 0}
[0.987919] (test_basic_publisher) StdoutLine: {'line': b'-- Found ament_lint_auto: 0.12.11 (/opt/ros/humble/share/ament_lint_auto/cmake)\n'}
[0.988126] (test_tf_broadcaster) StdoutLine: {'line': b'-- Found rclcpp: 16.0.10 (/opt/ros/humble/share/rclcpp/cmake)\n'}
[0.988278] (test_visualization) StdoutLine: {'line': b'-- Install configuration: "Debug"\n'}
[0.988405] (test_visualization) StdoutLine: {'line': b'-- Up-to-date: /home/eragon/student133_ws/install/test_visualization/lib/test_visualization/test_visualization_node\n'}
[0.988512] (test_visualization) StdoutLine: {'line': b'-- Up-to-date: /home/eragon/student133_ws/install/test_visualization/share/ament_index/resource_index/package_run_dependencies/test_visualization\n'}
[0.988611] (test_visualization) StdoutLine: {'line': b'-- Up-to-date: /home/eragon/student133_ws/install/test_visualization/share/ament_index/resource_index/parent_prefix_path/test_visualization\n'}
[0.988720] (test_visualization) StdoutLine: {'line': b'-- Up-to-date: /home/eragon/student133_ws/install/test_visualization/share/test_visualization/environment/ament_prefix_path.sh\n'}
[0.988823] (test_visualization) StdoutLine: {'line': b'-- Up-to-date: /home/eragon/student133_ws/install/test_visualization/share/test_visualization/environment/ament_prefix_path.dsv\n'}
[0.988953] (test_visualization) StdoutLine: {'line': b'-- Up-to-date: /home/eragon/student133_ws/install/test_visualization/share/test_visualization/environment/path.sh\n'}
[0.989074] (test_visualization) StdoutLine: {'line': b'-- Up-to-date: /home/eragon/student133_ws/install/test_visualization/share/test_visualization/environment/path.dsv\n'}
[0.989176] (test_visualization) StdoutLine: {'line': b'-- Up-to-date: /home/eragon/student133_ws/install/test_visualization/share/test_visualization/local_setup.bash\n'}
[0.989275] (test_visualization) StdoutLine: {'line': b'-- Up-to-date: /home/eragon/student133_ws/install/test_visualization/share/test_visualization/local_setup.sh\n'}
[0.989367] (test_visualization) StdoutLine: {'line': b'-- Up-to-date: /home/eragon/student133_ws/install/test_visualization/share/test_visualization/local_setup.zsh\n'}
[0.989466] (test_visualization) StdoutLine: {'line': b'-- Up-to-date: /home/eragon/student133_ws/install/test_visualization/share/test_visualization/local_setup.dsv\n'}
[0.989567] (test_visualization) StdoutLine: {'line': b'-- Installing: /home/eragon/student133_ws/install/test_visualization/share/test_visualization/package.dsv\n'}
[0.990972] (test_visualization) StdoutLine: {'line': b'-- Up-to-date: /home/eragon/student133_ws/install/test_visualization/share/ament_index/resource_index/packages/test_visualization\n'}
[0.991210] (test_visualization) StdoutLine: {'line': b'-- Up-to-date: /home/eragon/student133_ws/install/test_visualization/share/test_visualization/cmake/test_visualizationConfig.cmake\n'}
[0.991312] (test_visualization) StdoutLine: {'line': b'-- Up-to-date: /home/eragon/student133_ws/install/test_visualization/share/test_visualization/cmake/test_visualizationConfig-version.cmake\n'}
[0.991417] (test_visualization) StdoutLine: {'line': b'-- Up-to-date: /home/eragon/student133_ws/install/test_visualization/share/test_visualization/package.xml\n'}
[0.993978] (test_visualization) CommandEnded: {'returncode': 0}
[1.019082] (test_subscriber) JobEnded: {'identifier': 'test_subscriber', 'rc': 0}
[1.020439] (-) TimerEvent: {}
[1.035111] (test_service) JobEnded: {'identifier': 'test_service', 'rc': 0}
[1.037614] (test_tf_broadcaster) StdoutLine: {'line': b'-- Found rosidl_generator_c: 3.1.5 (/opt/ros/humble/share/rosidl_generator_c/cmake)\n'}
[1.041447] (test_tf_broadcaster) StdoutLine: {'line': b'-- Found rosidl_adapter: 3.1.5 (/opt/ros/humble/share/rosidl_adapter/cmake)\n'}
[1.044412] (test_custom_srv) JobProgress: {'identifier': 'test_custom_srv', 'progress': 'install'}
[1.044544] (test_custom_srv) Command: {'cmd': ['/usr/bin/cmake', '--install', '/home/eragon/student133_ws/build/test_custom_srv'], 'cwd': '/home/eragon/student133_ws/build/test_custom_srv', 'env': OrderedDict([('GJS_DEBUG_TOPICS', 'JS ERROR;JS LOG'), ('LANGUAGE', 'ru'), ('LC_TIME', 'ru_RU.UTF-8'), ('USER', 'eragon'), ('XDG_SESSION_TYPE', 'wayland'), ('LD_LIBRARY_PATH', '/home/eragon/student133_ws/install/test_custom_srv/lib:/home/eragon/student133_ws/install/test_custom_msg/lib:/opt/ros/humble/opt/rviz_ogre_vendor/lib:/opt/ros/humble/lib/x86_64-linux-gnu:/opt/ros/humble/lib'), ('SHLVL', '1'), ('HOME', '/home/eragon'), ('DESKTOP_SESSION', 'ubuntu'), ('QTDIR', '/usr/lib/x86_64-linux-gnu/qt5'), ('GIO_LAUNCHED_DESKTOP_FILE', '/home/eragon/.local/share/applications/org.qt-project.qtcreator.desktop'), ('GNOME_SHELL_SESSION_MODE', 'ubuntu'), ('GTK_MODULES', 'gail:atk-bridge'), ('ROS_PYTHON_VERSION', '3'), ('LC_MONETARY', 'ru_RU.UTF-8'), ('MANAGERPID', '869'), ('DBUS_SESSION_BUS_ADDRESS', 'unix:path'), ('SYSTEMD_EXEC_PID', '1041'), ('GIO_LAUNCHED_DESKTOP_FILE_PID', '2694'), ('COLCON_PREFIX_PATH', '/home/eragon/student133_ws/install'), ('IM_CONFIG_PHASE', '1'), ('ROS_DISTRO', 'humble'), ('WAYLAND_DISPLAY', 'wayland-0'), ('LOGNAME', 'eragon'), ('JOURNAL_STREAM', '8:8864'), ('_', '/usr/bin/env'), ('ROS_VERSION', '2'), ('XDG_SESSION_CLASS', 'user'), ('QSG_RHI_BACKEND', 'opengl'), ('USERNAME', 'eragon'), ('GNOME_DESKTOP_SESSION_ID', 'this-is-deprecated'), ('ROS_LOCALHOST_ONLY', '0'), ('PATH', '/opt/ros/humble/bin:/home/eragon/.local/bin:/usr/local/sbin:/usr/local/bin:/usr/sbin:/usr/bin:/sbin:/bin:/usr/games:/usr/local/games:/snap/bin:/snap/bin'), ('INVOCATION_ID', '68df7faf19e64317b848cbed1cabd08b'), ('PAPERSIZE', 'a4'), ('SESSION_MANAGER', 'local/eragon-KPL-W0X:@/tmp/.ICE-unix/1015,unix/eragon-KPL-W0X:/tmp/.ICE-unix/1015'), ('GNOME_SETUP_DISPLAY', ':1'), ('LC_ADDRESS', 'ru_RU.UTF-8'), ('XDG_MENU_PREFIX', 'gnome-'), ('XDG_RUNTIME_DIR', '/run/user/1000'), ('DISPLAY', ':0'), ('LANG', 'ru_RU.UTF-8'), ('LC_TELEPHONE', 'ru_RU.UTF-8'), ('XDG_CURRENT_DESKTOP', 'ubuntu:GNOME'), ('XAUTHORITY', '/run/user/1000/.mutter-Xwaylandauth.JLCEW2'), ('XDG_SESSION_DESKTOP', 'ubuntu'), ('XMODIFIERS', '@im'), ('AMENT_PREFIX_PATH', '/home/eragon/student133_ws/install/test_visualization:/home/eragon/student133_ws/install/test_subscriber:/home/eragon/student133_ws/install/test_service:/home/eragon/student133_ws/install/test_serial_communication:/home/eragon/student133_ws/install/test_publisher:/home/eragon/student133_ws/install/test_pkg:/home/eragon/student133_ws/install/test_parameters:/home/eragon/student133_ws/install/test_custom_publisher:/home/eragon/student133_ws/install/test_client:/home/eragon/student133_ws/install/test_castom_publisher:/home/eragon/student133_ws/install/custom_counter:/opt/ros/humble'), ('SSH_AGENT_LAUNCHER', 'gnome-keyring'), ('SSH_AUTH_SOCK', '/run/user/1000/keyring/ssh'), ('LC_NAME', 'ru_RU.UTF-8'), ('SHELL', '/bin/bash'), ('GDMSESSION', 'ubuntu'), ('QT_ACCESSIBILITY', '1'), ('LC_MEASUREMENT', 'ru_RU.UTF-8'), ('GJS_DEBUG_OUTPUT', 'stderr'), ('LC_IDENTIFICATION', 'ru_RU.UTF-8'), ('QT_IM_MODULE', 'ibus'), ('LC_ALL', 'en_US.UTF-8'), ('PWD', '/home/eragon/student133_ws/build/test_custom_srv'), ('QT_QPA_PLATFORM', 'xcb'), ('XDG_CONFIG_DIRS', '/etc/xdg/xdg-ubuntu:/etc/xdg'), ('XDG_DATA_DIRS', '/usr/share/ubuntu:/usr/local/share/:/usr/share/:/var/lib/snapd/desktop'), ('LC_NUMERIC', 'ru_RU.UTF-8'), ('PYTHONPATH', '/opt/ros/humble/lib/python3.10/site-packages:/opt/ros/humble/local/lib/python3.10/dist-packages'), ('LC_PAPER', 'ru_RU.UTF-8'), ('COLCON', '1'), ('CMAKE_PREFIX_PATH', '/home/eragon/student133_ws/install/test_visualization:/home/eragon/student133_ws/install/test_subscriber:/home/eragon/student133_ws/install/test_service:/home/eragon/student133_ws/install/test_serial_communication:/home/eragon/student133_ws/install/test_publisher:/home/eragon/student133_ws/install/test_pkg:/home/eragon/student133_ws/install/test_parameters:/home/eragon/student133_ws/install/test_custom_srv:/home/eragon/student133_ws/install/test_custom_publisher:/home/eragon/student133_ws/install/test_custom_msg:/home/eragon/student133_ws/install/test_client:/home/eragon/student133_ws/install/test_castom_publisher:/home/eragon/student133_ws/install/custom_counter:/opt/ros/humble')]), 'shell': False}
[1.063376] (test_visualization) JobEnded: {'identifier': 'test_visualization', 'rc': 0}
[1.066504] (test_tf_broadcaster) StdoutLine: {'line': b'-- Found rosidl_generator_cpp: 3.1.5 (/opt/ros/humble/share/rosidl_generator_cpp/cmake)\n'}
[1.067676] (test_custom_srv) StdoutLine: {'line': b'-- Install configuration: "Debug"\n'}
[1.067848] (test_custom_srv) StdoutLine: {'line': b'-- Up-to-date: /home/eragon/student133_ws/install/test_custom_srv/share/ament_index/resource_index/rosidl_interfaces/test_custom_srv\n'}
[1.067975] (test_custom_srv) StdoutLine: {'line': b'-- Up-to-date: /home/eragon/student133_ws/install/test_custom_srv/include/test_custom_srv/test_custom_srv\n'}
[1.068072] (test_custom_srv) StdoutLine: {'line': b'-- Up-to-date: /home/eragon/student133_ws/install/test_custom_srv/include/test_custom_srv/test_custom_srv/srv\n'}
[1.068186] (test_custom_srv) StdoutLine: {'line': b'-- Up-to-date: /home/eragon/student133_ws/install/test_custom_srv/include/test_custom_srv/test_custom_srv/srv/detail\n'}
[1.068290] (test_custom_srv) StdoutLine: {'line': b'-- Up-to-date: /home/eragon/student133_ws/install/test_custom_srv/include/test_custom_srv/test_custom_srv/srv/detail/triangle_square__type_support.h\n'}
[1.068395] (test_custom_srv) StdoutLine: {'line': b'-- Up-to-date: /home/eragon/student133_ws/install/test_custom_srv/include/test_custom_srv/test_custom_srv/srv/detail/circle_square__functions.c\n'}
[1.068499] (test_custom_srv) StdoutLine: {'line': b'-- Up-to-date: /home/eragon/student133_ws/install/test_custom_srv/include/test_custom_srv/test_custom_srv/srv/detail/circle_square__struct.h\n'}
[1.068601] (test_custom_srv) StdoutLine: {'line': b'-- Up-to-date: /home/eragon/student133_ws/install/test_custom_srv/include/test_custom_srv/test_custom_srv/srv/detail/triangle_square__functions.c\n'}
[1.068709] (test_custom_srv) StdoutLine: {'line': b'-- Up-to-date: /home/eragon/student133_ws/install/test_custom_srv/include/test_custom_srv/test_custom_srv/srv/detail/triangle_square__struct.h\n'}
[1.068813] (test_custom_srv) StdoutLine: {'line': b'-- Up-to-date: /home/eragon/student133_ws/install/test_custom_srv/include/test_custom_srv/test_custom_srv/srv/detail/circle_square__type_support.h\n'}
[1.068928] (test_custom_srv) StdoutLine: {'line': b'-- Up-to-date: /home/eragon/student133_ws/install/test_custom_srv/include/test_custom_srv/test_custom_srv/srv/detail/triangle_square__functions.h\n'}
[1.069047] (test_custom_srv) StdoutLine: {'line': b'-- Up-to-date: /home/eragon/student133_ws/install/test_custom_srv/include/test_custom_srv/test_custom_srv/srv/detail/circle_square__functions.h\n'}
[1.069156] (test_custom_srv) StdoutLine: {'line': b'-- Up-to-date: /home/eragon/student133_ws/install/test_custom_srv/include/test_custom_srv/test_custom_srv/srv/circle_square.h\n'}
[1.069268] (test_custom_srv) StdoutLine: {'line': b'-- Up-to-date: /home/eragon/student133_ws/install/test_custom_srv/include/test_custom_srv/test_custom_srv/srv/triangle_square.h\n'}
[1.069389] (test_custom_srv) StdoutLine: {'line': b'-- Up-to-date: /home/eragon/student133_ws/install/test_custom_srv/include/test_custom_srv/test_custom_srv/msg\n'}
[1.069494] (test_custom_srv) StdoutLine: {'line': b'-- Up-to-date: /home/eragon/student133_ws/install/test_custom_srv/include/test_custom_srv/test_custom_srv/msg/rosidl_generator_c__visibility_control.h\n'}
[1.069593] (test_custom_srv) StdoutLine: {'line': b'-- Up-to-date: /home/eragon/student133_ws/install/test_custom_srv/share/test_custom_srv/environment/library_path.sh\n'}
[1.069695] (test_custom_srv) StdoutLine: {'line': b'-- Up-to-date: /home/eragon/student133_ws/install/test_custom_srv/share/test_custom_srv/environment/library_path.dsv\n'}
[1.069793] (test_custom_srv) StdoutLine: {'line': b'-- Up-to-date: /home/eragon/student133_ws/install/test_custom_srv/lib/libtest_custom_srv__rosidl_generator_c.so\n'}
[1.069889] (test_custom_srv) StdoutLine: {'line': b'-- Up-to-date: /home/eragon/student133_ws/install/test_custom_srv/include/test_custom_srv/test_custom_srv\n'}
[1.070034] (test_custom_srv) StdoutLine: {'line': b'-- Up-to-date: /home/eragon/student133_ws/install/test_custom_srv/include/test_custom_srv/test_custom_srv/srv\n'}
[1.070137] (test_custom_srv) StdoutLine: {'line': b'-- Up-to-date: /home/eragon/student133_ws/install/test_custom_srv/include/test_custom_srv/test_custom_srv/srv/detail\n'}
[1.070271] (test_custom_srv) StdoutLine: {'line': b'-- Up-to-date: /home/eragon/student133_ws/install/test_custom_srv/include/test_custom_srv/test_custom_srv/srv/detail/triangle_square__rosidl_typesupport_fastrtps_c.h\n'}
[1.070372] (test_custom_srv) StdoutLine: {'line': b'-- Up-to-date: /home/eragon/student133_ws/install/test_custom_srv/include/test_custom_srv/test_custom_srv/srv/detail/circle_square__rosidl_typesupport_fastrtps_c.h\n'}
[1.070477] (test_custom_srv) StdoutLine: {'line': b'-- Up-to-date: /home/eragon/student133_ws/install/test_custom_srv/include/test_custom_srv/test_custom_srv/msg\n'}
[1.070590] (test_custom_srv) StdoutLine: {'line': b'-- Up-to-date: /home/eragon/student133_ws/install/test_custom_srv/include/test_custom_srv/test_custom_srv/msg/rosidl_typesupport_fastrtps_c__visibility_control.h\n'}
[1.070695] (test_custom_srv) StdoutLine: {'line': b'-- Up-to-date: /home/eragon/student133_ws/install/test_custom_srv/lib/libtest_custom_srv__rosidl_typesupport_fastrtps_c.so\n'}
[1.070802] (test_custom_srv) StdoutLine: {'line': b'-- Up-to-date: /home/eragon/student133_ws/install/test_custom_srv/include/test_custom_srv/test_custom_srv\n'}
[1.070939] (test_custom_srv) StdoutLine: {'line': b'-- Up-to-date: /home/eragon/student133_ws/install/test_custom_srv/include/test_custom_srv/test_custom_srv/srv\n'}
[1.071079] (test_custom_srv) StdoutLine: {'line': b'-- Up-to-date: /home/eragon/student133_ws/install/test_custom_srv/include/test_custom_srv/test_custom_srv/srv/detail\n'}
[1.071187] (test_custom_srv) StdoutLine: {'line': b'-- Up-to-date: /home/eragon/student133_ws/install/test_custom_srv/include/test_custom_srv/test_custom_srv/srv/detail/circle_square__rosidl_typesupport_introspection_c.h\n'}
[1.071292] (test_custom_srv) StdoutLine: {'line': b'-- Up-to-date: /home/eragon/student133_ws/install/test_custom_srv/include/test_custom_srv/test_custom_srv/srv/detail/circle_square__type_support.c\n'}
[1.071416] (test_custom_srv) StdoutLine: {'line': b'-- Up-to-date: /home/eragon/student133_ws/install/test_custom_srv/include/test_custom_srv/test_custom_srv/srv/detail/triangle_square__type_support.c\n'}
[1.071525] (test_custom_srv) StdoutLine: {'line': b'-- Up-to-date: /home/eragon/student133_ws/install/test_custom_srv/include/test_custom_srv/test_custom_srv/srv/detail/triangle_square__rosidl_typesupport_introspection_c.h\n'}
[1.071637] (test_custom_srv) StdoutLine: {'line': b'-- Up-to-date: /home/eragon/student133_ws/install/test_custom_srv/include/test_custom_srv/test_custom_srv/msg\n'}
[1.071751] (test_custom_srv) StdoutLine: {'line': b'-- Up-to-date: /home/eragon/student133_ws/install/test_custom_srv/include/test_custom_srv/test_custom_srv/msg/rosidl_typesupport_introspection_c__visibility_control.h\n'}
[1.071861] (test_custom_srv) StdoutLine: {'line': b'-- Up-to-date: /home/eragon/student133_ws/install/test_custom_srv/lib/libtest_custom_srv__rosidl_typesupport_introspection_c.so\n'}
[1.072210] (test_custom_srv) StdoutLine: {'line': b'-- Up-to-date: /home/eragon/student133_ws/install/test_custom_srv/lib/libtest_custom_srv__rosidl_typesupport_c.so\n'}
[1.072336] (test_custom_srv) StdoutLine: {'line': b'-- Up-to-date: /home/eragon/student133_ws/install/test_custom_srv/include/test_custom_srv/test_custom_srv\n'}
[1.072444] (test_custom_srv) StdoutLine: {'line': b'-- Up-to-date: /home/eragon/student133_ws/install/test_custom_srv/include/test_custom_srv/test_custom_srv/srv\n'}
[1.072555] (test_custom_srv) StdoutLine: {'line': b'-- Up-to-date: /home/eragon/student133_ws/install/test_custom_srv/include/test_custom_srv/test_custom_srv/srv/detail\n'}
[1.072664] (test_custom_srv) StdoutLine: {'line': b'-- Up-to-date: /home/eragon/student133_ws/install/test_custom_srv/include/test_custom_srv/test_custom_srv/srv/detail/circle_square__builder.hpp\n'}
[1.072772] (test_custom_srv) StdoutLine: {'line': b'-- Up-to-date: /home/eragon/student133_ws/install/test_custom_srv/include/test_custom_srv/test_custom_srv/srv/detail/circle_square__struct.hpp\n'}
[1.072928] (test_custom_srv) StdoutLine: {'line': b'-- Up-to-date: /home/eragon/student133_ws/install/test_custom_srv/include/test_custom_srv/test_custom_srv/srv/detail/triangle_square__traits.hpp\n'}
[1.073060] (test_custom_srv) StdoutLine: {'line': b'-- Up-to-date: /home/eragon/student133_ws/install/test_custom_srv/include/test_custom_srv/test_custom_srv/srv/detail/circle_square__traits.hpp\n'}
[1.073162] (test_custom_srv) StdoutLine: {'line': b'-- Up-to-date: /home/eragon/student133_ws/install/test_custom_srv/include/test_custom_srv/test_custom_srv/srv/detail/triangle_square__struct.hpp\n'}
[1.073267] (test_custom_srv) StdoutLine: {'line': b'-- Up-to-date: /home/eragon/student133_ws/install/test_custom_srv/include/test_custom_srv/test_custom_srv/srv/detail/triangle_square__builder.hpp\n'}
[1.073381] (test_custom_srv) StdoutLine: {'line': b'-- Up-to-date: /home/eragon/student133_ws/install/test_custom_srv/include/test_custom_srv/test_custom_srv/srv/circle_square.hpp\n'}
[1.073488] (test_custom_srv) StdoutLine: {'line': b'-- Up-to-date: /home/eragon/student133_ws/install/test_custom_srv/include/test_custom_srv/test_custom_srv/srv/triangle_square.hpp\n'}
[1.073592] (test_custom_srv) StdoutLine: {'line': b'-- Up-to-date: /home/eragon/student133_ws/install/test_custom_srv/include/test_custom_srv/test_custom_srv\n'}
[1.073700] (test_custom_srv) StdoutLine: {'line': b'-- Up-to-date: /home/eragon/student133_ws/install/test_custom_srv/include/test_custom_srv/test_custom_srv/srv\n'}
[1.073808] (test_custom_srv) StdoutLine: {'line': b'-- Up-to-date: /home/eragon/student133_ws/install/test_custom_srv/include/test_custom_srv/test_custom_srv/srv/detail\n'}
[1.073925] (test_custom_srv) StdoutLine: {'line': b'-- Up-to-date: /home/eragon/student133_ws/install/test_custom_srv/include/test_custom_srv/test_custom_srv/srv/detail/circle_square__rosidl_typesupport_fastrtps_cpp.hpp\n'}
[1.074074] (test_custom_srv) StdoutLine: {'line': b'-- Up-to-date: /home/eragon/student133_ws/install/test_custom_srv/include/test_custom_srv/test_custom_srv/srv/detail/triangle_square__rosidl_typesupport_fastrtps_cpp.hpp\n'}
[1.074175] (test_custom_srv) StdoutLine: {'line': b'-- Up-to-date: /home/eragon/student133_ws/install/test_custom_srv/include/test_custom_srv/test_custom_srv/srv/detail/dds_fastrtps\n'}
[1.074287] (test_custom_srv) StdoutLine: {'line': b'-- Up-to-date: /home/eragon/student133_ws/install/test_custom_srv/include/test_custom_srv/test_custom_srv/msg\n'}
[1.074393] (test_custom_srv) StdoutLine: {'line': b'-- Up-to-date: /home/eragon/student133_ws/install/test_custom_srv/include/test_custom_srv/test_custom_srv/msg/rosidl_typesupport_fastrtps_cpp__visibility_control.h\n'}
[1.074497] (test_custom_srv) StdoutLine: {'line': b'-- Up-to-date: /home/eragon/student133_ws/install/test_custom_srv/lib/libtest_custom_srv__rosidl_typesupport_fastrtps_cpp.so\n'}
[1.074600] (test_custom_srv) StdoutLine: {'line': b'-- Up-to-date: /home/eragon/student133_ws/install/test_custom_srv/include/test_custom_srv/test_custom_srv\n'}
[1.074714] (test_custom_srv) StdoutLine: {'line': b'-- Up-to-date: /home/eragon/student133_ws/install/test_custom_srv/include/test_custom_srv/test_custom_srv/srv\n'}
[1.074832] (test_custom_srv) StdoutLine: {'line': b'-- Up-to-date: /home/eragon/student133_ws/install/test_custom_srv/include/test_custom_srv/test_custom_srv/srv/detail\n'}
[1.074986] (test_custom_srv) StdoutLine: {'line': b'-- Up-to-date: /home/eragon/student133_ws/install/test_custom_srv/include/test_custom_srv/test_custom_srv/srv/detail/circle_square__type_support.cpp\n'}
[1.075116] (test_custom_srv) StdoutLine: {'line': b'-- Up-to-date: /home/eragon/student133_ws/install/test_custom_srv/include/test_custom_srv/test_custom_srv/srv/detail/triangle_square__type_support.cpp\n'}
[1.075236] (test_custom_srv) StdoutLine: {'line': b'-- Up-to-date: /home/eragon/student133_ws/install/test_custom_srv/include/test_custom_srv/test_custom_srv/srv/detail/triangle_square__rosidl_typesupport_introspection_cpp.hpp\n'}
[1.075354] (test_custom_srv) StdoutLine: {'line': b'-- Up-to-date: /home/eragon/student133_ws/install/test_custom_srv/include/test_custom_srv/test_custom_srv/srv/detail/circle_square__rosidl_typesupport_introspection_cpp.hpp\n'}
[1.075468] (test_custom_srv) StdoutLine: {'line': b'-- Up-to-date: /home/eragon/student133_ws/install/test_custom_srv/lib/libtest_custom_srv__rosidl_typesupport_introspection_cpp.so\n'}
[1.075573] (test_custom_srv) StdoutLine: {'line': b'-- Up-to-date: /home/eragon/student133_ws/install/test_custom_srv/lib/libtest_custom_srv__rosidl_typesupport_cpp.so\n'}
[1.075666] (test_custom_srv) StdoutLine: {'line': b'-- Up-to-date: /home/eragon/student133_ws/install/test_custom_srv/share/test_custom_srv/environment/pythonpath.sh\n'}
[1.075787] (test_custom_srv) StdoutLine: {'line': b'-- Up-to-date: /home/eragon/student133_ws/install/test_custom_srv/share/test_custom_srv/environment/pythonpath.dsv\n'}
[1.075903] (test_custom_srv) StdoutLine: {'line': b'-- Up-to-date: /home/eragon/student133_ws/install/test_custom_srv/local/lib/python3.10/dist-packages/test_custom_srv-0.0.0-py3.10.egg-info\n'}
[1.076020] (test_custom_srv) StdoutLine: {'line': b'-- Installing: /home/eragon/student133_ws/install/test_custom_srv/local/lib/python3.10/dist-packages/test_custom_srv-0.0.0-py3.10.egg-info/dependency_links.txt\n'}
[1.076118] (test_custom_srv) StdoutLine: {'line': b'-- Installing: /home/eragon/student133_ws/install/test_custom_srv/local/lib/python3.10/dist-packages/test_custom_srv-0.0.0-py3.10.egg-info/PKG-INFO\n'}
[1.076243] (test_custom_srv) StdoutLine: {'line': b'-- Installing: /home/eragon/student133_ws/install/test_custom_srv/local/lib/python3.10/dist-packages/test_custom_srv-0.0.0-py3.10.egg-info/top_level.txt\n'}
[1.076349] (test_custom_srv) StdoutLine: {'line': b'-- Installing: /home/eragon/student133_ws/install/test_custom_srv/local/lib/python3.10/dist-packages/test_custom_srv-0.0.0-py3.10.egg-info/SOURCES.txt\n'}
[1.076442] (test_custom_msg) JobProgress: {'identifier': 'test_custom_msg', 'progress': 'install'}
[1.076481] (test_custom_msg) Command: {'cmd': ['/usr/bin/cmake', '--install', '/home/eragon/student133_ws/build/test_custom_msg'], 'cwd': '/home/eragon/student133_ws/build/test_custom_msg', 'env': OrderedDict([('GJS_DEBUG_TOPICS', 'JS ERROR;JS LOG'), ('LANGUAGE', 'ru'), ('LC_TIME', 'ru_RU.UTF-8'), ('USER', 'eragon'), ('XDG_SESSION_TYPE', 'wayland'), ('LD_LIBRARY_PATH', '/home/eragon/student133_ws/install/test_custom_srv/lib:/home/eragon/student133_ws/install/test_custom_msg/lib:/opt/ros/humble/opt/rviz_ogre_vendor/lib:/opt/ros/humble/lib/x86_64-linux-gnu:/opt/ros/humble/lib'), ('SHLVL', '1'), ('HOME', '/home/eragon'), ('DESKTOP_SESSION', 'ubuntu'), ('QTDIR', '/usr/lib/x86_64-linux-gnu/qt5'), ('GIO_LAUNCHED_DESKTOP_FILE', '/home/eragon/.local/share/applications/org.qt-project.qtcreator.desktop'), ('GNOME_SHELL_SESSION_MODE', 'ubuntu'), ('GTK_MODULES', 'gail:atk-bridge'), ('ROS_PYTHON_VERSION', '3'), ('LC_MONETARY', 'ru_RU.UTF-8'), ('MANAGERPID', '869'), ('DBUS_SESSION_BUS_ADDRESS', 'unix:path'), ('SYSTEMD_EXEC_PID', '1041'), ('GIO_LAUNCHED_DESKTOP_FILE_PID', '2694'), ('COLCON_PREFIX_PATH', '/home/eragon/student133_ws/install'), ('IM_CONFIG_PHASE', '1'), ('ROS_DISTRO', 'humble'), ('WAYLAND_DISPLAY', 'wayland-0'), ('LOGNAME', 'eragon'), ('JOURNAL_STREAM', '8:8864'), ('_', '/usr/bin/env'), ('ROS_VERSION', '2'), ('XDG_SESSION_CLASS', 'user'), ('QSG_RHI_BACKEND', 'opengl'), ('USERNAME', 'eragon'), ('GNOME_DESKTOP_SESSION_ID', 'this-is-deprecated'), ('ROS_LOCALHOST_ONLY', '0'), ('PATH', '/opt/ros/humble/bin:/home/eragon/.local/bin:/usr/local/sbin:/usr/local/bin:/usr/sbin:/usr/bin:/sbin:/bin:/usr/games:/usr/local/games:/snap/bin:/snap/bin'), ('INVOCATION_ID', '68df7faf19e64317b848cbed1cabd08b'), ('PAPERSIZE', 'a4'), ('SESSION_MANAGER', 'local/eragon-KPL-W0X:@/tmp/.ICE-unix/1015,unix/eragon-KPL-W0X:/tmp/.ICE-unix/1015'), ('GNOME_SETUP_DISPLAY', ':1'), ('LC_ADDRESS', 'ru_RU.UTF-8'), ('XDG_MENU_PREFIX', 'gnome-'), ('XDG_RUNTIME_DIR', '/run/user/1000'), ('DISPLAY', ':0'), ('LANG', 'ru_RU.UTF-8'), ('LC_TELEPHONE', 'ru_RU.UTF-8'), ('XDG_CURRENT_DESKTOP', 'ubuntu:GNOME'), ('XAUTHORITY', '/run/user/1000/.mutter-Xwaylandauth.JLCEW2'), ('XDG_SESSION_DESKTOP', 'ubuntu'), ('XMODIFIERS', '@im'), ('AMENT_PREFIX_PATH', '/home/eragon/student133_ws/install/test_visualization:/home/eragon/student133_ws/install/test_subscriber:/home/eragon/student133_ws/install/test_service:/home/eragon/student133_ws/install/test_serial_communication:/home/eragon/student133_ws/install/test_publisher:/home/eragon/student133_ws/install/test_pkg:/home/eragon/student133_ws/install/test_parameters:/home/eragon/student133_ws/install/test_custom_publisher:/home/eragon/student133_ws/install/test_client:/home/eragon/student133_ws/install/test_castom_publisher:/home/eragon/student133_ws/install/custom_counter:/opt/ros/humble'), ('SSH_AGENT_LAUNCHER', 'gnome-keyring'), ('SSH_AUTH_SOCK', '/run/user/1000/keyring/ssh'), ('LC_NAME', 'ru_RU.UTF-8'), ('SHELL', '/bin/bash'), ('GDMSESSION', 'ubuntu'), ('QT_ACCESSIBILITY', '1'), ('LC_MEASUREMENT', 'ru_RU.UTF-8'), ('GJS_DEBUG_OUTPUT', 'stderr'), ('LC_IDENTIFICATION', 'ru_RU.UTF-8'), ('QT_IM_MODULE', 'ibus'), ('LC_ALL', 'en_US.UTF-8'), ('PWD', '/home/eragon/student133_ws/build/test_custom_msg'), ('QT_QPA_PLATFORM', 'xcb'), ('XDG_CONFIG_DIRS', '/etc/xdg/xdg-ubuntu:/etc/xdg'), ('XDG_DATA_DIRS', '/usr/share/ubuntu:/usr/local/share/:/usr/share/:/var/lib/snapd/desktop'), ('LC_NUMERIC', 'ru_RU.UTF-8'), ('PYTHONPATH', '/opt/ros/humble/lib/python3.10/site-packages:/opt/ros/humble/local/lib/python3.10/dist-packages'), ('LC_PAPER', 'ru_RU.UTF-8'), ('COLCON', '1'), ('CMAKE_PREFIX_PATH', '/home/eragon/student133_ws/install/test_visualization:/home/eragon/student133_ws/install/test_subscriber:/home/eragon/student133_ws/install/test_service:/home/eragon/student133_ws/install/test_serial_communication:/home/eragon/student133_ws/install/test_publisher:/home/eragon/student133_ws/install/test_pkg:/home/eragon/student133_ws/install/test_parameters:/home/eragon/student133_ws/install/test_custom_srv:/home/eragon/student133_ws/install/test_custom_publisher:/home/eragon/student133_ws/install/test_custom_msg:/home/eragon/student133_ws/install/test_client:/home/eragon/student133_ws/install/test_castom_publisher:/home/eragon/student133_ws/install/custom_counter:/opt/ros/humble')]), 'shell': False}
[1.077309] (test_custom_srv) StdoutLine: {'line': b'-- Up-to-date: /home/eragon/student133_ws/install/test_custom_srv/local/lib/python3.10/dist-packages/test_custom_srv\n'}
[1.077501] (test_custom_srv) StdoutLine: {'line': b'-- Up-to-date: /home/eragon/student133_ws/install/test_custom_srv/local/lib/python3.10/dist-packages/test_custom_srv/test_custom_srv_s__rosidl_typesupport_fastrtps_c.cpython-310-x86_64-linux-gnu.so\n'}
[1.077644] (test_custom_srv) StdoutLine: {'line': b'-- Up-to-date: /home/eragon/student133_ws/install/test_custom_srv/local/lib/python3.10/dist-packages/test_custom_srv/__init__.py\n'}
[1.077745] (test_custom_srv) StdoutLine: {'line': b'-- Up-to-date: /home/eragon/student133_ws/install/test_custom_srv/local/lib/python3.10/dist-packages/test_custom_srv/test_custom_srv_s__rosidl_typesupport_c.cpython-310-x86_64-linux-gnu.so\n'}
[1.077858] (test_custom_srv) StdoutLine: {'line': b'-- Up-to-date: /home/eragon/student133_ws/install/test_custom_srv/local/lib/python3.10/dist-packages/test_custom_srv/srv\n'}
[1.077986] (test_custom_srv) StdoutLine: {'line': b'-- Up-to-date: /home/eragon/student133_ws/install/test_custom_srv/local/lib/python3.10/dist-packages/test_custom_srv/srv/__init__.py\n'}
[1.078091] (test_custom_srv) StdoutLine: {'line': b'-- Up-to-date: /home/eragon/student133_ws/install/test_custom_srv/local/lib/python3.10/dist-packages/test_custom_srv/srv/_triangle_square_s.c\n'}
[1.078198] (test_custom_srv) StdoutLine: {'line': b'-- Up-to-date: /home/eragon/student133_ws/install/test_custom_srv/local/lib/python3.10/dist-packages/test_custom_srv/srv/_triangle_square.py\n'}
[1.078329] (test_custom_srv) StdoutLine: {'line': b'-- Up-to-date: /home/eragon/student133_ws/install/test_custom_srv/local/lib/python3.10/dist-packages/test_custom_srv/srv/_circle_square_s.c\n'}
[1.078423] (test_custom_srv) StdoutLine: {'line': b'-- Up-to-date: /home/eragon/student133_ws/install/test_custom_srv/local/lib/python3.10/dist-packages/test_custom_srv/srv/_circle_square.py\n'}
[1.078531] (test_custom_srv) StdoutLine: {'line': b'-- Up-to-date: /home/eragon/student133_ws/install/test_custom_srv/local/lib/python3.10/dist-packages/test_custom_srv/libtest_custom_srv__rosidl_generator_py.so\n'}
[1.078644] (test_custom_srv) StdoutLine: {'line': b'-- Up-to-date: /home/eragon/student133_ws/install/test_custom_srv/local/lib/python3.10/dist-packages/test_custom_srv/test_custom_srv_s__rosidl_typesupport_introspection_c.cpython-310-x86_64-linux-gnu.so\n'}
[1.078759] (test_custom_srv) StdoutLine: {'line': b'-- Up-to-date: /home/eragon/student133_ws/install/test_custom_srv/local/lib/python3.10/dist-packages/test_custom_srv/_test_custom_srv_s.ep.rosidl_typesupport_c.c\n'}
[1.078870] (test_custom_srv) StdoutLine: {'line': b'-- Up-to-date: /home/eragon/student133_ws/install/test_custom_srv/local/lib/python3.10/dist-packages/test_custom_srv/_test_custom_srv_s.ep.rosidl_typesupport_fastrtps_c.c\n'}
[1.079009] (test_custom_srv) StdoutLine: {'line': b'-- Up-to-date: /home/eragon/student133_ws/install/test_custom_srv/local/lib/python3.10/dist-packages/test_custom_srv/_test_custom_srv_s.ep.rosidl_typesupport_introspection_c.c\n'}
[1.079128] (test_tf_broadcaster) StdoutLine: {'line': b'-- Using all available rosidl_typesupport_c: rosidl_typesupport_fastrtps_c;rosidl_typesupport_introspection_c\n'}
[1.080771] (test_custom_msg) StdoutLine: {'line': b'-- Install configuration: "Debug"\n'}
[1.081047] (test_custom_msg) StdoutLine: {'line': b'-- Up-to-date: /home/eragon/student133_ws/install/test_custom_msg/share/ament_index/resource_index/rosidl_interfaces/test_custom_msg\n'}
[1.081247] (test_custom_msg) StdoutLine: {'line': b'-- Up-to-date: /home/eragon/student133_ws/install/test_custom_msg/include/test_custom_msg/test_custom_msg\n'}
[1.081379] (test_custom_msg) StdoutLine: {'line': b'-- Up-to-date: /home/eragon/student133_ws/install/test_custom_msg/include/test_custom_msg/test_custom_msg/msg\n'}
[1.081513] (test_custom_msg) StdoutLine: {'line': b'-- Up-to-date: /home/eragon/student133_ws/install/test_custom_msg/include/test_custom_msg/test_custom_msg/msg/detail\n'}
[1.081633] (test_custom_msg) StdoutLine: {'line': b'-- Up-to-date: /home/eragon/student133_ws/install/test_custom_msg/include/test_custom_msg/test_custom_msg/msg/detail/circle__struct.h\n'}
[1.081753] (test_custom_msg) StdoutLine: {'line': b'-- Up-to-date: /home/eragon/student133_ws/install/test_custom_msg/include/test_custom_msg/test_custom_msg/msg/detail/circle__functions.h\n'}
[1.081874] (test_custom_msg) StdoutLine: {'line': b'-- Up-to-date: /home/eragon/student133_ws/install/test_custom_msg/include/test_custom_msg/test_custom_msg/msg/detail/circle__type_support.h\n'}
[1.082823] (test_custom_msg) StdoutLine: {'line': b'-- Up-to-date: /home/eragon/student133_ws/install/test_custom_msg/include/test_custom_msg/test_custom_msg/msg/detail/triangle__type_support.h\n'}
[1.083102] (test_custom_msg) StdoutLine: {'line': b'-- Up-to-date: /home/eragon/student133_ws/install/test_custom_msg/include/test_custom_msg/test_custom_msg/msg/detail/triangle__struct.h\n'}
[1.083594] (test_custom_msg) StdoutLine: {'line': b'-- Up-to-date: /home/eragon/student133_ws/install/test_custom_msg/include/test_custom_msg/test_custom_msg/msg/detail/triangle__functions.h\n'}
[1.083721] (test_custom_msg) StdoutLine: {'line': b'-- Up-to-date: /home/eragon/student133_ws/install/test_custom_msg/include/test_custom_msg/test_custom_msg/msg/detail/triangle__functions.c\n'}
[1.083841] (test_custom_msg) StdoutLine: {'line': b'-- Up-to-date: /home/eragon/student133_ws/install/test_custom_msg/include/test_custom_msg/test_custom_msg/msg/detail/circle__functions.c\n'}
[1.084103] (test_custom_msg) StdoutLine: {'line': b'-- Up-to-date: /home/eragon/student133_ws/install/test_custom_msg/include/test_custom_msg/test_custom_msg/msg/triangle.h\n'}
[1.084228] (test_custom_msg) StdoutLine: {'line': b'-- Up-to-date: /home/eragon/student133_ws/install/test_custom_msg/include/test_custom_msg/test_custom_msg/msg/circle.h\n'}
[1.084508] (test_custom_msg) StdoutLine: {'line': b'-- Up-to-date: /home/eragon/student133_ws/install/test_custom_msg/include/test_custom_msg/test_custom_msg/msg/rosidl_generator_c__visibility_control.h\n'}
[1.084630] (test_custom_msg) StdoutLine: {'line': b'-- Up-to-date: /home/eragon/student133_ws/install/test_custom_msg/share/test_custom_msg/environment/library_path.sh\n'}
[1.084749] (test_custom_msg) StdoutLine: {'line': b'-- Up-to-date: /home/eragon/student133_ws/install/test_custom_msg/share/test_custom_msg/environment/library_path.dsv\n'}
[1.084865] (test_custom_msg) StdoutLine: {'line': b'-- Up-to-date: /home/eragon/student133_ws/install/test_custom_msg/lib/libtest_custom_msg__rosidl_generator_c.so\n'}
[1.085160] (test_custom_msg) StdoutLine: {'line': b'-- Up-to-date: /home/eragon/student133_ws/install/test_custom_msg/include/test_custom_msg/test_custom_msg\n'}
[1.085262] (test_custom_msg) StdoutLine: {'line': b'-- Up-to-date: /home/eragon/student133_ws/install/test_custom_msg/include/test_custom_msg/test_custom_msg/msg\n'}
[1.085367] (test_custom_msg) StdoutLine: {'line': b'-- Up-to-date: /home/eragon/student133_ws/install/test_custom_msg/include/test_custom_msg/test_custom_msg/msg/detail\n'}
[1.085472] (test_custom_msg) StdoutLine: {'line': b'-- Up-to-date: /home/eragon/student133_ws/install/test_custom_msg/include/test_custom_msg/test_custom_msg/msg/detail/circle__rosidl_typesupport_fastrtps_c.h\n'}
[1.085702] (test_custom_msg) StdoutLine: {'line': b'-- Up-to-date: /home/eragon/student133_ws/install/test_custom_msg/include/test_custom_msg/test_custom_msg/msg/detail/triangle__rosidl_typesupport_fastrtps_c.h\n'}
[1.085824] (test_custom_msg) StdoutLine: {'line': b'-- Up-to-date: /home/eragon/student133_ws/install/test_custom_msg/include/test_custom_msg/test_custom_msg/msg/rosidl_typesupport_fastrtps_c__visibility_control.h\n'}
[1.086068] (test_custom_msg) StdoutLine: {'line': b'-- Up-to-date: /home/eragon/student133_ws/install/test_custom_msg/lib/libtest_custom_msg__rosidl_typesupport_fastrtps_c.so\n'}
[1.086283] (test_custom_msg) StdoutLine: {'line': b'-- Up-to-date: /home/eragon/student133_ws/install/test_custom_msg/include/test_custom_msg/test_custom_msg\n'}
[1.086428] (test_custom_msg) StdoutLine: {'line': b'-- Up-to-date: /home/eragon/student133_ws/install/test_custom_msg/include/test_custom_msg/test_custom_msg/msg\n'}
[1.086540] (test_custom_msg) StdoutLine: {'line': b'-- Up-to-date: /home/eragon/student133_ws/install/test_custom_msg/include/test_custom_msg/test_custom_msg/msg/detail\n'}
[1.086663] (test_custom_msg) StdoutLine: {'line': b'-- Up-to-date: /home/eragon/student133_ws/install/test_custom_msg/include/test_custom_msg/test_custom_msg/msg/detail/circle__struct.hpp\n'}
[1.086790] (test_custom_msg) StdoutLine: {'line': b'-- Up-to-date: /home/eragon/student133_ws/install/test_custom_msg/include/test_custom_msg/test_custom_msg/msg/detail/triangle__struct.hpp\n'}
[1.086936] (test_custom_msg) StdoutLine: {'line': b'-- Up-to-date: /home/eragon/student133_ws/install/test_custom_msg/include/test_custom_msg/test_custom_msg/msg/detail/triangle__builder.hpp\n'}
[1.087417] (test_custom_msg) StdoutLine: {'line': b'-- Up-to-date: /home/eragon/student133_ws/install/test_custom_msg/include/test_custom_msg/test_custom_msg/msg/detail/circle__traits.hpp\n'}
[1.087562] (test_custom_msg) StdoutLine: {'line': b'-- Up-to-date: /home/eragon/student133_ws/install/test_custom_msg/include/test_custom_msg/test_custom_msg/msg/detail/triangle__traits.hpp\n'}
[1.087672] (test_custom_msg) StdoutLine: {'line': b'-- Up-to-date: /home/eragon/student133_ws/install/test_custom_msg/include/test_custom_msg/test_custom_msg/msg/detail/circle__builder.hpp\n'}
[1.087786] (test_custom_msg) StdoutLine: {'line': b'-- Up-to-date: /home/eragon/student133_ws/install/test_custom_msg/include/test_custom_msg/test_custom_msg/msg/circle.hpp\n'}
[1.087917] (test_custom_msg) StdoutLine: {'line': b'-- Up-to-date: /home/eragon/student133_ws/install/test_custom_msg/include/test_custom_msg/test_custom_msg/msg/triangle.hpp\n'}
[1.088049] (test_custom_msg) StdoutLine: {'line': b'-- Up-to-date: /home/eragon/student133_ws/install/test_custom_msg/include/test_custom_msg/test_custom_msg\n'}
[1.088166] (test_custom_msg) StdoutLine: {'line': b'-- Up-to-date: /home/eragon/student133_ws/install/test_custom_msg/include/test_custom_msg/test_custom_msg/msg\n'}
[1.088278] (test_custom_msg) StdoutLine: {'line': b'-- Up-to-date: /home/eragon/student133_ws/install/test_custom_msg/include/test_custom_msg/test_custom_msg/msg/detail\n'}
[1.088392] (test_custom_msg) StdoutLine: {'line': b'-- Up-to-date: /home/eragon/student133_ws/install/test_custom_msg/include/test_custom_msg/test_custom_msg/msg/detail/dds_fastrtps\n'}
[1.088517] (test_custom_msg) StdoutLine: {'line': b'-- Up-to-date: /home/eragon/student133_ws/install/test_custom_msg/include/test_custom_msg/test_custom_msg/msg/detail/triangle__rosidl_typesupport_fastrtps_cpp.hpp\n'}
[1.088626] (test_custom_msg) StdoutLine: {'line': b'-- Up-to-date: /home/eragon/student133_ws/install/test_custom_msg/include/test_custom_msg/test_custom_msg/msg/detail/circle__rosidl_typesupport_fastrtps_cpp.hpp\n'}
[1.088739] (test_custom_msg) StdoutLine: {'line': b'-- Up-to-date: /home/eragon/student133_ws/install/test_custom_msg/include/test_custom_msg/test_custom_msg/msg/rosidl_typesupport_fastrtps_cpp__visibility_control.h\n'}
[1.088850] (test_custom_msg) StdoutLine: {'line': b'-- Up-to-date: /home/eragon/student133_ws/install/test_custom_msg/lib/libtest_custom_msg__rosidl_typesupport_fastrtps_cpp.so\n'}
[1.088999] (test_custom_msg) StdoutLine: {'line': b'-- Up-to-date: /home/eragon/student133_ws/install/test_custom_msg/include/test_custom_msg/test_custom_msg\n'}
[1.089111] (test_custom_msg) StdoutLine: {'line': b'-- Up-to-date: /home/eragon/student133_ws/install/test_custom_msg/include/test_custom_msg/test_custom_msg/msg\n'}
[1.089235] (test_custom_msg) StdoutLine: {'line': b'-- Up-to-date: /home/eragon/student133_ws/install/test_custom_msg/include/test_custom_msg/test_custom_msg/msg/detail\n'}
[1.089335] (test_custom_msg) StdoutLine: {'line': b'-- Up-to-date: /home/eragon/student133_ws/install/test_custom_msg/include/test_custom_msg/test_custom_msg/msg/detail/circle__rosidl_typesupport_introspection_c.h\n'}
[1.089442] (test_custom_msg) StdoutLine: {'line': b'-- Up-to-date: /home/eragon/student133_ws/install/test_custom_msg/include/test_custom_msg/test_custom_msg/msg/detail/circle__type_support.c\n'}
[1.089551] (test_custom_msg) StdoutLine: {'line': b'-- Up-to-date: /home/eragon/student133_ws/install/test_custom_msg/include/test_custom_msg/test_custom_msg/msg/detail/triangle__rosidl_typesupport_introspection_c.h\n'}
[1.089662] (test_custom_msg) StdoutLine: {'line': b'-- Up-to-date: /home/eragon/student133_ws/install/test_custom_msg/include/test_custom_msg/test_custom_msg/msg/detail/triangle__type_support.c\n'}
[1.089772] (test_custom_msg) StdoutLine: {'line': b'-- Up-to-date: /home/eragon/student133_ws/install/test_custom_msg/include/test_custom_msg/test_custom_msg/msg/rosidl_typesupport_introspection_c__visibility_control.h\n'}
[1.089884] (test_custom_msg) StdoutLine: {'line': b'-- Up-to-date: /home/eragon/student133_ws/install/test_custom_msg/lib/libtest_custom_msg__rosidl_typesupport_introspection_c.so\n'}
[1.090054] (test_custom_msg) StdoutLine: {'line': b'-- Up-to-date: /home/eragon/student133_ws/install/test_custom_msg/lib/libtest_custom_msg__rosidl_typesupport_c.so\n'}
[1.090170] (test_custom_msg) StdoutLine: {'line': b'-- Up-to-date: /home/eragon/student133_ws/install/test_custom_msg/include/test_custom_msg/test_custom_msg\n'}
[1.090275] (test_custom_msg) StdoutLine: {'line': b'-- Up-to-date: /home/eragon/student133_ws/install/test_custom_msg/include/test_custom_msg/test_custom_msg/msg\n'}
[1.090377] (test_custom_msg) StdoutLine: {'line': b'-- Up-to-date: /home/eragon/student133_ws/install/test_custom_msg/include/test_custom_msg/test_custom_msg/msg/detail\n'}
[1.090487] (test_custom_msg) StdoutLine: {'line': b'-- Up-to-date: /home/eragon/student133_ws/install/test_custom_msg/include/test_custom_msg/test_custom_msg/msg/detail/triangle__rosidl_typesupport_introspection_cpp.hpp\n'}
[1.090599] (test_custom_msg) StdoutLine: {'line': b'-- Up-to-date: /home/eragon/student133_ws/install/test_custom_msg/include/test_custom_msg/test_custom_msg/msg/detail/triangle__type_support.cpp\n'}
[1.090711] (test_custom_msg) StdoutLine: {'line': b'-- Up-to-date: /home/eragon/student133_ws/install/test_custom_msg/include/test_custom_msg/test_custom_msg/msg/detail/circle__rosidl_typesupport_introspection_cpp.hpp\n'}
[1.090828] (test_custom_msg) StdoutLine: {'line': b'-- Up-to-date: /home/eragon/student133_ws/install/test_custom_msg/include/test_custom_msg/test_custom_msg/msg/detail/circle__type_support.cpp\n'}
[1.091254] (test_custom_msg) StdoutLine: {'line': b'-- Up-to-date: /home/eragon/student133_ws/install/test_custom_msg/lib/libtest_custom_msg__rosidl_typesupport_introspection_cpp.so\n'}
[1.091389] (test_custom_msg) StdoutLine: {'line': b'-- Up-to-date: /home/eragon/student133_ws/install/test_custom_msg/lib/libtest_custom_msg__rosidl_typesupport_cpp.so\n'}
[1.091498] (test_custom_msg) StdoutLine: {'line': b'-- Up-to-date: /home/eragon/student133_ws/install/test_custom_msg/share/test_custom_msg/environment/pythonpath.sh\n'}
[1.091601] (test_custom_msg) StdoutLine: {'line': b'-- Up-to-date: /home/eragon/student133_ws/install/test_custom_msg/share/test_custom_msg/environment/pythonpath.dsv\n'}
[1.091705] (test_custom_msg) StdoutLine: {'line': b'-- Up-to-date: /home/eragon/student133_ws/install/test_custom_msg/local/lib/python3.10/dist-packages/test_custom_msg-0.0.0-py3.10.egg-info\n'}
[1.091809] (test_custom_msg) StdoutLine: {'line': b'-- Installing: /home/eragon/student133_ws/install/test_custom_msg/local/lib/python3.10/dist-packages/test_custom_msg-0.0.0-py3.10.egg-info/dependency_links.txt\n'}
[1.091974] (test_custom_msg) StdoutLine: {'line': b'-- Installing: /home/eragon/student133_ws/install/test_custom_msg/local/lib/python3.10/dist-packages/test_custom_msg-0.0.0-py3.10.egg-info/PKG-INFO\n'}
[1.092261] (test_custom_msg) StdoutLine: {'line': b'-- Installing: /home/eragon/student133_ws/install/test_custom_msg/local/lib/python3.10/dist-packages/test_custom_msg-0.0.0-py3.10.egg-info/top_level.txt\n'}
[1.092379] (test_custom_msg) StdoutLine: {'line': b'-- Installing: /home/eragon/student133_ws/install/test_custom_msg/local/lib/python3.10/dist-packages/test_custom_msg-0.0.0-py3.10.egg-info/SOURCES.txt\n'}
[1.092492] (test_custom_msg) StdoutLine: {'line': b'-- Up-to-date: /home/eragon/student133_ws/install/test_custom_msg/local/lib/python3.10/dist-packages/test_custom_msg\n'}
[1.092607] (test_custom_msg) StdoutLine: {'line': b'-- Up-to-date: /home/eragon/student133_ws/install/test_custom_msg/local/lib/python3.10/dist-packages/test_custom_msg/__init__.py\n'}
[1.092742] (test_custom_msg) StdoutLine: {'line': b'-- Up-to-date: /home/eragon/student133_ws/install/test_custom_msg/local/lib/python3.10/dist-packages/test_custom_msg/test_custom_msg_s__rosidl_typesupport_fastrtps_c.cpython-310-x86_64-linux-gnu.so\n'}
[1.092863] (test_custom_msg) StdoutLine: {'line': b'-- Up-to-date: /home/eragon/student133_ws/install/test_custom_msg/local/lib/python3.10/dist-packages/test_custom_msg/test_custom_msg_s__rosidl_typesupport_introspection_c.cpython-310-x86_64-linux-gnu.so\n'}
[1.093002] (test_custom_msg) StdoutLine: {'line': b'-- Up-to-date: /home/eragon/student133_ws/install/test_custom_msg/local/lib/python3.10/dist-packages/test_custom_msg/test_custom_msg_s__rosidl_typesupport_c.cpython-310-x86_64-linux-gnu.so\n'}
[1.093121] (test_custom_msg) StdoutLine: {'line': b'-- Up-to-date: /home/eragon/student133_ws/install/test_custom_msg/local/lib/python3.10/dist-packages/test_custom_msg/_test_custom_msg_s.ep.rosidl_typesupport_introspection_c.c\n'}
[1.093231] (test_custom_msg) StdoutLine: {'line': b'-- Up-to-date: /home/eragon/student133_ws/install/test_custom_msg/local/lib/python3.10/dist-packages/test_custom_msg/_test_custom_msg_s.ep.rosidl_typesupport_c.c\n'}
[1.093336] (test_custom_msg) StdoutLine: {'line': b'-- Up-to-date: /home/eragon/student133_ws/install/test_custom_msg/local/lib/python3.10/dist-packages/test_custom_msg/msg\n'}
[1.093447] (test_custom_msg) StdoutLine: {'line': b'-- Up-to-date: /home/eragon/student133_ws/install/test_custom_msg/local/lib/python3.10/dist-packages/test_custom_msg/msg/__init__.py\n'}
[1.093565] (test_custom_msg) StdoutLine: {'line': b'-- Up-to-date: /home/eragon/student133_ws/install/test_custom_msg/local/lib/python3.10/dist-packages/test_custom_msg/msg/_triangle.py\n'}
[1.093669] (test_custom_msg) StdoutLine: {'line': b'-- Up-to-date: /home/eragon/student133_ws/install/test_custom_msg/local/lib/python3.10/dist-packages/test_custom_msg/msg/_circle_s.c\n'}
[1.093791] (test_custom_msg) StdoutLine: {'line': b'-- Up-to-date: /home/eragon/student133_ws/install/test_custom_msg/local/lib/python3.10/dist-packages/test_custom_msg/msg/_circle.py\n'}
[1.094114] (test_custom_msg) StdoutLine: {'line': b'-- Up-to-date: /home/eragon/student133_ws/install/test_custom_msg/local/lib/python3.10/dist-packages/test_custom_msg/msg/_triangle_s.c\n'}
[1.094254] (test_custom_msg) StdoutLine: {'line': b'-- Up-to-date: /home/eragon/student133_ws/install/test_custom_msg/local/lib/python3.10/dist-packages/test_custom_msg/libtest_custom_msg__rosidl_generator_py.so\n'}
[1.094371] (test_custom_msg) StdoutLine: {'line': b'-- Up-to-date: /home/eragon/student133_ws/install/test_custom_msg/local/lib/python3.10/dist-packages/test_custom_msg/_test_custom_msg_s.ep.rosidl_typesupport_fastrtps_c.c\n'}
[1.094489] (test_basic_publisher) StdoutLine: {'line': b"-- Added test 'cppcheck' to perform static code analysis on C / C++ code\n"}
[1.094750] (test_basic_publisher) StdoutLine: {'line': b'-- Configured cppcheck include dirs: \n'}
[1.094844] (test_basic_publisher) StdoutLine: {'line': b'-- Configured cppcheck exclude dirs and/or files: \n'}
[1.094963] (test_basic_publisher) StdoutLine: {'line': b"-- Added test 'lint_cmake' to check CMake code style\n"}
[1.095068] (test_basic_publisher) StdoutLine: {'line': b"-- Added test 'uncrustify' to check C / C++ code style\n"}
[1.095178] (test_basic_publisher) StdoutLine: {'line': b'-- Configured uncrustify additional arguments: \n'}
[1.095290] (test_basic_publisher) StdoutLine: {'line': b"-- Added test 'xmllint' to check XML markup files\n"}
[1.096066] (test_basic_publisher) StdoutLine: {'line': b'-- Configuring done\n'}
[1.096393] (test_tf_broadcaster) StdoutLine: {'line': b'-- Using all available rosidl_typesupport_cpp: rosidl_typesupport_fastrtps_cpp;rosidl_typesupport_introspection_cpp\n'}
[1.115545] (test_custom_srv) StdoutLine: {'line': b"Listing '/home/eragon/student133_ws/install/test_custom_srv/local/lib/python3.10/dist-packages/test_custom_srv'...\n"}
[1.115824] (test_custom_srv) StdoutLine: {'line': b"Listing '/home/eragon/student133_ws/install/test_custom_srv/local/lib/python3.10/dist-packages/test_custom_srv/srv'...\n"}
[1.120554] (-) TimerEvent: {}
[1.122313] (test_custom_srv) StdoutLine: {'line': b'-- Up-to-date: /home/eragon/student133_ws/install/test_custom_srv/local/lib/python3.10/dist-packages/test_custom_srv/test_custom_srv_s__rosidl_typesupport_fastrtps_c.cpython-310-x86_64-linux-gnu.so\n'}
[1.122739] (test_custom_srv) StdoutLine: {'line': b'-- Up-to-date: /home/eragon/student133_ws/install/test_custom_srv/local/lib/python3.10/dist-packages/test_custom_srv/test_custom_srv_s__rosidl_typesupport_introspection_c.cpython-310-x86_64-linux-gnu.so\n'}
[1.123243] (test_custom_srv) StdoutLine: {'line': b'-- Up-to-date: /home/eragon/student133_ws/install/test_custom_srv/local/lib/python3.10/dist-packages/test_custom_srv/test_custom_srv_s__rosidl_typesupport_c.cpython-310-x86_64-linux-gnu.so\n'}
[1.123717] (test_custom_srv) StdoutLine: {'line': b'-- Up-to-date: /home/eragon/student133_ws/install/test_custom_srv/lib/libtest_custom_srv__rosidl_generator_py.so\n'}
[1.124512] (test_custom_srv) StdoutLine: {'line': b'-- Up-to-date: /home/eragon/student133_ws/install/test_custom_srv/share/test_custom_srv/srv/CircleSquare.idl\n'}
[1.125460] (test_custom_srv) StdoutLine: {'line': b'-- Up-to-date: /home/eragon/student133_ws/install/test_custom_srv/share/test_custom_srv/srv/TriangleSquare.idl\n'}
[1.125875] (test_custom_srv) StdoutLine: {'line': b'-- Up-to-date: /home/eragon/student133_ws/install/test_custom_srv/share/test_custom_srv/srv/CircleSquare.srv\n'}
[1.126202] (test_custom_srv) StdoutLine: {'line': b'-- Up-to-date: /home/eragon/student133_ws/install/test_custom_srv/share/test_custom_srv/srv/CircleSquare_Request.msg\n'}
[1.126498] (test_custom_srv) StdoutLine: {'line': b'-- Up-to-date: /home/eragon/student133_ws/install/test_custom_srv/share/test_custom_srv/srv/CircleSquare_Response.msg\n'}
[1.126616] (test_custom_srv) StdoutLine: {'line': b'-- Up-to-date: /home/eragon/student133_ws/install/test_custom_srv/share/test_custom_srv/srv/TriangleSquare.srv\n'}
[1.127228] (test_custom_srv) StdoutLine: {'line': b'-- Up-to-date: /home/eragon/student133_ws/install/test_custom_srv/share/test_custom_srv/srv/TriangleSquare_Request.msg\n'}
[1.127579] (test_custom_srv) StdoutLine: {'line': b'-- Up-to-date: /home/eragon/student133_ws/install/test_custom_srv/share/test_custom_srv/srv/TriangleSquare_Response.msg\n'}
[1.127703] (test_custom_srv) StdoutLine: {'line': b'-- Up-to-date: /home/eragon/student133_ws/install/test_custom_srv/share/ament_index/resource_index/package_run_dependencies/test_custom_srv\n'}
[1.127818] (test_custom_srv) StdoutLine: {'line': b'-- Up-to-date: /home/eragon/student133_ws/install/test_custom_srv/share/ament_index/resource_index/parent_prefix_path/test_custom_srv\n'}
[1.128539] (test_custom_srv) StdoutLine: {'line': b'-- Up-to-date: /home/eragon/student133_ws/install/test_custom_srv/share/test_custom_srv/environment/ament_prefix_path.sh\n'}
[1.128701] (test_custom_srv) StdoutLine: {'line': b'-- Up-to-date: /home/eragon/student133_ws/install/test_custom_srv/share/test_custom_srv/environment/ament_prefix_path.dsv\n'}
[1.128809] (test_custom_srv) StdoutLine: {'line': b'-- Up-to-date: /home/eragon/student133_ws/install/test_custom_srv/share/test_custom_srv/environment/path.sh\n'}
[1.128931] (test_custom_srv) StdoutLine: {'line': b'-- Up-to-date: /home/eragon/student133_ws/install/test_custom_srv/share/test_custom_srv/environment/path.dsv\n'}
[1.129274] (test_basic_publisher) StdoutLine: {'line': b'-- Generating done\n'}
[1.129418] (test_custom_srv) StdoutLine: {'line': b'-- Up-to-date: /home/eragon/student133_ws/install/test_custom_srv/share/test_custom_srv/local_setup.bash\n'}
[1.129525] (test_custom_srv) StdoutLine: {'line': b'-- Up-to-date: /home/eragon/student133_ws/install/test_custom_srv/share/test_custom_srv/local_setup.sh\n'}
[1.129620] (test_custom_srv) StdoutLine: {'line': b'-- Up-to-date: /home/eragon/student133_ws/install/test_custom_srv/share/test_custom_srv/local_setup.zsh\n'}
[1.129745] (test_custom_srv) StdoutLine: {'line': b'-- Up-to-date: /home/eragon/student133_ws/install/test_custom_srv/share/test_custom_srv/local_setup.dsv\n'}
[1.129835] (test_custom_srv) StdoutLine: {'line': b'-- Installing: /home/eragon/student133_ws/install/test_custom_srv/share/test_custom_srv/package.dsv\n'}
[1.129979] (test_custom_srv) StdoutLine: {'line': b'-- Up-to-date: /home/eragon/student133_ws/install/test_custom_srv/share/ament_index/resource_index/packages/test_custom_srv\n'}
[1.130077] (test_custom_srv) StdoutLine: {'line': b'-- Up-to-date: /home/eragon/student133_ws/install/test_custom_srv/share/test_custom_srv/cmake/export_test_custom_srv__rosidl_generator_cExport.cmake\n'}
[1.130163] (test_custom_srv) StdoutLine: {'line': b'-- Up-to-date: /home/eragon/student133_ws/install/test_custom_srv/share/test_custom_srv/cmake/export_test_custom_srv__rosidl_generator_cExport-debug.cmake\n'}
[1.130249] (test_custom_srv) StdoutLine: {'line': b'-- Up-to-date: /home/eragon/student133_ws/install/test_custom_srv/share/test_custom_srv/cmake/export_test_custom_srv__rosidl_typesupport_fastrtps_cExport.cmake\n'}
[1.130336] (test_custom_srv) StdoutLine: {'line': b'-- Up-to-date: /home/eragon/student133_ws/install/test_custom_srv/share/test_custom_srv/cmake/export_test_custom_srv__rosidl_typesupport_fastrtps_cExport-debug.cmake\n'}
[1.130424] (test_custom_srv) StdoutLine: {'line': b'-- Up-to-date: /home/eragon/student133_ws/install/test_custom_srv/share/test_custom_srv/cmake/test_custom_srv__rosidl_typesupport_introspection_cExport.cmake\n'}
[1.130510] (test_custom_srv) StdoutLine: {'line': b'-- Up-to-date: /home/eragon/student133_ws/install/test_custom_srv/share/test_custom_srv/cmake/test_custom_srv__rosidl_typesupport_introspection_cExport-debug.cmake\n'}
[1.130596] (test_custom_srv) StdoutLine: {'line': b'-- Up-to-date: /home/eragon/student133_ws/install/test_custom_srv/share/test_custom_srv/cmake/test_custom_srv__rosidl_typesupport_cExport.cmake\n'}
[1.130684] (test_custom_srv) StdoutLine: {'line': b'-- Up-to-date: /home/eragon/student133_ws/install/test_custom_srv/share/test_custom_srv/cmake/test_custom_srv__rosidl_typesupport_cExport-debug.cmake\n'}
[1.130798] (test_custom_srv) StdoutLine: {'line': b'-- Up-to-date: /home/eragon/student133_ws/install/test_custom_srv/share/test_custom_srv/cmake/export_test_custom_srv__rosidl_generator_cppExport.cmake\n'}
[1.130891] (test_custom_srv) StdoutLine: {'line': b'-- Up-to-date: /home/eragon/student133_ws/install/test_custom_srv/share/test_custom_srv/cmake/export_test_custom_srv__rosidl_typesupport_fastrtps_cppExport.cmake\n'}
[1.131027] (test_custom_srv) StdoutLine: {'line': b'-- Up-to-date: /home/eragon/student133_ws/install/test_custom_srv/share/test_custom_srv/cmake/export_test_custom_srv__rosidl_typesupport_fastrtps_cppExport-debug.cmake\n'}
[1.131135] (test_basic_publisher) StdoutLine: {'line': b'-- Build files have been written to: /home/eragon/student133_ws/build/test_basic_publisher\n'}
[1.131242] (test_custom_srv) StdoutLine: {'line': b'-- Up-to-date: /home/eragon/student133_ws/install/test_custom_srv/share/test_custom_srv/cmake/test_custom_srv__rosidl_typesupport_introspection_cppExport.cmake\n'}
[1.131333] (test_custom_srv) StdoutLine: {'line': b'-- Up-to-date: /home/eragon/student133_ws/install/test_custom_srv/share/test_custom_srv/cmake/test_custom_srv__rosidl_typesupport_introspection_cppExport-debug.cmake\n'}
[1.131426] (test_custom_srv) StdoutLine: {'line': b'-- Up-to-date: /home/eragon/student133_ws/install/test_custom_srv/share/test_custom_srv/cmake/test_custom_srv__rosidl_typesupport_cppExport.cmake\n'}
[1.131518] (test_custom_srv) StdoutLine: {'line': b'-- Up-to-date: /home/eragon/student133_ws/install/test_custom_srv/share/test_custom_srv/cmake/test_custom_srv__rosidl_typesupport_cppExport-debug.cmake\n'}
[1.131605] (test_custom_srv) StdoutLine: {'line': b'-- Up-to-date: /home/eragon/student133_ws/install/test_custom_srv/share/test_custom_srv/cmake/export_test_custom_srv__rosidl_generator_pyExport.cmake\n'}
[1.131704] (test_custom_srv) StdoutLine: {'line': b'-- Up-to-date: /home/eragon/student133_ws/install/test_custom_srv/share/test_custom_srv/cmake/export_test_custom_srv__rosidl_generator_pyExport-debug.cmake\n'}
[1.131797] (test_custom_srv) StdoutLine: {'line': b'-- Up-to-date: /home/eragon/student133_ws/install/test_custom_srv/share/test_custom_srv/cmake/rosidl_cmake-extras.cmake\n'}
[1.132140] (test_custom_srv) StdoutLine: {'line': b'-- Up-to-date: /home/eragon/student133_ws/install/test_custom_srv/share/test_custom_srv/cmake/ament_cmake_export_include_directories-extras.cmake\n'}
[1.132241] (test_custom_srv) StdoutLine: {'line': b'-- Up-to-date: /home/eragon/student133_ws/install/test_custom_srv/share/test_custom_srv/cmake/ament_cmake_export_libraries-extras.cmake\n'}
[1.132381] (test_custom_srv) StdoutLine: {'line': b'-- Up-to-date: /home/eragon/student133_ws/install/test_custom_srv/share/test_custom_srv/cmake/ament_cmake_export_targets-extras.cmake\n'}
[1.132531] (test_custom_srv) StdoutLine: {'line': b'-- Up-to-date: /home/eragon/student133_ws/install/test_custom_srv/share/test_custom_srv/cmake/rosidl_cmake_export_typesupport_targets-extras.cmake\n'}
[1.132646] (test_custom_srv) StdoutLine: {'line': b'-- Up-to-date: /home/eragon/student133_ws/install/test_custom_srv/share/test_custom_srv/cmake/ament_cmake_export_dependencies-extras.cmake\n'}
[1.132721] (test_custom_srv) StdoutLine: {'line': b'-- Up-to-date: /home/eragon/student133_ws/install/test_custom_srv/share/test_custom_srv/cmake/rosidl_cmake_export_typesupport_libraries-extras.cmake\n'}
[1.132793] (test_custom_srv) StdoutLine: {'line': b'-- Up-to-date: /home/eragon/student133_ws/install/test_custom_srv/share/test_custom_srv/cmake/test_custom_srvConfig.cmake\n'}
[1.134187] (test_custom_srv) StdoutLine: {'line': b'-- Up-to-date: /home/eragon/student133_ws/install/test_custom_srv/share/test_custom_srv/cmake/test_custom_srvConfig-version.cmake\n'}
[1.134329] (test_custom_srv) StdoutLine: {'line': b'-- Up-to-date: /home/eragon/student133_ws/install/test_custom_srv/share/test_custom_srv/package.xml\n'}
[1.135188] (test_custom_msg) StdoutLine: {'line': b"Listing '/home/eragon/student133_ws/install/test_custom_msg/local/lib/python3.10/dist-packages/test_custom_msg'...\n"}
[1.135315] (test_custom_msg) StdoutLine: {'line': b"Listing '/home/eragon/student133_ws/install/test_custom_msg/local/lib/python3.10/dist-packages/test_custom_msg/msg'...\n"}
[1.135471] (test_custom_srv) CommandEnded: {'returncode': 0}
[1.148144] (test_custom_msg) StdoutLine: {'line': b'-- Up-to-date: /home/eragon/student133_ws/install/test_custom_msg/local/lib/python3.10/dist-packages/test_custom_msg/test_custom_msg_s__rosidl_typesupport_fastrtps_c.cpython-310-x86_64-linux-gnu.so\n'}
[1.149863] (test_custom_msg) StdoutLine: {'line': b'-- Up-to-date: /home/eragon/student133_ws/install/test_custom_msg/local/lib/python3.10/dist-packages/test_custom_msg/test_custom_msg_s__rosidl_typesupport_introspection_c.cpython-310-x86_64-linux-gnu.so\n'}
[1.151947] (test_custom_msg) StdoutLine: {'line': b'-- Up-to-date: /home/eragon/student133_ws/install/test_custom_msg/local/lib/python3.10/dist-packages/test_custom_msg/test_custom_msg_s__rosidl_typesupport_c.cpython-310-x86_64-linux-gnu.so\n'}
[1.152231] (test_custom_msg) StdoutLine: {'line': b'-- Up-to-date: /home/eragon/student133_ws/install/test_custom_msg/lib/libtest_custom_msg__rosidl_generator_py.so\n'}
[1.152380] (test_custom_msg) StdoutLine: {'line': b'-- Up-to-date: /home/eragon/student133_ws/install/test_custom_msg/share/test_custom_msg/msg/Triangle.idl\n'}
[1.152512] (test_custom_msg) StdoutLine: {'line': b'-- Up-to-date: /home/eragon/student133_ws/install/test_custom_msg/share/test_custom_msg/msg/Circle.idl\n'}
[1.152643] (test_custom_msg) StdoutLine: {'line': b'-- Up-to-date: /home/eragon/student133_ws/install/test_custom_msg/share/test_custom_msg/msg/Triangle.msg\n'}
[1.152772] (test_custom_msg) StdoutLine: {'line': b'-- Up-to-date: /home/eragon/student133_ws/install/test_custom_msg/share/test_custom_msg/msg/Circle.msg\n'}
[1.152916] (test_custom_msg) StdoutLine: {'line': b'-- Up-to-date: /home/eragon/student133_ws/install/test_custom_msg/share/ament_index/resource_index/package_run_dependencies/test_custom_msg\n'}
[1.153352] (test_custom_msg) StdoutLine: {'line': b'-- Up-to-date: /home/eragon/student133_ws/install/test_custom_msg/share/ament_index/resource_index/parent_prefix_path/test_custom_msg\n'}
[1.153497] (test_custom_msg) StdoutLine: {'line': b'-- Up-to-date: /home/eragon/student133_ws/install/test_custom_msg/share/test_custom_msg/environment/ament_prefix_path.sh\n'}
[1.153631] (test_custom_msg) StdoutLine: {'line': b'-- Up-to-date: /home/eragon/student133_ws/install/test_custom_msg/share/test_custom_msg/environment/ament_prefix_path.dsv\n'}
[1.153757] (test_custom_msg) StdoutLine: {'line': b'-- Up-to-date: /home/eragon/student133_ws/install/test_custom_msg/share/test_custom_msg/environment/path.sh\n'}
[1.153869] (test_custom_msg) StdoutLine: {'line': b'-- Up-to-date: /home/eragon/student133_ws/install/test_custom_msg/share/test_custom_msg/environment/path.dsv\n'}
[1.154031] (test_custom_msg) StdoutLine: {'line': b'-- Up-to-date: /home/eragon/student133_ws/install/test_custom_msg/share/test_custom_msg/local_setup.bash\n'}
[1.154152] (test_custom_msg) StdoutLine: {'line': b'-- Up-to-date: /home/eragon/student133_ws/install/test_custom_msg/share/test_custom_msg/local_setup.sh\n'}
[1.154262] (test_custom_msg) StdoutLine: {'line': b'-- Up-to-date: /home/eragon/student133_ws/install/test_custom_msg/share/test_custom_msg/local_setup.zsh\n'}
[1.154372] (test_custom_msg) StdoutLine: {'line': b'-- Up-to-date: /home/eragon/student133_ws/install/test_custom_msg/share/test_custom_msg/local_setup.dsv\n'}
[1.154482] (test_custom_msg) StdoutLine: {'line': b'-- Installing: /home/eragon/student133_ws/install/test_custom_msg/share/test_custom_msg/package.dsv\n'}
[1.154593] (test_custom_msg) StdoutLine: {'line': b'-- Up-to-date: /home/eragon/student133_ws/install/test_custom_msg/share/ament_index/resource_index/packages/test_custom_msg\n'}
[1.154705] (test_custom_msg) StdoutLine: {'line': b'-- Up-to-date: /home/eragon/student133_ws/install/test_custom_msg/share/test_custom_msg/cmake/export_test_custom_msg__rosidl_generator_cExport.cmake\n'}
[1.155112] (test_custom_msg) StdoutLine: {'line': b'-- Up-to-date: /home/eragon/student133_ws/install/test_custom_msg/share/test_custom_msg/cmake/export_test_custom_msg__rosidl_generator_cExport-debug.cmake\n'}
[1.155226] (test_custom_msg) StdoutLine: {'line': b'-- Up-to-date: /home/eragon/student133_ws/install/test_custom_msg/share/test_custom_msg/cmake/export_test_custom_msg__rosidl_typesupport_fastrtps_cExport.cmake\n'}
[1.155332] (test_custom_msg) StdoutLine: {'line': b'-- Up-to-date: /home/eragon/student133_ws/install/test_custom_msg/share/test_custom_msg/cmake/export_test_custom_msg__rosidl_typesupport_fastrtps_cExport-debug.cmake\n'}
[1.155437] (test_custom_msg) StdoutLine: {'line': b'-- Up-to-date: /home/eragon/student133_ws/install/test_custom_msg/share/test_custom_msg/cmake/export_test_custom_msg__rosidl_generator_cppExport.cmake\n'}
[1.155542] (test_custom_msg) StdoutLine: {'line': b'-- Up-to-date: /home/eragon/student133_ws/install/test_custom_msg/share/test_custom_msg/cmake/export_test_custom_msg__rosidl_typesupport_fastrtps_cppExport.cmake\n'}
[1.155727] (test_custom_msg) StdoutLine: {'line': b'-- Up-to-date: /home/eragon/student133_ws/install/test_custom_msg/share/test_custom_msg/cmake/export_test_custom_msg__rosidl_typesupport_fastrtps_cppExport-debug.cmake\n'}
[1.155835] (test_custom_msg) StdoutLine: {'line': b'-- Up-to-date: /home/eragon/student133_ws/install/test_custom_msg/share/test_custom_msg/cmake/test_custom_msg__rosidl_typesupport_introspection_cExport.cmake\n'}
[1.155966] (test_custom_msg) StdoutLine: {'line': b'-- Up-to-date: /home/eragon/student133_ws/install/test_custom_msg/share/test_custom_msg/cmake/test_custom_msg__rosidl_typesupport_introspection_cExport-debug.cmake\n'}
[1.156081] (test_custom_msg) StdoutLine: {'line': b'-- Up-to-date: /home/eragon/student133_ws/install/test_custom_msg/share/test_custom_msg/cmake/test_custom_msg__rosidl_typesupport_cExport.cmake\n'}
[1.156191] (test_custom_msg) StdoutLine: {'line': b'-- Up-to-date: /home/eragon/student133_ws/install/test_custom_msg/share/test_custom_msg/cmake/test_custom_msg__rosidl_typesupport_cExport-debug.cmake\n'}
[1.156300] (test_custom_msg) StdoutLine: {'line': b'-- Up-to-date: /home/eragon/student133_ws/install/test_custom_msg/share/test_custom_msg/cmake/test_custom_msg__rosidl_typesupport_introspection_cppExport.cmake\n'}
[1.156407] (test_custom_msg) StdoutLine: {'line': b'-- Up-to-date: /home/eragon/student133_ws/install/test_custom_msg/share/test_custom_msg/cmake/test_custom_msg__rosidl_typesupport_introspection_cppExport-debug.cmake\n'}
[1.156516] (test_custom_msg) StdoutLine: {'line': b'-- Up-to-date: /home/eragon/student133_ws/install/test_custom_msg/share/test_custom_msg/cmake/test_custom_msg__rosidl_typesupport_cppExport.cmake\n'}
[1.156631] (test_custom_msg) StdoutLine: {'line': b'-- Up-to-date: /home/eragon/student133_ws/install/test_custom_msg/share/test_custom_msg/cmake/test_custom_msg__rosidl_typesupport_cppExport-debug.cmake\n'}
[1.156745] (test_custom_msg) StdoutLine: {'line': b'-- Up-to-date: /home/eragon/student133_ws/install/test_custom_msg/share/test_custom_msg/cmake/export_test_custom_msg__rosidl_generator_pyExport.cmake\n'}
[1.156858] (test_custom_msg) StdoutLine: {'line': b'-- Up-to-date: /home/eragon/student133_ws/install/test_custom_msg/share/test_custom_msg/cmake/export_test_custom_msg__rosidl_generator_pyExport-debug.cmake\n'}
[1.157052] (test_custom_msg) StdoutLine: {'line': b'-- Up-to-date: /home/eragon/student133_ws/install/test_custom_msg/share/test_custom_msg/cmake/rosidl_cmake-extras.cmake\n'}
[1.157176] (test_custom_msg) StdoutLine: {'line': b'-- Up-to-date: /home/eragon/student133_ws/install/test_custom_msg/share/test_custom_msg/cmake/ament_cmake_export_dependencies-extras.cmake\n'}
[1.157324] (test_custom_msg) StdoutLine: {'line': b'-- Up-to-date: /home/eragon/student133_ws/install/test_custom_msg/share/test_custom_msg/cmake/ament_cmake_export_include_directories-extras.cmake\n'}
[1.157476] (test_custom_msg) StdoutLine: {'line': b'-- Up-to-date: /home/eragon/student133_ws/install/test_custom_msg/share/test_custom_msg/cmake/ament_cmake_export_libraries-extras.cmake\n'}
[1.157588] (test_custom_msg) StdoutLine: {'line': b'-- Up-to-date: /home/eragon/student133_ws/install/test_custom_msg/share/test_custom_msg/cmake/ament_cmake_export_targets-extras.cmake\n'}
[1.157698] (test_custom_msg) StdoutLine: {'line': b'-- Up-to-date: /home/eragon/student133_ws/install/test_custom_msg/share/test_custom_msg/cmake/rosidl_cmake_export_typesupport_targets-extras.cmake\n'}
[1.157807] (test_custom_msg) StdoutLine: {'line': b'-- Up-to-date: /home/eragon/student133_ws/install/test_custom_msg/share/test_custom_msg/cmake/rosidl_cmake_export_typesupport_libraries-extras.cmake\n'}
[1.157933] (test_custom_msg) StdoutLine: {'line': b'-- Up-to-date: /home/eragon/student133_ws/install/test_custom_msg/share/test_custom_msg/cmake/test_custom_msgConfig.cmake\n'}
[1.158095] (test_custom_msg) StdoutLine: {'line': b'-- Up-to-date: /home/eragon/student133_ws/install/test_custom_msg/share/test_custom_msg/cmake/test_custom_msgConfig-version.cmake\n'}
[1.158199] (test_custom_msg) StdoutLine: {'line': b'-- Up-to-date: /home/eragon/student133_ws/install/test_custom_msg/share/test_custom_msg/package.xml\n'}
[1.158308] (test_basic_publisher) CommandEnded: {'returncode': 0}
[1.158923] (test_basic_publisher) JobProgress: {'identifier': 'test_basic_publisher', 'progress': 'build'}
[1.158974] (test_basic_publisher) Command: {'cmd': ['/usr/bin/cmake', '--build', '/home/eragon/student133_ws/build/test_basic_publisher', '--', '-j8', '-l8'], 'cwd': '/home/eragon/student133_ws/build/test_basic_publisher', 'env': OrderedDict([('GJS_DEBUG_TOPICS', 'JS ERROR;JS LOG'), ('LANGUAGE', 'ru'), ('LC_TIME', 'ru_RU.UTF-8'), ('USER', 'eragon'), ('XDG_SESSION_TYPE', 'wayland'), ('LD_LIBRARY_PATH', '/home/eragon/student133_ws/install/test_custom_srv/lib:/home/eragon/student133_ws/install/test_custom_msg/lib:/opt/ros/humble/opt/rviz_ogre_vendor/lib:/opt/ros/humble/lib/x86_64-linux-gnu:/opt/ros/humble/lib'), ('SHLVL', '1'), ('HOME', '/home/eragon'), ('DESKTOP_SESSION', 'ubuntu'), ('QTDIR', '/usr/lib/x86_64-linux-gnu/qt5'), ('GIO_LAUNCHED_DESKTOP_FILE', '/home/eragon/.local/share/applications/org.qt-project.qtcreator.desktop'), ('GNOME_SHELL_SESSION_MODE', 'ubuntu'), ('GTK_MODULES', 'gail:atk-bridge'), ('ROS_PYTHON_VERSION', '3'), ('LC_MONETARY', 'ru_RU.UTF-8'), ('MANAGERPID', '869'), ('DBUS_SESSION_BUS_ADDRESS', 'unix:path'), ('SYSTEMD_EXEC_PID', '1041'), ('GIO_LAUNCHED_DESKTOP_FILE_PID', '2694'), ('COLCON_PREFIX_PATH', '/home/eragon/student133_ws/install'), ('IM_CONFIG_PHASE', '1'), ('ROS_DISTRO', 'humble'), ('WAYLAND_DISPLAY', 'wayland-0'), ('LOGNAME', 'eragon'), ('JOURNAL_STREAM', '8:8864'), ('_', '/usr/bin/env'), ('ROS_VERSION', '2'), ('XDG_SESSION_CLASS', 'user'), ('QSG_RHI_BACKEND', 'opengl'), ('USERNAME', 'eragon'), ('GNOME_DESKTOP_SESSION_ID', 'this-is-deprecated'), ('ROS_LOCALHOST_ONLY', '0'), ('PATH', '/opt/ros/humble/bin:/home/eragon/.local/bin:/usr/local/sbin:/usr/local/bin:/usr/sbin:/usr/bin:/sbin:/bin:/usr/games:/usr/local/games:/snap/bin:/snap/bin'), ('INVOCATION_ID', '68df7faf19e64317b848cbed1cabd08b'), ('PAPERSIZE', 'a4'), ('SESSION_MANAGER', 'local/eragon-KPL-W0X:@/tmp/.ICE-unix/1015,unix/eragon-KPL-W0X:/tmp/.ICE-unix/1015'), ('GNOME_SETUP_DISPLAY', ':1'), ('LC_ADDRESS', 'ru_RU.UTF-8'), ('XDG_MENU_PREFIX', 'gnome-'), ('XDG_RUNTIME_DIR', '/run/user/1000'), ('DISPLAY', ':0'), ('LANG', 'ru_RU.UTF-8'), ('LC_TELEPHONE', 'ru_RU.UTF-8'), ('XDG_CURRENT_DESKTOP', 'ubuntu:GNOME'), ('XAUTHORITY', '/run/user/1000/.mutter-Xwaylandauth.JLCEW2'), ('XDG_SESSION_DESKTOP', 'ubuntu'), ('XMODIFIERS', '@im'), ('AMENT_PREFIX_PATH', '/home/eragon/student133_ws/install/test_visualization:/home/eragon/student133_ws/install/test_subscriber:/home/eragon/student133_ws/install/test_service:/home/eragon/student133_ws/install/test_serial_communication:/home/eragon/student133_ws/install/test_publisher:/home/eragon/student133_ws/install/test_pkg:/home/eragon/student133_ws/install/test_parameters:/home/eragon/student133_ws/install/test_custom_publisher:/home/eragon/student133_ws/install/test_client:/home/eragon/student133_ws/install/test_castom_publisher:/home/eragon/student133_ws/install/custom_counter:/opt/ros/humble'), ('SSH_AGENT_LAUNCHER', 'gnome-keyring'), ('SSH_AUTH_SOCK', '/run/user/1000/keyring/ssh'), ('LC_NAME', 'ru_RU.UTF-8'), ('SHELL', '/bin/bash'), ('GDMSESSION', 'ubuntu'), ('QT_ACCESSIBILITY', '1'), ('LC_MEASUREMENT', 'ru_RU.UTF-8'), ('GJS_DEBUG_OUTPUT', 'stderr'), ('LC_IDENTIFICATION', 'ru_RU.UTF-8'), ('QT_IM_MODULE', 'ibus'), ('LC_ALL', 'en_US.UTF-8'), ('PWD', '/home/eragon/student133_ws/build/test_basic_publisher'), ('QT_QPA_PLATFORM', 'xcb'), ('XDG_CONFIG_DIRS', '/etc/xdg/xdg-ubuntu:/etc/xdg'), ('XDG_DATA_DIRS', '/usr/share/ubuntu:/usr/local/share/:/usr/share/:/var/lib/snapd/desktop'), ('LC_NUMERIC', 'ru_RU.UTF-8'), ('PYTHONPATH', '/opt/ros/humble/lib/python3.10/site-packages:/opt/ros/humble/local/lib/python3.10/dist-packages'), ('LC_PAPER', 'ru_RU.UTF-8'), ('COLCON', '1'), ('CMAKE_PREFIX_PATH', '/home/eragon/student133_ws/install/test_visualization:/home/eragon/student133_ws/install/test_subscriber:/home/eragon/student133_ws/install/test_service:/home/eragon/student133_ws/install/test_serial_communication:/home/eragon/student133_ws/install/test_publisher:/home/eragon/student133_ws/install/test_pkg:/home/eragon/student133_ws/install/test_parameters:/home/eragon/student133_ws/install/test_custom_srv:/home/eragon/student133_ws/install/test_custom_publisher:/home/eragon/student133_ws/install/test_custom_msg:/home/eragon/student133_ws/install/test_client:/home/eragon/student133_ws/install/test_castom_publisher:/home/eragon/student133_ws/install/custom_counter:/opt/ros/humble')]), 'shell': False}
[1.159761] (test_custom_msg) CommandEnded: {'returncode': 0}
[1.182119] (test_tf_broadcaster) StdoutLine: {'line': b'-- Found rmw_implementation_cmake: 6.1.2 (/opt/ros/humble/share/rmw_implementation_cmake/cmake)\n'}
[1.182339] (test_tf_broadcaster) StdoutLine: {'line': b'-- Found rmw_fastrtps_cpp: 6.2.7 (/opt/ros/humble/share/rmw_fastrtps_cpp/cmake)\n'}
[1.220653] (-) TimerEvent: {}
[1.221177] (test_basic_publisher) StdoutLine: {'line': b'[ 50%] Building CXX object CMakeFiles/test_basic_publisher.dir/src/test_basic_publisher.cpp.o\n'}
[1.277384] (test_custom_srv) JobEnded: {'identifier': 'test_custom_srv', 'rc': 0}
[1.308130] (test_tf_broadcaster) StdoutLine: {'line': b"-- Using RMW implementation 'rmw_fastrtps_cpp' as default\n"}
[1.321240] (-) TimerEvent: {}
[1.325619] (test_custom_msg) JobEnded: {'identifier': 'test_custom_msg', 'rc': 0}
[1.367010] (test_tf_broadcaster) StdoutLine: {'line': b'-- Found ament_lint_auto: 0.12.11 (/opt/ros/humble/share/ament_lint_auto/cmake)\n'}
[1.421380] (-) TimerEvent: {}
[1.466397] (test_tf_broadcaster) StdoutLine: {'line': b"-- Added test 'cppcheck' to perform static code analysis on C / C++ code\n"}
[1.466698] (test_tf_broadcaster) StdoutLine: {'line': b'-- Configured cppcheck include dirs: \n'}
[1.466865] (test_tf_broadcaster) StdoutLine: {'line': b'-- Configured cppcheck exclude dirs and/or files: \n'}
[1.467367] (test_tf_broadcaster) StdoutLine: {'line': b"-- Added test 'lint_cmake' to check CMake code style\n"}
[1.469086] (test_tf_broadcaster) StdoutLine: {'line': b"-- Added test 'uncrustify' to check C / C++ code style\n"}
[1.469349] (test_tf_broadcaster) StdoutLine: {'line': b'-- Configured uncrustify additional arguments: \n'}
[1.469715] (test_tf_broadcaster) StdoutLine: {'line': b"-- Added test 'xmllint' to check XML markup files\n"}
[1.471059] (test_tf_broadcaster) StdoutLine: {'line': b'-- Configuring done\n'}
[1.476174] (test_tf_broadcaster) StderrLine: {'line': b'CMake Error at CMakeLists.txt:28 (add_executable):\n'}
[1.476522] (test_tf_broadcaster) StderrLine: {'line': b'  Cannot find source file:\n'}
[1.476687] (test_tf_broadcaster) StderrLine: {'line': b'\n'}
[1.476838] (test_tf_broadcaster) StderrLine: {'line': b'    src/test_tf_broadcaster.cpp\n'}
[1.477028] (test_tf_broadcaster) StderrLine: {'line': b'\n'}
[1.477199] (test_tf_broadcaster) StderrLine: {'line': b'  Tried extensions .c .C .c++ .cc .cpp .cxx .cu .mpp .m .M .mm .ixx .cppm .h\n'}
[1.477349] (test_tf_broadcaster) StderrLine: {'line': b'  .hh .h++ .hm .hpp .hxx .in .txx .f .F .for .f77 .f90 .f95 .f03 .hip .ispc\n'}
[1.477511] (test_tf_broadcaster) StderrLine: {'line': b'\n'}
[1.477667] (test_tf_broadcaster) StderrLine: {'line': b'\n'}
[1.478114] (test_tf_broadcaster) StderrLine: {'line': b'CMake Error at CMakeLists.txt:28 (add_executable):\n'}
[1.478287] (test_tf_broadcaster) StderrLine: {'line': b'  No SOURCES given to target: test_tf_broadcaster_node\n'}
[1.478438] (test_tf_broadcaster) StderrLine: {'line': b'\n'}
[1.478586] (test_tf_broadcaster) StderrLine: {'line': b'\n'}
[1.478731] (test_tf_broadcaster) StderrLine: {'line': b'CMake Generate step failed.  Build files cannot be regenerated correctly.\n'}
[1.488286] (test_tf_broadcaster) CommandEnded: {'returncode': 1}
[1.518241] (test_tf_broadcaster) JobEnded: {'identifier': 'test_tf_broadcaster', 'rc': 1}
[1.521464] (-) TimerEvent: {}
[1.621802] (-) TimerEvent: {}
[1.722236] (-) TimerEvent: {}
[1.822654] (-) TimerEvent: {}
[1.923041] (-) TimerEvent: {}
[2.023449] (-) TimerEvent: {}
[2.123847] (-) TimerEvent: {}
[2.224259] (-) TimerEvent: {}
[2.324671] (-) TimerEvent: {}
[2.425116] (-) TimerEvent: {}
[2.525526] (-) TimerEvent: {}
[2.625925] (-) TimerEvent: {}
[2.726333] (-) TimerEvent: {}
[2.826746] (-) TimerEvent: {}
[2.927186] (-) TimerEvent: {}
[3.027613] (-) TimerEvent: {}
[3.128022] (-) TimerEvent: {}
[3.228433] (-) TimerEvent: {}
[3.328844] (-) TimerEvent: {}
[3.429258] (-) TimerEvent: {}
[3.529648] (-) TimerEvent: {}
[3.630097] (-) TimerEvent: {}
[3.730504] (-) TimerEvent: {}
[3.830975] (-) TimerEvent: {}
[3.931387] (-) TimerEvent: {}
[4.031780] (-) TimerEvent: {}
[4.070822] (test_basic_publisher) StderrLine: {'line': b'/home/eragon/student133_ws/src/test_basic_publisher/src/test_basic_publisher.cpp: In constructor \xe2\x80\x98TestBasicPublisher::TestBasicPublisher()\xe2\x80\x99:\n'}
[4.071189] (test_basic_publisher) StderrLine: {'line': b'/home/eragon/student133_ws/src/test_basic_publisher/src/test_basic_publisher.cpp:17:48: error: \xe2\x80\x98TestNode\xe2\x80\x99 has not been declared\n'}
[4.071359] (test_basic_publisher) StderrLine: {'line': b'   17 |                                     std::bind(&TestNode::timer_callback,\n'}
[4.071510] (test_basic_publisher) StderrLine: {'line': b'      |                                                ^~~~~~~~\n'}
[4.075879] (test_basic_publisher) StderrLine: {'line': b'/home/eragon/student133_ws/src/test_basic_publisher/src/test_basic_publisher.cpp: In function \xe2\x80\x98int main(int, char**)\xe2\x80\x99:\n'}
[4.076191] (test_basic_publisher) StderrLine: {'line': b'/home/eragon/student133_ws/src/test_basic_publisher/src/test_basic_publisher.cpp:35:35: error: \xe2\x80\x98TestNode\xe2\x80\x99 was not declared in this scope\n'}
[4.076350] (test_basic_publisher) StderrLine: {'line': b'   35 |     rclcpp::spin(std::make_shared<TestNode>());\n'}
[4.076497] (test_basic_publisher) StderrLine: {'line': b'      |                                   ^~~~~~~~\n'}
[4.076641] (test_basic_publisher) StderrLine: {'line': b'/home/eragon/student133_ws/src/test_basic_publisher/src/test_basic_publisher.cpp:35:44: error: no matching function for call to \xe2\x80\x98make_shared<<expression error> >()\xe2\x80\x99\n'}
[4.076785] (test_basic_publisher) StderrLine: {'line': b'   35 |     rclcpp::spin(std::make_shared<TestNode>());\n'}
[4.076952] (test_basic_publisher) StderrLine: {'line': b'      |                  ~~~~~~~~~~~~~~~~~~~~~~~~~~^~\n'}
[4.077112] (test_basic_publisher) StderrLine: {'line': b'In file included from /usr/include/c++/11/memory:77,\n'}
[4.077253] (test_basic_publisher) StderrLine: {'line': b'                 from /opt/ros/humble/include/rclcpp/rclcpp/rclcpp.hpp:153,\n'}
[4.077393] (test_basic_publisher) StderrLine: {'line': b'                 from /home/eragon/student133_ws/src/test_basic_publisher/src/test_basic_publisher.cpp:2:\n'}
[4.077534] (test_basic_publisher) StderrLine: {'line': b'/usr/include/c++/11/bits/shared_ptr.h:875:5: note: candidate: \xe2\x80\x98template<class _Tp, class ... _Args> std::shared_ptr<_Tp> std::make_shared(_Args&& ...)\xe2\x80\x99\n'}
[4.077730] (test_basic_publisher) StderrLine: {'line': b'  875 |     make_shared(_Args&&... __args)\n'}
[4.077872] (test_basic_publisher) StderrLine: {'line': b'      |     ^~~~~~~~~~~\n'}
[4.078046] (test_basic_publisher) StderrLine: {'line': b'/usr/include/c++/11/bits/shared_ptr.h:875:5: note:   template argument deduction/substitution failed:\n'}
[4.078194] (test_basic_publisher) StderrLine: {'line': b'/home/eragon/student133_ws/src/test_basic_publisher/src/test_basic_publisher.cpp:35:44: error: template argument 1 is invalid\n'}
[4.078334] (test_basic_publisher) StderrLine: {'line': b'   35 |     rclcpp::spin(std::make_shared<TestNode>());\n'}
[4.078472] (test_basic_publisher) StderrLine: {'line': b'      |                  ~~~~~~~~~~~~~~~~~~~~~~~~~~^~\n'}
[4.131966] (-) TimerEvent: {}
[4.232395] (-) TimerEvent: {}
[4.332798] (-) TimerEvent: {}
[4.433243] (-) TimerEvent: {}
[4.533653] (-) TimerEvent: {}
[4.634096] (-) TimerEvent: {}
[4.734482] (-) TimerEvent: {}
[4.834887] (-) TimerEvent: {}
[4.935295] (-) TimerEvent: {}
[5.035695] (-) TimerEvent: {}
[5.136133] (-) TimerEvent: {}
[5.162825] (test_basic_publisher) StderrLine: {'line': b'gmake[2]: *** [CMakeFiles/test_basic_publisher.dir/build.make:76: CMakeFiles/test_basic_publisher.dir/src/test_basic_publisher.cpp.o] \xd0\x9e\xd1\x88\xd0\xb8\xd0\xb1\xd0\xba\xd0\xb0 1\n'}
[5.163398] (test_basic_publisher) StderrLine: {'line': b'gmake[1]: *** [CMakeFiles/Makefile2:137: CMakeFiles/test_basic_publisher.dir/all] \xd0\x9e\xd1\x88\xd0\xb8\xd0\xb1\xd0\xba\xd0\xb0 2\n'}
[5.163593] (test_basic_publisher) StderrLine: {'line': b'gmake: *** [Makefile:146: all] \xd0\x9e\xd1\x88\xd0\xb8\xd0\xb1\xd0\xba\xd0\xb0 2\n'}
[5.166115] (test_basic_publisher) JobEnded: {'identifier': 'test_basic_publisher', 'rc': 'SIGINT'}
[5.176969] (-) EventReactorShutdown: {}
