Consolidate compiler generated dependencies of target test_subscriber_node
[ 50%] Building CXX object CMakeFiles/test_subscriber_node.dir/src/test_subscriber_node.cpp.o
/home/robot33-6/student133_ws/src/test_subscriber/src/test_subscriber_node.cpp: In constructor ‘TestSubscriber::TestSubscriber()’:
/home/robot33-6/student133_ws/src/test_subscriber/src/test_subscriber_node.cpp:42:33: error: unable to find numeric literal operator ‘operator""s’
   42 |         this->create_wall_timer(1s, std::bind(&TestPublisher::timer_callback,
      |                                 ^~
/home/robot33-6/student133_ws/src/test_subscriber/src/test_subscriber_node.cpp:42:48: error: ‘TestPublisher’ has not been declared
   42 |         this->create_wall_timer(1s, std::bind(&TestPublisher::timer_callback,
      |                                                ^~~~~~~~~~~~~
gmake[2]: *** [CMakeFiles/test_subscriber_node.dir/build.make:76: CMakeFiles/test_subscriber_node.dir/src/test_subscriber_node.cpp.o] Error 1
gmake[1]: *** [CMakeFiles/Makefile2:137: CMakeFiles/test_subscriber_node.dir/all] Error 2
gmake: *** [Makefile:146: all] Error 2
