[0.032s] Invoking command in '/home/robot33-6/student133_ws/build/custom_counter': CMAKE_PREFIX_PATH=${CMAKE_PREFIX_PATH}:/opt/ros/humble /usr/bin/cmake --build /home/robot33-6/student133_ws/build/custom_counter -- -j8 -l8
[0.086s] Consolidate compiler generated dependencies of target custom_counter_node
[0.100s] [ 50%] Building CXX object CMakeFiles/custom_counter_node.dir/src/custom_counter_node.cpp.o
[2.279s] /home/robot33-6/student133_ws/src/custom_counter/src/custom_counter_node.cpp: In member function ‘int TestCounter::main(int, char**)’:
[2.279s] /home/robot33-6/student133_ws/src/custom_counter/src/custom_counter_node.cpp:65:1: warning: no return statement in function returning non-void [-Wreturn-type]
[2.279s]    65 | }};
[2.280s]       | ^
[4.332s] [100%] Linking CXX executable custom_counter_node
[4.404s] /usr/bin/ld: /usr/lib/gcc/x86_64-linux-gnu/11/../../../x86_64-linux-gnu/Scrt1.o: in function `_start':
[4.404s] (.text+0x1b): undefined reference to `main'
[4.409s] collect2: error: ld returned 1 exit status
[4.410s] gmake[2]: *** [CMakeFiles/custom_counter_node.dir/build.make:159: custom_counter_node] Error 1
[4.410s] gmake[1]: *** [CMakeFiles/Makefile2:137: CMakeFiles/custom_counter_node.dir/all] Error 2
[4.410s] gmake: *** [Makefile:146: all] Error 2
[4.412s] Invoked command in '/home/robot33-6/student133_ws/build/custom_counter' returned '2': CMAKE_PREFIX_PATH=${CMAKE_PREFIX_PATH}:/opt/ros/humble /usr/bin/cmake --build /home/robot33-6/student133_ws/build/custom_counter -- -j8 -l8
