[0.072s] Invoking command in '/home/eragon/student133_ws/build/test_image_processing': CMAKE_PREFIX_PATH=${CMAKE_PREFIX_PATH}:/opt/ros/humble /usr/bin/cmake --build /home/eragon/student133_ws/build/test_image_processing -- -j8 -l8
[0.267s] Consolidate compiler generated dependencies of target test_image_processing_node
[0.334s] [ 50%] Building CXX object CMakeFiles/test_image_processing_node.dir/src/test_image_processing_node.cpp.o
[6.096s] /home/eragon/student133_ws/src/test_image_processing/src/test_image_processing_node.cpp: In constructor ‘TestImageSensor::TestImageSensor()’:
[6.097s] /home/eragon/student133_ws/src/test_image_processing/src/test_image_processing_node.cpp:32:26: warning: comparison of integer expressions of different signedness: ‘int’ and ‘std::vector<cv::Vec<float, 3> >::size_type’ {aka ‘long unsigned int’} [-Wsign-compare]
[6.097s]    32 |         for(int i = 0; i < circles.size();i++) {
[6.097s]       |                        ~~^~~~~~~~~~~~~~~~
[6.097s] /home/eragon/student133_ws/src/test_image_processing/src/test_image_processing_node.cpp:36:50: error: no matching function for call to ‘cv::Point_<int>::Point_(float&, float&, float&, cv::Scalar, int)’
[6.097s]    36 |                             cv::Scalar(0,255,0),3));
[6.097s]       |                                                  ^
[6.098s] In file included from /usr/include/opencv4/opencv2/core.hpp:57,
[6.098s]                  from /usr/include/opencv4/opencv2/core/core.hpp:48,
[6.098s]                  from /opt/ros/humble/include/cv_bridge/cv_bridge/cv_bridge.h:43,
[6.098s]                  from /home/eragon/student133_ws/src/test_image_processing/src/test_image_processing_node.cpp:4:
[6.098s] /usr/include/opencv4/opencv2/core/types.hpp:1196:1: note: candidate: ‘cv::Point_<_Tp>::Point_(const cv::Vec<_Tp, 2>&) [with _Tp = int]’
[6.098s]  1196 | Point_<_Tp>::Point_(const Vec<_Tp,2>& v)
[6.098s]       | ^~~~~~~~~~~
[6.098s] /usr/include/opencv4/opencv2/core/types.hpp:1196:1: note:   candidate expects 1 argument, 5 provided
[6.099s] /usr/include/opencv4/opencv2/core/types.hpp:1192:1: note: candidate: ‘cv::Point_<_Tp>::Point_(const cv::Size_<_Tp>&) [with _Tp = int]’
[6.099s]  1192 | Point_<_Tp>::Point_(const Size_<_Tp>& sz)
[6.099s]       | ^~~~~~~~~~~
[6.099s] /usr/include/opencv4/opencv2/core/types.hpp:1192:1: note:   candidate expects 1 argument, 5 provided
[6.099s] /usr/include/opencv4/opencv2/core/types.hpp:1188:1: note: candidate: ‘cv::Point_<_Tp>::Point_(cv::Point_<_Tp>&&) [with _Tp = int]’
[6.099s]  1188 | Point_<_Tp>::Point_(Point_&& pt) CV_NOEXCEPT
[6.099s]       | ^~~~~~~~~~~
[6.099s] /usr/include/opencv4/opencv2/core/types.hpp:1188:1: note:   candidate expects 1 argument, 5 provided
[6.099s] /usr/include/opencv4/opencv2/core/types.hpp:1184:1: note: candidate: ‘cv::Point_<_Tp>::Point_(const cv::Point_<_Tp>&) [with _Tp = int]’
[6.099s]  1184 | Point_<_Tp>::Point_(const Point_& pt)
[6.100s]       | ^~~~~~~~~~~
[6.100s] /usr/include/opencv4/opencv2/core/types.hpp:1184:1: note:   candidate expects 1 argument, 5 provided
[6.100s] /usr/include/opencv4/opencv2/core/types.hpp:1180:1: note: candidate: ‘cv::Point_<_Tp>::Point_(_Tp, _Tp) [with _Tp = int]’
[6.100s]  1180 | Point_<_Tp>::Point_(_Tp _x, _Tp _y)
[6.100s]       | ^~~~~~~~~~~
[6.100s] /usr/include/opencv4/opencv2/core/types.hpp:1180:1: note:   candidate expects 2 arguments, 5 provided
[6.100s] /usr/include/opencv4/opencv2/core/types.hpp:1176:1: note: candidate: ‘cv::Point_<_Tp>::Point_() [with _Tp = int]’
[6.100s]  1176 | Point_<_Tp>::Point_()
[6.100s]       | ^~~~~~~~~~~
[6.100s] /usr/include/opencv4/opencv2/core/types.hpp:1176:1: note:   candidate expects 0 arguments, 5 provided
[7.292s] gmake[2]: *** [CMakeFiles/test_image_processing_node.dir/build.make:76: CMakeFiles/test_image_processing_node.dir/src/test_image_processing_node.cpp.o] Ошибка 1
[7.292s] gmake[1]: *** [CMakeFiles/Makefile2:137: CMakeFiles/test_image_processing_node.dir/all] Ошибка 2
[7.293s] gmake: *** [Makefile:146: all] Ошибка 2
[7.298s] Invoked command in '/home/eragon/student133_ws/build/test_image_processing' returned '2': CMAKE_PREFIX_PATH=${CMAKE_PREFIX_PATH}:/opt/ros/humble /usr/bin/cmake --build /home/eragon/student133_ws/build/test_image_processing -- -j8 -l8
