[0.202s] Invoking command in '/home/robot33-6/student133_ws/build/test_subscriber': CMAKE_PREFIX_PATH=${CMAKE_PREFIX_PATH}:/opt/ros/humble /usr/bin/cmake --build /home/robot33-6/student133_ws/build/test_subscriber -- -j8 -l8
[0.294s] Consolidate compiler generated dependencies of target test_subscriber_node
[0.294s] [ 50%] Building CXX object CMakeFiles/test_subscriber_node.dir/src/test_subscriber_node.cpp.o
[2.178s] In file included from /opt/ros/humble/include/rclcpp/rclcpp/client.hpp:40,
[2.178s]                  from /opt/ros/humble/include/rclcpp/rclcpp/callback_group.hpp:24,
[2.178s]                  from /opt/ros/humble/include/rclcpp/rclcpp/any_executable.hpp:20,
[2.178s]                  from /opt/ros/humble/include/rclcpp/rclcpp/memory_strategy.hpp:25,
[2.178s]                  from /opt/ros/humble/include/rclcpp/rclcpp/memory_strategies.hpp:18,
[2.178s]                  from /opt/ros/humble/include/rclcpp/rclcpp/executor_options.hpp:20,
[2.178s]                  from /opt/ros/humble/include/rclcpp/rclcpp/executor.hpp:37,
[2.179s]                  from /opt/ros/humble/include/rclcpp/rclcpp/executors/multi_threaded_executor.hpp:25,
[2.179s]                  from /opt/ros/humble/include/rclcpp/rclcpp/executors.hpp:21,
[2.179s]                  from /opt/ros/humble/include/rclcpp/rclcpp/rclcpp.hpp:155,
[2.179s]                  from /home/robot33-6/student133_ws/src/test_subscriber/src/test_subscriber_node.cpp:1:
[2.179s] /home/robot33-6/student133_ws/src/test_subscriber/src/test_subscriber_node.cpp: In member function ‘void TestSubscriber::message_callback(const Int32&) const’:
[2.179s] /home/robot33-6/student133_ws/src/test_subscriber/src/test_subscriber_node.cpp:47:23: error: increment of member ‘TestSubscriber::counter’ in read-only object
[2.179s]    47 |                       counter++);
[2.179s]       |                       ^~~~~~~
[2.179s] /home/robot33-6/student133_ws/src/test_subscriber/src/test_subscriber_node.cpp:43:53: warning: unused parameter ‘msg’ [-Wunused-parameter]
[2.179s]    43 |   void message_callback(const std_msgs::msg::Int32 &msg) const
[2.179s]       |                         ~~~~~~~~~~~~~~~~~~~~~~~~~~~~^~~
[3.898s] gmake[2]: *** [CMakeFiles/test_subscriber_node.dir/build.make:76: CMakeFiles/test_subscriber_node.dir/src/test_subscriber_node.cpp.o] Error 1
[3.899s] gmake[1]: *** [CMakeFiles/Makefile2:137: CMakeFiles/test_subscriber_node.dir/all] Error 2
[3.899s] gmake: *** [Makefile:146: all] Error 2
[3.900s] Invoked command in '/home/robot33-6/student133_ws/build/test_subscriber' returned '2': CMAKE_PREFIX_PATH=${CMAKE_PREFIX_PATH}:/opt/ros/humble /usr/bin/cmake --build /home/robot33-6/student133_ws/build/test_subscriber -- -j8 -l8
