[0.122s] Invoking command in '/home/robot33-6/student133_ws/build/test_publisher': CMAKE_PREFIX_PATH=${CMAKE_PREFIX_PATH}:/opt/ros/humble /usr/bin/cmake --build /home/robot33-6/student133_ws/build/test_publisher -- -j8 -l8
[0.185s] Consolidate compiler generated dependencies of target test_publisher_node
[0.233s] [ 50%] Building CXX object CMakeFiles/test_publisher_node.dir/src/test_publisher_node.cpp.o
[2.279s] /home/robot33-6/student133_ws/src/test_publisher/src/test_publisher_node.cpp: In constructor ‘TestPublisher::TestPublisher()’:
[2.279s] /home/robot33-6/student133_ws/src/test_publisher/src/test_publisher_node.cpp:17:55: error: ‘int32’ is not a member of ‘std_msgs::msg’
[2.279s]    17 |     publisher = this->create_publisher<std_msgs::msg::int32.msg>
[2.279s]       |                                                       ^~~~~
[2.279s] /home/robot33-6/student133_ws/src/test_publisher/src/test_publisher_node.cpp:18:29: error: no matching function for call to ‘TestPublisher::create_publisher<<expression error> >(const char [7], int)’
[2.279s]    17 |     publisher = this->create_publisher<std_msgs::msg::int32.msg>
[2.279s]       |                 ~~~~~~~~~~~~~~~~~~~~~~~~~~~~~~~~~~~~~~~~~~~~~~~~
[2.279s]    18 |                             ("msg_tr",8);
[2.279s]       |                             ^~~~~~~~~~~~
[2.279s] In file included from /opt/ros/humble/include/rclcpp/rclcpp/node.hpp:1321,
[2.279s]                  from /opt/ros/humble/include/rclcpp/rclcpp/executors/single_threaded_executor.hpp:28,
[2.279s]                  from /opt/ros/humble/include/rclcpp/rclcpp/executors.hpp:22,
[2.279s]                  from /opt/ros/humble/include/rclcpp/rclcpp/rclcpp.hpp:155,
[2.279s]                  from /home/robot33-6/student133_ws/src/test_publisher/src/test_publisher_node.cpp:1:
[2.279s] /opt/ros/humble/include/rclcpp/rclcpp/node_impl.hpp:73:1: note: candidate: ‘template<class MessageT, class AllocatorT, class PublisherT> std::shared_ptr<PublisherT> rclcpp::Node::create_publisher(const string&, const rclcpp::QoS&, const rclcpp::PublisherOptionsWithAllocator<AllocatorT>&)’
[2.279s]    73 | Node::create_publisher(
[2.280s]       | ^~~~
[2.280s] /opt/ros/humble/include/rclcpp/rclcpp/node_impl.hpp:73:1: note:   template argument deduction/substitution failed:
[2.280s] /home/robot33-6/student133_ws/src/test_publisher/src/test_publisher_node.cpp:18:29: error: template argument 1 is invalid
[2.280s]    17 |     publisher = this->create_publisher<std_msgs::msg::int32.msg>
[2.280s]       |                 ~~~~~~~~~~~~~~~~~~~~~~~~~~~~~~~~~~~~~~~~~~~~~~~~
[2.280s]    18 |                             ("msg_tr",8);
[2.280s]       |                             ^~~~~~~~~~~~
[3.126s] gmake[2]: *** [CMakeFiles/test_publisher_node.dir/build.make:76: CMakeFiles/test_publisher_node.dir/src/test_publisher_node.cpp.o] Error 1
[3.127s] gmake[1]: *** [CMakeFiles/Makefile2:137: CMakeFiles/test_publisher_node.dir/all] Error 2
[3.127s] gmake: *** [Makefile:146: all] Error 2
[3.128s] Invoked command in '/home/robot33-6/student133_ws/build/test_publisher' returned '2': CMAKE_PREFIX_PATH=${CMAKE_PREFIX_PATH}:/opt/ros/humble /usr/bin/cmake --build /home/robot33-6/student133_ws/build/test_publisher -- -j8 -l8
