[0.000000] (-) TimerEvent: {}
[0.000640] (custom_counter) JobQueued: {'identifier': 'custom_counter', 'dependencies': OrderedDict()}
[0.001259] (test_basic_publisher) JobQueued: {'identifier': 'test_basic_publisher', 'dependencies': OrderedDict()}
[0.001505] (test_client) JobQueued: {'identifier': 'test_client', 'dependencies': OrderedDict()}
[0.001547] (test_custom_msg) JobQueued: {'identifier': 'test_custom_msg', 'dependencies': OrderedDict()}
[0.001585] (test_custom_publisher) JobQueued: {'identifier': 'test_custom_publisher', 'dependencies': OrderedDict()}
[0.001621] (test_custom_srv) JobQueued: {'identifier': 'test_custom_srv', 'dependencies': OrderedDict()}
[0.001657] (test_parameters) JobQueued: {'identifier': 'test_parameters', 'dependencies': OrderedDict()}
[0.001692] (test_pkg) JobQueued: {'identifier': 'test_pkg', 'dependencies': OrderedDict()}
[0.001728] (test_publisher) JobQueued: {'identifier': 'test_publisher', 'dependencies': OrderedDict()}
[0.001763] (test_service) JobQueued: {'identifier': 'test_service', 'dependencies': OrderedDict()}
[0.001798] (test_subscriber) JobQueued: {'identifier': 'test_subscriber', 'dependencies': OrderedDict()}
[0.001833] (test_tf_broadcaster) JobQueued: {'identifier': 'test_tf_broadcaster', 'dependencies': OrderedDict()}
[0.001868] (test_visualization) JobQueued: {'identifier': 'test_visualization', 'dependencies': OrderedDict()}
[0.001904] (custom_counter) JobStarted: {'identifier': 'custom_counter'}
[0.010507] (test_basic_publisher) JobStarted: {'identifier': 'test_basic_publisher'}
[0.015975] (test_client) JobStarted: {'identifier': 'test_client'}
[0.021371] (test_custom_msg) JobStarted: {'identifier': 'test_custom_msg'}
[0.026882] (test_custom_publisher) JobStarted: {'identifier': 'test_custom_publisher'}
[0.032324] (test_custom_srv) JobStarted: {'identifier': 'test_custom_srv'}
[0.037660] (test_parameters) JobStarted: {'identifier': 'test_parameters'}
[0.043045] (test_pkg) JobStarted: {'identifier': 'test_pkg'}
[0.052882] (custom_counter) JobProgress: {'identifier': 'custom_counter', 'progress': 'cmake'}
[0.054727] (custom_counter) JobProgress: {'identifier': 'custom_counter', 'progress': 'build'}
[0.054795] (custom_counter) Command: {'cmd': ['/usr/bin/cmake', '--build', '/home/eragon/student133_ws/build/custom_counter', '--', '-j8', '-l8'], 'cwd': '/home/eragon/student133_ws/build/custom_counter', 'env': OrderedDict([('GJS_DEBUG_TOPICS', 'JS ERROR;JS LOG'), ('LANGUAGE', 'ru'), ('LC_TIME', 'ru_RU.UTF-8'), ('USER', 'eragon'), ('XDG_SESSION_TYPE', 'wayland'), ('LD_LIBRARY_PATH', '/opt/ros/humble/opt/rviz_ogre_vendor/lib:/opt/ros/humble/lib/x86_64-linux-gnu:/opt/ros/humble/lib'), ('SHLVL', '1'), ('HOME', '/home/eragon'), ('DESKTOP_SESSION', 'ubuntu'), ('QTDIR', '/usr/lib/x86_64-linux-gnu/qt5'), ('GIO_LAUNCHED_DESKTOP_FILE', '/home/eragon/.local/share/applications/org.qt-project.qtcreator.desktop'), ('GNOME_SHELL_SESSION_MODE', 'ubuntu'), ('GTK_MODULES', 'gail:atk-bridge'), ('ROS_PYTHON_VERSION', '3'), ('LC_MONETARY', 'ru_RU.UTF-8'), ('MANAGERPID', '828'), ('DBUS_SESSION_BUS_ADDRESS', 'unix:path'), ('SYSTEMD_EXEC_PID', '972'), ('GIO_LAUNCHED_DESKTOP_FILE_PID', '2460'), ('COLCON_PREFIX_PATH', '/home/eragon/student133_ws/install'), ('IM_CONFIG_PHASE', '1'), ('ROS_DISTRO', 'humble'), ('WAYLAND_DISPLAY', 'wayland-0'), ('LOGNAME', 'eragon'), ('JOURNAL_STREAM', '8:10809'), ('_', '/usr/bin/env'), ('ROS_VERSION', '2'), ('XDG_SESSION_CLASS', 'user'), ('QSG_RHI_BACKEND', 'opengl'), ('USERNAME', 'eragon'), ('GNOME_DESKTOP_SESSION_ID', 'this-is-deprecated'), ('ROS_LOCALHOST_ONLY', '0'), ('PATH', '/opt/ros/humble/bin:/home/eragon/.local/bin:/usr/local/sbin:/usr/local/bin:/usr/sbin:/usr/bin:/sbin:/bin:/usr/games:/usr/local/games:/snap/bin:/snap/bin'), ('INVOCATION_ID', 'e33d58ac2d474d17829f20bcdd4b555e'), ('PAPERSIZE', 'a4'), ('SESSION_MANAGER', 'local/eragon-KPL-W0X:@/tmp/.ICE-unix/941,unix/eragon-KPL-W0X:/tmp/.ICE-unix/941'), ('GNOME_SETUP_DISPLAY', ':1'), ('LC_ADDRESS', 'ru_RU.UTF-8'), ('XDG_MENU_PREFIX', 'gnome-'), ('XDG_RUNTIME_DIR', '/run/user/1000'), ('DISPLAY', ':0'), ('LANG', 'ru_RU.UTF-8'), ('LC_TELEPHONE', 'ru_RU.UTF-8'), ('XDG_CURRENT_DESKTOP', 'ubuntu:GNOME'), ('XAUTHORITY', '/run/user/1000/.mutter-Xwaylandauth.T36VX2'), ('XDG_SESSION_DESKTOP', 'ubuntu'), ('XMODIFIERS', '@im'), ('AMENT_PREFIX_PATH', '/opt/ros/humble'), ('SSH_AGENT_LAUNCHER', 'gnome-keyring'), ('SSH_AUTH_SOCK', '/run/user/1000/keyring/ssh'), ('LC_NAME', 'ru_RU.UTF-8'), ('SHELL', '/bin/bash'), ('GDMSESSION', 'ubuntu'), ('QT_ACCESSIBILITY', '1'), ('LC_MEASUREMENT', 'ru_RU.UTF-8'), ('GJS_DEBUG_OUTPUT', 'stderr'), ('LC_IDENTIFICATION', 'ru_RU.UTF-8'), ('QT_IM_MODULE', 'ibus'), ('LC_ALL', 'en_US.UTF-8'), ('PWD', '/home/eragon/student133_ws/build/custom_counter'), ('QT_QPA_PLATFORM', 'xcb'), ('XDG_CONFIG_DIRS', '/etc/xdg/xdg-ubuntu:/etc/xdg'), ('XDG_DATA_DIRS', '/usr/share/ubuntu:/usr/local/share/:/usr/share/:/var/lib/snapd/desktop'), ('LC_NUMERIC', 'ru_RU.UTF-8'), ('PYTHONPATH', '/opt/ros/humble/lib/python3.10/site-packages:/opt/ros/humble/local/lib/python3.10/dist-packages'), ('LC_PAPER', 'ru_RU.UTF-8'), ('COLCON', '1'), ('CMAKE_PREFIX_PATH', '/home/eragon/student133_ws/install/test_visualization:/home/eragon/student133_ws/install/test_tf_broadcaster:/home/eragon/student133_ws/install/test_subscriber:/home/eragon/student133_ws/install/test_service:/home/eragon/student133_ws/install/test_serial_communication:/home/eragon/student133_ws/install/test_publisher:/home/eragon/student133_ws/install/test_pkg:/home/eragon/student133_ws/install/test_parameters:/home/eragon/student133_ws/install/test_custom_srv:/home/eragon/student133_ws/install/test_custom_publisher:/home/eragon/student133_ws/install/test_custom_msg:/home/eragon/student133_ws/install/test_client:/home/eragon/student133_ws/install/test_castom_publisher:/home/eragon/student133_ws/install/test_basic_publisher:/home/eragon/student133_ws/install/custom_counter:/opt/ros/humble')]), 'shell': False}
[0.057809] (test_basic_publisher) JobProgress: {'identifier': 'test_basic_publisher', 'progress': 'cmake'}
[0.058593] (test_basic_publisher) JobProgress: {'identifier': 'test_basic_publisher', 'progress': 'build'}
[0.058638] (test_basic_publisher) Command: {'cmd': ['/usr/bin/cmake', '--build', '/home/eragon/student133_ws/build/test_basic_publisher', '--', '-j8', '-l8'], 'cwd': '/home/eragon/student133_ws/build/test_basic_publisher', 'env': OrderedDict([('GJS_DEBUG_TOPICS', 'JS ERROR;JS LOG'), ('LANGUAGE', 'ru'), ('LC_TIME', 'ru_RU.UTF-8'), ('USER', 'eragon'), ('XDG_SESSION_TYPE', 'wayland'), ('LD_LIBRARY_PATH', '/opt/ros/humble/opt/rviz_ogre_vendor/lib:/opt/ros/humble/lib/x86_64-linux-gnu:/opt/ros/humble/lib'), ('SHLVL', '1'), ('HOME', '/home/eragon'), ('DESKTOP_SESSION', 'ubuntu'), ('QTDIR', '/usr/lib/x86_64-linux-gnu/qt5'), ('GIO_LAUNCHED_DESKTOP_FILE', '/home/eragon/.local/share/applications/org.qt-project.qtcreator.desktop'), ('GNOME_SHELL_SESSION_MODE', 'ubuntu'), ('GTK_MODULES', 'gail:atk-bridge'), ('ROS_PYTHON_VERSION', '3'), ('LC_MONETARY', 'ru_RU.UTF-8'), ('MANAGERPID', '828'), ('DBUS_SESSION_BUS_ADDRESS', 'unix:path'), ('SYSTEMD_EXEC_PID', '972'), ('GIO_LAUNCHED_DESKTOP_FILE_PID', '2460'), ('COLCON_PREFIX_PATH', '/home/eragon/student133_ws/install'), ('IM_CONFIG_PHASE', '1'), ('ROS_DISTRO', 'humble'), ('WAYLAND_DISPLAY', 'wayland-0'), ('LOGNAME', 'eragon'), ('JOURNAL_STREAM', '8:10809'), ('_', '/usr/bin/env'), ('ROS_VERSION', '2'), ('XDG_SESSION_CLASS', 'user'), ('QSG_RHI_BACKEND', 'opengl'), ('USERNAME', 'eragon'), ('GNOME_DESKTOP_SESSION_ID', 'this-is-deprecated'), ('ROS_LOCALHOST_ONLY', '0'), ('PATH', '/opt/ros/humble/bin:/home/eragon/.local/bin:/usr/local/sbin:/usr/local/bin:/usr/sbin:/usr/bin:/sbin:/bin:/usr/games:/usr/local/games:/snap/bin:/snap/bin'), ('INVOCATION_ID', 'e33d58ac2d474d17829f20bcdd4b555e'), ('PAPERSIZE', 'a4'), ('SESSION_MANAGER', 'local/eragon-KPL-W0X:@/tmp/.ICE-unix/941,unix/eragon-KPL-W0X:/tmp/.ICE-unix/941'), ('GNOME_SETUP_DISPLAY', ':1'), ('LC_ADDRESS', 'ru_RU.UTF-8'), ('XDG_MENU_PREFIX', 'gnome-'), ('XDG_RUNTIME_DIR', '/run/user/1000'), ('DISPLAY', ':0'), ('LANG', 'ru_RU.UTF-8'), ('LC_TELEPHONE', 'ru_RU.UTF-8'), ('XDG_CURRENT_DESKTOP', 'ubuntu:GNOME'), ('XAUTHORITY', '/run/user/1000/.mutter-Xwaylandauth.T36VX2'), ('XDG_SESSION_DESKTOP', 'ubuntu'), ('XMODIFIERS', '@im'), ('AMENT_PREFIX_PATH', '/opt/ros/humble'), ('SSH_AGENT_LAUNCHER', 'gnome-keyring'), ('SSH_AUTH_SOCK', '/run/user/1000/keyring/ssh'), ('LC_NAME', 'ru_RU.UTF-8'), ('SHELL', '/bin/bash'), ('GDMSESSION', 'ubuntu'), ('QT_ACCESSIBILITY', '1'), ('LC_MEASUREMENT', 'ru_RU.UTF-8'), ('GJS_DEBUG_OUTPUT', 'stderr'), ('LC_IDENTIFICATION', 'ru_RU.UTF-8'), ('QT_IM_MODULE', 'ibus'), ('LC_ALL', 'en_US.UTF-8'), ('PWD', '/home/eragon/student133_ws/build/test_basic_publisher'), ('QT_QPA_PLATFORM', 'xcb'), ('XDG_CONFIG_DIRS', '/etc/xdg/xdg-ubuntu:/etc/xdg'), ('XDG_DATA_DIRS', '/usr/share/ubuntu:/usr/local/share/:/usr/share/:/var/lib/snapd/desktop'), ('LC_NUMERIC', 'ru_RU.UTF-8'), ('PYTHONPATH', '/opt/ros/humble/lib/python3.10/site-packages:/opt/ros/humble/local/lib/python3.10/dist-packages'), ('LC_PAPER', 'ru_RU.UTF-8'), ('COLCON', '1'), ('CMAKE_PREFIX_PATH', '/home/eragon/student133_ws/install/test_visualization:/home/eragon/student133_ws/install/test_tf_broadcaster:/home/eragon/student133_ws/install/test_subscriber:/home/eragon/student133_ws/install/test_service:/home/eragon/student133_ws/install/test_serial_communication:/home/eragon/student133_ws/install/test_publisher:/home/eragon/student133_ws/install/test_pkg:/home/eragon/student133_ws/install/test_parameters:/home/eragon/student133_ws/install/test_custom_srv:/home/eragon/student133_ws/install/test_custom_publisher:/home/eragon/student133_ws/install/test_custom_msg:/home/eragon/student133_ws/install/test_client:/home/eragon/student133_ws/install/test_castom_publisher:/home/eragon/student133_ws/install/test_basic_publisher:/home/eragon/student133_ws/install/custom_counter:/opt/ros/humble')]), 'shell': False}
[0.061588] (test_client) JobProgress: {'identifier': 'test_client', 'progress': 'cmake'}
[0.062720] (test_client) JobProgress: {'identifier': 'test_client', 'progress': 'build'}
[0.062802] (test_client) Command: {'cmd': ['/usr/bin/cmake', '--build', '/home/eragon/student133_ws/build/test_client', '--', '-j8', '-l8'], 'cwd': '/home/eragon/student133_ws/build/test_client', 'env': OrderedDict([('GJS_DEBUG_TOPICS', 'JS ERROR;JS LOG'), ('LANGUAGE', 'ru'), ('LC_TIME', 'ru_RU.UTF-8'), ('USER', 'eragon'), ('XDG_SESSION_TYPE', 'wayland'), ('LD_LIBRARY_PATH', '/opt/ros/humble/opt/rviz_ogre_vendor/lib:/opt/ros/humble/lib/x86_64-linux-gnu:/opt/ros/humble/lib'), ('SHLVL', '1'), ('HOME', '/home/eragon'), ('DESKTOP_SESSION', 'ubuntu'), ('QTDIR', '/usr/lib/x86_64-linux-gnu/qt5'), ('GIO_LAUNCHED_DESKTOP_FILE', '/home/eragon/.local/share/applications/org.qt-project.qtcreator.desktop'), ('GNOME_SHELL_SESSION_MODE', 'ubuntu'), ('GTK_MODULES', 'gail:atk-bridge'), ('ROS_PYTHON_VERSION', '3'), ('LC_MONETARY', 'ru_RU.UTF-8'), ('MANAGERPID', '828'), ('DBUS_SESSION_BUS_ADDRESS', 'unix:path'), ('SYSTEMD_EXEC_PID', '972'), ('GIO_LAUNCHED_DESKTOP_FILE_PID', '2460'), ('COLCON_PREFIX_PATH', '/home/eragon/student133_ws/install'), ('IM_CONFIG_PHASE', '1'), ('ROS_DISTRO', 'humble'), ('WAYLAND_DISPLAY', 'wayland-0'), ('LOGNAME', 'eragon'), ('JOURNAL_STREAM', '8:10809'), ('_', '/usr/bin/env'), ('ROS_VERSION', '2'), ('XDG_SESSION_CLASS', 'user'), ('QSG_RHI_BACKEND', 'opengl'), ('USERNAME', 'eragon'), ('GNOME_DESKTOP_SESSION_ID', 'this-is-deprecated'), ('ROS_LOCALHOST_ONLY', '0'), ('PATH', '/opt/ros/humble/bin:/home/eragon/.local/bin:/usr/local/sbin:/usr/local/bin:/usr/sbin:/usr/bin:/sbin:/bin:/usr/games:/usr/local/games:/snap/bin:/snap/bin'), ('INVOCATION_ID', 'e33d58ac2d474d17829f20bcdd4b555e'), ('PAPERSIZE', 'a4'), ('SESSION_MANAGER', 'local/eragon-KPL-W0X:@/tmp/.ICE-unix/941,unix/eragon-KPL-W0X:/tmp/.ICE-unix/941'), ('GNOME_SETUP_DISPLAY', ':1'), ('LC_ADDRESS', 'ru_RU.UTF-8'), ('XDG_MENU_PREFIX', 'gnome-'), ('XDG_RUNTIME_DIR', '/run/user/1000'), ('DISPLAY', ':0'), ('LANG', 'ru_RU.UTF-8'), ('LC_TELEPHONE', 'ru_RU.UTF-8'), ('XDG_CURRENT_DESKTOP', 'ubuntu:GNOME'), ('XAUTHORITY', '/run/user/1000/.mutter-Xwaylandauth.T36VX2'), ('XDG_SESSION_DESKTOP', 'ubuntu'), ('XMODIFIERS', '@im'), ('AMENT_PREFIX_PATH', '/opt/ros/humble'), ('SSH_AGENT_LAUNCHER', 'gnome-keyring'), ('SSH_AUTH_SOCK', '/run/user/1000/keyring/ssh'), ('LC_NAME', 'ru_RU.UTF-8'), ('SHELL', '/bin/bash'), ('GDMSESSION', 'ubuntu'), ('QT_ACCESSIBILITY', '1'), ('LC_MEASUREMENT', 'ru_RU.UTF-8'), ('GJS_DEBUG_OUTPUT', 'stderr'), ('LC_IDENTIFICATION', 'ru_RU.UTF-8'), ('QT_IM_MODULE', 'ibus'), ('LC_ALL', 'en_US.UTF-8'), ('PWD', '/home/eragon/student133_ws/build/test_client'), ('QT_QPA_PLATFORM', 'xcb'), ('XDG_CONFIG_DIRS', '/etc/xdg/xdg-ubuntu:/etc/xdg'), ('XDG_DATA_DIRS', '/usr/share/ubuntu:/usr/local/share/:/usr/share/:/var/lib/snapd/desktop'), ('LC_NUMERIC', 'ru_RU.UTF-8'), ('PYTHONPATH', '/opt/ros/humble/lib/python3.10/site-packages:/opt/ros/humble/local/lib/python3.10/dist-packages'), ('LC_PAPER', 'ru_RU.UTF-8'), ('COLCON', '1'), ('CMAKE_PREFIX_PATH', '/home/eragon/student133_ws/install/test_visualization:/home/eragon/student133_ws/install/test_tf_broadcaster:/home/eragon/student133_ws/install/test_subscriber:/home/eragon/student133_ws/install/test_service:/home/eragon/student133_ws/install/test_serial_communication:/home/eragon/student133_ws/install/test_publisher:/home/eragon/student133_ws/install/test_pkg:/home/eragon/student133_ws/install/test_parameters:/home/eragon/student133_ws/install/test_custom_srv:/home/eragon/student133_ws/install/test_custom_publisher:/home/eragon/student133_ws/install/test_custom_msg:/home/eragon/student133_ws/install/test_client:/home/eragon/student133_ws/install/test_castom_publisher:/home/eragon/student133_ws/install/test_basic_publisher:/home/eragon/student133_ws/install/custom_counter:/opt/ros/humble')]), 'shell': False}
[0.066401] (test_custom_msg) JobProgress: {'identifier': 'test_custom_msg', 'progress': 'cmake'}
[0.067365] (test_custom_msg) JobProgress: {'identifier': 'test_custom_msg', 'progress': 'build'}
[0.067457] (test_custom_msg) Command: {'cmd': ['/usr/bin/cmake', '--build', '/home/eragon/student133_ws/build/test_custom_msg', '--', '-j8', '-l8'], 'cwd': '/home/eragon/student133_ws/build/test_custom_msg', 'env': OrderedDict([('GJS_DEBUG_TOPICS', 'JS ERROR;JS LOG'), ('LANGUAGE', 'ru'), ('LC_TIME', 'ru_RU.UTF-8'), ('USER', 'eragon'), ('XDG_SESSION_TYPE', 'wayland'), ('LD_LIBRARY_PATH', '/opt/ros/humble/opt/rviz_ogre_vendor/lib:/opt/ros/humble/lib/x86_64-linux-gnu:/opt/ros/humble/lib'), ('SHLVL', '1'), ('HOME', '/home/eragon'), ('DESKTOP_SESSION', 'ubuntu'), ('QTDIR', '/usr/lib/x86_64-linux-gnu/qt5'), ('GIO_LAUNCHED_DESKTOP_FILE', '/home/eragon/.local/share/applications/org.qt-project.qtcreator.desktop'), ('GNOME_SHELL_SESSION_MODE', 'ubuntu'), ('GTK_MODULES', 'gail:atk-bridge'), ('ROS_PYTHON_VERSION', '3'), ('LC_MONETARY', 'ru_RU.UTF-8'), ('MANAGERPID', '828'), ('DBUS_SESSION_BUS_ADDRESS', 'unix:path'), ('SYSTEMD_EXEC_PID', '972'), ('GIO_LAUNCHED_DESKTOP_FILE_PID', '2460'), ('COLCON_PREFIX_PATH', '/home/eragon/student133_ws/install'), ('IM_CONFIG_PHASE', '1'), ('ROS_DISTRO', 'humble'), ('WAYLAND_DISPLAY', 'wayland-0'), ('LOGNAME', 'eragon'), ('JOURNAL_STREAM', '8:10809'), ('_', '/usr/bin/env'), ('ROS_VERSION', '2'), ('XDG_SESSION_CLASS', 'user'), ('QSG_RHI_BACKEND', 'opengl'), ('USERNAME', 'eragon'), ('GNOME_DESKTOP_SESSION_ID', 'this-is-deprecated'), ('ROS_LOCALHOST_ONLY', '0'), ('PATH', '/opt/ros/humble/bin:/home/eragon/.local/bin:/usr/local/sbin:/usr/local/bin:/usr/sbin:/usr/bin:/sbin:/bin:/usr/games:/usr/local/games:/snap/bin:/snap/bin'), ('INVOCATION_ID', 'e33d58ac2d474d17829f20bcdd4b555e'), ('PAPERSIZE', 'a4'), ('SESSION_MANAGER', 'local/eragon-KPL-W0X:@/tmp/.ICE-unix/941,unix/eragon-KPL-W0X:/tmp/.ICE-unix/941'), ('GNOME_SETUP_DISPLAY', ':1'), ('LC_ADDRESS', 'ru_RU.UTF-8'), ('XDG_MENU_PREFIX', 'gnome-'), ('XDG_RUNTIME_DIR', '/run/user/1000'), ('DISPLAY', ':0'), ('LANG', 'ru_RU.UTF-8'), ('LC_TELEPHONE', 'ru_RU.UTF-8'), ('XDG_CURRENT_DESKTOP', 'ubuntu:GNOME'), ('XAUTHORITY', '/run/user/1000/.mutter-Xwaylandauth.T36VX2'), ('XDG_SESSION_DESKTOP', 'ubuntu'), ('XMODIFIERS', '@im'), ('AMENT_PREFIX_PATH', '/opt/ros/humble'), ('SSH_AGENT_LAUNCHER', 'gnome-keyring'), ('SSH_AUTH_SOCK', '/run/user/1000/keyring/ssh'), ('LC_NAME', 'ru_RU.UTF-8'), ('SHELL', '/bin/bash'), ('GDMSESSION', 'ubuntu'), ('QT_ACCESSIBILITY', '1'), ('LC_MEASUREMENT', 'ru_RU.UTF-8'), ('GJS_DEBUG_OUTPUT', 'stderr'), ('LC_IDENTIFICATION', 'ru_RU.UTF-8'), ('QT_IM_MODULE', 'ibus'), ('LC_ALL', 'en_US.UTF-8'), ('PWD', '/home/eragon/student133_ws/build/test_custom_msg'), ('QT_QPA_PLATFORM', 'xcb'), ('XDG_CONFIG_DIRS', '/etc/xdg/xdg-ubuntu:/etc/xdg'), ('XDG_DATA_DIRS', '/usr/share/ubuntu:/usr/local/share/:/usr/share/:/var/lib/snapd/desktop'), ('LC_NUMERIC', 'ru_RU.UTF-8'), ('PYTHONPATH', '/opt/ros/humble/lib/python3.10/site-packages:/opt/ros/humble/local/lib/python3.10/dist-packages'), ('LC_PAPER', 'ru_RU.UTF-8'), ('COLCON', '1'), ('CMAKE_PREFIX_PATH', '/home/eragon/student133_ws/install/test_visualization:/home/eragon/student133_ws/install/test_tf_broadcaster:/home/eragon/student133_ws/install/test_subscriber:/home/eragon/student133_ws/install/test_service:/home/eragon/student133_ws/install/test_serial_communication:/home/eragon/student133_ws/install/test_publisher:/home/eragon/student133_ws/install/test_pkg:/home/eragon/student133_ws/install/test_parameters:/home/eragon/student133_ws/install/test_custom_srv:/home/eragon/student133_ws/install/test_custom_publisher:/home/eragon/student133_ws/install/test_custom_msg:/home/eragon/student133_ws/install/test_client:/home/eragon/student133_ws/install/test_castom_publisher:/home/eragon/student133_ws/install/test_basic_publisher:/home/eragon/student133_ws/install/custom_counter:/opt/ros/humble')]), 'shell': False}
[0.072456] (test_custom_publisher) JobProgress: {'identifier': 'test_custom_publisher', 'progress': 'cmake'}
[0.073425] (test_custom_publisher) JobProgress: {'identifier': 'test_custom_publisher', 'progress': 'build'}
[0.073552] (test_custom_publisher) Command: {'cmd': ['/usr/bin/cmake', '--build', '/home/eragon/student133_ws/build/test_custom_publisher', '--', '-j8', '-l8'], 'cwd': '/home/eragon/student133_ws/build/test_custom_publisher', 'env': OrderedDict([('GJS_DEBUG_TOPICS', 'JS ERROR;JS LOG'), ('LANGUAGE', 'ru'), ('LC_TIME', 'ru_RU.UTF-8'), ('USER', 'eragon'), ('XDG_SESSION_TYPE', 'wayland'), ('LD_LIBRARY_PATH', '/opt/ros/humble/opt/rviz_ogre_vendor/lib:/opt/ros/humble/lib/x86_64-linux-gnu:/opt/ros/humble/lib'), ('SHLVL', '1'), ('HOME', '/home/eragon'), ('DESKTOP_SESSION', 'ubuntu'), ('QTDIR', '/usr/lib/x86_64-linux-gnu/qt5'), ('GIO_LAUNCHED_DESKTOP_FILE', '/home/eragon/.local/share/applications/org.qt-project.qtcreator.desktop'), ('GNOME_SHELL_SESSION_MODE', 'ubuntu'), ('GTK_MODULES', 'gail:atk-bridge'), ('ROS_PYTHON_VERSION', '3'), ('LC_MONETARY', 'ru_RU.UTF-8'), ('MANAGERPID', '828'), ('DBUS_SESSION_BUS_ADDRESS', 'unix:path'), ('SYSTEMD_EXEC_PID', '972'), ('GIO_LAUNCHED_DESKTOP_FILE_PID', '2460'), ('COLCON_PREFIX_PATH', '/home/eragon/student133_ws/install'), ('IM_CONFIG_PHASE', '1'), ('ROS_DISTRO', 'humble'), ('WAYLAND_DISPLAY', 'wayland-0'), ('LOGNAME', 'eragon'), ('JOURNAL_STREAM', '8:10809'), ('_', '/usr/bin/env'), ('ROS_VERSION', '2'), ('XDG_SESSION_CLASS', 'user'), ('QSG_RHI_BACKEND', 'opengl'), ('USERNAME', 'eragon'), ('GNOME_DESKTOP_SESSION_ID', 'this-is-deprecated'), ('ROS_LOCALHOST_ONLY', '0'), ('PATH', '/opt/ros/humble/bin:/home/eragon/.local/bin:/usr/local/sbin:/usr/local/bin:/usr/sbin:/usr/bin:/sbin:/bin:/usr/games:/usr/local/games:/snap/bin:/snap/bin'), ('INVOCATION_ID', 'e33d58ac2d474d17829f20bcdd4b555e'), ('PAPERSIZE', 'a4'), ('SESSION_MANAGER', 'local/eragon-KPL-W0X:@/tmp/.ICE-unix/941,unix/eragon-KPL-W0X:/tmp/.ICE-unix/941'), ('GNOME_SETUP_DISPLAY', ':1'), ('LC_ADDRESS', 'ru_RU.UTF-8'), ('XDG_MENU_PREFIX', 'gnome-'), ('XDG_RUNTIME_DIR', '/run/user/1000'), ('DISPLAY', ':0'), ('LANG', 'ru_RU.UTF-8'), ('LC_TELEPHONE', 'ru_RU.UTF-8'), ('XDG_CURRENT_DESKTOP', 'ubuntu:GNOME'), ('XAUTHORITY', '/run/user/1000/.mutter-Xwaylandauth.T36VX2'), ('XDG_SESSION_DESKTOP', 'ubuntu'), ('XMODIFIERS', '@im'), ('AMENT_PREFIX_PATH', '/opt/ros/humble'), ('SSH_AGENT_LAUNCHER', 'gnome-keyring'), ('SSH_AUTH_SOCK', '/run/user/1000/keyring/ssh'), ('LC_NAME', 'ru_RU.UTF-8'), ('SHELL', '/bin/bash'), ('GDMSESSION', 'ubuntu'), ('QT_ACCESSIBILITY', '1'), ('LC_MEASUREMENT', 'ru_RU.UTF-8'), ('GJS_DEBUG_OUTPUT', 'stderr'), ('LC_IDENTIFICATION', 'ru_RU.UTF-8'), ('QT_IM_MODULE', 'ibus'), ('LC_ALL', 'en_US.UTF-8'), ('PWD', '/home/eragon/student133_ws/build/test_custom_publisher'), ('QT_QPA_PLATFORM', 'xcb'), ('XDG_CONFIG_DIRS', '/etc/xdg/xdg-ubuntu:/etc/xdg'), ('XDG_DATA_DIRS', '/usr/share/ubuntu:/usr/local/share/:/usr/share/:/var/lib/snapd/desktop'), ('LC_NUMERIC', 'ru_RU.UTF-8'), ('PYTHONPATH', '/opt/ros/humble/lib/python3.10/site-packages:/opt/ros/humble/local/lib/python3.10/dist-packages'), ('LC_PAPER', 'ru_RU.UTF-8'), ('COLCON', '1'), ('CMAKE_PREFIX_PATH', '/home/eragon/student133_ws/install/test_visualization:/home/eragon/student133_ws/install/test_tf_broadcaster:/home/eragon/student133_ws/install/test_subscriber:/home/eragon/student133_ws/install/test_service:/home/eragon/student133_ws/install/test_serial_communication:/home/eragon/student133_ws/install/test_publisher:/home/eragon/student133_ws/install/test_pkg:/home/eragon/student133_ws/install/test_parameters:/home/eragon/student133_ws/install/test_custom_srv:/home/eragon/student133_ws/install/test_custom_publisher:/home/eragon/student133_ws/install/test_custom_msg:/home/eragon/student133_ws/install/test_client:/home/eragon/student133_ws/install/test_castom_publisher:/home/eragon/student133_ws/install/test_basic_publisher:/home/eragon/student133_ws/install/custom_counter:/opt/ros/humble')]), 'shell': False}
[0.078890] (test_custom_srv) JobProgress: {'identifier': 'test_custom_srv', 'progress': 'cmake'}
[0.079702] (test_custom_srv) JobProgress: {'identifier': 'test_custom_srv', 'progress': 'build'}
[0.079793] (test_custom_srv) Command: {'cmd': ['/usr/bin/cmake', '--build', '/home/eragon/student133_ws/build/test_custom_srv', '--', '-j8', '-l8'], 'cwd': '/home/eragon/student133_ws/build/test_custom_srv', 'env': OrderedDict([('GJS_DEBUG_TOPICS', 'JS ERROR;JS LOG'), ('LANGUAGE', 'ru'), ('LC_TIME', 'ru_RU.UTF-8'), ('USER', 'eragon'), ('XDG_SESSION_TYPE', 'wayland'), ('LD_LIBRARY_PATH', '/opt/ros/humble/opt/rviz_ogre_vendor/lib:/opt/ros/humble/lib/x86_64-linux-gnu:/opt/ros/humble/lib'), ('SHLVL', '1'), ('HOME', '/home/eragon'), ('DESKTOP_SESSION', 'ubuntu'), ('QTDIR', '/usr/lib/x86_64-linux-gnu/qt5'), ('GIO_LAUNCHED_DESKTOP_FILE', '/home/eragon/.local/share/applications/org.qt-project.qtcreator.desktop'), ('GNOME_SHELL_SESSION_MODE', 'ubuntu'), ('GTK_MODULES', 'gail:atk-bridge'), ('ROS_PYTHON_VERSION', '3'), ('LC_MONETARY', 'ru_RU.UTF-8'), ('MANAGERPID', '828'), ('DBUS_SESSION_BUS_ADDRESS', 'unix:path'), ('SYSTEMD_EXEC_PID', '972'), ('GIO_LAUNCHED_DESKTOP_FILE_PID', '2460'), ('COLCON_PREFIX_PATH', '/home/eragon/student133_ws/install'), ('IM_CONFIG_PHASE', '1'), ('ROS_DISTRO', 'humble'), ('WAYLAND_DISPLAY', 'wayland-0'), ('LOGNAME', 'eragon'), ('JOURNAL_STREAM', '8:10809'), ('_', '/usr/bin/env'), ('ROS_VERSION', '2'), ('XDG_SESSION_CLASS', 'user'), ('QSG_RHI_BACKEND', 'opengl'), ('USERNAME', 'eragon'), ('GNOME_DESKTOP_SESSION_ID', 'this-is-deprecated'), ('ROS_LOCALHOST_ONLY', '0'), ('PATH', '/opt/ros/humble/bin:/home/eragon/.local/bin:/usr/local/sbin:/usr/local/bin:/usr/sbin:/usr/bin:/sbin:/bin:/usr/games:/usr/local/games:/snap/bin:/snap/bin'), ('INVOCATION_ID', 'e33d58ac2d474d17829f20bcdd4b555e'), ('PAPERSIZE', 'a4'), ('SESSION_MANAGER', 'local/eragon-KPL-W0X:@/tmp/.ICE-unix/941,unix/eragon-KPL-W0X:/tmp/.ICE-unix/941'), ('GNOME_SETUP_DISPLAY', ':1'), ('LC_ADDRESS', 'ru_RU.UTF-8'), ('XDG_MENU_PREFIX', 'gnome-'), ('XDG_RUNTIME_DIR', '/run/user/1000'), ('DISPLAY', ':0'), ('LANG', 'ru_RU.UTF-8'), ('LC_TELEPHONE', 'ru_RU.UTF-8'), ('XDG_CURRENT_DESKTOP', 'ubuntu:GNOME'), ('XAUTHORITY', '/run/user/1000/.mutter-Xwaylandauth.T36VX2'), ('XDG_SESSION_DESKTOP', 'ubuntu'), ('XMODIFIERS', '@im'), ('AMENT_PREFIX_PATH', '/opt/ros/humble'), ('SSH_AGENT_LAUNCHER', 'gnome-keyring'), ('SSH_AUTH_SOCK', '/run/user/1000/keyring/ssh'), ('LC_NAME', 'ru_RU.UTF-8'), ('SHELL', '/bin/bash'), ('GDMSESSION', 'ubuntu'), ('QT_ACCESSIBILITY', '1'), ('LC_MEASUREMENT', 'ru_RU.UTF-8'), ('GJS_DEBUG_OUTPUT', 'stderr'), ('LC_IDENTIFICATION', 'ru_RU.UTF-8'), ('QT_IM_MODULE', 'ibus'), ('LC_ALL', 'en_US.UTF-8'), ('PWD', '/home/eragon/student133_ws/build/test_custom_srv'), ('QT_QPA_PLATFORM', 'xcb'), ('XDG_CONFIG_DIRS', '/etc/xdg/xdg-ubuntu:/etc/xdg'), ('XDG_DATA_DIRS', '/usr/share/ubuntu:/usr/local/share/:/usr/share/:/var/lib/snapd/desktop'), ('LC_NUMERIC', 'ru_RU.UTF-8'), ('PYTHONPATH', '/opt/ros/humble/lib/python3.10/site-packages:/opt/ros/humble/local/lib/python3.10/dist-packages'), ('LC_PAPER', 'ru_RU.UTF-8'), ('COLCON', '1'), ('CMAKE_PREFIX_PATH', '/home/eragon/student133_ws/install/test_visualization:/home/eragon/student133_ws/install/test_tf_broadcaster:/home/eragon/student133_ws/install/test_subscriber:/home/eragon/student133_ws/install/test_service:/home/eragon/student133_ws/install/test_serial_communication:/home/eragon/student133_ws/install/test_publisher:/home/eragon/student133_ws/install/test_pkg:/home/eragon/student133_ws/install/test_parameters:/home/eragon/student133_ws/install/test_custom_srv:/home/eragon/student133_ws/install/test_custom_publisher:/home/eragon/student133_ws/install/test_custom_msg:/home/eragon/student133_ws/install/test_client:/home/eragon/student133_ws/install/test_castom_publisher:/home/eragon/student133_ws/install/test_basic_publisher:/home/eragon/student133_ws/install/custom_counter:/opt/ros/humble')]), 'shell': False}
[0.090932] (test_parameters) JobProgress: {'identifier': 'test_parameters', 'progress': 'cmake'}
[0.091007] (test_parameters) JobProgress: {'identifier': 'test_parameters', 'progress': 'build'}
[0.091072] (test_parameters) Command: {'cmd': ['/usr/bin/cmake', '--build', '/home/eragon/student133_ws/build/test_parameters', '--', '-j8', '-l8'], 'cwd': '/home/eragon/student133_ws/build/test_parameters', 'env': OrderedDict([('GJS_DEBUG_TOPICS', 'JS ERROR;JS LOG'), ('LANGUAGE', 'ru'), ('LC_TIME', 'ru_RU.UTF-8'), ('USER', 'eragon'), ('XDG_SESSION_TYPE', 'wayland'), ('LD_LIBRARY_PATH', '/opt/ros/humble/opt/rviz_ogre_vendor/lib:/opt/ros/humble/lib/x86_64-linux-gnu:/opt/ros/humble/lib'), ('SHLVL', '1'), ('HOME', '/home/eragon'), ('DESKTOP_SESSION', 'ubuntu'), ('QTDIR', '/usr/lib/x86_64-linux-gnu/qt5'), ('GIO_LAUNCHED_DESKTOP_FILE', '/home/eragon/.local/share/applications/org.qt-project.qtcreator.desktop'), ('GNOME_SHELL_SESSION_MODE', 'ubuntu'), ('GTK_MODULES', 'gail:atk-bridge'), ('ROS_PYTHON_VERSION', '3'), ('LC_MONETARY', 'ru_RU.UTF-8'), ('MANAGERPID', '828'), ('DBUS_SESSION_BUS_ADDRESS', 'unix:path'), ('SYSTEMD_EXEC_PID', '972'), ('GIO_LAUNCHED_DESKTOP_FILE_PID', '2460'), ('COLCON_PREFIX_PATH', '/home/eragon/student133_ws/install'), ('IM_CONFIG_PHASE', '1'), ('ROS_DISTRO', 'humble'), ('WAYLAND_DISPLAY', 'wayland-0'), ('LOGNAME', 'eragon'), ('JOURNAL_STREAM', '8:10809'), ('_', '/usr/bin/env'), ('ROS_VERSION', '2'), ('XDG_SESSION_CLASS', 'user'), ('QSG_RHI_BACKEND', 'opengl'), ('USERNAME', 'eragon'), ('GNOME_DESKTOP_SESSION_ID', 'this-is-deprecated'), ('ROS_LOCALHOST_ONLY', '0'), ('PATH', '/opt/ros/humble/bin:/home/eragon/.local/bin:/usr/local/sbin:/usr/local/bin:/usr/sbin:/usr/bin:/sbin:/bin:/usr/games:/usr/local/games:/snap/bin:/snap/bin'), ('INVOCATION_ID', 'e33d58ac2d474d17829f20bcdd4b555e'), ('PAPERSIZE', 'a4'), ('SESSION_MANAGER', 'local/eragon-KPL-W0X:@/tmp/.ICE-unix/941,unix/eragon-KPL-W0X:/tmp/.ICE-unix/941'), ('GNOME_SETUP_DISPLAY', ':1'), ('LC_ADDRESS', 'ru_RU.UTF-8'), ('XDG_MENU_PREFIX', 'gnome-'), ('XDG_RUNTIME_DIR', '/run/user/1000'), ('DISPLAY', ':0'), ('LANG', 'ru_RU.UTF-8'), ('LC_TELEPHONE', 'ru_RU.UTF-8'), ('XDG_CURRENT_DESKTOP', 'ubuntu:GNOME'), ('XAUTHORITY', '/run/user/1000/.mutter-Xwaylandauth.T36VX2'), ('XDG_SESSION_DESKTOP', 'ubuntu'), ('XMODIFIERS', '@im'), ('AMENT_PREFIX_PATH', '/opt/ros/humble'), ('SSH_AGENT_LAUNCHER', 'gnome-keyring'), ('SSH_AUTH_SOCK', '/run/user/1000/keyring/ssh'), ('LC_NAME', 'ru_RU.UTF-8'), ('SHELL', '/bin/bash'), ('GDMSESSION', 'ubuntu'), ('QT_ACCESSIBILITY', '1'), ('LC_MEASUREMENT', 'ru_RU.UTF-8'), ('GJS_DEBUG_OUTPUT', 'stderr'), ('LC_IDENTIFICATION', 'ru_RU.UTF-8'), ('QT_IM_MODULE', 'ibus'), ('LC_ALL', 'en_US.UTF-8'), ('PWD', '/home/eragon/student133_ws/build/test_parameters'), ('QT_QPA_PLATFORM', 'xcb'), ('XDG_CONFIG_DIRS', '/etc/xdg/xdg-ubuntu:/etc/xdg'), ('XDG_DATA_DIRS', '/usr/share/ubuntu:/usr/local/share/:/usr/share/:/var/lib/snapd/desktop'), ('LC_NUMERIC', 'ru_RU.UTF-8'), ('PYTHONPATH', '/opt/ros/humble/lib/python3.10/site-packages:/opt/ros/humble/local/lib/python3.10/dist-packages'), ('LC_PAPER', 'ru_RU.UTF-8'), ('COLCON', '1'), ('CMAKE_PREFIX_PATH', '/home/eragon/student133_ws/install/test_visualization:/home/eragon/student133_ws/install/test_tf_broadcaster:/home/eragon/student133_ws/install/test_subscriber:/home/eragon/student133_ws/install/test_service:/home/eragon/student133_ws/install/test_serial_communication:/home/eragon/student133_ws/install/test_publisher:/home/eragon/student133_ws/install/test_pkg:/home/eragon/student133_ws/install/test_parameters:/home/eragon/student133_ws/install/test_custom_srv:/home/eragon/student133_ws/install/test_custom_publisher:/home/eragon/student133_ws/install/test_custom_msg:/home/eragon/student133_ws/install/test_client:/home/eragon/student133_ws/install/test_castom_publisher:/home/eragon/student133_ws/install/test_basic_publisher:/home/eragon/student133_ws/install/custom_counter:/opt/ros/humble')]), 'shell': False}
[0.102647] (test_pkg) JobProgress: {'identifier': 'test_pkg', 'progress': 'cmake'}
[0.102779] (-) TimerEvent: {}
[0.103078] (test_pkg) JobProgress: {'identifier': 'test_pkg', 'progress': 'build'}
[0.103170] (test_pkg) Command: {'cmd': ['/usr/bin/cmake', '--build', '/home/eragon/student133_ws/build/test_pkg', '--', '-j8', '-l8'], 'cwd': '/home/eragon/student133_ws/build/test_pkg', 'env': OrderedDict([('GJS_DEBUG_TOPICS', 'JS ERROR;JS LOG'), ('LANGUAGE', 'ru'), ('LC_TIME', 'ru_RU.UTF-8'), ('USER', 'eragon'), ('XDG_SESSION_TYPE', 'wayland'), ('LD_LIBRARY_PATH', '/opt/ros/humble/opt/rviz_ogre_vendor/lib:/opt/ros/humble/lib/x86_64-linux-gnu:/opt/ros/humble/lib'), ('SHLVL', '1'), ('HOME', '/home/eragon'), ('DESKTOP_SESSION', 'ubuntu'), ('QTDIR', '/usr/lib/x86_64-linux-gnu/qt5'), ('GIO_LAUNCHED_DESKTOP_FILE', '/home/eragon/.local/share/applications/org.qt-project.qtcreator.desktop'), ('GNOME_SHELL_SESSION_MODE', 'ubuntu'), ('GTK_MODULES', 'gail:atk-bridge'), ('ROS_PYTHON_VERSION', '3'), ('LC_MONETARY', 'ru_RU.UTF-8'), ('MANAGERPID', '828'), ('DBUS_SESSION_BUS_ADDRESS', 'unix:path'), ('SYSTEMD_EXEC_PID', '972'), ('GIO_LAUNCHED_DESKTOP_FILE_PID', '2460'), ('COLCON_PREFIX_PATH', '/home/eragon/student133_ws/install'), ('IM_CONFIG_PHASE', '1'), ('ROS_DISTRO', 'humble'), ('WAYLAND_DISPLAY', 'wayland-0'), ('LOGNAME', 'eragon'), ('JOURNAL_STREAM', '8:10809'), ('_', '/usr/bin/env'), ('ROS_VERSION', '2'), ('XDG_SESSION_CLASS', 'user'), ('QSG_RHI_BACKEND', 'opengl'), ('USERNAME', 'eragon'), ('GNOME_DESKTOP_SESSION_ID', 'this-is-deprecated'), ('ROS_LOCALHOST_ONLY', '0'), ('PATH', '/opt/ros/humble/bin:/home/eragon/.local/bin:/usr/local/sbin:/usr/local/bin:/usr/sbin:/usr/bin:/sbin:/bin:/usr/games:/usr/local/games:/snap/bin:/snap/bin'), ('INVOCATION_ID', 'e33d58ac2d474d17829f20bcdd4b555e'), ('PAPERSIZE', 'a4'), ('SESSION_MANAGER', 'local/eragon-KPL-W0X:@/tmp/.ICE-unix/941,unix/eragon-KPL-W0X:/tmp/.ICE-unix/941'), ('GNOME_SETUP_DISPLAY', ':1'), ('LC_ADDRESS', 'ru_RU.UTF-8'), ('XDG_MENU_PREFIX', 'gnome-'), ('XDG_RUNTIME_DIR', '/run/user/1000'), ('DISPLAY', ':0'), ('LANG', 'ru_RU.UTF-8'), ('LC_TELEPHONE', 'ru_RU.UTF-8'), ('XDG_CURRENT_DESKTOP', 'ubuntu:GNOME'), ('XAUTHORITY', '/run/user/1000/.mutter-Xwaylandauth.T36VX2'), ('XDG_SESSION_DESKTOP', 'ubuntu'), ('XMODIFIERS', '@im'), ('AMENT_PREFIX_PATH', '/opt/ros/humble'), ('SSH_AGENT_LAUNCHER', 'gnome-keyring'), ('SSH_AUTH_SOCK', '/run/user/1000/keyring/ssh'), ('LC_NAME', 'ru_RU.UTF-8'), ('SHELL', '/bin/bash'), ('GDMSESSION', 'ubuntu'), ('QT_ACCESSIBILITY', '1'), ('LC_MEASUREMENT', 'ru_RU.UTF-8'), ('GJS_DEBUG_OUTPUT', 'stderr'), ('LC_IDENTIFICATION', 'ru_RU.UTF-8'), ('QT_IM_MODULE', 'ibus'), ('LC_ALL', 'en_US.UTF-8'), ('PWD', '/home/eragon/student133_ws/build/test_pkg'), ('QT_QPA_PLATFORM', 'xcb'), ('XDG_CONFIG_DIRS', '/etc/xdg/xdg-ubuntu:/etc/xdg'), ('XDG_DATA_DIRS', '/usr/share/ubuntu:/usr/local/share/:/usr/share/:/var/lib/snapd/desktop'), ('LC_NUMERIC', 'ru_RU.UTF-8'), ('PYTHONPATH', '/opt/ros/humble/lib/python3.10/site-packages:/opt/ros/humble/local/lib/python3.10/dist-packages'), ('LC_PAPER', 'ru_RU.UTF-8'), ('COLCON', '1'), ('CMAKE_PREFIX_PATH', '/home/eragon/student133_ws/install/test_visualization:/home/eragon/student133_ws/install/test_tf_broadcaster:/home/eragon/student133_ws/install/test_subscriber:/home/eragon/student133_ws/install/test_service:/home/eragon/student133_ws/install/test_serial_communication:/home/eragon/student133_ws/install/test_publisher:/home/eragon/student133_ws/install/test_pkg:/home/eragon/student133_ws/install/test_parameters:/home/eragon/student133_ws/install/test_custom_srv:/home/eragon/student133_ws/install/test_custom_publisher:/home/eragon/student133_ws/install/test_custom_msg:/home/eragon/student133_ws/install/test_client:/home/eragon/student133_ws/install/test_castom_publisher:/home/eragon/student133_ws/install/test_basic_publisher:/home/eragon/student133_ws/install/custom_counter:/opt/ros/humble')]), 'shell': False}
[0.136598] (test_client) StdoutLine: {'line': b'-- Found ament_cmake: 1.3.10 (/opt/ros/humble/share/ament_cmake/cmake)\n'}
[0.139572] (test_custom_publisher) StdoutLine: {'line': b'-- Found ament_cmake: 1.3.10 (/opt/ros/humble/share/ament_cmake/cmake)\n'}
[0.205188] (-) TimerEvent: {}
[0.205901] (test_basic_publisher) StdoutLine: {'line': b'[100%] Built target test_basic_publisher\n'}
[0.206596] (test_custom_msg) StdoutLine: {'line': b'[  2%] Built target test_custom_msg__cpp\n'}
[0.212265] (test_custom_msg) StdoutLine: {'line': b'[ 12%] Built target test_custom_msg__rosidl_generator_c\n'}
[0.221592] (custom_counter) StdoutLine: {'line': b'[100%] Built target custom_counter_node\n'}
[0.227088] (test_custom_srv) StdoutLine: {'line': b'[  2%] Built target test_custom_srv__cpp\n'}
[0.234643] (test_custom_srv) StdoutLine: {'line': b'[ 12%] Built target test_custom_srv__rosidl_generator_c\n'}
[0.249024] (test_basic_publisher) CommandEnded: {'returncode': 0}
[0.259854] (test_custom_msg) StdoutLine: {'line': b'[ 12%] Built target ament_cmake_python_copy_test_custom_msg\n'}
[0.281397] (custom_counter) CommandEnded: {'returncode': 0}
[0.300698] (test_parameters) StdoutLine: {'line': b'[100%] Built target test_parameters_node\n'}
[0.301209] (test_pkg) StdoutLine: {'line': b'[100%] Built target test_pkg_node\n'}
[0.305324] (-) TimerEvent: {}
[0.308992] (test_custom_srv) StdoutLine: {'line': b'[ 12%] Built target ament_cmake_python_copy_test_custom_srv\n'}
[0.328960] (test_custom_msg) StdoutLine: {'line': b'[ 23%] Built target test_custom_msg__rosidl_typesupport_fastrtps_cpp\n'}
[0.344326] (test_parameters) CommandEnded: {'returncode': 0}
[0.354901] (test_custom_msg) StdoutLine: {'line': b'[ 33%] Built target test_custom_msg__rosidl_typesupport_fastrtps_c\n'}
[0.355316] (test_custom_msg) StdoutLine: {'line': b'[ 43%] Built target test_custom_msg__rosidl_typesupport_introspection_c\n'}
[0.355513] (test_custom_srv) StdoutLine: {'line': b'[ 25%] Built target test_custom_srv__rosidl_typesupport_cpp\n'}
[0.355696] (test_custom_srv) StdoutLine: {'line': b'[ 33%] Built target test_custom_srv__rosidl_typesupport_introspection_cpp\n'}
[0.355854] (test_pkg) CommandEnded: {'returncode': 0}
[0.360240] (test_custom_msg) StdoutLine: {'line': b'[ 64%] Built target test_custom_msg__rosidl_typesupport_introspection_cpp\n'}
[0.360622] (test_custom_msg) StdoutLine: {'line': b'[ 64%] Built target test_custom_msg__rosidl_typesupport_c\n'}
[0.360797] (test_custom_msg) StdoutLine: {'line': b'[ 74%] Built target test_custom_msg__rosidl_typesupport_cpp\n'}
[0.360945] (test_custom_srv) StdoutLine: {'line': b'[ 43%] Built target test_custom_srv__rosidl_typesupport_fastrtps_cpp\n'}
[0.381331] (test_basic_publisher) JobProgress: {'identifier': 'test_basic_publisher', 'progress': 'install'}
[0.400301] (test_basic_publisher) Command: {'cmd': ['/usr/bin/cmake', '--install', '/home/eragon/student133_ws/build/test_basic_publisher'], 'cwd': '/home/eragon/student133_ws/build/test_basic_publisher', 'env': OrderedDict([('GJS_DEBUG_TOPICS', 'JS ERROR;JS LOG'), ('LANGUAGE', 'ru'), ('LC_TIME', 'ru_RU.UTF-8'), ('USER', 'eragon'), ('XDG_SESSION_TYPE', 'wayland'), ('LD_LIBRARY_PATH', '/opt/ros/humble/opt/rviz_ogre_vendor/lib:/opt/ros/humble/lib/x86_64-linux-gnu:/opt/ros/humble/lib'), ('SHLVL', '1'), ('HOME', '/home/eragon'), ('DESKTOP_SESSION', 'ubuntu'), ('QTDIR', '/usr/lib/x86_64-linux-gnu/qt5'), ('GIO_LAUNCHED_DESKTOP_FILE', '/home/eragon/.local/share/applications/org.qt-project.qtcreator.desktop'), ('GNOME_SHELL_SESSION_MODE', 'ubuntu'), ('GTK_MODULES', 'gail:atk-bridge'), ('ROS_PYTHON_VERSION', '3'), ('LC_MONETARY', 'ru_RU.UTF-8'), ('MANAGERPID', '828'), ('DBUS_SESSION_BUS_ADDRESS', 'unix:path'), ('SYSTEMD_EXEC_PID', '972'), ('GIO_LAUNCHED_DESKTOP_FILE_PID', '2460'), ('COLCON_PREFIX_PATH', '/home/eragon/student133_ws/install'), ('IM_CONFIG_PHASE', '1'), ('ROS_DISTRO', 'humble'), ('WAYLAND_DISPLAY', 'wayland-0'), ('LOGNAME', 'eragon'), ('JOURNAL_STREAM', '8:10809'), ('_', '/usr/bin/env'), ('ROS_VERSION', '2'), ('XDG_SESSION_CLASS', 'user'), ('QSG_RHI_BACKEND', 'opengl'), ('USERNAME', 'eragon'), ('GNOME_DESKTOP_SESSION_ID', 'this-is-deprecated'), ('ROS_LOCALHOST_ONLY', '0'), ('PATH', '/opt/ros/humble/bin:/home/eragon/.local/bin:/usr/local/sbin:/usr/local/bin:/usr/sbin:/usr/bin:/sbin:/bin:/usr/games:/usr/local/games:/snap/bin:/snap/bin'), ('INVOCATION_ID', 'e33d58ac2d474d17829f20bcdd4b555e'), ('PAPERSIZE', 'a4'), ('SESSION_MANAGER', 'local/eragon-KPL-W0X:@/tmp/.ICE-unix/941,unix/eragon-KPL-W0X:/tmp/.ICE-unix/941'), ('GNOME_SETUP_DISPLAY', ':1'), ('LC_ADDRESS', 'ru_RU.UTF-8'), ('XDG_MENU_PREFIX', 'gnome-'), ('XDG_RUNTIME_DIR', '/run/user/1000'), ('DISPLAY', ':0'), ('LANG', 'ru_RU.UTF-8'), ('LC_TELEPHONE', 'ru_RU.UTF-8'), ('XDG_CURRENT_DESKTOP', 'ubuntu:GNOME'), ('XAUTHORITY', '/run/user/1000/.mutter-Xwaylandauth.T36VX2'), ('XDG_SESSION_DESKTOP', 'ubuntu'), ('XMODIFIERS', '@im'), ('AMENT_PREFIX_PATH', '/opt/ros/humble'), ('SSH_AGENT_LAUNCHER', 'gnome-keyring'), ('SSH_AUTH_SOCK', '/run/user/1000/keyring/ssh'), ('LC_NAME', 'ru_RU.UTF-8'), ('SHELL', '/bin/bash'), ('GDMSESSION', 'ubuntu'), ('QT_ACCESSIBILITY', '1'), ('LC_MEASUREMENT', 'ru_RU.UTF-8'), ('GJS_DEBUG_OUTPUT', 'stderr'), ('LC_IDENTIFICATION', 'ru_RU.UTF-8'), ('QT_IM_MODULE', 'ibus'), ('LC_ALL', 'en_US.UTF-8'), ('PWD', '/home/eragon/student133_ws/build/test_basic_publisher'), ('QT_QPA_PLATFORM', 'xcb'), ('XDG_CONFIG_DIRS', '/etc/xdg/xdg-ubuntu:/etc/xdg'), ('XDG_DATA_DIRS', '/usr/share/ubuntu:/usr/local/share/:/usr/share/:/var/lib/snapd/desktop'), ('LC_NUMERIC', 'ru_RU.UTF-8'), ('PYTHONPATH', '/opt/ros/humble/lib/python3.10/site-packages:/opt/ros/humble/local/lib/python3.10/dist-packages'), ('LC_PAPER', 'ru_RU.UTF-8'), ('COLCON', '1'), ('CMAKE_PREFIX_PATH', '/home/eragon/student133_ws/install/test_visualization:/home/eragon/student133_ws/install/test_tf_broadcaster:/home/eragon/student133_ws/install/test_subscriber:/home/eragon/student133_ws/install/test_service:/home/eragon/student133_ws/install/test_serial_communication:/home/eragon/student133_ws/install/test_publisher:/home/eragon/student133_ws/install/test_pkg:/home/eragon/student133_ws/install/test_parameters:/home/eragon/student133_ws/install/test_custom_srv:/home/eragon/student133_ws/install/test_custom_publisher:/home/eragon/student133_ws/install/test_custom_msg:/home/eragon/student133_ws/install/test_client:/home/eragon/student133_ws/install/test_castom_publisher:/home/eragon/student133_ws/install/test_basic_publisher:/home/eragon/student133_ws/install/custom_counter:/opt/ros/humble')]), 'shell': False}
[0.405752] (-) TimerEvent: {}
[0.412293] (test_custom_srv) StdoutLine: {'line': b'[ 53%] Built target test_custom_srv__rosidl_typesupport_introspection_c\n'}
[0.416486] (test_custom_srv) StdoutLine: {'line': b'[ 64%] Built target test_custom_srv__rosidl_typesupport_c\n'}
[0.424655] (test_custom_srv) StdoutLine: {'line': b'[ 74%] Built target test_custom_srv__rosidl_typesupport_fastrtps_c\n'}
[0.432116] (test_basic_publisher) StdoutLine: {'line': b'-- Install configuration: "Debug"\n'}
[0.432927] (test_basic_publisher) StdoutLine: {'line': b'-- Installing: /home/eragon/student133_ws/install/test_basic_publisher/lib/test_basic_publisher/test_basic_publisher\n'}
[0.437975] (custom_counter) JobProgress: {'identifier': 'custom_counter', 'progress': 'install'}
[0.438128] (custom_counter) Command: {'cmd': ['/usr/bin/cmake', '--install', '/home/eragon/student133_ws/build/custom_counter'], 'cwd': '/home/eragon/student133_ws/build/custom_counter', 'env': OrderedDict([('GJS_DEBUG_TOPICS', 'JS ERROR;JS LOG'), ('LANGUAGE', 'ru'), ('LC_TIME', 'ru_RU.UTF-8'), ('USER', 'eragon'), ('XDG_SESSION_TYPE', 'wayland'), ('LD_LIBRARY_PATH', '/opt/ros/humble/opt/rviz_ogre_vendor/lib:/opt/ros/humble/lib/x86_64-linux-gnu:/opt/ros/humble/lib'), ('SHLVL', '1'), ('HOME', '/home/eragon'), ('DESKTOP_SESSION', 'ubuntu'), ('QTDIR', '/usr/lib/x86_64-linux-gnu/qt5'), ('GIO_LAUNCHED_DESKTOP_FILE', '/home/eragon/.local/share/applications/org.qt-project.qtcreator.desktop'), ('GNOME_SHELL_SESSION_MODE', 'ubuntu'), ('GTK_MODULES', 'gail:atk-bridge'), ('ROS_PYTHON_VERSION', '3'), ('LC_MONETARY', 'ru_RU.UTF-8'), ('MANAGERPID', '828'), ('DBUS_SESSION_BUS_ADDRESS', 'unix:path'), ('SYSTEMD_EXEC_PID', '972'), ('GIO_LAUNCHED_DESKTOP_FILE_PID', '2460'), ('COLCON_PREFIX_PATH', '/home/eragon/student133_ws/install'), ('IM_CONFIG_PHASE', '1'), ('ROS_DISTRO', 'humble'), ('WAYLAND_DISPLAY', 'wayland-0'), ('LOGNAME', 'eragon'), ('JOURNAL_STREAM', '8:10809'), ('_', '/usr/bin/env'), ('ROS_VERSION', '2'), ('XDG_SESSION_CLASS', 'user'), ('QSG_RHI_BACKEND', 'opengl'), ('USERNAME', 'eragon'), ('GNOME_DESKTOP_SESSION_ID', 'this-is-deprecated'), ('ROS_LOCALHOST_ONLY', '0'), ('PATH', '/opt/ros/humble/bin:/home/eragon/.local/bin:/usr/local/sbin:/usr/local/bin:/usr/sbin:/usr/bin:/sbin:/bin:/usr/games:/usr/local/games:/snap/bin:/snap/bin'), ('INVOCATION_ID', 'e33d58ac2d474d17829f20bcdd4b555e'), ('PAPERSIZE', 'a4'), ('SESSION_MANAGER', 'local/eragon-KPL-W0X:@/tmp/.ICE-unix/941,unix/eragon-KPL-W0X:/tmp/.ICE-unix/941'), ('GNOME_SETUP_DISPLAY', ':1'), ('LC_ADDRESS', 'ru_RU.UTF-8'), ('XDG_MENU_PREFIX', 'gnome-'), ('XDG_RUNTIME_DIR', '/run/user/1000'), ('DISPLAY', ':0'), ('LANG', 'ru_RU.UTF-8'), ('LC_TELEPHONE', 'ru_RU.UTF-8'), ('XDG_CURRENT_DESKTOP', 'ubuntu:GNOME'), ('XAUTHORITY', '/run/user/1000/.mutter-Xwaylandauth.T36VX2'), ('XDG_SESSION_DESKTOP', 'ubuntu'), ('XMODIFIERS', '@im'), ('AMENT_PREFIX_PATH', '/opt/ros/humble'), ('SSH_AGENT_LAUNCHER', 'gnome-keyring'), ('SSH_AUTH_SOCK', '/run/user/1000/keyring/ssh'), ('LC_NAME', 'ru_RU.UTF-8'), ('SHELL', '/bin/bash'), ('GDMSESSION', 'ubuntu'), ('QT_ACCESSIBILITY', '1'), ('LC_MEASUREMENT', 'ru_RU.UTF-8'), ('GJS_DEBUG_OUTPUT', 'stderr'), ('LC_IDENTIFICATION', 'ru_RU.UTF-8'), ('QT_IM_MODULE', 'ibus'), ('LC_ALL', 'en_US.UTF-8'), ('PWD', '/home/eragon/student133_ws/build/custom_counter'), ('QT_QPA_PLATFORM', 'xcb'), ('XDG_CONFIG_DIRS', '/etc/xdg/xdg-ubuntu:/etc/xdg'), ('XDG_DATA_DIRS', '/usr/share/ubuntu:/usr/local/share/:/usr/share/:/var/lib/snapd/desktop'), ('LC_NUMERIC', 'ru_RU.UTF-8'), ('PYTHONPATH', '/opt/ros/humble/lib/python3.10/site-packages:/opt/ros/humble/local/lib/python3.10/dist-packages'), ('LC_PAPER', 'ru_RU.UTF-8'), ('COLCON', '1'), ('CMAKE_PREFIX_PATH', '/home/eragon/student133_ws/install/test_visualization:/home/eragon/student133_ws/install/test_tf_broadcaster:/home/eragon/student133_ws/install/test_subscriber:/home/eragon/student133_ws/install/test_service:/home/eragon/student133_ws/install/test_serial_communication:/home/eragon/student133_ws/install/test_publisher:/home/eragon/student133_ws/install/test_pkg:/home/eragon/student133_ws/install/test_parameters:/home/eragon/student133_ws/install/test_custom_srv:/home/eragon/student133_ws/install/test_custom_publisher:/home/eragon/student133_ws/install/test_custom_msg:/home/eragon/student133_ws/install/test_client:/home/eragon/student133_ws/install/test_castom_publisher:/home/eragon/student133_ws/install/test_basic_publisher:/home/eragon/student133_ws/install/custom_counter:/opt/ros/humble')]), 'shell': False}
[0.440668] (test_custom_msg) StdoutLine: {'line': b'[ 74%] Built target test_custom_msg\n'}
[0.445550] (test_pkg) JobProgress: {'identifier': 'test_pkg', 'progress': 'install'}
[0.445724] (test_pkg) Command: {'cmd': ['/usr/bin/cmake', '--install', '/home/eragon/student133_ws/build/test_pkg'], 'cwd': '/home/eragon/student133_ws/build/test_pkg', 'env': OrderedDict([('GJS_DEBUG_TOPICS', 'JS ERROR;JS LOG'), ('LANGUAGE', 'ru'), ('LC_TIME', 'ru_RU.UTF-8'), ('USER', 'eragon'), ('XDG_SESSION_TYPE', 'wayland'), ('LD_LIBRARY_PATH', '/opt/ros/humble/opt/rviz_ogre_vendor/lib:/opt/ros/humble/lib/x86_64-linux-gnu:/opt/ros/humble/lib'), ('SHLVL', '1'), ('HOME', '/home/eragon'), ('DESKTOP_SESSION', 'ubuntu'), ('QTDIR', '/usr/lib/x86_64-linux-gnu/qt5'), ('GIO_LAUNCHED_DESKTOP_FILE', '/home/eragon/.local/share/applications/org.qt-project.qtcreator.desktop'), ('GNOME_SHELL_SESSION_MODE', 'ubuntu'), ('GTK_MODULES', 'gail:atk-bridge'), ('ROS_PYTHON_VERSION', '3'), ('LC_MONETARY', 'ru_RU.UTF-8'), ('MANAGERPID', '828'), ('DBUS_SESSION_BUS_ADDRESS', 'unix:path'), ('SYSTEMD_EXEC_PID', '972'), ('GIO_LAUNCHED_DESKTOP_FILE_PID', '2460'), ('COLCON_PREFIX_PATH', '/home/eragon/student133_ws/install'), ('IM_CONFIG_PHASE', '1'), ('ROS_DISTRO', 'humble'), ('WAYLAND_DISPLAY', 'wayland-0'), ('LOGNAME', 'eragon'), ('JOURNAL_STREAM', '8:10809'), ('_', '/usr/bin/env'), ('ROS_VERSION', '2'), ('XDG_SESSION_CLASS', 'user'), ('QSG_RHI_BACKEND', 'opengl'), ('USERNAME', 'eragon'), ('GNOME_DESKTOP_SESSION_ID', 'this-is-deprecated'), ('ROS_LOCALHOST_ONLY', '0'), ('PATH', '/opt/ros/humble/bin:/home/eragon/.local/bin:/usr/local/sbin:/usr/local/bin:/usr/sbin:/usr/bin:/sbin:/bin:/usr/games:/usr/local/games:/snap/bin:/snap/bin'), ('INVOCATION_ID', 'e33d58ac2d474d17829f20bcdd4b555e'), ('PAPERSIZE', 'a4'), ('SESSION_MANAGER', 'local/eragon-KPL-W0X:@/tmp/.ICE-unix/941,unix/eragon-KPL-W0X:/tmp/.ICE-unix/941'), ('GNOME_SETUP_DISPLAY', ':1'), ('LC_ADDRESS', 'ru_RU.UTF-8'), ('XDG_MENU_PREFIX', 'gnome-'), ('XDG_RUNTIME_DIR', '/run/user/1000'), ('DISPLAY', ':0'), ('LANG', 'ru_RU.UTF-8'), ('LC_TELEPHONE', 'ru_RU.UTF-8'), ('XDG_CURRENT_DESKTOP', 'ubuntu:GNOME'), ('XAUTHORITY', '/run/user/1000/.mutter-Xwaylandauth.T36VX2'), ('XDG_SESSION_DESKTOP', 'ubuntu'), ('XMODIFIERS', '@im'), ('AMENT_PREFIX_PATH', '/opt/ros/humble'), ('SSH_AGENT_LAUNCHER', 'gnome-keyring'), ('SSH_AUTH_SOCK', '/run/user/1000/keyring/ssh'), ('LC_NAME', 'ru_RU.UTF-8'), ('SHELL', '/bin/bash'), ('GDMSESSION', 'ubuntu'), ('QT_ACCESSIBILITY', '1'), ('LC_MEASUREMENT', 'ru_RU.UTF-8'), ('GJS_DEBUG_OUTPUT', 'stderr'), ('LC_IDENTIFICATION', 'ru_RU.UTF-8'), ('QT_IM_MODULE', 'ibus'), ('LC_ALL', 'en_US.UTF-8'), ('PWD', '/home/eragon/student133_ws/build/test_pkg'), ('QT_QPA_PLATFORM', 'xcb'), ('XDG_CONFIG_DIRS', '/etc/xdg/xdg-ubuntu:/etc/xdg'), ('XDG_DATA_DIRS', '/usr/share/ubuntu:/usr/local/share/:/usr/share/:/var/lib/snapd/desktop'), ('LC_NUMERIC', 'ru_RU.UTF-8'), ('PYTHONPATH', '/opt/ros/humble/lib/python3.10/site-packages:/opt/ros/humble/local/lib/python3.10/dist-packages'), ('LC_PAPER', 'ru_RU.UTF-8'), ('COLCON', '1'), ('CMAKE_PREFIX_PATH', '/home/eragon/student133_ws/install/test_visualization:/home/eragon/student133_ws/install/test_tf_broadcaster:/home/eragon/student133_ws/install/test_subscriber:/home/eragon/student133_ws/install/test_service:/home/eragon/student133_ws/install/test_serial_communication:/home/eragon/student133_ws/install/test_publisher:/home/eragon/student133_ws/install/test_pkg:/home/eragon/student133_ws/install/test_parameters:/home/eragon/student133_ws/install/test_custom_srv:/home/eragon/student133_ws/install/test_custom_publisher:/home/eragon/student133_ws/install/test_custom_msg:/home/eragon/student133_ws/install/test_client:/home/eragon/student133_ws/install/test_castom_publisher:/home/eragon/student133_ws/install/test_basic_publisher:/home/eragon/student133_ws/install/custom_counter:/opt/ros/humble')]), 'shell': False}
[0.455349] (test_parameters) JobProgress: {'identifier': 'test_parameters', 'progress': 'install'}
[0.455492] (test_parameters) Command: {'cmd': ['/usr/bin/cmake', '--install', '/home/eragon/student133_ws/build/test_parameters'], 'cwd': '/home/eragon/student133_ws/build/test_parameters', 'env': OrderedDict([('GJS_DEBUG_TOPICS', 'JS ERROR;JS LOG'), ('LANGUAGE', 'ru'), ('LC_TIME', 'ru_RU.UTF-8'), ('USER', 'eragon'), ('XDG_SESSION_TYPE', 'wayland'), ('LD_LIBRARY_PATH', '/opt/ros/humble/opt/rviz_ogre_vendor/lib:/opt/ros/humble/lib/x86_64-linux-gnu:/opt/ros/humble/lib'), ('SHLVL', '1'), ('HOME', '/home/eragon'), ('DESKTOP_SESSION', 'ubuntu'), ('QTDIR', '/usr/lib/x86_64-linux-gnu/qt5'), ('GIO_LAUNCHED_DESKTOP_FILE', '/home/eragon/.local/share/applications/org.qt-project.qtcreator.desktop'), ('GNOME_SHELL_SESSION_MODE', 'ubuntu'), ('GTK_MODULES', 'gail:atk-bridge'), ('ROS_PYTHON_VERSION', '3'), ('LC_MONETARY', 'ru_RU.UTF-8'), ('MANAGERPID', '828'), ('DBUS_SESSION_BUS_ADDRESS', 'unix:path'), ('SYSTEMD_EXEC_PID', '972'), ('GIO_LAUNCHED_DESKTOP_FILE_PID', '2460'), ('COLCON_PREFIX_PATH', '/home/eragon/student133_ws/install'), ('IM_CONFIG_PHASE', '1'), ('ROS_DISTRO', 'humble'), ('WAYLAND_DISPLAY', 'wayland-0'), ('LOGNAME', 'eragon'), ('JOURNAL_STREAM', '8:10809'), ('_', '/usr/bin/env'), ('ROS_VERSION', '2'), ('XDG_SESSION_CLASS', 'user'), ('QSG_RHI_BACKEND', 'opengl'), ('USERNAME', 'eragon'), ('GNOME_DESKTOP_SESSION_ID', 'this-is-deprecated'), ('ROS_LOCALHOST_ONLY', '0'), ('PATH', '/opt/ros/humble/bin:/home/eragon/.local/bin:/usr/local/sbin:/usr/local/bin:/usr/sbin:/usr/bin:/sbin:/bin:/usr/games:/usr/local/games:/snap/bin:/snap/bin'), ('INVOCATION_ID', 'e33d58ac2d474d17829f20bcdd4b555e'), ('PAPERSIZE', 'a4'), ('SESSION_MANAGER', 'local/eragon-KPL-W0X:@/tmp/.ICE-unix/941,unix/eragon-KPL-W0X:/tmp/.ICE-unix/941'), ('GNOME_SETUP_DISPLAY', ':1'), ('LC_ADDRESS', 'ru_RU.UTF-8'), ('XDG_MENU_PREFIX', 'gnome-'), ('XDG_RUNTIME_DIR', '/run/user/1000'), ('DISPLAY', ':0'), ('LANG', 'ru_RU.UTF-8'), ('LC_TELEPHONE', 'ru_RU.UTF-8'), ('XDG_CURRENT_DESKTOP', 'ubuntu:GNOME'), ('XAUTHORITY', '/run/user/1000/.mutter-Xwaylandauth.T36VX2'), ('XDG_SESSION_DESKTOP', 'ubuntu'), ('XMODIFIERS', '@im'), ('AMENT_PREFIX_PATH', '/opt/ros/humble'), ('SSH_AGENT_LAUNCHER', 'gnome-keyring'), ('SSH_AUTH_SOCK', '/run/user/1000/keyring/ssh'), ('LC_NAME', 'ru_RU.UTF-8'), ('SHELL', '/bin/bash'), ('GDMSESSION', 'ubuntu'), ('QT_ACCESSIBILITY', '1'), ('LC_MEASUREMENT', 'ru_RU.UTF-8'), ('GJS_DEBUG_OUTPUT', 'stderr'), ('LC_IDENTIFICATION', 'ru_RU.UTF-8'), ('QT_IM_MODULE', 'ibus'), ('LC_ALL', 'en_US.UTF-8'), ('PWD', '/home/eragon/student133_ws/build/test_parameters'), ('QT_QPA_PLATFORM', 'xcb'), ('XDG_CONFIG_DIRS', '/etc/xdg/xdg-ubuntu:/etc/xdg'), ('XDG_DATA_DIRS', '/usr/share/ubuntu:/usr/local/share/:/usr/share/:/var/lib/snapd/desktop'), ('LC_NUMERIC', 'ru_RU.UTF-8'), ('PYTHONPATH', '/opt/ros/humble/lib/python3.10/site-packages:/opt/ros/humble/local/lib/python3.10/dist-packages'), ('LC_PAPER', 'ru_RU.UTF-8'), ('COLCON', '1'), ('CMAKE_PREFIX_PATH', '/home/eragon/student133_ws/install/test_visualization:/home/eragon/student133_ws/install/test_tf_broadcaster:/home/eragon/student133_ws/install/test_subscriber:/home/eragon/student133_ws/install/test_service:/home/eragon/student133_ws/install/test_serial_communication:/home/eragon/student133_ws/install/test_publisher:/home/eragon/student133_ws/install/test_pkg:/home/eragon/student133_ws/install/test_parameters:/home/eragon/student133_ws/install/test_custom_srv:/home/eragon/student133_ws/install/test_custom_publisher:/home/eragon/student133_ws/install/test_custom_msg:/home/eragon/student133_ws/install/test_client:/home/eragon/student133_ws/install/test_castom_publisher:/home/eragon/student133_ws/install/test_basic_publisher:/home/eragon/student133_ws/install/custom_counter:/opt/ros/humble')]), 'shell': False}
[0.458324] (test_basic_publisher) StdoutLine: {'line': b'-- Set runtime path of "/home/eragon/student133_ws/install/test_basic_publisher/lib/test_basic_publisher/test_basic_publisher" to ""\n'}
[0.458697] (test_basic_publisher) StdoutLine: {'line': b'-- Installing: /home/eragon/student133_ws/install/test_basic_publisher/share/ament_index/resource_index/package_run_dependencies/test_basic_publisher\n'}
[0.458887] (custom_counter) StdoutLine: {'line': b'-- Install configuration: "Debug"\n'}
[0.460864] (custom_counter) StdoutLine: {'line': b'-- Installing: /home/eragon/student133_ws/install/custom_counter/lib/custom_counter/custom_counter_node\n'}
[0.461253] (test_basic_publisher) StdoutLine: {'line': b'-- Installing: /home/eragon/student133_ws/install/test_basic_publisher/share/ament_index/resource_index/parent_prefix_path/test_basic_publisher\n'}
[0.461493] (test_basic_publisher) StdoutLine: {'line': b'-- Installing: /home/eragon/student133_ws/install/test_basic_publisher/share/test_basic_publisher/environment/ament_prefix_path.sh\n'}
[0.462693] (test_basic_publisher) StdoutLine: {'line': b'-- Installing: /home/eragon/student133_ws/install/test_basic_publisher/share/test_basic_publisher/environment/ament_prefix_path.dsv\n'}
[0.464760] (test_basic_publisher) StdoutLine: {'line': b'-- Installing: /home/eragon/student133_ws/install/test_basic_publisher/share/test_basic_publisher/environment/path.sh\n'}
[0.466226] (test_basic_publisher) StdoutLine: {'line': b'-- Installing: /home/eragon/student133_ws/install/test_basic_publisher/share/test_basic_publisher/environment/path.dsv\n'}
[0.466565] (test_basic_publisher) StdoutLine: {'line': b'-- Installing: /home/eragon/student133_ws/install/test_basic_publisher/share/test_basic_publisher/local_setup.bash\n'}
[0.468760] (test_basic_publisher) StdoutLine: {'line': b'-- Installing: /home/eragon/student133_ws/install/test_basic_publisher/share/test_basic_publisher/local_setup.sh\n'}
[0.470009] (test_basic_publisher) StdoutLine: {'line': b'-- Installing: /home/eragon/student133_ws/install/test_basic_publisher/share/test_basic_publisher/local_setup.zsh\n'}
[0.470351] (test_basic_publisher) StdoutLine: {'line': b'-- Installing: /home/eragon/student133_ws/install/test_basic_publisher/share/test_basic_publisher/local_setup.dsv\n'}
[0.476758] (test_basic_publisher) StdoutLine: {'line': b'-- Installing: /home/eragon/student133_ws/install/test_basic_publisher/share/test_basic_publisher/package.dsv\n'}
[0.477094] (test_basic_publisher) StdoutLine: {'line': b'-- Installing: /home/eragon/student133_ws/install/test_basic_publisher/share/ament_index/resource_index/packages/test_basic_publisher\n'}
[0.477268] (test_basic_publisher) StdoutLine: {'line': b'-- Installing: /home/eragon/student133_ws/install/test_basic_publisher/share/test_basic_publisher/cmake/test_basic_publisherConfig.cmake\n'}
[0.477414] (test_pkg) StdoutLine: {'line': b'-- Install configuration: "Debug"\n'}
[0.477575] (test_pkg) StdoutLine: {'line': b'-- Installing: /home/eragon/student133_ws/install/test_pkg/lib/test_pkg/test_pkg_node\n'}
[0.481416] (test_basic_publisher) StdoutLine: {'line': b'-- Installing: /home/eragon/student133_ws/install/test_basic_publisher/share/test_basic_publisher/cmake/test_basic_publisherConfig-version.cmake\n'}
[0.481757] (test_basic_publisher) StdoutLine: {'line': b'-- Installing: /home/eragon/student133_ws/install/test_basic_publisher/share/test_basic_publisher/package.xml\n'}
[0.483379] (test_pkg) StdoutLine: {'line': b'-- Set runtime path of "/home/eragon/student133_ws/install/test_pkg/lib/test_pkg/test_pkg_node" to ""\n'}
[0.485328] (test_basic_publisher) CommandEnded: {'returncode': 0}
[0.508178] (-) TimerEvent: {}
[0.532284] (test_pkg) StdoutLine: {'line': b'-- Installing: /home/eragon/student133_ws/install/test_pkg/share/ament_index/resource_index/package_run_dependencies/test_pkg\n'}
[0.536503] (test_pkg) StdoutLine: {'line': b'-- Installing: /home/eragon/student133_ws/install/test_pkg/share/ament_index/resource_index/parent_prefix_path/test_pkg\n'}
[0.536710] (test_pkg) StdoutLine: {'line': b'-- Installing: /home/eragon/student133_ws/install/test_pkg/share/test_pkg/environment/ament_prefix_path.sh\n'}
[0.536867] (test_pkg) StdoutLine: {'line': b'-- Installing: /home/eragon/student133_ws/install/test_pkg/share/test_pkg/environment/ament_prefix_path.dsv\n'}
[0.537024] (test_pkg) StdoutLine: {'line': b'-- Installing: /home/eragon/student133_ws/install/test_pkg/share/test_pkg/environment/path.sh\n'}
[0.537232] (test_pkg) StdoutLine: {'line': b'-- Installing: /home/eragon/student133_ws/install/test_pkg/share/test_pkg/environment/path.dsv\n'}
[0.537419] (test_pkg) StdoutLine: {'line': b'-- Installing: /home/eragon/student133_ws/install/test_pkg/share/test_pkg/local_setup.bash\n'}
[0.537568] (test_pkg) StdoutLine: {'line': b'-- Installing: /home/eragon/student133_ws/install/test_pkg/share/test_pkg/local_setup.sh\n'}
[0.537717] (test_pkg) StdoutLine: {'line': b'-- Installing: /home/eragon/student133_ws/install/test_pkg/share/test_pkg/local_setup.zsh\n'}
[0.537878] (test_pkg) StdoutLine: {'line': b'-- Installing: /home/eragon/student133_ws/install/test_pkg/share/test_pkg/local_setup.dsv\n'}
[0.538028] (test_pkg) StdoutLine: {'line': b'-- Installing: /home/eragon/student133_ws/install/test_pkg/share/test_pkg/package.dsv\n'}
[0.538447] (test_pkg) StdoutLine: {'line': b'-- Installing: /home/eragon/student133_ws/install/test_pkg/share/ament_index/resource_index/packages/test_pkg\n'}
[0.538606] (test_pkg) StdoutLine: {'line': b'-- Installing: /home/eragon/student133_ws/install/test_pkg/share/test_pkg/cmake/test_pkgConfig.cmake\n'}
[0.538737] (test_pkg) StdoutLine: {'line': b'-- Installing: /home/eragon/student133_ws/install/test_pkg/share/test_pkg/cmake/test_pkgConfig-version.cmake\n'}
[0.538862] (test_pkg) StdoutLine: {'line': b'-- Installing: /home/eragon/student133_ws/install/test_pkg/share/test_pkg/package.xml\n'}
[0.538988] (test_custom_srv) StdoutLine: {'line': b'[ 74%] Built target test_custom_srv\n'}
[0.539189] (test_parameters) StdoutLine: {'line': b'-- Install configuration: "Debug"\n'}
[0.539349] (test_parameters) StdoutLine: {'line': b'-- Installing: /home/eragon/student133_ws/install/test_parameters/share/test_parameters/launch\n'}
[0.539483] (test_parameters) StdoutLine: {'line': b'-- Installing: /home/eragon/student133_ws/install/test_parameters/share/test_parameters/launch/test_parameters_launch.py\n'}
[0.539619] (test_parameters) StdoutLine: {'line': b'-- Installing: /home/eragon/student133_ws/install/test_parameters/lib/test_parameters/test_parameters_node\n'}
[0.539745] (test_parameters) StdoutLine: {'line': b'-- Set runtime path of "/home/eragon/student133_ws/install/test_parameters/lib/test_parameters/test_parameters_node" to ""\n'}
[0.539874] (test_parameters) StdoutLine: {'line': b'-- Installing: /home/eragon/student133_ws/install/test_parameters/share/ament_index/resource_index/package_run_dependencies/test_parameters\n'}
[0.540019] (test_parameters) StdoutLine: {'line': b'-- Installing: /home/eragon/student133_ws/install/test_parameters/share/ament_index/resource_index/parent_prefix_path/test_parameters\n'}
[0.544634] (test_parameters) StdoutLine: {'line': b'-- Installing: /home/eragon/student133_ws/install/test_parameters/share/test_parameters/environment/ament_prefix_path.sh\n'}
[0.544822] (test_parameters) StdoutLine: {'line': b'-- Installing: /home/eragon/student133_ws/install/test_parameters/share/test_parameters/environment/ament_prefix_path.dsv\n'}
[0.544965] (test_parameters) StdoutLine: {'line': b'-- Installing: /home/eragon/student133_ws/install/test_parameters/share/test_parameters/environment/path.sh\n'}
[0.545467] (test_parameters) StdoutLine: {'line': b'-- Installing: /home/eragon/student133_ws/install/test_parameters/share/test_parameters/environment/path.dsv\n'}
[0.545626] (test_parameters) StdoutLine: {'line': b'-- Installing: /home/eragon/student133_ws/install/test_parameters/share/test_parameters/local_setup.bash\n'}
[0.545751] (test_parameters) StdoutLine: {'line': b'-- Installing: /home/eragon/student133_ws/install/test_parameters/share/test_parameters/local_setup.sh\n'}
[0.545872] (test_parameters) StdoutLine: {'line': b'-- Installing: /home/eragon/student133_ws/install/test_parameters/share/test_parameters/local_setup.zsh\n'}
[0.545995] (test_parameters) StdoutLine: {'line': b'-- Installing: /home/eragon/student133_ws/install/test_parameters/share/test_parameters/local_setup.dsv\n'}
[0.546169] (test_parameters) StdoutLine: {'line': b'-- Installing: /home/eragon/student133_ws/install/test_parameters/share/test_parameters/package.dsv\n'}
[0.546305] (test_parameters) StdoutLine: {'line': b'-- Installing: /home/eragon/student133_ws/install/test_parameters/share/ament_index/resource_index/packages/test_parameters\n'}
[0.546457] (test_parameters) StdoutLine: {'line': b'-- Installing: /home/eragon/student133_ws/install/test_parameters/share/test_parameters/cmake/test_parametersConfig.cmake\n'}
[0.546581] (test_parameters) StdoutLine: {'line': b'-- Installing: /home/eragon/student133_ws/install/test_parameters/share/test_parameters/cmake/test_parametersConfig-version.cmake\n'}
[0.546713] (test_parameters) StdoutLine: {'line': b'-- Installing: /home/eragon/student133_ws/install/test_parameters/share/test_parameters/package.xml\n'}
[0.546849] (custom_counter) StdoutLine: {'line': b'-- Set runtime path of "/home/eragon/student133_ws/install/custom_counter/lib/custom_counter/custom_counter_node" to ""\n'}
[0.547012] (custom_counter) StdoutLine: {'line': b'-- Installing: /home/eragon/student133_ws/install/custom_counter/share/ament_index/resource_index/package_run_dependencies/custom_counter\n'}
[0.547179] (custom_counter) StdoutLine: {'line': b'-- Installing: /home/eragon/student133_ws/install/custom_counter/share/ament_index/resource_index/parent_prefix_path/custom_counter\n'}
[0.547318] (custom_counter) StdoutLine: {'line': b'-- Installing: /home/eragon/student133_ws/install/custom_counter/share/custom_counter/environment/ament_prefix_path.sh\n'}
[0.547444] (custom_counter) StdoutLine: {'line': b'-- Installing: /home/eragon/student133_ws/install/custom_counter/share/custom_counter/environment/ament_prefix_path.dsv\n'}
[0.547573] (custom_counter) StdoutLine: {'line': b'-- Installing: /home/eragon/student133_ws/install/custom_counter/share/custom_counter/environment/path.sh\n'}
[0.547703] (custom_counter) StdoutLine: {'line': b'-- Installing: /home/eragon/student133_ws/install/custom_counter/share/custom_counter/environment/path.dsv\n'}
[0.547834] (custom_counter) StdoutLine: {'line': b'-- Installing: /home/eragon/student133_ws/install/custom_counter/share/custom_counter/local_setup.bash\n'}
[0.547966] (custom_counter) StdoutLine: {'line': b'-- Installing: /home/eragon/student133_ws/install/custom_counter/share/custom_counter/local_setup.sh\n'}
[0.548140] (custom_counter) StdoutLine: {'line': b'-- Installing: /home/eragon/student133_ws/install/custom_counter/share/custom_counter/local_setup.zsh\n'}
[0.548283] (custom_counter) StdoutLine: {'line': b'-- Installing: /home/eragon/student133_ws/install/custom_counter/share/custom_counter/local_setup.dsv\n'}
[0.548415] (custom_counter) StdoutLine: {'line': b'-- Installing: /home/eragon/student133_ws/install/custom_counter/share/custom_counter/package.dsv\n'}
[0.548548] (custom_counter) StdoutLine: {'line': b'-- Installing: /home/eragon/student133_ws/install/custom_counter/share/ament_index/resource_index/packages/custom_counter\n'}
[0.548687] (custom_counter) StdoutLine: {'line': b'-- Installing: /home/eragon/student133_ws/install/custom_counter/share/custom_counter/cmake/custom_counterConfig.cmake\n'}
[0.548809] (custom_counter) StdoutLine: {'line': b'-- Installing: /home/eragon/student133_ws/install/custom_counter/share/custom_counter/cmake/custom_counterConfig-version.cmake\n'}
[0.548947] (custom_counter) StdoutLine: {'line': b'-- Installing: /home/eragon/student133_ws/install/custom_counter/share/custom_counter/package.xml\n'}
[0.549106] (test_custom_msg) StdoutLine: {'line': b'[ 76%] Built target test_custom_msg__py\n'}
[0.549273] (test_pkg) CommandEnded: {'returncode': 0}
[0.566826] (test_parameters) CommandEnded: {'returncode': 0}
[0.605778] (custom_counter) CommandEnded: {'returncode': 0}
[0.608312] (-) TimerEvent: {}
[0.637378] (test_custom_srv) StdoutLine: {'line': b'[ 76%] Built target test_custom_srv__py\n'}
[0.637716] (test_custom_srv) StdoutLine: {'line': b'[ 84%] Built target test_custom_srv__rosidl_generator_py\n'}
[0.637924] (test_custom_msg) StdoutLine: {'line': b'[ 84%] Built target test_custom_msg__rosidl_generator_py\n'}
[0.671460] (test_basic_publisher) JobEnded: {'identifier': 'test_basic_publisher', 'rc': 0}
[0.681288] (test_publisher) JobStarted: {'identifier': 'test_publisher'}
[0.706579] (test_client) StdoutLine: {'line': b'-- Found rclcpp: 16.0.10 (/opt/ros/humble/share/rclcpp/cmake)\n'}
[0.707348] (test_custom_publisher) StdoutLine: {'line': b'-- Found rclcpp: 16.0.10 (/opt/ros/humble/share/rclcpp/cmake)\n'}
[0.707617] (test_custom_msg) StdoutLine: {'line': b'[ 89%] Built target test_custom_msg__rosidl_typesupport_fastrtps_c__pyext\n'}
[0.707849] (test_custom_msg) StdoutLine: {'line': b'[ 94%] Built target test_custom_msg__rosidl_typesupport_introspection_c__pyext\n'}
[0.707989] (test_custom_msg) StdoutLine: {'line': b'[100%] Built target test_custom_msg__rosidl_typesupport_c__pyext\n'}
[0.708172] (test_custom_srv) StdoutLine: {'line': b'[ 89%] Built target test_custom_srv__rosidl_typesupport_introspection_c__pyext\n'}
[0.708669] (-) TimerEvent: {}
[0.717281] (test_pkg) JobEnded: {'identifier': 'test_pkg', 'rc': 0}
[0.721095] (test_service) JobStarted: {'identifier': 'test_service'}
[0.726870] (test_custom_srv) StdoutLine: {'line': b'[ 94%] Built target test_custom_srv__rosidl_typesupport_fastrtps_c__pyext\n'}
[0.728177] (test_custom_srv) StdoutLine: {'line': b'[100%] Built target test_custom_srv__rosidl_typesupport_c__pyext\n'}
[0.728900] (test_publisher) JobProgress: {'identifier': 'test_publisher', 'progress': 'cmake'}
[0.730420] (test_publisher) JobProgress: {'identifier': 'test_publisher', 'progress': 'build'}
[0.730508] (test_publisher) Command: {'cmd': ['/usr/bin/cmake', '--build', '/home/eragon/student133_ws/build/test_publisher', '--', '-j8', '-l8'], 'cwd': '/home/eragon/student133_ws/build/test_publisher', 'env': OrderedDict([('GJS_DEBUG_TOPICS', 'JS ERROR;JS LOG'), ('LANGUAGE', 'ru'), ('LC_TIME', 'ru_RU.UTF-8'), ('USER', 'eragon'), ('XDG_SESSION_TYPE', 'wayland'), ('LD_LIBRARY_PATH', '/opt/ros/humble/opt/rviz_ogre_vendor/lib:/opt/ros/humble/lib/x86_64-linux-gnu:/opt/ros/humble/lib'), ('SHLVL', '1'), ('HOME', '/home/eragon'), ('DESKTOP_SESSION', 'ubuntu'), ('QTDIR', '/usr/lib/x86_64-linux-gnu/qt5'), ('GIO_LAUNCHED_DESKTOP_FILE', '/home/eragon/.local/share/applications/org.qt-project.qtcreator.desktop'), ('GNOME_SHELL_SESSION_MODE', 'ubuntu'), ('GTK_MODULES', 'gail:atk-bridge'), ('ROS_PYTHON_VERSION', '3'), ('LC_MONETARY', 'ru_RU.UTF-8'), ('MANAGERPID', '828'), ('DBUS_SESSION_BUS_ADDRESS', 'unix:path'), ('SYSTEMD_EXEC_PID', '972'), ('GIO_LAUNCHED_DESKTOP_FILE_PID', '2460'), ('COLCON_PREFIX_PATH', '/home/eragon/student133_ws/install'), ('IM_CONFIG_PHASE', '1'), ('ROS_DISTRO', 'humble'), ('WAYLAND_DISPLAY', 'wayland-0'), ('LOGNAME', 'eragon'), ('JOURNAL_STREAM', '8:10809'), ('_', '/usr/bin/env'), ('ROS_VERSION', '2'), ('XDG_SESSION_CLASS', 'user'), ('QSG_RHI_BACKEND', 'opengl'), ('USERNAME', 'eragon'), ('GNOME_DESKTOP_SESSION_ID', 'this-is-deprecated'), ('ROS_LOCALHOST_ONLY', '0'), ('PATH', '/opt/ros/humble/bin:/home/eragon/.local/bin:/usr/local/sbin:/usr/local/bin:/usr/sbin:/usr/bin:/sbin:/bin:/usr/games:/usr/local/games:/snap/bin:/snap/bin'), ('INVOCATION_ID', 'e33d58ac2d474d17829f20bcdd4b555e'), ('PAPERSIZE', 'a4'), ('SESSION_MANAGER', 'local/eragon-KPL-W0X:@/tmp/.ICE-unix/941,unix/eragon-KPL-W0X:/tmp/.ICE-unix/941'), ('GNOME_SETUP_DISPLAY', ':1'), ('LC_ADDRESS', 'ru_RU.UTF-8'), ('XDG_MENU_PREFIX', 'gnome-'), ('XDG_RUNTIME_DIR', '/run/user/1000'), ('DISPLAY', ':0'), ('LANG', 'ru_RU.UTF-8'), ('LC_TELEPHONE', 'ru_RU.UTF-8'), ('XDG_CURRENT_DESKTOP', 'ubuntu:GNOME'), ('XAUTHORITY', '/run/user/1000/.mutter-Xwaylandauth.T36VX2'), ('XDG_SESSION_DESKTOP', 'ubuntu'), ('XMODIFIERS', '@im'), ('AMENT_PREFIX_PATH', '/opt/ros/humble'), ('SSH_AGENT_LAUNCHER', 'gnome-keyring'), ('SSH_AUTH_SOCK', '/run/user/1000/keyring/ssh'), ('LC_NAME', 'ru_RU.UTF-8'), ('SHELL', '/bin/bash'), ('GDMSESSION', 'ubuntu'), ('QT_ACCESSIBILITY', '1'), ('LC_MEASUREMENT', 'ru_RU.UTF-8'), ('GJS_DEBUG_OUTPUT', 'stderr'), ('LC_IDENTIFICATION', 'ru_RU.UTF-8'), ('QT_IM_MODULE', 'ibus'), ('LC_ALL', 'en_US.UTF-8'), ('PWD', '/home/eragon/student133_ws/build/test_publisher'), ('QT_QPA_PLATFORM', 'xcb'), ('XDG_CONFIG_DIRS', '/etc/xdg/xdg-ubuntu:/etc/xdg'), ('XDG_DATA_DIRS', '/usr/share/ubuntu:/usr/local/share/:/usr/share/:/var/lib/snapd/desktop'), ('LC_NUMERIC', 'ru_RU.UTF-8'), ('PYTHONPATH', '/opt/ros/humble/lib/python3.10/site-packages:/opt/ros/humble/local/lib/python3.10/dist-packages'), ('LC_PAPER', 'ru_RU.UTF-8'), ('COLCON', '1'), ('CMAKE_PREFIX_PATH', '/home/eragon/student133_ws/install/test_visualization:/home/eragon/student133_ws/install/test_tf_broadcaster:/home/eragon/student133_ws/install/test_subscriber:/home/eragon/student133_ws/install/test_service:/home/eragon/student133_ws/install/test_serial_communication:/home/eragon/student133_ws/install/test_publisher:/home/eragon/student133_ws/install/test_pkg:/home/eragon/student133_ws/install/test_parameters:/home/eragon/student133_ws/install/test_custom_srv:/home/eragon/student133_ws/install/test_custom_publisher:/home/eragon/student133_ws/install/test_custom_msg:/home/eragon/student133_ws/install/test_client:/home/eragon/student133_ws/install/test_castom_publisher:/home/eragon/student133_ws/install/test_basic_publisher:/home/eragon/student133_ws/install/custom_counter:/opt/ros/humble')]), 'shell': False}
[0.746673] (test_parameters) JobEnded: {'identifier': 'test_parameters', 'rc': 0}
[0.759367] (custom_counter) JobEnded: {'identifier': 'custom_counter', 'rc': 0}
[0.761889] (test_subscriber) JobStarted: {'identifier': 'test_subscriber'}
[0.768461] (test_tf_broadcaster) JobStarted: {'identifier': 'test_tf_broadcaster'}
[0.775843] (test_service) JobProgress: {'identifier': 'test_service', 'progress': 'cmake'}
[0.777380] (test_service) JobProgress: {'identifier': 'test_service', 'progress': 'build'}
[0.777555] (test_service) Command: {'cmd': ['/usr/bin/cmake', '--build', '/home/eragon/student133_ws/build/test_service', '--', '-j8', '-l8'], 'cwd': '/home/eragon/student133_ws/build/test_service', 'env': OrderedDict([('GJS_DEBUG_TOPICS', 'JS ERROR;JS LOG'), ('LANGUAGE', 'ru'), ('LC_TIME', 'ru_RU.UTF-8'), ('USER', 'eragon'), ('XDG_SESSION_TYPE', 'wayland'), ('LD_LIBRARY_PATH', '/opt/ros/humble/opt/rviz_ogre_vendor/lib:/opt/ros/humble/lib/x86_64-linux-gnu:/opt/ros/humble/lib'), ('SHLVL', '1'), ('HOME', '/home/eragon'), ('DESKTOP_SESSION', 'ubuntu'), ('QTDIR', '/usr/lib/x86_64-linux-gnu/qt5'), ('GIO_LAUNCHED_DESKTOP_FILE', '/home/eragon/.local/share/applications/org.qt-project.qtcreator.desktop'), ('GNOME_SHELL_SESSION_MODE', 'ubuntu'), ('GTK_MODULES', 'gail:atk-bridge'), ('ROS_PYTHON_VERSION', '3'), ('LC_MONETARY', 'ru_RU.UTF-8'), ('MANAGERPID', '828'), ('DBUS_SESSION_BUS_ADDRESS', 'unix:path'), ('SYSTEMD_EXEC_PID', '972'), ('GIO_LAUNCHED_DESKTOP_FILE_PID', '2460'), ('COLCON_PREFIX_PATH', '/home/eragon/student133_ws/install'), ('IM_CONFIG_PHASE', '1'), ('ROS_DISTRO', 'humble'), ('WAYLAND_DISPLAY', 'wayland-0'), ('LOGNAME', 'eragon'), ('JOURNAL_STREAM', '8:10809'), ('_', '/usr/bin/env'), ('ROS_VERSION', '2'), ('XDG_SESSION_CLASS', 'user'), ('QSG_RHI_BACKEND', 'opengl'), ('USERNAME', 'eragon'), ('GNOME_DESKTOP_SESSION_ID', 'this-is-deprecated'), ('ROS_LOCALHOST_ONLY', '0'), ('PATH', '/opt/ros/humble/bin:/home/eragon/.local/bin:/usr/local/sbin:/usr/local/bin:/usr/sbin:/usr/bin:/sbin:/bin:/usr/games:/usr/local/games:/snap/bin:/snap/bin'), ('INVOCATION_ID', 'e33d58ac2d474d17829f20bcdd4b555e'), ('PAPERSIZE', 'a4'), ('SESSION_MANAGER', 'local/eragon-KPL-W0X:@/tmp/.ICE-unix/941,unix/eragon-KPL-W0X:/tmp/.ICE-unix/941'), ('GNOME_SETUP_DISPLAY', ':1'), ('LC_ADDRESS', 'ru_RU.UTF-8'), ('XDG_MENU_PREFIX', 'gnome-'), ('XDG_RUNTIME_DIR', '/run/user/1000'), ('DISPLAY', ':0'), ('LANG', 'ru_RU.UTF-8'), ('LC_TELEPHONE', 'ru_RU.UTF-8'), ('XDG_CURRENT_DESKTOP', 'ubuntu:GNOME'), ('XAUTHORITY', '/run/user/1000/.mutter-Xwaylandauth.T36VX2'), ('XDG_SESSION_DESKTOP', 'ubuntu'), ('XMODIFIERS', '@im'), ('AMENT_PREFIX_PATH', '/opt/ros/humble'), ('SSH_AGENT_LAUNCHER', 'gnome-keyring'), ('SSH_AUTH_SOCK', '/run/user/1000/keyring/ssh'), ('LC_NAME', 'ru_RU.UTF-8'), ('SHELL', '/bin/bash'), ('GDMSESSION', 'ubuntu'), ('QT_ACCESSIBILITY', '1'), ('LC_MEASUREMENT', 'ru_RU.UTF-8'), ('GJS_DEBUG_OUTPUT', 'stderr'), ('LC_IDENTIFICATION', 'ru_RU.UTF-8'), ('QT_IM_MODULE', 'ibus'), ('LC_ALL', 'en_US.UTF-8'), ('PWD', '/home/eragon/student133_ws/build/test_service'), ('QT_QPA_PLATFORM', 'xcb'), ('XDG_CONFIG_DIRS', '/etc/xdg/xdg-ubuntu:/etc/xdg'), ('XDG_DATA_DIRS', '/usr/share/ubuntu:/usr/local/share/:/usr/share/:/var/lib/snapd/desktop'), ('LC_NUMERIC', 'ru_RU.UTF-8'), ('PYTHONPATH', '/opt/ros/humble/lib/python3.10/site-packages:/opt/ros/humble/local/lib/python3.10/dist-packages'), ('LC_PAPER', 'ru_RU.UTF-8'), ('COLCON', '1'), ('CMAKE_PREFIX_PATH', '/home/eragon/student133_ws/install/test_visualization:/home/eragon/student133_ws/install/test_tf_broadcaster:/home/eragon/student133_ws/install/test_subscriber:/home/eragon/student133_ws/install/test_service:/home/eragon/student133_ws/install/test_serial_communication:/home/eragon/student133_ws/install/test_publisher:/home/eragon/student133_ws/install/test_pkg:/home/eragon/student133_ws/install/test_parameters:/home/eragon/student133_ws/install/test_custom_srv:/home/eragon/student133_ws/install/test_custom_publisher:/home/eragon/student133_ws/install/test_custom_msg:/home/eragon/student133_ws/install/test_client:/home/eragon/student133_ws/install/test_castom_publisher:/home/eragon/student133_ws/install/test_basic_publisher:/home/eragon/student133_ws/install/custom_counter:/opt/ros/humble')]), 'shell': False}
[0.780589] (test_custom_publisher) StdoutLine: {'line': b'-- Found rosidl_generator_c: 3.1.5 (/opt/ros/humble/share/rosidl_generator_c/cmake)\n'}
[0.781055] (test_client) StdoutLine: {'line': b'-- Found rosidl_generator_c: 3.1.5 (/opt/ros/humble/share/rosidl_generator_c/cmake)\n'}
[0.784386] (test_client) StdoutLine: {'line': b'-- Found rosidl_adapter: 3.1.5 (/opt/ros/humble/share/rosidl_adapter/cmake)\n'}
[0.784853] (test_custom_publisher) StdoutLine: {'line': b'-- Found rosidl_adapter: 3.1.5 (/opt/ros/humble/share/rosidl_adapter/cmake)\n'}
[0.785521] (test_subscriber) JobProgress: {'identifier': 'test_subscriber', 'progress': 'cmake'}
[0.787387] (test_subscriber) JobProgress: {'identifier': 'test_subscriber', 'progress': 'build'}
[0.787496] (test_subscriber) Command: {'cmd': ['/usr/bin/cmake', '--build', '/home/eragon/student133_ws/build/test_subscriber', '--', '-j8', '-l8'], 'cwd': '/home/eragon/student133_ws/build/test_subscriber', 'env': OrderedDict([('GJS_DEBUG_TOPICS', 'JS ERROR;JS LOG'), ('LANGUAGE', 'ru'), ('LC_TIME', 'ru_RU.UTF-8'), ('USER', 'eragon'), ('XDG_SESSION_TYPE', 'wayland'), ('LD_LIBRARY_PATH', '/opt/ros/humble/opt/rviz_ogre_vendor/lib:/opt/ros/humble/lib/x86_64-linux-gnu:/opt/ros/humble/lib'), ('SHLVL', '1'), ('HOME', '/home/eragon'), ('DESKTOP_SESSION', 'ubuntu'), ('QTDIR', '/usr/lib/x86_64-linux-gnu/qt5'), ('GIO_LAUNCHED_DESKTOP_FILE', '/home/eragon/.local/share/applications/org.qt-project.qtcreator.desktop'), ('GNOME_SHELL_SESSION_MODE', 'ubuntu'), ('GTK_MODULES', 'gail:atk-bridge'), ('ROS_PYTHON_VERSION', '3'), ('LC_MONETARY', 'ru_RU.UTF-8'), ('MANAGERPID', '828'), ('DBUS_SESSION_BUS_ADDRESS', 'unix:path'), ('SYSTEMD_EXEC_PID', '972'), ('GIO_LAUNCHED_DESKTOP_FILE_PID', '2460'), ('COLCON_PREFIX_PATH', '/home/eragon/student133_ws/install'), ('IM_CONFIG_PHASE', '1'), ('ROS_DISTRO', 'humble'), ('WAYLAND_DISPLAY', 'wayland-0'), ('LOGNAME', 'eragon'), ('JOURNAL_STREAM', '8:10809'), ('_', '/usr/bin/env'), ('ROS_VERSION', '2'), ('XDG_SESSION_CLASS', 'user'), ('QSG_RHI_BACKEND', 'opengl'), ('USERNAME', 'eragon'), ('GNOME_DESKTOP_SESSION_ID', 'this-is-deprecated'), ('ROS_LOCALHOST_ONLY', '0'), ('PATH', '/opt/ros/humble/bin:/home/eragon/.local/bin:/usr/local/sbin:/usr/local/bin:/usr/sbin:/usr/bin:/sbin:/bin:/usr/games:/usr/local/games:/snap/bin:/snap/bin'), ('INVOCATION_ID', 'e33d58ac2d474d17829f20bcdd4b555e'), ('PAPERSIZE', 'a4'), ('SESSION_MANAGER', 'local/eragon-KPL-W0X:@/tmp/.ICE-unix/941,unix/eragon-KPL-W0X:/tmp/.ICE-unix/941'), ('GNOME_SETUP_DISPLAY', ':1'), ('LC_ADDRESS', 'ru_RU.UTF-8'), ('XDG_MENU_PREFIX', 'gnome-'), ('XDG_RUNTIME_DIR', '/run/user/1000'), ('DISPLAY', ':0'), ('LANG', 'ru_RU.UTF-8'), ('LC_TELEPHONE', 'ru_RU.UTF-8'), ('XDG_CURRENT_DESKTOP', 'ubuntu:GNOME'), ('XAUTHORITY', '/run/user/1000/.mutter-Xwaylandauth.T36VX2'), ('XDG_SESSION_DESKTOP', 'ubuntu'), ('XMODIFIERS', '@im'), ('AMENT_PREFIX_PATH', '/opt/ros/humble'), ('SSH_AGENT_LAUNCHER', 'gnome-keyring'), ('SSH_AUTH_SOCK', '/run/user/1000/keyring/ssh'), ('LC_NAME', 'ru_RU.UTF-8'), ('SHELL', '/bin/bash'), ('GDMSESSION', 'ubuntu'), ('QT_ACCESSIBILITY', '1'), ('LC_MEASUREMENT', 'ru_RU.UTF-8'), ('GJS_DEBUG_OUTPUT', 'stderr'), ('LC_IDENTIFICATION', 'ru_RU.UTF-8'), ('QT_IM_MODULE', 'ibus'), ('LC_ALL', 'en_US.UTF-8'), ('PWD', '/home/eragon/student133_ws/build/test_subscriber'), ('QT_QPA_PLATFORM', 'xcb'), ('XDG_CONFIG_DIRS', '/etc/xdg/xdg-ubuntu:/etc/xdg'), ('XDG_DATA_DIRS', '/usr/share/ubuntu:/usr/local/share/:/usr/share/:/var/lib/snapd/desktop'), ('LC_NUMERIC', 'ru_RU.UTF-8'), ('PYTHONPATH', '/opt/ros/humble/lib/python3.10/site-packages:/opt/ros/humble/local/lib/python3.10/dist-packages'), ('LC_PAPER', 'ru_RU.UTF-8'), ('COLCON', '1'), ('CMAKE_PREFIX_PATH', '/home/eragon/student133_ws/install/test_visualization:/home/eragon/student133_ws/install/test_tf_broadcaster:/home/eragon/student133_ws/install/test_subscriber:/home/eragon/student133_ws/install/test_service:/home/eragon/student133_ws/install/test_serial_communication:/home/eragon/student133_ws/install/test_publisher:/home/eragon/student133_ws/install/test_pkg:/home/eragon/student133_ws/install/test_parameters:/home/eragon/student133_ws/install/test_custom_srv:/home/eragon/student133_ws/install/test_custom_publisher:/home/eragon/student133_ws/install/test_custom_msg:/home/eragon/student133_ws/install/test_client:/home/eragon/student133_ws/install/test_castom_publisher:/home/eragon/student133_ws/install/test_basic_publisher:/home/eragon/student133_ws/install/custom_counter:/opt/ros/humble')]), 'shell': False}
[0.793267] (test_tf_broadcaster) JobProgress: {'identifier': 'test_tf_broadcaster', 'progress': 'cmake'}
[0.798493] (test_tf_broadcaster) JobProgress: {'identifier': 'test_tf_broadcaster', 'progress': 'build'}
[0.798615] (test_tf_broadcaster) Command: {'cmd': ['/usr/bin/cmake', '--build', '/home/eragon/student133_ws/build/test_tf_broadcaster', '--', '-j8', '-l8'], 'cwd': '/home/eragon/student133_ws/build/test_tf_broadcaster', 'env': OrderedDict([('GJS_DEBUG_TOPICS', 'JS ERROR;JS LOG'), ('LANGUAGE', 'ru'), ('LC_TIME', 'ru_RU.UTF-8'), ('USER', 'eragon'), ('XDG_SESSION_TYPE', 'wayland'), ('LD_LIBRARY_PATH', '/opt/ros/humble/opt/rviz_ogre_vendor/lib:/opt/ros/humble/lib/x86_64-linux-gnu:/opt/ros/humble/lib'), ('SHLVL', '1'), ('HOME', '/home/eragon'), ('DESKTOP_SESSION', 'ubuntu'), ('QTDIR', '/usr/lib/x86_64-linux-gnu/qt5'), ('GIO_LAUNCHED_DESKTOP_FILE', '/home/eragon/.local/share/applications/org.qt-project.qtcreator.desktop'), ('GNOME_SHELL_SESSION_MODE', 'ubuntu'), ('GTK_MODULES', 'gail:atk-bridge'), ('ROS_PYTHON_VERSION', '3'), ('LC_MONETARY', 'ru_RU.UTF-8'), ('MANAGERPID', '828'), ('DBUS_SESSION_BUS_ADDRESS', 'unix:path'), ('SYSTEMD_EXEC_PID', '972'), ('GIO_LAUNCHED_DESKTOP_FILE_PID', '2460'), ('COLCON_PREFIX_PATH', '/home/eragon/student133_ws/install'), ('IM_CONFIG_PHASE', '1'), ('ROS_DISTRO', 'humble'), ('WAYLAND_DISPLAY', 'wayland-0'), ('LOGNAME', 'eragon'), ('JOURNAL_STREAM', '8:10809'), ('_', '/usr/bin/env'), ('ROS_VERSION', '2'), ('XDG_SESSION_CLASS', 'user'), ('QSG_RHI_BACKEND', 'opengl'), ('USERNAME', 'eragon'), ('GNOME_DESKTOP_SESSION_ID', 'this-is-deprecated'), ('ROS_LOCALHOST_ONLY', '0'), ('PATH', '/opt/ros/humble/bin:/home/eragon/.local/bin:/usr/local/sbin:/usr/local/bin:/usr/sbin:/usr/bin:/sbin:/bin:/usr/games:/usr/local/games:/snap/bin:/snap/bin'), ('INVOCATION_ID', 'e33d58ac2d474d17829f20bcdd4b555e'), ('PAPERSIZE', 'a4'), ('SESSION_MANAGER', 'local/eragon-KPL-W0X:@/tmp/.ICE-unix/941,unix/eragon-KPL-W0X:/tmp/.ICE-unix/941'), ('GNOME_SETUP_DISPLAY', ':1'), ('LC_ADDRESS', 'ru_RU.UTF-8'), ('XDG_MENU_PREFIX', 'gnome-'), ('XDG_RUNTIME_DIR', '/run/user/1000'), ('DISPLAY', ':0'), ('LANG', 'ru_RU.UTF-8'), ('LC_TELEPHONE', 'ru_RU.UTF-8'), ('XDG_CURRENT_DESKTOP', 'ubuntu:GNOME'), ('XAUTHORITY', '/run/user/1000/.mutter-Xwaylandauth.T36VX2'), ('XDG_SESSION_DESKTOP', 'ubuntu'), ('XMODIFIERS', '@im'), ('AMENT_PREFIX_PATH', '/opt/ros/humble'), ('SSH_AGENT_LAUNCHER', 'gnome-keyring'), ('SSH_AUTH_SOCK', '/run/user/1000/keyring/ssh'), ('LC_NAME', 'ru_RU.UTF-8'), ('SHELL', '/bin/bash'), ('GDMSESSION', 'ubuntu'), ('QT_ACCESSIBILITY', '1'), ('LC_MEASUREMENT', 'ru_RU.UTF-8'), ('GJS_DEBUG_OUTPUT', 'stderr'), ('LC_IDENTIFICATION', 'ru_RU.UTF-8'), ('QT_IM_MODULE', 'ibus'), ('LC_ALL', 'en_US.UTF-8'), ('PWD', '/home/eragon/student133_ws/build/test_tf_broadcaster'), ('QT_QPA_PLATFORM', 'xcb'), ('XDG_CONFIG_DIRS', '/etc/xdg/xdg-ubuntu:/etc/xdg'), ('XDG_DATA_DIRS', '/usr/share/ubuntu:/usr/local/share/:/usr/share/:/var/lib/snapd/desktop'), ('LC_NUMERIC', 'ru_RU.UTF-8'), ('PYTHONPATH', '/opt/ros/humble/lib/python3.10/site-packages:/opt/ros/humble/local/lib/python3.10/dist-packages'), ('LC_PAPER', 'ru_RU.UTF-8'), ('COLCON', '1'), ('CMAKE_PREFIX_PATH', '/home/eragon/student133_ws/install/test_visualization:/home/eragon/student133_ws/install/test_tf_broadcaster:/home/eragon/student133_ws/install/test_subscriber:/home/eragon/student133_ws/install/test_service:/home/eragon/student133_ws/install/test_serial_communication:/home/eragon/student133_ws/install/test_publisher:/home/eragon/student133_ws/install/test_pkg:/home/eragon/student133_ws/install/test_parameters:/home/eragon/student133_ws/install/test_custom_srv:/home/eragon/student133_ws/install/test_custom_publisher:/home/eragon/student133_ws/install/test_custom_msg:/home/eragon/student133_ws/install/test_client:/home/eragon/student133_ws/install/test_castom_publisher:/home/eragon/student133_ws/install/test_basic_publisher:/home/eragon/student133_ws/install/custom_counter:/opt/ros/humble')]), 'shell': False}
[0.802221] (test_custom_publisher) StdoutLine: {'line': b'-- Found rosidl_generator_cpp: 3.1.5 (/opt/ros/humble/share/rosidl_generator_cpp/cmake)\n'}
[0.802547] (test_client) StdoutLine: {'line': b'-- Found rosidl_generator_cpp: 3.1.5 (/opt/ros/humble/share/rosidl_generator_cpp/cmake)\n'}
[0.810339] (-) TimerEvent: {}
[0.834270] (test_client) StdoutLine: {'line': b'-- Using all available rosidl_typesupport_c: rosidl_typesupport_fastrtps_c;rosidl_typesupport_introspection_c\n'}
[0.834627] (test_custom_publisher) StdoutLine: {'line': b'-- Using all available rosidl_typesupport_c: rosidl_typesupport_fastrtps_c;rosidl_typesupport_introspection_c\n'}
[0.846520] (test_service) StdoutLine: {'line': b'-- Found ament_cmake: 1.3.10 (/opt/ros/humble/share/ament_cmake/cmake)\n'}
[0.853321] (test_publisher) StdoutLine: {'line': b'[100%] Built target test_publisher_node\n'}
[0.858983] (test_subscriber) StdoutLine: {'line': b'-- Found ament_cmake: 1.3.10 (/opt/ros/humble/share/ament_cmake/cmake)\n'}
[0.876582] (test_client) StdoutLine: {'line': b'-- Using all available rosidl_typesupport_cpp: rosidl_typesupport_fastrtps_cpp;rosidl_typesupport_introspection_cpp\n'}
[0.876926] (test_custom_publisher) StdoutLine: {'line': b'-- Using all available rosidl_typesupport_cpp: rosidl_typesupport_fastrtps_cpp;rosidl_typesupport_introspection_cpp\n'}
[0.886533] (test_publisher) CommandEnded: {'returncode': 0}
[0.912166] (-) TimerEvent: {}
[0.960715] (test_tf_broadcaster) StdoutLine: {'line': b'[ 50%] Built target test_tf_broadcaster_node\n'}
[0.963114] (test_tf_broadcaster) StdoutLine: {'line': b'[100%] Built target test_tf_listener_node\n'}
[0.972229] (test_publisher) JobProgress: {'identifier': 'test_publisher', 'progress': 'install'}
[0.972353] (test_publisher) Command: {'cmd': ['/usr/bin/cmake', '--install', '/home/eragon/student133_ws/build/test_publisher'], 'cwd': '/home/eragon/student133_ws/build/test_publisher', 'env': OrderedDict([('GJS_DEBUG_TOPICS', 'JS ERROR;JS LOG'), ('LANGUAGE', 'ru'), ('LC_TIME', 'ru_RU.UTF-8'), ('USER', 'eragon'), ('XDG_SESSION_TYPE', 'wayland'), ('LD_LIBRARY_PATH', '/opt/ros/humble/opt/rviz_ogre_vendor/lib:/opt/ros/humble/lib/x86_64-linux-gnu:/opt/ros/humble/lib'), ('SHLVL', '1'), ('HOME', '/home/eragon'), ('DESKTOP_SESSION', 'ubuntu'), ('QTDIR', '/usr/lib/x86_64-linux-gnu/qt5'), ('GIO_LAUNCHED_DESKTOP_FILE', '/home/eragon/.local/share/applications/org.qt-project.qtcreator.desktop'), ('GNOME_SHELL_SESSION_MODE', 'ubuntu'), ('GTK_MODULES', 'gail:atk-bridge'), ('ROS_PYTHON_VERSION', '3'), ('LC_MONETARY', 'ru_RU.UTF-8'), ('MANAGERPID', '828'), ('DBUS_SESSION_BUS_ADDRESS', 'unix:path'), ('SYSTEMD_EXEC_PID', '972'), ('GIO_LAUNCHED_DESKTOP_FILE_PID', '2460'), ('COLCON_PREFIX_PATH', '/home/eragon/student133_ws/install'), ('IM_CONFIG_PHASE', '1'), ('ROS_DISTRO', 'humble'), ('WAYLAND_DISPLAY', 'wayland-0'), ('LOGNAME', 'eragon'), ('JOURNAL_STREAM', '8:10809'), ('_', '/usr/bin/env'), ('ROS_VERSION', '2'), ('XDG_SESSION_CLASS', 'user'), ('QSG_RHI_BACKEND', 'opengl'), ('USERNAME', 'eragon'), ('GNOME_DESKTOP_SESSION_ID', 'this-is-deprecated'), ('ROS_LOCALHOST_ONLY', '0'), ('PATH', '/opt/ros/humble/bin:/home/eragon/.local/bin:/usr/local/sbin:/usr/local/bin:/usr/sbin:/usr/bin:/sbin:/bin:/usr/games:/usr/local/games:/snap/bin:/snap/bin'), ('INVOCATION_ID', 'e33d58ac2d474d17829f20bcdd4b555e'), ('PAPERSIZE', 'a4'), ('SESSION_MANAGER', 'local/eragon-KPL-W0X:@/tmp/.ICE-unix/941,unix/eragon-KPL-W0X:/tmp/.ICE-unix/941'), ('GNOME_SETUP_DISPLAY', ':1'), ('LC_ADDRESS', 'ru_RU.UTF-8'), ('XDG_MENU_PREFIX', 'gnome-'), ('XDG_RUNTIME_DIR', '/run/user/1000'), ('DISPLAY', ':0'), ('LANG', 'ru_RU.UTF-8'), ('LC_TELEPHONE', 'ru_RU.UTF-8'), ('XDG_CURRENT_DESKTOP', 'ubuntu:GNOME'), ('XAUTHORITY', '/run/user/1000/.mutter-Xwaylandauth.T36VX2'), ('XDG_SESSION_DESKTOP', 'ubuntu'), ('XMODIFIERS', '@im'), ('AMENT_PREFIX_PATH', '/opt/ros/humble'), ('SSH_AGENT_LAUNCHER', 'gnome-keyring'), ('SSH_AUTH_SOCK', '/run/user/1000/keyring/ssh'), ('LC_NAME', 'ru_RU.UTF-8'), ('SHELL', '/bin/bash'), ('GDMSESSION', 'ubuntu'), ('QT_ACCESSIBILITY', '1'), ('LC_MEASUREMENT', 'ru_RU.UTF-8'), ('GJS_DEBUG_OUTPUT', 'stderr'), ('LC_IDENTIFICATION', 'ru_RU.UTF-8'), ('QT_IM_MODULE', 'ibus'), ('LC_ALL', 'en_US.UTF-8'), ('PWD', '/home/eragon/student133_ws/build/test_publisher'), ('QT_QPA_PLATFORM', 'xcb'), ('XDG_CONFIG_DIRS', '/etc/xdg/xdg-ubuntu:/etc/xdg'), ('XDG_DATA_DIRS', '/usr/share/ubuntu:/usr/local/share/:/usr/share/:/var/lib/snapd/desktop'), ('LC_NUMERIC', 'ru_RU.UTF-8'), ('PYTHONPATH', '/opt/ros/humble/lib/python3.10/site-packages:/opt/ros/humble/local/lib/python3.10/dist-packages'), ('LC_PAPER', 'ru_RU.UTF-8'), ('COLCON', '1'), ('CMAKE_PREFIX_PATH', '/home/eragon/student133_ws/install/test_visualization:/home/eragon/student133_ws/install/test_tf_broadcaster:/home/eragon/student133_ws/install/test_subscriber:/home/eragon/student133_ws/install/test_service:/home/eragon/student133_ws/install/test_serial_communication:/home/eragon/student133_ws/install/test_publisher:/home/eragon/student133_ws/install/test_pkg:/home/eragon/student133_ws/install/test_parameters:/home/eragon/student133_ws/install/test_custom_srv:/home/eragon/student133_ws/install/test_custom_publisher:/home/eragon/student133_ws/install/test_custom_msg:/home/eragon/student133_ws/install/test_client:/home/eragon/student133_ws/install/test_castom_publisher:/home/eragon/student133_ws/install/test_basic_publisher:/home/eragon/student133_ws/install/custom_counter:/opt/ros/humble')]), 'shell': False}
[0.995214] (test_publisher) StdoutLine: {'line': b'-- Install configuration: "Debug"\n'}
[0.995658] (test_publisher) StdoutLine: {'line': b'-- Installing: /home/eragon/student133_ws/install/test_publisher/lib/test_publisher/test_publisher_node\n'}
[0.995893] (test_tf_broadcaster) CommandEnded: {'returncode': 0}
[1.000774] (test_client) StdoutLine: {'line': b'-- Found rmw_implementation_cmake: 6.1.2 (/opt/ros/humble/share/rmw_implementation_cmake/cmake)\n'}
[1.001293] (test_custom_publisher) StdoutLine: {'line': b'-- Found rmw_implementation_cmake: 6.1.2 (/opt/ros/humble/share/rmw_implementation_cmake/cmake)\n'}
[1.004982] (test_custom_msg) StdoutLine: {'line': b'running egg_info\n'}
[1.005402] (test_publisher) StdoutLine: {'line': b'-- Set runtime path of "/home/eragon/student133_ws/install/test_publisher/lib/test_publisher/test_publisher_node" to ""\n'}
[1.005877] (test_publisher) StdoutLine: {'line': b'-- Installing: /home/eragon/student133_ws/install/test_publisher/share/ament_index/resource_index/package_run_dependencies/test_publisher\n'}
[1.006435] (test_publisher) StdoutLine: {'line': b'-- Installing: /home/eragon/student133_ws/install/test_publisher/share/ament_index/resource_index/parent_prefix_path/test_publisher\n'}
[1.009150] (test_custom_msg) StdoutLine: {'line': b'writing test_custom_msg.egg-info/PKG-INFO\n'}
[1.010093] (test_publisher) StdoutLine: {'line': b'-- Installing: /home/eragon/student133_ws/install/test_publisher/share/test_publisher/environment/ament_prefix_path.sh\n'}
[1.010385] (test_publisher) StdoutLine: {'line': b'-- Installing: /home/eragon/student133_ws/install/test_publisher/share/test_publisher/environment/ament_prefix_path.dsv\n'}
[1.010577] (test_publisher) StdoutLine: {'line': b'-- Installing: /home/eragon/student133_ws/install/test_publisher/share/test_publisher/environment/path.sh\n'}
[1.010738] (test_publisher) StdoutLine: {'line': b'-- Installing: /home/eragon/student133_ws/install/test_publisher/share/test_publisher/environment/path.dsv\n'}
[1.010877] (test_publisher) StdoutLine: {'line': b'-- Installing: /home/eragon/student133_ws/install/test_publisher/share/test_publisher/local_setup.bash\n'}
[1.011066] (test_custom_msg) StdoutLine: {'line': b'writing dependency_links to test_custom_msg.egg-info/dependency_links.txt\n'}
[1.011275] (test_custom_msg) StdoutLine: {'line': b'writing top-level names to test_custom_msg.egg-info/top_level.txt\n'}
[1.011444] (test_custom_publisher) StdoutLine: {'line': b'-- Found rmw_fastrtps_cpp: 6.2.7 (/opt/ros/humble/share/rmw_fastrtps_cpp/cmake)\n'}
[1.011616] (test_client) StdoutLine: {'line': b'-- Found rmw_fastrtps_cpp: 6.2.7 (/opt/ros/humble/share/rmw_fastrtps_cpp/cmake)\n'}
[1.011771] (test_publisher) StdoutLine: {'line': b'-- Installing: /home/eragon/student133_ws/install/test_publisher/share/test_publisher/local_setup.sh\n'}
[1.013995] (test_publisher) StdoutLine: {'line': b'-- Installing: /home/eragon/student133_ws/install/test_publisher/share/test_publisher/local_setup.zsh\n'}
[1.014325] (-) TimerEvent: {}
[1.014618] (test_publisher) StdoutLine: {'line': b'-- Installing: /home/eragon/student133_ws/install/test_publisher/share/test_publisher/local_setup.dsv\n'}
[1.014826] (test_publisher) StdoutLine: {'line': b'-- Installing: /home/eragon/student133_ws/install/test_publisher/share/test_publisher/package.dsv\n'}
[1.014990] (test_publisher) StdoutLine: {'line': b'-- Installing: /home/eragon/student133_ws/install/test_publisher/share/ament_index/resource_index/packages/test_publisher\n'}
[1.015162] (test_publisher) StdoutLine: {'line': b'-- Installing: /home/eragon/student133_ws/install/test_publisher/share/test_publisher/cmake/test_publisherConfig.cmake\n'}
[1.015314] (test_publisher) StdoutLine: {'line': b'-- Installing: /home/eragon/student133_ws/install/test_publisher/share/test_publisher/cmake/test_publisherConfig-version.cmake\n'}
[1.015451] (test_publisher) StdoutLine: {'line': b'-- Installing: /home/eragon/student133_ws/install/test_publisher/share/test_publisher/package.xml\n'}
[1.022641] (test_publisher) CommandEnded: {'returncode': 0}
[1.046178] (test_custom_msg) StdoutLine: {'line': b"reading manifest file 'test_custom_msg.egg-info/SOURCES.txt'\n"}
[1.046624] (test_custom_msg) StdoutLine: {'line': b"writing manifest file 'test_custom_msg.egg-info/SOURCES.txt'\n"}
[1.046797] (test_custom_srv) StdoutLine: {'line': b'running egg_info\n'}
[1.046974] (test_custom_srv) StdoutLine: {'line': b'writing test_custom_srv.egg-info/PKG-INFO\n'}
[1.047149] (test_custom_srv) StdoutLine: {'line': b'writing dependency_links to test_custom_srv.egg-info/dependency_links.txt\n'}
[1.047281] (test_custom_srv) StdoutLine: {'line': b'writing top-level names to test_custom_srv.egg-info/top_level.txt\n'}
[1.048257] (test_custom_srv) StdoutLine: {'line': b"reading manifest file 'test_custom_srv.egg-info/SOURCES.txt'\n"}
[1.048940] (test_custom_srv) StdoutLine: {'line': b"writing manifest file 'test_custom_srv.egg-info/SOURCES.txt'\n"}
[1.099433] (test_tf_broadcaster) JobProgress: {'identifier': 'test_tf_broadcaster', 'progress': 'install'}
[1.099577] (test_tf_broadcaster) Command: {'cmd': ['/usr/bin/cmake', '--install', '/home/eragon/student133_ws/build/test_tf_broadcaster'], 'cwd': '/home/eragon/student133_ws/build/test_tf_broadcaster', 'env': OrderedDict([('GJS_DEBUG_TOPICS', 'JS ERROR;JS LOG'), ('LANGUAGE', 'ru'), ('LC_TIME', 'ru_RU.UTF-8'), ('USER', 'eragon'), ('XDG_SESSION_TYPE', 'wayland'), ('LD_LIBRARY_PATH', '/opt/ros/humble/opt/rviz_ogre_vendor/lib:/opt/ros/humble/lib/x86_64-linux-gnu:/opt/ros/humble/lib'), ('SHLVL', '1'), ('HOME', '/home/eragon'), ('DESKTOP_SESSION', 'ubuntu'), ('QTDIR', '/usr/lib/x86_64-linux-gnu/qt5'), ('GIO_LAUNCHED_DESKTOP_FILE', '/home/eragon/.local/share/applications/org.qt-project.qtcreator.desktop'), ('GNOME_SHELL_SESSION_MODE', 'ubuntu'), ('GTK_MODULES', 'gail:atk-bridge'), ('ROS_PYTHON_VERSION', '3'), ('LC_MONETARY', 'ru_RU.UTF-8'), ('MANAGERPID', '828'), ('DBUS_SESSION_BUS_ADDRESS', 'unix:path'), ('SYSTEMD_EXEC_PID', '972'), ('GIO_LAUNCHED_DESKTOP_FILE_PID', '2460'), ('COLCON_PREFIX_PATH', '/home/eragon/student133_ws/install'), ('IM_CONFIG_PHASE', '1'), ('ROS_DISTRO', 'humble'), ('WAYLAND_DISPLAY', 'wayland-0'), ('LOGNAME', 'eragon'), ('JOURNAL_STREAM', '8:10809'), ('_', '/usr/bin/env'), ('ROS_VERSION', '2'), ('XDG_SESSION_CLASS', 'user'), ('QSG_RHI_BACKEND', 'opengl'), ('USERNAME', 'eragon'), ('GNOME_DESKTOP_SESSION_ID', 'this-is-deprecated'), ('ROS_LOCALHOST_ONLY', '0'), ('PATH', '/opt/ros/humble/bin:/home/eragon/.local/bin:/usr/local/sbin:/usr/local/bin:/usr/sbin:/usr/bin:/sbin:/bin:/usr/games:/usr/local/games:/snap/bin:/snap/bin'), ('INVOCATION_ID', 'e33d58ac2d474d17829f20bcdd4b555e'), ('PAPERSIZE', 'a4'), ('SESSION_MANAGER', 'local/eragon-KPL-W0X:@/tmp/.ICE-unix/941,unix/eragon-KPL-W0X:/tmp/.ICE-unix/941'), ('GNOME_SETUP_DISPLAY', ':1'), ('LC_ADDRESS', 'ru_RU.UTF-8'), ('XDG_MENU_PREFIX', 'gnome-'), ('XDG_RUNTIME_DIR', '/run/user/1000'), ('DISPLAY', ':0'), ('LANG', 'ru_RU.UTF-8'), ('LC_TELEPHONE', 'ru_RU.UTF-8'), ('XDG_CURRENT_DESKTOP', 'ubuntu:GNOME'), ('XAUTHORITY', '/run/user/1000/.mutter-Xwaylandauth.T36VX2'), ('XDG_SESSION_DESKTOP', 'ubuntu'), ('XMODIFIERS', '@im'), ('AMENT_PREFIX_PATH', '/opt/ros/humble'), ('SSH_AGENT_LAUNCHER', 'gnome-keyring'), ('SSH_AUTH_SOCK', '/run/user/1000/keyring/ssh'), ('LC_NAME', 'ru_RU.UTF-8'), ('SHELL', '/bin/bash'), ('GDMSESSION', 'ubuntu'), ('QT_ACCESSIBILITY', '1'), ('LC_MEASUREMENT', 'ru_RU.UTF-8'), ('GJS_DEBUG_OUTPUT', 'stderr'), ('LC_IDENTIFICATION', 'ru_RU.UTF-8'), ('QT_IM_MODULE', 'ibus'), ('LC_ALL', 'en_US.UTF-8'), ('PWD', '/home/eragon/student133_ws/build/test_tf_broadcaster'), ('QT_QPA_PLATFORM', 'xcb'), ('XDG_CONFIG_DIRS', '/etc/xdg/xdg-ubuntu:/etc/xdg'), ('XDG_DATA_DIRS', '/usr/share/ubuntu:/usr/local/share/:/usr/share/:/var/lib/snapd/desktop'), ('LC_NUMERIC', 'ru_RU.UTF-8'), ('PYTHONPATH', '/opt/ros/humble/lib/python3.10/site-packages:/opt/ros/humble/local/lib/python3.10/dist-packages'), ('LC_PAPER', 'ru_RU.UTF-8'), ('COLCON', '1'), ('CMAKE_PREFIX_PATH', '/home/eragon/student133_ws/install/test_visualization:/home/eragon/student133_ws/install/test_tf_broadcaster:/home/eragon/student133_ws/install/test_subscriber:/home/eragon/student133_ws/install/test_service:/home/eragon/student133_ws/install/test_serial_communication:/home/eragon/student133_ws/install/test_publisher:/home/eragon/student133_ws/install/test_pkg:/home/eragon/student133_ws/install/test_parameters:/home/eragon/student133_ws/install/test_custom_srv:/home/eragon/student133_ws/install/test_custom_publisher:/home/eragon/student133_ws/install/test_custom_msg:/home/eragon/student133_ws/install/test_client:/home/eragon/student133_ws/install/test_castom_publisher:/home/eragon/student133_ws/install/test_basic_publisher:/home/eragon/student133_ws/install/custom_counter:/opt/ros/humble')]), 'shell': False}
[1.115180] (-) TimerEvent: {}
[1.134301] (test_publisher) JobEnded: {'identifier': 'test_publisher', 'rc': 0}
[1.135128] (test_visualization) JobStarted: {'identifier': 'test_visualization'}
[1.147738] (test_custom_msg) StdoutLine: {'line': b'[100%] Built target ament_cmake_python_build_test_custom_msg_egg\n'}
[1.148068] (test_tf_broadcaster) StdoutLine: {'line': b'-- Install configuration: "Debug"\n'}
[1.148258] (test_tf_broadcaster) StdoutLine: {'line': b'-- Installing: /home/eragon/student133_ws/install/test_tf_broadcaster/lib/test_tf_broadcaster/test_tf_broadcaster_node\n'}
[1.148936] (test_tf_broadcaster) StdoutLine: {'line': b'-- Set runtime path of "/home/eragon/student133_ws/install/test_tf_broadcaster/lib/test_tf_broadcaster/test_tf_broadcaster_node" to ""\n'}
[1.149215] (test_tf_broadcaster) StdoutLine: {'line': b'-- Installing: /home/eragon/student133_ws/install/test_tf_broadcaster/share/test_tf_broadcaster/launch\n'}
[1.149395] (test_tf_broadcaster) StdoutLine: {'line': b'-- Installing: /home/eragon/student133_ws/install/test_tf_broadcaster/share/test_tf_broadcaster/launch/test_static_tf_launch.py\n'}
[1.149532] (test_tf_broadcaster) StdoutLine: {'line': b'-- Installing: /home/eragon/student133_ws/install/test_tf_broadcaster/lib/test_tf_broadcaster/test_tf_listener_node\n'}
[1.150513] (test_tf_broadcaster) StdoutLine: {'line': b'-- Set runtime path of "/home/eragon/student133_ws/install/test_tf_broadcaster/lib/test_tf_broadcaster/test_tf_listener_node" to ""\n'}
[1.150713] (test_tf_broadcaster) StdoutLine: {'line': b'-- Installing: /home/eragon/student133_ws/install/test_tf_broadcaster/share/ament_index/resource_index/package_run_dependencies/test_tf_broadcaster\n'}
[1.150857] (test_tf_broadcaster) StdoutLine: {'line': b'-- Installing: /home/eragon/student133_ws/install/test_tf_broadcaster/share/ament_index/resource_index/parent_prefix_path/test_tf_broadcaster\n'}
[1.151131] (test_custom_srv) StdoutLine: {'line': b'[100%] Built target ament_cmake_python_build_test_custom_srv_egg\n'}
[1.152221] (test_tf_broadcaster) StdoutLine: {'line': b'-- Installing: /home/eragon/student133_ws/install/test_tf_broadcaster/share/test_tf_broadcaster/environment/ament_prefix_path.sh\n'}
[1.153417] (test_tf_broadcaster) StdoutLine: {'line': b'-- Installing: /home/eragon/student133_ws/install/test_tf_broadcaster/share/test_tf_broadcaster/environment/ament_prefix_path.dsv\n'}
[1.153760] (test_tf_broadcaster) StdoutLine: {'line': b'-- Installing: /home/eragon/student133_ws/install/test_tf_broadcaster/share/test_tf_broadcaster/environment/path.sh\n'}
[1.153911] (test_tf_broadcaster) StdoutLine: {'line': b'-- Installing: /home/eragon/student133_ws/install/test_tf_broadcaster/share/test_tf_broadcaster/environment/path.dsv\n'}
[1.154144] (test_tf_broadcaster) StdoutLine: {'line': b'-- Installing: /home/eragon/student133_ws/install/test_tf_broadcaster/share/test_tf_broadcaster/local_setup.bash\n'}
[1.154366] (test_tf_broadcaster) StdoutLine: {'line': b'-- Installing: /home/eragon/student133_ws/install/test_tf_broadcaster/share/test_tf_broadcaster/local_setup.sh\n'}
[1.154495] (test_tf_broadcaster) StdoutLine: {'line': b'-- Installing: /home/eragon/student133_ws/install/test_tf_broadcaster/share/test_tf_broadcaster/local_setup.zsh\n'}
[1.154619] (test_tf_broadcaster) StdoutLine: {'line': b'-- Installing: /home/eragon/student133_ws/install/test_tf_broadcaster/share/test_tf_broadcaster/local_setup.dsv\n'}
[1.154753] (test_custom_msg) CommandEnded: {'returncode': 0}
[1.158378] (test_tf_broadcaster) StdoutLine: {'line': b'-- Installing: /home/eragon/student133_ws/install/test_tf_broadcaster/share/test_tf_broadcaster/package.dsv\n'}
[1.159321] (test_visualization) JobProgress: {'identifier': 'test_visualization', 'progress': 'cmake'}
[1.160956] (test_visualization) JobProgress: {'identifier': 'test_visualization', 'progress': 'build'}
[1.161121] (test_visualization) Command: {'cmd': ['/usr/bin/cmake', '--build', '/home/eragon/student133_ws/build/test_visualization', '--', '-j8', '-l8'], 'cwd': '/home/eragon/student133_ws/build/test_visualization', 'env': OrderedDict([('GJS_DEBUG_TOPICS', 'JS ERROR;JS LOG'), ('LANGUAGE', 'ru'), ('LC_TIME', 'ru_RU.UTF-8'), ('USER', 'eragon'), ('XDG_SESSION_TYPE', 'wayland'), ('LD_LIBRARY_PATH', '/opt/ros/humble/opt/rviz_ogre_vendor/lib:/opt/ros/humble/lib/x86_64-linux-gnu:/opt/ros/humble/lib'), ('SHLVL', '1'), ('HOME', '/home/eragon'), ('DESKTOP_SESSION', 'ubuntu'), ('QTDIR', '/usr/lib/x86_64-linux-gnu/qt5'), ('GIO_LAUNCHED_DESKTOP_FILE', '/home/eragon/.local/share/applications/org.qt-project.qtcreator.desktop'), ('GNOME_SHELL_SESSION_MODE', 'ubuntu'), ('GTK_MODULES', 'gail:atk-bridge'), ('ROS_PYTHON_VERSION', '3'), ('LC_MONETARY', 'ru_RU.UTF-8'), ('MANAGERPID', '828'), ('DBUS_SESSION_BUS_ADDRESS', 'unix:path'), ('SYSTEMD_EXEC_PID', '972'), ('GIO_LAUNCHED_DESKTOP_FILE_PID', '2460'), ('COLCON_PREFIX_PATH', '/home/eragon/student133_ws/install'), ('IM_CONFIG_PHASE', '1'), ('ROS_DISTRO', 'humble'), ('WAYLAND_DISPLAY', 'wayland-0'), ('LOGNAME', 'eragon'), ('JOURNAL_STREAM', '8:10809'), ('_', '/usr/bin/env'), ('ROS_VERSION', '2'), ('XDG_SESSION_CLASS', 'user'), ('QSG_RHI_BACKEND', 'opengl'), ('USERNAME', 'eragon'), ('GNOME_DESKTOP_SESSION_ID', 'this-is-deprecated'), ('ROS_LOCALHOST_ONLY', '0'), ('PATH', '/opt/ros/humble/bin:/home/eragon/.local/bin:/usr/local/sbin:/usr/local/bin:/usr/sbin:/usr/bin:/sbin:/bin:/usr/games:/usr/local/games:/snap/bin:/snap/bin'), ('INVOCATION_ID', 'e33d58ac2d474d17829f20bcdd4b555e'), ('PAPERSIZE', 'a4'), ('SESSION_MANAGER', 'local/eragon-KPL-W0X:@/tmp/.ICE-unix/941,unix/eragon-KPL-W0X:/tmp/.ICE-unix/941'), ('GNOME_SETUP_DISPLAY', ':1'), ('LC_ADDRESS', 'ru_RU.UTF-8'), ('XDG_MENU_PREFIX', 'gnome-'), ('XDG_RUNTIME_DIR', '/run/user/1000'), ('DISPLAY', ':0'), ('LANG', 'ru_RU.UTF-8'), ('LC_TELEPHONE', 'ru_RU.UTF-8'), ('XDG_CURRENT_DESKTOP', 'ubuntu:GNOME'), ('XAUTHORITY', '/run/user/1000/.mutter-Xwaylandauth.T36VX2'), ('XDG_SESSION_DESKTOP', 'ubuntu'), ('XMODIFIERS', '@im'), ('AMENT_PREFIX_PATH', '/opt/ros/humble'), ('SSH_AGENT_LAUNCHER', 'gnome-keyring'), ('SSH_AUTH_SOCK', '/run/user/1000/keyring/ssh'), ('LC_NAME', 'ru_RU.UTF-8'), ('SHELL', '/bin/bash'), ('GDMSESSION', 'ubuntu'), ('QT_ACCESSIBILITY', '1'), ('LC_MEASUREMENT', 'ru_RU.UTF-8'), ('GJS_DEBUG_OUTPUT', 'stderr'), ('LC_IDENTIFICATION', 'ru_RU.UTF-8'), ('QT_IM_MODULE', 'ibus'), ('LC_ALL', 'en_US.UTF-8'), ('PWD', '/home/eragon/student133_ws/build/test_visualization'), ('QT_QPA_PLATFORM', 'xcb'), ('XDG_CONFIG_DIRS', '/etc/xdg/xdg-ubuntu:/etc/xdg'), ('XDG_DATA_DIRS', '/usr/share/ubuntu:/usr/local/share/:/usr/share/:/var/lib/snapd/desktop'), ('LC_NUMERIC', 'ru_RU.UTF-8'), ('PYTHONPATH', '/opt/ros/humble/lib/python3.10/site-packages:/opt/ros/humble/local/lib/python3.10/dist-packages'), ('LC_PAPER', 'ru_RU.UTF-8'), ('COLCON', '1'), ('CMAKE_PREFIX_PATH', '/home/eragon/student133_ws/install/test_visualization:/home/eragon/student133_ws/install/test_tf_broadcaster:/home/eragon/student133_ws/install/test_subscriber:/home/eragon/student133_ws/install/test_service:/home/eragon/student133_ws/install/test_serial_communication:/home/eragon/student133_ws/install/test_publisher:/home/eragon/student133_ws/install/test_pkg:/home/eragon/student133_ws/install/test_parameters:/home/eragon/student133_ws/install/test_custom_srv:/home/eragon/student133_ws/install/test_custom_publisher:/home/eragon/student133_ws/install/test_custom_msg:/home/eragon/student133_ws/install/test_client:/home/eragon/student133_ws/install/test_castom_publisher:/home/eragon/student133_ws/install/test_basic_publisher:/home/eragon/student133_ws/install/custom_counter:/opt/ros/humble')]), 'shell': False}
[1.166722] (test_tf_broadcaster) StdoutLine: {'line': b'-- Installing: /home/eragon/student133_ws/install/test_tf_broadcaster/share/ament_index/resource_index/packages/test_tf_broadcaster\n'}
[1.166969] (test_tf_broadcaster) StdoutLine: {'line': b'-- Installing: /home/eragon/student133_ws/install/test_tf_broadcaster/share/test_tf_broadcaster/cmake/test_tf_broadcasterConfig.cmake\n'}
[1.167172] (test_tf_broadcaster) StdoutLine: {'line': b'-- Installing: /home/eragon/student133_ws/install/test_tf_broadcaster/share/test_tf_broadcaster/cmake/test_tf_broadcasterConfig-version.cmake\n'}
[1.167354] (test_tf_broadcaster) StdoutLine: {'line': b'-- Installing: /home/eragon/student133_ws/install/test_tf_broadcaster/share/test_tf_broadcaster/package.xml\n'}
[1.167530] (test_tf_broadcaster) CommandEnded: {'returncode': 0}
[1.194006] (test_custom_srv) CommandEnded: {'returncode': 0}
[1.216306] (-) TimerEvent: {}
[1.224881] (test_service) StdoutLine: {'line': b'-- Found rclcpp: 16.0.10 (/opt/ros/humble/share/rclcpp/cmake)\n'}
[1.227278] (test_subscriber) StdoutLine: {'line': b'-- Found rclcpp: 16.0.10 (/opt/ros/humble/share/rclcpp/cmake)\n'}
[1.270883] (test_tf_broadcaster) JobEnded: {'identifier': 'test_tf_broadcaster', 'rc': 0}
[1.287882] (test_custom_publisher) StdoutLine: {'line': b"-- Using RMW implementation 'rmw_fastrtps_cpp' as default\n"}
[1.293234] (test_visualization) StdoutLine: {'line': b'[100%] Built target test_visualization_node\n'}
[1.296991] (test_service) StdoutLine: {'line': b'-- Found rosidl_generator_c: 3.1.5 (/opt/ros/humble/share/rosidl_generator_c/cmake)\n'}
[1.299572] (test_subscriber) StdoutLine: {'line': b'-- Found rosidl_generator_c: 3.1.5 (/opt/ros/humble/share/rosidl_generator_c/cmake)\n'}
[1.304067] (test_service) StdoutLine: {'line': b'-- Found rosidl_adapter: 3.1.5 (/opt/ros/humble/share/rosidl_adapter/cmake)\n'}
[1.304715] (test_client) StdoutLine: {'line': b"-- Using RMW implementation 'rmw_fastrtps_cpp' as default\n"}
[1.306487] (test_subscriber) StdoutLine: {'line': b'-- Found rosidl_adapter: 3.1.5 (/opt/ros/humble/share/rosidl_adapter/cmake)\n'}
[1.317149] (-) TimerEvent: {}
[1.319942] (test_service) StdoutLine: {'line': b'-- Found rosidl_generator_cpp: 3.1.5 (/opt/ros/humble/share/rosidl_generator_cpp/cmake)\n'}
[1.320741] (test_visualization) CommandEnded: {'returncode': 0}
[1.323818] (test_subscriber) StdoutLine: {'line': b'-- Found rosidl_generator_cpp: 3.1.5 (/opt/ros/humble/share/rosidl_generator_cpp/cmake)\n'}
[1.345727] (test_service) StdoutLine: {'line': b'-- Using all available rosidl_typesupport_c: rosidl_typesupport_fastrtps_c;rosidl_typesupport_introspection_c\n'}
[1.348905] (test_subscriber) StdoutLine: {'line': b'-- Using all available rosidl_typesupport_c: rosidl_typesupport_fastrtps_c;rosidl_typesupport_introspection_c\n'}
[1.350357] (test_custom_msg) JobProgress: {'identifier': 'test_custom_msg', 'progress': 'install'}
[1.350485] (test_custom_msg) Command: {'cmd': ['/usr/bin/cmake', '--install', '/home/eragon/student133_ws/build/test_custom_msg'], 'cwd': '/home/eragon/student133_ws/build/test_custom_msg', 'env': OrderedDict([('GJS_DEBUG_TOPICS', 'JS ERROR;JS LOG'), ('LANGUAGE', 'ru'), ('LC_TIME', 'ru_RU.UTF-8'), ('USER', 'eragon'), ('XDG_SESSION_TYPE', 'wayland'), ('LD_LIBRARY_PATH', '/opt/ros/humble/opt/rviz_ogre_vendor/lib:/opt/ros/humble/lib/x86_64-linux-gnu:/opt/ros/humble/lib'), ('SHLVL', '1'), ('HOME', '/home/eragon'), ('DESKTOP_SESSION', 'ubuntu'), ('QTDIR', '/usr/lib/x86_64-linux-gnu/qt5'), ('GIO_LAUNCHED_DESKTOP_FILE', '/home/eragon/.local/share/applications/org.qt-project.qtcreator.desktop'), ('GNOME_SHELL_SESSION_MODE', 'ubuntu'), ('GTK_MODULES', 'gail:atk-bridge'), ('ROS_PYTHON_VERSION', '3'), ('LC_MONETARY', 'ru_RU.UTF-8'), ('MANAGERPID', '828'), ('DBUS_SESSION_BUS_ADDRESS', 'unix:path'), ('SYSTEMD_EXEC_PID', '972'), ('GIO_LAUNCHED_DESKTOP_FILE_PID', '2460'), ('COLCON_PREFIX_PATH', '/home/eragon/student133_ws/install'), ('IM_CONFIG_PHASE', '1'), ('ROS_DISTRO', 'humble'), ('WAYLAND_DISPLAY', 'wayland-0'), ('LOGNAME', 'eragon'), ('JOURNAL_STREAM', '8:10809'), ('_', '/usr/bin/env'), ('ROS_VERSION', '2'), ('XDG_SESSION_CLASS', 'user'), ('QSG_RHI_BACKEND', 'opengl'), ('USERNAME', 'eragon'), ('GNOME_DESKTOP_SESSION_ID', 'this-is-deprecated'), ('ROS_LOCALHOST_ONLY', '0'), ('PATH', '/opt/ros/humble/bin:/home/eragon/.local/bin:/usr/local/sbin:/usr/local/bin:/usr/sbin:/usr/bin:/sbin:/bin:/usr/games:/usr/local/games:/snap/bin:/snap/bin'), ('INVOCATION_ID', 'e33d58ac2d474d17829f20bcdd4b555e'), ('PAPERSIZE', 'a4'), ('SESSION_MANAGER', 'local/eragon-KPL-W0X:@/tmp/.ICE-unix/941,unix/eragon-KPL-W0X:/tmp/.ICE-unix/941'), ('GNOME_SETUP_DISPLAY', ':1'), ('LC_ADDRESS', 'ru_RU.UTF-8'), ('XDG_MENU_PREFIX', 'gnome-'), ('XDG_RUNTIME_DIR', '/run/user/1000'), ('DISPLAY', ':0'), ('LANG', 'ru_RU.UTF-8'), ('LC_TELEPHONE', 'ru_RU.UTF-8'), ('XDG_CURRENT_DESKTOP', 'ubuntu:GNOME'), ('XAUTHORITY', '/run/user/1000/.mutter-Xwaylandauth.T36VX2'), ('XDG_SESSION_DESKTOP', 'ubuntu'), ('XMODIFIERS', '@im'), ('AMENT_PREFIX_PATH', '/opt/ros/humble'), ('SSH_AGENT_LAUNCHER', 'gnome-keyring'), ('SSH_AUTH_SOCK', '/run/user/1000/keyring/ssh'), ('LC_NAME', 'ru_RU.UTF-8'), ('SHELL', '/bin/bash'), ('GDMSESSION', 'ubuntu'), ('QT_ACCESSIBILITY', '1'), ('LC_MEASUREMENT', 'ru_RU.UTF-8'), ('GJS_DEBUG_OUTPUT', 'stderr'), ('LC_IDENTIFICATION', 'ru_RU.UTF-8'), ('QT_IM_MODULE', 'ibus'), ('LC_ALL', 'en_US.UTF-8'), ('PWD', '/home/eragon/student133_ws/build/test_custom_msg'), ('QT_QPA_PLATFORM', 'xcb'), ('XDG_CONFIG_DIRS', '/etc/xdg/xdg-ubuntu:/etc/xdg'), ('XDG_DATA_DIRS', '/usr/share/ubuntu:/usr/local/share/:/usr/share/:/var/lib/snapd/desktop'), ('LC_NUMERIC', 'ru_RU.UTF-8'), ('PYTHONPATH', '/opt/ros/humble/lib/python3.10/site-packages:/opt/ros/humble/local/lib/python3.10/dist-packages'), ('LC_PAPER', 'ru_RU.UTF-8'), ('COLCON', '1'), ('CMAKE_PREFIX_PATH', '/home/eragon/student133_ws/install/test_visualization:/home/eragon/student133_ws/install/test_tf_broadcaster:/home/eragon/student133_ws/install/test_subscriber:/home/eragon/student133_ws/install/test_service:/home/eragon/student133_ws/install/test_serial_communication:/home/eragon/student133_ws/install/test_publisher:/home/eragon/student133_ws/install/test_pkg:/home/eragon/student133_ws/install/test_parameters:/home/eragon/student133_ws/install/test_custom_srv:/home/eragon/student133_ws/install/test_custom_publisher:/home/eragon/student133_ws/install/test_custom_msg:/home/eragon/student133_ws/install/test_client:/home/eragon/student133_ws/install/test_castom_publisher:/home/eragon/student133_ws/install/test_basic_publisher:/home/eragon/student133_ws/install/custom_counter:/opt/ros/humble')]), 'shell': False}
[1.367536] (test_custom_msg) StdoutLine: {'line': b'-- Install configuration: "Debug"\n'}
[1.368166] (test_custom_msg) StdoutLine: {'line': b'-- Installing: /home/eragon/student133_ws/install/test_custom_msg/share/ament_index/resource_index/rosidl_interfaces/test_custom_msg\n'}
[1.370199] (test_custom_msg) StdoutLine: {'line': b'-- Installing: /home/eragon/student133_ws/install/test_custom_msg/include/test_custom_msg/test_custom_msg\n'}
[1.370491] (test_custom_msg) StdoutLine: {'line': b'-- Installing: /home/eragon/student133_ws/install/test_custom_msg/include/test_custom_msg/test_custom_msg/msg\n'}
[1.370643] (test_custom_msg) StdoutLine: {'line': b'-- Installing: /home/eragon/student133_ws/install/test_custom_msg/include/test_custom_msg/test_custom_msg/msg/detail\n'}
[1.370779] (test_custom_msg) StdoutLine: {'line': b'-- Installing: /home/eragon/student133_ws/install/test_custom_msg/include/test_custom_msg/test_custom_msg/msg/detail/circle__struct.h\n'}
[1.370919] (test_custom_msg) StdoutLine: {'line': b'-- Installing: /home/eragon/student133_ws/install/test_custom_msg/include/test_custom_msg/test_custom_msg/msg/detail/circle__functions.h\n'}
[1.371571] (test_custom_msg) StdoutLine: {'line': b'-- Installing: /home/eragon/student133_ws/install/test_custom_msg/include/test_custom_msg/test_custom_msg/msg/detail/circle__type_support.h\n'}
[1.371850] (test_custom_msg) StdoutLine: {'line': b'-- Installing: /home/eragon/student133_ws/install/test_custom_msg/include/test_custom_msg/test_custom_msg/msg/detail/triangle__type_support.h\n'}
[1.372016] (test_custom_msg) StdoutLine: {'line': b'-- Installing: /home/eragon/student133_ws/install/test_custom_msg/include/test_custom_msg/test_custom_msg/msg/detail/triangle__struct.h\n'}
[1.372746] (test_custom_msg) StdoutLine: {'line': b'-- Installing: /home/eragon/student133_ws/install/test_custom_msg/include/test_custom_msg/test_custom_msg/msg/detail/triangle__functions.h\n'}
[1.372961] (test_custom_msg) StdoutLine: {'line': b'-- Installing: /home/eragon/student133_ws/install/test_custom_msg/include/test_custom_msg/test_custom_msg/msg/detail/triangle__functions.c\n'}
[1.373142] (test_custom_msg) StdoutLine: {'line': b'-- Installing: /home/eragon/student133_ws/install/test_custom_msg/include/test_custom_msg/test_custom_msg/msg/detail/circle__functions.c\n'}
[1.373311] (test_custom_msg) StdoutLine: {'line': b'-- Installing: /home/eragon/student133_ws/install/test_custom_msg/include/test_custom_msg/test_custom_msg/msg/triangle.h\n'}
[1.374454] (test_custom_msg) StdoutLine: {'line': b'-- Installing: /home/eragon/student133_ws/install/test_custom_msg/include/test_custom_msg/test_custom_msg/msg/circle.h\n'}
[1.374759] (test_custom_msg) StdoutLine: {'line': b'-- Installing: /home/eragon/student133_ws/install/test_custom_msg/include/test_custom_msg/test_custom_msg/msg/rosidl_generator_c__visibility_control.h\n'}
[1.374912] (test_custom_msg) StdoutLine: {'line': b'-- Installing: /home/eragon/student133_ws/install/test_custom_msg/share/test_custom_msg/environment/library_path.sh\n'}
[1.375070] (test_custom_msg) StdoutLine: {'line': b'-- Installing: /home/eragon/student133_ws/install/test_custom_msg/share/test_custom_msg/environment/library_path.dsv\n'}
[1.375474] (test_custom_msg) StdoutLine: {'line': b'-- Installing: /home/eragon/student133_ws/install/test_custom_msg/lib/libtest_custom_msg__rosidl_generator_c.so\n'}
[1.376378] (test_custom_msg) StdoutLine: {'line': b'-- Set runtime path of "/home/eragon/student133_ws/install/test_custom_msg/lib/libtest_custom_msg__rosidl_generator_c.so" to ""\n'}
[1.376650] (test_custom_msg) StdoutLine: {'line': b'-- Up-to-date: /home/eragon/student133_ws/install/test_custom_msg/include/test_custom_msg/test_custom_msg\n'}
[1.377152] (test_custom_msg) StdoutLine: {'line': b'-- Up-to-date: /home/eragon/student133_ws/install/test_custom_msg/include/test_custom_msg/test_custom_msg/msg\n'}
[1.377401] (test_custom_msg) StdoutLine: {'line': b'-- Up-to-date: /home/eragon/student133_ws/install/test_custom_msg/include/test_custom_msg/test_custom_msg/msg/detail\n'}
[1.377544] (test_custom_msg) StdoutLine: {'line': b'-- Installing: /home/eragon/student133_ws/install/test_custom_msg/include/test_custom_msg/test_custom_msg/msg/detail/circle__rosidl_typesupport_fastrtps_c.h\n'}
[1.377695] (test_custom_msg) StdoutLine: {'line': b'-- Installing: /home/eragon/student133_ws/install/test_custom_msg/include/test_custom_msg/test_custom_msg/msg/detail/triangle__rosidl_typesupport_fastrtps_c.h\n'}
[1.378857] (test_custom_msg) StdoutLine: {'line': b'-- Installing: /home/eragon/student133_ws/install/test_custom_msg/include/test_custom_msg/test_custom_msg/msg/rosidl_typesupport_fastrtps_c__visibility_control.h\n'}
[1.380026] (test_custom_msg) StdoutLine: {'line': b'-- Installing: /home/eragon/student133_ws/install/test_custom_msg/lib/libtest_custom_msg__rosidl_typesupport_fastrtps_c.so\n'}
[1.380314] (test_service) StdoutLine: {'line': b'-- Using all available rosidl_typesupport_cpp: rosidl_typesupport_fastrtps_cpp;rosidl_typesupport_introspection_cpp\n'}
[1.382566] (test_custom_msg) StdoutLine: {'line': b'-- Set runtime path of "/home/eragon/student133_ws/install/test_custom_msg/lib/libtest_custom_msg__rosidl_typesupport_fastrtps_c.so" to ""\n'}
[1.382857] (test_custom_srv) JobProgress: {'identifier': 'test_custom_srv', 'progress': 'install'}
[1.382913] (test_custom_srv) Command: {'cmd': ['/usr/bin/cmake', '--install', '/home/eragon/student133_ws/build/test_custom_srv'], 'cwd': '/home/eragon/student133_ws/build/test_custom_srv', 'env': OrderedDict([('GJS_DEBUG_TOPICS', 'JS ERROR;JS LOG'), ('LANGUAGE', 'ru'), ('LC_TIME', 'ru_RU.UTF-8'), ('USER', 'eragon'), ('XDG_SESSION_TYPE', 'wayland'), ('LD_LIBRARY_PATH', '/opt/ros/humble/opt/rviz_ogre_vendor/lib:/opt/ros/humble/lib/x86_64-linux-gnu:/opt/ros/humble/lib'), ('SHLVL', '1'), ('HOME', '/home/eragon'), ('DESKTOP_SESSION', 'ubuntu'), ('QTDIR', '/usr/lib/x86_64-linux-gnu/qt5'), ('GIO_LAUNCHED_DESKTOP_FILE', '/home/eragon/.local/share/applications/org.qt-project.qtcreator.desktop'), ('GNOME_SHELL_SESSION_MODE', 'ubuntu'), ('GTK_MODULES', 'gail:atk-bridge'), ('ROS_PYTHON_VERSION', '3'), ('LC_MONETARY', 'ru_RU.UTF-8'), ('MANAGERPID', '828'), ('DBUS_SESSION_BUS_ADDRESS', 'unix:path'), ('SYSTEMD_EXEC_PID', '972'), ('GIO_LAUNCHED_DESKTOP_FILE_PID', '2460'), ('COLCON_PREFIX_PATH', '/home/eragon/student133_ws/install'), ('IM_CONFIG_PHASE', '1'), ('ROS_DISTRO', 'humble'), ('WAYLAND_DISPLAY', 'wayland-0'), ('LOGNAME', 'eragon'), ('JOURNAL_STREAM', '8:10809'), ('_', '/usr/bin/env'), ('ROS_VERSION', '2'), ('XDG_SESSION_CLASS', 'user'), ('QSG_RHI_BACKEND', 'opengl'), ('USERNAME', 'eragon'), ('GNOME_DESKTOP_SESSION_ID', 'this-is-deprecated'), ('ROS_LOCALHOST_ONLY', '0'), ('PATH', '/opt/ros/humble/bin:/home/eragon/.local/bin:/usr/local/sbin:/usr/local/bin:/usr/sbin:/usr/bin:/sbin:/bin:/usr/games:/usr/local/games:/snap/bin:/snap/bin'), ('INVOCATION_ID', 'e33d58ac2d474d17829f20bcdd4b555e'), ('PAPERSIZE', 'a4'), ('SESSION_MANAGER', 'local/eragon-KPL-W0X:@/tmp/.ICE-unix/941,unix/eragon-KPL-W0X:/tmp/.ICE-unix/941'), ('GNOME_SETUP_DISPLAY', ':1'), ('LC_ADDRESS', 'ru_RU.UTF-8'), ('XDG_MENU_PREFIX', 'gnome-'), ('XDG_RUNTIME_DIR', '/run/user/1000'), ('DISPLAY', ':0'), ('LANG', 'ru_RU.UTF-8'), ('LC_TELEPHONE', 'ru_RU.UTF-8'), ('XDG_CURRENT_DESKTOP', 'ubuntu:GNOME'), ('XAUTHORITY', '/run/user/1000/.mutter-Xwaylandauth.T36VX2'), ('XDG_SESSION_DESKTOP', 'ubuntu'), ('XMODIFIERS', '@im'), ('AMENT_PREFIX_PATH', '/opt/ros/humble'), ('SSH_AGENT_LAUNCHER', 'gnome-keyring'), ('SSH_AUTH_SOCK', '/run/user/1000/keyring/ssh'), ('LC_NAME', 'ru_RU.UTF-8'), ('SHELL', '/bin/bash'), ('GDMSESSION', 'ubuntu'), ('QT_ACCESSIBILITY', '1'), ('LC_MEASUREMENT', 'ru_RU.UTF-8'), ('GJS_DEBUG_OUTPUT', 'stderr'), ('LC_IDENTIFICATION', 'ru_RU.UTF-8'), ('QT_IM_MODULE', 'ibus'), ('LC_ALL', 'en_US.UTF-8'), ('PWD', '/home/eragon/student133_ws/build/test_custom_srv'), ('QT_QPA_PLATFORM', 'xcb'), ('XDG_CONFIG_DIRS', '/etc/xdg/xdg-ubuntu:/etc/xdg'), ('XDG_DATA_DIRS', '/usr/share/ubuntu:/usr/local/share/:/usr/share/:/var/lib/snapd/desktop'), ('LC_NUMERIC', 'ru_RU.UTF-8'), ('PYTHONPATH', '/opt/ros/humble/lib/python3.10/site-packages:/opt/ros/humble/local/lib/python3.10/dist-packages'), ('LC_PAPER', 'ru_RU.UTF-8'), ('COLCON', '1'), ('CMAKE_PREFIX_PATH', '/home/eragon/student133_ws/install/test_visualization:/home/eragon/student133_ws/install/test_tf_broadcaster:/home/eragon/student133_ws/install/test_subscriber:/home/eragon/student133_ws/install/test_service:/home/eragon/student133_ws/install/test_serial_communication:/home/eragon/student133_ws/install/test_publisher:/home/eragon/student133_ws/install/test_pkg:/home/eragon/student133_ws/install/test_parameters:/home/eragon/student133_ws/install/test_custom_srv:/home/eragon/student133_ws/install/test_custom_publisher:/home/eragon/student133_ws/install/test_custom_msg:/home/eragon/student133_ws/install/test_client:/home/eragon/student133_ws/install/test_castom_publisher:/home/eragon/student133_ws/install/test_basic_publisher:/home/eragon/student133_ws/install/custom_counter:/opt/ros/humble')]), 'shell': False}
[1.384213] (test_custom_msg) StdoutLine: {'line': b'-- Up-to-date: /home/eragon/student133_ws/install/test_custom_msg/include/test_custom_msg/test_custom_msg\n'}
[1.387140] (test_custom_msg) StdoutLine: {'line': b'-- Up-to-date: /home/eragon/student133_ws/install/test_custom_msg/include/test_custom_msg/test_custom_msg/msg\n'}
[1.387496] (test_custom_msg) StdoutLine: {'line': b'-- Up-to-date: /home/eragon/student133_ws/install/test_custom_msg/include/test_custom_msg/test_custom_msg/msg/detail\n'}
[1.387659] (test_custom_msg) StdoutLine: {'line': b'-- Installing: /home/eragon/student133_ws/install/test_custom_msg/include/test_custom_msg/test_custom_msg/msg/detail/circle__struct.hpp\n'}
[1.387809] (test_custom_msg) StdoutLine: {'line': b'-- Installing: /home/eragon/student133_ws/install/test_custom_msg/include/test_custom_msg/test_custom_msg/msg/detail/triangle__struct.hpp\n'}
[1.387954] (test_custom_msg) StdoutLine: {'line': b'-- Installing: /home/eragon/student133_ws/install/test_custom_msg/include/test_custom_msg/test_custom_msg/msg/detail/triangle__builder.hpp\n'}
[1.388703] (test_custom_msg) StdoutLine: {'line': b'-- Installing: /home/eragon/student133_ws/install/test_custom_msg/include/test_custom_msg/test_custom_msg/msg/detail/circle__traits.hpp\n'}
[1.388969] (test_custom_msg) StdoutLine: {'line': b'-- Installing: /home/eragon/student133_ws/install/test_custom_msg/include/test_custom_msg/test_custom_msg/msg/detail/triangle__traits.hpp\n'}
[1.389614] (test_custom_msg) StdoutLine: {'line': b'-- Installing: /home/eragon/student133_ws/install/test_custom_msg/include/test_custom_msg/test_custom_msg/msg/detail/circle__builder.hpp\n'}
[1.389793] (test_custom_msg) StdoutLine: {'line': b'-- Installing: /home/eragon/student133_ws/install/test_custom_msg/include/test_custom_msg/test_custom_msg/msg/circle.hpp\n'}
[1.389930] (test_subscriber) StdoutLine: {'line': b'-- Using all available rosidl_typesupport_cpp: rosidl_typesupport_fastrtps_cpp;rosidl_typesupport_introspection_cpp\n'}
[1.391075] (test_custom_msg) StdoutLine: {'line': b'-- Installing: /home/eragon/student133_ws/install/test_custom_msg/include/test_custom_msg/test_custom_msg/msg/triangle.hpp\n'}
[1.391314] (test_custom_msg) StdoutLine: {'line': b'-- Up-to-date: /home/eragon/student133_ws/install/test_custom_msg/include/test_custom_msg/test_custom_msg\n'}
[1.391486] (test_custom_msg) StdoutLine: {'line': b'-- Up-to-date: /home/eragon/student133_ws/install/test_custom_msg/include/test_custom_msg/test_custom_msg/msg\n'}
[1.391645] (test_custom_msg) StdoutLine: {'line': b'-- Up-to-date: /home/eragon/student133_ws/install/test_custom_msg/include/test_custom_msg/test_custom_msg/msg/detail\n'}
[1.391809] (test_custom_msg) StdoutLine: {'line': b'-- Installing: /home/eragon/student133_ws/install/test_custom_msg/include/test_custom_msg/test_custom_msg/msg/detail/dds_fastrtps\n'}
[1.391957] (test_custom_msg) StdoutLine: {'line': b'-- Installing: /home/eragon/student133_ws/install/test_custom_msg/include/test_custom_msg/test_custom_msg/msg/detail/triangle__rosidl_typesupport_fastrtps_cpp.hpp\n'}
[1.392119] (test_custom_msg) StdoutLine: {'line': b'-- Installing: /home/eragon/student133_ws/install/test_custom_msg/include/test_custom_msg/test_custom_msg/msg/detail/circle__rosidl_typesupport_fastrtps_cpp.hpp\n'}
[1.392290] (test_custom_msg) StdoutLine: {'line': b'-- Installing: /home/eragon/student133_ws/install/test_custom_msg/include/test_custom_msg/test_custom_msg/msg/rosidl_typesupport_fastrtps_cpp__visibility_control.h\n'}
[1.392424] (test_visualization) JobProgress: {'identifier': 'test_visualization', 'progress': 'install'}
[1.392470] (test_visualization) Command: {'cmd': ['/usr/bin/cmake', '--install', '/home/eragon/student133_ws/build/test_visualization'], 'cwd': '/home/eragon/student133_ws/build/test_visualization', 'env': OrderedDict([('GJS_DEBUG_TOPICS', 'JS ERROR;JS LOG'), ('LANGUAGE', 'ru'), ('LC_TIME', 'ru_RU.UTF-8'), ('USER', 'eragon'), ('XDG_SESSION_TYPE', 'wayland'), ('LD_LIBRARY_PATH', '/opt/ros/humble/opt/rviz_ogre_vendor/lib:/opt/ros/humble/lib/x86_64-linux-gnu:/opt/ros/humble/lib'), ('SHLVL', '1'), ('HOME', '/home/eragon'), ('DESKTOP_SESSION', 'ubuntu'), ('QTDIR', '/usr/lib/x86_64-linux-gnu/qt5'), ('GIO_LAUNCHED_DESKTOP_FILE', '/home/eragon/.local/share/applications/org.qt-project.qtcreator.desktop'), ('GNOME_SHELL_SESSION_MODE', 'ubuntu'), ('GTK_MODULES', 'gail:atk-bridge'), ('ROS_PYTHON_VERSION', '3'), ('LC_MONETARY', 'ru_RU.UTF-8'), ('MANAGERPID', '828'), ('DBUS_SESSION_BUS_ADDRESS', 'unix:path'), ('SYSTEMD_EXEC_PID', '972'), ('GIO_LAUNCHED_DESKTOP_FILE_PID', '2460'), ('COLCON_PREFIX_PATH', '/home/eragon/student133_ws/install'), ('IM_CONFIG_PHASE', '1'), ('ROS_DISTRO', 'humble'), ('WAYLAND_DISPLAY', 'wayland-0'), ('LOGNAME', 'eragon'), ('JOURNAL_STREAM', '8:10809'), ('_', '/usr/bin/env'), ('ROS_VERSION', '2'), ('XDG_SESSION_CLASS', 'user'), ('QSG_RHI_BACKEND', 'opengl'), ('USERNAME', 'eragon'), ('GNOME_DESKTOP_SESSION_ID', 'this-is-deprecated'), ('ROS_LOCALHOST_ONLY', '0'), ('PATH', '/opt/ros/humble/bin:/home/eragon/.local/bin:/usr/local/sbin:/usr/local/bin:/usr/sbin:/usr/bin:/sbin:/bin:/usr/games:/usr/local/games:/snap/bin:/snap/bin'), ('INVOCATION_ID', 'e33d58ac2d474d17829f20bcdd4b555e'), ('PAPERSIZE', 'a4'), ('SESSION_MANAGER', 'local/eragon-KPL-W0X:@/tmp/.ICE-unix/941,unix/eragon-KPL-W0X:/tmp/.ICE-unix/941'), ('GNOME_SETUP_DISPLAY', ':1'), ('LC_ADDRESS', 'ru_RU.UTF-8'), ('XDG_MENU_PREFIX', 'gnome-'), ('XDG_RUNTIME_DIR', '/run/user/1000'), ('DISPLAY', ':0'), ('LANG', 'ru_RU.UTF-8'), ('LC_TELEPHONE', 'ru_RU.UTF-8'), ('XDG_CURRENT_DESKTOP', 'ubuntu:GNOME'), ('XAUTHORITY', '/run/user/1000/.mutter-Xwaylandauth.T36VX2'), ('XDG_SESSION_DESKTOP', 'ubuntu'), ('XMODIFIERS', '@im'), ('AMENT_PREFIX_PATH', '/opt/ros/humble'), ('SSH_AGENT_LAUNCHER', 'gnome-keyring'), ('SSH_AUTH_SOCK', '/run/user/1000/keyring/ssh'), ('LC_NAME', 'ru_RU.UTF-8'), ('SHELL', '/bin/bash'), ('GDMSESSION', 'ubuntu'), ('QT_ACCESSIBILITY', '1'), ('LC_MEASUREMENT', 'ru_RU.UTF-8'), ('GJS_DEBUG_OUTPUT', 'stderr'), ('LC_IDENTIFICATION', 'ru_RU.UTF-8'), ('QT_IM_MODULE', 'ibus'), ('LC_ALL', 'en_US.UTF-8'), ('PWD', '/home/eragon/student133_ws/build/test_visualization'), ('QT_QPA_PLATFORM', 'xcb'), ('XDG_CONFIG_DIRS', '/etc/xdg/xdg-ubuntu:/etc/xdg'), ('XDG_DATA_DIRS', '/usr/share/ubuntu:/usr/local/share/:/usr/share/:/var/lib/snapd/desktop'), ('LC_NUMERIC', 'ru_RU.UTF-8'), ('PYTHONPATH', '/opt/ros/humble/lib/python3.10/site-packages:/opt/ros/humble/local/lib/python3.10/dist-packages'), ('LC_PAPER', 'ru_RU.UTF-8'), ('COLCON', '1'), ('CMAKE_PREFIX_PATH', '/home/eragon/student133_ws/install/test_visualization:/home/eragon/student133_ws/install/test_tf_broadcaster:/home/eragon/student133_ws/install/test_subscriber:/home/eragon/student133_ws/install/test_service:/home/eragon/student133_ws/install/test_serial_communication:/home/eragon/student133_ws/install/test_publisher:/home/eragon/student133_ws/install/test_pkg:/home/eragon/student133_ws/install/test_parameters:/home/eragon/student133_ws/install/test_custom_srv:/home/eragon/student133_ws/install/test_custom_publisher:/home/eragon/student133_ws/install/test_custom_msg:/home/eragon/student133_ws/install/test_client:/home/eragon/student133_ws/install/test_castom_publisher:/home/eragon/student133_ws/install/test_basic_publisher:/home/eragon/student133_ws/install/custom_counter:/opt/ros/humble')]), 'shell': False}
[1.393850] (test_custom_msg) StdoutLine: {'line': b'-- Installing: /home/eragon/student133_ws/install/test_custom_msg/lib/libtest_custom_msg__rosidl_typesupport_fastrtps_cpp.so\n'}
[1.394142] (test_custom_msg) StdoutLine: {'line': b'-- Set runtime path of "/home/eragon/student133_ws/install/test_custom_msg/lib/libtest_custom_msg__rosidl_typesupport_fastrtps_cpp.so" to ""\n'}
[1.394311] (test_custom_msg) StdoutLine: {'line': b'-- Up-to-date: /home/eragon/student133_ws/install/test_custom_msg/include/test_custom_msg/test_custom_msg\n'}
[1.394460] (test_custom_msg) StdoutLine: {'line': b'-- Up-to-date: /home/eragon/student133_ws/install/test_custom_msg/include/test_custom_msg/test_custom_msg/msg\n'}
[1.394616] (test_custom_msg) StdoutLine: {'line': b'-- Up-to-date: /home/eragon/student133_ws/install/test_custom_msg/include/test_custom_msg/test_custom_msg/msg/detail\n'}
[1.394767] (test_custom_msg) StdoutLine: {'line': b'-- Installing: /home/eragon/student133_ws/install/test_custom_msg/include/test_custom_msg/test_custom_msg/msg/detail/circle__rosidl_typesupport_introspection_c.h\n'}
[1.395292] (test_custom_msg) StdoutLine: {'line': b'-- Installing: /home/eragon/student133_ws/install/test_custom_msg/include/test_custom_msg/test_custom_msg/msg/detail/circle__type_support.c\n'}
[1.395488] (test_custom_msg) StdoutLine: {'line': b'-- Installing: /home/eragon/student133_ws/install/test_custom_msg/include/test_custom_msg/test_custom_msg/msg/detail/triangle__rosidl_typesupport_introspection_c.h\n'}
[1.395654] (test_custom_msg) StdoutLine: {'line': b'-- Installing: /home/eragon/student133_ws/install/test_custom_msg/include/test_custom_msg/test_custom_msg/msg/detail/triangle__type_support.c\n'}
[1.395790] (test_custom_msg) StdoutLine: {'line': b'-- Installing: /home/eragon/student133_ws/install/test_custom_msg/include/test_custom_msg/test_custom_msg/msg/rosidl_typesupport_introspection_c__visibility_control.h\n'}
[1.395918] (test_custom_msg) StdoutLine: {'line': b'-- Installing: /home/eragon/student133_ws/install/test_custom_msg/lib/libtest_custom_msg__rosidl_typesupport_introspection_c.so\n'}
[1.396061] (test_custom_msg) StdoutLine: {'line': b'-- Set runtime path of "/home/eragon/student133_ws/install/test_custom_msg/lib/libtest_custom_msg__rosidl_typesupport_introspection_c.so" to ""\n'}
[1.396223] (test_custom_msg) StdoutLine: {'line': b'-- Installing: /home/eragon/student133_ws/install/test_custom_msg/lib/libtest_custom_msg__rosidl_typesupport_c.so\n'}
[1.396695] (test_custom_msg) StdoutLine: {'line': b'-- Set runtime path of "/home/eragon/student133_ws/install/test_custom_msg/lib/libtest_custom_msg__rosidl_typesupport_c.so" to ""\n'}
[1.396845] (test_custom_msg) StdoutLine: {'line': b'-- Up-to-date: /home/eragon/student133_ws/install/test_custom_msg/include/test_custom_msg/test_custom_msg\n'}
[1.396976] (test_custom_msg) StdoutLine: {'line': b'-- Up-to-date: /home/eragon/student133_ws/install/test_custom_msg/include/test_custom_msg/test_custom_msg/msg\n'}
[1.397472] (test_custom_msg) StdoutLine: {'line': b'-- Up-to-date: /home/eragon/student133_ws/install/test_custom_msg/include/test_custom_msg/test_custom_msg/msg/detail\n'}
[1.397821] (test_custom_msg) StdoutLine: {'line': b'-- Installing: /home/eragon/student133_ws/install/test_custom_msg/include/test_custom_msg/test_custom_msg/msg/detail/triangle__rosidl_typesupport_introspection_cpp.hpp\n'}
[1.397982] (test_custom_msg) StdoutLine: {'line': b'-- Installing: /home/eragon/student133_ws/install/test_custom_msg/include/test_custom_msg/test_custom_msg/msg/detail/triangle__type_support.cpp\n'}
[1.398360] (test_custom_msg) StdoutLine: {'line': b'-- Installing: /home/eragon/student133_ws/install/test_custom_msg/include/test_custom_msg/test_custom_msg/msg/detail/circle__rosidl_typesupport_introspection_cpp.hpp\n'}
[1.398532] (test_custom_msg) StdoutLine: {'line': b'-- Installing: /home/eragon/student133_ws/install/test_custom_msg/include/test_custom_msg/test_custom_msg/msg/detail/circle__type_support.cpp\n'}
[1.398669] (test_custom_msg) StdoutLine: {'line': b'-- Installing: /home/eragon/student133_ws/install/test_custom_msg/lib/libtest_custom_msg__rosidl_typesupport_introspection_cpp.so\n'}
[1.398806] (test_custom_msg) StdoutLine: {'line': b'-- Set runtime path of "/home/eragon/student133_ws/install/test_custom_msg/lib/libtest_custom_msg__rosidl_typesupport_introspection_cpp.so" to ""\n'}
[1.398946] (test_custom_msg) StdoutLine: {'line': b'-- Installing: /home/eragon/student133_ws/install/test_custom_msg/lib/libtest_custom_msg__rosidl_typesupport_cpp.so\n'}
[1.399113] (test_custom_msg) StdoutLine: {'line': b'-- Set runtime path of "/home/eragon/student133_ws/install/test_custom_msg/lib/libtest_custom_msg__rosidl_typesupport_cpp.so" to ""\n'}
[1.399266] (test_custom_msg) StdoutLine: {'line': b'-- Installing: /home/eragon/student133_ws/install/test_custom_msg/share/test_custom_msg/environment/pythonpath.sh\n'}
[1.399407] (test_custom_msg) StdoutLine: {'line': b'-- Installing: /home/eragon/student133_ws/install/test_custom_msg/share/test_custom_msg/environment/pythonpath.dsv\n'}
[1.399560] (test_custom_msg) StdoutLine: {'line': b'-- Installing: /home/eragon/student133_ws/install/test_custom_msg/local/lib/python3.10/dist-packages/test_custom_msg-0.0.0-py3.10.egg-info\n'}
[1.399701] (test_custom_msg) StdoutLine: {'line': b'-- Installing: /home/eragon/student133_ws/install/test_custom_msg/local/lib/python3.10/dist-packages/test_custom_msg-0.0.0-py3.10.egg-info/dependency_links.txt\n'}
[1.400234] (test_custom_msg) StdoutLine: {'line': b'-- Installing: /home/eragon/student133_ws/install/test_custom_msg/local/lib/python3.10/dist-packages/test_custom_msg-0.0.0-py3.10.egg-info/PKG-INFO\n'}
[1.400587] (test_custom_msg) StdoutLine: {'line': b'-- Installing: /home/eragon/student133_ws/install/test_custom_msg/local/lib/python3.10/dist-packages/test_custom_msg-0.0.0-py3.10.egg-info/top_level.txt\n'}
[1.400736] (test_custom_msg) StdoutLine: {'line': b'-- Installing: /home/eragon/student133_ws/install/test_custom_msg/local/lib/python3.10/dist-packages/test_custom_msg-0.0.0-py3.10.egg-info/SOURCES.txt\n'}
[1.401371] (test_custom_msg) StdoutLine: {'line': b'-- Installing: /home/eragon/student133_ws/install/test_custom_msg/local/lib/python3.10/dist-packages/test_custom_msg\n'}
[1.401851] (test_custom_msg) StdoutLine: {'line': b'-- Installing: /home/eragon/student133_ws/install/test_custom_msg/local/lib/python3.10/dist-packages/test_custom_msg/__init__.py\n'}
[1.402563] (test_custom_msg) StdoutLine: {'line': b'-- Installing: /home/eragon/student133_ws/install/test_custom_msg/local/lib/python3.10/dist-packages/test_custom_msg/test_custom_msg_s__rosidl_typesupport_fastrtps_c.cpython-310-x86_64-linux-gnu.so\n'}
[1.402754] (test_custom_msg) StdoutLine: {'line': b'-- Installing: /home/eragon/student133_ws/install/test_custom_msg/local/lib/python3.10/dist-packages/test_custom_msg/test_custom_msg_s__rosidl_typesupport_introspection_c.cpython-310-x86_64-linux-gnu.so\n'}
[1.402895] (test_custom_msg) StdoutLine: {'line': b'-- Installing: /home/eragon/student133_ws/install/test_custom_msg/local/lib/python3.10/dist-packages/test_custom_msg/test_custom_msg_s__rosidl_typesupport_c.cpython-310-x86_64-linux-gnu.so\n'}
[1.403075] (test_custom_srv) StdoutLine: {'line': b'-- Install configuration: "Debug"\n'}
[1.403238] (test_custom_msg) StdoutLine: {'line': b'-- Installing: /home/eragon/student133_ws/install/test_custom_msg/local/lib/python3.10/dist-packages/test_custom_msg/_test_custom_msg_s.ep.rosidl_typesupport_introspection_c.c\n'}
[1.403392] (test_custom_msg) StdoutLine: {'line': b'-- Installing: /home/eragon/student133_ws/install/test_custom_msg/local/lib/python3.10/dist-packages/test_custom_msg/_test_custom_msg_s.ep.rosidl_typesupport_c.c\n'}
[1.403526] (test_custom_srv) StdoutLine: {'line': b'-- Installing: /home/eragon/student133_ws/install/test_custom_srv/share/ament_index/resource_index/rosidl_interfaces/test_custom_srv\n'}
[1.404273] (test_custom_msg) StdoutLine: {'line': b'-- Installing: /home/eragon/student133_ws/install/test_custom_msg/local/lib/python3.10/dist-packages/test_custom_msg/msg\n'}
[1.404527] (test_custom_msg) StdoutLine: {'line': b'-- Installing: /home/eragon/student133_ws/install/test_custom_msg/local/lib/python3.10/dist-packages/test_custom_msg/msg/__init__.py\n'}
[1.404674] (test_custom_msg) StdoutLine: {'line': b'-- Installing: /home/eragon/student133_ws/install/test_custom_msg/local/lib/python3.10/dist-packages/test_custom_msg/msg/_triangle.py\n'}
[1.404805] (test_custom_msg) StdoutLine: {'line': b'-- Installing: /home/eragon/student133_ws/install/test_custom_msg/local/lib/python3.10/dist-packages/test_custom_msg/msg/_circle_s.c\n'}
[1.404936] (test_custom_msg) StdoutLine: {'line': b'-- Installing: /home/eragon/student133_ws/install/test_custom_msg/local/lib/python3.10/dist-packages/test_custom_msg/msg/_circle.py\n'}
[1.405089] (test_custom_msg) StdoutLine: {'line': b'-- Installing: /home/eragon/student133_ws/install/test_custom_msg/local/lib/python3.10/dist-packages/test_custom_msg/msg/_triangle_s.c\n'}
[1.405236] (test_custom_msg) StdoutLine: {'line': b'-- Installing: /home/eragon/student133_ws/install/test_custom_msg/local/lib/python3.10/dist-packages/test_custom_msg/libtest_custom_msg__rosidl_generator_py.so\n'}
[1.405388] (test_custom_srv) StdoutLine: {'line': b'-- Installing: /home/eragon/student133_ws/install/test_custom_srv/include/test_custom_srv/test_custom_srv\n'}
[1.405961] (test_custom_srv) StdoutLine: {'line': b'-- Installing: /home/eragon/student133_ws/install/test_custom_srv/include/test_custom_srv/test_custom_srv/srv\n'}
[1.406171] (test_custom_srv) StdoutLine: {'line': b'-- Installing: /home/eragon/student133_ws/install/test_custom_srv/include/test_custom_srv/test_custom_srv/srv/detail\n'}
[1.406319] (test_custom_srv) StdoutLine: {'line': b'-- Installing: /home/eragon/student133_ws/install/test_custom_srv/include/test_custom_srv/test_custom_srv/srv/detail/triangle_square__type_support.h\n'}
[1.406460] (test_custom_srv) StdoutLine: {'line': b'-- Installing: /home/eragon/student133_ws/install/test_custom_srv/include/test_custom_srv/test_custom_srv/srv/detail/circle_square__functions.c\n'}
[1.406593] (test_custom_srv) StdoutLine: {'line': b'-- Installing: /home/eragon/student133_ws/install/test_custom_srv/include/test_custom_srv/test_custom_srv/srv/detail/circle_square__struct.h\n'}
[1.406731] (test_custom_msg) StdoutLine: {'line': b'-- Installing: /home/eragon/student133_ws/install/test_custom_msg/local/lib/python3.10/dist-packages/test_custom_msg/_test_custom_msg_s.ep.rosidl_typesupport_fastrtps_c.c\n'}
[1.406879] (test_custom_srv) StdoutLine: {'line': b'-- Installing: /home/eragon/student133_ws/install/test_custom_srv/include/test_custom_srv/test_custom_srv/srv/detail/triangle_square__functions.c\n'}
[1.407010] (test_visualization) StdoutLine: {'line': b'-- Install configuration: "Debug"\n'}
[1.407181] (test_visualization) StdoutLine: {'line': b'-- Installing: /home/eragon/student133_ws/install/test_visualization/lib/test_visualization/test_visualization_node\n'}
[1.407347] (test_custom_srv) StdoutLine: {'line': b'-- Installing: /home/eragon/student133_ws/install/test_custom_srv/include/test_custom_srv/test_custom_srv/srv/detail/triangle_square__struct.h\n'}
[1.407492] (test_custom_srv) StdoutLine: {'line': b'-- Installing: /home/eragon/student133_ws/install/test_custom_srv/include/test_custom_srv/test_custom_srv/srv/detail/circle_square__type_support.h\n'}
[1.407619] (test_custom_srv) StdoutLine: {'line': b'-- Installing: /home/eragon/student133_ws/install/test_custom_srv/include/test_custom_srv/test_custom_srv/srv/detail/triangle_square__functions.h\n'}
[1.407739] (test_custom_srv) StdoutLine: {'line': b'-- Installing: /home/eragon/student133_ws/install/test_custom_srv/include/test_custom_srv/test_custom_srv/srv/detail/circle_square__functions.h\n'}
[1.408229] (test_custom_srv) StdoutLine: {'line': b'-- Installing: /home/eragon/student133_ws/install/test_custom_srv/include/test_custom_srv/test_custom_srv/srv/circle_square.h\n'}
[1.408453] (test_custom_srv) StdoutLine: {'line': b'-- Installing: /home/eragon/student133_ws/install/test_custom_srv/include/test_custom_srv/test_custom_srv/srv/triangle_square.h\n'}
[1.408599] (test_custom_srv) StdoutLine: {'line': b'-- Installing: /home/eragon/student133_ws/install/test_custom_srv/include/test_custom_srv/test_custom_srv/msg\n'}
[1.408726] (test_custom_srv) StdoutLine: {'line': b'-- Installing: /home/eragon/student133_ws/install/test_custom_srv/include/test_custom_srv/test_custom_srv/msg/rosidl_generator_c__visibility_control.h\n'}
[1.408854] (test_custom_srv) StdoutLine: {'line': b'-- Installing: /home/eragon/student133_ws/install/test_custom_srv/share/test_custom_srv/environment/library_path.sh\n'}
[1.408983] (test_custom_srv) StdoutLine: {'line': b'-- Installing: /home/eragon/student133_ws/install/test_custom_srv/share/test_custom_srv/environment/library_path.dsv\n'}
[1.409405] (test_custom_srv) StdoutLine: {'line': b'-- Installing: /home/eragon/student133_ws/install/test_custom_srv/lib/libtest_custom_srv__rosidl_generator_c.so\n'}
[1.409933] (test_custom_srv) StdoutLine: {'line': b'-- Set runtime path of "/home/eragon/student133_ws/install/test_custom_srv/lib/libtest_custom_srv__rosidl_generator_c.so" to ""\n'}
[1.410193] (test_custom_srv) StdoutLine: {'line': b'-- Up-to-date: /home/eragon/student133_ws/install/test_custom_srv/include/test_custom_srv/test_custom_srv\n'}
[1.410347] (test_custom_srv) StdoutLine: {'line': b'-- Up-to-date: /home/eragon/student133_ws/install/test_custom_srv/include/test_custom_srv/test_custom_srv/srv\n'}
[1.410507] (test_custom_srv) StdoutLine: {'line': b'-- Up-to-date: /home/eragon/student133_ws/install/test_custom_srv/include/test_custom_srv/test_custom_srv/srv/detail\n'}
[1.410911] (test_custom_srv) StdoutLine: {'line': b'-- Installing: /home/eragon/student133_ws/install/test_custom_srv/include/test_custom_srv/test_custom_srv/srv/detail/triangle_square__rosidl_typesupport_fastrtps_c.h\n'}
[1.411125] (test_custom_srv) StdoutLine: {'line': b'-- Installing: /home/eragon/student133_ws/install/test_custom_srv/include/test_custom_srv/test_custom_srv/srv/detail/circle_square__rosidl_typesupport_fastrtps_c.h\n'}
[1.411482] (test_custom_srv) StdoutLine: {'line': b'-- Up-to-date: /home/eragon/student133_ws/install/test_custom_srv/include/test_custom_srv/test_custom_srv/msg\n'}
[1.411612] (test_custom_srv) StdoutLine: {'line': b'-- Installing: /home/eragon/student133_ws/install/test_custom_srv/include/test_custom_srv/test_custom_srv/msg/rosidl_typesupport_fastrtps_c__visibility_control.h\n'}
[1.411748] (test_custom_srv) StdoutLine: {'line': b'-- Installing: /home/eragon/student133_ws/install/test_custom_srv/lib/libtest_custom_srv__rosidl_typesupport_fastrtps_c.so\n'}
[1.413334] (test_custom_srv) StdoutLine: {'line': b'-- Set runtime path of "/home/eragon/student133_ws/install/test_custom_srv/lib/libtest_custom_srv__rosidl_typesupport_fastrtps_c.so" to ""\n'}
[1.413718] (test_custom_srv) StdoutLine: {'line': b'-- Up-to-date: /home/eragon/student133_ws/install/test_custom_srv/include/test_custom_srv/test_custom_srv\n'}
[1.413862] (test_custom_srv) StdoutLine: {'line': b'-- Up-to-date: /home/eragon/student133_ws/install/test_custom_srv/include/test_custom_srv/test_custom_srv/srv\n'}
[1.413991] (test_custom_srv) StdoutLine: {'line': b'-- Up-to-date: /home/eragon/student133_ws/install/test_custom_srv/include/test_custom_srv/test_custom_srv/srv/detail\n'}
[1.414150] (test_custom_srv) StdoutLine: {'line': b'-- Installing: /home/eragon/student133_ws/install/test_custom_srv/include/test_custom_srv/test_custom_srv/srv/detail/circle_square__rosidl_typesupport_introspection_c.h\n'}
[1.415296] (test_custom_srv) StdoutLine: {'line': b'-- Installing: /home/eragon/student133_ws/install/test_custom_srv/include/test_custom_srv/test_custom_srv/srv/detail/circle_square__type_support.c\n'}
[1.415739] (test_custom_srv) StdoutLine: {'line': b'-- Installing: /home/eragon/student133_ws/install/test_custom_srv/include/test_custom_srv/test_custom_srv/srv/detail/triangle_square__type_support.c\n'}
[1.415887] (test_custom_srv) StdoutLine: {'line': b'-- Installing: /home/eragon/student133_ws/install/test_custom_srv/include/test_custom_srv/test_custom_srv/srv/detail/triangle_square__rosidl_typesupport_introspection_c.h\n'}
[1.416021] (test_custom_srv) StdoutLine: {'line': b'-- Up-to-date: /home/eragon/student133_ws/install/test_custom_srv/include/test_custom_srv/test_custom_srv/msg\n'}
[1.416189] (test_custom_srv) StdoutLine: {'line': b'-- Installing: /home/eragon/student133_ws/install/test_custom_srv/include/test_custom_srv/test_custom_srv/msg/rosidl_typesupport_introspection_c__visibility_control.h\n'}
[1.416322] (test_custom_srv) StdoutLine: {'line': b'-- Installing: /home/eragon/student133_ws/install/test_custom_srv/lib/libtest_custom_srv__rosidl_typesupport_introspection_c.so\n'}
[1.416702] (test_custom_srv) StdoutLine: {'line': b'-- Set runtime path of "/home/eragon/student133_ws/install/test_custom_srv/lib/libtest_custom_srv__rosidl_typesupport_introspection_c.so" to ""\n'}
[1.417031] (test_custom_srv) StdoutLine: {'line': b'-- Installing: /home/eragon/student133_ws/install/test_custom_srv/lib/libtest_custom_srv__rosidl_typesupport_c.so\n'}
[1.417219] (-) TimerEvent: {}
[1.417644] (test_visualization) StdoutLine: {'line': b'-- Set runtime path of "/home/eragon/student133_ws/install/test_visualization/lib/test_visualization/test_visualization_node" to ""\n'}
[1.418253] (test_custom_srv) StdoutLine: {'line': b'-- Set runtime path of "/home/eragon/student133_ws/install/test_custom_srv/lib/libtest_custom_srv__rosidl_typesupport_c.so" to ""\n'}
[1.418519] (test_custom_srv) StdoutLine: {'line': b'-- Up-to-date: /home/eragon/student133_ws/install/test_custom_srv/include/test_custom_srv/test_custom_srv\n'}
[1.418681] (test_visualization) StdoutLine: {'line': b'-- Installing: /home/eragon/student133_ws/install/test_visualization/share/ament_index/resource_index/package_run_dependencies/test_visualization\n'}
[1.418842] (test_custom_srv) StdoutLine: {'line': b'-- Up-to-date: /home/eragon/student133_ws/install/test_custom_srv/include/test_custom_srv/test_custom_srv/srv\n'}
[1.418983] (test_custom_srv) StdoutLine: {'line': b'-- Up-to-date: /home/eragon/student133_ws/install/test_custom_srv/include/test_custom_srv/test_custom_srv/srv/detail\n'}
[1.419151] (test_custom_srv) StdoutLine: {'line': b'-- Installing: /home/eragon/student133_ws/install/test_custom_srv/include/test_custom_srv/test_custom_srv/srv/detail/circle_square__builder.hpp\n'}
[1.419661] (test_custom_srv) StdoutLine: {'line': b'-- Installing: /home/eragon/student133_ws/install/test_custom_srv/include/test_custom_srv/test_custom_srv/srv/detail/circle_square__struct.hpp\n'}
[1.419872] (test_custom_srv) StdoutLine: {'line': b'-- Installing: /home/eragon/student133_ws/install/test_custom_srv/include/test_custom_srv/test_custom_srv/srv/detail/triangle_square__traits.hpp\n'}
[1.420021] (test_visualization) StdoutLine: {'line': b'-- Installing: /home/eragon/student133_ws/install/test_visualization/share/ament_index/resource_index/parent_prefix_path/test_visualization\n'}
[1.420202] (test_visualization) StdoutLine: {'line': b'-- Installing: /home/eragon/student133_ws/install/test_visualization/share/test_visualization/environment/ament_prefix_path.sh\n'}
[1.420346] (test_custom_srv) StdoutLine: {'line': b'-- Installing: /home/eragon/student133_ws/install/test_custom_srv/include/test_custom_srv/test_custom_srv/srv/detail/circle_square__traits.hpp\n'}
[1.420905] (test_visualization) StdoutLine: {'line': b'-- Installing: /home/eragon/student133_ws/install/test_visualization/share/test_visualization/environment/ament_prefix_path.dsv\n'}
[1.421139] (test_visualization) StdoutLine: {'line': b'-- Installing: /home/eragon/student133_ws/install/test_visualization/share/test_visualization/environment/path.sh\n'}
[1.421301] (test_custom_srv) StdoutLine: {'line': b'-- Installing: /home/eragon/student133_ws/install/test_custom_srv/include/test_custom_srv/test_custom_srv/srv/detail/triangle_square__struct.hpp\n'}
[1.421461] (test_custom_srv) StdoutLine: {'line': b'-- Installing: /home/eragon/student133_ws/install/test_custom_srv/include/test_custom_srv/test_custom_srv/srv/detail/triangle_square__builder.hpp\n'}
[1.421608] (test_custom_srv) StdoutLine: {'line': b'-- Installing: /home/eragon/student133_ws/install/test_custom_srv/include/test_custom_srv/test_custom_srv/srv/circle_square.hpp\n'}
[1.421769] (test_visualization) StdoutLine: {'line': b'-- Installing: /home/eragon/student133_ws/install/test_visualization/share/test_visualization/environment/path.dsv\n'}
[1.422248] (test_custom_srv) StdoutLine: {'line': b'-- Installing: /home/eragon/student133_ws/install/test_custom_srv/include/test_custom_srv/test_custom_srv/srv/triangle_square.hpp\n'}
[1.422474] (test_custom_srv) StdoutLine: {'line': b'-- Up-to-date: /home/eragon/student133_ws/install/test_custom_srv/include/test_custom_srv/test_custom_srv\n'}
[1.422620] (test_custom_srv) StdoutLine: {'line': b'-- Up-to-date: /home/eragon/student133_ws/install/test_custom_srv/include/test_custom_srv/test_custom_srv/srv\n'}
[1.422758] (test_custom_srv) StdoutLine: {'line': b'-- Up-to-date: /home/eragon/student133_ws/install/test_custom_srv/include/test_custom_srv/test_custom_srv/srv/detail\n'}
[1.422892] (test_custom_srv) StdoutLine: {'line': b'-- Installing: /home/eragon/student133_ws/install/test_custom_srv/include/test_custom_srv/test_custom_srv/srv/detail/circle_square__rosidl_typesupport_fastrtps_cpp.hpp\n'}
[1.423352] (test_visualization) StdoutLine: {'line': b'-- Installing: /home/eragon/student133_ws/install/test_visualization/share/test_visualization/local_setup.bash\n'}
[1.423565] (test_visualization) StdoutLine: {'line': b'-- Installing: /home/eragon/student133_ws/install/test_visualization/share/test_visualization/local_setup.sh\n'}
[1.423711] (test_custom_srv) StdoutLine: {'line': b'-- Installing: /home/eragon/student133_ws/install/test_custom_srv/include/test_custom_srv/test_custom_srv/srv/detail/triangle_square__rosidl_typesupport_fastrtps_cpp.hpp\n'}
[1.423866] (test_custom_srv) StdoutLine: {'line': b'-- Installing: /home/eragon/student133_ws/install/test_custom_srv/include/test_custom_srv/test_custom_srv/srv/detail/dds_fastrtps\n'}
[1.424000] (test_custom_srv) StdoutLine: {'line': b'-- Up-to-date: /home/eragon/student133_ws/install/test_custom_srv/include/test_custom_srv/test_custom_srv/msg\n'}
[1.424160] (test_custom_srv) StdoutLine: {'line': b'-- Installing: /home/eragon/student133_ws/install/test_custom_srv/include/test_custom_srv/test_custom_srv/msg/rosidl_typesupport_fastrtps_cpp__visibility_control.h\n'}
[1.424318] (test_visualization) StdoutLine: {'line': b'-- Installing: /home/eragon/student133_ws/install/test_visualization/share/test_visualization/local_setup.zsh\n'}
[1.424470] (test_visualization) StdoutLine: {'line': b'-- Installing: /home/eragon/student133_ws/install/test_visualization/share/test_visualization/local_setup.dsv\n'}
[1.425011] (test_visualization) StdoutLine: {'line': b'-- Installing: /home/eragon/student133_ws/install/test_visualization/share/test_visualization/package.dsv\n'}
[1.425765] (test_visualization) StdoutLine: {'line': b'-- Installing: /home/eragon/student133_ws/install/test_visualization/share/ament_index/resource_index/packages/test_visualization\n'}
[1.425945] (test_visualization) StdoutLine: {'line': b'-- Installing: /home/eragon/student133_ws/install/test_visualization/share/test_visualization/cmake/test_visualizationConfig.cmake\n'}
[1.426122] (test_custom_srv) StdoutLine: {'line': b'-- Installing: /home/eragon/student133_ws/install/test_custom_srv/lib/libtest_custom_srv__rosidl_typesupport_fastrtps_cpp.so\n'}
[1.426292] (test_visualization) StdoutLine: {'line': b'-- Installing: /home/eragon/student133_ws/install/test_visualization/share/test_visualization/cmake/test_visualizationConfig-version.cmake\n'}
[1.426436] (test_custom_srv) StdoutLine: {'line': b'-- Set runtime path of "/home/eragon/student133_ws/install/test_custom_srv/lib/libtest_custom_srv__rosidl_typesupport_fastrtps_cpp.so" to ""\n'}
[1.426564] (test_custom_srv) StdoutLine: {'line': b'-- Up-to-date: /home/eragon/student133_ws/install/test_custom_srv/include/test_custom_srv/test_custom_srv\n'}
[1.426687] (test_custom_srv) StdoutLine: {'line': b'-- Up-to-date: /home/eragon/student133_ws/install/test_custom_srv/include/test_custom_srv/test_custom_srv/srv\n'}
[1.426802] (test_custom_srv) StdoutLine: {'line': b'-- Up-to-date: /home/eragon/student133_ws/install/test_custom_srv/include/test_custom_srv/test_custom_srv/srv/detail\n'}
[1.426914] (test_visualization) StdoutLine: {'line': b'-- Installing: /home/eragon/student133_ws/install/test_visualization/share/test_visualization/package.xml\n'}
[1.427029] (test_custom_srv) StdoutLine: {'line': b'-- Installing: /home/eragon/student133_ws/install/test_custom_srv/include/test_custom_srv/test_custom_srv/srv/detail/circle_square__type_support.cpp\n'}
[1.427427] (test_custom_srv) StdoutLine: {'line': b'-- Installing: /home/eragon/student133_ws/install/test_custom_srv/include/test_custom_srv/test_custom_srv/srv/detail/triangle_square__type_support.cpp\n'}
[1.427580] (test_custom_srv) StdoutLine: {'line': b'-- Installing: /home/eragon/student133_ws/install/test_custom_srv/include/test_custom_srv/test_custom_srv/srv/detail/triangle_square__rosidl_typesupport_introspection_cpp.hpp\n'}
[1.427698] (test_custom_srv) StdoutLine: {'line': b'-- Installing: /home/eragon/student133_ws/install/test_custom_srv/include/test_custom_srv/test_custom_srv/srv/detail/circle_square__rosidl_typesupport_introspection_cpp.hpp\n'}
[1.427815] (test_custom_srv) StdoutLine: {'line': b'-- Installing: /home/eragon/student133_ws/install/test_custom_srv/lib/libtest_custom_srv__rosidl_typesupport_introspection_cpp.so\n'}
[1.428899] (test_custom_srv) StdoutLine: {'line': b'-- Set runtime path of "/home/eragon/student133_ws/install/test_custom_srv/lib/libtest_custom_srv__rosidl_typesupport_introspection_cpp.so" to ""\n'}
[1.429908] (test_custom_srv) StdoutLine: {'line': b'-- Installing: /home/eragon/student133_ws/install/test_custom_srv/lib/libtest_custom_srv__rosidl_typesupport_cpp.so\n'}
[1.431026] (test_visualization) CommandEnded: {'returncode': 0}
[1.444500] (test_custom_srv) StdoutLine: {'line': b'-- Set runtime path of "/home/eragon/student133_ws/install/test_custom_srv/lib/libtest_custom_srv__rosidl_typesupport_cpp.so" to ""\n'}
[1.444813] (test_custom_srv) StdoutLine: {'line': b'-- Installing: /home/eragon/student133_ws/install/test_custom_srv/share/test_custom_srv/environment/pythonpath.sh\n'}
[1.444984] (test_custom_srv) StdoutLine: {'line': b'-- Installing: /home/eragon/student133_ws/install/test_custom_srv/share/test_custom_srv/environment/pythonpath.dsv\n'}
[1.445169] (test_custom_srv) StdoutLine: {'line': b'-- Installing: /home/eragon/student133_ws/install/test_custom_srv/local/lib/python3.10/dist-packages/test_custom_srv-0.0.0-py3.10.egg-info\n'}
[1.445317] (test_custom_srv) StdoutLine: {'line': b'-- Installing: /home/eragon/student133_ws/install/test_custom_srv/local/lib/python3.10/dist-packages/test_custom_srv-0.0.0-py3.10.egg-info/dependency_links.txt\n'}
[1.445456] (test_custom_srv) StdoutLine: {'line': b'-- Installing: /home/eragon/student133_ws/install/test_custom_srv/local/lib/python3.10/dist-packages/test_custom_srv-0.0.0-py3.10.egg-info/PKG-INFO\n'}
[1.445592] (test_custom_srv) StdoutLine: {'line': b'-- Installing: /home/eragon/student133_ws/install/test_custom_srv/local/lib/python3.10/dist-packages/test_custom_srv-0.0.0-py3.10.egg-info/top_level.txt\n'}
[1.445724] (test_custom_srv) StdoutLine: {'line': b'-- Installing: /home/eragon/student133_ws/install/test_custom_srv/local/lib/python3.10/dist-packages/test_custom_srv-0.0.0-py3.10.egg-info/SOURCES.txt\n'}
[1.445863] (test_custom_srv) StdoutLine: {'line': b'-- Installing: /home/eragon/student133_ws/install/test_custom_srv/local/lib/python3.10/dist-packages/test_custom_srv\n'}
[1.446030] (test_custom_srv) StdoutLine: {'line': b'-- Installing: /home/eragon/student133_ws/install/test_custom_srv/local/lib/python3.10/dist-packages/test_custom_srv/test_custom_srv_s__rosidl_typesupport_fastrtps_c.cpython-310-x86_64-linux-gnu.so\n'}
[1.446208] (test_custom_srv) StdoutLine: {'line': b'-- Installing: /home/eragon/student133_ws/install/test_custom_srv/local/lib/python3.10/dist-packages/test_custom_srv/__init__.py\n'}
[1.446339] (test_custom_srv) StdoutLine: {'line': b'-- Installing: /home/eragon/student133_ws/install/test_custom_srv/local/lib/python3.10/dist-packages/test_custom_srv/test_custom_srv_s__rosidl_typesupport_c.cpython-310-x86_64-linux-gnu.so\n'}
[1.446479] (test_custom_srv) StdoutLine: {'line': b'-- Installing: /home/eragon/student133_ws/install/test_custom_srv/local/lib/python3.10/dist-packages/test_custom_srv/srv\n'}
[1.446610] (test_custom_srv) StdoutLine: {'line': b'-- Installing: /home/eragon/student133_ws/install/test_custom_srv/local/lib/python3.10/dist-packages/test_custom_srv/srv/__init__.py\n'}
[1.446739] (test_custom_srv) StdoutLine: {'line': b'-- Installing: /home/eragon/student133_ws/install/test_custom_srv/local/lib/python3.10/dist-packages/test_custom_srv/srv/_triangle_square_s.c\n'}
[1.446875] (test_custom_srv) StdoutLine: {'line': b'-- Installing: /home/eragon/student133_ws/install/test_custom_srv/local/lib/python3.10/dist-packages/test_custom_srv/srv/_triangle_square.py\n'}
[1.447004] (test_custom_srv) StdoutLine: {'line': b'-- Installing: /home/eragon/student133_ws/install/test_custom_srv/local/lib/python3.10/dist-packages/test_custom_srv/srv/_circle_square_s.c\n'}
[1.447177] (test_custom_srv) StdoutLine: {'line': b'-- Installing: /home/eragon/student133_ws/install/test_custom_srv/local/lib/python3.10/dist-packages/test_custom_srv/srv/_circle_square.py\n'}
[1.447321] (test_custom_srv) StdoutLine: {'line': b'-- Installing: /home/eragon/student133_ws/install/test_custom_srv/local/lib/python3.10/dist-packages/test_custom_srv/libtest_custom_srv__rosidl_generator_py.so\n'}
[1.447458] (test_custom_srv) StdoutLine: {'line': b'-- Installing: /home/eragon/student133_ws/install/test_custom_srv/local/lib/python3.10/dist-packages/test_custom_srv/test_custom_srv_s__rosidl_typesupport_introspection_c.cpython-310-x86_64-linux-gnu.so\n'}
[1.447600] (test_custom_srv) StdoutLine: {'line': b'-- Installing: /home/eragon/student133_ws/install/test_custom_srv/local/lib/python3.10/dist-packages/test_custom_srv/_test_custom_srv_s.ep.rosidl_typesupport_c.c\n'}
[1.447744] (test_custom_srv) StdoutLine: {'line': b'-- Installing: /home/eragon/student133_ws/install/test_custom_srv/local/lib/python3.10/dist-packages/test_custom_srv/_test_custom_srv_s.ep.rosidl_typesupport_fastrtps_c.c\n'}
[1.447900] (test_custom_srv) StdoutLine: {'line': b'-- Installing: /home/eragon/student133_ws/install/test_custom_srv/local/lib/python3.10/dist-packages/test_custom_srv/_test_custom_srv_s.ep.rosidl_typesupport_introspection_c.c\n'}
[1.461397] (test_custom_publisher) StderrLine: {'line': b'CMake Error at CMakeLists.txt:11 (find_package):\n'}
[1.461735] (test_custom_publisher) StderrLine: {'line': b'  By not providing "Findtest_custom_msg.cmake" in CMAKE_MODULE_PATH this\n'}
[1.461913] (test_custom_publisher) StderrLine: {'line': b'  project has asked CMake to find a package configuration file provided by\n'}
[1.462092] (test_custom_publisher) StderrLine: {'line': b'  "test_custom_msg", but CMake did not find one.\n'}
[1.462269] (test_custom_publisher) StderrLine: {'line': b'\n'}
[1.462417] (test_custom_publisher) StderrLine: {'line': b'  Could not find a package configuration file provided by "test_custom_msg"\n'}
[1.462568] (test_custom_publisher) StderrLine: {'line': b'  with any of the following names:\n'}
[1.462710] (test_custom_publisher) StderrLine: {'line': b'\n'}
[1.462851] (test_custom_publisher) StderrLine: {'line': b'    test_custom_msgConfig.cmake\n'}
[1.462989] (test_custom_publisher) StderrLine: {'line': b'    test_custom_msg-config.cmake\n'}
[1.463197] (test_custom_publisher) StderrLine: {'line': b'\n'}
[1.463349] (test_custom_publisher) StderrLine: {'line': b'  Add the installation prefix of "test_custom_msg" to CMAKE_PREFIX_PATH or\n'}
[1.463496] (test_custom_publisher) StderrLine: {'line': b'  set "test_custom_msg_DIR" to a directory containing one of the above files.\n'}
[1.463640] (test_custom_publisher) StderrLine: {'line': b'  If "test_custom_msg" provides a separate development package or SDK, be\n'}
[1.463777] (test_custom_publisher) StderrLine: {'line': b'  sure it has been installed.\n'}
[1.463905] (test_custom_publisher) StderrLine: {'line': b'\n'}
[1.464081] (test_custom_publisher) StderrLine: {'line': b'\n'}
[1.464242] (test_client) StderrLine: {'line': b'CMake Error at CMakeLists.txt:11 (find_package):\n'}
[1.464466] (test_client) StderrLine: {'line': b'  By not providing "Findtest_custom_srv.cmake" in CMAKE_MODULE_PATH this\n'}
[1.464610] (test_client) StderrLine: {'line': b'  project has asked CMake to find a package configuration file provided by\n'}
[1.464753] (test_client) StderrLine: {'line': b'  "test_custom_srv", but CMake did not find one.\n'}
[1.464897] (test_client) StderrLine: {'line': b'\n'}
[1.465059] (test_client) StderrLine: {'line': b'  Could not find a package configuration file provided by "test_custom_srv"\n'}
[1.465234] (test_client) StderrLine: {'line': b'  with any of the following names:\n'}
[1.465376] (test_client) StderrLine: {'line': b'\n'}
[1.465507] (test_client) StderrLine: {'line': b'    test_custom_srvConfig.cmake\n'}
[1.465639] (test_client) StderrLine: {'line': b'    test_custom_srv-config.cmake\n'}
[1.465778] (test_client) StderrLine: {'line': b'\n'}
[1.465944] (test_client) StderrLine: {'line': b'  Add the installation prefix of "test_custom_srv" to CMAKE_PREFIX_PATH or\n'}
[1.466139] (test_client) StderrLine: {'line': b'  set "test_custom_srv_DIR" to a directory containing one of the above files.\n'}
[1.466304] (test_client) StderrLine: {'line': b'  If "test_custom_srv" provides a separate development package or SDK, be\n'}
[1.466628] (test_client) StderrLine: {'line': b'  sure it has been installed.\n'}
[1.466956] (test_client) StderrLine: {'line': b'\n'}
[1.467184] (test_client) StderrLine: {'line': b'\n'}
[1.467372] (test_client) StdoutLine: {'line': b'-- Configuring incomplete, errors occurred!\n'}
[1.467581] (test_client) StdoutLine: {'line': b'See also "/home/eragon/student133_ws/build/test_client/CMakeFiles/CMakeOutput.log".\n'}
[1.467747] (test_custom_publisher) StdoutLine: {'line': b'-- Configuring incomplete, errors occurred!\n'}
[1.467926] (test_custom_publisher) StdoutLine: {'line': b'See also "/home/eragon/student133_ws/build/test_custom_publisher/CMakeFiles/CMakeOutput.log".\n'}
[1.468666] (test_service) StdoutLine: {'line': b'-- Found rmw_implementation_cmake: 6.1.2 (/opt/ros/humble/share/rmw_implementation_cmake/cmake)\n'}
[1.468998] (test_subscriber) StdoutLine: {'line': b'-- Found rmw_implementation_cmake: 6.1.2 (/opt/ros/humble/share/rmw_implementation_cmake/cmake)\n'}
[1.470533] (test_service) StdoutLine: {'line': b'-- Found rmw_fastrtps_cpp: 6.2.7 (/opt/ros/humble/share/rmw_fastrtps_cpp/cmake)\n'}
[1.472198] (test_subscriber) StdoutLine: {'line': b'-- Found rmw_fastrtps_cpp: 6.2.7 (/opt/ros/humble/share/rmw_fastrtps_cpp/cmake)\n'}
[1.485146] (test_custom_publisher) StderrLine: {'line': b'gmake: *** [Makefile:308: cmake_check_build_system] \xd0\x9e\xd1\x88\xd0\xb8\xd0\xb1\xd0\xba\xd0\xb0 1\n'}
[1.485480] (test_client) StderrLine: {'line': b'gmake: *** [Makefile:308: cmake_check_build_system] \xd0\x9e\xd1\x88\xd0\xb8\xd0\xb1\xd0\xba\xd0\xb0 1\n'}
[1.487850] (test_custom_msg) StdoutLine: {'line': b"Listing '/home/eragon/student133_ws/install/test_custom_msg/local/lib/python3.10/dist-packages/test_custom_msg'...\n"}
[1.488287] (test_custom_msg) StdoutLine: {'line': b"Compiling '/home/eragon/student133_ws/install/test_custom_msg/local/lib/python3.10/dist-packages/test_custom_msg/__init__.py'...\n"}
[1.488457] (test_custom_msg) StdoutLine: {'line': b"Listing '/home/eragon/student133_ws/install/test_custom_msg/local/lib/python3.10/dist-packages/test_custom_msg/msg'...\n"}
[1.488589] (test_custom_msg) StdoutLine: {'line': b"Compiling '/home/eragon/student133_ws/install/test_custom_msg/local/lib/python3.10/dist-packages/test_custom_msg/msg/__init__.py'...\n"}
[1.488718] (test_custom_msg) StdoutLine: {'line': b"Compiling '/home/eragon/student133_ws/install/test_custom_msg/local/lib/python3.10/dist-packages/test_custom_msg/msg/_circle.py'...\n"}
[1.488851] (test_custom_msg) StdoutLine: {'line': b"Compiling '/home/eragon/student133_ws/install/test_custom_msg/local/lib/python3.10/dist-packages/test_custom_msg/msg/_triangle.py'...\n"}
[1.490494] (test_custom_publisher) CommandEnded: {'returncode': 2}
[1.493246] (test_client) CommandEnded: {'returncode': 2}
[1.501558] (test_custom_msg) StdoutLine: {'line': b'-- Installing: /home/eragon/student133_ws/install/test_custom_msg/local/lib/python3.10/dist-packages/test_custom_msg/test_custom_msg_s__rosidl_typesupport_fastrtps_c.cpython-310-x86_64-linux-gnu.so\n'}
[1.502406] (test_custom_msg) StdoutLine: {'line': b'-- Set runtime path of "/home/eragon/student133_ws/install/test_custom_msg/local/lib/python3.10/dist-packages/test_custom_msg/test_custom_msg_s__rosidl_typesupport_fastrtps_c.cpython-310-x86_64-linux-gnu.so" to ""\n'}
[1.503022] (test_custom_msg) StdoutLine: {'line': b'-- Installing: /home/eragon/student133_ws/install/test_custom_msg/local/lib/python3.10/dist-packages/test_custom_msg/test_custom_msg_s__rosidl_typesupport_introspection_c.cpython-310-x86_64-linux-gnu.so\n'}
[1.503618] (test_custom_msg) StdoutLine: {'line': b'-- Set runtime path of "/home/eragon/student133_ws/install/test_custom_msg/local/lib/python3.10/dist-packages/test_custom_msg/test_custom_msg_s__rosidl_typesupport_introspection_c.cpython-310-x86_64-linux-gnu.so" to ""\n'}
[1.504123] (test_custom_msg) StdoutLine: {'line': b'-- Installing: /home/eragon/student133_ws/install/test_custom_msg/local/lib/python3.10/dist-packages/test_custom_msg/test_custom_msg_s__rosidl_typesupport_c.cpython-310-x86_64-linux-gnu.so\n'}
[1.505423] (test_custom_msg) StdoutLine: {'line': b'-- Set runtime path of "/home/eragon/student133_ws/install/test_custom_msg/local/lib/python3.10/dist-packages/test_custom_msg/test_custom_msg_s__rosidl_typesupport_c.cpython-310-x86_64-linux-gnu.so" to ""\n'}
[1.505722] (test_custom_msg) StdoutLine: {'line': b'-- Installing: /home/eragon/student133_ws/install/test_custom_msg/lib/libtest_custom_msg__rosidl_generator_py.so\n'}
[1.506309] (test_custom_msg) StdoutLine: {'line': b'-- Set runtime path of "/home/eragon/student133_ws/install/test_custom_msg/lib/libtest_custom_msg__rosidl_generator_py.so" to ""\n'}
[1.506721] (test_custom_msg) StdoutLine: {'line': b'-- Installing: /home/eragon/student133_ws/install/test_custom_msg/share/test_custom_msg/msg/Triangle.idl\n'}
[1.507430] (test_custom_msg) StdoutLine: {'line': b'-- Installing: /home/eragon/student133_ws/install/test_custom_msg/share/test_custom_msg/msg/Circle.idl\n'}
[1.509245] (test_custom_msg) StdoutLine: {'line': b'-- Installing: /home/eragon/student133_ws/install/test_custom_msg/share/test_custom_msg/msg/Triangle.msg\n'}
[1.510745] (test_custom_msg) StdoutLine: {'line': b'-- Installing: /home/eragon/student133_ws/install/test_custom_msg/share/test_custom_msg/msg/Circle.msg\n'}
[1.517938] (-) TimerEvent: {}
[1.526597] (test_visualization) JobEnded: {'identifier': 'test_visualization', 'rc': 0}
[1.527796] (test_custom_msg) StdoutLine: {'line': b'-- Installing: /home/eragon/student133_ws/install/test_custom_msg/share/ament_index/resource_index/package_run_dependencies/test_custom_msg\n'}
[1.528507] (test_custom_msg) StdoutLine: {'line': b'-- Installing: /home/eragon/student133_ws/install/test_custom_msg/share/ament_index/resource_index/parent_prefix_path/test_custom_msg\n'}
[1.528692] (test_custom_msg) StdoutLine: {'line': b'-- Installing: /home/eragon/student133_ws/install/test_custom_msg/share/test_custom_msg/environment/ament_prefix_path.sh\n'}
[1.528846] (test_custom_msg) StdoutLine: {'line': b'-- Installing: /home/eragon/student133_ws/install/test_custom_msg/share/test_custom_msg/environment/ament_prefix_path.dsv\n'}
[1.528980] (test_custom_msg) StdoutLine: {'line': b'-- Installing: /home/eragon/student133_ws/install/test_custom_msg/share/test_custom_msg/environment/path.sh\n'}
[1.529149] (test_custom_msg) StdoutLine: {'line': b'-- Installing: /home/eragon/student133_ws/install/test_custom_msg/share/test_custom_msg/environment/path.dsv\n'}
[1.529294] (test_custom_msg) StdoutLine: {'line': b'-- Installing: /home/eragon/student133_ws/install/test_custom_msg/share/test_custom_msg/local_setup.bash\n'}
[1.529427] (test_custom_msg) StdoutLine: {'line': b'-- Installing: /home/eragon/student133_ws/install/test_custom_msg/share/test_custom_msg/local_setup.sh\n'}
[1.529555] (test_custom_msg) StdoutLine: {'line': b'-- Installing: /home/eragon/student133_ws/install/test_custom_msg/share/test_custom_msg/local_setup.zsh\n'}
[1.529680] (test_custom_msg) StdoutLine: {'line': b'-- Installing: /home/eragon/student133_ws/install/test_custom_msg/share/test_custom_msg/local_setup.dsv\n'}
[1.529817] (test_custom_msg) StdoutLine: {'line': b'-- Installing: /home/eragon/student133_ws/install/test_custom_msg/share/test_custom_msg/package.dsv\n'}
[1.529954] (test_custom_msg) StdoutLine: {'line': b'-- Installing: /home/eragon/student133_ws/install/test_custom_msg/share/ament_index/resource_index/packages/test_custom_msg\n'}
[1.530488] (test_custom_msg) StdoutLine: {'line': b'-- Installing: /home/eragon/student133_ws/install/test_custom_msg/share/test_custom_msg/cmake/export_test_custom_msg__rosidl_generator_cExport.cmake\n'}
[1.530697] (test_custom_msg) StdoutLine: {'line': b'-- Installing: /home/eragon/student133_ws/install/test_custom_msg/share/test_custom_msg/cmake/export_test_custom_msg__rosidl_generator_cExport-debug.cmake\n'}
[1.530835] (test_custom_msg) StdoutLine: {'line': b'-- Installing: /home/eragon/student133_ws/install/test_custom_msg/share/test_custom_msg/cmake/export_test_custom_msg__rosidl_typesupport_fastrtps_cExport.cmake\n'}
[1.530963] (test_custom_msg) StdoutLine: {'line': b'-- Installing: /home/eragon/student133_ws/install/test_custom_msg/share/test_custom_msg/cmake/export_test_custom_msg__rosidl_typesupport_fastrtps_cExport-debug.cmake\n'}
[1.531119] (test_custom_msg) StdoutLine: {'line': b'-- Installing: /home/eragon/student133_ws/install/test_custom_msg/share/test_custom_msg/cmake/export_test_custom_msg__rosidl_generator_cppExport.cmake\n'}
[1.531276] (test_custom_msg) StdoutLine: {'line': b'-- Installing: /home/eragon/student133_ws/install/test_custom_msg/share/test_custom_msg/cmake/export_test_custom_msg__rosidl_typesupport_fastrtps_cppExport.cmake\n'}
[1.531407] (test_custom_msg) StdoutLine: {'line': b'-- Installing: /home/eragon/student133_ws/install/test_custom_msg/share/test_custom_msg/cmake/export_test_custom_msg__rosidl_typesupport_fastrtps_cppExport-debug.cmake\n'}
[1.531552] (test_custom_msg) StdoutLine: {'line': b'-- Installing: /home/eragon/student133_ws/install/test_custom_msg/share/test_custom_msg/cmake/test_custom_msg__rosidl_typesupport_introspection_cExport.cmake\n'}
[1.531695] (test_custom_msg) StdoutLine: {'line': b'-- Installing: /home/eragon/student133_ws/install/test_custom_msg/share/test_custom_msg/cmake/test_custom_msg__rosidl_typesupport_introspection_cExport-debug.cmake\n'}
[1.531823] (test_custom_msg) StdoutLine: {'line': b'-- Installing: /home/eragon/student133_ws/install/test_custom_msg/share/test_custom_msg/cmake/test_custom_msg__rosidl_typesupport_cExport.cmake\n'}
[1.531945] (test_custom_msg) StdoutLine: {'line': b'-- Installing: /home/eragon/student133_ws/install/test_custom_msg/share/test_custom_msg/cmake/test_custom_msg__rosidl_typesupport_cExport-debug.cmake\n'}
[1.532111] (test_custom_msg) StdoutLine: {'line': b'-- Installing: /home/eragon/student133_ws/install/test_custom_msg/share/test_custom_msg/cmake/test_custom_msg__rosidl_typesupport_introspection_cppExport.cmake\n'}
[1.532934] (test_custom_msg) StdoutLine: {'line': b'-- Installing: /home/eragon/student133_ws/install/test_custom_msg/share/test_custom_msg/cmake/test_custom_msg__rosidl_typesupport_introspection_cppExport-debug.cmake\n'}
[1.534896] (test_custom_msg) StdoutLine: {'line': b'-- Installing: /home/eragon/student133_ws/install/test_custom_msg/share/test_custom_msg/cmake/test_custom_msg__rosidl_typesupport_cppExport.cmake\n'}
[1.535312] (test_custom_msg) StdoutLine: {'line': b'-- Installing: /home/eragon/student133_ws/install/test_custom_msg/share/test_custom_msg/cmake/test_custom_msg__rosidl_typesupport_cppExport-debug.cmake\n'}
[1.535487] (test_custom_msg) StdoutLine: {'line': b'-- Installing: /home/eragon/student133_ws/install/test_custom_msg/share/test_custom_msg/cmake/export_test_custom_msg__rosidl_generator_pyExport.cmake\n'}
[1.535625] (test_custom_msg) StdoutLine: {'line': b'-- Installing: /home/eragon/student133_ws/install/test_custom_msg/share/test_custom_msg/cmake/export_test_custom_msg__rosidl_generator_pyExport-debug.cmake\n'}
[1.536175] (test_custom_msg) StdoutLine: {'line': b'-- Installing: /home/eragon/student133_ws/install/test_custom_msg/share/test_custom_msg/cmake/rosidl_cmake-extras.cmake\n'}
[1.536358] (test_custom_msg) StdoutLine: {'line': b'-- Installing: /home/eragon/student133_ws/install/test_custom_msg/share/test_custom_msg/cmake/ament_cmake_export_dependencies-extras.cmake\n'}
[1.536491] (test_custom_msg) StdoutLine: {'line': b'-- Installing: /home/eragon/student133_ws/install/test_custom_msg/share/test_custom_msg/cmake/ament_cmake_export_include_directories-extras.cmake\n'}
[1.536631] (test_custom_msg) StdoutLine: {'line': b'-- Installing: /home/eragon/student133_ws/install/test_custom_msg/share/test_custom_msg/cmake/ament_cmake_export_libraries-extras.cmake\n'}
[1.536773] (test_custom_msg) StdoutLine: {'line': b'-- Installing: /home/eragon/student133_ws/install/test_custom_msg/share/test_custom_msg/cmake/ament_cmake_export_targets-extras.cmake\n'}
[1.536912] (test_custom_srv) StdoutLine: {'line': b"Listing '/home/eragon/student133_ws/install/test_custom_srv/local/lib/python3.10/dist-packages/test_custom_srv'...\n"}
[1.537098] (test_custom_srv) StdoutLine: {'line': b"Compiling '/home/eragon/student133_ws/install/test_custom_srv/local/lib/python3.10/dist-packages/test_custom_srv/__init__.py'...\n"}
[1.537477] (test_custom_srv) StdoutLine: {'line': b"Listing '/home/eragon/student133_ws/install/test_custom_srv/local/lib/python3.10/dist-packages/test_custom_srv/srv'...\n"}
[1.537640] (test_custom_srv) StdoutLine: {'line': b"Compiling '/home/eragon/student133_ws/install/test_custom_srv/local/lib/python3.10/dist-packages/test_custom_srv/srv/__init__.py'...\n"}
[1.537783] (test_custom_srv) StdoutLine: {'line': b"Compiling '/home/eragon/student133_ws/install/test_custom_srv/local/lib/python3.10/dist-packages/test_custom_srv/srv/_circle_square.py'...\n"}
[1.539339] (test_custom_srv) StdoutLine: {'line': b"Compiling '/home/eragon/student133_ws/install/test_custom_srv/local/lib/python3.10/dist-packages/test_custom_srv/srv/_triangle_square.py'...\n"}
[1.539517] (test_custom_msg) StdoutLine: {'line': b'-- Installing: /home/eragon/student133_ws/install/test_custom_msg/share/test_custom_msg/cmake/rosidl_cmake_export_typesupport_targets-extras.cmake\n'}
[1.539710] (test_custom_msg) StdoutLine: {'line': b'-- Installing: /home/eragon/student133_ws/install/test_custom_msg/share/test_custom_msg/cmake/rosidl_cmake_export_typesupport_libraries-extras.cmake\n'}
[1.539853] (test_custom_msg) StdoutLine: {'line': b'-- Installing: /home/eragon/student133_ws/install/test_custom_msg/share/test_custom_msg/cmake/test_custom_msgConfig.cmake\n'}
[1.539982] (test_custom_msg) StdoutLine: {'line': b'-- Installing: /home/eragon/student133_ws/install/test_custom_msg/share/test_custom_msg/cmake/test_custom_msgConfig-version.cmake\n'}
[1.540213] (test_custom_msg) StdoutLine: {'line': b'-- Installing: /home/eragon/student133_ws/install/test_custom_msg/share/test_custom_msg/package.xml\n'}
[1.540409] (test_custom_msg) CommandEnded: {'returncode': 0}
[1.559228] (test_custom_srv) StdoutLine: {'line': b'-- Installing: /home/eragon/student133_ws/install/test_custom_srv/local/lib/python3.10/dist-packages/test_custom_srv/test_custom_srv_s__rosidl_typesupport_fastrtps_c.cpython-310-x86_64-linux-gnu.so\n'}
[1.563183] (test_custom_srv) StdoutLine: {'line': b'-- Set runtime path of "/home/eragon/student133_ws/install/test_custom_srv/local/lib/python3.10/dist-packages/test_custom_srv/test_custom_srv_s__rosidl_typesupport_fastrtps_c.cpython-310-x86_64-linux-gnu.so" to ""\n'}
[1.565501] (test_custom_srv) StdoutLine: {'line': b'-- Installing: /home/eragon/student133_ws/install/test_custom_srv/local/lib/python3.10/dist-packages/test_custom_srv/test_custom_srv_s__rosidl_typesupport_introspection_c.cpython-310-x86_64-linux-gnu.so\n'}
[1.565930] (test_custom_srv) StdoutLine: {'line': b'-- Set runtime path of "/home/eragon/student133_ws/install/test_custom_srv/local/lib/python3.10/dist-packages/test_custom_srv/test_custom_srv_s__rosidl_typesupport_introspection_c.cpython-310-x86_64-linux-gnu.so" to ""\n'}
[1.566052] (test_custom_srv) StdoutLine: {'line': b'-- Installing: /home/eragon/student133_ws/install/test_custom_srv/local/lib/python3.10/dist-packages/test_custom_srv/test_custom_srv_s__rosidl_typesupport_c.cpython-310-x86_64-linux-gnu.so\n'}
[1.566245] (test_custom_srv) StdoutLine: {'line': b'-- Set runtime path of "/home/eragon/student133_ws/install/test_custom_srv/local/lib/python3.10/dist-packages/test_custom_srv/test_custom_srv_s__rosidl_typesupport_c.cpython-310-x86_64-linux-gnu.so" to ""\n'}
[1.566944] (test_custom_srv) StdoutLine: {'line': b'-- Installing: /home/eragon/student133_ws/install/test_custom_srv/lib/libtest_custom_srv__rosidl_generator_py.so\n'}
[1.567104] (test_custom_srv) StdoutLine: {'line': b'-- Set runtime path of "/home/eragon/student133_ws/install/test_custom_srv/lib/libtest_custom_srv__rosidl_generator_py.so" to ""\n'}
[1.567240] (test_custom_srv) StdoutLine: {'line': b'-- Installing: /home/eragon/student133_ws/install/test_custom_srv/share/test_custom_srv/srv/CircleSquare.idl\n'}
[1.567337] (test_custom_srv) StdoutLine: {'line': b'-- Installing: /home/eragon/student133_ws/install/test_custom_srv/share/test_custom_srv/srv/TriangleSquare.idl\n'}
[1.567433] (test_custom_srv) StdoutLine: {'line': b'-- Installing: /home/eragon/student133_ws/install/test_custom_srv/share/test_custom_srv/srv/CircleSquare.srv\n'}
[1.567526] (test_custom_srv) StdoutLine: {'line': b'-- Installing: /home/eragon/student133_ws/install/test_custom_srv/share/test_custom_srv/srv/CircleSquare_Request.msg\n'}
[1.567622] (test_custom_srv) StdoutLine: {'line': b'-- Installing: /home/eragon/student133_ws/install/test_custom_srv/share/test_custom_srv/srv/CircleSquare_Response.msg\n'}
[1.567718] (test_custom_srv) StdoutLine: {'line': b'-- Installing: /home/eragon/student133_ws/install/test_custom_srv/share/test_custom_srv/srv/TriangleSquare.srv\n'}
[1.567823] (test_custom_srv) StdoutLine: {'line': b'-- Installing: /home/eragon/student133_ws/install/test_custom_srv/share/test_custom_srv/srv/TriangleSquare_Request.msg\n'}
[1.567923] (test_custom_srv) StdoutLine: {'line': b'-- Installing: /home/eragon/student133_ws/install/test_custom_srv/share/test_custom_srv/srv/TriangleSquare_Response.msg\n'}
[1.568020] (test_custom_srv) StdoutLine: {'line': b'-- Installing: /home/eragon/student133_ws/install/test_custom_srv/share/ament_index/resource_index/package_run_dependencies/test_custom_srv\n'}
[1.568166] (test_custom_srv) StdoutLine: {'line': b'-- Installing: /home/eragon/student133_ws/install/test_custom_srv/share/ament_index/resource_index/parent_prefix_path/test_custom_srv\n'}
[1.568271] (test_custom_srv) StdoutLine: {'line': b'-- Installing: /home/eragon/student133_ws/install/test_custom_srv/share/test_custom_srv/environment/ament_prefix_path.sh\n'}
[1.568367] (test_custom_srv) StdoutLine: {'line': b'-- Installing: /home/eragon/student133_ws/install/test_custom_srv/share/test_custom_srv/environment/ament_prefix_path.dsv\n'}
[1.568464] (test_custom_srv) StdoutLine: {'line': b'-- Installing: /home/eragon/student133_ws/install/test_custom_srv/share/test_custom_srv/environment/path.sh\n'}
[1.568559] (test_custom_srv) StdoutLine: {'line': b'-- Installing: /home/eragon/student133_ws/install/test_custom_srv/share/test_custom_srv/environment/path.dsv\n'}
[1.568654] (test_custom_srv) StdoutLine: {'line': b'-- Installing: /home/eragon/student133_ws/install/test_custom_srv/share/test_custom_srv/local_setup.bash\n'}
[1.568783] (test_custom_srv) StdoutLine: {'line': b'-- Installing: /home/eragon/student133_ws/install/test_custom_srv/share/test_custom_srv/local_setup.sh\n'}
[1.568883] (test_custom_srv) StdoutLine: {'line': b'-- Installing: /home/eragon/student133_ws/install/test_custom_srv/share/test_custom_srv/local_setup.zsh\n'}
[1.568978] (test_custom_srv) StdoutLine: {'line': b'-- Installing: /home/eragon/student133_ws/install/test_custom_srv/share/test_custom_srv/local_setup.dsv\n'}
[1.569139] (test_custom_srv) StdoutLine: {'line': b'-- Installing: /home/eragon/student133_ws/install/test_custom_srv/share/test_custom_srv/package.dsv\n'}
[1.569245] (test_custom_srv) StdoutLine: {'line': b'-- Installing: /home/eragon/student133_ws/install/test_custom_srv/share/ament_index/resource_index/packages/test_custom_srv\n'}
[1.569340] (test_custom_srv) StdoutLine: {'line': b'-- Installing: /home/eragon/student133_ws/install/test_custom_srv/share/test_custom_srv/cmake/export_test_custom_srv__rosidl_generator_cExport.cmake\n'}
[1.569436] (test_custom_srv) StdoutLine: {'line': b'-- Installing: /home/eragon/student133_ws/install/test_custom_srv/share/test_custom_srv/cmake/export_test_custom_srv__rosidl_generator_cExport-debug.cmake\n'}
[1.569531] (test_custom_srv) StdoutLine: {'line': b'-- Installing: /home/eragon/student133_ws/install/test_custom_srv/share/test_custom_srv/cmake/export_test_custom_srv__rosidl_typesupport_fastrtps_cExport.cmake\n'}
[1.569626] (test_custom_srv) StdoutLine: {'line': b'-- Installing: /home/eragon/student133_ws/install/test_custom_srv/share/test_custom_srv/cmake/export_test_custom_srv__rosidl_typesupport_fastrtps_cExport-debug.cmake\n'}
[1.569721] (test_custom_srv) StdoutLine: {'line': b'-- Installing: /home/eragon/student133_ws/install/test_custom_srv/share/test_custom_srv/cmake/test_custom_srv__rosidl_typesupport_introspection_cExport.cmake\n'}
[1.569814] (test_custom_srv) StdoutLine: {'line': b'-- Installing: /home/eragon/student133_ws/install/test_custom_srv/share/test_custom_srv/cmake/test_custom_srv__rosidl_typesupport_introspection_cExport-debug.cmake\n'}
[1.569910] (test_custom_srv) StdoutLine: {'line': b'-- Installing: /home/eragon/student133_ws/install/test_custom_srv/share/test_custom_srv/cmake/test_custom_srv__rosidl_typesupport_cExport.cmake\n'}
[1.570005] (test_custom_srv) StdoutLine: {'line': b'-- Installing: /home/eragon/student133_ws/install/test_custom_srv/share/test_custom_srv/cmake/test_custom_srv__rosidl_typesupport_cExport-debug.cmake\n'}
[1.570264] (test_custom_srv) StdoutLine: {'line': b'-- Installing: /home/eragon/student133_ws/install/test_custom_srv/share/test_custom_srv/cmake/export_test_custom_srv__rosidl_generator_cppExport.cmake\n'}
[1.570367] (test_custom_srv) StdoutLine: {'line': b'-- Installing: /home/eragon/student133_ws/install/test_custom_srv/share/test_custom_srv/cmake/export_test_custom_srv__rosidl_typesupport_fastrtps_cppExport.cmake\n'}
[1.570684] (test_custom_srv) StdoutLine: {'line': b'-- Installing: /home/eragon/student133_ws/install/test_custom_srv/share/test_custom_srv/cmake/export_test_custom_srv__rosidl_typesupport_fastrtps_cppExport-debug.cmake\n'}
[1.570781] (test_custom_srv) StdoutLine: {'line': b'-- Installing: /home/eragon/student133_ws/install/test_custom_srv/share/test_custom_srv/cmake/test_custom_srv__rosidl_typesupport_introspection_cppExport.cmake\n'}
[1.570874] (test_custom_srv) StdoutLine: {'line': b'-- Installing: /home/eragon/student133_ws/install/test_custom_srv/share/test_custom_srv/cmake/test_custom_srv__rosidl_typesupport_introspection_cppExport-debug.cmake\n'}
[1.570968] (test_custom_srv) StdoutLine: {'line': b'-- Installing: /home/eragon/student133_ws/install/test_custom_srv/share/test_custom_srv/cmake/test_custom_srv__rosidl_typesupport_cppExport.cmake\n'}
[1.571248] (test_custom_srv) StdoutLine: {'line': b'-- Installing: /home/eragon/student133_ws/install/test_custom_srv/share/test_custom_srv/cmake/test_custom_srv__rosidl_typesupport_cppExport-debug.cmake\n'}
[1.571360] (test_custom_srv) StdoutLine: {'line': b'-- Installing: /home/eragon/student133_ws/install/test_custom_srv/share/test_custom_srv/cmake/export_test_custom_srv__rosidl_generator_pyExport.cmake\n'}
[1.571455] (test_custom_srv) StdoutLine: {'line': b'-- Installing: /home/eragon/student133_ws/install/test_custom_srv/share/test_custom_srv/cmake/export_test_custom_srv__rosidl_generator_pyExport-debug.cmake\n'}
[1.571551] (test_custom_srv) StdoutLine: {'line': b'-- Installing: /home/eragon/student133_ws/install/test_custom_srv/share/test_custom_srv/cmake/rosidl_cmake-extras.cmake\n'}
[1.571646] (test_custom_srv) StdoutLine: {'line': b'-- Installing: /home/eragon/student133_ws/install/test_custom_srv/share/test_custom_srv/cmake/ament_cmake_export_include_directories-extras.cmake\n'}
[1.571740] (test_custom_srv) StdoutLine: {'line': b'-- Installing: /home/eragon/student133_ws/install/test_custom_srv/share/test_custom_srv/cmake/ament_cmake_export_libraries-extras.cmake\n'}
[1.571836] (test_custom_srv) StdoutLine: {'line': b'-- Installing: /home/eragon/student133_ws/install/test_custom_srv/share/test_custom_srv/cmake/ament_cmake_export_targets-extras.cmake\n'}
[1.571931] (test_custom_srv) StdoutLine: {'line': b'-- Installing: /home/eragon/student133_ws/install/test_custom_srv/share/test_custom_srv/cmake/rosidl_cmake_export_typesupport_targets-extras.cmake\n'}
[1.572051] (test_custom_srv) StdoutLine: {'line': b'-- Installing: /home/eragon/student133_ws/install/test_custom_srv/share/test_custom_srv/cmake/ament_cmake_export_dependencies-extras.cmake\n'}
[1.575972] (test_custom_publisher) JobEnded: {'identifier': 'test_custom_publisher', 'rc': 2}
[1.577640] (test_custom_srv) StdoutLine: {'line': b'-- Installing: /home/eragon/student133_ws/install/test_custom_srv/share/test_custom_srv/cmake/rosidl_cmake_export_typesupport_libraries-extras.cmake\n'}
[1.577880] (test_custom_srv) StdoutLine: {'line': b'-- Installing: /home/eragon/student133_ws/install/test_custom_srv/share/test_custom_srv/cmake/test_custom_srvConfig.cmake\n'}
[1.578010] (test_custom_srv) StdoutLine: {'line': b'-- Installing: /home/eragon/student133_ws/install/test_custom_srv/share/test_custom_srv/cmake/test_custom_srvConfig-version.cmake\n'}
[1.578165] (test_custom_srv) StdoutLine: {'line': b'-- Installing: /home/eragon/student133_ws/install/test_custom_srv/share/test_custom_srv/package.xml\n'}
[1.578295] (test_custom_srv) JobEnded: {'identifier': 'test_custom_srv', 'rc': 'SIGINT'}
[1.578828] (test_client) JobEnded: {'identifier': 'test_client', 'rc': 'SIGINT'}
[1.618062] (-) TimerEvent: {}
[1.689153] (test_service) StdoutLine: {'line': b"-- Using RMW implementation 'rmw_fastrtps_cpp' as default\n"}
[1.692433] (test_subscriber) StdoutLine: {'line': b"-- Using RMW implementation 'rmw_fastrtps_cpp' as default\n"}
[1.712512] (test_custom_msg) JobEnded: {'identifier': 'test_custom_msg', 'rc': 'SIGINT'}
[1.718186] (-) TimerEvent: {}
[1.771682] (test_service) StdoutLine: {'line': b'-- Found test_custom_srv: 0.0.0 (/home/eragon/student133_ws/install/test_custom_srv/share/test_custom_srv/cmake)\n'}
[1.775005] (test_subscriber) StdoutLine: {'line': b'-- Found test_custom_msg: 0.0.0 (/home/eragon/student133_ws/install/test_custom_msg/share/test_custom_msg/cmake)\n'}
[1.786745] (test_service) StdoutLine: {'line': b'-- Found ament_lint_auto: 0.12.11 (/opt/ros/humble/share/ament_lint_auto/cmake)\n'}
[1.818381] (-) TimerEvent: {}
[1.822612] (test_subscriber) StdoutLine: {'line': b'-- Found ament_lint_auto: 0.12.11 (/opt/ros/humble/share/ament_lint_auto/cmake)\n'}
[1.917421] (test_service) StdoutLine: {'line': b"-- Added test 'cppcheck' to perform static code analysis on C / C++ code\n"}
[1.917841] (test_service) StdoutLine: {'line': b'-- Configured cppcheck include dirs: \n'}
[1.918007] (test_service) StdoutLine: {'line': b'-- Configured cppcheck exclude dirs and/or files: \n'}
[1.918747] (-) TimerEvent: {}
[1.919331] (test_service) StdoutLine: {'line': b"-- Added test 'lint_cmake' to check CMake code style\n"}
[1.921140] (test_service) StdoutLine: {'line': b"-- Added test 'uncrustify' to check C / C++ code style\n"}
[1.921461] (test_service) StdoutLine: {'line': b'-- Configured uncrustify additional arguments: \n'}
[1.921985] (test_service) StdoutLine: {'line': b"-- Added test 'xmllint' to check XML markup files\n"}
[1.924203] (test_service) StdoutLine: {'line': b'-- Configuring done\n'}
[1.950751] (test_subscriber) StdoutLine: {'line': b"-- Added test 'cppcheck' to perform static code analysis on C / C++ code\n"}
[1.951092] (test_subscriber) StdoutLine: {'line': b'-- Configured cppcheck include dirs: \n'}
[1.951208] (test_subscriber) StdoutLine: {'line': b'-- Configured cppcheck exclude dirs and/or files: \n'}
[1.951943] (test_subscriber) StdoutLine: {'line': b"-- Added test 'lint_cmake' to check CMake code style\n"}
[1.953667] (test_subscriber) StdoutLine: {'line': b"-- Added test 'uncrustify' to check C / C++ code style\n"}
[1.953963] (test_subscriber) StdoutLine: {'line': b'-- Configured uncrustify additional arguments: \n'}
[1.954253] (test_subscriber) StdoutLine: {'line': b"-- Added test 'xmllint' to check XML markup files\n"}
[1.955890] (test_subscriber) StdoutLine: {'line': b'-- Configuring done\n'}
[1.965453] (test_service) StdoutLine: {'line': b'-- Generating done\n'}
[1.968907] (test_service) StdoutLine: {'line': b'-- Build files have been written to: /home/eragon/student133_ws/build/test_service\n'}
[1.998102] (test_subscriber) StdoutLine: {'line': b'-- Generating done\n'}
[2.001641] (test_subscriber) StdoutLine: {'line': b'-- Build files have been written to: /home/eragon/student133_ws/build/test_subscriber\n'}
[2.018791] (-) TimerEvent: {}
[2.026723] (test_service) StdoutLine: {'line': b'Consolidate compiler generated dependencies of target test_service_node\n'}
[2.027029] (test_service) StdoutLine: {'line': b'Consolidate compiler generated dependencies of target service_triangle\n'}
[2.050305] (test_service) StdoutLine: {'line': b'[ 50%] Building CXX object CMakeFiles/test_service_node.dir/src/test_service_node.cpp.o\n'}
[2.050599] (test_service) StdoutLine: {'line': b'[ 50%] Building CXX object CMakeFiles/service_triangle.dir/src/service_triangle.cpp.o\n'}
[2.052425] (test_subscriber) StdoutLine: {'line': b'Consolidate compiler generated dependencies of target Triangle_node\n'}
[2.052688] (test_subscriber) StdoutLine: {'line': b'Consolidate compiler generated dependencies of target test_subscriber_node\n'}
[2.075950] (test_subscriber) StdoutLine: {'line': b'[ 75%] Building CXX object CMakeFiles/Triangle_node.dir/src/subscriber_triangle.cpp.o\n'}
[2.076249] (test_subscriber) StdoutLine: {'line': b'[ 75%] Built target test_subscriber_node\n'}
[2.118923] (-) TimerEvent: {}
[2.219375] (-) TimerEvent: {}
[2.319803] (-) TimerEvent: {}
[2.420272] (-) TimerEvent: {}
[2.520737] (-) TimerEvent: {}
[2.621215] (-) TimerEvent: {}
[2.721712] (-) TimerEvent: {}
[2.822202] (-) TimerEvent: {}
[2.922688] (-) TimerEvent: {}
[3.023185] (-) TimerEvent: {}
[3.123670] (-) TimerEvent: {}
[3.224180] (-) TimerEvent: {}
[3.324641] (-) TimerEvent: {}
[3.425118] (-) TimerEvent: {}
[3.525593] (-) TimerEvent: {}
[3.626101] (-) TimerEvent: {}
[3.726589] (-) TimerEvent: {}
[3.827099] (-) TimerEvent: {}
[3.927563] (-) TimerEvent: {}
[4.028102] (-) TimerEvent: {}
[4.128550] (-) TimerEvent: {}
[4.228981] (-) TimerEvent: {}
[4.329506] (-) TimerEvent: {}
[4.430022] (-) TimerEvent: {}
[4.530501] (-) TimerEvent: {}
[4.630982] (-) TimerEvent: {}
[4.731469] (-) TimerEvent: {}
[4.831975] (-) TimerEvent: {}
[4.932506] (-) TimerEvent: {}
[5.033018] (-) TimerEvent: {}
[5.133520] (-) TimerEvent: {}
[5.234028] (-) TimerEvent: {}
[5.334520] (-) TimerEvent: {}
[5.434985] (-) TimerEvent: {}
[5.535479] (-) TimerEvent: {}
[5.635951] (-) TimerEvent: {}
[5.736433] (-) TimerEvent: {}
[5.836929] (-) TimerEvent: {}
[5.937434] (-) TimerEvent: {}
[6.037930] (-) TimerEvent: {}
[6.138509] (-) TimerEvent: {}
[6.238982] (-) TimerEvent: {}
[6.339480] (-) TimerEvent: {}
[6.439983] (-) TimerEvent: {}
[6.540492] (-) TimerEvent: {}
[6.640951] (-) TimerEvent: {}
[6.741446] (-) TimerEvent: {}
[6.841940] (-) TimerEvent: {}
[6.942420] (-) TimerEvent: {}
[7.042904] (-) TimerEvent: {}
[7.143411] (-) TimerEvent: {}
[7.243887] (-) TimerEvent: {}
[7.344491] (-) TimerEvent: {}
[7.444941] (-) TimerEvent: {}
[7.545422] (-) TimerEvent: {}
[7.645889] (-) TimerEvent: {}
[7.746404] (-) TimerEvent: {}
[7.846860] (-) TimerEvent: {}
[7.947319] (-) TimerEvent: {}
[8.047787] (-) TimerEvent: {}
[8.148330] (-) TimerEvent: {}
[8.248941] (-) TimerEvent: {}
[8.349447] (-) TimerEvent: {}
[8.449938] (-) TimerEvent: {}
[8.550445] (-) TimerEvent: {}
[8.650940] (-) TimerEvent: {}
[8.751445] (-) TimerEvent: {}
[8.851936] (-) TimerEvent: {}
[8.952445] (-) TimerEvent: {}
[9.052986] (-) TimerEvent: {}
[9.153799] (-) TimerEvent: {}
[9.254348] (-) TimerEvent: {}
[9.354860] (-) TimerEvent: {}
[9.455357] (-) TimerEvent: {}
[9.555841] (-) TimerEvent: {}
[9.656389] (-) TimerEvent: {}
[9.658821] (test_service) StdoutLine: {'line': b'[ 75%] Linking CXX executable test_service_node\n'}
[9.704180] (test_service) StdoutLine: {'line': b'[100%] Linking CXX executable service_triangle\n'}
[9.756544] (-) TimerEvent: {}
[9.857193] (-) TimerEvent: {}
[9.957773] (-) TimerEvent: {}
[10.040162] (test_service) StdoutLine: {'line': b'[100%] Built target test_service_node\n'}
[10.057573] (test_service) StdoutLine: {'line': b'[100%] Built target service_triangle\n'}
[10.057836] (-) TimerEvent: {}
[10.079318] (test_service) JobEnded: {'identifier': 'test_service', 'rc': 'SIGINT'}
[10.158024] (-) TimerEvent: {}
[10.258511] (-) TimerEvent: {}
[10.358979] (-) TimerEvent: {}
[10.459466] (-) TimerEvent: {}
[10.559934] (-) TimerEvent: {}
[10.660414] (-) TimerEvent: {}
[10.760877] (-) TimerEvent: {}
[10.861367] (-) TimerEvent: {}
[10.961838] (-) TimerEvent: {}
[11.062331] (-) TimerEvent: {}
[11.162801] (-) TimerEvent: {}
[11.263257] (-) TimerEvent: {}
[11.363705] (-) TimerEvent: {}
[11.464200] (-) TimerEvent: {}
[11.564663] (-) TimerEvent: {}
[11.665104] (-) TimerEvent: {}
[11.765574] (-) TimerEvent: {}
[11.865996] (-) TimerEvent: {}
[11.966472] (-) TimerEvent: {}
[12.066925] (-) TimerEvent: {}
[12.167413] (-) TimerEvent: {}
[12.267840] (-) TimerEvent: {}
[12.368281] (-) TimerEvent: {}
[12.468720] (-) TimerEvent: {}
[12.569424] (-) TimerEvent: {}
[12.669885] (-) TimerEvent: {}
[12.770359] (-) TimerEvent: {}
[12.870801] (-) TimerEvent: {}
[12.971284] (-) TimerEvent: {}
[13.071739] (-) TimerEvent: {}
[13.172181] (-) TimerEvent: {}
[13.272609] (-) TimerEvent: {}
[13.373076] (-) TimerEvent: {}
[13.473506] (-) TimerEvent: {}
[13.573942] (-) TimerEvent: {}
[13.674450] (-) TimerEvent: {}
[13.774882] (-) TimerEvent: {}
[13.875316] (-) TimerEvent: {}
[13.975780] (-) TimerEvent: {}
[14.076255] (-) TimerEvent: {}
[14.176658] (-) TimerEvent: {}
[14.277262] (-) TimerEvent: {}
[14.377993] (-) TimerEvent: {}
[14.478502] (-) TimerEvent: {}
[14.578943] (-) TimerEvent: {}
[14.679420] (-) TimerEvent: {}
[14.779833] (-) TimerEvent: {}
[14.880265] (-) TimerEvent: {}
[14.980699] (-) TimerEvent: {}
[15.081149] (-) TimerEvent: {}
[15.181590] (-) TimerEvent: {}
[15.282075] (-) TimerEvent: {}
[15.382522] (-) TimerEvent: {}
[15.482951] (-) TimerEvent: {}
[15.583417] (-) TimerEvent: {}
[15.683869] (-) TimerEvent: {}
[15.784351] (-) TimerEvent: {}
[15.884797] (-) TimerEvent: {}
[15.985285] (-) TimerEvent: {}
[16.085723] (-) TimerEvent: {}
[16.186178] (-) TimerEvent: {}
[16.286614] (-) TimerEvent: {}
[16.387074] (-) TimerEvent: {}
[16.487522] (-) TimerEvent: {}
[16.587955] (-) TimerEvent: {}
[16.688440] (-) TimerEvent: {}
[16.788859] (-) TimerEvent: {}
[16.889313] (-) TimerEvent: {}
[16.989764] (-) TimerEvent: {}
[17.090209] (-) TimerEvent: {}
[17.190657] (-) TimerEvent: {}
[17.291139] (-) TimerEvent: {}
[17.391571] (-) TimerEvent: {}
[17.492004] (-) TimerEvent: {}
[17.592500] (-) TimerEvent: {}
[17.692956] (-) TimerEvent: {}
[17.793433] (-) TimerEvent: {}
[17.893883] (-) TimerEvent: {}
[17.994365] (-) TimerEvent: {}
[18.094821] (-) TimerEvent: {}
[18.195455] (-) TimerEvent: {}
[18.295927] (-) TimerEvent: {}
[18.396385] (-) TimerEvent: {}
[18.496821] (-) TimerEvent: {}
[18.551581] (test_subscriber) StdoutLine: {'line': b'[100%] Linking CXX executable Triangle_node\n'}
[18.596962] (-) TimerEvent: {}
[18.697488] (-) TimerEvent: {}
[18.797961] (-) TimerEvent: {}
[18.898472] (-) TimerEvent: {}
[18.998935] (-) TimerEvent: {}
[19.099452] (-) TimerEvent: {}
[19.199933] (-) TimerEvent: {}
[19.300429] (-) TimerEvent: {}
[19.389979] (test_subscriber) StdoutLine: {'line': b'[100%] Built target Triangle_node\n'}
[19.400564] (-) TimerEvent: {}
[19.411989] (test_subscriber) JobEnded: {'identifier': 'test_subscriber', 'rc': 'SIGINT'}
[19.422673] (-) EventReactorShutdown: {}
