/home/robot33-6/student133_ws/src/test_client/src/test_client_node.cpp: In member function ‘void TestClient::response_callback(rclcpp::Client<test_custom_srv::srv::CircleSquare>::SharedFuture)’:
/home/robot33-6/student133_ws/src/test_client/src/test_client_node.cpp:54:52: error: ‘S’ was not declared in this scope
   54 |                          "Service in progress...");S
      |                                                    ^
gmake[2]: *** [CMakeFiles/test_client_node.dir/build.make:76: CMakeFiles/test_client_node.dir/src/test_client_node.cpp.o] Error 1
gmake[1]: *** [CMakeFiles/Makefile2:137: CMakeFiles/test_client_node.dir/all] Error 2
gmake: *** [Makefile:146: all] Error 2
