[0.414s] Invoking command in '/home/robot33-6/student133_ws/build/test_client': CMAKE_PREFIX_PATH=${CMAKE_PREFIX_PATH}:/opt/ros/humble /usr/bin/cmake --build /home/robot33-6/student133_ws/build/test_client -- -j8 -l8
[0.490s] Consolidate compiler generated dependencies of target test_client_node
[0.491s] [ 50%] Building CXX object CMakeFiles/test_client_node.dir/src/test_client_node.cpp.o
[2.593s] /home/robot33-6/student133_ws/src/test_client/src/test_client_node.cpp: In member function ‘void TestClient::response_callback(rclcpp::Client<test_custom_srv::srv::CircleSquare>::SharedFuture)’:
[2.593s] /home/robot33-6/student133_ws/src/test_client/src/test_client_node.cpp:54:52: error: ‘S’ was not declared in this scope
[2.593s]    54 |                          "Service in progress...");S
[2.594s]       |                                                    ^
[3.305s] gmake[2]: *** [CMakeFiles/test_client_node.dir/build.make:76: CMakeFiles/test_client_node.dir/src/test_client_node.cpp.o] Error 1
[3.305s] gmake[1]: *** [CMakeFiles/Makefile2:137: CMakeFiles/test_client_node.dir/all] Error 2
[3.305s] gmake: *** [Makefile:146: all] Error 2
[3.306s] Invoked command in '/home/robot33-6/student133_ws/build/test_client' returned '2': CMAKE_PREFIX_PATH=${CMAKE_PREFIX_PATH}:/opt/ros/humble /usr/bin/cmake --build /home/robot33-6/student133_ws/build/test_client -- -j8 -l8
