[0.218s] Invoking command in '/home/robot33-6/student133_ws/build/test_subscriber': CMAKE_PREFIX_PATH=${CMAKE_PREFIX_PATH}:/opt/ros/humble /usr/bin/cmake --build /home/robot33-6/student133_ws/build/test_subscriber -- -j8 -l8
[0.255s] Consolidate compiler generated dependencies of target test_subscriber_node
[0.328s] [ 50%] Building CXX object CMakeFiles/test_subscriber_node.dir/src/test_subscriber_node.cpp.o
[2.197s] /home/robot33-6/student133_ws/src/test_subscriber/src/test_subscriber_node.cpp: In constructor ‘TestSubscriber::TestSubscriber()’:
[2.197s] /home/robot33-6/student133_ws/src/test_subscriber/src/test_subscriber_node.cpp:30:29: error: class ‘TestSubscriber’ does not have any field named ‘counter’
[2.197s]    30 |     Node("test_subscriber"),counter(0)
[2.197s]       |                             ^~~~~~~
[2.203s] /home/robot33-6/student133_ws/src/test_subscriber/src/test_subscriber_node.cpp: In member function ‘void TestSubscriber::message_callback(const Int32&) const’:
[2.204s] /home/robot33-6/student133_ws/src/test_subscriber/src/test_subscriber_node.cpp:45:14: error: assignment of member ‘std_msgs::msg::Int32_<std::allocator<void> >::data’ in read-only object
[2.204s]    45 |     msg.data = counter++;
[2.204s]       |     ~~~~~~~~~^~~~~~~~~~~
[3.913s] gmake[2]: *** [CMakeFiles/test_subscriber_node.dir/build.make:76: CMakeFiles/test_subscriber_node.dir/src/test_subscriber_node.cpp.o] Error 1
[3.913s] gmake[1]: *** [CMakeFiles/Makefile2:137: CMakeFiles/test_subscriber_node.dir/all] Error 2
[3.913s] gmake: *** [Makefile:146: all] Error 2
[3.914s] Invoked command in '/home/robot33-6/student133_ws/build/test_subscriber' returned '2': CMAKE_PREFIX_PATH=${CMAKE_PREFIX_PATH}:/opt/ros/humble /usr/bin/cmake --build /home/robot33-6/student133_ws/build/test_subscriber -- -j8 -l8
