Consolidate compiler generated dependencies of target test_custom_publisher_node
Consolidate compiler generated dependencies of target Triangle_node
[ 25%] Linking CXX executable test_custom_publisher_node
[ 75%] Built target Triangle_node
/usr/bin/ld: CMakeFiles/test_custom_publisher_node.dir/src/test_custom_publisher.cpp.o: in function `std::enable_if<rosidl_generator_traits::is_message<test_custom_msg::msg::Circle_<std::allocator<void> > >::value, rosidl_message_type_support_t const&>::type rclcpp::get_message_type_support_handle<test_custom_msg::msg::Circle_<std::allocator<void> > >()':
/opt/ros/humble/include/rclcpp/rclcpp/get_message_type_support_handle.hpp:50: undefined reference to `rosidl_message_type_support_t const* rosidl_typesupport_cpp::get_message_type_support_handle<test_custom_msg::msg::Circle_<std::allocator<void> > >()'
collect2: error: ld returned 1 exit status
gmake[2]: *** [CMakeFiles/test_custom_publisher_node.dir/build.make:175: test_custom_publisher_node] Error 1
gmake[1]: *** [CMakeFiles/Makefile2:139: CMakeFiles/test_custom_publisher_node.dir/all] Error 2
gmake: *** [Makefile:146: all] Error 2
