[0.000000] (-) TimerEvent: {}
[0.000085] (test_client) JobQueued: {'identifier': 'test_client', 'dependencies': OrderedDict()}
[0.000111] (test_custom_msg) JobQueued: {'identifier': 'test_custom_msg', 'dependencies': OrderedDict()}
[0.000127] (test_custom_publisher) JobQueued: {'identifier': 'test_custom_publisher', 'dependencies': OrderedDict()}
[0.000142] (test_custom_srv) JobQueued: {'identifier': 'test_custom_srv', 'dependencies': OrderedDict()}
[0.000156] (test_parameters) JobQueued: {'identifier': 'test_parameters', 'dependencies': OrderedDict()}
[0.000170] (test_pkg) JobQueued: {'identifier': 'test_pkg', 'dependencies': OrderedDict()}
[0.000184] (test_publisher) JobQueued: {'identifier': 'test_publisher', 'dependencies': OrderedDict()}
[0.000197] (test_service) JobQueued: {'identifier': 'test_service', 'dependencies': OrderedDict()}
[0.000210] (test_subscriber) JobQueued: {'identifier': 'test_subscriber', 'dependencies': OrderedDict()}
[0.000224] (test_visualization) JobQueued: {'identifier': 'test_visualization', 'dependencies': OrderedDict()}
[0.000237] (test_client) JobStarted: {'identifier': 'test_client'}
[0.051440] (test_custom_msg) JobStarted: {'identifier': 'test_custom_msg'}
[0.099355] (-) TimerEvent: {}
[0.100974] (test_custom_publisher) JobStarted: {'identifier': 'test_custom_publisher'}
[0.159053] (test_custom_srv) JobStarted: {'identifier': 'test_custom_srv'}
[0.199459] (-) TimerEvent: {}
[0.208918] (test_parameters) JobStarted: {'identifier': 'test_parameters'}
[0.259191] (test_pkg) JobStarted: {'identifier': 'test_pkg'}
[0.299608] (-) TimerEvent: {}
[0.309083] (test_publisher) JobStarted: {'identifier': 'test_publisher'}
[0.358873] (test_service) JobStarted: {'identifier': 'test_service'}
[0.399717] (-) TimerEvent: {}
[0.410627] (test_client) JobProgress: {'identifier': 'test_client', 'progress': 'cmake'}
[0.412053] (test_client) JobProgress: {'identifier': 'test_client', 'progress': 'build'}
[0.412099] (test_client) Command: {'cmd': ['/usr/bin/cmake', '--build', '/home/robot33-6/student133_ws/build/test_client', '--', '-j8', '-l8'], 'cwd': '/home/robot33-6/student133_ws/build/test_client', 'env': OrderedDict([('GJS_DEBUG_TOPICS', 'JS ERROR;JS LOG'), ('LC_TIME', 'ru_RU.UTF-8'), ('SNAP_COMMON', '/var/snap/qtcreator-ros/common'), ('SNAP_INSTANCE_KEY', ''), ('USER', 'robot33-6'), ('XDG_SESSION_TYPE', 'wayland'), ('LD_LIBRARY_PATH', '/home/robot33-6/student133_ws/install/test_custom_srv/lib:/home/robot33-6/student133_ws/install/test_custom_msg/lib:/opt/ros/humble/opt/rviz_ogre_vendor/lib:/opt/ros/humble/lib/x86_64-linux-gnu:/opt/ros/humble/lib:/snap/qtcreator-ros/107/lib:/snap/qtcreator-ros/107/usr/lib/x86_64-linux-gnu'), ('SHLVL', '331'), ('SNAP_UID', '1000'), ('HOME', '/home/robot33-6'), ('SNAP_LIBRARY_PATH', '/var/lib/snapd/lib/gl:/var/lib/snapd/lib/gl32:/var/lib/snapd/void'), ('DESKTOP_SESSION', 'ubuntu'), ('QTDIR', '/usr/lib/x86_64-linux-gnu/qt5'), ('SNAP_USER_DATA', '/home/robot33-6/snap/qtcreator-ros/107'), ('GIO_LAUNCHED_DESKTOP_FILE', '/var/lib/snapd/desktop/applications/qtcreator-ros_qtcreator-ros.desktop'), ('GNOME_SHELL_SESSION_MODE', 'ubuntu'), ('GTK_MODULES', 'gail:atk-bridge'), ('ROS_PYTHON_VERSION', '3'), ('LC_MONETARY', 'ru_RU.UTF-8'), ('MANAGERPID', '1373'), ('DBUS_SESSION_BUS_ADDRESS', 'unix:path=/run/user/1000/bus'), ('SYSTEMD_EXEC_PID', '1587'), ('GIO_LAUNCHED_DESKTOP_FILE_PID', '3050'), ('SNAP_REVISION', '107'), ('COLCON_PREFIX_PATH', '/home/robot33-6/student133_ws/install'), ('IM_CONFIG_PHASE', '1'), ('ROS_DISTRO', 'humble'), ('WAYLAND_DISPLAY', 'wayland-0'), ('LOGNAME', 'robot33-6'), ('JOURNAL_STREAM', '8:26382'), ('SNAP_CONTEXT', 'zfxwyVEa0dSM0vT388UHnSyWy-Mv84K8RE-CWR0OLT2wc9JrOksa'), ('_', '/usr/bin/env'), ('ROS_VERSION', '2'), ('SNAP_VERSION', '12.0.2'), ('XDG_SESSION_CLASS', 'user'), ('TERM', 'xterm'), ('USERNAME', 'robot33-6'), ('GNOME_DESKTOP_SESSION_ID', 'this-is-deprecated'), ('ROS_LOCALHOST_ONLY', '0'), ('SNAP_INSTANCE_NAME', 'qtcreator-ros'), ('PATH', '/opt/ros/humble/bin:/usr/local/sbin:/usr/local/bin:/usr/sbin:/usr/bin:/sbin:/bin:/usr/games:/usr/local/games:/snap/bin:/snap/bin'), ('INVOCATION_ID', '8be6e9d5a46c4dde9fbe4351f65a98da'), ('SESSION_MANAGER', 'local/robot33-6:@/tmp/.ICE-unix/1547,unix/robot33-6:/tmp/.ICE-unix/1547'), ('BAMF_DESKTOP_FILE_HINT', '/var/lib/snapd/desktop/applications/qtcreator-ros_qtcreator-ros.desktop'), ('GNOME_SETUP_DISPLAY', ':1'), ('LC_ADDRESS', 'ru_RU.UTF-8'), ('SNAP_DATA', '/var/snap/qtcreator-ros/107'), ('XDG_MENU_PREFIX', 'gnome-'), ('XDG_RUNTIME_DIR', '/run/user/1000'), ('DISPLAY', ':0'), ('LANG', 'en_US.UTF-8'), ('LC_TELEPHONE', 'ru_RU.UTF-8'), ('XDG_CURRENT_DESKTOP', 'ubuntu:GNOME'), ('XAUTHORITY', '/run/user/1000/.mutter-Xwaylandauth.NV73K2'), ('XDG_SESSION_DESKTOP', 'ubuntu'), ('XMODIFIERS', '@im=ibus'), ('AMENT_PREFIX_PATH', '/home/robot33-6/student133_ws/install/test_visualization:/home/robot33-6/student133_ws/install/test_parameters:/home/robot33-6/student133_ws/install/test_client:/home/robot33-6/student133_ws/install/test_service:/home/robot33-6/student133_ws/install/test_custom_srv:/home/robot33-6/student133_ws/install/test_custom_publisher:/home/robot33-6/student133_ws/install/test_castom_publisher:/home/robot33-6/student133_ws/install/test_custom_msg:/home/robot33-6/student133_ws/install/test_subscriber:/home/robot33-6/student133_ws/install/test_publisher:/home/robot33-6/student133_ws/install/test_pkg:/opt/ros/humble'), ('SNAP_ARCH', 'amd64'), ('SNAP_COOKIE', 'zfxwyVEa0dSM0vT388UHnSyWy-Mv84K8RE-CWR0OLT2wc9JrOksa'), ('SNAP_USER_COMMON', '/home/robot33-6/snap/qtcreator-ros/common'), ('SSH_AGENT_LAUNCHER', 'gnome-keyring'), ('SSH_AUTH_SOCK', '/run/user/1000/keyring/ssh'), ('LC_NAME', 'ru_RU.UTF-8'), ('SHELL', '/bin/bash'), ('GDMSESSION', 'ubuntu'), ('QT_ACCESSIBILITY', '1'), ('SNAP_REEXEC', ''), ('SNAP_NAME', 'qtcreator-ros'), ('LC_MEASUREMENT', 'ru_RU.UTF-8'), ('GJS_DEBUG_OUTPUT', 'stderr'), ('LC_IDENTIFICATION', 'ru_RU.UTF-8'), ('QT_IM_MODULE', 'ibus'), ('PWD', '/home/robot33-6/student133_ws/build/test_client'), ('QT_QPA_PLATFORM', 'wayland;xcb'), ('SNAP_REAL_HOME', '/home/robot33-6'), ('XDG_CONFIG_DIRS', '/etc/xdg/xdg-ubuntu:/etc/xdg'), ('XDG_DATA_DIRS', '/usr/share/ubuntu:/usr/local/share/:/usr/share/:/var/lib/snapd/desktop'), ('LC_NUMERIC', 'ru_RU.UTF-8'), ('PYTHONPATH', '/home/robot33-6/student133_ws/install/test_custom_srv/local/lib/python3.10/dist-packages:/home/robot33-6/student133_ws/install/test_custom_msg/local/lib/python3.10/dist-packages:/opt/ros/humble/lib/python3.10/site-packages:/opt/ros/humble/local/lib/python3.10/dist-packages'), ('SNAP', '/snap/qtcreator-ros/107'), ('SNAP_EUID', '1000'), ('LC_PAPER', 'ru_RU.UTF-8'), ('COLCON', '1'), ('CMAKE_PREFIX_PATH', '/home/robot33-6/student133_ws/install/test_visualization:/home/robot33-6/student133_ws/install/test_parameters:/home/robot33-6/student133_ws/install/test_client:/home/robot33-6/student133_ws/install/test_service:/home/robot33-6/student133_ws/install/test_custom_srv:/home/robot33-6/student133_ws/install/test_custom_publisher:/home/robot33-6/student133_ws/install/test_castom_publisher:/home/robot33-6/student133_ws/install/test_custom_msg:/home/robot33-6/student133_ws/install/test_subscriber:/home/robot33-6/student133_ws/install/test_publisher:/home/robot33-6/student133_ws/install/test_pkg:/opt/ros/humble'), ('LIBGL_DRIVERS_PATH', '/snap/qtcreator-ros/107/usr/lib/x86_64-linux-gnu/dri')]), 'shell': False}
[0.413301] (test_custom_msg) JobProgress: {'identifier': 'test_custom_msg', 'progress': 'cmake'}
[0.413326] (test_custom_msg) JobProgress: {'identifier': 'test_custom_msg', 'progress': 'build'}
[0.413343] (test_custom_msg) Command: {'cmd': ['/usr/bin/cmake', '--build', '/home/robot33-6/student133_ws/build/test_custom_msg', '--', '-j8', '-l8'], 'cwd': '/home/robot33-6/student133_ws/build/test_custom_msg', 'env': OrderedDict([('GJS_DEBUG_TOPICS', 'JS ERROR;JS LOG'), ('LC_TIME', 'ru_RU.UTF-8'), ('SNAP_COMMON', '/var/snap/qtcreator-ros/common'), ('SNAP_INSTANCE_KEY', ''), ('USER', 'robot33-6'), ('XDG_SESSION_TYPE', 'wayland'), ('LD_LIBRARY_PATH', '/home/robot33-6/student133_ws/install/test_custom_srv/lib:/home/robot33-6/student133_ws/install/test_custom_msg/lib:/opt/ros/humble/opt/rviz_ogre_vendor/lib:/opt/ros/humble/lib/x86_64-linux-gnu:/opt/ros/humble/lib:/snap/qtcreator-ros/107/lib:/snap/qtcreator-ros/107/usr/lib/x86_64-linux-gnu'), ('SHLVL', '331'), ('SNAP_UID', '1000'), ('HOME', '/home/robot33-6'), ('SNAP_LIBRARY_PATH', '/var/lib/snapd/lib/gl:/var/lib/snapd/lib/gl32:/var/lib/snapd/void'), ('DESKTOP_SESSION', 'ubuntu'), ('QTDIR', '/usr/lib/x86_64-linux-gnu/qt5'), ('SNAP_USER_DATA', '/home/robot33-6/snap/qtcreator-ros/107'), ('GIO_LAUNCHED_DESKTOP_FILE', '/var/lib/snapd/desktop/applications/qtcreator-ros_qtcreator-ros.desktop'), ('GNOME_SHELL_SESSION_MODE', 'ubuntu'), ('GTK_MODULES', 'gail:atk-bridge'), ('ROS_PYTHON_VERSION', '3'), ('LC_MONETARY', 'ru_RU.UTF-8'), ('MANAGERPID', '1373'), ('DBUS_SESSION_BUS_ADDRESS', 'unix:path=/run/user/1000/bus'), ('SYSTEMD_EXEC_PID', '1587'), ('GIO_LAUNCHED_DESKTOP_FILE_PID', '3050'), ('SNAP_REVISION', '107'), ('COLCON_PREFIX_PATH', '/home/robot33-6/student133_ws/install'), ('IM_CONFIG_PHASE', '1'), ('ROS_DISTRO', 'humble'), ('WAYLAND_DISPLAY', 'wayland-0'), ('LOGNAME', 'robot33-6'), ('JOURNAL_STREAM', '8:26382'), ('SNAP_CONTEXT', 'zfxwyVEa0dSM0vT388UHnSyWy-Mv84K8RE-CWR0OLT2wc9JrOksa'), ('_', '/usr/bin/env'), ('ROS_VERSION', '2'), ('SNAP_VERSION', '12.0.2'), ('XDG_SESSION_CLASS', 'user'), ('TERM', 'xterm'), ('USERNAME', 'robot33-6'), ('GNOME_DESKTOP_SESSION_ID', 'this-is-deprecated'), ('ROS_LOCALHOST_ONLY', '0'), ('SNAP_INSTANCE_NAME', 'qtcreator-ros'), ('PATH', '/opt/ros/humble/bin:/usr/local/sbin:/usr/local/bin:/usr/sbin:/usr/bin:/sbin:/bin:/usr/games:/usr/local/games:/snap/bin:/snap/bin'), ('INVOCATION_ID', '8be6e9d5a46c4dde9fbe4351f65a98da'), ('SESSION_MANAGER', 'local/robot33-6:@/tmp/.ICE-unix/1547,unix/robot33-6:/tmp/.ICE-unix/1547'), ('BAMF_DESKTOP_FILE_HINT', '/var/lib/snapd/desktop/applications/qtcreator-ros_qtcreator-ros.desktop'), ('GNOME_SETUP_DISPLAY', ':1'), ('LC_ADDRESS', 'ru_RU.UTF-8'), ('SNAP_DATA', '/var/snap/qtcreator-ros/107'), ('XDG_MENU_PREFIX', 'gnome-'), ('XDG_RUNTIME_DIR', '/run/user/1000'), ('DISPLAY', ':0'), ('LANG', 'en_US.UTF-8'), ('LC_TELEPHONE', 'ru_RU.UTF-8'), ('XDG_CURRENT_DESKTOP', 'ubuntu:GNOME'), ('XAUTHORITY', '/run/user/1000/.mutter-Xwaylandauth.NV73K2'), ('XDG_SESSION_DESKTOP', 'ubuntu'), ('XMODIFIERS', '@im=ibus'), ('AMENT_PREFIX_PATH', '/home/robot33-6/student133_ws/install/test_visualization:/home/robot33-6/student133_ws/install/test_parameters:/home/robot33-6/student133_ws/install/test_client:/home/robot33-6/student133_ws/install/test_service:/home/robot33-6/student133_ws/install/test_custom_srv:/home/robot33-6/student133_ws/install/test_custom_publisher:/home/robot33-6/student133_ws/install/test_castom_publisher:/home/robot33-6/student133_ws/install/test_custom_msg:/home/robot33-6/student133_ws/install/test_subscriber:/home/robot33-6/student133_ws/install/test_publisher:/home/robot33-6/student133_ws/install/test_pkg:/opt/ros/humble'), ('SNAP_ARCH', 'amd64'), ('SNAP_COOKIE', 'zfxwyVEa0dSM0vT388UHnSyWy-Mv84K8RE-CWR0OLT2wc9JrOksa'), ('SNAP_USER_COMMON', '/home/robot33-6/snap/qtcreator-ros/common'), ('SSH_AGENT_LAUNCHER', 'gnome-keyring'), ('SSH_AUTH_SOCK', '/run/user/1000/keyring/ssh'), ('LC_NAME', 'ru_RU.UTF-8'), ('SHELL', '/bin/bash'), ('GDMSESSION', 'ubuntu'), ('QT_ACCESSIBILITY', '1'), ('SNAP_REEXEC', ''), ('SNAP_NAME', 'qtcreator-ros'), ('LC_MEASUREMENT', 'ru_RU.UTF-8'), ('GJS_DEBUG_OUTPUT', 'stderr'), ('LC_IDENTIFICATION', 'ru_RU.UTF-8'), ('QT_IM_MODULE', 'ibus'), ('PWD', '/home/robot33-6/student133_ws/build/test_custom_msg'), ('QT_QPA_PLATFORM', 'wayland;xcb'), ('SNAP_REAL_HOME', '/home/robot33-6'), ('XDG_CONFIG_DIRS', '/etc/xdg/xdg-ubuntu:/etc/xdg'), ('XDG_DATA_DIRS', '/usr/share/ubuntu:/usr/local/share/:/usr/share/:/var/lib/snapd/desktop'), ('LC_NUMERIC', 'ru_RU.UTF-8'), ('PYTHONPATH', '/home/robot33-6/student133_ws/install/test_custom_srv/local/lib/python3.10/dist-packages:/home/robot33-6/student133_ws/install/test_custom_msg/local/lib/python3.10/dist-packages:/opt/ros/humble/lib/python3.10/site-packages:/opt/ros/humble/local/lib/python3.10/dist-packages'), ('SNAP', '/snap/qtcreator-ros/107'), ('SNAP_EUID', '1000'), ('LC_PAPER', 'ru_RU.UTF-8'), ('COLCON', '1'), ('CMAKE_PREFIX_PATH', '/home/robot33-6/student133_ws/install/test_visualization:/home/robot33-6/student133_ws/install/test_parameters:/home/robot33-6/student133_ws/install/test_client:/home/robot33-6/student133_ws/install/test_service:/home/robot33-6/student133_ws/install/test_custom_srv:/home/robot33-6/student133_ws/install/test_custom_publisher:/home/robot33-6/student133_ws/install/test_castom_publisher:/home/robot33-6/student133_ws/install/test_custom_msg:/home/robot33-6/student133_ws/install/test_subscriber:/home/robot33-6/student133_ws/install/test_publisher:/home/robot33-6/student133_ws/install/test_pkg:/opt/ros/humble'), ('LIBGL_DRIVERS_PATH', '/snap/qtcreator-ros/107/usr/lib/x86_64-linux-gnu/dri')]), 'shell': False}
[0.415025] (test_custom_publisher) JobProgress: {'identifier': 'test_custom_publisher', 'progress': 'cmake'}
[0.415594] (test_custom_publisher) JobProgress: {'identifier': 'test_custom_publisher', 'progress': 'build'}
[0.415645] (test_custom_publisher) Command: {'cmd': ['/usr/bin/cmake', '--build', '/home/robot33-6/student133_ws/build/test_custom_publisher', '--', '-j8', '-l8'], 'cwd': '/home/robot33-6/student133_ws/build/test_custom_publisher', 'env': OrderedDict([('GJS_DEBUG_TOPICS', 'JS ERROR;JS LOG'), ('LC_TIME', 'ru_RU.UTF-8'), ('SNAP_COMMON', '/var/snap/qtcreator-ros/common'), ('SNAP_INSTANCE_KEY', ''), ('USER', 'robot33-6'), ('XDG_SESSION_TYPE', 'wayland'), ('LD_LIBRARY_PATH', '/home/robot33-6/student133_ws/install/test_custom_srv/lib:/home/robot33-6/student133_ws/install/test_custom_msg/lib:/opt/ros/humble/opt/rviz_ogre_vendor/lib:/opt/ros/humble/lib/x86_64-linux-gnu:/opt/ros/humble/lib:/snap/qtcreator-ros/107/lib:/snap/qtcreator-ros/107/usr/lib/x86_64-linux-gnu'), ('SHLVL', '331'), ('SNAP_UID', '1000'), ('HOME', '/home/robot33-6'), ('SNAP_LIBRARY_PATH', '/var/lib/snapd/lib/gl:/var/lib/snapd/lib/gl32:/var/lib/snapd/void'), ('DESKTOP_SESSION', 'ubuntu'), ('QTDIR', '/usr/lib/x86_64-linux-gnu/qt5'), ('SNAP_USER_DATA', '/home/robot33-6/snap/qtcreator-ros/107'), ('GIO_LAUNCHED_DESKTOP_FILE', '/var/lib/snapd/desktop/applications/qtcreator-ros_qtcreator-ros.desktop'), ('GNOME_SHELL_SESSION_MODE', 'ubuntu'), ('GTK_MODULES', 'gail:atk-bridge'), ('ROS_PYTHON_VERSION', '3'), ('LC_MONETARY', 'ru_RU.UTF-8'), ('MANAGERPID', '1373'), ('DBUS_SESSION_BUS_ADDRESS', 'unix:path=/run/user/1000/bus'), ('SYSTEMD_EXEC_PID', '1587'), ('GIO_LAUNCHED_DESKTOP_FILE_PID', '3050'), ('SNAP_REVISION', '107'), ('COLCON_PREFIX_PATH', '/home/robot33-6/student133_ws/install'), ('IM_CONFIG_PHASE', '1'), ('ROS_DISTRO', 'humble'), ('WAYLAND_DISPLAY', 'wayland-0'), ('LOGNAME', 'robot33-6'), ('JOURNAL_STREAM', '8:26382'), ('SNAP_CONTEXT', 'zfxwyVEa0dSM0vT388UHnSyWy-Mv84K8RE-CWR0OLT2wc9JrOksa'), ('_', '/usr/bin/env'), ('ROS_VERSION', '2'), ('SNAP_VERSION', '12.0.2'), ('XDG_SESSION_CLASS', 'user'), ('TERM', 'xterm'), ('USERNAME', 'robot33-6'), ('GNOME_DESKTOP_SESSION_ID', 'this-is-deprecated'), ('ROS_LOCALHOST_ONLY', '0'), ('SNAP_INSTANCE_NAME', 'qtcreator-ros'), ('PATH', '/opt/ros/humble/bin:/usr/local/sbin:/usr/local/bin:/usr/sbin:/usr/bin:/sbin:/bin:/usr/games:/usr/local/games:/snap/bin:/snap/bin'), ('INVOCATION_ID', '8be6e9d5a46c4dde9fbe4351f65a98da'), ('SESSION_MANAGER', 'local/robot33-6:@/tmp/.ICE-unix/1547,unix/robot33-6:/tmp/.ICE-unix/1547'), ('BAMF_DESKTOP_FILE_HINT', '/var/lib/snapd/desktop/applications/qtcreator-ros_qtcreator-ros.desktop'), ('GNOME_SETUP_DISPLAY', ':1'), ('LC_ADDRESS', 'ru_RU.UTF-8'), ('SNAP_DATA', '/var/snap/qtcreator-ros/107'), ('XDG_MENU_PREFIX', 'gnome-'), ('XDG_RUNTIME_DIR', '/run/user/1000'), ('DISPLAY', ':0'), ('LANG', 'en_US.UTF-8'), ('LC_TELEPHONE', 'ru_RU.UTF-8'), ('XDG_CURRENT_DESKTOP', 'ubuntu:GNOME'), ('XAUTHORITY', '/run/user/1000/.mutter-Xwaylandauth.NV73K2'), ('XDG_SESSION_DESKTOP', 'ubuntu'), ('XMODIFIERS', '@im=ibus'), ('AMENT_PREFIX_PATH', '/home/robot33-6/student133_ws/install/test_visualization:/home/robot33-6/student133_ws/install/test_parameters:/home/robot33-6/student133_ws/install/test_client:/home/robot33-6/student133_ws/install/test_service:/home/robot33-6/student133_ws/install/test_custom_srv:/home/robot33-6/student133_ws/install/test_custom_publisher:/home/robot33-6/student133_ws/install/test_castom_publisher:/home/robot33-6/student133_ws/install/test_custom_msg:/home/robot33-6/student133_ws/install/test_subscriber:/home/robot33-6/student133_ws/install/test_publisher:/home/robot33-6/student133_ws/install/test_pkg:/opt/ros/humble'), ('SNAP_ARCH', 'amd64'), ('SNAP_COOKIE', 'zfxwyVEa0dSM0vT388UHnSyWy-Mv84K8RE-CWR0OLT2wc9JrOksa'), ('SNAP_USER_COMMON', '/home/robot33-6/snap/qtcreator-ros/common'), ('SSH_AGENT_LAUNCHER', 'gnome-keyring'), ('SSH_AUTH_SOCK', '/run/user/1000/keyring/ssh'), ('LC_NAME', 'ru_RU.UTF-8'), ('SHELL', '/bin/bash'), ('GDMSESSION', 'ubuntu'), ('QT_ACCESSIBILITY', '1'), ('SNAP_REEXEC', ''), ('SNAP_NAME', 'qtcreator-ros'), ('LC_MEASUREMENT', 'ru_RU.UTF-8'), ('GJS_DEBUG_OUTPUT', 'stderr'), ('LC_IDENTIFICATION', 'ru_RU.UTF-8'), ('QT_IM_MODULE', 'ibus'), ('PWD', '/home/robot33-6/student133_ws/build/test_custom_publisher'), ('QT_QPA_PLATFORM', 'wayland;xcb'), ('SNAP_REAL_HOME', '/home/robot33-6'), ('XDG_CONFIG_DIRS', '/etc/xdg/xdg-ubuntu:/etc/xdg'), ('XDG_DATA_DIRS', '/usr/share/ubuntu:/usr/local/share/:/usr/share/:/var/lib/snapd/desktop'), ('LC_NUMERIC', 'ru_RU.UTF-8'), ('PYTHONPATH', '/home/robot33-6/student133_ws/install/test_custom_srv/local/lib/python3.10/dist-packages:/home/robot33-6/student133_ws/install/test_custom_msg/local/lib/python3.10/dist-packages:/opt/ros/humble/lib/python3.10/site-packages:/opt/ros/humble/local/lib/python3.10/dist-packages'), ('SNAP', '/snap/qtcreator-ros/107'), ('SNAP_EUID', '1000'), ('LC_PAPER', 'ru_RU.UTF-8'), ('COLCON', '1'), ('CMAKE_PREFIX_PATH', '/home/robot33-6/student133_ws/install/test_visualization:/home/robot33-6/student133_ws/install/test_parameters:/home/robot33-6/student133_ws/install/test_client:/home/robot33-6/student133_ws/install/test_service:/home/robot33-6/student133_ws/install/test_custom_srv:/home/robot33-6/student133_ws/install/test_custom_publisher:/home/robot33-6/student133_ws/install/test_castom_publisher:/home/robot33-6/student133_ws/install/test_custom_msg:/home/robot33-6/student133_ws/install/test_subscriber:/home/robot33-6/student133_ws/install/test_publisher:/home/robot33-6/student133_ws/install/test_pkg:/opt/ros/humble'), ('LIBGL_DRIVERS_PATH', '/snap/qtcreator-ros/107/usr/lib/x86_64-linux-gnu/dri')]), 'shell': False}
[0.417615] (test_custom_srv) JobProgress: {'identifier': 'test_custom_srv', 'progress': 'cmake'}
[0.417995] (test_custom_srv) JobProgress: {'identifier': 'test_custom_srv', 'progress': 'build'}
[0.418068] (test_custom_srv) Command: {'cmd': ['/usr/bin/cmake', '--build', '/home/robot33-6/student133_ws/build/test_custom_srv', '--', '-j8', '-l8'], 'cwd': '/home/robot33-6/student133_ws/build/test_custom_srv', 'env': OrderedDict([('GJS_DEBUG_TOPICS', 'JS ERROR;JS LOG'), ('LC_TIME', 'ru_RU.UTF-8'), ('SNAP_COMMON', '/var/snap/qtcreator-ros/common'), ('SNAP_INSTANCE_KEY', ''), ('USER', 'robot33-6'), ('XDG_SESSION_TYPE', 'wayland'), ('LD_LIBRARY_PATH', '/home/robot33-6/student133_ws/install/test_custom_srv/lib:/home/robot33-6/student133_ws/install/test_custom_msg/lib:/opt/ros/humble/opt/rviz_ogre_vendor/lib:/opt/ros/humble/lib/x86_64-linux-gnu:/opt/ros/humble/lib:/snap/qtcreator-ros/107/lib:/snap/qtcreator-ros/107/usr/lib/x86_64-linux-gnu'), ('SHLVL', '331'), ('SNAP_UID', '1000'), ('HOME', '/home/robot33-6'), ('SNAP_LIBRARY_PATH', '/var/lib/snapd/lib/gl:/var/lib/snapd/lib/gl32:/var/lib/snapd/void'), ('DESKTOP_SESSION', 'ubuntu'), ('QTDIR', '/usr/lib/x86_64-linux-gnu/qt5'), ('SNAP_USER_DATA', '/home/robot33-6/snap/qtcreator-ros/107'), ('GIO_LAUNCHED_DESKTOP_FILE', '/var/lib/snapd/desktop/applications/qtcreator-ros_qtcreator-ros.desktop'), ('GNOME_SHELL_SESSION_MODE', 'ubuntu'), ('GTK_MODULES', 'gail:atk-bridge'), ('ROS_PYTHON_VERSION', '3'), ('LC_MONETARY', 'ru_RU.UTF-8'), ('MANAGERPID', '1373'), ('DBUS_SESSION_BUS_ADDRESS', 'unix:path=/run/user/1000/bus'), ('SYSTEMD_EXEC_PID', '1587'), ('GIO_LAUNCHED_DESKTOP_FILE_PID', '3050'), ('SNAP_REVISION', '107'), ('COLCON_PREFIX_PATH', '/home/robot33-6/student133_ws/install'), ('IM_CONFIG_PHASE', '1'), ('ROS_DISTRO', 'humble'), ('WAYLAND_DISPLAY', 'wayland-0'), ('LOGNAME', 'robot33-6'), ('JOURNAL_STREAM', '8:26382'), ('SNAP_CONTEXT', 'zfxwyVEa0dSM0vT388UHnSyWy-Mv84K8RE-CWR0OLT2wc9JrOksa'), ('_', '/usr/bin/env'), ('ROS_VERSION', '2'), ('SNAP_VERSION', '12.0.2'), ('XDG_SESSION_CLASS', 'user'), ('TERM', 'xterm'), ('USERNAME', 'robot33-6'), ('GNOME_DESKTOP_SESSION_ID', 'this-is-deprecated'), ('ROS_LOCALHOST_ONLY', '0'), ('SNAP_INSTANCE_NAME', 'qtcreator-ros'), ('PATH', '/opt/ros/humble/bin:/usr/local/sbin:/usr/local/bin:/usr/sbin:/usr/bin:/sbin:/bin:/usr/games:/usr/local/games:/snap/bin:/snap/bin'), ('INVOCATION_ID', '8be6e9d5a46c4dde9fbe4351f65a98da'), ('SESSION_MANAGER', 'local/robot33-6:@/tmp/.ICE-unix/1547,unix/robot33-6:/tmp/.ICE-unix/1547'), ('BAMF_DESKTOP_FILE_HINT', '/var/lib/snapd/desktop/applications/qtcreator-ros_qtcreator-ros.desktop'), ('GNOME_SETUP_DISPLAY', ':1'), ('LC_ADDRESS', 'ru_RU.UTF-8'), ('SNAP_DATA', '/var/snap/qtcreator-ros/107'), ('XDG_MENU_PREFIX', 'gnome-'), ('XDG_RUNTIME_DIR', '/run/user/1000'), ('DISPLAY', ':0'), ('LANG', 'en_US.UTF-8'), ('LC_TELEPHONE', 'ru_RU.UTF-8'), ('XDG_CURRENT_DESKTOP', 'ubuntu:GNOME'), ('XAUTHORITY', '/run/user/1000/.mutter-Xwaylandauth.NV73K2'), ('XDG_SESSION_DESKTOP', 'ubuntu'), ('XMODIFIERS', '@im=ibus'), ('AMENT_PREFIX_PATH', '/home/robot33-6/student133_ws/install/test_visualization:/home/robot33-6/student133_ws/install/test_parameters:/home/robot33-6/student133_ws/install/test_client:/home/robot33-6/student133_ws/install/test_service:/home/robot33-6/student133_ws/install/test_custom_srv:/home/robot33-6/student133_ws/install/test_custom_publisher:/home/robot33-6/student133_ws/install/test_castom_publisher:/home/robot33-6/student133_ws/install/test_custom_msg:/home/robot33-6/student133_ws/install/test_subscriber:/home/robot33-6/student133_ws/install/test_publisher:/home/robot33-6/student133_ws/install/test_pkg:/opt/ros/humble'), ('SNAP_ARCH', 'amd64'), ('SNAP_COOKIE', 'zfxwyVEa0dSM0vT388UHnSyWy-Mv84K8RE-CWR0OLT2wc9JrOksa'), ('SNAP_USER_COMMON', '/home/robot33-6/snap/qtcreator-ros/common'), ('SSH_AGENT_LAUNCHER', 'gnome-keyring'), ('SSH_AUTH_SOCK', '/run/user/1000/keyring/ssh'), ('LC_NAME', 'ru_RU.UTF-8'), ('SHELL', '/bin/bash'), ('GDMSESSION', 'ubuntu'), ('QT_ACCESSIBILITY', '1'), ('SNAP_REEXEC', ''), ('SNAP_NAME', 'qtcreator-ros'), ('LC_MEASUREMENT', 'ru_RU.UTF-8'), ('GJS_DEBUG_OUTPUT', 'stderr'), ('LC_IDENTIFICATION', 'ru_RU.UTF-8'), ('QT_IM_MODULE', 'ibus'), ('PWD', '/home/robot33-6/student133_ws/build/test_custom_srv'), ('QT_QPA_PLATFORM', 'wayland;xcb'), ('SNAP_REAL_HOME', '/home/robot33-6'), ('XDG_CONFIG_DIRS', '/etc/xdg/xdg-ubuntu:/etc/xdg'), ('XDG_DATA_DIRS', '/usr/share/ubuntu:/usr/local/share/:/usr/share/:/var/lib/snapd/desktop'), ('LC_NUMERIC', 'ru_RU.UTF-8'), ('PYTHONPATH', '/home/robot33-6/student133_ws/install/test_custom_srv/local/lib/python3.10/dist-packages:/home/robot33-6/student133_ws/install/test_custom_msg/local/lib/python3.10/dist-packages:/opt/ros/humble/lib/python3.10/site-packages:/opt/ros/humble/local/lib/python3.10/dist-packages'), ('SNAP', '/snap/qtcreator-ros/107'), ('SNAP_EUID', '1000'), ('LC_PAPER', 'ru_RU.UTF-8'), ('COLCON', '1'), ('CMAKE_PREFIX_PATH', '/home/robot33-6/student133_ws/install/test_visualization:/home/robot33-6/student133_ws/install/test_parameters:/home/robot33-6/student133_ws/install/test_client:/home/robot33-6/student133_ws/install/test_service:/home/robot33-6/student133_ws/install/test_custom_srv:/home/robot33-6/student133_ws/install/test_custom_publisher:/home/robot33-6/student133_ws/install/test_castom_publisher:/home/robot33-6/student133_ws/install/test_custom_msg:/home/robot33-6/student133_ws/install/test_subscriber:/home/robot33-6/student133_ws/install/test_publisher:/home/robot33-6/student133_ws/install/test_pkg:/opt/ros/humble'), ('LIBGL_DRIVERS_PATH', '/snap/qtcreator-ros/107/usr/lib/x86_64-linux-gnu/dri')]), 'shell': False}
[0.420310] (test_parameters) JobProgress: {'identifier': 'test_parameters', 'progress': 'cmake'}
[0.421361] (test_parameters) JobProgress: {'identifier': 'test_parameters', 'progress': 'build'}
[0.421441] (test_parameters) Command: {'cmd': ['/usr/bin/cmake', '--build', '/home/robot33-6/student133_ws/build/test_parameters', '--', '-j8', '-l8'], 'cwd': '/home/robot33-6/student133_ws/build/test_parameters', 'env': OrderedDict([('GJS_DEBUG_TOPICS', 'JS ERROR;JS LOG'), ('LC_TIME', 'ru_RU.UTF-8'), ('SNAP_COMMON', '/var/snap/qtcreator-ros/common'), ('SNAP_INSTANCE_KEY', ''), ('USER', 'robot33-6'), ('XDG_SESSION_TYPE', 'wayland'), ('LD_LIBRARY_PATH', '/home/robot33-6/student133_ws/install/test_custom_srv/lib:/home/robot33-6/student133_ws/install/test_custom_msg/lib:/opt/ros/humble/opt/rviz_ogre_vendor/lib:/opt/ros/humble/lib/x86_64-linux-gnu:/opt/ros/humble/lib:/snap/qtcreator-ros/107/lib:/snap/qtcreator-ros/107/usr/lib/x86_64-linux-gnu'), ('SHLVL', '331'), ('SNAP_UID', '1000'), ('HOME', '/home/robot33-6'), ('SNAP_LIBRARY_PATH', '/var/lib/snapd/lib/gl:/var/lib/snapd/lib/gl32:/var/lib/snapd/void'), ('DESKTOP_SESSION', 'ubuntu'), ('QTDIR', '/usr/lib/x86_64-linux-gnu/qt5'), ('SNAP_USER_DATA', '/home/robot33-6/snap/qtcreator-ros/107'), ('GIO_LAUNCHED_DESKTOP_FILE', '/var/lib/snapd/desktop/applications/qtcreator-ros_qtcreator-ros.desktop'), ('GNOME_SHELL_SESSION_MODE', 'ubuntu'), ('GTK_MODULES', 'gail:atk-bridge'), ('ROS_PYTHON_VERSION', '3'), ('LC_MONETARY', 'ru_RU.UTF-8'), ('MANAGERPID', '1373'), ('DBUS_SESSION_BUS_ADDRESS', 'unix:path=/run/user/1000/bus'), ('SYSTEMD_EXEC_PID', '1587'), ('GIO_LAUNCHED_DESKTOP_FILE_PID', '3050'), ('SNAP_REVISION', '107'), ('COLCON_PREFIX_PATH', '/home/robot33-6/student133_ws/install'), ('IM_CONFIG_PHASE', '1'), ('ROS_DISTRO', 'humble'), ('WAYLAND_DISPLAY', 'wayland-0'), ('LOGNAME', 'robot33-6'), ('JOURNAL_STREAM', '8:26382'), ('SNAP_CONTEXT', 'zfxwyVEa0dSM0vT388UHnSyWy-Mv84K8RE-CWR0OLT2wc9JrOksa'), ('_', '/usr/bin/env'), ('ROS_VERSION', '2'), ('SNAP_VERSION', '12.0.2'), ('XDG_SESSION_CLASS', 'user'), ('TERM', 'xterm'), ('USERNAME', 'robot33-6'), ('GNOME_DESKTOP_SESSION_ID', 'this-is-deprecated'), ('ROS_LOCALHOST_ONLY', '0'), ('SNAP_INSTANCE_NAME', 'qtcreator-ros'), ('PATH', '/opt/ros/humble/bin:/usr/local/sbin:/usr/local/bin:/usr/sbin:/usr/bin:/sbin:/bin:/usr/games:/usr/local/games:/snap/bin:/snap/bin'), ('INVOCATION_ID', '8be6e9d5a46c4dde9fbe4351f65a98da'), ('SESSION_MANAGER', 'local/robot33-6:@/tmp/.ICE-unix/1547,unix/robot33-6:/tmp/.ICE-unix/1547'), ('BAMF_DESKTOP_FILE_HINT', '/var/lib/snapd/desktop/applications/qtcreator-ros_qtcreator-ros.desktop'), ('GNOME_SETUP_DISPLAY', ':1'), ('LC_ADDRESS', 'ru_RU.UTF-8'), ('SNAP_DATA', '/var/snap/qtcreator-ros/107'), ('XDG_MENU_PREFIX', 'gnome-'), ('XDG_RUNTIME_DIR', '/run/user/1000'), ('DISPLAY', ':0'), ('LANG', 'en_US.UTF-8'), ('LC_TELEPHONE', 'ru_RU.UTF-8'), ('XDG_CURRENT_DESKTOP', 'ubuntu:GNOME'), ('XAUTHORITY', '/run/user/1000/.mutter-Xwaylandauth.NV73K2'), ('XDG_SESSION_DESKTOP', 'ubuntu'), ('XMODIFIERS', '@im=ibus'), ('AMENT_PREFIX_PATH', '/home/robot33-6/student133_ws/install/test_visualization:/home/robot33-6/student133_ws/install/test_parameters:/home/robot33-6/student133_ws/install/test_client:/home/robot33-6/student133_ws/install/test_service:/home/robot33-6/student133_ws/install/test_custom_srv:/home/robot33-6/student133_ws/install/test_custom_publisher:/home/robot33-6/student133_ws/install/test_castom_publisher:/home/robot33-6/student133_ws/install/test_custom_msg:/home/robot33-6/student133_ws/install/test_subscriber:/home/robot33-6/student133_ws/install/test_publisher:/home/robot33-6/student133_ws/install/test_pkg:/opt/ros/humble'), ('SNAP_ARCH', 'amd64'), ('SNAP_COOKIE', 'zfxwyVEa0dSM0vT388UHnSyWy-Mv84K8RE-CWR0OLT2wc9JrOksa'), ('SNAP_USER_COMMON', '/home/robot33-6/snap/qtcreator-ros/common'), ('SSH_AGENT_LAUNCHER', 'gnome-keyring'), ('SSH_AUTH_SOCK', '/run/user/1000/keyring/ssh'), ('LC_NAME', 'ru_RU.UTF-8'), ('SHELL', '/bin/bash'), ('GDMSESSION', 'ubuntu'), ('QT_ACCESSIBILITY', '1'), ('SNAP_REEXEC', ''), ('SNAP_NAME', 'qtcreator-ros'), ('LC_MEASUREMENT', 'ru_RU.UTF-8'), ('GJS_DEBUG_OUTPUT', 'stderr'), ('LC_IDENTIFICATION', 'ru_RU.UTF-8'), ('QT_IM_MODULE', 'ibus'), ('PWD', '/home/robot33-6/student133_ws/build/test_parameters'), ('QT_QPA_PLATFORM', 'wayland;xcb'), ('SNAP_REAL_HOME', '/home/robot33-6'), ('XDG_CONFIG_DIRS', '/etc/xdg/xdg-ubuntu:/etc/xdg'), ('XDG_DATA_DIRS', '/usr/share/ubuntu:/usr/local/share/:/usr/share/:/var/lib/snapd/desktop'), ('LC_NUMERIC', 'ru_RU.UTF-8'), ('PYTHONPATH', '/home/robot33-6/student133_ws/install/test_custom_srv/local/lib/python3.10/dist-packages:/home/robot33-6/student133_ws/install/test_custom_msg/local/lib/python3.10/dist-packages:/opt/ros/humble/lib/python3.10/site-packages:/opt/ros/humble/local/lib/python3.10/dist-packages'), ('SNAP', '/snap/qtcreator-ros/107'), ('SNAP_EUID', '1000'), ('LC_PAPER', 'ru_RU.UTF-8'), ('COLCON', '1'), ('CMAKE_PREFIX_PATH', '/home/robot33-6/student133_ws/install/test_visualization:/home/robot33-6/student133_ws/install/test_parameters:/home/robot33-6/student133_ws/install/test_client:/home/robot33-6/student133_ws/install/test_service:/home/robot33-6/student133_ws/install/test_custom_srv:/home/robot33-6/student133_ws/install/test_custom_publisher:/home/robot33-6/student133_ws/install/test_castom_publisher:/home/robot33-6/student133_ws/install/test_custom_msg:/home/robot33-6/student133_ws/install/test_subscriber:/home/robot33-6/student133_ws/install/test_publisher:/home/robot33-6/student133_ws/install/test_pkg:/opt/ros/humble'), ('LIBGL_DRIVERS_PATH', '/snap/qtcreator-ros/107/usr/lib/x86_64-linux-gnu/dri')]), 'shell': False}
[0.423963] (test_pkg) JobProgress: {'identifier': 'test_pkg', 'progress': 'cmake'}
[0.425038] (test_pkg) JobProgress: {'identifier': 'test_pkg', 'progress': 'build'}
[0.425109] (test_pkg) Command: {'cmd': ['/usr/bin/cmake', '--build', '/home/robot33-6/student133_ws/build/test_pkg', '--', '-j8', '-l8'], 'cwd': '/home/robot33-6/student133_ws/build/test_pkg', 'env': OrderedDict([('GJS_DEBUG_TOPICS', 'JS ERROR;JS LOG'), ('LC_TIME', 'ru_RU.UTF-8'), ('SNAP_COMMON', '/var/snap/qtcreator-ros/common'), ('SNAP_INSTANCE_KEY', ''), ('USER', 'robot33-6'), ('XDG_SESSION_TYPE', 'wayland'), ('LD_LIBRARY_PATH', '/home/robot33-6/student133_ws/install/test_custom_srv/lib:/home/robot33-6/student133_ws/install/test_custom_msg/lib:/opt/ros/humble/opt/rviz_ogre_vendor/lib:/opt/ros/humble/lib/x86_64-linux-gnu:/opt/ros/humble/lib:/snap/qtcreator-ros/107/lib:/snap/qtcreator-ros/107/usr/lib/x86_64-linux-gnu'), ('SHLVL', '331'), ('SNAP_UID', '1000'), ('HOME', '/home/robot33-6'), ('SNAP_LIBRARY_PATH', '/var/lib/snapd/lib/gl:/var/lib/snapd/lib/gl32:/var/lib/snapd/void'), ('DESKTOP_SESSION', 'ubuntu'), ('QTDIR', '/usr/lib/x86_64-linux-gnu/qt5'), ('SNAP_USER_DATA', '/home/robot33-6/snap/qtcreator-ros/107'), ('GIO_LAUNCHED_DESKTOP_FILE', '/var/lib/snapd/desktop/applications/qtcreator-ros_qtcreator-ros.desktop'), ('GNOME_SHELL_SESSION_MODE', 'ubuntu'), ('GTK_MODULES', 'gail:atk-bridge'), ('ROS_PYTHON_VERSION', '3'), ('LC_MONETARY', 'ru_RU.UTF-8'), ('MANAGERPID', '1373'), ('DBUS_SESSION_BUS_ADDRESS', 'unix:path=/run/user/1000/bus'), ('SYSTEMD_EXEC_PID', '1587'), ('GIO_LAUNCHED_DESKTOP_FILE_PID', '3050'), ('SNAP_REVISION', '107'), ('COLCON_PREFIX_PATH', '/home/robot33-6/student133_ws/install'), ('IM_CONFIG_PHASE', '1'), ('ROS_DISTRO', 'humble'), ('WAYLAND_DISPLAY', 'wayland-0'), ('LOGNAME', 'robot33-6'), ('JOURNAL_STREAM', '8:26382'), ('SNAP_CONTEXT', 'zfxwyVEa0dSM0vT388UHnSyWy-Mv84K8RE-CWR0OLT2wc9JrOksa'), ('_', '/usr/bin/env'), ('ROS_VERSION', '2'), ('SNAP_VERSION', '12.0.2'), ('XDG_SESSION_CLASS', 'user'), ('TERM', 'xterm'), ('USERNAME', 'robot33-6'), ('GNOME_DESKTOP_SESSION_ID', 'this-is-deprecated'), ('ROS_LOCALHOST_ONLY', '0'), ('SNAP_INSTANCE_NAME', 'qtcreator-ros'), ('PATH', '/opt/ros/humble/bin:/usr/local/sbin:/usr/local/bin:/usr/sbin:/usr/bin:/sbin:/bin:/usr/games:/usr/local/games:/snap/bin:/snap/bin'), ('INVOCATION_ID', '8be6e9d5a46c4dde9fbe4351f65a98da'), ('SESSION_MANAGER', 'local/robot33-6:@/tmp/.ICE-unix/1547,unix/robot33-6:/tmp/.ICE-unix/1547'), ('BAMF_DESKTOP_FILE_HINT', '/var/lib/snapd/desktop/applications/qtcreator-ros_qtcreator-ros.desktop'), ('GNOME_SETUP_DISPLAY', ':1'), ('LC_ADDRESS', 'ru_RU.UTF-8'), ('SNAP_DATA', '/var/snap/qtcreator-ros/107'), ('XDG_MENU_PREFIX', 'gnome-'), ('XDG_RUNTIME_DIR', '/run/user/1000'), ('DISPLAY', ':0'), ('LANG', 'en_US.UTF-8'), ('LC_TELEPHONE', 'ru_RU.UTF-8'), ('XDG_CURRENT_DESKTOP', 'ubuntu:GNOME'), ('XAUTHORITY', '/run/user/1000/.mutter-Xwaylandauth.NV73K2'), ('XDG_SESSION_DESKTOP', 'ubuntu'), ('XMODIFIERS', '@im=ibus'), ('AMENT_PREFIX_PATH', '/home/robot33-6/student133_ws/install/test_visualization:/home/robot33-6/student133_ws/install/test_parameters:/home/robot33-6/student133_ws/install/test_client:/home/robot33-6/student133_ws/install/test_service:/home/robot33-6/student133_ws/install/test_custom_srv:/home/robot33-6/student133_ws/install/test_custom_publisher:/home/robot33-6/student133_ws/install/test_castom_publisher:/home/robot33-6/student133_ws/install/test_custom_msg:/home/robot33-6/student133_ws/install/test_subscriber:/home/robot33-6/student133_ws/install/test_publisher:/home/robot33-6/student133_ws/install/test_pkg:/opt/ros/humble'), ('SNAP_ARCH', 'amd64'), ('SNAP_COOKIE', 'zfxwyVEa0dSM0vT388UHnSyWy-Mv84K8RE-CWR0OLT2wc9JrOksa'), ('SNAP_USER_COMMON', '/home/robot33-6/snap/qtcreator-ros/common'), ('SSH_AGENT_LAUNCHER', 'gnome-keyring'), ('SSH_AUTH_SOCK', '/run/user/1000/keyring/ssh'), ('LC_NAME', 'ru_RU.UTF-8'), ('SHELL', '/bin/bash'), ('GDMSESSION', 'ubuntu'), ('QT_ACCESSIBILITY', '1'), ('SNAP_REEXEC', ''), ('SNAP_NAME', 'qtcreator-ros'), ('LC_MEASUREMENT', 'ru_RU.UTF-8'), ('GJS_DEBUG_OUTPUT', 'stderr'), ('LC_IDENTIFICATION', 'ru_RU.UTF-8'), ('QT_IM_MODULE', 'ibus'), ('PWD', '/home/robot33-6/student133_ws/build/test_pkg'), ('QT_QPA_PLATFORM', 'wayland;xcb'), ('SNAP_REAL_HOME', '/home/robot33-6'), ('XDG_CONFIG_DIRS', '/etc/xdg/xdg-ubuntu:/etc/xdg'), ('XDG_DATA_DIRS', '/usr/share/ubuntu:/usr/local/share/:/usr/share/:/var/lib/snapd/desktop'), ('LC_NUMERIC', 'ru_RU.UTF-8'), ('PYTHONPATH', '/home/robot33-6/student133_ws/install/test_custom_srv/local/lib/python3.10/dist-packages:/home/robot33-6/student133_ws/install/test_custom_msg/local/lib/python3.10/dist-packages:/opt/ros/humble/lib/python3.10/site-packages:/opt/ros/humble/local/lib/python3.10/dist-packages'), ('SNAP', '/snap/qtcreator-ros/107'), ('SNAP_EUID', '1000'), ('LC_PAPER', 'ru_RU.UTF-8'), ('COLCON', '1'), ('CMAKE_PREFIX_PATH', '/home/robot33-6/student133_ws/install/test_visualization:/home/robot33-6/student133_ws/install/test_parameters:/home/robot33-6/student133_ws/install/test_client:/home/robot33-6/student133_ws/install/test_service:/home/robot33-6/student133_ws/install/test_custom_srv:/home/robot33-6/student133_ws/install/test_custom_publisher:/home/robot33-6/student133_ws/install/test_castom_publisher:/home/robot33-6/student133_ws/install/test_custom_msg:/home/robot33-6/student133_ws/install/test_subscriber:/home/robot33-6/student133_ws/install/test_publisher:/home/robot33-6/student133_ws/install/test_pkg:/opt/ros/humble'), ('LIBGL_DRIVERS_PATH', '/snap/qtcreator-ros/107/usr/lib/x86_64-linux-gnu/dri')]), 'shell': False}
[0.427814] (test_publisher) JobProgress: {'identifier': 'test_publisher', 'progress': 'cmake'}
[0.429057] (test_publisher) JobProgress: {'identifier': 'test_publisher', 'progress': 'build'}
[0.429130] (test_publisher) Command: {'cmd': ['/usr/bin/cmake', '--build', '/home/robot33-6/student133_ws/build/test_publisher', '--', '-j8', '-l8'], 'cwd': '/home/robot33-6/student133_ws/build/test_publisher', 'env': OrderedDict([('GJS_DEBUG_TOPICS', 'JS ERROR;JS LOG'), ('LC_TIME', 'ru_RU.UTF-8'), ('SNAP_COMMON', '/var/snap/qtcreator-ros/common'), ('SNAP_INSTANCE_KEY', ''), ('USER', 'robot33-6'), ('XDG_SESSION_TYPE', 'wayland'), ('LD_LIBRARY_PATH', '/home/robot33-6/student133_ws/install/test_custom_srv/lib:/home/robot33-6/student133_ws/install/test_custom_msg/lib:/opt/ros/humble/opt/rviz_ogre_vendor/lib:/opt/ros/humble/lib/x86_64-linux-gnu:/opt/ros/humble/lib:/snap/qtcreator-ros/107/lib:/snap/qtcreator-ros/107/usr/lib/x86_64-linux-gnu'), ('SHLVL', '331'), ('SNAP_UID', '1000'), ('HOME', '/home/robot33-6'), ('SNAP_LIBRARY_PATH', '/var/lib/snapd/lib/gl:/var/lib/snapd/lib/gl32:/var/lib/snapd/void'), ('DESKTOP_SESSION', 'ubuntu'), ('QTDIR', '/usr/lib/x86_64-linux-gnu/qt5'), ('SNAP_USER_DATA', '/home/robot33-6/snap/qtcreator-ros/107'), ('GIO_LAUNCHED_DESKTOP_FILE', '/var/lib/snapd/desktop/applications/qtcreator-ros_qtcreator-ros.desktop'), ('GNOME_SHELL_SESSION_MODE', 'ubuntu'), ('GTK_MODULES', 'gail:atk-bridge'), ('ROS_PYTHON_VERSION', '3'), ('LC_MONETARY', 'ru_RU.UTF-8'), ('MANAGERPID', '1373'), ('DBUS_SESSION_BUS_ADDRESS', 'unix:path=/run/user/1000/bus'), ('SYSTEMD_EXEC_PID', '1587'), ('GIO_LAUNCHED_DESKTOP_FILE_PID', '3050'), ('SNAP_REVISION', '107'), ('COLCON_PREFIX_PATH', '/home/robot33-6/student133_ws/install'), ('IM_CONFIG_PHASE', '1'), ('ROS_DISTRO', 'humble'), ('WAYLAND_DISPLAY', 'wayland-0'), ('LOGNAME', 'robot33-6'), ('JOURNAL_STREAM', '8:26382'), ('SNAP_CONTEXT', 'zfxwyVEa0dSM0vT388UHnSyWy-Mv84K8RE-CWR0OLT2wc9JrOksa'), ('_', '/usr/bin/env'), ('ROS_VERSION', '2'), ('SNAP_VERSION', '12.0.2'), ('XDG_SESSION_CLASS', 'user'), ('TERM', 'xterm'), ('USERNAME', 'robot33-6'), ('GNOME_DESKTOP_SESSION_ID', 'this-is-deprecated'), ('ROS_LOCALHOST_ONLY', '0'), ('SNAP_INSTANCE_NAME', 'qtcreator-ros'), ('PATH', '/opt/ros/humble/bin:/usr/local/sbin:/usr/local/bin:/usr/sbin:/usr/bin:/sbin:/bin:/usr/games:/usr/local/games:/snap/bin:/snap/bin'), ('INVOCATION_ID', '8be6e9d5a46c4dde9fbe4351f65a98da'), ('SESSION_MANAGER', 'local/robot33-6:@/tmp/.ICE-unix/1547,unix/robot33-6:/tmp/.ICE-unix/1547'), ('BAMF_DESKTOP_FILE_HINT', '/var/lib/snapd/desktop/applications/qtcreator-ros_qtcreator-ros.desktop'), ('GNOME_SETUP_DISPLAY', ':1'), ('LC_ADDRESS', 'ru_RU.UTF-8'), ('SNAP_DATA', '/var/snap/qtcreator-ros/107'), ('XDG_MENU_PREFIX', 'gnome-'), ('XDG_RUNTIME_DIR', '/run/user/1000'), ('DISPLAY', ':0'), ('LANG', 'en_US.UTF-8'), ('LC_TELEPHONE', 'ru_RU.UTF-8'), ('XDG_CURRENT_DESKTOP', 'ubuntu:GNOME'), ('XAUTHORITY', '/run/user/1000/.mutter-Xwaylandauth.NV73K2'), ('XDG_SESSION_DESKTOP', 'ubuntu'), ('XMODIFIERS', '@im=ibus'), ('AMENT_PREFIX_PATH', '/home/robot33-6/student133_ws/install/test_visualization:/home/robot33-6/student133_ws/install/test_parameters:/home/robot33-6/student133_ws/install/test_client:/home/robot33-6/student133_ws/install/test_service:/home/robot33-6/student133_ws/install/test_custom_srv:/home/robot33-6/student133_ws/install/test_custom_publisher:/home/robot33-6/student133_ws/install/test_castom_publisher:/home/robot33-6/student133_ws/install/test_custom_msg:/home/robot33-6/student133_ws/install/test_subscriber:/home/robot33-6/student133_ws/install/test_publisher:/home/robot33-6/student133_ws/install/test_pkg:/opt/ros/humble'), ('SNAP_ARCH', 'amd64'), ('SNAP_COOKIE', 'zfxwyVEa0dSM0vT388UHnSyWy-Mv84K8RE-CWR0OLT2wc9JrOksa'), ('SNAP_USER_COMMON', '/home/robot33-6/snap/qtcreator-ros/common'), ('SSH_AGENT_LAUNCHER', 'gnome-keyring'), ('SSH_AUTH_SOCK', '/run/user/1000/keyring/ssh'), ('LC_NAME', 'ru_RU.UTF-8'), ('SHELL', '/bin/bash'), ('GDMSESSION', 'ubuntu'), ('QT_ACCESSIBILITY', '1'), ('SNAP_REEXEC', ''), ('SNAP_NAME', 'qtcreator-ros'), ('LC_MEASUREMENT', 'ru_RU.UTF-8'), ('GJS_DEBUG_OUTPUT', 'stderr'), ('LC_IDENTIFICATION', 'ru_RU.UTF-8'), ('QT_IM_MODULE', 'ibus'), ('PWD', '/home/robot33-6/student133_ws/build/test_publisher'), ('QT_QPA_PLATFORM', 'wayland;xcb'), ('SNAP_REAL_HOME', '/home/robot33-6'), ('XDG_CONFIG_DIRS', '/etc/xdg/xdg-ubuntu:/etc/xdg'), ('XDG_DATA_DIRS', '/usr/share/ubuntu:/usr/local/share/:/usr/share/:/var/lib/snapd/desktop'), ('LC_NUMERIC', 'ru_RU.UTF-8'), ('PYTHONPATH', '/home/robot33-6/student133_ws/install/test_custom_srv/local/lib/python3.10/dist-packages:/home/robot33-6/student133_ws/install/test_custom_msg/local/lib/python3.10/dist-packages:/opt/ros/humble/lib/python3.10/site-packages:/opt/ros/humble/local/lib/python3.10/dist-packages'), ('SNAP', '/snap/qtcreator-ros/107'), ('SNAP_EUID', '1000'), ('LC_PAPER', 'ru_RU.UTF-8'), ('COLCON', '1'), ('CMAKE_PREFIX_PATH', '/home/robot33-6/student133_ws/install/test_visualization:/home/robot33-6/student133_ws/install/test_parameters:/home/robot33-6/student133_ws/install/test_client:/home/robot33-6/student133_ws/install/test_service:/home/robot33-6/student133_ws/install/test_custom_srv:/home/robot33-6/student133_ws/install/test_custom_publisher:/home/robot33-6/student133_ws/install/test_castom_publisher:/home/robot33-6/student133_ws/install/test_custom_msg:/home/robot33-6/student133_ws/install/test_subscriber:/home/robot33-6/student133_ws/install/test_publisher:/home/robot33-6/student133_ws/install/test_pkg:/opt/ros/humble'), ('LIBGL_DRIVERS_PATH', '/snap/qtcreator-ros/107/usr/lib/x86_64-linux-gnu/dri')]), 'shell': False}
[0.433269] (test_service) JobProgress: {'identifier': 'test_service', 'progress': 'cmake'}
[0.434282] (test_service) JobProgress: {'identifier': 'test_service', 'progress': 'build'}
[0.434343] (test_service) Command: {'cmd': ['/usr/bin/cmake', '--build', '/home/robot33-6/student133_ws/build/test_service', '--', '-j8', '-l8'], 'cwd': '/home/robot33-6/student133_ws/build/test_service', 'env': OrderedDict([('GJS_DEBUG_TOPICS', 'JS ERROR;JS LOG'), ('LC_TIME', 'ru_RU.UTF-8'), ('SNAP_COMMON', '/var/snap/qtcreator-ros/common'), ('SNAP_INSTANCE_KEY', ''), ('USER', 'robot33-6'), ('XDG_SESSION_TYPE', 'wayland'), ('LD_LIBRARY_PATH', '/home/robot33-6/student133_ws/install/test_custom_srv/lib:/home/robot33-6/student133_ws/install/test_custom_msg/lib:/opt/ros/humble/opt/rviz_ogre_vendor/lib:/opt/ros/humble/lib/x86_64-linux-gnu:/opt/ros/humble/lib:/snap/qtcreator-ros/107/lib:/snap/qtcreator-ros/107/usr/lib/x86_64-linux-gnu'), ('SHLVL', '331'), ('SNAP_UID', '1000'), ('HOME', '/home/robot33-6'), ('SNAP_LIBRARY_PATH', '/var/lib/snapd/lib/gl:/var/lib/snapd/lib/gl32:/var/lib/snapd/void'), ('DESKTOP_SESSION', 'ubuntu'), ('QTDIR', '/usr/lib/x86_64-linux-gnu/qt5'), ('SNAP_USER_DATA', '/home/robot33-6/snap/qtcreator-ros/107'), ('GIO_LAUNCHED_DESKTOP_FILE', '/var/lib/snapd/desktop/applications/qtcreator-ros_qtcreator-ros.desktop'), ('GNOME_SHELL_SESSION_MODE', 'ubuntu'), ('GTK_MODULES', 'gail:atk-bridge'), ('ROS_PYTHON_VERSION', '3'), ('LC_MONETARY', 'ru_RU.UTF-8'), ('MANAGERPID', '1373'), ('DBUS_SESSION_BUS_ADDRESS', 'unix:path=/run/user/1000/bus'), ('SYSTEMD_EXEC_PID', '1587'), ('GIO_LAUNCHED_DESKTOP_FILE_PID', '3050'), ('SNAP_REVISION', '107'), ('COLCON_PREFIX_PATH', '/home/robot33-6/student133_ws/install'), ('IM_CONFIG_PHASE', '1'), ('ROS_DISTRO', 'humble'), ('WAYLAND_DISPLAY', 'wayland-0'), ('LOGNAME', 'robot33-6'), ('JOURNAL_STREAM', '8:26382'), ('SNAP_CONTEXT', 'zfxwyVEa0dSM0vT388UHnSyWy-Mv84K8RE-CWR0OLT2wc9JrOksa'), ('_', '/usr/bin/env'), ('ROS_VERSION', '2'), ('SNAP_VERSION', '12.0.2'), ('XDG_SESSION_CLASS', 'user'), ('TERM', 'xterm'), ('USERNAME', 'robot33-6'), ('GNOME_DESKTOP_SESSION_ID', 'this-is-deprecated'), ('ROS_LOCALHOST_ONLY', '0'), ('SNAP_INSTANCE_NAME', 'qtcreator-ros'), ('PATH', '/opt/ros/humble/bin:/usr/local/sbin:/usr/local/bin:/usr/sbin:/usr/bin:/sbin:/bin:/usr/games:/usr/local/games:/snap/bin:/snap/bin'), ('INVOCATION_ID', '8be6e9d5a46c4dde9fbe4351f65a98da'), ('SESSION_MANAGER', 'local/robot33-6:@/tmp/.ICE-unix/1547,unix/robot33-6:/tmp/.ICE-unix/1547'), ('BAMF_DESKTOP_FILE_HINT', '/var/lib/snapd/desktop/applications/qtcreator-ros_qtcreator-ros.desktop'), ('GNOME_SETUP_DISPLAY', ':1'), ('LC_ADDRESS', 'ru_RU.UTF-8'), ('SNAP_DATA', '/var/snap/qtcreator-ros/107'), ('XDG_MENU_PREFIX', 'gnome-'), ('XDG_RUNTIME_DIR', '/run/user/1000'), ('DISPLAY', ':0'), ('LANG', 'en_US.UTF-8'), ('LC_TELEPHONE', 'ru_RU.UTF-8'), ('XDG_CURRENT_DESKTOP', 'ubuntu:GNOME'), ('XAUTHORITY', '/run/user/1000/.mutter-Xwaylandauth.NV73K2'), ('XDG_SESSION_DESKTOP', 'ubuntu'), ('XMODIFIERS', '@im=ibus'), ('AMENT_PREFIX_PATH', '/home/robot33-6/student133_ws/install/test_visualization:/home/robot33-6/student133_ws/install/test_parameters:/home/robot33-6/student133_ws/install/test_client:/home/robot33-6/student133_ws/install/test_service:/home/robot33-6/student133_ws/install/test_custom_srv:/home/robot33-6/student133_ws/install/test_custom_publisher:/home/robot33-6/student133_ws/install/test_castom_publisher:/home/robot33-6/student133_ws/install/test_custom_msg:/home/robot33-6/student133_ws/install/test_subscriber:/home/robot33-6/student133_ws/install/test_publisher:/home/robot33-6/student133_ws/install/test_pkg:/opt/ros/humble'), ('SNAP_ARCH', 'amd64'), ('SNAP_COOKIE', 'zfxwyVEa0dSM0vT388UHnSyWy-Mv84K8RE-CWR0OLT2wc9JrOksa'), ('SNAP_USER_COMMON', '/home/robot33-6/snap/qtcreator-ros/common'), ('SSH_AGENT_LAUNCHER', 'gnome-keyring'), ('SSH_AUTH_SOCK', '/run/user/1000/keyring/ssh'), ('LC_NAME', 'ru_RU.UTF-8'), ('SHELL', '/bin/bash'), ('GDMSESSION', 'ubuntu'), ('QT_ACCESSIBILITY', '1'), ('SNAP_REEXEC', ''), ('SNAP_NAME', 'qtcreator-ros'), ('LC_MEASUREMENT', 'ru_RU.UTF-8'), ('GJS_DEBUG_OUTPUT', 'stderr'), ('LC_IDENTIFICATION', 'ru_RU.UTF-8'), ('QT_IM_MODULE', 'ibus'), ('PWD', '/home/robot33-6/student133_ws/build/test_service'), ('QT_QPA_PLATFORM', 'wayland;xcb'), ('SNAP_REAL_HOME', '/home/robot33-6'), ('XDG_CONFIG_DIRS', '/etc/xdg/xdg-ubuntu:/etc/xdg'), ('XDG_DATA_DIRS', '/usr/share/ubuntu:/usr/local/share/:/usr/share/:/var/lib/snapd/desktop'), ('LC_NUMERIC', 'ru_RU.UTF-8'), ('PYTHONPATH', '/home/robot33-6/student133_ws/install/test_custom_srv/local/lib/python3.10/dist-packages:/home/robot33-6/student133_ws/install/test_custom_msg/local/lib/python3.10/dist-packages:/opt/ros/humble/lib/python3.10/site-packages:/opt/ros/humble/local/lib/python3.10/dist-packages'), ('SNAP', '/snap/qtcreator-ros/107'), ('SNAP_EUID', '1000'), ('LC_PAPER', 'ru_RU.UTF-8'), ('COLCON', '1'), ('CMAKE_PREFIX_PATH', '/home/robot33-6/student133_ws/install/test_visualization:/home/robot33-6/student133_ws/install/test_parameters:/home/robot33-6/student133_ws/install/test_client:/home/robot33-6/student133_ws/install/test_service:/home/robot33-6/student133_ws/install/test_custom_srv:/home/robot33-6/student133_ws/install/test_custom_publisher:/home/robot33-6/student133_ws/install/test_castom_publisher:/home/robot33-6/student133_ws/install/test_custom_msg:/home/robot33-6/student133_ws/install/test_subscriber:/home/robot33-6/student133_ws/install/test_publisher:/home/robot33-6/student133_ws/install/test_pkg:/opt/ros/humble'), ('LIBGL_DRIVERS_PATH', '/snap/qtcreator-ros/107/usr/lib/x86_64-linux-gnu/dri')]), 'shell': False}
[0.471527] (test_custom_msg) StdoutLine: {'line': b'-- Found ament_cmake: 1.3.7 (/opt/ros/humble/share/ament_cmake/cmake)\n'}
[0.471952] (test_custom_publisher) StdoutLine: {'line': b'-- Found ament_cmake: 1.3.7 (/opt/ros/humble/share/ament_cmake/cmake)\n'}
[0.473699] (test_client) StdoutLine: {'line': b'[100%] Built target test_client_node\n'}
[0.481339] (test_custom_srv) StdoutLine: {'line': b'[  9%] Built target test_custom_srv__rosidl_generator_c\n'}
[0.485469] (test_client) CommandEnded: {'returncode': 0}
[0.495149] (test_custom_srv) StdoutLine: {'line': b'[ 12%] Built target test_custom_srv__cpp\n'}
[0.499723] (test_parameters) StdoutLine: {'line': b'[100%] Built target test_parameters_node\n'}
[0.500014] (-) TimerEvent: {}
[0.501841] (test_pkg) StdoutLine: {'line': b'[100%] Built target test_pkg_node\n'}
[0.511076] (test_custom_srv) StdoutLine: {'line': b'[ 12%] Built target ament_cmake_python_copy_test_custom_srv\n'}
[0.516554] (test_pkg) CommandEnded: {'returncode': 0}
[0.532448] (test_publisher) StdoutLine: {'line': b'[100%] Built target test_publisher_node\n'}
[0.532771] (test_custom_srv) StdoutLine: {'line': b'[ 22%] Built target test_custom_srv__rosidl_typesupport_fastrtps_c\n'}
[0.532907] (test_custom_srv) StdoutLine: {'line': b'[ 32%] Built target test_custom_srv__rosidl_typesupport_introspection_c\n'}
[0.533008] (test_custom_srv) StdoutLine: {'line': b'[ 41%] Built target test_custom_srv__rosidl_typesupport_c\n'}
[0.533101] (test_parameters) CommandEnded: {'returncode': 0}
[0.540220] (test_publisher) CommandEnded: {'returncode': 0}
[0.544173] (test_custom_srv) StdoutLine: {'line': b'[ 51%] Built target test_custom_srv__rosidl_typesupport_fastrtps_cpp\n'}
[0.553597] (test_client) JobProgress: {'identifier': 'test_client', 'progress': 'install'}
[0.565607] (test_client) Command: {'cmd': ['/usr/bin/cmake', '--install', '/home/robot33-6/student133_ws/build/test_client'], 'cwd': '/home/robot33-6/student133_ws/build/test_client', 'env': OrderedDict([('GJS_DEBUG_TOPICS', 'JS ERROR;JS LOG'), ('LC_TIME', 'ru_RU.UTF-8'), ('SNAP_COMMON', '/var/snap/qtcreator-ros/common'), ('SNAP_INSTANCE_KEY', ''), ('USER', 'robot33-6'), ('XDG_SESSION_TYPE', 'wayland'), ('LD_LIBRARY_PATH', '/home/robot33-6/student133_ws/install/test_custom_srv/lib:/home/robot33-6/student133_ws/install/test_custom_msg/lib:/opt/ros/humble/opt/rviz_ogre_vendor/lib:/opt/ros/humble/lib/x86_64-linux-gnu:/opt/ros/humble/lib:/snap/qtcreator-ros/107/lib:/snap/qtcreator-ros/107/usr/lib/x86_64-linux-gnu'), ('SHLVL', '331'), ('SNAP_UID', '1000'), ('HOME', '/home/robot33-6'), ('SNAP_LIBRARY_PATH', '/var/lib/snapd/lib/gl:/var/lib/snapd/lib/gl32:/var/lib/snapd/void'), ('DESKTOP_SESSION', 'ubuntu'), ('QTDIR', '/usr/lib/x86_64-linux-gnu/qt5'), ('SNAP_USER_DATA', '/home/robot33-6/snap/qtcreator-ros/107'), ('GIO_LAUNCHED_DESKTOP_FILE', '/var/lib/snapd/desktop/applications/qtcreator-ros_qtcreator-ros.desktop'), ('GNOME_SHELL_SESSION_MODE', 'ubuntu'), ('GTK_MODULES', 'gail:atk-bridge'), ('ROS_PYTHON_VERSION', '3'), ('LC_MONETARY', 'ru_RU.UTF-8'), ('MANAGERPID', '1373'), ('DBUS_SESSION_BUS_ADDRESS', 'unix:path=/run/user/1000/bus'), ('SYSTEMD_EXEC_PID', '1587'), ('GIO_LAUNCHED_DESKTOP_FILE_PID', '3050'), ('SNAP_REVISION', '107'), ('COLCON_PREFIX_PATH', '/home/robot33-6/student133_ws/install'), ('IM_CONFIG_PHASE', '1'), ('ROS_DISTRO', 'humble'), ('WAYLAND_DISPLAY', 'wayland-0'), ('LOGNAME', 'robot33-6'), ('JOURNAL_STREAM', '8:26382'), ('SNAP_CONTEXT', 'zfxwyVEa0dSM0vT388UHnSyWy-Mv84K8RE-CWR0OLT2wc9JrOksa'), ('_', '/usr/bin/env'), ('ROS_VERSION', '2'), ('SNAP_VERSION', '12.0.2'), ('XDG_SESSION_CLASS', 'user'), ('TERM', 'xterm'), ('USERNAME', 'robot33-6'), ('GNOME_DESKTOP_SESSION_ID', 'this-is-deprecated'), ('ROS_LOCALHOST_ONLY', '0'), ('SNAP_INSTANCE_NAME', 'qtcreator-ros'), ('PATH', '/opt/ros/humble/bin:/usr/local/sbin:/usr/local/bin:/usr/sbin:/usr/bin:/sbin:/bin:/usr/games:/usr/local/games:/snap/bin:/snap/bin'), ('INVOCATION_ID', '8be6e9d5a46c4dde9fbe4351f65a98da'), ('SESSION_MANAGER', 'local/robot33-6:@/tmp/.ICE-unix/1547,unix/robot33-6:/tmp/.ICE-unix/1547'), ('BAMF_DESKTOP_FILE_HINT', '/var/lib/snapd/desktop/applications/qtcreator-ros_qtcreator-ros.desktop'), ('GNOME_SETUP_DISPLAY', ':1'), ('LC_ADDRESS', 'ru_RU.UTF-8'), ('SNAP_DATA', '/var/snap/qtcreator-ros/107'), ('XDG_MENU_PREFIX', 'gnome-'), ('XDG_RUNTIME_DIR', '/run/user/1000'), ('DISPLAY', ':0'), ('LANG', 'en_US.UTF-8'), ('LC_TELEPHONE', 'ru_RU.UTF-8'), ('XDG_CURRENT_DESKTOP', 'ubuntu:GNOME'), ('XAUTHORITY', '/run/user/1000/.mutter-Xwaylandauth.NV73K2'), ('XDG_SESSION_DESKTOP', 'ubuntu'), ('XMODIFIERS', '@im=ibus'), ('AMENT_PREFIX_PATH', '/home/robot33-6/student133_ws/install/test_visualization:/home/robot33-6/student133_ws/install/test_parameters:/home/robot33-6/student133_ws/install/test_client:/home/robot33-6/student133_ws/install/test_service:/home/robot33-6/student133_ws/install/test_custom_srv:/home/robot33-6/student133_ws/install/test_custom_publisher:/home/robot33-6/student133_ws/install/test_castom_publisher:/home/robot33-6/student133_ws/install/test_custom_msg:/home/robot33-6/student133_ws/install/test_subscriber:/home/robot33-6/student133_ws/install/test_publisher:/home/robot33-6/student133_ws/install/test_pkg:/opt/ros/humble'), ('SNAP_ARCH', 'amd64'), ('SNAP_COOKIE', 'zfxwyVEa0dSM0vT388UHnSyWy-Mv84K8RE-CWR0OLT2wc9JrOksa'), ('SNAP_USER_COMMON', '/home/robot33-6/snap/qtcreator-ros/common'), ('SSH_AGENT_LAUNCHER', 'gnome-keyring'), ('SSH_AUTH_SOCK', '/run/user/1000/keyring/ssh'), ('LC_NAME', 'ru_RU.UTF-8'), ('SHELL', '/bin/bash'), ('GDMSESSION', 'ubuntu'), ('QT_ACCESSIBILITY', '1'), ('SNAP_REEXEC', ''), ('SNAP_NAME', 'qtcreator-ros'), ('LC_MEASUREMENT', 'ru_RU.UTF-8'), ('GJS_DEBUG_OUTPUT', 'stderr'), ('LC_IDENTIFICATION', 'ru_RU.UTF-8'), ('QT_IM_MODULE', 'ibus'), ('PWD', '/home/robot33-6/student133_ws/build/test_client'), ('QT_QPA_PLATFORM', 'wayland;xcb'), ('SNAP_REAL_HOME', '/home/robot33-6'), ('XDG_CONFIG_DIRS', '/etc/xdg/xdg-ubuntu:/etc/xdg'), ('XDG_DATA_DIRS', '/usr/share/ubuntu:/usr/local/share/:/usr/share/:/var/lib/snapd/desktop'), ('LC_NUMERIC', 'ru_RU.UTF-8'), ('PYTHONPATH', '/home/robot33-6/student133_ws/install/test_custom_srv/local/lib/python3.10/dist-packages:/home/robot33-6/student133_ws/install/test_custom_msg/local/lib/python3.10/dist-packages:/opt/ros/humble/lib/python3.10/site-packages:/opt/ros/humble/local/lib/python3.10/dist-packages'), ('SNAP', '/snap/qtcreator-ros/107'), ('SNAP_EUID', '1000'), ('LC_PAPER', 'ru_RU.UTF-8'), ('COLCON', '1'), ('CMAKE_PREFIX_PATH', '/home/robot33-6/student133_ws/install/test_visualization:/home/robot33-6/student133_ws/install/test_parameters:/home/robot33-6/student133_ws/install/test_client:/home/robot33-6/student133_ws/install/test_service:/home/robot33-6/student133_ws/install/test_custom_srv:/home/robot33-6/student133_ws/install/test_custom_publisher:/home/robot33-6/student133_ws/install/test_castom_publisher:/home/robot33-6/student133_ws/install/test_custom_msg:/home/robot33-6/student133_ws/install/test_subscriber:/home/robot33-6/student133_ws/install/test_publisher:/home/robot33-6/student133_ws/install/test_pkg:/opt/ros/humble'), ('LIBGL_DRIVERS_PATH', '/snap/qtcreator-ros/107/usr/lib/x86_64-linux-gnu/dri')]), 'shell': False}
[0.568173] (test_service) StdoutLine: {'line': b'[100%] Built target test_service_node\n'}
[0.569142] (test_custom_srv) StdoutLine: {'line': b'[ 61%] Built target test_custom_srv__rosidl_typesupport_introspection_cpp\n'}
[0.569434] (test_pkg) JobProgress: {'identifier': 'test_pkg', 'progress': 'install'}
[0.569485] (test_pkg) Command: {'cmd': ['/usr/bin/cmake', '--install', '/home/robot33-6/student133_ws/build/test_pkg'], 'cwd': '/home/robot33-6/student133_ws/build/test_pkg', 'env': OrderedDict([('GJS_DEBUG_TOPICS', 'JS ERROR;JS LOG'), ('LC_TIME', 'ru_RU.UTF-8'), ('SNAP_COMMON', '/var/snap/qtcreator-ros/common'), ('SNAP_INSTANCE_KEY', ''), ('USER', 'robot33-6'), ('XDG_SESSION_TYPE', 'wayland'), ('LD_LIBRARY_PATH', '/home/robot33-6/student133_ws/install/test_custom_srv/lib:/home/robot33-6/student133_ws/install/test_custom_msg/lib:/opt/ros/humble/opt/rviz_ogre_vendor/lib:/opt/ros/humble/lib/x86_64-linux-gnu:/opt/ros/humble/lib:/snap/qtcreator-ros/107/lib:/snap/qtcreator-ros/107/usr/lib/x86_64-linux-gnu'), ('SHLVL', '331'), ('SNAP_UID', '1000'), ('HOME', '/home/robot33-6'), ('SNAP_LIBRARY_PATH', '/var/lib/snapd/lib/gl:/var/lib/snapd/lib/gl32:/var/lib/snapd/void'), ('DESKTOP_SESSION', 'ubuntu'), ('QTDIR', '/usr/lib/x86_64-linux-gnu/qt5'), ('SNAP_USER_DATA', '/home/robot33-6/snap/qtcreator-ros/107'), ('GIO_LAUNCHED_DESKTOP_FILE', '/var/lib/snapd/desktop/applications/qtcreator-ros_qtcreator-ros.desktop'), ('GNOME_SHELL_SESSION_MODE', 'ubuntu'), ('GTK_MODULES', 'gail:atk-bridge'), ('ROS_PYTHON_VERSION', '3'), ('LC_MONETARY', 'ru_RU.UTF-8'), ('MANAGERPID', '1373'), ('DBUS_SESSION_BUS_ADDRESS', 'unix:path=/run/user/1000/bus'), ('SYSTEMD_EXEC_PID', '1587'), ('GIO_LAUNCHED_DESKTOP_FILE_PID', '3050'), ('SNAP_REVISION', '107'), ('COLCON_PREFIX_PATH', '/home/robot33-6/student133_ws/install'), ('IM_CONFIG_PHASE', '1'), ('ROS_DISTRO', 'humble'), ('WAYLAND_DISPLAY', 'wayland-0'), ('LOGNAME', 'robot33-6'), ('JOURNAL_STREAM', '8:26382'), ('SNAP_CONTEXT', 'zfxwyVEa0dSM0vT388UHnSyWy-Mv84K8RE-CWR0OLT2wc9JrOksa'), ('_', '/usr/bin/env'), ('ROS_VERSION', '2'), ('SNAP_VERSION', '12.0.2'), ('XDG_SESSION_CLASS', 'user'), ('TERM', 'xterm'), ('USERNAME', 'robot33-6'), ('GNOME_DESKTOP_SESSION_ID', 'this-is-deprecated'), ('ROS_LOCALHOST_ONLY', '0'), ('SNAP_INSTANCE_NAME', 'qtcreator-ros'), ('PATH', '/opt/ros/humble/bin:/usr/local/sbin:/usr/local/bin:/usr/sbin:/usr/bin:/sbin:/bin:/usr/games:/usr/local/games:/snap/bin:/snap/bin'), ('INVOCATION_ID', '8be6e9d5a46c4dde9fbe4351f65a98da'), ('SESSION_MANAGER', 'local/robot33-6:@/tmp/.ICE-unix/1547,unix/robot33-6:/tmp/.ICE-unix/1547'), ('BAMF_DESKTOP_FILE_HINT', '/var/lib/snapd/desktop/applications/qtcreator-ros_qtcreator-ros.desktop'), ('GNOME_SETUP_DISPLAY', ':1'), ('LC_ADDRESS', 'ru_RU.UTF-8'), ('SNAP_DATA', '/var/snap/qtcreator-ros/107'), ('XDG_MENU_PREFIX', 'gnome-'), ('XDG_RUNTIME_DIR', '/run/user/1000'), ('DISPLAY', ':0'), ('LANG', 'en_US.UTF-8'), ('LC_TELEPHONE', 'ru_RU.UTF-8'), ('XDG_CURRENT_DESKTOP', 'ubuntu:GNOME'), ('XAUTHORITY', '/run/user/1000/.mutter-Xwaylandauth.NV73K2'), ('XDG_SESSION_DESKTOP', 'ubuntu'), ('XMODIFIERS', '@im=ibus'), ('AMENT_PREFIX_PATH', '/home/robot33-6/student133_ws/install/test_visualization:/home/robot33-6/student133_ws/install/test_parameters:/home/robot33-6/student133_ws/install/test_client:/home/robot33-6/student133_ws/install/test_service:/home/robot33-6/student133_ws/install/test_custom_srv:/home/robot33-6/student133_ws/install/test_custom_publisher:/home/robot33-6/student133_ws/install/test_castom_publisher:/home/robot33-6/student133_ws/install/test_custom_msg:/home/robot33-6/student133_ws/install/test_subscriber:/home/robot33-6/student133_ws/install/test_publisher:/home/robot33-6/student133_ws/install/test_pkg:/opt/ros/humble'), ('SNAP_ARCH', 'amd64'), ('SNAP_COOKIE', 'zfxwyVEa0dSM0vT388UHnSyWy-Mv84K8RE-CWR0OLT2wc9JrOksa'), ('SNAP_USER_COMMON', '/home/robot33-6/snap/qtcreator-ros/common'), ('SSH_AGENT_LAUNCHER', 'gnome-keyring'), ('SSH_AUTH_SOCK', '/run/user/1000/keyring/ssh'), ('LC_NAME', 'ru_RU.UTF-8'), ('SHELL', '/bin/bash'), ('GDMSESSION', 'ubuntu'), ('QT_ACCESSIBILITY', '1'), ('SNAP_REEXEC', ''), ('SNAP_NAME', 'qtcreator-ros'), ('LC_MEASUREMENT', 'ru_RU.UTF-8'), ('GJS_DEBUG_OUTPUT', 'stderr'), ('LC_IDENTIFICATION', 'ru_RU.UTF-8'), ('QT_IM_MODULE', 'ibus'), ('PWD', '/home/robot33-6/student133_ws/build/test_pkg'), ('QT_QPA_PLATFORM', 'wayland;xcb'), ('SNAP_REAL_HOME', '/home/robot33-6'), ('XDG_CONFIG_DIRS', '/etc/xdg/xdg-ubuntu:/etc/xdg'), ('XDG_DATA_DIRS', '/usr/share/ubuntu:/usr/local/share/:/usr/share/:/var/lib/snapd/desktop'), ('LC_NUMERIC', 'ru_RU.UTF-8'), ('PYTHONPATH', '/home/robot33-6/student133_ws/install/test_custom_srv/local/lib/python3.10/dist-packages:/home/robot33-6/student133_ws/install/test_custom_msg/local/lib/python3.10/dist-packages:/opt/ros/humble/lib/python3.10/site-packages:/opt/ros/humble/local/lib/python3.10/dist-packages'), ('SNAP', '/snap/qtcreator-ros/107'), ('SNAP_EUID', '1000'), ('LC_PAPER', 'ru_RU.UTF-8'), ('COLCON', '1'), ('CMAKE_PREFIX_PATH', '/home/robot33-6/student133_ws/install/test_visualization:/home/robot33-6/student133_ws/install/test_parameters:/home/robot33-6/student133_ws/install/test_client:/home/robot33-6/student133_ws/install/test_service:/home/robot33-6/student133_ws/install/test_custom_srv:/home/robot33-6/student133_ws/install/test_custom_publisher:/home/robot33-6/student133_ws/install/test_castom_publisher:/home/robot33-6/student133_ws/install/test_custom_msg:/home/robot33-6/student133_ws/install/test_subscriber:/home/robot33-6/student133_ws/install/test_publisher:/home/robot33-6/student133_ws/install/test_pkg:/opt/ros/humble'), ('LIBGL_DRIVERS_PATH', '/snap/qtcreator-ros/107/usr/lib/x86_64-linux-gnu/dri')]), 'shell': False}
[0.571133] (test_custom_srv) StdoutLine: {'line': b'[ 70%] Built target test_custom_srv__rosidl_typesupport_cpp\n'}
[0.574561] (test_service) CommandEnded: {'returncode': 0}
[0.577980] (test_client) StdoutLine: {'line': b'-- Install configuration: "Debug"\n'}
[0.578220] (test_client) StdoutLine: {'line': b'-- Up-to-date: /home/robot33-6/student133_ws/install/test_client/lib/test_client/test_client_node\n'}
[0.578397] (test_publisher) JobProgress: {'identifier': 'test_publisher', 'progress': 'install'}
[0.578440] (test_publisher) Command: {'cmd': ['/usr/bin/cmake', '--install', '/home/robot33-6/student133_ws/build/test_publisher'], 'cwd': '/home/robot33-6/student133_ws/build/test_publisher', 'env': OrderedDict([('GJS_DEBUG_TOPICS', 'JS ERROR;JS LOG'), ('LC_TIME', 'ru_RU.UTF-8'), ('SNAP_COMMON', '/var/snap/qtcreator-ros/common'), ('SNAP_INSTANCE_KEY', ''), ('USER', 'robot33-6'), ('XDG_SESSION_TYPE', 'wayland'), ('LD_LIBRARY_PATH', '/home/robot33-6/student133_ws/install/test_custom_srv/lib:/home/robot33-6/student133_ws/install/test_custom_msg/lib:/opt/ros/humble/opt/rviz_ogre_vendor/lib:/opt/ros/humble/lib/x86_64-linux-gnu:/opt/ros/humble/lib:/snap/qtcreator-ros/107/lib:/snap/qtcreator-ros/107/usr/lib/x86_64-linux-gnu'), ('SHLVL', '331'), ('SNAP_UID', '1000'), ('HOME', '/home/robot33-6'), ('SNAP_LIBRARY_PATH', '/var/lib/snapd/lib/gl:/var/lib/snapd/lib/gl32:/var/lib/snapd/void'), ('DESKTOP_SESSION', 'ubuntu'), ('QTDIR', '/usr/lib/x86_64-linux-gnu/qt5'), ('SNAP_USER_DATA', '/home/robot33-6/snap/qtcreator-ros/107'), ('GIO_LAUNCHED_DESKTOP_FILE', '/var/lib/snapd/desktop/applications/qtcreator-ros_qtcreator-ros.desktop'), ('GNOME_SHELL_SESSION_MODE', 'ubuntu'), ('GTK_MODULES', 'gail:atk-bridge'), ('ROS_PYTHON_VERSION', '3'), ('LC_MONETARY', 'ru_RU.UTF-8'), ('MANAGERPID', '1373'), ('DBUS_SESSION_BUS_ADDRESS', 'unix:path=/run/user/1000/bus'), ('SYSTEMD_EXEC_PID', '1587'), ('GIO_LAUNCHED_DESKTOP_FILE_PID', '3050'), ('SNAP_REVISION', '107'), ('COLCON_PREFIX_PATH', '/home/robot33-6/student133_ws/install'), ('IM_CONFIG_PHASE', '1'), ('ROS_DISTRO', 'humble'), ('WAYLAND_DISPLAY', 'wayland-0'), ('LOGNAME', 'robot33-6'), ('JOURNAL_STREAM', '8:26382'), ('SNAP_CONTEXT', 'zfxwyVEa0dSM0vT388UHnSyWy-Mv84K8RE-CWR0OLT2wc9JrOksa'), ('_', '/usr/bin/env'), ('ROS_VERSION', '2'), ('SNAP_VERSION', '12.0.2'), ('XDG_SESSION_CLASS', 'user'), ('TERM', 'xterm'), ('USERNAME', 'robot33-6'), ('GNOME_DESKTOP_SESSION_ID', 'this-is-deprecated'), ('ROS_LOCALHOST_ONLY', '0'), ('SNAP_INSTANCE_NAME', 'qtcreator-ros'), ('PATH', '/opt/ros/humble/bin:/usr/local/sbin:/usr/local/bin:/usr/sbin:/usr/bin:/sbin:/bin:/usr/games:/usr/local/games:/snap/bin:/snap/bin'), ('INVOCATION_ID', '8be6e9d5a46c4dde9fbe4351f65a98da'), ('SESSION_MANAGER', 'local/robot33-6:@/tmp/.ICE-unix/1547,unix/robot33-6:/tmp/.ICE-unix/1547'), ('BAMF_DESKTOP_FILE_HINT', '/var/lib/snapd/desktop/applications/qtcreator-ros_qtcreator-ros.desktop'), ('GNOME_SETUP_DISPLAY', ':1'), ('LC_ADDRESS', 'ru_RU.UTF-8'), ('SNAP_DATA', '/var/snap/qtcreator-ros/107'), ('XDG_MENU_PREFIX', 'gnome-'), ('XDG_RUNTIME_DIR', '/run/user/1000'), ('DISPLAY', ':0'), ('LANG', 'en_US.UTF-8'), ('LC_TELEPHONE', 'ru_RU.UTF-8'), ('XDG_CURRENT_DESKTOP', 'ubuntu:GNOME'), ('XAUTHORITY', '/run/user/1000/.mutter-Xwaylandauth.NV73K2'), ('XDG_SESSION_DESKTOP', 'ubuntu'), ('XMODIFIERS', '@im=ibus'), ('AMENT_PREFIX_PATH', '/home/robot33-6/student133_ws/install/test_visualization:/home/robot33-6/student133_ws/install/test_parameters:/home/robot33-6/student133_ws/install/test_client:/home/robot33-6/student133_ws/install/test_service:/home/robot33-6/student133_ws/install/test_custom_srv:/home/robot33-6/student133_ws/install/test_custom_publisher:/home/robot33-6/student133_ws/install/test_castom_publisher:/home/robot33-6/student133_ws/install/test_custom_msg:/home/robot33-6/student133_ws/install/test_subscriber:/home/robot33-6/student133_ws/install/test_publisher:/home/robot33-6/student133_ws/install/test_pkg:/opt/ros/humble'), ('SNAP_ARCH', 'amd64'), ('SNAP_COOKIE', 'zfxwyVEa0dSM0vT388UHnSyWy-Mv84K8RE-CWR0OLT2wc9JrOksa'), ('SNAP_USER_COMMON', '/home/robot33-6/snap/qtcreator-ros/common'), ('SSH_AGENT_LAUNCHER', 'gnome-keyring'), ('SSH_AUTH_SOCK', '/run/user/1000/keyring/ssh'), ('LC_NAME', 'ru_RU.UTF-8'), ('SHELL', '/bin/bash'), ('GDMSESSION', 'ubuntu'), ('QT_ACCESSIBILITY', '1'), ('SNAP_REEXEC', ''), ('SNAP_NAME', 'qtcreator-ros'), ('LC_MEASUREMENT', 'ru_RU.UTF-8'), ('GJS_DEBUG_OUTPUT', 'stderr'), ('LC_IDENTIFICATION', 'ru_RU.UTF-8'), ('QT_IM_MODULE', 'ibus'), ('PWD', '/home/robot33-6/student133_ws/build/test_publisher'), ('QT_QPA_PLATFORM', 'wayland;xcb'), ('SNAP_REAL_HOME', '/home/robot33-6'), ('XDG_CONFIG_DIRS', '/etc/xdg/xdg-ubuntu:/etc/xdg'), ('XDG_DATA_DIRS', '/usr/share/ubuntu:/usr/local/share/:/usr/share/:/var/lib/snapd/desktop'), ('LC_NUMERIC', 'ru_RU.UTF-8'), ('PYTHONPATH', '/home/robot33-6/student133_ws/install/test_custom_srv/local/lib/python3.10/dist-packages:/home/robot33-6/student133_ws/install/test_custom_msg/local/lib/python3.10/dist-packages:/opt/ros/humble/lib/python3.10/site-packages:/opt/ros/humble/local/lib/python3.10/dist-packages'), ('SNAP', '/snap/qtcreator-ros/107'), ('SNAP_EUID', '1000'), ('LC_PAPER', 'ru_RU.UTF-8'), ('COLCON', '1'), ('CMAKE_PREFIX_PATH', '/home/robot33-6/student133_ws/install/test_visualization:/home/robot33-6/student133_ws/install/test_parameters:/home/robot33-6/student133_ws/install/test_client:/home/robot33-6/student133_ws/install/test_service:/home/robot33-6/student133_ws/install/test_custom_srv:/home/robot33-6/student133_ws/install/test_custom_publisher:/home/robot33-6/student133_ws/install/test_castom_publisher:/home/robot33-6/student133_ws/install/test_custom_msg:/home/robot33-6/student133_ws/install/test_subscriber:/home/robot33-6/student133_ws/install/test_publisher:/home/robot33-6/student133_ws/install/test_pkg:/opt/ros/humble'), ('LIBGL_DRIVERS_PATH', '/snap/qtcreator-ros/107/usr/lib/x86_64-linux-gnu/dri')]), 'shell': False}
[0.583945] (test_client) StdoutLine: {'line': b'-- Up-to-date: /home/robot33-6/student133_ws/install/test_client/share/ament_index/resource_index/package_run_dependencies/test_client\n'}
[0.584190] (test_client) StdoutLine: {'line': b'-- Up-to-date: /home/robot33-6/student133_ws/install/test_client/share/ament_index/resource_index/parent_prefix_path/test_client\n'}
[0.584296] (test_client) StdoutLine: {'line': b'-- Up-to-date: /home/robot33-6/student133_ws/install/test_client/share/test_client/environment/ament_prefix_path.sh\n'}
[0.584374] (test_client) StdoutLine: {'line': b'-- Up-to-date: /home/robot33-6/student133_ws/install/test_client/share/test_client/environment/ament_prefix_path.dsv\n'}
[0.584447] (test_client) StdoutLine: {'line': b'-- Up-to-date: /home/robot33-6/student133_ws/install/test_client/share/test_client/environment/path.sh\n'}
[0.584539] (test_client) StdoutLine: {'line': b'-- Up-to-date: /home/robot33-6/student133_ws/install/test_client/share/test_client/environment/path.dsv\n'}
[0.584608] (test_client) StdoutLine: {'line': b'-- Up-to-date: /home/robot33-6/student133_ws/install/test_client/share/test_client/local_setup.bash\n'}
[0.584681] (test_client) StdoutLine: {'line': b'-- Up-to-date: /home/robot33-6/student133_ws/install/test_client/share/test_client/local_setup.sh\n'}
[0.584754] (test_client) StdoutLine: {'line': b'-- Up-to-date: /home/robot33-6/student133_ws/install/test_client/share/test_client/local_setup.zsh\n'}
[0.584827] (test_client) StdoutLine: {'line': b'-- Up-to-date: /home/robot33-6/student133_ws/install/test_client/share/test_client/local_setup.dsv\n'}
[0.584897] (test_client) StdoutLine: {'line': b'-- Installing: /home/robot33-6/student133_ws/install/test_client/share/test_client/package.dsv\n'}
[0.584979] (test_client) StdoutLine: {'line': b'-- Up-to-date: /home/robot33-6/student133_ws/install/test_client/share/ament_index/resource_index/packages/test_client\n'}
[0.585055] (test_client) StdoutLine: {'line': b'-- Up-to-date: /home/robot33-6/student133_ws/install/test_client/share/test_client/cmake/test_clientConfig.cmake\n'}
[0.585137] (test_client) StdoutLine: {'line': b'-- Up-to-date: /home/robot33-6/student133_ws/install/test_client/share/test_client/cmake/test_clientConfig-version.cmake\n'}
[0.585221] (test_client) StdoutLine: {'line': b'-- Up-to-date: /home/robot33-6/student133_ws/install/test_client/share/test_client/package.xml\n'}
[0.585307] (test_pkg) StdoutLine: {'line': b'-- Install configuration: "Debug"\n'}
[0.585401] (test_pkg) StdoutLine: {'line': b'-- Up-to-date: /home/robot33-6/student133_ws/install/test_pkg/lib/test_pkg/test_pkg_node\n'}
[0.585474] (test_pkg) StdoutLine: {'line': b'-- Up-to-date: /home/robot33-6/student133_ws/install/test_pkg/share/ament_index/resource_index/package_run_dependencies/test_pkg\n'}
[0.585548] (test_pkg) StdoutLine: {'line': b'-- Up-to-date: /home/robot33-6/student133_ws/install/test_pkg/share/ament_index/resource_index/parent_prefix_path/test_pkg\n'}
[0.585631] (test_pkg) StdoutLine: {'line': b'-- Up-to-date: /home/robot33-6/student133_ws/install/test_pkg/share/test_pkg/environment/ament_prefix_path.sh\n'}
[0.585716] (test_pkg) StdoutLine: {'line': b'-- Up-to-date: /home/robot33-6/student133_ws/install/test_pkg/share/test_pkg/environment/ament_prefix_path.dsv\n'}
[0.585804] (test_pkg) StdoutLine: {'line': b'-- Up-to-date: /home/robot33-6/student133_ws/install/test_pkg/share/test_pkg/environment/path.sh\n'}
[0.585893] (test_pkg) StdoutLine: {'line': b'-- Up-to-date: /home/robot33-6/student133_ws/install/test_pkg/share/test_pkg/environment/path.dsv\n'}
[0.585980] (test_client) CommandEnded: {'returncode': 0}
[0.600126] (-) TimerEvent: {}
[0.666591] (test_pkg) StdoutLine: {'line': b'-- Up-to-date: /home/robot33-6/student133_ws/install/test_pkg/share/test_pkg/local_setup.bash\n'}
[0.667394] (test_pkg) StdoutLine: {'line': b'-- Up-to-date: /home/robot33-6/student133_ws/install/test_pkg/share/test_pkg/local_setup.sh\n'}
[0.667519] (test_pkg) StdoutLine: {'line': b'-- Up-to-date: /home/robot33-6/student133_ws/install/test_pkg/share/test_pkg/local_setup.zsh\n'}
[0.667618] (test_pkg) StdoutLine: {'line': b'-- Up-to-date: /home/robot33-6/student133_ws/install/test_pkg/share/test_pkg/local_setup.dsv\n'}
[0.667714] (test_pkg) StdoutLine: {'line': b'-- Installing: /home/robot33-6/student133_ws/install/test_pkg/share/test_pkg/package.dsv\n'}
[0.667808] (test_pkg) StdoutLine: {'line': b'-- Up-to-date: /home/robot33-6/student133_ws/install/test_pkg/share/ament_index/resource_index/packages/test_pkg\n'}
[0.667903] (test_pkg) StdoutLine: {'line': b'-- Up-to-date: /home/robot33-6/student133_ws/install/test_pkg/share/test_pkg/cmake/test_pkgConfig.cmake\n'}
[0.667998] (test_pkg) StdoutLine: {'line': b'-- Up-to-date: /home/robot33-6/student133_ws/install/test_pkg/share/test_pkg/cmake/test_pkgConfig-version.cmake\n'}
[0.668119] (test_pkg) StdoutLine: {'line': b'-- Up-to-date: /home/robot33-6/student133_ws/install/test_pkg/share/test_pkg/package.xml\n'}
[0.668216] (test_publisher) StdoutLine: {'line': b'-- Install configuration: "Debug"\n'}
[0.668429] (test_publisher) StdoutLine: {'line': b'-- Up-to-date: /home/robot33-6/student133_ws/install/test_publisher/lib/test_publisher/test_publisher_node\n'}
[0.669159] (test_publisher) StdoutLine: {'line': b'-- Up-to-date: /home/robot33-6/student133_ws/install/test_publisher/share/ament_index/resource_index/package_run_dependencies/test_publisher\n'}
[0.669477] (test_publisher) StdoutLine: {'line': b'-- Up-to-date: /home/robot33-6/student133_ws/install/test_publisher/share/ament_index/resource_index/parent_prefix_path/test_publisher\n'}
[0.669693] (test_publisher) StdoutLine: {'line': b'-- Up-to-date: /home/robot33-6/student133_ws/install/test_publisher/share/test_publisher/environment/ament_prefix_path.sh\n'}
[0.669914] (test_publisher) StdoutLine: {'line': b'-- Up-to-date: /home/robot33-6/student133_ws/install/test_publisher/share/test_publisher/environment/ament_prefix_path.dsv\n'}
[0.670049] (test_publisher) StdoutLine: {'line': b'-- Up-to-date: /home/robot33-6/student133_ws/install/test_publisher/share/test_publisher/environment/path.sh\n'}
[0.670305] (test_publisher) StdoutLine: {'line': b'-- Up-to-date: /home/robot33-6/student133_ws/install/test_publisher/share/test_publisher/environment/path.dsv\n'}
[0.670411] (test_publisher) StdoutLine: {'line': b'-- Up-to-date: /home/robot33-6/student133_ws/install/test_publisher/share/test_publisher/local_setup.bash\n'}
[0.670679] (test_publisher) StdoutLine: {'line': b'-- Up-to-date: /home/robot33-6/student133_ws/install/test_publisher/share/test_publisher/local_setup.sh\n'}
[0.670786] (test_publisher) StdoutLine: {'line': b'-- Up-to-date: /home/robot33-6/student133_ws/install/test_publisher/share/test_publisher/local_setup.zsh\n'}
[0.671149] (test_publisher) StdoutLine: {'line': b'-- Up-to-date: /home/robot33-6/student133_ws/install/test_publisher/share/test_publisher/local_setup.dsv\n'}
[0.671338] (test_publisher) StdoutLine: {'line': b'-- Installing: /home/robot33-6/student133_ws/install/test_publisher/share/test_publisher/package.dsv\n'}
[0.671444] (test_publisher) StdoutLine: {'line': b'-- Up-to-date: /home/robot33-6/student133_ws/install/test_publisher/share/ament_index/resource_index/packages/test_publisher\n'}
[0.671652] (test_publisher) StdoutLine: {'line': b'-- Up-to-date: /home/robot33-6/student133_ws/install/test_publisher/share/test_publisher/cmake/test_publisherConfig.cmake\n'}
[0.671833] (test_publisher) StdoutLine: {'line': b'-- Up-to-date: /home/robot33-6/student133_ws/install/test_publisher/share/test_publisher/cmake/test_publisherConfig-version.cmake\n'}
[0.671965] (test_publisher) StdoutLine: {'line': b'-- Up-to-date: /home/robot33-6/student133_ws/install/test_publisher/share/test_publisher/package.xml\n'}
[0.672172] (test_custom_srv) StdoutLine: {'line': b'[ 70%] Built target test_custom_srv\n'}
[0.672387] (test_custom_srv) StdoutLine: {'line': b'[ 74%] Built target test_custom_srv__py\n'}
[0.672625] (test_custom_srv) StdoutLine: {'line': b'[ 80%] Built target test_custom_srv__rosidl_generator_py\n'}
[0.672755] (test_custom_srv) StdoutLine: {'line': b'[100%] Built target test_custom_srv__rosidl_typesupport_c__pyext\n'}
[0.672982] (test_custom_srv) StdoutLine: {'line': b'[100%] Built target test_custom_srv__rosidl_typesupport_fastrtps_c__pyext\n'}
[0.673198] (test_custom_srv) StdoutLine: {'line': b'[100%] Built target test_custom_srv__rosidl_typesupport_introspection_c__pyext\n'}
[0.673332] (test_custom_publisher) StdoutLine: {'line': b'-- Found rclcpp: 16.0.8 (/opt/ros/humble/share/rclcpp/cmake)\n'}
[0.673549] (test_pkg) CommandEnded: {'returncode': 0}
[0.700758] (-) TimerEvent: {}
[0.717869] (test_publisher) CommandEnded: {'returncode': 0}
[0.767903] (test_parameters) JobProgress: {'identifier': 'test_parameters', 'progress': 'install'}
[0.767972] (test_parameters) Command: {'cmd': ['/usr/bin/cmake', '--install', '/home/robot33-6/student133_ws/build/test_parameters'], 'cwd': '/home/robot33-6/student133_ws/build/test_parameters', 'env': OrderedDict([('GJS_DEBUG_TOPICS', 'JS ERROR;JS LOG'), ('LC_TIME', 'ru_RU.UTF-8'), ('SNAP_COMMON', '/var/snap/qtcreator-ros/common'), ('SNAP_INSTANCE_KEY', ''), ('USER', 'robot33-6'), ('XDG_SESSION_TYPE', 'wayland'), ('LD_LIBRARY_PATH', '/home/robot33-6/student133_ws/install/test_custom_srv/lib:/home/robot33-6/student133_ws/install/test_custom_msg/lib:/opt/ros/humble/opt/rviz_ogre_vendor/lib:/opt/ros/humble/lib/x86_64-linux-gnu:/opt/ros/humble/lib:/snap/qtcreator-ros/107/lib:/snap/qtcreator-ros/107/usr/lib/x86_64-linux-gnu'), ('SHLVL', '331'), ('SNAP_UID', '1000'), ('HOME', '/home/robot33-6'), ('SNAP_LIBRARY_PATH', '/var/lib/snapd/lib/gl:/var/lib/snapd/lib/gl32:/var/lib/snapd/void'), ('DESKTOP_SESSION', 'ubuntu'), ('QTDIR', '/usr/lib/x86_64-linux-gnu/qt5'), ('SNAP_USER_DATA', '/home/robot33-6/snap/qtcreator-ros/107'), ('GIO_LAUNCHED_DESKTOP_FILE', '/var/lib/snapd/desktop/applications/qtcreator-ros_qtcreator-ros.desktop'), ('GNOME_SHELL_SESSION_MODE', 'ubuntu'), ('GTK_MODULES', 'gail:atk-bridge'), ('ROS_PYTHON_VERSION', '3'), ('LC_MONETARY', 'ru_RU.UTF-8'), ('MANAGERPID', '1373'), ('DBUS_SESSION_BUS_ADDRESS', 'unix:path=/run/user/1000/bus'), ('SYSTEMD_EXEC_PID', '1587'), ('GIO_LAUNCHED_DESKTOP_FILE_PID', '3050'), ('SNAP_REVISION', '107'), ('COLCON_PREFIX_PATH', '/home/robot33-6/student133_ws/install'), ('IM_CONFIG_PHASE', '1'), ('ROS_DISTRO', 'humble'), ('WAYLAND_DISPLAY', 'wayland-0'), ('LOGNAME', 'robot33-6'), ('JOURNAL_STREAM', '8:26382'), ('SNAP_CONTEXT', 'zfxwyVEa0dSM0vT388UHnSyWy-Mv84K8RE-CWR0OLT2wc9JrOksa'), ('_', '/usr/bin/env'), ('ROS_VERSION', '2'), ('SNAP_VERSION', '12.0.2'), ('XDG_SESSION_CLASS', 'user'), ('TERM', 'xterm'), ('USERNAME', 'robot33-6'), ('GNOME_DESKTOP_SESSION_ID', 'this-is-deprecated'), ('ROS_LOCALHOST_ONLY', '0'), ('SNAP_INSTANCE_NAME', 'qtcreator-ros'), ('PATH', '/opt/ros/humble/bin:/usr/local/sbin:/usr/local/bin:/usr/sbin:/usr/bin:/sbin:/bin:/usr/games:/usr/local/games:/snap/bin:/snap/bin'), ('INVOCATION_ID', '8be6e9d5a46c4dde9fbe4351f65a98da'), ('SESSION_MANAGER', 'local/robot33-6:@/tmp/.ICE-unix/1547,unix/robot33-6:/tmp/.ICE-unix/1547'), ('BAMF_DESKTOP_FILE_HINT', '/var/lib/snapd/desktop/applications/qtcreator-ros_qtcreator-ros.desktop'), ('GNOME_SETUP_DISPLAY', ':1'), ('LC_ADDRESS', 'ru_RU.UTF-8'), ('SNAP_DATA', '/var/snap/qtcreator-ros/107'), ('XDG_MENU_PREFIX', 'gnome-'), ('XDG_RUNTIME_DIR', '/run/user/1000'), ('DISPLAY', ':0'), ('LANG', 'en_US.UTF-8'), ('LC_TELEPHONE', 'ru_RU.UTF-8'), ('XDG_CURRENT_DESKTOP', 'ubuntu:GNOME'), ('XAUTHORITY', '/run/user/1000/.mutter-Xwaylandauth.NV73K2'), ('XDG_SESSION_DESKTOP', 'ubuntu'), ('XMODIFIERS', '@im=ibus'), ('AMENT_PREFIX_PATH', '/home/robot33-6/student133_ws/install/test_visualization:/home/robot33-6/student133_ws/install/test_parameters:/home/robot33-6/student133_ws/install/test_client:/home/robot33-6/student133_ws/install/test_service:/home/robot33-6/student133_ws/install/test_custom_srv:/home/robot33-6/student133_ws/install/test_custom_publisher:/home/robot33-6/student133_ws/install/test_castom_publisher:/home/robot33-6/student133_ws/install/test_custom_msg:/home/robot33-6/student133_ws/install/test_subscriber:/home/robot33-6/student133_ws/install/test_publisher:/home/robot33-6/student133_ws/install/test_pkg:/opt/ros/humble'), ('SNAP_ARCH', 'amd64'), ('SNAP_COOKIE', 'zfxwyVEa0dSM0vT388UHnSyWy-Mv84K8RE-CWR0OLT2wc9JrOksa'), ('SNAP_USER_COMMON', '/home/robot33-6/snap/qtcreator-ros/common'), ('SSH_AGENT_LAUNCHER', 'gnome-keyring'), ('SSH_AUTH_SOCK', '/run/user/1000/keyring/ssh'), ('LC_NAME', 'ru_RU.UTF-8'), ('SHELL', '/bin/bash'), ('GDMSESSION', 'ubuntu'), ('QT_ACCESSIBILITY', '1'), ('SNAP_REEXEC', ''), ('SNAP_NAME', 'qtcreator-ros'), ('LC_MEASUREMENT', 'ru_RU.UTF-8'), ('GJS_DEBUG_OUTPUT', 'stderr'), ('LC_IDENTIFICATION', 'ru_RU.UTF-8'), ('QT_IM_MODULE', 'ibus'), ('PWD', '/home/robot33-6/student133_ws/build/test_parameters'), ('QT_QPA_PLATFORM', 'wayland;xcb'), ('SNAP_REAL_HOME', '/home/robot33-6'), ('XDG_CONFIG_DIRS', '/etc/xdg/xdg-ubuntu:/etc/xdg'), ('XDG_DATA_DIRS', '/usr/share/ubuntu:/usr/local/share/:/usr/share/:/var/lib/snapd/desktop'), ('LC_NUMERIC', 'ru_RU.UTF-8'), ('PYTHONPATH', '/home/robot33-6/student133_ws/install/test_custom_srv/local/lib/python3.10/dist-packages:/home/robot33-6/student133_ws/install/test_custom_msg/local/lib/python3.10/dist-packages:/opt/ros/humble/lib/python3.10/site-packages:/opt/ros/humble/local/lib/python3.10/dist-packages'), ('SNAP', '/snap/qtcreator-ros/107'), ('SNAP_EUID', '1000'), ('LC_PAPER', 'ru_RU.UTF-8'), ('COLCON', '1'), ('CMAKE_PREFIX_PATH', '/home/robot33-6/student133_ws/install/test_visualization:/home/robot33-6/student133_ws/install/test_parameters:/home/robot33-6/student133_ws/install/test_client:/home/robot33-6/student133_ws/install/test_service:/home/robot33-6/student133_ws/install/test_custom_srv:/home/robot33-6/student133_ws/install/test_custom_publisher:/home/robot33-6/student133_ws/install/test_castom_publisher:/home/robot33-6/student133_ws/install/test_custom_msg:/home/robot33-6/student133_ws/install/test_subscriber:/home/robot33-6/student133_ws/install/test_publisher:/home/robot33-6/student133_ws/install/test_pkg:/opt/ros/humble'), ('LIBGL_DRIVERS_PATH', '/snap/qtcreator-ros/107/usr/lib/x86_64-linux-gnu/dri')]), 'shell': False}
[0.769528] (test_service) JobProgress: {'identifier': 'test_service', 'progress': 'install'}
[0.769586] (test_service) Command: {'cmd': ['/usr/bin/cmake', '--install', '/home/robot33-6/student133_ws/build/test_service'], 'cwd': '/home/robot33-6/student133_ws/build/test_service', 'env': OrderedDict([('GJS_DEBUG_TOPICS', 'JS ERROR;JS LOG'), ('LC_TIME', 'ru_RU.UTF-8'), ('SNAP_COMMON', '/var/snap/qtcreator-ros/common'), ('SNAP_INSTANCE_KEY', ''), ('USER', 'robot33-6'), ('XDG_SESSION_TYPE', 'wayland'), ('LD_LIBRARY_PATH', '/home/robot33-6/student133_ws/install/test_custom_srv/lib:/home/robot33-6/student133_ws/install/test_custom_msg/lib:/opt/ros/humble/opt/rviz_ogre_vendor/lib:/opt/ros/humble/lib/x86_64-linux-gnu:/opt/ros/humble/lib:/snap/qtcreator-ros/107/lib:/snap/qtcreator-ros/107/usr/lib/x86_64-linux-gnu'), ('SHLVL', '331'), ('SNAP_UID', '1000'), ('HOME', '/home/robot33-6'), ('SNAP_LIBRARY_PATH', '/var/lib/snapd/lib/gl:/var/lib/snapd/lib/gl32:/var/lib/snapd/void'), ('DESKTOP_SESSION', 'ubuntu'), ('QTDIR', '/usr/lib/x86_64-linux-gnu/qt5'), ('SNAP_USER_DATA', '/home/robot33-6/snap/qtcreator-ros/107'), ('GIO_LAUNCHED_DESKTOP_FILE', '/var/lib/snapd/desktop/applications/qtcreator-ros_qtcreator-ros.desktop'), ('GNOME_SHELL_SESSION_MODE', 'ubuntu'), ('GTK_MODULES', 'gail:atk-bridge'), ('ROS_PYTHON_VERSION', '3'), ('LC_MONETARY', 'ru_RU.UTF-8'), ('MANAGERPID', '1373'), ('DBUS_SESSION_BUS_ADDRESS', 'unix:path=/run/user/1000/bus'), ('SYSTEMD_EXEC_PID', '1587'), ('GIO_LAUNCHED_DESKTOP_FILE_PID', '3050'), ('SNAP_REVISION', '107'), ('COLCON_PREFIX_PATH', '/home/robot33-6/student133_ws/install'), ('IM_CONFIG_PHASE', '1'), ('ROS_DISTRO', 'humble'), ('WAYLAND_DISPLAY', 'wayland-0'), ('LOGNAME', 'robot33-6'), ('JOURNAL_STREAM', '8:26382'), ('SNAP_CONTEXT', 'zfxwyVEa0dSM0vT388UHnSyWy-Mv84K8RE-CWR0OLT2wc9JrOksa'), ('_', '/usr/bin/env'), ('ROS_VERSION', '2'), ('SNAP_VERSION', '12.0.2'), ('XDG_SESSION_CLASS', 'user'), ('TERM', 'xterm'), ('USERNAME', 'robot33-6'), ('GNOME_DESKTOP_SESSION_ID', 'this-is-deprecated'), ('ROS_LOCALHOST_ONLY', '0'), ('SNAP_INSTANCE_NAME', 'qtcreator-ros'), ('PATH', '/opt/ros/humble/bin:/usr/local/sbin:/usr/local/bin:/usr/sbin:/usr/bin:/sbin:/bin:/usr/games:/usr/local/games:/snap/bin:/snap/bin'), ('INVOCATION_ID', '8be6e9d5a46c4dde9fbe4351f65a98da'), ('SESSION_MANAGER', 'local/robot33-6:@/tmp/.ICE-unix/1547,unix/robot33-6:/tmp/.ICE-unix/1547'), ('BAMF_DESKTOP_FILE_HINT', '/var/lib/snapd/desktop/applications/qtcreator-ros_qtcreator-ros.desktop'), ('GNOME_SETUP_DISPLAY', ':1'), ('LC_ADDRESS', 'ru_RU.UTF-8'), ('SNAP_DATA', '/var/snap/qtcreator-ros/107'), ('XDG_MENU_PREFIX', 'gnome-'), ('XDG_RUNTIME_DIR', '/run/user/1000'), ('DISPLAY', ':0'), ('LANG', 'en_US.UTF-8'), ('LC_TELEPHONE', 'ru_RU.UTF-8'), ('XDG_CURRENT_DESKTOP', 'ubuntu:GNOME'), ('XAUTHORITY', '/run/user/1000/.mutter-Xwaylandauth.NV73K2'), ('XDG_SESSION_DESKTOP', 'ubuntu'), ('XMODIFIERS', '@im=ibus'), ('AMENT_PREFIX_PATH', '/home/robot33-6/student133_ws/install/test_visualization:/home/robot33-6/student133_ws/install/test_parameters:/home/robot33-6/student133_ws/install/test_client:/home/robot33-6/student133_ws/install/test_service:/home/robot33-6/student133_ws/install/test_custom_srv:/home/robot33-6/student133_ws/install/test_custom_publisher:/home/robot33-6/student133_ws/install/test_castom_publisher:/home/robot33-6/student133_ws/install/test_custom_msg:/home/robot33-6/student133_ws/install/test_subscriber:/home/robot33-6/student133_ws/install/test_publisher:/home/robot33-6/student133_ws/install/test_pkg:/opt/ros/humble'), ('SNAP_ARCH', 'amd64'), ('SNAP_COOKIE', 'zfxwyVEa0dSM0vT388UHnSyWy-Mv84K8RE-CWR0OLT2wc9JrOksa'), ('SNAP_USER_COMMON', '/home/robot33-6/snap/qtcreator-ros/common'), ('SSH_AGENT_LAUNCHER', 'gnome-keyring'), ('SSH_AUTH_SOCK', '/run/user/1000/keyring/ssh'), ('LC_NAME', 'ru_RU.UTF-8'), ('SHELL', '/bin/bash'), ('GDMSESSION', 'ubuntu'), ('QT_ACCESSIBILITY', '1'), ('SNAP_REEXEC', ''), ('SNAP_NAME', 'qtcreator-ros'), ('LC_MEASUREMENT', 'ru_RU.UTF-8'), ('GJS_DEBUG_OUTPUT', 'stderr'), ('LC_IDENTIFICATION', 'ru_RU.UTF-8'), ('QT_IM_MODULE', 'ibus'), ('PWD', '/home/robot33-6/student133_ws/build/test_service'), ('QT_QPA_PLATFORM', 'wayland;xcb'), ('SNAP_REAL_HOME', '/home/robot33-6'), ('XDG_CONFIG_DIRS', '/etc/xdg/xdg-ubuntu:/etc/xdg'), ('XDG_DATA_DIRS', '/usr/share/ubuntu:/usr/local/share/:/usr/share/:/var/lib/snapd/desktop'), ('LC_NUMERIC', 'ru_RU.UTF-8'), ('PYTHONPATH', '/home/robot33-6/student133_ws/install/test_custom_srv/local/lib/python3.10/dist-packages:/home/robot33-6/student133_ws/install/test_custom_msg/local/lib/python3.10/dist-packages:/opt/ros/humble/lib/python3.10/site-packages:/opt/ros/humble/local/lib/python3.10/dist-packages'), ('SNAP', '/snap/qtcreator-ros/107'), ('SNAP_EUID', '1000'), ('LC_PAPER', 'ru_RU.UTF-8'), ('COLCON', '1'), ('CMAKE_PREFIX_PATH', '/home/robot33-6/student133_ws/install/test_visualization:/home/robot33-6/student133_ws/install/test_parameters:/home/robot33-6/student133_ws/install/test_client:/home/robot33-6/student133_ws/install/test_service:/home/robot33-6/student133_ws/install/test_custom_srv:/home/robot33-6/student133_ws/install/test_custom_publisher:/home/robot33-6/student133_ws/install/test_castom_publisher:/home/robot33-6/student133_ws/install/test_custom_msg:/home/robot33-6/student133_ws/install/test_subscriber:/home/robot33-6/student133_ws/install/test_publisher:/home/robot33-6/student133_ws/install/test_pkg:/opt/ros/humble'), ('LIBGL_DRIVERS_PATH', '/snap/qtcreator-ros/107/usr/lib/x86_64-linux-gnu/dri')]), 'shell': False}
[0.771170] (test_custom_msg) StdoutLine: {'line': b'-- Found geometry_msgs: 4.2.3 (/opt/ros/humble/share/geometry_msgs/cmake)\n'}
[0.772417] (test_custom_msg) StdoutLine: {'line': b'-- Found rosidl_generator_c: 3.1.5 (/opt/ros/humble/share/rosidl_generator_c/cmake)\n'}
[0.772939] (test_custom_msg) StdoutLine: {'line': b'-- Found rosidl_adapter: 3.1.5 (/opt/ros/humble/share/rosidl_adapter/cmake)\n'}
[0.773211] (test_custom_msg) StdoutLine: {'line': b'-- Found rosidl_generator_cpp: 3.1.5 (/opt/ros/humble/share/rosidl_generator_cpp/cmake)\n'}
[0.773354] (test_custom_msg) StdoutLine: {'line': b'-- Using all available rosidl_typesupport_c: rosidl_typesupport_fastrtps_c;rosidl_typesupport_introspection_c\n'}
[0.773552] (test_custom_msg) StdoutLine: {'line': b'-- Using all available rosidl_typesupport_cpp: rosidl_typesupport_fastrtps_cpp;rosidl_typesupport_introspection_cpp\n'}
[0.773664] (test_custom_publisher) StdoutLine: {'line': b'-- Found rosidl_generator_c: 3.1.5 (/opt/ros/humble/share/rosidl_generator_c/cmake)\n'}
[0.773952] (test_custom_publisher) StdoutLine: {'line': b'-- Found rosidl_adapter: 3.1.5 (/opt/ros/humble/share/rosidl_adapter/cmake)\n'}
[0.774075] (test_custom_publisher) StdoutLine: {'line': b'-- Found rosidl_generator_cpp: 3.1.5 (/opt/ros/humble/share/rosidl_generator_cpp/cmake)\n'}
[0.774178] (test_custom_publisher) StdoutLine: {'line': b'-- Using all available rosidl_typesupport_c: rosidl_typesupport_fastrtps_c;rosidl_typesupport_introspection_c\n'}
[0.774270] (test_custom_publisher) StdoutLine: {'line': b'-- Using all available rosidl_typesupport_cpp: rosidl_typesupport_fastrtps_cpp;rosidl_typesupport_introspection_cpp\n'}
[0.800865] (-) TimerEvent: {}
[0.833811] (test_client) JobEnded: {'identifier': 'test_client', 'rc': 0}
[0.888011] (test_pkg) JobEnded: {'identifier': 'test_pkg', 'rc': 0}
[0.888727] (test_subscriber) JobStarted: {'identifier': 'test_subscriber'}
[0.901085] (-) TimerEvent: {}
[0.940415] (test_custom_publisher) StdoutLine: {'line': b'-- Found rmw_implementation_cmake: 6.1.1 (/opt/ros/humble/share/rmw_implementation_cmake/cmake)\n'}
[0.941214] (test_custom_publisher) StdoutLine: {'line': b'-- Found rmw_fastrtps_cpp: 6.2.6 (/opt/ros/humble/share/rmw_fastrtps_cpp/cmake)\n'}
[0.941553] (test_parameters) StdoutLine: {'line': b'-- Install configuration: "Debug"\n'}
[0.941740] (test_parameters) StdoutLine: {'line': b'-- Up-to-date: /home/robot33-6/student133_ws/install/test_parameters/share/test_parameters/launch\n'}
[0.941919] (test_parameters) StdoutLine: {'line': b'-- Up-to-date: /home/robot33-6/student133_ws/install/test_parameters/share/test_parameters/launch/test_parameters_launch.py\n'}
[0.942124] (test_parameters) StdoutLine: {'line': b'-- Up-to-date: /home/robot33-6/student133_ws/install/test_parameters/lib/test_parameters/test_parameters_node\n'}
[0.942300] (test_parameters) StdoutLine: {'line': b'-- Up-to-date: /home/robot33-6/student133_ws/install/test_parameters/share/ament_index/resource_index/package_run_dependencies/test_parameters\n'}
[0.942477] (test_parameters) StdoutLine: {'line': b'-- Up-to-date: /home/robot33-6/student133_ws/install/test_parameters/share/ament_index/resource_index/parent_prefix_path/test_parameters\n'}
[0.942630] (test_parameters) StdoutLine: {'line': b'-- Up-to-date: /home/robot33-6/student133_ws/install/test_parameters/share/test_parameters/environment/ament_prefix_path.sh\n'}
[0.942775] (test_parameters) StdoutLine: {'line': b'-- Up-to-date: /home/robot33-6/student133_ws/install/test_parameters/share/test_parameters/environment/ament_prefix_path.dsv\n'}
[0.942930] (test_parameters) StdoutLine: {'line': b'-- Up-to-date: /home/robot33-6/student133_ws/install/test_parameters/share/test_parameters/environment/path.sh\n'}
[0.943122] (test_parameters) StdoutLine: {'line': b'-- Up-to-date: /home/robot33-6/student133_ws/install/test_parameters/share/test_parameters/environment/path.dsv\n'}
[0.943290] (test_parameters) StdoutLine: {'line': b'-- Up-to-date: /home/robot33-6/student133_ws/install/test_parameters/share/test_parameters/local_setup.bash\n'}
[0.943410] (test_parameters) StdoutLine: {'line': b'-- Up-to-date: /home/robot33-6/student133_ws/install/test_parameters/share/test_parameters/local_setup.sh\n'}
[0.943567] (test_parameters) StdoutLine: {'line': b'-- Up-to-date: /home/robot33-6/student133_ws/install/test_parameters/share/test_parameters/local_setup.zsh\n'}
[0.943674] (test_parameters) StdoutLine: {'line': b'-- Up-to-date: /home/robot33-6/student133_ws/install/test_parameters/share/test_parameters/local_setup.dsv\n'}
[0.943868] (test_parameters) StdoutLine: {'line': b'-- Installing: /home/robot33-6/student133_ws/install/test_parameters/share/test_parameters/package.dsv\n'}
[0.943945] (test_parameters) StdoutLine: {'line': b'-- Up-to-date: /home/robot33-6/student133_ws/install/test_parameters/share/ament_index/resource_index/packages/test_parameters\n'}
[0.944012] (test_parameters) StdoutLine: {'line': b'-- Up-to-date: /home/robot33-6/student133_ws/install/test_parameters/share/test_parameters/cmake/test_parametersConfig.cmake\n'}
[0.944077] (test_parameters) StdoutLine: {'line': b'-- Up-to-date: /home/robot33-6/student133_ws/install/test_parameters/share/test_parameters/cmake/test_parametersConfig-version.cmake\n'}
[0.944140] (test_parameters) StdoutLine: {'line': b'-- Up-to-date: /home/robot33-6/student133_ws/install/test_parameters/share/test_parameters/package.xml\n'}
[0.944203] (test_service) StdoutLine: {'line': b'-- Install configuration: "Debug"\n'}
[0.944360] (test_service) StdoutLine: {'line': b'-- Up-to-date: /home/robot33-6/student133_ws/install/test_service/lib/test_service/test_service_node\n'}
[0.944429] (test_service) StdoutLine: {'line': b'-- Up-to-date: /home/robot33-6/student133_ws/install/test_service/share/ament_index/resource_index/package_run_dependencies/test_service\n'}
[0.944530] (test_service) StdoutLine: {'line': b'-- Up-to-date: /home/robot33-6/student133_ws/install/test_service/share/ament_index/resource_index/parent_prefix_path/test_service\n'}
[0.944685] (test_service) StdoutLine: {'line': b'-- Up-to-date: /home/robot33-6/student133_ws/install/test_service/share/test_service/environment/ament_prefix_path.sh\n'}
[0.944754] (test_service) StdoutLine: {'line': b'-- Up-to-date: /home/robot33-6/student133_ws/install/test_service/share/test_service/environment/ament_prefix_path.dsv\n'}
[0.944817] (test_service) StdoutLine: {'line': b'-- Up-to-date: /home/robot33-6/student133_ws/install/test_service/share/test_service/environment/path.sh\n'}
[0.944878] (test_service) StdoutLine: {'line': b'-- Up-to-date: /home/robot33-6/student133_ws/install/test_service/share/test_service/environment/path.dsv\n'}
[0.944940] (test_service) StdoutLine: {'line': b'-- Up-to-date: /home/robot33-6/student133_ws/install/test_service/share/test_service/local_setup.bash\n'}
[0.945001] (test_service) StdoutLine: {'line': b'-- Up-to-date: /home/robot33-6/student133_ws/install/test_service/share/test_service/local_setup.sh\n'}
[0.945062] (test_service) StdoutLine: {'line': b'-- Up-to-date: /home/robot33-6/student133_ws/install/test_service/share/test_service/local_setup.zsh\n'}
[0.945123] (test_service) StdoutLine: {'line': b'-- Up-to-date: /home/robot33-6/student133_ws/install/test_service/share/test_service/local_setup.dsv\n'}
[0.945197] (test_service) StdoutLine: {'line': b'-- Installing: /home/robot33-6/student133_ws/install/test_service/share/test_service/package.dsv\n'}
[0.945256] (test_service) StdoutLine: {'line': b'-- Up-to-date: /home/robot33-6/student133_ws/install/test_service/share/ament_index/resource_index/packages/test_service\n'}
[0.945315] (test_service) StdoutLine: {'line': b'-- Up-to-date: /home/robot33-6/student133_ws/install/test_service/share/test_service/cmake/test_serviceConfig.cmake\n'}
[0.945375] (test_service) StdoutLine: {'line': b'-- Up-to-date: /home/robot33-6/student133_ws/install/test_service/share/test_service/cmake/test_serviceConfig-version.cmake\n'}
[0.945434] (test_service) StdoutLine: {'line': b'-- Up-to-date: /home/robot33-6/student133_ws/install/test_service/share/test_service/package.xml\n'}
[0.945493] (test_custom_srv) StdoutLine: {'line': b'running egg_info\n'}
[0.945613] (test_custom_srv) StdoutLine: {'line': b'writing test_custom_srv.egg-info/PKG-INFO\n'}
[0.945682] (test_custom_srv) StdoutLine: {'line': b'writing dependency_links to test_custom_srv.egg-info/dependency_links.txt\n'}
[0.945837] (test_custom_srv) StdoutLine: {'line': b'writing top-level names to test_custom_srv.egg-info/top_level.txt\n'}
[0.945901] (test_custom_srv) StdoutLine: {'line': b"reading manifest file 'test_custom_srv.egg-info/SOURCES.txt'\n"}
[0.945962] (test_custom_srv) StdoutLine: {'line': b"writing manifest file 'test_custom_srv.egg-info/SOURCES.txt'\n"}
[0.946023] (test_custom_srv) StdoutLine: {'line': b'[100%] Built target ament_cmake_python_build_test_custom_srv_egg\n'}
[0.946090] (test_visualization) JobStarted: {'identifier': 'test_visualization'}
[0.997016] (test_custom_msg) StdoutLine: {'line': b'-- Found rosidl_default_generators: 1.2.0 (/opt/ros/humble/share/rosidl_default_generators/cmake)\n'}
[0.997289] (test_custom_msg) StdoutLine: {'line': b'-- Found ament_lint_auto: 0.12.10 (/opt/ros/humble/share/ament_lint_auto/cmake)\n'}
[0.997402] (test_custom_publisher) StdoutLine: {'line': b"-- Using RMW implementation 'rmw_fastrtps_cpp' as default\n"}
[0.997546] (test_parameters) CommandEnded: {'returncode': 0}
[1.001147] (-) TimerEvent: {}
[1.039611] (test_service) CommandEnded: {'returncode': 0}
[1.101233] (-) TimerEvent: {}
[1.103339] (test_custom_srv) CommandEnded: {'returncode': 0}
[1.166230] (test_publisher) JobEnded: {'identifier': 'test_publisher', 'rc': 0}
[1.167841] (test_custom_publisher) StdoutLine: {'line': b'-- Found test_custom_msg: 0.0.0 (/home/robot33-6/student133_ws/install/test_custom_msg/share/test_custom_msg/cmake)\n'}
[1.167998] (test_custom_publisher) StdoutLine: {'line': b'-- Found ament_lint_auto: 0.12.10 (/opt/ros/humble/share/ament_lint_auto/cmake)\n'}
[1.168161] (test_custom_publisher) StdoutLine: {'line': b"-- Added test 'cppcheck' to perform static code analysis on C / C++ code\n"}
[1.168233] (test_custom_publisher) StdoutLine: {'line': b'-- Configured cppcheck include dirs: \n'}
[1.168295] (test_custom_publisher) StdoutLine: {'line': b'-- Configured cppcheck exclude dirs and/or files: \n'}
[1.168365] (test_custom_publisher) StdoutLine: {'line': b"-- Added test 'lint_cmake' to check CMake code style\n"}
[1.168418] (test_custom_publisher) StdoutLine: {'line': b"-- Added test 'uncrustify' to check C / C++ code style\n"}
[1.168481] (test_custom_publisher) StdoutLine: {'line': b'-- Configured uncrustify additional arguments: \n'}
[1.168711] (test_custom_publisher) StdoutLine: {'line': b"-- Added test 'xmllint' to check XML markup files\n"}
[1.168775] (test_custom_publisher) StdoutLine: {'line': b'-- Configuring done\n'}
[1.168826] (test_custom_publisher) StdoutLine: {'line': b'-- Generating done\n'}
[1.168876] (test_custom_publisher) StdoutLine: {'line': b'-- Build files have been written to: /home/robot33-6/student133_ws/build/test_custom_publisher\n'}
[1.168927] (test_custom_publisher) StdoutLine: {'line': b'Consolidate compiler generated dependencies of target test_custom_publisher_node\n'}
[1.168977] (test_custom_publisher) StdoutLine: {'line': b'[ 50%] Building CXX object CMakeFiles/test_custom_publisher_node.dir/src/test_custom_publisher.cpp.o\n'}
[1.169033] (test_subscriber) JobProgress: {'identifier': 'test_subscriber', 'progress': 'cmake'}
[1.169399] (test_subscriber) JobProgress: {'identifier': 'test_subscriber', 'progress': 'build'}
[1.169418] (test_subscriber) Command: {'cmd': ['/usr/bin/cmake', '--build', '/home/robot33-6/student133_ws/build/test_subscriber', '--', '-j8', '-l8'], 'cwd': '/home/robot33-6/student133_ws/build/test_subscriber', 'env': OrderedDict([('GJS_DEBUG_TOPICS', 'JS ERROR;JS LOG'), ('LC_TIME', 'ru_RU.UTF-8'), ('SNAP_COMMON', '/var/snap/qtcreator-ros/common'), ('SNAP_INSTANCE_KEY', ''), ('USER', 'robot33-6'), ('XDG_SESSION_TYPE', 'wayland'), ('LD_LIBRARY_PATH', '/home/robot33-6/student133_ws/install/test_custom_srv/lib:/home/robot33-6/student133_ws/install/test_custom_msg/lib:/opt/ros/humble/opt/rviz_ogre_vendor/lib:/opt/ros/humble/lib/x86_64-linux-gnu:/opt/ros/humble/lib:/snap/qtcreator-ros/107/lib:/snap/qtcreator-ros/107/usr/lib/x86_64-linux-gnu'), ('SHLVL', '331'), ('SNAP_UID', '1000'), ('HOME', '/home/robot33-6'), ('SNAP_LIBRARY_PATH', '/var/lib/snapd/lib/gl:/var/lib/snapd/lib/gl32:/var/lib/snapd/void'), ('DESKTOP_SESSION', 'ubuntu'), ('QTDIR', '/usr/lib/x86_64-linux-gnu/qt5'), ('SNAP_USER_DATA', '/home/robot33-6/snap/qtcreator-ros/107'), ('GIO_LAUNCHED_DESKTOP_FILE', '/var/lib/snapd/desktop/applications/qtcreator-ros_qtcreator-ros.desktop'), ('GNOME_SHELL_SESSION_MODE', 'ubuntu'), ('GTK_MODULES', 'gail:atk-bridge'), ('ROS_PYTHON_VERSION', '3'), ('LC_MONETARY', 'ru_RU.UTF-8'), ('MANAGERPID', '1373'), ('DBUS_SESSION_BUS_ADDRESS', 'unix:path=/run/user/1000/bus'), ('SYSTEMD_EXEC_PID', '1587'), ('GIO_LAUNCHED_DESKTOP_FILE_PID', '3050'), ('SNAP_REVISION', '107'), ('COLCON_PREFIX_PATH', '/home/robot33-6/student133_ws/install'), ('IM_CONFIG_PHASE', '1'), ('ROS_DISTRO', 'humble'), ('WAYLAND_DISPLAY', 'wayland-0'), ('LOGNAME', 'robot33-6'), ('JOURNAL_STREAM', '8:26382'), ('SNAP_CONTEXT', 'zfxwyVEa0dSM0vT388UHnSyWy-Mv84K8RE-CWR0OLT2wc9JrOksa'), ('_', '/usr/bin/env'), ('ROS_VERSION', '2'), ('SNAP_VERSION', '12.0.2'), ('XDG_SESSION_CLASS', 'user'), ('TERM', 'xterm'), ('USERNAME', 'robot33-6'), ('GNOME_DESKTOP_SESSION_ID', 'this-is-deprecated'), ('ROS_LOCALHOST_ONLY', '0'), ('SNAP_INSTANCE_NAME', 'qtcreator-ros'), ('PATH', '/opt/ros/humble/bin:/usr/local/sbin:/usr/local/bin:/usr/sbin:/usr/bin:/sbin:/bin:/usr/games:/usr/local/games:/snap/bin:/snap/bin'), ('INVOCATION_ID', '8be6e9d5a46c4dde9fbe4351f65a98da'), ('SESSION_MANAGER', 'local/robot33-6:@/tmp/.ICE-unix/1547,unix/robot33-6:/tmp/.ICE-unix/1547'), ('BAMF_DESKTOP_FILE_HINT', '/var/lib/snapd/desktop/applications/qtcreator-ros_qtcreator-ros.desktop'), ('GNOME_SETUP_DISPLAY', ':1'), ('LC_ADDRESS', 'ru_RU.UTF-8'), ('SNAP_DATA', '/var/snap/qtcreator-ros/107'), ('XDG_MENU_PREFIX', 'gnome-'), ('XDG_RUNTIME_DIR', '/run/user/1000'), ('DISPLAY', ':0'), ('LANG', 'en_US.UTF-8'), ('LC_TELEPHONE', 'ru_RU.UTF-8'), ('XDG_CURRENT_DESKTOP', 'ubuntu:GNOME'), ('XAUTHORITY', '/run/user/1000/.mutter-Xwaylandauth.NV73K2'), ('XDG_SESSION_DESKTOP', 'ubuntu'), ('XMODIFIERS', '@im=ibus'), ('AMENT_PREFIX_PATH', '/home/robot33-6/student133_ws/install/test_visualization:/home/robot33-6/student133_ws/install/test_parameters:/home/robot33-6/student133_ws/install/test_client:/home/robot33-6/student133_ws/install/test_service:/home/robot33-6/student133_ws/install/test_custom_srv:/home/robot33-6/student133_ws/install/test_custom_publisher:/home/robot33-6/student133_ws/install/test_castom_publisher:/home/robot33-6/student133_ws/install/test_custom_msg:/home/robot33-6/student133_ws/install/test_subscriber:/home/robot33-6/student133_ws/install/test_publisher:/home/robot33-6/student133_ws/install/test_pkg:/opt/ros/humble'), ('SNAP_ARCH', 'amd64'), ('SNAP_COOKIE', 'zfxwyVEa0dSM0vT388UHnSyWy-Mv84K8RE-CWR0OLT2wc9JrOksa'), ('SNAP_USER_COMMON', '/home/robot33-6/snap/qtcreator-ros/common'), ('SSH_AGENT_LAUNCHER', 'gnome-keyring'), ('SSH_AUTH_SOCK', '/run/user/1000/keyring/ssh'), ('LC_NAME', 'ru_RU.UTF-8'), ('SHELL', '/bin/bash'), ('GDMSESSION', 'ubuntu'), ('QT_ACCESSIBILITY', '1'), ('SNAP_REEXEC', ''), ('SNAP_NAME', 'qtcreator-ros'), ('LC_MEASUREMENT', 'ru_RU.UTF-8'), ('GJS_DEBUG_OUTPUT', 'stderr'), ('LC_IDENTIFICATION', 'ru_RU.UTF-8'), ('QT_IM_MODULE', 'ibus'), ('PWD', '/home/robot33-6/student133_ws/build/test_subscriber'), ('QT_QPA_PLATFORM', 'wayland;xcb'), ('SNAP_REAL_HOME', '/home/robot33-6'), ('XDG_CONFIG_DIRS', '/etc/xdg/xdg-ubuntu:/etc/xdg'), ('XDG_DATA_DIRS', '/usr/share/ubuntu:/usr/local/share/:/usr/share/:/var/lib/snapd/desktop'), ('LC_NUMERIC', 'ru_RU.UTF-8'), ('PYTHONPATH', '/home/robot33-6/student133_ws/install/test_custom_srv/local/lib/python3.10/dist-packages:/home/robot33-6/student133_ws/install/test_custom_msg/local/lib/python3.10/dist-packages:/opt/ros/humble/lib/python3.10/site-packages:/opt/ros/humble/local/lib/python3.10/dist-packages'), ('SNAP', '/snap/qtcreator-ros/107'), ('SNAP_EUID', '1000'), ('LC_PAPER', 'ru_RU.UTF-8'), ('COLCON', '1'), ('CMAKE_PREFIX_PATH', '/home/robot33-6/student133_ws/install/test_visualization:/home/robot33-6/student133_ws/install/test_parameters:/home/robot33-6/student133_ws/install/test_client:/home/robot33-6/student133_ws/install/test_service:/home/robot33-6/student133_ws/install/test_custom_srv:/home/robot33-6/student133_ws/install/test_custom_publisher:/home/robot33-6/student133_ws/install/test_castom_publisher:/home/robot33-6/student133_ws/install/test_custom_msg:/home/robot33-6/student133_ws/install/test_subscriber:/home/robot33-6/student133_ws/install/test_publisher:/home/robot33-6/student133_ws/install/test_pkg:/opt/ros/humble'), ('LIBGL_DRIVERS_PATH', '/snap/qtcreator-ros/107/usr/lib/x86_64-linux-gnu/dri')]), 'shell': False}
[1.170917] (test_visualization) JobProgress: {'identifier': 'test_visualization', 'progress': 'cmake'}
[1.171511] (test_visualization) JobProgress: {'identifier': 'test_visualization', 'progress': 'build'}
[1.171533] (test_visualization) Command: {'cmd': ['/usr/bin/cmake', '--build', '/home/robot33-6/student133_ws/build/test_visualization', '--', '-j8', '-l8'], 'cwd': '/home/robot33-6/student133_ws/build/test_visualization', 'env': OrderedDict([('GJS_DEBUG_TOPICS', 'JS ERROR;JS LOG'), ('LC_TIME', 'ru_RU.UTF-8'), ('SNAP_COMMON', '/var/snap/qtcreator-ros/common'), ('SNAP_INSTANCE_KEY', ''), ('USER', 'robot33-6'), ('XDG_SESSION_TYPE', 'wayland'), ('LD_LIBRARY_PATH', '/home/robot33-6/student133_ws/install/test_custom_srv/lib:/home/robot33-6/student133_ws/install/test_custom_msg/lib:/opt/ros/humble/opt/rviz_ogre_vendor/lib:/opt/ros/humble/lib/x86_64-linux-gnu:/opt/ros/humble/lib:/snap/qtcreator-ros/107/lib:/snap/qtcreator-ros/107/usr/lib/x86_64-linux-gnu'), ('SHLVL', '331'), ('SNAP_UID', '1000'), ('HOME', '/home/robot33-6'), ('SNAP_LIBRARY_PATH', '/var/lib/snapd/lib/gl:/var/lib/snapd/lib/gl32:/var/lib/snapd/void'), ('DESKTOP_SESSION', 'ubuntu'), ('QTDIR', '/usr/lib/x86_64-linux-gnu/qt5'), ('SNAP_USER_DATA', '/home/robot33-6/snap/qtcreator-ros/107'), ('GIO_LAUNCHED_DESKTOP_FILE', '/var/lib/snapd/desktop/applications/qtcreator-ros_qtcreator-ros.desktop'), ('GNOME_SHELL_SESSION_MODE', 'ubuntu'), ('GTK_MODULES', 'gail:atk-bridge'), ('ROS_PYTHON_VERSION', '3'), ('LC_MONETARY', 'ru_RU.UTF-8'), ('MANAGERPID', '1373'), ('DBUS_SESSION_BUS_ADDRESS', 'unix:path=/run/user/1000/bus'), ('SYSTEMD_EXEC_PID', '1587'), ('GIO_LAUNCHED_DESKTOP_FILE_PID', '3050'), ('SNAP_REVISION', '107'), ('COLCON_PREFIX_PATH', '/home/robot33-6/student133_ws/install'), ('IM_CONFIG_PHASE', '1'), ('ROS_DISTRO', 'humble'), ('WAYLAND_DISPLAY', 'wayland-0'), ('LOGNAME', 'robot33-6'), ('JOURNAL_STREAM', '8:26382'), ('SNAP_CONTEXT', 'zfxwyVEa0dSM0vT388UHnSyWy-Mv84K8RE-CWR0OLT2wc9JrOksa'), ('_', '/usr/bin/env'), ('ROS_VERSION', '2'), ('SNAP_VERSION', '12.0.2'), ('XDG_SESSION_CLASS', 'user'), ('TERM', 'xterm'), ('USERNAME', 'robot33-6'), ('GNOME_DESKTOP_SESSION_ID', 'this-is-deprecated'), ('ROS_LOCALHOST_ONLY', '0'), ('SNAP_INSTANCE_NAME', 'qtcreator-ros'), ('PATH', '/opt/ros/humble/bin:/usr/local/sbin:/usr/local/bin:/usr/sbin:/usr/bin:/sbin:/bin:/usr/games:/usr/local/games:/snap/bin:/snap/bin'), ('INVOCATION_ID', '8be6e9d5a46c4dde9fbe4351f65a98da'), ('SESSION_MANAGER', 'local/robot33-6:@/tmp/.ICE-unix/1547,unix/robot33-6:/tmp/.ICE-unix/1547'), ('BAMF_DESKTOP_FILE_HINT', '/var/lib/snapd/desktop/applications/qtcreator-ros_qtcreator-ros.desktop'), ('GNOME_SETUP_DISPLAY', ':1'), ('LC_ADDRESS', 'ru_RU.UTF-8'), ('SNAP_DATA', '/var/snap/qtcreator-ros/107'), ('XDG_MENU_PREFIX', 'gnome-'), ('XDG_RUNTIME_DIR', '/run/user/1000'), ('DISPLAY', ':0'), ('LANG', 'en_US.UTF-8'), ('LC_TELEPHONE', 'ru_RU.UTF-8'), ('XDG_CURRENT_DESKTOP', 'ubuntu:GNOME'), ('XAUTHORITY', '/run/user/1000/.mutter-Xwaylandauth.NV73K2'), ('XDG_SESSION_DESKTOP', 'ubuntu'), ('XMODIFIERS', '@im=ibus'), ('AMENT_PREFIX_PATH', '/home/robot33-6/student133_ws/install/test_visualization:/home/robot33-6/student133_ws/install/test_parameters:/home/robot33-6/student133_ws/install/test_client:/home/robot33-6/student133_ws/install/test_service:/home/robot33-6/student133_ws/install/test_custom_srv:/home/robot33-6/student133_ws/install/test_custom_publisher:/home/robot33-6/student133_ws/install/test_castom_publisher:/home/robot33-6/student133_ws/install/test_custom_msg:/home/robot33-6/student133_ws/install/test_subscriber:/home/robot33-6/student133_ws/install/test_publisher:/home/robot33-6/student133_ws/install/test_pkg:/opt/ros/humble'), ('SNAP_ARCH', 'amd64'), ('SNAP_COOKIE', 'zfxwyVEa0dSM0vT388UHnSyWy-Mv84K8RE-CWR0OLT2wc9JrOksa'), ('SNAP_USER_COMMON', '/home/robot33-6/snap/qtcreator-ros/common'), ('SSH_AGENT_LAUNCHER', 'gnome-keyring'), ('SSH_AUTH_SOCK', '/run/user/1000/keyring/ssh'), ('LC_NAME', 'ru_RU.UTF-8'), ('SHELL', '/bin/bash'), ('GDMSESSION', 'ubuntu'), ('QT_ACCESSIBILITY', '1'), ('SNAP_REEXEC', ''), ('SNAP_NAME', 'qtcreator-ros'), ('LC_MEASUREMENT', 'ru_RU.UTF-8'), ('GJS_DEBUG_OUTPUT', 'stderr'), ('LC_IDENTIFICATION', 'ru_RU.UTF-8'), ('QT_IM_MODULE', 'ibus'), ('PWD', '/home/robot33-6/student133_ws/build/test_visualization'), ('QT_QPA_PLATFORM', 'wayland;xcb'), ('SNAP_REAL_HOME', '/home/robot33-6'), ('XDG_CONFIG_DIRS', '/etc/xdg/xdg-ubuntu:/etc/xdg'), ('XDG_DATA_DIRS', '/usr/share/ubuntu:/usr/local/share/:/usr/share/:/var/lib/snapd/desktop'), ('LC_NUMERIC', 'ru_RU.UTF-8'), ('PYTHONPATH', '/home/robot33-6/student133_ws/install/test_custom_srv/local/lib/python3.10/dist-packages:/home/robot33-6/student133_ws/install/test_custom_msg/local/lib/python3.10/dist-packages:/opt/ros/humble/lib/python3.10/site-packages:/opt/ros/humble/local/lib/python3.10/dist-packages'), ('SNAP', '/snap/qtcreator-ros/107'), ('SNAP_EUID', '1000'), ('LC_PAPER', 'ru_RU.UTF-8'), ('COLCON', '1'), ('CMAKE_PREFIX_PATH', '/home/robot33-6/student133_ws/install/test_visualization:/home/robot33-6/student133_ws/install/test_parameters:/home/robot33-6/student133_ws/install/test_client:/home/robot33-6/student133_ws/install/test_service:/home/robot33-6/student133_ws/install/test_custom_srv:/home/robot33-6/student133_ws/install/test_custom_publisher:/home/robot33-6/student133_ws/install/test_castom_publisher:/home/robot33-6/student133_ws/install/test_custom_msg:/home/robot33-6/student133_ws/install/test_subscriber:/home/robot33-6/student133_ws/install/test_publisher:/home/robot33-6/student133_ws/install/test_pkg:/opt/ros/humble'), ('LIBGL_DRIVERS_PATH', '/snap/qtcreator-ros/107/usr/lib/x86_64-linux-gnu/dri')]), 'shell': False}
[1.173315] (test_custom_msg) StdoutLine: {'line': b'-- Found ament_cmake_ros: 0.10.0 (/opt/ros/humble/share/ament_cmake_ros/cmake)\n'}
[1.201401] (-) TimerEvent: {}
[1.229987] (test_parameters) JobEnded: {'identifier': 'test_parameters', 'rc': 0}
[1.284212] (test_service) JobEnded: {'identifier': 'test_service', 'rc': 0}
[1.285721] (test_custom_srv) JobProgress: {'identifier': 'test_custom_srv', 'progress': 'install'}
[1.285775] (test_custom_srv) Command: {'cmd': ['/usr/bin/cmake', '--install', '/home/robot33-6/student133_ws/build/test_custom_srv'], 'cwd': '/home/robot33-6/student133_ws/build/test_custom_srv', 'env': OrderedDict([('GJS_DEBUG_TOPICS', 'JS ERROR;JS LOG'), ('LC_TIME', 'ru_RU.UTF-8'), ('SNAP_COMMON', '/var/snap/qtcreator-ros/common'), ('SNAP_INSTANCE_KEY', ''), ('USER', 'robot33-6'), ('XDG_SESSION_TYPE', 'wayland'), ('LD_LIBRARY_PATH', '/home/robot33-6/student133_ws/install/test_custom_srv/lib:/home/robot33-6/student133_ws/install/test_custom_msg/lib:/opt/ros/humble/opt/rviz_ogre_vendor/lib:/opt/ros/humble/lib/x86_64-linux-gnu:/opt/ros/humble/lib:/snap/qtcreator-ros/107/lib:/snap/qtcreator-ros/107/usr/lib/x86_64-linux-gnu'), ('SHLVL', '331'), ('SNAP_UID', '1000'), ('HOME', '/home/robot33-6'), ('SNAP_LIBRARY_PATH', '/var/lib/snapd/lib/gl:/var/lib/snapd/lib/gl32:/var/lib/snapd/void'), ('DESKTOP_SESSION', 'ubuntu'), ('QTDIR', '/usr/lib/x86_64-linux-gnu/qt5'), ('SNAP_USER_DATA', '/home/robot33-6/snap/qtcreator-ros/107'), ('GIO_LAUNCHED_DESKTOP_FILE', '/var/lib/snapd/desktop/applications/qtcreator-ros_qtcreator-ros.desktop'), ('GNOME_SHELL_SESSION_MODE', 'ubuntu'), ('GTK_MODULES', 'gail:atk-bridge'), ('ROS_PYTHON_VERSION', '3'), ('LC_MONETARY', 'ru_RU.UTF-8'), ('MANAGERPID', '1373'), ('DBUS_SESSION_BUS_ADDRESS', 'unix:path=/run/user/1000/bus'), ('SYSTEMD_EXEC_PID', '1587'), ('GIO_LAUNCHED_DESKTOP_FILE_PID', '3050'), ('SNAP_REVISION', '107'), ('COLCON_PREFIX_PATH', '/home/robot33-6/student133_ws/install'), ('IM_CONFIG_PHASE', '1'), ('ROS_DISTRO', 'humble'), ('WAYLAND_DISPLAY', 'wayland-0'), ('LOGNAME', 'robot33-6'), ('JOURNAL_STREAM', '8:26382'), ('SNAP_CONTEXT', 'zfxwyVEa0dSM0vT388UHnSyWy-Mv84K8RE-CWR0OLT2wc9JrOksa'), ('_', '/usr/bin/env'), ('ROS_VERSION', '2'), ('SNAP_VERSION', '12.0.2'), ('XDG_SESSION_CLASS', 'user'), ('TERM', 'xterm'), ('USERNAME', 'robot33-6'), ('GNOME_DESKTOP_SESSION_ID', 'this-is-deprecated'), ('ROS_LOCALHOST_ONLY', '0'), ('SNAP_INSTANCE_NAME', 'qtcreator-ros'), ('PATH', '/opt/ros/humble/bin:/usr/local/sbin:/usr/local/bin:/usr/sbin:/usr/bin:/sbin:/bin:/usr/games:/usr/local/games:/snap/bin:/snap/bin'), ('INVOCATION_ID', '8be6e9d5a46c4dde9fbe4351f65a98da'), ('SESSION_MANAGER', 'local/robot33-6:@/tmp/.ICE-unix/1547,unix/robot33-6:/tmp/.ICE-unix/1547'), ('BAMF_DESKTOP_FILE_HINT', '/var/lib/snapd/desktop/applications/qtcreator-ros_qtcreator-ros.desktop'), ('GNOME_SETUP_DISPLAY', ':1'), ('LC_ADDRESS', 'ru_RU.UTF-8'), ('SNAP_DATA', '/var/snap/qtcreator-ros/107'), ('XDG_MENU_PREFIX', 'gnome-'), ('XDG_RUNTIME_DIR', '/run/user/1000'), ('DISPLAY', ':0'), ('LANG', 'en_US.UTF-8'), ('LC_TELEPHONE', 'ru_RU.UTF-8'), ('XDG_CURRENT_DESKTOP', 'ubuntu:GNOME'), ('XAUTHORITY', '/run/user/1000/.mutter-Xwaylandauth.NV73K2'), ('XDG_SESSION_DESKTOP', 'ubuntu'), ('XMODIFIERS', '@im=ibus'), ('AMENT_PREFIX_PATH', '/home/robot33-6/student133_ws/install/test_visualization:/home/robot33-6/student133_ws/install/test_parameters:/home/robot33-6/student133_ws/install/test_client:/home/robot33-6/student133_ws/install/test_service:/home/robot33-6/student133_ws/install/test_custom_srv:/home/robot33-6/student133_ws/install/test_custom_publisher:/home/robot33-6/student133_ws/install/test_castom_publisher:/home/robot33-6/student133_ws/install/test_custom_msg:/home/robot33-6/student133_ws/install/test_subscriber:/home/robot33-6/student133_ws/install/test_publisher:/home/robot33-6/student133_ws/install/test_pkg:/opt/ros/humble'), ('SNAP_ARCH', 'amd64'), ('SNAP_COOKIE', 'zfxwyVEa0dSM0vT388UHnSyWy-Mv84K8RE-CWR0OLT2wc9JrOksa'), ('SNAP_USER_COMMON', '/home/robot33-6/snap/qtcreator-ros/common'), ('SSH_AGENT_LAUNCHER', 'gnome-keyring'), ('SSH_AUTH_SOCK', '/run/user/1000/keyring/ssh'), ('LC_NAME', 'ru_RU.UTF-8'), ('SHELL', '/bin/bash'), ('GDMSESSION', 'ubuntu'), ('QT_ACCESSIBILITY', '1'), ('SNAP_REEXEC', ''), ('SNAP_NAME', 'qtcreator-ros'), ('LC_MEASUREMENT', 'ru_RU.UTF-8'), ('GJS_DEBUG_OUTPUT', 'stderr'), ('LC_IDENTIFICATION', 'ru_RU.UTF-8'), ('QT_IM_MODULE', 'ibus'), ('PWD', '/home/robot33-6/student133_ws/build/test_custom_srv'), ('QT_QPA_PLATFORM', 'wayland;xcb'), ('SNAP_REAL_HOME', '/home/robot33-6'), ('XDG_CONFIG_DIRS', '/etc/xdg/xdg-ubuntu:/etc/xdg'), ('XDG_DATA_DIRS', '/usr/share/ubuntu:/usr/local/share/:/usr/share/:/var/lib/snapd/desktop'), ('LC_NUMERIC', 'ru_RU.UTF-8'), ('PYTHONPATH', '/home/robot33-6/student133_ws/install/test_custom_srv/local/lib/python3.10/dist-packages:/home/robot33-6/student133_ws/install/test_custom_msg/local/lib/python3.10/dist-packages:/opt/ros/humble/lib/python3.10/site-packages:/opt/ros/humble/local/lib/python3.10/dist-packages'), ('SNAP', '/snap/qtcreator-ros/107'), ('SNAP_EUID', '1000'), ('LC_PAPER', 'ru_RU.UTF-8'), ('COLCON', '1'), ('CMAKE_PREFIX_PATH', '/home/robot33-6/student133_ws/install/test_visualization:/home/robot33-6/student133_ws/install/test_parameters:/home/robot33-6/student133_ws/install/test_client:/home/robot33-6/student133_ws/install/test_service:/home/robot33-6/student133_ws/install/test_custom_srv:/home/robot33-6/student133_ws/install/test_custom_publisher:/home/robot33-6/student133_ws/install/test_castom_publisher:/home/robot33-6/student133_ws/install/test_custom_msg:/home/robot33-6/student133_ws/install/test_subscriber:/home/robot33-6/student133_ws/install/test_publisher:/home/robot33-6/student133_ws/install/test_pkg:/opt/ros/humble'), ('LIBGL_DRIVERS_PATH', '/snap/qtcreator-ros/107/usr/lib/x86_64-linux-gnu/dri')]), 'shell': False}
[1.286485] (test_subscriber) StdoutLine: {'line': b'[100%] Built target test_subscriber_node\n'}
[1.287046] (test_visualization) StdoutLine: {'line': b'[100%] Built target test_visualization_node\n'}
[1.287203] (test_subscriber) CommandEnded: {'returncode': 0}
[1.287665] (test_visualization) CommandEnded: {'returncode': 0}
[1.292579] (test_custom_srv) StdoutLine: {'line': b'-- Install configuration: "Debug"\n'}
[1.292823] (test_custom_srv) StdoutLine: {'line': b'-- Up-to-date: /home/robot33-6/student133_ws/install/test_custom_srv/share/ament_index/resource_index/rosidl_interfaces/test_custom_srv\n'}
[1.292924] (test_custom_srv) StdoutLine: {'line': b'-- Up-to-date: /home/robot33-6/student133_ws/install/test_custom_srv/include/test_custom_srv/test_custom_srv\n'}
[1.293344] (test_custom_srv) StdoutLine: {'line': b'-- Up-to-date: /home/robot33-6/student133_ws/install/test_custom_srv/include/test_custom_srv/test_custom_srv/srv\n'}
[1.293436] (test_custom_srv) StdoutLine: {'line': b'-- Up-to-date: /home/robot33-6/student133_ws/install/test_custom_srv/include/test_custom_srv/test_custom_srv/srv/circle_square.h\n'}
[1.293534] (test_custom_srv) StdoutLine: {'line': b'-- Up-to-date: /home/robot33-6/student133_ws/install/test_custom_srv/include/test_custom_srv/test_custom_srv/srv/detail\n'}
[1.293879] (test_custom_srv) StdoutLine: {'line': b'-- Up-to-date: /home/robot33-6/student133_ws/install/test_custom_srv/include/test_custom_srv/test_custom_srv/srv/detail/circle_square__struct.h\n'}
[1.294010] (test_custom_srv) StdoutLine: {'line': b'-- Up-to-date: /home/robot33-6/student133_ws/install/test_custom_srv/include/test_custom_srv/test_custom_srv/srv/detail/circle_square__type_support.h\n'}
[1.294074] (test_custom_srv) StdoutLine: {'line': b'-- Up-to-date: /home/robot33-6/student133_ws/install/test_custom_srv/include/test_custom_srv/test_custom_srv/srv/detail/circle_square__functions.h\n'}
[1.294125] (test_custom_srv) StdoutLine: {'line': b'-- Up-to-date: /home/robot33-6/student133_ws/install/test_custom_srv/include/test_custom_srv/test_custom_srv/srv/detail/circle_square__functions.c\n'}
[1.294175] (test_custom_srv) StdoutLine: {'line': b'-- Up-to-date: /home/robot33-6/student133_ws/install/test_custom_srv/include/test_custom_srv/test_custom_srv/msg\n'}
[1.294236] (test_custom_srv) StdoutLine: {'line': b'-- Up-to-date: /home/robot33-6/student133_ws/install/test_custom_srv/include/test_custom_srv/test_custom_srv/msg/rosidl_generator_c__visibility_control.h\n'}
[1.294307] (test_custom_srv) StdoutLine: {'line': b'-- Up-to-date: /home/robot33-6/student133_ws/install/test_custom_srv/share/test_custom_srv/environment/library_path.sh\n'}
[1.294375] (test_custom_srv) StdoutLine: {'line': b'-- Up-to-date: /home/robot33-6/student133_ws/install/test_custom_srv/share/test_custom_srv/environment/library_path.dsv\n'}
[1.294439] (test_custom_srv) StdoutLine: {'line': b'-- Up-to-date: /home/robot33-6/student133_ws/install/test_custom_srv/lib/libtest_custom_srv__rosidl_generator_c.so\n'}
[1.294806] (test_custom_srv) StdoutLine: {'line': b'-- Up-to-date: /home/robot33-6/student133_ws/install/test_custom_srv/include/test_custom_srv/test_custom_srv\n'}
[1.294973] (test_custom_srv) StdoutLine: {'line': b'-- Up-to-date: /home/robot33-6/student133_ws/install/test_custom_srv/include/test_custom_srv/test_custom_srv/srv\n'}
[1.295027] (test_custom_srv) StdoutLine: {'line': b'-- Up-to-date: /home/robot33-6/student133_ws/install/test_custom_srv/include/test_custom_srv/test_custom_srv/srv/detail\n'}
[1.295093] (test_custom_srv) StdoutLine: {'line': b'-- Up-to-date: /home/robot33-6/student133_ws/install/test_custom_srv/include/test_custom_srv/test_custom_srv/srv/detail/circle_square__rosidl_typesupport_fastrtps_c.h\n'}
[1.295158] (test_custom_srv) StdoutLine: {'line': b'-- Up-to-date: /home/robot33-6/student133_ws/install/test_custom_srv/include/test_custom_srv/test_custom_srv/msg\n'}
[1.295222] (test_custom_srv) StdoutLine: {'line': b'-- Up-to-date: /home/robot33-6/student133_ws/install/test_custom_srv/include/test_custom_srv/test_custom_srv/msg/rosidl_typesupport_fastrtps_c__visibility_control.h\n'}
[1.295286] (test_custom_srv) StdoutLine: {'line': b'-- Up-to-date: /home/robot33-6/student133_ws/install/test_custom_srv/lib/libtest_custom_srv__rosidl_typesupport_fastrtps_c.so\n'}
[1.295467] (test_custom_srv) StdoutLine: {'line': b'-- Up-to-date: /home/robot33-6/student133_ws/install/test_custom_srv/include/test_custom_srv/test_custom_srv\n'}
[1.295530] (test_custom_srv) StdoutLine: {'line': b'-- Up-to-date: /home/robot33-6/student133_ws/install/test_custom_srv/include/test_custom_srv/test_custom_srv/srv\n'}
[1.295647] (test_custom_srv) StdoutLine: {'line': b'-- Up-to-date: /home/robot33-6/student133_ws/install/test_custom_srv/include/test_custom_srv/test_custom_srv/srv/detail\n'}
[1.295698] (test_custom_srv) StdoutLine: {'line': b'-- Up-to-date: /home/robot33-6/student133_ws/install/test_custom_srv/include/test_custom_srv/test_custom_srv/srv/detail/circle_square__rosidl_typesupport_introspection_c.h\n'}
[1.295746] (test_custom_srv) StdoutLine: {'line': b'-- Up-to-date: /home/robot33-6/student133_ws/install/test_custom_srv/include/test_custom_srv/test_custom_srv/srv/detail/circle_square__type_support.c\n'}
[1.295797] (test_custom_srv) StdoutLine: {'line': b'-- Up-to-date: /home/robot33-6/student133_ws/install/test_custom_srv/include/test_custom_srv/test_custom_srv/msg\n'}
[1.295861] (test_custom_srv) StdoutLine: {'line': b'-- Up-to-date: /home/robot33-6/student133_ws/install/test_custom_srv/include/test_custom_srv/test_custom_srv/msg/rosidl_typesupport_introspection_c__visibility_control.h\n'}
[1.295923] (test_custom_srv) StdoutLine: {'line': b'-- Up-to-date: /home/robot33-6/student133_ws/install/test_custom_srv/lib/libtest_custom_srv__rosidl_typesupport_introspection_c.so\n'}
[1.295985] (test_custom_srv) StdoutLine: {'line': b'-- Up-to-date: /home/robot33-6/student133_ws/install/test_custom_srv/lib/libtest_custom_srv__rosidl_typesupport_c.so\n'}
[1.296048] (test_custom_srv) StdoutLine: {'line': b'-- Up-to-date: /home/robot33-6/student133_ws/install/test_custom_srv/include/test_custom_srv/test_custom_srv\n'}
[1.296109] (test_custom_srv) StdoutLine: {'line': b'-- Up-to-date: /home/robot33-6/student133_ws/install/test_custom_srv/include/test_custom_srv/test_custom_srv/srv\n'}
[1.296172] (test_custom_srv) StdoutLine: {'line': b'-- Up-to-date: /home/robot33-6/student133_ws/install/test_custom_srv/include/test_custom_srv/test_custom_srv/srv/detail\n'}
[1.296233] (test_custom_srv) StdoutLine: {'line': b'-- Up-to-date: /home/robot33-6/student133_ws/install/test_custom_srv/include/test_custom_srv/test_custom_srv/srv/detail/circle_square__builder.hpp\n'}
[1.296296] (test_custom_srv) StdoutLine: {'line': b'-- Up-to-date: /home/robot33-6/student133_ws/install/test_custom_srv/include/test_custom_srv/test_custom_srv/srv/detail/circle_square__traits.hpp\n'}
[1.296357] (test_custom_srv) StdoutLine: {'line': b'-- Up-to-date: /home/robot33-6/student133_ws/install/test_custom_srv/include/test_custom_srv/test_custom_srv/srv/detail/circle_square__struct.hpp\n'}
[1.296419] (test_custom_srv) StdoutLine: {'line': b'-- Up-to-date: /home/robot33-6/student133_ws/install/test_custom_srv/include/test_custom_srv/test_custom_srv/srv/circle_square.hpp\n'}
[1.296493] (test_custom_srv) StdoutLine: {'line': b'-- Up-to-date: /home/robot33-6/student133_ws/install/test_custom_srv/include/test_custom_srv/test_custom_srv\n'}
[1.296728] (test_custom_srv) StdoutLine: {'line': b'-- Up-to-date: /home/robot33-6/student133_ws/install/test_custom_srv/include/test_custom_srv/test_custom_srv/srv\n'}
[1.296782] (test_custom_srv) StdoutLine: {'line': b'-- Up-to-date: /home/robot33-6/student133_ws/install/test_custom_srv/include/test_custom_srv/test_custom_srv/srv/detail\n'}
[1.296840] (test_custom_srv) StdoutLine: {'line': b'-- Up-to-date: /home/robot33-6/student133_ws/install/test_custom_srv/include/test_custom_srv/test_custom_srv/srv/detail/dds_fastrtps\n'}
[1.296905] (test_custom_srv) StdoutLine: {'line': b'-- Up-to-date: /home/robot33-6/student133_ws/install/test_custom_srv/include/test_custom_srv/test_custom_srv/srv/detail/circle_square__rosidl_typesupport_fastrtps_cpp.hpp\n'}
[1.297345] (test_custom_srv) StdoutLine: {'line': b'-- Up-to-date: /home/robot33-6/student133_ws/install/test_custom_srv/include/test_custom_srv/test_custom_srv/msg\n'}
[1.297414] (test_custom_srv) StdoutLine: {'line': b'-- Up-to-date: /home/robot33-6/student133_ws/install/test_custom_srv/include/test_custom_srv/test_custom_srv/msg/rosidl_typesupport_fastrtps_cpp__visibility_control.h\n'}
[1.297466] (test_custom_srv) StdoutLine: {'line': b'-- Up-to-date: /home/robot33-6/student133_ws/install/test_custom_srv/lib/libtest_custom_srv__rosidl_typesupport_fastrtps_cpp.so\n'}
[1.297515] (test_custom_srv) StdoutLine: {'line': b'-- Up-to-date: /home/robot33-6/student133_ws/install/test_custom_srv/include/test_custom_srv/test_custom_srv\n'}
[1.297563] (test_custom_srv) StdoutLine: {'line': b'-- Up-to-date: /home/robot33-6/student133_ws/install/test_custom_srv/include/test_custom_srv/test_custom_srv/srv\n'}
[1.297610] (test_custom_srv) StdoutLine: {'line': b'-- Up-to-date: /home/robot33-6/student133_ws/install/test_custom_srv/include/test_custom_srv/test_custom_srv/srv/detail\n'}
[1.297657] (test_custom_srv) StdoutLine: {'line': b'-- Up-to-date: /home/robot33-6/student133_ws/install/test_custom_srv/include/test_custom_srv/test_custom_srv/srv/detail/circle_square__rosidl_typesupport_introspection_cpp.hpp\n'}
[1.297705] (test_custom_srv) StdoutLine: {'line': b'-- Up-to-date: /home/robot33-6/student133_ws/install/test_custom_srv/include/test_custom_srv/test_custom_srv/srv/detail/circle_square__type_support.cpp\n'}
[1.297759] (test_custom_srv) StdoutLine: {'line': b'-- Up-to-date: /home/robot33-6/student133_ws/install/test_custom_srv/lib/libtest_custom_srv__rosidl_typesupport_introspection_cpp.so\n'}
[1.297836] (test_custom_srv) StdoutLine: {'line': b'-- Up-to-date: /home/robot33-6/student133_ws/install/test_custom_srv/lib/libtest_custom_srv__rosidl_typesupport_cpp.so\n'}
[1.297918] (test_custom_srv) StdoutLine: {'line': b'-- Up-to-date: /home/robot33-6/student133_ws/install/test_custom_srv/share/test_custom_srv/environment/pythonpath.sh\n'}
[1.298000] (test_custom_srv) StdoutLine: {'line': b'-- Up-to-date: /home/robot33-6/student133_ws/install/test_custom_srv/share/test_custom_srv/environment/pythonpath.dsv\n'}
[1.298165] (test_custom_srv) StdoutLine: {'line': b'-- Up-to-date: /home/robot33-6/student133_ws/install/test_custom_srv/local/lib/python3.10/dist-packages/test_custom_srv-0.0.0-py3.10.egg-info\n'}
[1.298253] (test_custom_srv) StdoutLine: {'line': b'-- Installing: /home/robot33-6/student133_ws/install/test_custom_srv/local/lib/python3.10/dist-packages/test_custom_srv-0.0.0-py3.10.egg-info/PKG-INFO\n'}
[1.298337] (test_custom_srv) StdoutLine: {'line': b'-- Installing: /home/robot33-6/student133_ws/install/test_custom_srv/local/lib/python3.10/dist-packages/test_custom_srv-0.0.0-py3.10.egg-info/top_level.txt\n'}
[1.298416] (test_custom_srv) StdoutLine: {'line': b'-- Installing: /home/robot33-6/student133_ws/install/test_custom_srv/local/lib/python3.10/dist-packages/test_custom_srv-0.0.0-py3.10.egg-info/dependency_links.txt\n'}
[1.298495] (test_custom_srv) StdoutLine: {'line': b'-- Installing: /home/robot33-6/student133_ws/install/test_custom_srv/local/lib/python3.10/dist-packages/test_custom_srv-0.0.0-py3.10.egg-info/SOURCES.txt\n'}
[1.298582] (test_custom_srv) StdoutLine: {'line': b'-- Up-to-date: /home/robot33-6/student133_ws/install/test_custom_srv/local/lib/python3.10/dist-packages/test_custom_srv\n'}
[1.298666] (test_custom_srv) StdoutLine: {'line': b'-- Up-to-date: /home/robot33-6/student133_ws/install/test_custom_srv/local/lib/python3.10/dist-packages/test_custom_srv/libtest_custom_srv__rosidl_generator_py.so\n'}
[1.298750] (test_custom_srv) StdoutLine: {'line': b'-- Up-to-date: /home/robot33-6/student133_ws/install/test_custom_srv/local/lib/python3.10/dist-packages/test_custom_srv/_test_custom_srv_s.ep.rosidl_typesupport_introspection_c.c\n'}
[1.298840] (test_custom_srv) StdoutLine: {'line': b'-- Up-to-date: /home/robot33-6/student133_ws/install/test_custom_srv/local/lib/python3.10/dist-packages/test_custom_srv/test_custom_srv_s__rosidl_typesupport_fastrtps_c.cpython-310-x86_64-linux-gnu.so\n'}
[1.299028] (test_custom_srv) StdoutLine: {'line': b'-- Up-to-date: /home/robot33-6/student133_ws/install/test_custom_srv/local/lib/python3.10/dist-packages/test_custom_srv/test_custom_srv_s__rosidl_typesupport_c.cpython-310-x86_64-linux-gnu.so\n'}
[1.299119] (test_custom_srv) StdoutLine: {'line': b'-- Up-to-date: /home/robot33-6/student133_ws/install/test_custom_srv/local/lib/python3.10/dist-packages/test_custom_srv/_test_custom_srv_s.ep.rosidl_typesupport_c.c\n'}
[1.299209] (test_custom_srv) StdoutLine: {'line': b'-- Up-to-date: /home/robot33-6/student133_ws/install/test_custom_srv/local/lib/python3.10/dist-packages/test_custom_srv/test_custom_srv_s__rosidl_typesupport_introspection_c.cpython-310-x86_64-linux-gnu.so\n'}
[1.299283] (test_custom_srv) StdoutLine: {'line': b'-- Up-to-date: /home/robot33-6/student133_ws/install/test_custom_srv/local/lib/python3.10/dist-packages/test_custom_srv/__init__.py\n'}
[1.299345] (test_custom_srv) StdoutLine: {'line': b'-- Up-to-date: /home/robot33-6/student133_ws/install/test_custom_srv/local/lib/python3.10/dist-packages/test_custom_srv/_test_custom_srv_s.ep.rosidl_typesupport_fastrtps_c.c\n'}
[1.299398] (test_custom_srv) StdoutLine: {'line': b'-- Up-to-date: /home/robot33-6/student133_ws/install/test_custom_srv/local/lib/python3.10/dist-packages/test_custom_srv/srv\n'}
[1.299453] (test_custom_srv) StdoutLine: {'line': b'-- Up-to-date: /home/robot33-6/student133_ws/install/test_custom_srv/local/lib/python3.10/dist-packages/test_custom_srv/srv/_circle_square_s.c\n'}
[1.299502] (test_custom_srv) StdoutLine: {'line': b'-- Up-to-date: /home/robot33-6/student133_ws/install/test_custom_srv/local/lib/python3.10/dist-packages/test_custom_srv/srv/__init__.py\n'}
[1.299550] (test_custom_srv) StdoutLine: {'line': b'-- Up-to-date: /home/robot33-6/student133_ws/install/test_custom_srv/local/lib/python3.10/dist-packages/test_custom_srv/srv/_circle_square.py\n'}
[1.301497] (-) TimerEvent: {}
[1.307347] (test_subscriber) JobProgress: {'identifier': 'test_subscriber', 'progress': 'install'}
[1.307472] (test_subscriber) Command: {'cmd': ['/usr/bin/cmake', '--install', '/home/robot33-6/student133_ws/build/test_subscriber'], 'cwd': '/home/robot33-6/student133_ws/build/test_subscriber', 'env': OrderedDict([('GJS_DEBUG_TOPICS', 'JS ERROR;JS LOG'), ('LC_TIME', 'ru_RU.UTF-8'), ('SNAP_COMMON', '/var/snap/qtcreator-ros/common'), ('SNAP_INSTANCE_KEY', ''), ('USER', 'robot33-6'), ('XDG_SESSION_TYPE', 'wayland'), ('LD_LIBRARY_PATH', '/home/robot33-6/student133_ws/install/test_custom_srv/lib:/home/robot33-6/student133_ws/install/test_custom_msg/lib:/opt/ros/humble/opt/rviz_ogre_vendor/lib:/opt/ros/humble/lib/x86_64-linux-gnu:/opt/ros/humble/lib:/snap/qtcreator-ros/107/lib:/snap/qtcreator-ros/107/usr/lib/x86_64-linux-gnu'), ('SHLVL', '331'), ('SNAP_UID', '1000'), ('HOME', '/home/robot33-6'), ('SNAP_LIBRARY_PATH', '/var/lib/snapd/lib/gl:/var/lib/snapd/lib/gl32:/var/lib/snapd/void'), ('DESKTOP_SESSION', 'ubuntu'), ('QTDIR', '/usr/lib/x86_64-linux-gnu/qt5'), ('SNAP_USER_DATA', '/home/robot33-6/snap/qtcreator-ros/107'), ('GIO_LAUNCHED_DESKTOP_FILE', '/var/lib/snapd/desktop/applications/qtcreator-ros_qtcreator-ros.desktop'), ('GNOME_SHELL_SESSION_MODE', 'ubuntu'), ('GTK_MODULES', 'gail:atk-bridge'), ('ROS_PYTHON_VERSION', '3'), ('LC_MONETARY', 'ru_RU.UTF-8'), ('MANAGERPID', '1373'), ('DBUS_SESSION_BUS_ADDRESS', 'unix:path=/run/user/1000/bus'), ('SYSTEMD_EXEC_PID', '1587'), ('GIO_LAUNCHED_DESKTOP_FILE_PID', '3050'), ('SNAP_REVISION', '107'), ('COLCON_PREFIX_PATH', '/home/robot33-6/student133_ws/install'), ('IM_CONFIG_PHASE', '1'), ('ROS_DISTRO', 'humble'), ('WAYLAND_DISPLAY', 'wayland-0'), ('LOGNAME', 'robot33-6'), ('JOURNAL_STREAM', '8:26382'), ('SNAP_CONTEXT', 'zfxwyVEa0dSM0vT388UHnSyWy-Mv84K8RE-CWR0OLT2wc9JrOksa'), ('_', '/usr/bin/env'), ('ROS_VERSION', '2'), ('SNAP_VERSION', '12.0.2'), ('XDG_SESSION_CLASS', 'user'), ('TERM', 'xterm'), ('USERNAME', 'robot33-6'), ('GNOME_DESKTOP_SESSION_ID', 'this-is-deprecated'), ('ROS_LOCALHOST_ONLY', '0'), ('SNAP_INSTANCE_NAME', 'qtcreator-ros'), ('PATH', '/opt/ros/humble/bin:/usr/local/sbin:/usr/local/bin:/usr/sbin:/usr/bin:/sbin:/bin:/usr/games:/usr/local/games:/snap/bin:/snap/bin'), ('INVOCATION_ID', '8be6e9d5a46c4dde9fbe4351f65a98da'), ('SESSION_MANAGER', 'local/robot33-6:@/tmp/.ICE-unix/1547,unix/robot33-6:/tmp/.ICE-unix/1547'), ('BAMF_DESKTOP_FILE_HINT', '/var/lib/snapd/desktop/applications/qtcreator-ros_qtcreator-ros.desktop'), ('GNOME_SETUP_DISPLAY', ':1'), ('LC_ADDRESS', 'ru_RU.UTF-8'), ('SNAP_DATA', '/var/snap/qtcreator-ros/107'), ('XDG_MENU_PREFIX', 'gnome-'), ('XDG_RUNTIME_DIR', '/run/user/1000'), ('DISPLAY', ':0'), ('LANG', 'en_US.UTF-8'), ('LC_TELEPHONE', 'ru_RU.UTF-8'), ('XDG_CURRENT_DESKTOP', 'ubuntu:GNOME'), ('XAUTHORITY', '/run/user/1000/.mutter-Xwaylandauth.NV73K2'), ('XDG_SESSION_DESKTOP', 'ubuntu'), ('XMODIFIERS', '@im=ibus'), ('AMENT_PREFIX_PATH', '/home/robot33-6/student133_ws/install/test_visualization:/home/robot33-6/student133_ws/install/test_parameters:/home/robot33-6/student133_ws/install/test_client:/home/robot33-6/student133_ws/install/test_service:/home/robot33-6/student133_ws/install/test_custom_srv:/home/robot33-6/student133_ws/install/test_custom_publisher:/home/robot33-6/student133_ws/install/test_castom_publisher:/home/robot33-6/student133_ws/install/test_custom_msg:/home/robot33-6/student133_ws/install/test_subscriber:/home/robot33-6/student133_ws/install/test_publisher:/home/robot33-6/student133_ws/install/test_pkg:/opt/ros/humble'), ('SNAP_ARCH', 'amd64'), ('SNAP_COOKIE', 'zfxwyVEa0dSM0vT388UHnSyWy-Mv84K8RE-CWR0OLT2wc9JrOksa'), ('SNAP_USER_COMMON', '/home/robot33-6/snap/qtcreator-ros/common'), ('SSH_AGENT_LAUNCHER', 'gnome-keyring'), ('SSH_AUTH_SOCK', '/run/user/1000/keyring/ssh'), ('LC_NAME', 'ru_RU.UTF-8'), ('SHELL', '/bin/bash'), ('GDMSESSION', 'ubuntu'), ('QT_ACCESSIBILITY', '1'), ('SNAP_REEXEC', ''), ('SNAP_NAME', 'qtcreator-ros'), ('LC_MEASUREMENT', 'ru_RU.UTF-8'), ('GJS_DEBUG_OUTPUT', 'stderr'), ('LC_IDENTIFICATION', 'ru_RU.UTF-8'), ('QT_IM_MODULE', 'ibus'), ('PWD', '/home/robot33-6/student133_ws/build/test_subscriber'), ('QT_QPA_PLATFORM', 'wayland;xcb'), ('SNAP_REAL_HOME', '/home/robot33-6'), ('XDG_CONFIG_DIRS', '/etc/xdg/xdg-ubuntu:/etc/xdg'), ('XDG_DATA_DIRS', '/usr/share/ubuntu:/usr/local/share/:/usr/share/:/var/lib/snapd/desktop'), ('LC_NUMERIC', 'ru_RU.UTF-8'), ('PYTHONPATH', '/home/robot33-6/student133_ws/install/test_custom_srv/local/lib/python3.10/dist-packages:/home/robot33-6/student133_ws/install/test_custom_msg/local/lib/python3.10/dist-packages:/opt/ros/humble/lib/python3.10/site-packages:/opt/ros/humble/local/lib/python3.10/dist-packages'), ('SNAP', '/snap/qtcreator-ros/107'), ('SNAP_EUID', '1000'), ('LC_PAPER', 'ru_RU.UTF-8'), ('COLCON', '1'), ('CMAKE_PREFIX_PATH', '/home/robot33-6/student133_ws/install/test_visualization:/home/robot33-6/student133_ws/install/test_parameters:/home/robot33-6/student133_ws/install/test_client:/home/robot33-6/student133_ws/install/test_service:/home/robot33-6/student133_ws/install/test_custom_srv:/home/robot33-6/student133_ws/install/test_custom_publisher:/home/robot33-6/student133_ws/install/test_castom_publisher:/home/robot33-6/student133_ws/install/test_custom_msg:/home/robot33-6/student133_ws/install/test_subscriber:/home/robot33-6/student133_ws/install/test_publisher:/home/robot33-6/student133_ws/install/test_pkg:/opt/ros/humble'), ('LIBGL_DRIVERS_PATH', '/snap/qtcreator-ros/107/usr/lib/x86_64-linux-gnu/dri')]), 'shell': False}
[1.314391] (test_visualization) JobProgress: {'identifier': 'test_visualization', 'progress': 'install'}
[1.314491] (test_visualization) Command: {'cmd': ['/usr/bin/cmake', '--install', '/home/robot33-6/student133_ws/build/test_visualization'], 'cwd': '/home/robot33-6/student133_ws/build/test_visualization', 'env': OrderedDict([('GJS_DEBUG_TOPICS', 'JS ERROR;JS LOG'), ('LC_TIME', 'ru_RU.UTF-8'), ('SNAP_COMMON', '/var/snap/qtcreator-ros/common'), ('SNAP_INSTANCE_KEY', ''), ('USER', 'robot33-6'), ('XDG_SESSION_TYPE', 'wayland'), ('LD_LIBRARY_PATH', '/home/robot33-6/student133_ws/install/test_custom_srv/lib:/home/robot33-6/student133_ws/install/test_custom_msg/lib:/opt/ros/humble/opt/rviz_ogre_vendor/lib:/opt/ros/humble/lib/x86_64-linux-gnu:/opt/ros/humble/lib:/snap/qtcreator-ros/107/lib:/snap/qtcreator-ros/107/usr/lib/x86_64-linux-gnu'), ('SHLVL', '331'), ('SNAP_UID', '1000'), ('HOME', '/home/robot33-6'), ('SNAP_LIBRARY_PATH', '/var/lib/snapd/lib/gl:/var/lib/snapd/lib/gl32:/var/lib/snapd/void'), ('DESKTOP_SESSION', 'ubuntu'), ('QTDIR', '/usr/lib/x86_64-linux-gnu/qt5'), ('SNAP_USER_DATA', '/home/robot33-6/snap/qtcreator-ros/107'), ('GIO_LAUNCHED_DESKTOP_FILE', '/var/lib/snapd/desktop/applications/qtcreator-ros_qtcreator-ros.desktop'), ('GNOME_SHELL_SESSION_MODE', 'ubuntu'), ('GTK_MODULES', 'gail:atk-bridge'), ('ROS_PYTHON_VERSION', '3'), ('LC_MONETARY', 'ru_RU.UTF-8'), ('MANAGERPID', '1373'), ('DBUS_SESSION_BUS_ADDRESS', 'unix:path=/run/user/1000/bus'), ('SYSTEMD_EXEC_PID', '1587'), ('GIO_LAUNCHED_DESKTOP_FILE_PID', '3050'), ('SNAP_REVISION', '107'), ('COLCON_PREFIX_PATH', '/home/robot33-6/student133_ws/install'), ('IM_CONFIG_PHASE', '1'), ('ROS_DISTRO', 'humble'), ('WAYLAND_DISPLAY', 'wayland-0'), ('LOGNAME', 'robot33-6'), ('JOURNAL_STREAM', '8:26382'), ('SNAP_CONTEXT', 'zfxwyVEa0dSM0vT388UHnSyWy-Mv84K8RE-CWR0OLT2wc9JrOksa'), ('_', '/usr/bin/env'), ('ROS_VERSION', '2'), ('SNAP_VERSION', '12.0.2'), ('XDG_SESSION_CLASS', 'user'), ('TERM', 'xterm'), ('USERNAME', 'robot33-6'), ('GNOME_DESKTOP_SESSION_ID', 'this-is-deprecated'), ('ROS_LOCALHOST_ONLY', '0'), ('SNAP_INSTANCE_NAME', 'qtcreator-ros'), ('PATH', '/opt/ros/humble/bin:/usr/local/sbin:/usr/local/bin:/usr/sbin:/usr/bin:/sbin:/bin:/usr/games:/usr/local/games:/snap/bin:/snap/bin'), ('INVOCATION_ID', '8be6e9d5a46c4dde9fbe4351f65a98da'), ('SESSION_MANAGER', 'local/robot33-6:@/tmp/.ICE-unix/1547,unix/robot33-6:/tmp/.ICE-unix/1547'), ('BAMF_DESKTOP_FILE_HINT', '/var/lib/snapd/desktop/applications/qtcreator-ros_qtcreator-ros.desktop'), ('GNOME_SETUP_DISPLAY', ':1'), ('LC_ADDRESS', 'ru_RU.UTF-8'), ('SNAP_DATA', '/var/snap/qtcreator-ros/107'), ('XDG_MENU_PREFIX', 'gnome-'), ('XDG_RUNTIME_DIR', '/run/user/1000'), ('DISPLAY', ':0'), ('LANG', 'en_US.UTF-8'), ('LC_TELEPHONE', 'ru_RU.UTF-8'), ('XDG_CURRENT_DESKTOP', 'ubuntu:GNOME'), ('XAUTHORITY', '/run/user/1000/.mutter-Xwaylandauth.NV73K2'), ('XDG_SESSION_DESKTOP', 'ubuntu'), ('XMODIFIERS', '@im=ibus'), ('AMENT_PREFIX_PATH', '/home/robot33-6/student133_ws/install/test_visualization:/home/robot33-6/student133_ws/install/test_parameters:/home/robot33-6/student133_ws/install/test_client:/home/robot33-6/student133_ws/install/test_service:/home/robot33-6/student133_ws/install/test_custom_srv:/home/robot33-6/student133_ws/install/test_custom_publisher:/home/robot33-6/student133_ws/install/test_castom_publisher:/home/robot33-6/student133_ws/install/test_custom_msg:/home/robot33-6/student133_ws/install/test_subscriber:/home/robot33-6/student133_ws/install/test_publisher:/home/robot33-6/student133_ws/install/test_pkg:/opt/ros/humble'), ('SNAP_ARCH', 'amd64'), ('SNAP_COOKIE', 'zfxwyVEa0dSM0vT388UHnSyWy-Mv84K8RE-CWR0OLT2wc9JrOksa'), ('SNAP_USER_COMMON', '/home/robot33-6/snap/qtcreator-ros/common'), ('SSH_AGENT_LAUNCHER', 'gnome-keyring'), ('SSH_AUTH_SOCK', '/run/user/1000/keyring/ssh'), ('LC_NAME', 'ru_RU.UTF-8'), ('SHELL', '/bin/bash'), ('GDMSESSION', 'ubuntu'), ('QT_ACCESSIBILITY', '1'), ('SNAP_REEXEC', ''), ('SNAP_NAME', 'qtcreator-ros'), ('LC_MEASUREMENT', 'ru_RU.UTF-8'), ('GJS_DEBUG_OUTPUT', 'stderr'), ('LC_IDENTIFICATION', 'ru_RU.UTF-8'), ('QT_IM_MODULE', 'ibus'), ('PWD', '/home/robot33-6/student133_ws/build/test_visualization'), ('QT_QPA_PLATFORM', 'wayland;xcb'), ('SNAP_REAL_HOME', '/home/robot33-6'), ('XDG_CONFIG_DIRS', '/etc/xdg/xdg-ubuntu:/etc/xdg'), ('XDG_DATA_DIRS', '/usr/share/ubuntu:/usr/local/share/:/usr/share/:/var/lib/snapd/desktop'), ('LC_NUMERIC', 'ru_RU.UTF-8'), ('PYTHONPATH', '/home/robot33-6/student133_ws/install/test_custom_srv/local/lib/python3.10/dist-packages:/home/robot33-6/student133_ws/install/test_custom_msg/local/lib/python3.10/dist-packages:/opt/ros/humble/lib/python3.10/site-packages:/opt/ros/humble/local/lib/python3.10/dist-packages'), ('SNAP', '/snap/qtcreator-ros/107'), ('SNAP_EUID', '1000'), ('LC_PAPER', 'ru_RU.UTF-8'), ('COLCON', '1'), ('CMAKE_PREFIX_PATH', '/home/robot33-6/student133_ws/install/test_visualization:/home/robot33-6/student133_ws/install/test_parameters:/home/robot33-6/student133_ws/install/test_client:/home/robot33-6/student133_ws/install/test_service:/home/robot33-6/student133_ws/install/test_custom_srv:/home/robot33-6/student133_ws/install/test_custom_publisher:/home/robot33-6/student133_ws/install/test_castom_publisher:/home/robot33-6/student133_ws/install/test_custom_msg:/home/robot33-6/student133_ws/install/test_subscriber:/home/robot33-6/student133_ws/install/test_publisher:/home/robot33-6/student133_ws/install/test_pkg:/opt/ros/humble'), ('LIBGL_DRIVERS_PATH', '/snap/qtcreator-ros/107/usr/lib/x86_64-linux-gnu/dri')]), 'shell': False}
[1.316284] (test_subscriber) StdoutLine: {'line': b'-- Install configuration: "Debug"\n'}
[1.316444] (test_subscriber) StdoutLine: {'line': b'-- Up-to-date: /home/robot33-6/student133_ws/install/test_subscriber/lib/test_subscriber/test_subscriber_node\n'}
[1.316563] (test_subscriber) StdoutLine: {'line': b'-- Up-to-date: /home/robot33-6/student133_ws/install/test_subscriber/share/ament_index/resource_index/package_run_dependencies/test_subscriber\n'}
[1.316764] (test_subscriber) StdoutLine: {'line': b'-- Up-to-date: /home/robot33-6/student133_ws/install/test_subscriber/share/ament_index/resource_index/parent_prefix_path/test_subscriber\n'}
[1.316848] (test_subscriber) StdoutLine: {'line': b'-- Up-to-date: /home/robot33-6/student133_ws/install/test_subscriber/share/test_subscriber/environment/ament_prefix_path.sh\n'}
[1.316930] (test_subscriber) StdoutLine: {'line': b'-- Up-to-date: /home/robot33-6/student133_ws/install/test_subscriber/share/test_subscriber/environment/ament_prefix_path.dsv\n'}
[1.317011] (test_subscriber) StdoutLine: {'line': b'-- Up-to-date: /home/robot33-6/student133_ws/install/test_subscriber/share/test_subscriber/environment/path.sh\n'}
[1.317089] (test_subscriber) StdoutLine: {'line': b'-- Up-to-date: /home/robot33-6/student133_ws/install/test_subscriber/share/test_subscriber/environment/path.dsv\n'}
[1.317169] (test_subscriber) StdoutLine: {'line': b'-- Up-to-date: /home/robot33-6/student133_ws/install/test_subscriber/share/test_subscriber/local_setup.bash\n'}
[1.317252] (test_subscriber) StdoutLine: {'line': b'-- Up-to-date: /home/robot33-6/student133_ws/install/test_subscriber/share/test_subscriber/local_setup.sh\n'}
[1.317331] (test_subscriber) StdoutLine: {'line': b'-- Up-to-date: /home/robot33-6/student133_ws/install/test_subscriber/share/test_subscriber/local_setup.zsh\n'}
[1.317409] (test_subscriber) StdoutLine: {'line': b'-- Up-to-date: /home/robot33-6/student133_ws/install/test_subscriber/share/test_subscriber/local_setup.dsv\n'}
[1.317487] (test_subscriber) StdoutLine: {'line': b'-- Installing: /home/robot33-6/student133_ws/install/test_subscriber/share/test_subscriber/package.dsv\n'}
[1.317566] (test_subscriber) StdoutLine: {'line': b'-- Up-to-date: /home/robot33-6/student133_ws/install/test_subscriber/share/ament_index/resource_index/packages/test_subscriber\n'}
[1.317643] (test_subscriber) StdoutLine: {'line': b'-- Up-to-date: /home/robot33-6/student133_ws/install/test_subscriber/share/test_subscriber/cmake/test_subscriberConfig.cmake\n'}
[1.317724] (test_subscriber) StdoutLine: {'line': b'-- Up-to-date: /home/robot33-6/student133_ws/install/test_subscriber/share/test_subscriber/cmake/test_subscriberConfig-version.cmake\n'}
[1.317807] (test_subscriber) StdoutLine: {'line': b'-- Up-to-date: /home/robot33-6/student133_ws/install/test_subscriber/share/test_subscriber/package.xml\n'}
[1.318375] (test_subscriber) CommandEnded: {'returncode': 0}
[1.365189] (test_visualization) StdoutLine: {'line': b'-- Install configuration: "Debug"\n'}
[1.365432] (test_visualization) StdoutLine: {'line': b'-- Up-to-date: /home/robot33-6/student133_ws/install/test_visualization/lib/test_visualization/test_visualization_node\n'}
[1.365530] (test_visualization) StdoutLine: {'line': b'-- Up-to-date: /home/robot33-6/student133_ws/install/test_visualization/share/ament_index/resource_index/package_run_dependencies/test_visualization\n'}
[1.365604] (test_visualization) StdoutLine: {'line': b'-- Up-to-date: /home/robot33-6/student133_ws/install/test_visualization/share/ament_index/resource_index/parent_prefix_path/test_visualization\n'}
[1.365693] (test_visualization) StdoutLine: {'line': b'-- Up-to-date: /home/robot33-6/student133_ws/install/test_visualization/share/test_visualization/environment/ament_prefix_path.sh\n'}
[1.365779] (test_visualization) StdoutLine: {'line': b'-- Up-to-date: /home/robot33-6/student133_ws/install/test_visualization/share/test_visualization/environment/ament_prefix_path.dsv\n'}
[1.365832] (test_visualization) StdoutLine: {'line': b'-- Up-to-date: /home/robot33-6/student133_ws/install/test_visualization/share/test_visualization/environment/path.sh\n'}
[1.365905] (test_visualization) StdoutLine: {'line': b'-- Up-to-date: /home/robot33-6/student133_ws/install/test_visualization/share/test_visualization/environment/path.dsv\n'}
[1.365957] (test_visualization) StdoutLine: {'line': b'-- Up-to-date: /home/robot33-6/student133_ws/install/test_visualization/share/test_visualization/local_setup.bash\n'}
[1.366008] (test_visualization) StdoutLine: {'line': b'-- Up-to-date: /home/robot33-6/student133_ws/install/test_visualization/share/test_visualization/local_setup.sh\n'}
[1.366114] (test_visualization) StdoutLine: {'line': b'-- Up-to-date: /home/robot33-6/student133_ws/install/test_visualization/share/test_visualization/local_setup.zsh\n'}
[1.366166] (test_visualization) StdoutLine: {'line': b'-- Up-to-date: /home/robot33-6/student133_ws/install/test_visualization/share/test_visualization/local_setup.dsv\n'}
[1.366231] (test_visualization) StdoutLine: {'line': b'-- Installing: /home/robot33-6/student133_ws/install/test_visualization/share/test_visualization/package.dsv\n'}
[1.366280] (test_visualization) StdoutLine: {'line': b'-- Up-to-date: /home/robot33-6/student133_ws/install/test_visualization/share/ament_index/resource_index/packages/test_visualization\n'}
[1.366330] (test_visualization) StdoutLine: {'line': b'-- Up-to-date: /home/robot33-6/student133_ws/install/test_visualization/share/test_visualization/cmake/test_visualizationConfig.cmake\n'}
[1.366380] (test_visualization) StdoutLine: {'line': b'-- Up-to-date: /home/robot33-6/student133_ws/install/test_visualization/share/test_visualization/cmake/test_visualizationConfig-version.cmake\n'}
[1.366430] (test_visualization) StdoutLine: {'line': b'-- Up-to-date: /home/robot33-6/student133_ws/install/test_visualization/share/test_visualization/package.xml\n'}
[1.366480] (test_custom_srv) StdoutLine: {'line': b"Listing '/home/robot33-6/student133_ws/install/test_custom_srv/local/lib/python3.10/dist-packages/test_custom_srv'...\n"}
[1.366581] (test_custom_srv) StdoutLine: {'line': b"Listing '/home/robot33-6/student133_ws/install/test_custom_srv/local/lib/python3.10/dist-packages/test_custom_srv/srv'...\n"}
[1.366635] (test_custom_srv) StdoutLine: {'line': b'-- Up-to-date: /home/robot33-6/student133_ws/install/test_custom_srv/local/lib/python3.10/dist-packages/test_custom_srv/test_custom_srv_s__rosidl_typesupport_fastrtps_c.cpython-310-x86_64-linux-gnu.so\n'}
[1.366722] (test_custom_srv) StdoutLine: {'line': b'-- Up-to-date: /home/robot33-6/student133_ws/install/test_custom_srv/local/lib/python3.10/dist-packages/test_custom_srv/test_custom_srv_s__rosidl_typesupport_introspection_c.cpython-310-x86_64-linux-gnu.so\n'}
[1.366773] (test_custom_srv) StdoutLine: {'line': b'-- Up-to-date: /home/robot33-6/student133_ws/install/test_custom_srv/local/lib/python3.10/dist-packages/test_custom_srv/test_custom_srv_s__rosidl_typesupport_c.cpython-310-x86_64-linux-gnu.so\n'}
[1.366837] (test_custom_srv) StdoutLine: {'line': b'-- Up-to-date: /home/robot33-6/student133_ws/install/test_custom_srv/lib/libtest_custom_srv__rosidl_generator_py.so\n'}
[1.366889] (test_custom_srv) StdoutLine: {'line': b'-- Up-to-date: /home/robot33-6/student133_ws/install/test_custom_srv/share/test_custom_srv/srv/CircleSquare.idl\n'}
[1.366992] (test_custom_srv) StdoutLine: {'line': b'-- Up-to-date: /home/robot33-6/student133_ws/install/test_custom_srv/share/test_custom_srv/srv/CircleSquare.srv\n'}
[1.367096] (test_custom_srv) StdoutLine: {'line': b'-- Up-to-date: /home/robot33-6/student133_ws/install/test_custom_srv/share/test_custom_srv/srv/CircleSquare_Request.msg\n'}
[1.367148] (test_custom_srv) StdoutLine: {'line': b'-- Up-to-date: /home/robot33-6/student133_ws/install/test_custom_srv/share/test_custom_srv/srv/CircleSquare_Response.msg\n'}
[1.367197] (test_custom_srv) StdoutLine: {'line': b'-- Up-to-date: /home/robot33-6/student133_ws/install/test_custom_srv/share/ament_index/resource_index/package_run_dependencies/test_custom_srv\n'}
[1.367323] (test_custom_srv) StdoutLine: {'line': b'-- Up-to-date: /home/robot33-6/student133_ws/install/test_custom_srv/share/ament_index/resource_index/parent_prefix_path/test_custom_srv\n'}
[1.367375] (test_custom_srv) StdoutLine: {'line': b'-- Up-to-date: /home/robot33-6/student133_ws/install/test_custom_srv/share/test_custom_srv/environment/ament_prefix_path.sh\n'}
[1.367489] (test_custom_srv) StdoutLine: {'line': b'-- Up-to-date: /home/robot33-6/student133_ws/install/test_custom_srv/share/test_custom_srv/environment/ament_prefix_path.dsv\n'}
[1.367540] (test_custom_srv) StdoutLine: {'line': b'-- Up-to-date: /home/robot33-6/student133_ws/install/test_custom_srv/share/test_custom_srv/environment/path.sh\n'}
[1.367590] (test_custom_srv) StdoutLine: {'line': b'-- Up-to-date: /home/robot33-6/student133_ws/install/test_custom_srv/share/test_custom_srv/environment/path.dsv\n'}
[1.367640] (test_custom_srv) StdoutLine: {'line': b'-- Up-to-date: /home/robot33-6/student133_ws/install/test_custom_srv/share/test_custom_srv/local_setup.bash\n'}
[1.367727] (test_custom_srv) StdoutLine: {'line': b'-- Up-to-date: /home/robot33-6/student133_ws/install/test_custom_srv/share/test_custom_srv/local_setup.sh\n'}
[1.367778] (test_custom_srv) StdoutLine: {'line': b'-- Up-to-date: /home/robot33-6/student133_ws/install/test_custom_srv/share/test_custom_srv/local_setup.zsh\n'}
[1.367827] (test_custom_srv) StdoutLine: {'line': b'-- Up-to-date: /home/robot33-6/student133_ws/install/test_custom_srv/share/test_custom_srv/local_setup.dsv\n'}
[1.367875] (test_custom_srv) StdoutLine: {'line': b'-- Installing: /home/robot33-6/student133_ws/install/test_custom_srv/share/test_custom_srv/package.dsv\n'}
[1.367941] (test_custom_srv) StdoutLine: {'line': b'-- Up-to-date: /home/robot33-6/student133_ws/install/test_custom_srv/share/ament_index/resource_index/packages/test_custom_srv\n'}
[1.367991] (test_custom_srv) StdoutLine: {'line': b'-- Up-to-date: /home/robot33-6/student133_ws/install/test_custom_srv/share/test_custom_srv/cmake/export_test_custom_srv__rosidl_generator_cExport.cmake\n'}
[1.368041] (test_custom_srv) StdoutLine: {'line': b'-- Up-to-date: /home/robot33-6/student133_ws/install/test_custom_srv/share/test_custom_srv/cmake/export_test_custom_srv__rosidl_generator_cExport-debug.cmake\n'}
[1.368091] (test_custom_srv) StdoutLine: {'line': b'-- Up-to-date: /home/robot33-6/student133_ws/install/test_custom_srv/share/test_custom_srv/cmake/export_test_custom_srv__rosidl_typesupport_fastrtps_cExport.cmake\n'}
[1.368141] (test_custom_srv) StdoutLine: {'line': b'-- Up-to-date: /home/robot33-6/student133_ws/install/test_custom_srv/share/test_custom_srv/cmake/export_test_custom_srv__rosidl_typesupport_fastrtps_cExport-debug.cmake\n'}
[1.368237] (test_custom_srv) StdoutLine: {'line': b'-- Up-to-date: /home/robot33-6/student133_ws/install/test_custom_srv/share/test_custom_srv/cmake/test_custom_srv__rosidl_typesupport_introspection_cExport.cmake\n'}
[1.368289] (test_custom_srv) StdoutLine: {'line': b'-- Up-to-date: /home/robot33-6/student133_ws/install/test_custom_srv/share/test_custom_srv/cmake/test_custom_srv__rosidl_typesupport_introspection_cExport-debug.cmake\n'}
[1.368338] (test_custom_srv) StdoutLine: {'line': b'-- Up-to-date: /home/robot33-6/student133_ws/install/test_custom_srv/share/test_custom_srv/cmake/test_custom_srv__rosidl_typesupport_cExport.cmake\n'}
[1.368408] (test_custom_srv) StdoutLine: {'line': b'-- Up-to-date: /home/robot33-6/student133_ws/install/test_custom_srv/share/test_custom_srv/cmake/test_custom_srv__rosidl_typesupport_cExport-debug.cmake\n'}
[1.368549] (test_custom_srv) StdoutLine: {'line': b'-- Up-to-date: /home/robot33-6/student133_ws/install/test_custom_srv/share/test_custom_srv/cmake/export_test_custom_srv__rosidl_generator_cppExport.cmake\n'}
[1.368600] (test_custom_srv) StdoutLine: {'line': b'-- Up-to-date: /home/robot33-6/student133_ws/install/test_custom_srv/share/test_custom_srv/cmake/export_test_custom_srv__rosidl_typesupport_fastrtps_cppExport.cmake\n'}
[1.368694] (test_custom_srv) StdoutLine: {'line': b'-- Up-to-date: /home/robot33-6/student133_ws/install/test_custom_srv/share/test_custom_srv/cmake/export_test_custom_srv__rosidl_typesupport_fastrtps_cppExport-debug.cmake\n'}
[1.368745] (test_custom_srv) StdoutLine: {'line': b'-- Up-to-date: /home/robot33-6/student133_ws/install/test_custom_srv/share/test_custom_srv/cmake/test_custom_srv__rosidl_typesupport_introspection_cppExport.cmake\n'}
[1.368806] (test_custom_srv) StdoutLine: {'line': b'-- Up-to-date: /home/robot33-6/student133_ws/install/test_custom_srv/share/test_custom_srv/cmake/test_custom_srv__rosidl_typesupport_introspection_cppExport-debug.cmake\n'}
[1.368855] (test_custom_srv) StdoutLine: {'line': b'-- Up-to-date: /home/robot33-6/student133_ws/install/test_custom_srv/share/test_custom_srv/cmake/test_custom_srv__rosidl_typesupport_cppExport.cmake\n'}
[1.368905] (test_custom_srv) StdoutLine: {'line': b'-- Up-to-date: /home/robot33-6/student133_ws/install/test_custom_srv/share/test_custom_srv/cmake/test_custom_srv__rosidl_typesupport_cppExport-debug.cmake\n'}
[1.369017] (test_custom_srv) StdoutLine: {'line': b'-- Up-to-date: /home/robot33-6/student133_ws/install/test_custom_srv/share/test_custom_srv/cmake/export_test_custom_srv__rosidl_generator_pyExport.cmake\n'}
[1.369080] (test_custom_srv) StdoutLine: {'line': b'-- Up-to-date: /home/robot33-6/student133_ws/install/test_custom_srv/share/test_custom_srv/cmake/export_test_custom_srv__rosidl_generator_pyExport-debug.cmake\n'}
[1.369129] (test_custom_srv) StdoutLine: {'line': b'-- Up-to-date: /home/robot33-6/student133_ws/install/test_custom_srv/share/test_custom_srv/cmake/rosidl_cmake-extras.cmake\n'}
[1.369177] (test_custom_srv) StdoutLine: {'line': b'-- Up-to-date: /home/robot33-6/student133_ws/install/test_custom_srv/share/test_custom_srv/cmake/ament_cmake_export_include_directories-extras.cmake\n'}
[1.369226] (test_custom_srv) StdoutLine: {'line': b'-- Up-to-date: /home/robot33-6/student133_ws/install/test_custom_srv/share/test_custom_srv/cmake/ament_cmake_export_libraries-extras.cmake\n'}
[1.369334] (test_custom_srv) StdoutLine: {'line': b'-- Up-to-date: /home/robot33-6/student133_ws/install/test_custom_srv/share/test_custom_srv/cmake/ament_cmake_export_targets-extras.cmake\n'}
[1.369383] (test_custom_srv) StdoutLine: {'line': b'-- Up-to-date: /home/robot33-6/student133_ws/install/test_custom_srv/share/test_custom_srv/cmake/rosidl_cmake_export_typesupport_targets-extras.cmake\n'}
[1.369432] (test_custom_srv) StdoutLine: {'line': b'-- Up-to-date: /home/robot33-6/student133_ws/install/test_custom_srv/share/test_custom_srv/cmake/ament_cmake_export_dependencies-extras.cmake\n'}
[1.369480] (test_custom_srv) StdoutLine: {'line': b'-- Up-to-date: /home/robot33-6/student133_ws/install/test_custom_srv/share/test_custom_srv/cmake/rosidl_cmake_export_typesupport_libraries-extras.cmake\n'}
[1.369528] (test_custom_srv) StdoutLine: {'line': b'-- Up-to-date: /home/robot33-6/student133_ws/install/test_custom_srv/share/test_custom_srv/cmake/test_custom_srvConfig.cmake\n'}
[1.369576] (test_custom_srv) StdoutLine: {'line': b'-- Up-to-date: /home/robot33-6/student133_ws/install/test_custom_srv/share/test_custom_srv/cmake/test_custom_srvConfig-version.cmake\n'}
[1.369637] (test_custom_srv) StdoutLine: {'line': b'-- Up-to-date: /home/robot33-6/student133_ws/install/test_custom_srv/share/test_custom_srv/package.xml\n'}
[1.369737] (test_custom_publisher) StderrLine: {'line': b'/home/robot33-6/student133_ws/src/test_custom_publisher/src/test_custom_publisher.cpp:2:10: fatal error: test_custom_msg/msg/circle.hpp: No such file or directory\n'}
[1.369856] (test_custom_publisher) StderrLine: {'line': b'    2 | #include <test_custom_msg/msg/circle.hpp>\n'}
[1.369910] (test_custom_publisher) StderrLine: {'line': b'      |          ^~~~~~~~~~~~~~~~~~~~~~~~~~~~~~~~\n'}
[1.369958] (test_custom_publisher) StderrLine: {'line': b'compilation terminated.\n'}
[1.370005] (test_custom_publisher) StderrLine: {'line': b'gmake[2]: *** [CMakeFiles/test_custom_publisher_node.dir/build.make:76: CMakeFiles/test_custom_publisher_node.dir/src/test_custom_publisher.cpp.o] Error 1\n'}
[1.370066] (test_custom_publisher) StderrLine: {'line': b'gmake[1]: *** [CMakeFiles/Makefile2:137: CMakeFiles/test_custom_publisher_node.dir/all] Error 2\n'}
[1.370127] (test_custom_publisher) StderrLine: {'line': b'gmake: *** [Makefile:146: all] Error 2\n'}
[1.370174] (test_visualization) CommandEnded: {'returncode': 0}
[1.401696] (-) TimerEvent: {}
[1.411199] (test_custom_srv) CommandEnded: {'returncode': 0}
[1.476150] (test_custom_publisher) CommandEnded: {'returncode': 2}
[1.501801] (-) TimerEvent: {}
[1.543957] (test_subscriber) JobEnded: {'identifier': 'test_subscriber', 'rc': 0}
[1.598032] (test_visualization) JobEnded: {'identifier': 'test_visualization', 'rc': 0}
[1.601928] (-) TimerEvent: {}
[1.665682] (test_custom_srv) JobEnded: {'identifier': 'test_custom_srv', 'rc': 0}
[1.702089] (-) TimerEvent: {}
[1.719910] (test_custom_publisher) JobEnded: {'identifier': 'test_custom_publisher', 'rc': 2}
[1.720168] (test_custom_msg) StdoutLine: {'line': b'-- Using all available rosidl_typesupport_c: rosidl_typesupport_fastrtps_c;rosidl_typesupport_introspection_c\n'}
[1.767893] (test_custom_msg) StdoutLine: {'line': b'-- Using all available rosidl_typesupport_cpp: rosidl_typesupport_fastrtps_cpp;rosidl_typesupport_introspection_cpp\n'}
[1.802256] (-) TimerEvent: {}
[1.806972] (test_custom_msg) StdoutLine: {'line': b'-- Found python_cmake_module: 0.10.0 (/opt/ros/humble/share/python_cmake_module/cmake)\n'}
[1.851764] (test_custom_msg) StdoutLine: {'line': b'-- Using PYTHON_EXECUTABLE: /usr/bin/python3\n'}
[1.851894] (test_custom_msg) StdoutLine: {'line': b'-- Using PYTHON_INCLUDE_DIRS: /usr/include/python3.10\n'}
[1.851956] (test_custom_msg) StdoutLine: {'line': b'-- Using PYTHON_LIBRARIES: /usr/lib/x86_64-linux-gnu/libpython3.10.so\n'}
[1.894413] (test_custom_msg) StdoutLine: {'line': b"-- Added test 'lint_cmake' to check CMake code style\n"}
[1.895347] (test_custom_msg) StdoutLine: {'line': b"-- Added test 'xmllint' to check XML markup files\n"}
[1.902396] (-) TimerEvent: {}
[1.938247] (test_custom_msg) StdoutLine: {'line': b'-- Configuring done\n'}
[1.991038] (test_custom_msg) StdoutLine: {'line': b'-- Generating done\n'}
[1.997068] (test_custom_msg) StdoutLine: {'line': b'-- Build files have been written to: /home/robot33-6/student133_ws/build/test_custom_msg\n'}
[2.002520] (-) TimerEvent: {}
[2.022700] (test_custom_msg) StdoutLine: {'line': b'[  3%] Built target test_custom_msg__cpp\n'}
[2.023548] (test_custom_msg) StdoutLine: {'line': b'Consolidate compiler generated dependencies of target test_custom_msg__rosidl_generator_c\n'}
[2.030187] (test_custom_msg) StdoutLine: {'line': b'[  3%] Built target ament_cmake_python_copy_test_custom_msg\n'}
[2.032181] (test_custom_msg) StdoutLine: {'line': b'Consolidate compiler generated dependencies of target test_custom_msg__rosidl_typesupport_cpp\n'}
[2.033224] (test_custom_msg) StdoutLine: {'line': b'Consolidate compiler generated dependencies of target test_custom_msg__rosidl_typesupport_fastrtps_cpp\n'}
[2.034776] (test_custom_msg) StdoutLine: {'line': b'[ 12%] Built target test_custom_msg__rosidl_generator_c\n'}
[2.036099] (test_custom_msg) StdoutLine: {'line': b'Consolidate compiler generated dependencies of target test_custom_msg__rosidl_typesupport_introspection_cpp\n'}
[2.044026] (test_custom_msg) StdoutLine: {'line': b'[ 22%] Built target test_custom_msg__rosidl_typesupport_cpp\n'}
[2.046301] (test_custom_msg) StdoutLine: {'line': b'[ 32%] Built target test_custom_msg__rosidl_typesupport_fastrtps_cpp\n'}
[2.047309] (test_custom_msg) StdoutLine: {'line': b'[ 41%] Built target test_custom_msg__rosidl_typesupport_introspection_cpp\n'}
[2.047630] (test_custom_msg) StdoutLine: {'line': b'Consolidate compiler generated dependencies of target test_custom_msg__rosidl_typesupport_c\n'}
[2.047723] (test_custom_msg) StdoutLine: {'line': b'Consolidate compiler generated dependencies of target test_custom_msg__rosidl_typesupport_introspection_c\n'}
[2.048455] (test_custom_msg) StdoutLine: {'line': b'Consolidate compiler generated dependencies of target test_custom_msg__rosidl_typesupport_fastrtps_c\n'}
[2.056410] (test_custom_msg) StdoutLine: {'line': b'[ 61%] Built target test_custom_msg__rosidl_typesupport_introspection_c\n'}
[2.056619] (test_custom_msg) StdoutLine: {'line': b'[ 61%] Built target test_custom_msg__rosidl_typesupport_c\n'}
[2.057604] (test_custom_msg) StdoutLine: {'line': b'[ 70%] Built target test_custom_msg__rosidl_typesupport_fastrtps_c\n'}
[2.073072] (test_custom_msg) StdoutLine: {'line': b'[ 70%] Built target test_custom_msg\n'}
[2.088561] (test_custom_msg) StdoutLine: {'line': b'[ 74%] Built target test_custom_msg__py\n'}
[2.097495] (test_custom_msg) StdoutLine: {'line': b'Consolidate compiler generated dependencies of target test_custom_msg__rosidl_generator_py\n'}
[2.102624] (-) TimerEvent: {}
[2.105881] (test_custom_msg) StdoutLine: {'line': b'[ 80%] Built target test_custom_msg__rosidl_generator_py\n'}
[2.115372] (test_custom_msg) StdoutLine: {'line': b'Consolidate compiler generated dependencies of target test_custom_msg__rosidl_typesupport_fastrtps_c__pyext\n'}
[2.115562] (test_custom_msg) StdoutLine: {'line': b'Consolidate compiler generated dependencies of target test_custom_msg__rosidl_typesupport_introspection_c__pyext\n'}
[2.115658] (test_custom_msg) StdoutLine: {'line': b'Consolidate compiler generated dependencies of target test_custom_msg__rosidl_typesupport_c__pyext\n'}
[2.124289] (test_custom_msg) StdoutLine: {'line': b'[100%] Built target test_custom_msg__rosidl_typesupport_introspection_c__pyext\n'}
[2.124481] (test_custom_msg) StdoutLine: {'line': b'[100%] Built target test_custom_msg__rosidl_typesupport_fastrtps_c__pyext\n'}
[2.124594] (test_custom_msg) StdoutLine: {'line': b'[100%] Built target test_custom_msg__rosidl_typesupport_c__pyext\n'}
[2.202731] (-) TimerEvent: {}
[2.233405] (test_custom_msg) StdoutLine: {'line': b'running egg_info\n'}
[2.233933] (test_custom_msg) StdoutLine: {'line': b'writing test_custom_msg.egg-info/PKG-INFO\n'}
[2.234109] (test_custom_msg) StdoutLine: {'line': b'writing dependency_links to test_custom_msg.egg-info/dependency_links.txt\n'}
[2.234251] (test_custom_msg) StdoutLine: {'line': b'writing top-level names to test_custom_msg.egg-info/top_level.txt\n'}
[2.235844] (test_custom_msg) StdoutLine: {'line': b"reading manifest file 'test_custom_msg.egg-info/SOURCES.txt'\n"}
[2.236340] (test_custom_msg) StdoutLine: {'line': b"writing manifest file 'test_custom_msg.egg-info/SOURCES.txt'\n"}
[2.256626] (test_custom_msg) StdoutLine: {'line': b'[100%] Built target ament_cmake_python_build_test_custom_msg_egg\n'}
[2.264315] (test_custom_msg) JobEnded: {'identifier': 'test_custom_msg', 'rc': 'SIGINT'}
[2.274670] (-) EventReactorShutdown: {}
