[0.100s] Invoking command in '/home/eragon/student133_ws/build/l2_image_detector': CMAKE_PREFIX_PATH=${CMAKE_PREFIX_PATH}:/opt/ros/humble /usr/bin/cmake --build /home/eragon/student133_ws/build/l2_image_detector -- -j8 -l8
[0.260s] Consolidate compiler generated dependencies of target l2_image_detector_node
[0.386s] [ 50%] Building CXX object CMakeFiles/l2_image_detector_node.dir/src/l2_image_detector_node.cpp.o
[9.536s] /home/eragon/student133_ws/src/l2_image_detector/src/l2_image_detector_node.cpp: In member function ‘void CircleDetector::image_callback(const ConstSharedPtr&)’:
[9.536s] /home/eragon/student133_ws/src/l2_image_detector/src/l2_image_detector_node.cpp:66:20: error: ‘class cv_bridge::CvImage’ has no member named ‘encodeToCompressedImgmsg’
[9.536s]    66 |             cv_img.encodeToCompressedImgmsg("png", img_msg);
[9.536s]       |                    ^~~~~~~~~~~~~~~~~~~~~~~~
[9.536s] /home/eragon/student133_ws/src/l2_image_detector/src/l2_image_detector_node.cpp:68:30: error: no matching function for call to ‘image_transport::Publisher::publish(sensor_msgs::msg::CompressedImage&)’
[9.537s]    68 |             pub_image.publish(img_msg);
[9.537s]       |             ~~~~~~~~~~~~~~~~~^~~~~~~~~
[9.537s] In file included from /opt/ros/humble/include/image_transport/image_transport/image_transport.hpp:41,
[9.537s]                  from /home/eragon/student133_ws/src/l2_image_detector/src/l2_image_detector_node.cpp:4:
[9.537s] /opt/ros/humble/include/image_transport/image_transport/publisher.hpp:97:8: note: candidate: ‘void image_transport::Publisher::publish(const Image&) const’
[9.537s]    97 |   void publish(const sensor_msgs::msg::Image & message) const;
[9.538s]       |        ^~~~~~~
[9.538s] /opt/ros/humble/include/image_transport/image_transport/publisher.hpp:97:48: note:   no known conversion for argument 1 from ‘sensor_msgs::msg::CompressedImage’ {aka ‘sensor_msgs::msg::CompressedImage_<std::allocator<void> >’} to ‘const Image&’ {aka ‘const sensor_msgs::msg::Image_<std::allocator<void> >&’}
[9.538s]    97 |   void publish(const sensor_msgs::msg::Image & message) const;
[9.538s]       |                ~~~~~~~~~~~~~~~~~~~~~~~~~~~~~~~~^~~~~~~
[9.538s] /opt/ros/humble/include/image_transport/image_transport/publisher.hpp:103:8: note: candidate: ‘void image_transport::Publisher::publish(const ConstSharedPtr&) const’
[9.538s]   103 |   void publish(const sensor_msgs::msg::Image::ConstSharedPtr & message) const;
[9.539s]       |        ^~~~~~~
[9.539s] /opt/ros/humble/include/image_transport/image_transport/publisher.hpp:103:64: note:   no known conversion for argument 1 from ‘sensor_msgs::msg::CompressedImage’ {aka ‘sensor_msgs::msg::CompressedImage_<std::allocator<void> >’} to ‘const ConstSharedPtr&’ {aka ‘const std::shared_ptr<const sensor_msgs::msg::Image_<std::allocator<void> > >&’}
[9.539s]   103 |   void publish(const sensor_msgs::msg::Image::ConstSharedPtr & message) const;
[9.539s]       |                ~~~~~~~~~~~~~~~~~~~~~~~~~~~~~~~~~~~~~~~~~~~~~~~~^~~~~~~
[11.682s] gmake[2]: *** [CMakeFiles/l2_image_detector_node.dir/build.make:76: CMakeFiles/l2_image_detector_node.dir/src/l2_image_detector_node.cpp.o] Ошибка 1
[11.683s] gmake[1]: *** [CMakeFiles/Makefile2:137: CMakeFiles/l2_image_detector_node.dir/all] Ошибка 2
[11.683s] gmake: *** [Makefile:146: all] Ошибка 2
[11.689s] Invoked command in '/home/eragon/student133_ws/build/l2_image_detector' returned '2': CMAKE_PREFIX_PATH=${CMAKE_PREFIX_PATH}:/opt/ros/humble /usr/bin/cmake --build /home/eragon/student133_ws/build/l2_image_detector -- -j8 -l8
