[ 50%] Building CXX object CMakeFiles/test_tf_broadcaster_node.dir/src/test_tf_broadcaster_node.cpp.o
/home/eragon/student133_ws/src/test_tf_broadcaster/src/test_tf_broadcaster_node.cpp:2:10: fatal error: geometry_msgs/msg/transform_stamped.hpp: Нет такого файла или каталога
    2 | #include <geometry_msgs/msg/transform_stamped.hpp>
      |          ^~~~~~~~~~~~~~~~~~~~~~~~~~~~~~~~~~~~~~~~~
compilation terminated.
gmake[2]: *** [CMakeFiles/test_tf_broadcaster_node.dir/build.make:76: CMakeFiles/test_tf_broadcaster_node.dir/src/test_tf_broadcaster_node.cpp.o] Ошибка 1
gmake[1]: *** [CMakeFiles/Makefile2:137: CMakeFiles/test_tf_broadcaster_node.dir/all] Ошибка 2
gmake: *** [Makefile:146: all] Ошибка 2
