[0.115s] Invoking command in '/home/robot33-6/student133_ws/build/test_serial_communication': CMAKE_PREFIX_PATH=${CMAKE_PREFIX_PATH}:/opt/ros/humble /usr/bin/cmake --build /home/robot33-6/student133_ws/build/test_serial_communication -- -j8 -l8
[0.294s] Consolidate compiler generated dependencies of target test_serial_communication_node
[0.309s] [ 50%] Building CXX object CMakeFiles/test_serial_communication_node.dir/src/test_serial_communication_node.cpp.o
[2.838s] /home/robot33-6/student133_ws/src/test_serial_communication/src/test_serial_communication_node.cpp: In constructor ‘TestSerial::TestSerial()’:
[2.839s] /home/robot33-6/student133_ws/src/test_serial_communication/src/test_serial_communication_node.cpp:28:70: error: ‘timer_callback_us’ is not a member of ‘TestSerial’
[2.839s]    28 |       timer = this-> create_wall_timer(100ms, std::bind(&TestSerial::timer_callback_us,this));
[2.839s]       |                                                                      ^~~~~~~~~~~~~~~~~
[3.661s] gmake[2]: *** [CMakeFiles/test_serial_communication_node.dir/build.make:76: CMakeFiles/test_serial_communication_node.dir/src/test_serial_communication_node.cpp.o] Error 1
[3.661s] gmake[1]: *** [CMakeFiles/Makefile2:137: CMakeFiles/test_serial_communication_node.dir/all] Error 2
[3.661s] gmake: *** [Makefile:146: all] Error 2
[3.663s] Invoked command in '/home/robot33-6/student133_ws/build/test_serial_communication' returned '2': CMAKE_PREFIX_PATH=${CMAKE_PREFIX_PATH}:/opt/ros/humble /usr/bin/cmake --build /home/robot33-6/student133_ws/build/test_serial_communication -- -j8 -l8
