[0.109s] Invoking command in '/home/eragon/student133_ws/build/test_serial_communication': CMAKE_PREFIX_PATH=${CMAKE_PREFIX_PATH}:/opt/ros/humble /usr/bin/cmake --build /home/eragon/student133_ws/build/test_serial_communication -- -j8 -l8
[0.198s] Consolidate compiler generated dependencies of target test_serial_communication_node
[0.225s] [ 50%] Building CXX object CMakeFiles/test_serial_communication_node.dir/src/test_serial_communication_node.cpp.o
[0.717s] /home/eragon/student133_ws/src/test_serial_communication/src/test_serial_communication_node.cpp:4:10: fatal error: libserial/SerialStream.h: Нет такого файла или каталога
[0.717s]     4 | #include <libserial/SerialStream.h>
[0.717s]       |          ^~~~~~~~~~~~~~~~~~~~~~~~~~
[0.717s] compilation terminated.
[0.724s] gmake[2]: *** [CMakeFiles/test_serial_communication_node.dir/build.make:76: CMakeFiles/test_serial_communication_node.dir/src/test_serial_communication_node.cpp.o] Ошибка 1
[0.724s] gmake[1]: *** [CMakeFiles/Makefile2:137: CMakeFiles/test_serial_communication_node.dir/all] Ошибка 2
[0.725s] gmake: *** [Makefile:146: all] Ошибка 2
[0.728s] Invoked command in '/home/eragon/student133_ws/build/test_serial_communication' returned '2': CMAKE_PREFIX_PATH=${CMAKE_PREFIX_PATH}:/opt/ros/humble /usr/bin/cmake --build /home/eragon/student133_ws/build/test_serial_communication -- -j8 -l8
