[0.087s] Invoking command in '/home/eragon/student133_ws/build/circle_detector': CMAKE_PREFIX_PATH=${CMAKE_PREFIX_PATH}:/opt/ros/humble /usr/bin/cmake --build /home/eragon/student133_ws/build/circle_detector -- -j8 -l8
[0.244s] [ 50%] Building CXX object CMakeFiles/circle_detector_node.dir/src/circle_detector_node.cpp.o
[6.699s] /home/eragon/student133_ws/src/circle_detector/src/circle_detector_node.cpp: In member function ‘void CircleDetectorNode::image_callback(sensor_msgs::msg::Image_<std::allocator<void> >::SharedPtr)’:
[6.699s] /home/eragon/student133_ws/src/circle_detector/src/circle_detector_node.cpp:90:17: error: ‘largest_circle’ was not declared in this scope; did you mean ‘largest_circle_image’?
[6.699s]    90 |             if (largest_circle[2] >= 20 && largest_circle[2] <= 200)
[6.700s]       |                 ^~~~~~~~~~~~~~
[6.700s]       |                 largest_circle_image
[11.300s] gmake[2]: *** [CMakeFiles/circle_detector_node.dir/build.make:76: CMakeFiles/circle_detector_node.dir/src/circle_detector_node.cpp.o] Ошибка 1
[11.300s] gmake[1]: *** [CMakeFiles/Makefile2:137: CMakeFiles/circle_detector_node.dir/all] Ошибка 2
[11.301s] gmake: *** [Makefile:146: all] Ошибка 2
[11.306s] Invoked command in '/home/eragon/student133_ws/build/circle_detector' returned '2': CMAKE_PREFIX_PATH=${CMAKE_PREFIX_PATH}:/opt/ros/humble /usr/bin/cmake --build /home/eragon/student133_ws/build/circle_detector -- -j8 -l8
