-- Found ament_cmake: 1.3.8 (/opt/ros/humble/share/ament_cmake/cmake)
-- Found rclcpp: 16.0.8 (/opt/ros/humble/share/rclcpp/cmake)
-- Found rosidl_generator_c: 3.1.5 (/opt/ros/humble/share/rosidl_generator_c/cmake)
-- Found rosidl_adapter: 3.1.5 (/opt/ros/humble/share/rosidl_adapter/cmake)
-- Found rosidl_generator_cpp: 3.1.5 (/opt/ros/humble/share/rosidl_generator_cpp/cmake)
-- Using all available rosidl_typesupport_c: rosidl_typesupport_fastrtps_c;rosidl_typesupport_introspection_c
-- Using all available rosidl_typesupport_cpp: rosidl_typesupport_fastrtps_cpp;rosidl_typesupport_introspection_cpp
-- Found rmw_implementation_cmake: 6.1.1 (/opt/ros/humble/share/rmw_implementation_cmake/cmake)
-- Found rmw_fastrtps_cpp: 6.2.6 (/opt/ros/humble/share/rmw_fastrtps_cpp/cmake)
-- Using RMW implementation 'rmw_fastrtps_cpp' as default
-- Found test_custom_srv: 0.0.0 (/home/robot33-6/student133_ws/install/test_custom_srv/share/test_custom_srv/cmake)
-- Found ament_lint_auto: 0.12.10 (/opt/ros/humble/share/ament_lint_auto/cmake)
-- Added test 'cppcheck' to perform static code analysis on C / C++ code
-- Configured cppcheck include dirs: 
-- Configured cppcheck exclude dirs and/or files: 
-- Added test 'lint_cmake' to check CMake code style
-- Added test 'uncrustify' to check C / C++ code style
-- Configured uncrustify additional arguments: 
-- Added test 'xmllint' to check XML markup files
-- Configuring done
-- Generating done
-- Build files have been written to: /home/robot33-6/student133_ws/build/test_client
Consolidate compiler generated dependencies of target test_client_node
[ 25%] Building CXX object CMakeFiles/client_triangle.dir/src/client_triangle.cpp.o
[ 75%] Built target test_client_node
/home/robot33-6/student133_ws/src/test_client/src/client_triangle.cpp:22:20: error: ‘test_custom_srv’ was not declared in this scope
   22 |     rclcpp::Client<test_custom_srv::srv::TriangleSquare>::SharedPtr
      |                    ^~~~~~~~~~~~~~~
/home/robot33-6/student133_ws/src/test_client/src/client_triangle.cpp:22:56: error: template argument 1 is invalid
   22 |     rclcpp::Client<test_custom_srv::srv::TriangleSquare>::SharedPtr
      |                                                        ^
/home/robot33-6/student133_ws/src/test_client/src/client_triangle.cpp:22:59: error: expected ‘;’ at end of member declaration
   22 |     rclcpp::Client<test_custom_srv::srv::TriangleSquare>::SharedPtr
      |                                                           ^~~~~~~~~
      |                                                                    ;
/home/robot33-6/student133_ws/src/test_client/src/client_triangle.cpp:23:5: error: ‘client’ does not name a type
   23 |     client;
      |     ^~~~~~
/home/robot33-6/student133_ws/src/test_client/src/client_triangle.cpp:49:24: error: ‘test_custom_srv’ was not declared in this scope
   49 |         rclcpp::Client<test_custom_srv::srv::TriangleSquare>::SharedFuture
      |                        ^~~~~~~~~~~~~~~
/home/robot33-6/student133_ws/src/test_client/src/client_triangle.cpp:49:60: error: template argument 1 is invalid
   49 |         rclcpp::Client<test_custom_srv::srv::TriangleSquare>::SharedFuture
      |                                                            ^
/home/robot33-6/student133_ws/src/test_client/src/client_triangle.cpp:49:24: error: ‘test_custom_srv’ was not declared in this scope
   49 |         rclcpp::Client<test_custom_srv::srv::TriangleSquare>::SharedFuture
      |                        ^~~~~~~~~~~~~~~
/home/robot33-6/student133_ws/src/test_client/src/client_triangle.cpp:49:60: error: template argument 1 is invalid
   49 |         rclcpp::Client<test_custom_srv::srv::TriangleSquare>::SharedFuture
      |                                                            ^
/home/robot33-6/student133_ws/src/test_client/src/client_triangle.cpp:49:24: error: ‘test_custom_srv’ was not declared in this scope
   49 |         rclcpp::Client<test_custom_srv::srv::TriangleSquare>::SharedFuture
      |                        ^~~~~~~~~~~~~~~
/home/robot33-6/student133_ws/src/test_client/src/client_triangle.cpp:49:60: error: template argument 1 is invalid
   49 |         rclcpp::Client<test_custom_srv::srv::TriangleSquare>::SharedFuture
      |                                                            ^
/home/robot33-6/student133_ws/src/test_client/src/client_triangle.cpp:49:9: error: invalid template-id
   49 |         rclcpp::Client<test_custom_srv::srv::TriangleSquare>::SharedFuture
      |         ^~~~~~
/home/robot33-6/student133_ws/src/test_client/src/client_triangle.cpp:49:24: error: ‘test_custom_srv’ has not been declared
   49 |         rclcpp::Client<test_custom_srv::srv::TriangleSquare>::SharedFuture
      |                        ^~~~~~~~~~~~~~~
/home/robot33-6/student133_ws/src/test_client/src/client_triangle.cpp:50:17: error: expected unqualified-id before ‘client_f’
   50 |                 client_f){
      |                 ^~~~~~~~
/home/robot33-6/student133_ws/src/test_client/src/client_triangle.cpp:49:75: error: expected ‘)’ before ‘client_f’
   49 |         rclcpp::Client<test_custom_srv::srv::TriangleSquare>::SharedFuture
      |                                                                           ^
      |                                                                           )
   50 |                 client_f){
      |                 ~~~~~~~~                                                   
/home/robot33-6/student133_ws/src/test_client/src/client_triangle.cpp:48:27: note: to match this ‘(’
   48 |     void response_callback(
      |                           ^
/home/robot33-6/student133_ws/src/test_client/src/client_triangle.cpp:49:63: error: expected ‘;’ at end of member declaration
   49 |         rclcpp::Client<test_custom_srv::srv::TriangleSquare>::SharedFuture
      |                                                               ^~~~~~~~~~~~
      |                                                                           ;
/home/robot33-6/student133_ws/src/test_client/src/client_triangle.cpp:50:17: error: ‘client_f’ does not name a type
   50 |                 client_f){
      |                 ^~~~~~~~
/home/robot33-6/student133_ws/src/test_client/src/client_triangle.cpp: In constructor ‘PartClient::PartClient()’:
/home/robot33-6/student133_ws/src/test_client/src/client_triangle.cpp:11:9: error: ‘client’ was not declared in this scope
   11 |         client =
      |         ^~~~~~
/home/robot33-6/student133_ws/src/test_client/src/client_triangle.cpp:12:38: error: ‘test_custom_srv’ was not declared in this scope
   12 |                 this-> create_client<test_custom_srv::srv::TriangleSquare>
      |                                      ^~~~~~~~~~~~~~~
/home/robot33-6/student133_ws/src/test_client/src/client_triangle.cpp:12:24: error: parse error in template argument list
   12 |                 this-> create_client<test_custom_srv::srv::TriangleSquare>
      |                        ^~~~~~~~~~~~~~~~~~~~~~~~~~~~~~~~~~~~~~~~~~~~~~~~~~~
/home/robot33-6/student133_ws/src/test_client/src/client_triangle.cpp:13:17: error: no matching function for call to ‘PartClient::create_client<<expression error> >(const char [16])’
   12 |                 this-> create_client<test_custom_srv::srv::TriangleSquare>
      |                 ~~~~~~~~~~~~~~~~~~~~~~~~~~~~~~~~~~~~~~~~~~~~~~~~~~~~~~~~~~
   13 |                 ("triangle_square");
      |                 ^~~~~~~~~~~~~~~~~~~
In file included from /opt/ros/humble/include/rclcpp/rclcpp/executors/single_threaded_executor.hpp:28,
                 from /opt/ros/humble/include/rclcpp/rclcpp/executors.hpp:22,
                 from /opt/ros/humble/include/rclcpp/rclcpp/rclcpp.hpp:155,
                 from /home/robot33-6/student133_ws/src/test_client/src/client_triangle.cpp:1:
/opt/ros/humble/include/rclcpp/rclcpp/node.hpp:252:3: note: candidate: ‘template<class ServiceT> typename rclcpp::Client<ServiceT>::SharedPtr rclcpp::Node::create_client(const string&, const rmw_qos_profile_t&, rclcpp::CallbackGroup::SharedPtr)’
  252 |   create_client(
      |   ^~~~~~~~~~~~~
/opt/ros/humble/include/rclcpp/rclcpp/node.hpp:252:3: note:   template argument deduction/substitution failed:
/home/robot33-6/student133_ws/src/test_client/src/client_triangle.cpp:13:17: error: template argument 1 is invalid
   12 |                 this-> create_client<test_custom_srv::srv::TriangleSquare>
      |                 ~~~~~~~~~~~~~~~~~~~~~~~~~~~~~~~~~~~~~~~~~~~~~~~~~~~~~~~~~~
   13 |                 ("triangle_square");
      |                 ^~~~~~~~~~~~~~~~~~~
/home/robot33-6/student133_ws/src/test_client/src/client_triangle.cpp: In member function ‘void PartClient::timer_callback()’:
/home/robot33-6/student133_ws/src/test_client/src/client_triangle.cpp:29:16: error: ‘client’ was not declared in this scope
   29 |         while(!client->wait_for_service(1s)){
      |                ^~~~~~
/home/robot33-6/student133_ws/src/test_client/src/client_triangle.cpp:34:9: error: ‘test_custom_srv’ has not been declared
   34 |         test_custom_srv::srv::TriangleSquare::Request::SharedPtr
      |         ^~~~~~~~~~~~~~~
/home/robot33-6/student133_ws/src/test_client/src/client_triangle.cpp:36:9: error: ‘request’ was not declared in this scope
   36 |         request ->a = 3.0;
      |         ^~~~~~~
/home/robot33-6/student133_ws/src/test_client/src/client_triangle.cpp:40:9: error: ‘client’ was not declared in this scope
   40 |         client->async_send_request(
      |         ^~~~~~
gmake[2]: *** [CMakeFiles/client_triangle.dir/build.make:76: CMakeFiles/client_triangle.dir/src/client_triangle.cpp.o] Error 1
gmake[1]: *** [CMakeFiles/Makefile2:165: CMakeFiles/client_triangle.dir/all] Error 2
gmake: *** [Makefile:146: all] Error 2
