[0.029s] Invoking command in '/home/robot33-6/student133_ws/build/test_client': CMAKE_PREFIX_PATH=${CMAKE_PREFIX_PATH}:/opt/ros/humble /usr/bin/cmake --build /home/robot33-6/student133_ws/build/test_client -- -j8 -l8
[0.058s] -- Found ament_cmake: 1.3.8 (/opt/ros/humble/share/ament_cmake/cmake)
[0.277s] -- Found rclcpp: 16.0.8 (/opt/ros/humble/share/rclcpp/cmake)
[0.339s] -- Found rosidl_generator_c: 3.1.5 (/opt/ros/humble/share/rosidl_generator_c/cmake)
[0.339s] -- Found rosidl_adapter: 3.1.5 (/opt/ros/humble/share/rosidl_adapter/cmake)
[0.339s] -- Found rosidl_generator_cpp: 3.1.5 (/opt/ros/humble/share/rosidl_generator_cpp/cmake)
[0.352s] -- Using all available rosidl_typesupport_c: rosidl_typesupport_fastrtps_c;rosidl_typesupport_introspection_c
[0.387s] -- Using all available rosidl_typesupport_cpp: rosidl_typesupport_fastrtps_cpp;rosidl_typesupport_introspection_cpp
[0.430s] -- Found rmw_implementation_cmake: 6.1.1 (/opt/ros/humble/share/rmw_implementation_cmake/cmake)
[0.432s] -- Found rmw_fastrtps_cpp: 6.2.6 (/opt/ros/humble/share/rmw_fastrtps_cpp/cmake)
[0.585s] -- Using RMW implementation 'rmw_fastrtps_cpp' as default
[0.729s] -- Found test_custom_srv: 0.0.0 (/home/robot33-6/student133_ws/install/test_custom_srv/share/test_custom_srv/cmake)
[0.750s] -- Found ament_lint_auto: 0.12.10 (/opt/ros/humble/share/ament_lint_auto/cmake)
[0.803s] -- Added test 'cppcheck' to perform static code analysis on C / C++ code
[0.803s] -- Configured cppcheck include dirs: 
[0.803s] -- Configured cppcheck exclude dirs and/or files: 
[0.803s] -- Added test 'lint_cmake' to check CMake code style
[0.804s] -- Added test 'uncrustify' to check C / C++ code style
[0.804s] -- Configured uncrustify additional arguments: 
[0.804s] -- Added test 'xmllint' to check XML markup files
[0.805s] -- Configuring done
[0.819s] -- Generating done
[0.820s] -- Build files have been written to: /home/robot33-6/student133_ws/build/test_client
[0.841s] Consolidate compiler generated dependencies of target test_client_node
[0.846s] [ 25%] Building CXX object CMakeFiles/client_triangle.dir/src/client_triangle.cpp.o
[0.851s] [ 75%] Built target test_client_node
[2.708s] /home/robot33-6/student133_ws/src/test_client/src/client_triangle.cpp:22:20: error: ‘test_custom_srv’ was not declared in this scope
[2.708s]    22 |     rclcpp::Client<test_custom_srv::srv::TriangleSquare>::SharedPtr
[2.708s]       |                    ^~~~~~~~~~~~~~~
[2.708s] /home/robot33-6/student133_ws/src/test_client/src/client_triangle.cpp:22:56: error: template argument 1 is invalid
[2.708s]    22 |     rclcpp::Client<test_custom_srv::srv::TriangleSquare>::SharedPtr
[2.708s]       |                                                        ^
[2.708s] /home/robot33-6/student133_ws/src/test_client/src/client_triangle.cpp:22:59: error: expected ‘;’ at end of member declaration
[2.708s]    22 |     rclcpp::Client<test_custom_srv::srv::TriangleSquare>::SharedPtr
[2.708s]       |                                                           ^~~~~~~~~
[2.708s]       |                                                                    ;
[2.708s] /home/robot33-6/student133_ws/src/test_client/src/client_triangle.cpp:23:5: error: ‘client’ does not name a type
[2.709s]    23 |     client;
[2.709s]       |     ^~~~~~
[2.715s] /home/robot33-6/student133_ws/src/test_client/src/client_triangle.cpp:49:24: error: ‘test_custom_srv’ was not declared in this scope
[2.715s]    49 |         rclcpp::Client<test_custom_srv::srv::TriangleSquare>::SharedFuture
[2.715s]       |                        ^~~~~~~~~~~~~~~
[2.715s] /home/robot33-6/student133_ws/src/test_client/src/client_triangle.cpp:49:60: error: template argument 1 is invalid
[2.715s]    49 |         rclcpp::Client<test_custom_srv::srv::TriangleSquare>::SharedFuture
[2.715s]       |                                                            ^
[2.721s] /home/robot33-6/student133_ws/src/test_client/src/client_triangle.cpp:49:24: error: ‘test_custom_srv’ was not declared in this scope
[2.721s]    49 |         rclcpp::Client<test_custom_srv::srv::TriangleSquare>::SharedFuture
[2.721s]       |                        ^~~~~~~~~~~~~~~
[2.721s] /home/robot33-6/student133_ws/src/test_client/src/client_triangle.cpp:49:60: error: template argument 1 is invalid
[2.721s]    49 |         rclcpp::Client<test_custom_srv::srv::TriangleSquare>::SharedFuture
[2.721s]       |                                                            ^
[2.727s] /home/robot33-6/student133_ws/src/test_client/src/client_triangle.cpp:49:24: error: ‘test_custom_srv’ was not declared in this scope
[2.727s]    49 |         rclcpp::Client<test_custom_srv::srv::TriangleSquare>::SharedFuture
[2.727s]       |                        ^~~~~~~~~~~~~~~
[2.727s] /home/robot33-6/student133_ws/src/test_client/src/client_triangle.cpp:49:60: error: template argument 1 is invalid
[2.727s]    49 |         rclcpp::Client<test_custom_srv::srv::TriangleSquare>::SharedFuture
[2.727s]       |                                                            ^
[2.727s] /home/robot33-6/student133_ws/src/test_client/src/client_triangle.cpp:49:9: error: invalid template-id
[2.727s]    49 |         rclcpp::Client<test_custom_srv::srv::TriangleSquare>::SharedFuture
[2.727s]       |         ^~~~~~
[2.727s] /home/robot33-6/student133_ws/src/test_client/src/client_triangle.cpp:49:24: error: ‘test_custom_srv’ has not been declared
[2.727s]    49 |         rclcpp::Client<test_custom_srv::srv::TriangleSquare>::SharedFuture
[2.727s]       |                        ^~~~~~~~~~~~~~~
[2.727s] /home/robot33-6/student133_ws/src/test_client/src/client_triangle.cpp:50:17: error: expected unqualified-id before ‘client_f’
[2.727s]    50 |                 client_f){
[2.727s]       |                 ^~~~~~~~
[2.727s] /home/robot33-6/student133_ws/src/test_client/src/client_triangle.cpp:49:75: error: expected ‘)’ before ‘client_f’
[2.728s]    49 |         rclcpp::Client<test_custom_srv::srv::TriangleSquare>::SharedFuture
[2.728s]       |                                                                           ^
[2.728s]       |                                                                           )
[2.728s]    50 |                 client_f){
[2.728s]       |                 ~~~~~~~~                                                   
[2.728s] /home/robot33-6/student133_ws/src/test_client/src/client_triangle.cpp:48:27: note: to match this ‘(’
[2.728s]    48 |     void response_callback(
[2.728s]       |                           ^
[2.728s] /home/robot33-6/student133_ws/src/test_client/src/client_triangle.cpp:49:63: error: expected ‘;’ at end of member declaration
[2.728s]    49 |         rclcpp::Client<test_custom_srv::srv::TriangleSquare>::SharedFuture
[2.728s]       |                                                               ^~~~~~~~~~~~
[2.728s]       |                                                                           ;
[2.728s] /home/robot33-6/student133_ws/src/test_client/src/client_triangle.cpp:50:17: error: ‘client_f’ does not name a type
[2.728s]    50 |                 client_f){
[2.728s]       |                 ^~~~~~~~
[2.732s] /home/robot33-6/student133_ws/src/test_client/src/client_triangle.cpp: In constructor ‘PartClient::PartClient()’:
[2.732s] /home/robot33-6/student133_ws/src/test_client/src/client_triangle.cpp:11:9: error: ‘client’ was not declared in this scope
[2.732s]    11 |         client =
[2.732s]       |         ^~~~~~
[2.739s] /home/robot33-6/student133_ws/src/test_client/src/client_triangle.cpp:12:38: error: ‘test_custom_srv’ was not declared in this scope
[2.739s]    12 |                 this-> create_client<test_custom_srv::srv::TriangleSquare>
[2.739s]       |                                      ^~~~~~~~~~~~~~~
[2.739s] /home/robot33-6/student133_ws/src/test_client/src/client_triangle.cpp:12:24: error: parse error in template argument list
[2.739s]    12 |                 this-> create_client<test_custom_srv::srv::TriangleSquare>
[2.739s]       |                        ^~~~~~~~~~~~~~~~~~~~~~~~~~~~~~~~~~~~~~~~~~~~~~~~~~~
[2.739s] /home/robot33-6/student133_ws/src/test_client/src/client_triangle.cpp:13:17: error: no matching function for call to ‘PartClient::create_client<<expression error> >(const char [16])’
[2.739s]    12 |                 this-> create_client<test_custom_srv::srv::TriangleSquare>
[2.739s]       |                 ~~~~~~~~~~~~~~~~~~~~~~~~~~~~~~~~~~~~~~~~~~~~~~~~~~~~~~~~~~
[2.739s]    13 |                 ("triangle_square");
[2.739s]       |                 ^~~~~~~~~~~~~~~~~~~
[2.739s] In file included from /opt/ros/humble/include/rclcpp/rclcpp/executors/single_threaded_executor.hpp:28,
[2.739s]                  from /opt/ros/humble/include/rclcpp/rclcpp/executors.hpp:22,
[2.739s]                  from /opt/ros/humble/include/rclcpp/rclcpp/rclcpp.hpp:155,
[2.739s]                  from /home/robot33-6/student133_ws/src/test_client/src/client_triangle.cpp:1:
[2.739s] /opt/ros/humble/include/rclcpp/rclcpp/node.hpp:252:3: note: candidate: ‘template<class ServiceT> typename rclcpp::Client<ServiceT>::SharedPtr rclcpp::Node::create_client(const string&, const rmw_qos_profile_t&, rclcpp::CallbackGroup::SharedPtr)’
[2.739s]   252 |   create_client(
[2.739s]       |   ^~~~~~~~~~~~~
[2.740s] /opt/ros/humble/include/rclcpp/rclcpp/node.hpp:252:3: note:   template argument deduction/substitution failed:
[2.740s] /home/robot33-6/student133_ws/src/test_client/src/client_triangle.cpp:13:17: error: template argument 1 is invalid
[2.740s]    12 |                 this-> create_client<test_custom_srv::srv::TriangleSquare>
[2.740s]       |                 ~~~~~~~~~~~~~~~~~~~~~~~~~~~~~~~~~~~~~~~~~~~~~~~~~~~~~~~~~~
[2.740s]    13 |                 ("triangle_square");
[2.740s]       |                 ^~~~~~~~~~~~~~~~~~~
[2.751s] /home/robot33-6/student133_ws/src/test_client/src/client_triangle.cpp: In member function ‘void PartClient::timer_callback()’:
[2.751s] /home/robot33-6/student133_ws/src/test_client/src/client_triangle.cpp:29:16: error: ‘client’ was not declared in this scope
[2.751s]    29 |         while(!client->wait_for_service(1s)){
[2.751s]       |                ^~~~~~
[2.751s] /home/robot33-6/student133_ws/src/test_client/src/client_triangle.cpp:34:9: error: ‘test_custom_srv’ has not been declared
[2.751s]    34 |         test_custom_srv::srv::TriangleSquare::Request::SharedPtr
[2.751s]       |         ^~~~~~~~~~~~~~~
[2.755s] /home/robot33-6/student133_ws/src/test_client/src/client_triangle.cpp:36:9: error: ‘request’ was not declared in this scope
[2.755s]    36 |         request ->a = 3.0;
[2.756s]       |         ^~~~~~~
[2.759s] /home/robot33-6/student133_ws/src/test_client/src/client_triangle.cpp:40:9: error: ‘client’ was not declared in this scope
[2.759s]    40 |         client->async_send_request(
[2.759s]       |         ^~~~~~
[3.350s] gmake[2]: *** [CMakeFiles/client_triangle.dir/build.make:76: CMakeFiles/client_triangle.dir/src/client_triangle.cpp.o] Error 1
[3.350s] gmake[1]: *** [CMakeFiles/Makefile2:165: CMakeFiles/client_triangle.dir/all] Error 2
[3.351s] gmake: *** [Makefile:146: all] Error 2
[3.352s] Invoked command in '/home/robot33-6/student133_ws/build/test_client' returned '2': CMAKE_PREFIX_PATH=${CMAKE_PREFIX_PATH}:/opt/ros/humble /usr/bin/cmake --build /home/robot33-6/student133_ws/build/test_client -- -j8 -l8
