[0.000000] (-) TimerEvent: {}
[0.000183] (test_client) JobQueued: {'identifier': 'test_client', 'dependencies': OrderedDict()}
[0.000235] (test_custom_msg) JobQueued: {'identifier': 'test_custom_msg', 'dependencies': OrderedDict()}
[0.000264] (test_custom_publisher) JobQueued: {'identifier': 'test_custom_publisher', 'dependencies': OrderedDict()}
[0.000279] (test_custom_srv) JobQueued: {'identifier': 'test_custom_srv', 'dependencies': OrderedDict()}
[0.000293] (test_parameters) JobQueued: {'identifier': 'test_parameters', 'dependencies': OrderedDict()}
[0.000306] (test_pkg) JobQueued: {'identifier': 'test_pkg', 'dependencies': OrderedDict()}
[0.000319] (test_publisher) JobQueued: {'identifier': 'test_publisher', 'dependencies': OrderedDict()}
[0.000332] (test_service) JobQueued: {'identifier': 'test_service', 'dependencies': OrderedDict()}
[0.000344] (test_subscriber) JobQueued: {'identifier': 'test_subscriber', 'dependencies': OrderedDict()}
[0.000357] (test_visualization) JobQueued: {'identifier': 'test_visualization', 'dependencies': OrderedDict()}
[0.000369] (test_client) JobStarted: {'identifier': 'test_client'}
[0.053052] (test_custom_msg) JobStarted: {'identifier': 'test_custom_msg'}
[0.099288] (-) TimerEvent: {}
[0.104562] (test_custom_publisher) JobStarted: {'identifier': 'test_custom_publisher'}
[0.166657] (test_custom_srv) JobStarted: {'identifier': 'test_custom_srv'}
[0.199468] (-) TimerEvent: {}
[0.217079] (test_parameters) JobStarted: {'identifier': 'test_parameters'}
[0.267808] (test_pkg) JobStarted: {'identifier': 'test_pkg'}
[0.299727] (-) TimerEvent: {}
[0.318708] (test_publisher) JobStarted: {'identifier': 'test_publisher'}
[0.368793] (test_service) JobStarted: {'identifier': 'test_service'}
[0.400153] (-) TimerEvent: {}
[0.421833] (test_client) JobProgress: {'identifier': 'test_client', 'progress': 'cmake'}
[0.423198] (test_client) JobProgress: {'identifier': 'test_client', 'progress': 'build'}
[0.423605] (test_client) Command: {'cmd': ['/usr/bin/cmake', '--build', '/home/robot33-6/student133_ws/build/test_client', '--', '-j8', '-l8'], 'cwd': '/home/robot33-6/student133_ws/build/test_client', 'env': OrderedDict([('GJS_DEBUG_TOPICS', 'JS ERROR;JS LOG'), ('LC_TIME', 'ru_RU.UTF-8'), ('SNAP_COMMON', '/var/snap/qtcreator-ros/common'), ('SNAP_INSTANCE_KEY', ''), ('USER', 'robot33-6'), ('XDG_SESSION_TYPE', 'wayland'), ('LD_LIBRARY_PATH', '/home/robot33-6/student133_ws/install/test_custom_srv/lib:/home/robot33-6/student133_ws/install/test_custom_msg/lib:/opt/ros/humble/opt/rviz_ogre_vendor/lib:/opt/ros/humble/lib/x86_64-linux-gnu:/opt/ros/humble/lib:/snap/qtcreator-ros/107/lib:/snap/qtcreator-ros/107/usr/lib/x86_64-linux-gnu'), ('SHLVL', '311'), ('SNAP_UID', '1000'), ('HOME', '/home/robot33-6'), ('SNAP_LIBRARY_PATH', '/var/lib/snapd/lib/gl:/var/lib/snapd/lib/gl32:/var/lib/snapd/void'), ('DESKTOP_SESSION', 'ubuntu'), ('QTDIR', '/usr/lib/x86_64-linux-gnu/qt5'), ('SNAP_USER_DATA', '/home/robot33-6/snap/qtcreator-ros/107'), ('GIO_LAUNCHED_DESKTOP_FILE', '/var/lib/snapd/desktop/applications/qtcreator-ros_qtcreator-ros.desktop'), ('GNOME_SHELL_SESSION_MODE', 'ubuntu'), ('GTK_MODULES', 'gail:atk-bridge'), ('ROS_PYTHON_VERSION', '3'), ('LC_MONETARY', 'ru_RU.UTF-8'), ('MANAGERPID', '1373'), ('DBUS_SESSION_BUS_ADDRESS', 'unix:path=/run/user/1000/bus'), ('SYSTEMD_EXEC_PID', '1587'), ('GIO_LAUNCHED_DESKTOP_FILE_PID', '3050'), ('SNAP_REVISION', '107'), ('COLCON_PREFIX_PATH', '/home/robot33-6/student133_ws/install'), ('IM_CONFIG_PHASE', '1'), ('ROS_DISTRO', 'humble'), ('WAYLAND_DISPLAY', 'wayland-0'), ('LOGNAME', 'robot33-6'), ('JOURNAL_STREAM', '8:26382'), ('SNAP_CONTEXT', 'zfxwyVEa0dSM0vT388UHnSyWy-Mv84K8RE-CWR0OLT2wc9JrOksa'), ('_', '/usr/bin/env'), ('ROS_VERSION', '2'), ('SNAP_VERSION', '12.0.2'), ('XDG_SESSION_CLASS', 'user'), ('TERM', 'xterm'), ('USERNAME', 'robot33-6'), ('GNOME_DESKTOP_SESSION_ID', 'this-is-deprecated'), ('ROS_LOCALHOST_ONLY', '0'), ('SNAP_INSTANCE_NAME', 'qtcreator-ros'), ('PATH', '/opt/ros/humble/bin:/usr/local/sbin:/usr/local/bin:/usr/sbin:/usr/bin:/sbin:/bin:/usr/games:/usr/local/games:/snap/bin:/snap/bin'), ('INVOCATION_ID', '8be6e9d5a46c4dde9fbe4351f65a98da'), ('SESSION_MANAGER', 'local/robot33-6:@/tmp/.ICE-unix/1547,unix/robot33-6:/tmp/.ICE-unix/1547'), ('BAMF_DESKTOP_FILE_HINT', '/var/lib/snapd/desktop/applications/qtcreator-ros_qtcreator-ros.desktop'), ('GNOME_SETUP_DISPLAY', ':1'), ('LC_ADDRESS', 'ru_RU.UTF-8'), ('SNAP_DATA', '/var/snap/qtcreator-ros/107'), ('XDG_MENU_PREFIX', 'gnome-'), ('XDG_RUNTIME_DIR', '/run/user/1000'), ('DISPLAY', ':0'), ('LANG', 'en_US.UTF-8'), ('LC_TELEPHONE', 'ru_RU.UTF-8'), ('XDG_CURRENT_DESKTOP', 'ubuntu:GNOME'), ('XAUTHORITY', '/run/user/1000/.mutter-Xwaylandauth.NV73K2'), ('XDG_SESSION_DESKTOP', 'ubuntu'), ('XMODIFIERS', '@im=ibus'), ('AMENT_PREFIX_PATH', '/home/robot33-6/student133_ws/install/test_visualization:/home/robot33-6/student133_ws/install/test_parameters:/home/robot33-6/student133_ws/install/test_client:/home/robot33-6/student133_ws/install/test_service:/home/robot33-6/student133_ws/install/test_custom_srv:/home/robot33-6/student133_ws/install/test_custom_publisher:/home/robot33-6/student133_ws/install/test_castom_publisher:/home/robot33-6/student133_ws/install/test_custom_msg:/home/robot33-6/student133_ws/install/test_subscriber:/home/robot33-6/student133_ws/install/test_publisher:/home/robot33-6/student133_ws/install/test_pkg:/opt/ros/humble'), ('SNAP_ARCH', 'amd64'), ('SNAP_COOKIE', 'zfxwyVEa0dSM0vT388UHnSyWy-Mv84K8RE-CWR0OLT2wc9JrOksa'), ('SNAP_USER_COMMON', '/home/robot33-6/snap/qtcreator-ros/common'), ('SSH_AGENT_LAUNCHER', 'gnome-keyring'), ('SSH_AUTH_SOCK', '/run/user/1000/keyring/ssh'), ('LC_NAME', 'ru_RU.UTF-8'), ('SHELL', '/bin/bash'), ('GDMSESSION', 'ubuntu'), ('QT_ACCESSIBILITY', '1'), ('SNAP_REEXEC', ''), ('SNAP_NAME', 'qtcreator-ros'), ('LC_MEASUREMENT', 'ru_RU.UTF-8'), ('GJS_DEBUG_OUTPUT', 'stderr'), ('LC_IDENTIFICATION', 'ru_RU.UTF-8'), ('QT_IM_MODULE', 'ibus'), ('PWD', '/home/robot33-6/student133_ws/build/test_client'), ('QT_QPA_PLATFORM', 'wayland;xcb'), ('SNAP_REAL_HOME', '/home/robot33-6'), ('XDG_CONFIG_DIRS', '/etc/xdg/xdg-ubuntu:/etc/xdg'), ('XDG_DATA_DIRS', '/usr/share/ubuntu:/usr/local/share/:/usr/share/:/var/lib/snapd/desktop'), ('LC_NUMERIC', 'ru_RU.UTF-8'), ('PYTHONPATH', '/home/robot33-6/student133_ws/install/test_custom_srv/local/lib/python3.10/dist-packages:/home/robot33-6/student133_ws/install/test_custom_msg/local/lib/python3.10/dist-packages:/opt/ros/humble/lib/python3.10/site-packages:/opt/ros/humble/local/lib/python3.10/dist-packages'), ('SNAP', '/snap/qtcreator-ros/107'), ('SNAP_EUID', '1000'), ('LC_PAPER', 'ru_RU.UTF-8'), ('COLCON', '1'), ('CMAKE_PREFIX_PATH', '/home/robot33-6/student133_ws/install/test_visualization:/home/robot33-6/student133_ws/install/test_parameters:/home/robot33-6/student133_ws/install/test_client:/home/robot33-6/student133_ws/install/test_service:/home/robot33-6/student133_ws/install/test_custom_srv:/home/robot33-6/student133_ws/install/test_custom_publisher:/home/robot33-6/student133_ws/install/test_castom_publisher:/home/robot33-6/student133_ws/install/test_custom_msg:/home/robot33-6/student133_ws/install/test_subscriber:/home/robot33-6/student133_ws/install/test_publisher:/home/robot33-6/student133_ws/install/test_pkg:/opt/ros/humble'), ('LIBGL_DRIVERS_PATH', '/snap/qtcreator-ros/107/usr/lib/x86_64-linux-gnu/dri')]), 'shell': False}
[0.424719] (test_custom_msg) JobProgress: {'identifier': 'test_custom_msg', 'progress': 'cmake'}
[0.424761] (test_custom_msg) JobProgress: {'identifier': 'test_custom_msg', 'progress': 'build'}
[0.424779] (test_custom_msg) Command: {'cmd': ['/usr/bin/cmake', '--build', '/home/robot33-6/student133_ws/build/test_custom_msg', '--', '-j8', '-l8'], 'cwd': '/home/robot33-6/student133_ws/build/test_custom_msg', 'env': OrderedDict([('GJS_DEBUG_TOPICS', 'JS ERROR;JS LOG'), ('LC_TIME', 'ru_RU.UTF-8'), ('SNAP_COMMON', '/var/snap/qtcreator-ros/common'), ('SNAP_INSTANCE_KEY', ''), ('USER', 'robot33-6'), ('XDG_SESSION_TYPE', 'wayland'), ('LD_LIBRARY_PATH', '/home/robot33-6/student133_ws/install/test_custom_srv/lib:/home/robot33-6/student133_ws/install/test_custom_msg/lib:/opt/ros/humble/opt/rviz_ogre_vendor/lib:/opt/ros/humble/lib/x86_64-linux-gnu:/opt/ros/humble/lib:/snap/qtcreator-ros/107/lib:/snap/qtcreator-ros/107/usr/lib/x86_64-linux-gnu'), ('SHLVL', '311'), ('SNAP_UID', '1000'), ('HOME', '/home/robot33-6'), ('SNAP_LIBRARY_PATH', '/var/lib/snapd/lib/gl:/var/lib/snapd/lib/gl32:/var/lib/snapd/void'), ('DESKTOP_SESSION', 'ubuntu'), ('QTDIR', '/usr/lib/x86_64-linux-gnu/qt5'), ('SNAP_USER_DATA', '/home/robot33-6/snap/qtcreator-ros/107'), ('GIO_LAUNCHED_DESKTOP_FILE', '/var/lib/snapd/desktop/applications/qtcreator-ros_qtcreator-ros.desktop'), ('GNOME_SHELL_SESSION_MODE', 'ubuntu'), ('GTK_MODULES', 'gail:atk-bridge'), ('ROS_PYTHON_VERSION', '3'), ('LC_MONETARY', 'ru_RU.UTF-8'), ('MANAGERPID', '1373'), ('DBUS_SESSION_BUS_ADDRESS', 'unix:path=/run/user/1000/bus'), ('SYSTEMD_EXEC_PID', '1587'), ('GIO_LAUNCHED_DESKTOP_FILE_PID', '3050'), ('SNAP_REVISION', '107'), ('COLCON_PREFIX_PATH', '/home/robot33-6/student133_ws/install'), ('IM_CONFIG_PHASE', '1'), ('ROS_DISTRO', 'humble'), ('WAYLAND_DISPLAY', 'wayland-0'), ('LOGNAME', 'robot33-6'), ('JOURNAL_STREAM', '8:26382'), ('SNAP_CONTEXT', 'zfxwyVEa0dSM0vT388UHnSyWy-Mv84K8RE-CWR0OLT2wc9JrOksa'), ('_', '/usr/bin/env'), ('ROS_VERSION', '2'), ('SNAP_VERSION', '12.0.2'), ('XDG_SESSION_CLASS', 'user'), ('TERM', 'xterm'), ('USERNAME', 'robot33-6'), ('GNOME_DESKTOP_SESSION_ID', 'this-is-deprecated'), ('ROS_LOCALHOST_ONLY', '0'), ('SNAP_INSTANCE_NAME', 'qtcreator-ros'), ('PATH', '/opt/ros/humble/bin:/usr/local/sbin:/usr/local/bin:/usr/sbin:/usr/bin:/sbin:/bin:/usr/games:/usr/local/games:/snap/bin:/snap/bin'), ('INVOCATION_ID', '8be6e9d5a46c4dde9fbe4351f65a98da'), ('SESSION_MANAGER', 'local/robot33-6:@/tmp/.ICE-unix/1547,unix/robot33-6:/tmp/.ICE-unix/1547'), ('BAMF_DESKTOP_FILE_HINT', '/var/lib/snapd/desktop/applications/qtcreator-ros_qtcreator-ros.desktop'), ('GNOME_SETUP_DISPLAY', ':1'), ('LC_ADDRESS', 'ru_RU.UTF-8'), ('SNAP_DATA', '/var/snap/qtcreator-ros/107'), ('XDG_MENU_PREFIX', 'gnome-'), ('XDG_RUNTIME_DIR', '/run/user/1000'), ('DISPLAY', ':0'), ('LANG', 'en_US.UTF-8'), ('LC_TELEPHONE', 'ru_RU.UTF-8'), ('XDG_CURRENT_DESKTOP', 'ubuntu:GNOME'), ('XAUTHORITY', '/run/user/1000/.mutter-Xwaylandauth.NV73K2'), ('XDG_SESSION_DESKTOP', 'ubuntu'), ('XMODIFIERS', '@im=ibus'), ('AMENT_PREFIX_PATH', '/home/robot33-6/student133_ws/install/test_visualization:/home/robot33-6/student133_ws/install/test_parameters:/home/robot33-6/student133_ws/install/test_client:/home/robot33-6/student133_ws/install/test_service:/home/robot33-6/student133_ws/install/test_custom_srv:/home/robot33-6/student133_ws/install/test_custom_publisher:/home/robot33-6/student133_ws/install/test_castom_publisher:/home/robot33-6/student133_ws/install/test_custom_msg:/home/robot33-6/student133_ws/install/test_subscriber:/home/robot33-6/student133_ws/install/test_publisher:/home/robot33-6/student133_ws/install/test_pkg:/opt/ros/humble'), ('SNAP_ARCH', 'amd64'), ('SNAP_COOKIE', 'zfxwyVEa0dSM0vT388UHnSyWy-Mv84K8RE-CWR0OLT2wc9JrOksa'), ('SNAP_USER_COMMON', '/home/robot33-6/snap/qtcreator-ros/common'), ('SSH_AGENT_LAUNCHER', 'gnome-keyring'), ('SSH_AUTH_SOCK', '/run/user/1000/keyring/ssh'), ('LC_NAME', 'ru_RU.UTF-8'), ('SHELL', '/bin/bash'), ('GDMSESSION', 'ubuntu'), ('QT_ACCESSIBILITY', '1'), ('SNAP_REEXEC', ''), ('SNAP_NAME', 'qtcreator-ros'), ('LC_MEASUREMENT', 'ru_RU.UTF-8'), ('GJS_DEBUG_OUTPUT', 'stderr'), ('LC_IDENTIFICATION', 'ru_RU.UTF-8'), ('QT_IM_MODULE', 'ibus'), ('PWD', '/home/robot33-6/student133_ws/build/test_custom_msg'), ('QT_QPA_PLATFORM', 'wayland;xcb'), ('SNAP_REAL_HOME', '/home/robot33-6'), ('XDG_CONFIG_DIRS', '/etc/xdg/xdg-ubuntu:/etc/xdg'), ('XDG_DATA_DIRS', '/usr/share/ubuntu:/usr/local/share/:/usr/share/:/var/lib/snapd/desktop'), ('LC_NUMERIC', 'ru_RU.UTF-8'), ('PYTHONPATH', '/home/robot33-6/student133_ws/install/test_custom_srv/local/lib/python3.10/dist-packages:/home/robot33-6/student133_ws/install/test_custom_msg/local/lib/python3.10/dist-packages:/opt/ros/humble/lib/python3.10/site-packages:/opt/ros/humble/local/lib/python3.10/dist-packages'), ('SNAP', '/snap/qtcreator-ros/107'), ('SNAP_EUID', '1000'), ('LC_PAPER', 'ru_RU.UTF-8'), ('COLCON', '1'), ('CMAKE_PREFIX_PATH', '/home/robot33-6/student133_ws/install/test_visualization:/home/robot33-6/student133_ws/install/test_parameters:/home/robot33-6/student133_ws/install/test_client:/home/robot33-6/student133_ws/install/test_service:/home/robot33-6/student133_ws/install/test_custom_srv:/home/robot33-6/student133_ws/install/test_custom_publisher:/home/robot33-6/student133_ws/install/test_castom_publisher:/home/robot33-6/student133_ws/install/test_custom_msg:/home/robot33-6/student133_ws/install/test_subscriber:/home/robot33-6/student133_ws/install/test_publisher:/home/robot33-6/student133_ws/install/test_pkg:/opt/ros/humble'), ('LIBGL_DRIVERS_PATH', '/snap/qtcreator-ros/107/usr/lib/x86_64-linux-gnu/dri')]), 'shell': False}
[0.426527] (test_custom_publisher) JobProgress: {'identifier': 'test_custom_publisher', 'progress': 'cmake'}
[0.426934] (test_custom_publisher) JobProgress: {'identifier': 'test_custom_publisher', 'progress': 'build'}
[0.426986] (test_custom_publisher) Command: {'cmd': ['/usr/bin/cmake', '--build', '/home/robot33-6/student133_ws/build/test_custom_publisher', '--', '-j8', '-l8'], 'cwd': '/home/robot33-6/student133_ws/build/test_custom_publisher', 'env': OrderedDict([('GJS_DEBUG_TOPICS', 'JS ERROR;JS LOG'), ('LC_TIME', 'ru_RU.UTF-8'), ('SNAP_COMMON', '/var/snap/qtcreator-ros/common'), ('SNAP_INSTANCE_KEY', ''), ('USER', 'robot33-6'), ('XDG_SESSION_TYPE', 'wayland'), ('LD_LIBRARY_PATH', '/home/robot33-6/student133_ws/install/test_custom_srv/lib:/home/robot33-6/student133_ws/install/test_custom_msg/lib:/opt/ros/humble/opt/rviz_ogre_vendor/lib:/opt/ros/humble/lib/x86_64-linux-gnu:/opt/ros/humble/lib:/snap/qtcreator-ros/107/lib:/snap/qtcreator-ros/107/usr/lib/x86_64-linux-gnu'), ('SHLVL', '311'), ('SNAP_UID', '1000'), ('HOME', '/home/robot33-6'), ('SNAP_LIBRARY_PATH', '/var/lib/snapd/lib/gl:/var/lib/snapd/lib/gl32:/var/lib/snapd/void'), ('DESKTOP_SESSION', 'ubuntu'), ('QTDIR', '/usr/lib/x86_64-linux-gnu/qt5'), ('SNAP_USER_DATA', '/home/robot33-6/snap/qtcreator-ros/107'), ('GIO_LAUNCHED_DESKTOP_FILE', '/var/lib/snapd/desktop/applications/qtcreator-ros_qtcreator-ros.desktop'), ('GNOME_SHELL_SESSION_MODE', 'ubuntu'), ('GTK_MODULES', 'gail:atk-bridge'), ('ROS_PYTHON_VERSION', '3'), ('LC_MONETARY', 'ru_RU.UTF-8'), ('MANAGERPID', '1373'), ('DBUS_SESSION_BUS_ADDRESS', 'unix:path=/run/user/1000/bus'), ('SYSTEMD_EXEC_PID', '1587'), ('GIO_LAUNCHED_DESKTOP_FILE_PID', '3050'), ('SNAP_REVISION', '107'), ('COLCON_PREFIX_PATH', '/home/robot33-6/student133_ws/install'), ('IM_CONFIG_PHASE', '1'), ('ROS_DISTRO', 'humble'), ('WAYLAND_DISPLAY', 'wayland-0'), ('LOGNAME', 'robot33-6'), ('JOURNAL_STREAM', '8:26382'), ('SNAP_CONTEXT', 'zfxwyVEa0dSM0vT388UHnSyWy-Mv84K8RE-CWR0OLT2wc9JrOksa'), ('_', '/usr/bin/env'), ('ROS_VERSION', '2'), ('SNAP_VERSION', '12.0.2'), ('XDG_SESSION_CLASS', 'user'), ('TERM', 'xterm'), ('USERNAME', 'robot33-6'), ('GNOME_DESKTOP_SESSION_ID', 'this-is-deprecated'), ('ROS_LOCALHOST_ONLY', '0'), ('SNAP_INSTANCE_NAME', 'qtcreator-ros'), ('PATH', '/opt/ros/humble/bin:/usr/local/sbin:/usr/local/bin:/usr/sbin:/usr/bin:/sbin:/bin:/usr/games:/usr/local/games:/snap/bin:/snap/bin'), ('INVOCATION_ID', '8be6e9d5a46c4dde9fbe4351f65a98da'), ('SESSION_MANAGER', 'local/robot33-6:@/tmp/.ICE-unix/1547,unix/robot33-6:/tmp/.ICE-unix/1547'), ('BAMF_DESKTOP_FILE_HINT', '/var/lib/snapd/desktop/applications/qtcreator-ros_qtcreator-ros.desktop'), ('GNOME_SETUP_DISPLAY', ':1'), ('LC_ADDRESS', 'ru_RU.UTF-8'), ('SNAP_DATA', '/var/snap/qtcreator-ros/107'), ('XDG_MENU_PREFIX', 'gnome-'), ('XDG_RUNTIME_DIR', '/run/user/1000'), ('DISPLAY', ':0'), ('LANG', 'en_US.UTF-8'), ('LC_TELEPHONE', 'ru_RU.UTF-8'), ('XDG_CURRENT_DESKTOP', 'ubuntu:GNOME'), ('XAUTHORITY', '/run/user/1000/.mutter-Xwaylandauth.NV73K2'), ('XDG_SESSION_DESKTOP', 'ubuntu'), ('XMODIFIERS', '@im=ibus'), ('AMENT_PREFIX_PATH', '/home/robot33-6/student133_ws/install/test_visualization:/home/robot33-6/student133_ws/install/test_parameters:/home/robot33-6/student133_ws/install/test_client:/home/robot33-6/student133_ws/install/test_service:/home/robot33-6/student133_ws/install/test_custom_srv:/home/robot33-6/student133_ws/install/test_custom_publisher:/home/robot33-6/student133_ws/install/test_castom_publisher:/home/robot33-6/student133_ws/install/test_custom_msg:/home/robot33-6/student133_ws/install/test_subscriber:/home/robot33-6/student133_ws/install/test_publisher:/home/robot33-6/student133_ws/install/test_pkg:/opt/ros/humble'), ('SNAP_ARCH', 'amd64'), ('SNAP_COOKIE', 'zfxwyVEa0dSM0vT388UHnSyWy-Mv84K8RE-CWR0OLT2wc9JrOksa'), ('SNAP_USER_COMMON', '/home/robot33-6/snap/qtcreator-ros/common'), ('SSH_AGENT_LAUNCHER', 'gnome-keyring'), ('SSH_AUTH_SOCK', '/run/user/1000/keyring/ssh'), ('LC_NAME', 'ru_RU.UTF-8'), ('SHELL', '/bin/bash'), ('GDMSESSION', 'ubuntu'), ('QT_ACCESSIBILITY', '1'), ('SNAP_REEXEC', ''), ('SNAP_NAME', 'qtcreator-ros'), ('LC_MEASUREMENT', 'ru_RU.UTF-8'), ('GJS_DEBUG_OUTPUT', 'stderr'), ('LC_IDENTIFICATION', 'ru_RU.UTF-8'), ('QT_IM_MODULE', 'ibus'), ('PWD', '/home/robot33-6/student133_ws/build/test_custom_publisher'), ('QT_QPA_PLATFORM', 'wayland;xcb'), ('SNAP_REAL_HOME', '/home/robot33-6'), ('XDG_CONFIG_DIRS', '/etc/xdg/xdg-ubuntu:/etc/xdg'), ('XDG_DATA_DIRS', '/usr/share/ubuntu:/usr/local/share/:/usr/share/:/var/lib/snapd/desktop'), ('LC_NUMERIC', 'ru_RU.UTF-8'), ('PYTHONPATH', '/home/robot33-6/student133_ws/install/test_custom_srv/local/lib/python3.10/dist-packages:/home/robot33-6/student133_ws/install/test_custom_msg/local/lib/python3.10/dist-packages:/opt/ros/humble/lib/python3.10/site-packages:/opt/ros/humble/local/lib/python3.10/dist-packages'), ('SNAP', '/snap/qtcreator-ros/107'), ('SNAP_EUID', '1000'), ('LC_PAPER', 'ru_RU.UTF-8'), ('COLCON', '1'), ('CMAKE_PREFIX_PATH', '/home/robot33-6/student133_ws/install/test_visualization:/home/robot33-6/student133_ws/install/test_parameters:/home/robot33-6/student133_ws/install/test_client:/home/robot33-6/student133_ws/install/test_service:/home/robot33-6/student133_ws/install/test_custom_srv:/home/robot33-6/student133_ws/install/test_custom_publisher:/home/robot33-6/student133_ws/install/test_castom_publisher:/home/robot33-6/student133_ws/install/test_custom_msg:/home/robot33-6/student133_ws/install/test_subscriber:/home/robot33-6/student133_ws/install/test_publisher:/home/robot33-6/student133_ws/install/test_pkg:/opt/ros/humble'), ('LIBGL_DRIVERS_PATH', '/snap/qtcreator-ros/107/usr/lib/x86_64-linux-gnu/dri')]), 'shell': False}
[0.429005] (test_custom_srv) JobProgress: {'identifier': 'test_custom_srv', 'progress': 'cmake'}
[0.429371] (test_custom_srv) JobProgress: {'identifier': 'test_custom_srv', 'progress': 'build'}
[0.429417] (test_custom_srv) Command: {'cmd': ['/usr/bin/cmake', '--build', '/home/robot33-6/student133_ws/build/test_custom_srv', '--', '-j8', '-l8'], 'cwd': '/home/robot33-6/student133_ws/build/test_custom_srv', 'env': OrderedDict([('GJS_DEBUG_TOPICS', 'JS ERROR;JS LOG'), ('LC_TIME', 'ru_RU.UTF-8'), ('SNAP_COMMON', '/var/snap/qtcreator-ros/common'), ('SNAP_INSTANCE_KEY', ''), ('USER', 'robot33-6'), ('XDG_SESSION_TYPE', 'wayland'), ('LD_LIBRARY_PATH', '/home/robot33-6/student133_ws/install/test_custom_srv/lib:/home/robot33-6/student133_ws/install/test_custom_msg/lib:/opt/ros/humble/opt/rviz_ogre_vendor/lib:/opt/ros/humble/lib/x86_64-linux-gnu:/opt/ros/humble/lib:/snap/qtcreator-ros/107/lib:/snap/qtcreator-ros/107/usr/lib/x86_64-linux-gnu'), ('SHLVL', '311'), ('SNAP_UID', '1000'), ('HOME', '/home/robot33-6'), ('SNAP_LIBRARY_PATH', '/var/lib/snapd/lib/gl:/var/lib/snapd/lib/gl32:/var/lib/snapd/void'), ('DESKTOP_SESSION', 'ubuntu'), ('QTDIR', '/usr/lib/x86_64-linux-gnu/qt5'), ('SNAP_USER_DATA', '/home/robot33-6/snap/qtcreator-ros/107'), ('GIO_LAUNCHED_DESKTOP_FILE', '/var/lib/snapd/desktop/applications/qtcreator-ros_qtcreator-ros.desktop'), ('GNOME_SHELL_SESSION_MODE', 'ubuntu'), ('GTK_MODULES', 'gail:atk-bridge'), ('ROS_PYTHON_VERSION', '3'), ('LC_MONETARY', 'ru_RU.UTF-8'), ('MANAGERPID', '1373'), ('DBUS_SESSION_BUS_ADDRESS', 'unix:path=/run/user/1000/bus'), ('SYSTEMD_EXEC_PID', '1587'), ('GIO_LAUNCHED_DESKTOP_FILE_PID', '3050'), ('SNAP_REVISION', '107'), ('COLCON_PREFIX_PATH', '/home/robot33-6/student133_ws/install'), ('IM_CONFIG_PHASE', '1'), ('ROS_DISTRO', 'humble'), ('WAYLAND_DISPLAY', 'wayland-0'), ('LOGNAME', 'robot33-6'), ('JOURNAL_STREAM', '8:26382'), ('SNAP_CONTEXT', 'zfxwyVEa0dSM0vT388UHnSyWy-Mv84K8RE-CWR0OLT2wc9JrOksa'), ('_', '/usr/bin/env'), ('ROS_VERSION', '2'), ('SNAP_VERSION', '12.0.2'), ('XDG_SESSION_CLASS', 'user'), ('TERM', 'xterm'), ('USERNAME', 'robot33-6'), ('GNOME_DESKTOP_SESSION_ID', 'this-is-deprecated'), ('ROS_LOCALHOST_ONLY', '0'), ('SNAP_INSTANCE_NAME', 'qtcreator-ros'), ('PATH', '/opt/ros/humble/bin:/usr/local/sbin:/usr/local/bin:/usr/sbin:/usr/bin:/sbin:/bin:/usr/games:/usr/local/games:/snap/bin:/snap/bin'), ('INVOCATION_ID', '8be6e9d5a46c4dde9fbe4351f65a98da'), ('SESSION_MANAGER', 'local/robot33-6:@/tmp/.ICE-unix/1547,unix/robot33-6:/tmp/.ICE-unix/1547'), ('BAMF_DESKTOP_FILE_HINT', '/var/lib/snapd/desktop/applications/qtcreator-ros_qtcreator-ros.desktop'), ('GNOME_SETUP_DISPLAY', ':1'), ('LC_ADDRESS', 'ru_RU.UTF-8'), ('SNAP_DATA', '/var/snap/qtcreator-ros/107'), ('XDG_MENU_PREFIX', 'gnome-'), ('XDG_RUNTIME_DIR', '/run/user/1000'), ('DISPLAY', ':0'), ('LANG', 'en_US.UTF-8'), ('LC_TELEPHONE', 'ru_RU.UTF-8'), ('XDG_CURRENT_DESKTOP', 'ubuntu:GNOME'), ('XAUTHORITY', '/run/user/1000/.mutter-Xwaylandauth.NV73K2'), ('XDG_SESSION_DESKTOP', 'ubuntu'), ('XMODIFIERS', '@im=ibus'), ('AMENT_PREFIX_PATH', '/home/robot33-6/student133_ws/install/test_visualization:/home/robot33-6/student133_ws/install/test_parameters:/home/robot33-6/student133_ws/install/test_client:/home/robot33-6/student133_ws/install/test_service:/home/robot33-6/student133_ws/install/test_custom_srv:/home/robot33-6/student133_ws/install/test_custom_publisher:/home/robot33-6/student133_ws/install/test_castom_publisher:/home/robot33-6/student133_ws/install/test_custom_msg:/home/robot33-6/student133_ws/install/test_subscriber:/home/robot33-6/student133_ws/install/test_publisher:/home/robot33-6/student133_ws/install/test_pkg:/opt/ros/humble'), ('SNAP_ARCH', 'amd64'), ('SNAP_COOKIE', 'zfxwyVEa0dSM0vT388UHnSyWy-Mv84K8RE-CWR0OLT2wc9JrOksa'), ('SNAP_USER_COMMON', '/home/robot33-6/snap/qtcreator-ros/common'), ('SSH_AGENT_LAUNCHER', 'gnome-keyring'), ('SSH_AUTH_SOCK', '/run/user/1000/keyring/ssh'), ('LC_NAME', 'ru_RU.UTF-8'), ('SHELL', '/bin/bash'), ('GDMSESSION', 'ubuntu'), ('QT_ACCESSIBILITY', '1'), ('SNAP_REEXEC', ''), ('SNAP_NAME', 'qtcreator-ros'), ('LC_MEASUREMENT', 'ru_RU.UTF-8'), ('GJS_DEBUG_OUTPUT', 'stderr'), ('LC_IDENTIFICATION', 'ru_RU.UTF-8'), ('QT_IM_MODULE', 'ibus'), ('PWD', '/home/robot33-6/student133_ws/build/test_custom_srv'), ('QT_QPA_PLATFORM', 'wayland;xcb'), ('SNAP_REAL_HOME', '/home/robot33-6'), ('XDG_CONFIG_DIRS', '/etc/xdg/xdg-ubuntu:/etc/xdg'), ('XDG_DATA_DIRS', '/usr/share/ubuntu:/usr/local/share/:/usr/share/:/var/lib/snapd/desktop'), ('LC_NUMERIC', 'ru_RU.UTF-8'), ('PYTHONPATH', '/home/robot33-6/student133_ws/install/test_custom_srv/local/lib/python3.10/dist-packages:/home/robot33-6/student133_ws/install/test_custom_msg/local/lib/python3.10/dist-packages:/opt/ros/humble/lib/python3.10/site-packages:/opt/ros/humble/local/lib/python3.10/dist-packages'), ('SNAP', '/snap/qtcreator-ros/107'), ('SNAP_EUID', '1000'), ('LC_PAPER', 'ru_RU.UTF-8'), ('COLCON', '1'), ('CMAKE_PREFIX_PATH', '/home/robot33-6/student133_ws/install/test_visualization:/home/robot33-6/student133_ws/install/test_parameters:/home/robot33-6/student133_ws/install/test_client:/home/robot33-6/student133_ws/install/test_service:/home/robot33-6/student133_ws/install/test_custom_srv:/home/robot33-6/student133_ws/install/test_custom_publisher:/home/robot33-6/student133_ws/install/test_castom_publisher:/home/robot33-6/student133_ws/install/test_custom_msg:/home/robot33-6/student133_ws/install/test_subscriber:/home/robot33-6/student133_ws/install/test_publisher:/home/robot33-6/student133_ws/install/test_pkg:/opt/ros/humble'), ('LIBGL_DRIVERS_PATH', '/snap/qtcreator-ros/107/usr/lib/x86_64-linux-gnu/dri')]), 'shell': False}
[0.431916] (test_parameters) JobProgress: {'identifier': 'test_parameters', 'progress': 'cmake'}
[0.432328] (test_parameters) JobProgress: {'identifier': 'test_parameters', 'progress': 'build'}
[0.432388] (test_parameters) Command: {'cmd': ['/usr/bin/cmake', '--build', '/home/robot33-6/student133_ws/build/test_parameters', '--', '-j8', '-l8'], 'cwd': '/home/robot33-6/student133_ws/build/test_parameters', 'env': OrderedDict([('GJS_DEBUG_TOPICS', 'JS ERROR;JS LOG'), ('LC_TIME', 'ru_RU.UTF-8'), ('SNAP_COMMON', '/var/snap/qtcreator-ros/common'), ('SNAP_INSTANCE_KEY', ''), ('USER', 'robot33-6'), ('XDG_SESSION_TYPE', 'wayland'), ('LD_LIBRARY_PATH', '/home/robot33-6/student133_ws/install/test_custom_srv/lib:/home/robot33-6/student133_ws/install/test_custom_msg/lib:/opt/ros/humble/opt/rviz_ogre_vendor/lib:/opt/ros/humble/lib/x86_64-linux-gnu:/opt/ros/humble/lib:/snap/qtcreator-ros/107/lib:/snap/qtcreator-ros/107/usr/lib/x86_64-linux-gnu'), ('SHLVL', '311'), ('SNAP_UID', '1000'), ('HOME', '/home/robot33-6'), ('SNAP_LIBRARY_PATH', '/var/lib/snapd/lib/gl:/var/lib/snapd/lib/gl32:/var/lib/snapd/void'), ('DESKTOP_SESSION', 'ubuntu'), ('QTDIR', '/usr/lib/x86_64-linux-gnu/qt5'), ('SNAP_USER_DATA', '/home/robot33-6/snap/qtcreator-ros/107'), ('GIO_LAUNCHED_DESKTOP_FILE', '/var/lib/snapd/desktop/applications/qtcreator-ros_qtcreator-ros.desktop'), ('GNOME_SHELL_SESSION_MODE', 'ubuntu'), ('GTK_MODULES', 'gail:atk-bridge'), ('ROS_PYTHON_VERSION', '3'), ('LC_MONETARY', 'ru_RU.UTF-8'), ('MANAGERPID', '1373'), ('DBUS_SESSION_BUS_ADDRESS', 'unix:path=/run/user/1000/bus'), ('SYSTEMD_EXEC_PID', '1587'), ('GIO_LAUNCHED_DESKTOP_FILE_PID', '3050'), ('SNAP_REVISION', '107'), ('COLCON_PREFIX_PATH', '/home/robot33-6/student133_ws/install'), ('IM_CONFIG_PHASE', '1'), ('ROS_DISTRO', 'humble'), ('WAYLAND_DISPLAY', 'wayland-0'), ('LOGNAME', 'robot33-6'), ('JOURNAL_STREAM', '8:26382'), ('SNAP_CONTEXT', 'zfxwyVEa0dSM0vT388UHnSyWy-Mv84K8RE-CWR0OLT2wc9JrOksa'), ('_', '/usr/bin/env'), ('ROS_VERSION', '2'), ('SNAP_VERSION', '12.0.2'), ('XDG_SESSION_CLASS', 'user'), ('TERM', 'xterm'), ('USERNAME', 'robot33-6'), ('GNOME_DESKTOP_SESSION_ID', 'this-is-deprecated'), ('ROS_LOCALHOST_ONLY', '0'), ('SNAP_INSTANCE_NAME', 'qtcreator-ros'), ('PATH', '/opt/ros/humble/bin:/usr/local/sbin:/usr/local/bin:/usr/sbin:/usr/bin:/sbin:/bin:/usr/games:/usr/local/games:/snap/bin:/snap/bin'), ('INVOCATION_ID', '8be6e9d5a46c4dde9fbe4351f65a98da'), ('SESSION_MANAGER', 'local/robot33-6:@/tmp/.ICE-unix/1547,unix/robot33-6:/tmp/.ICE-unix/1547'), ('BAMF_DESKTOP_FILE_HINT', '/var/lib/snapd/desktop/applications/qtcreator-ros_qtcreator-ros.desktop'), ('GNOME_SETUP_DISPLAY', ':1'), ('LC_ADDRESS', 'ru_RU.UTF-8'), ('SNAP_DATA', '/var/snap/qtcreator-ros/107'), ('XDG_MENU_PREFIX', 'gnome-'), ('XDG_RUNTIME_DIR', '/run/user/1000'), ('DISPLAY', ':0'), ('LANG', 'en_US.UTF-8'), ('LC_TELEPHONE', 'ru_RU.UTF-8'), ('XDG_CURRENT_DESKTOP', 'ubuntu:GNOME'), ('XAUTHORITY', '/run/user/1000/.mutter-Xwaylandauth.NV73K2'), ('XDG_SESSION_DESKTOP', 'ubuntu'), ('XMODIFIERS', '@im=ibus'), ('AMENT_PREFIX_PATH', '/home/robot33-6/student133_ws/install/test_visualization:/home/robot33-6/student133_ws/install/test_parameters:/home/robot33-6/student133_ws/install/test_client:/home/robot33-6/student133_ws/install/test_service:/home/robot33-6/student133_ws/install/test_custom_srv:/home/robot33-6/student133_ws/install/test_custom_publisher:/home/robot33-6/student133_ws/install/test_castom_publisher:/home/robot33-6/student133_ws/install/test_custom_msg:/home/robot33-6/student133_ws/install/test_subscriber:/home/robot33-6/student133_ws/install/test_publisher:/home/robot33-6/student133_ws/install/test_pkg:/opt/ros/humble'), ('SNAP_ARCH', 'amd64'), ('SNAP_COOKIE', 'zfxwyVEa0dSM0vT388UHnSyWy-Mv84K8RE-CWR0OLT2wc9JrOksa'), ('SNAP_USER_COMMON', '/home/robot33-6/snap/qtcreator-ros/common'), ('SSH_AGENT_LAUNCHER', 'gnome-keyring'), ('SSH_AUTH_SOCK', '/run/user/1000/keyring/ssh'), ('LC_NAME', 'ru_RU.UTF-8'), ('SHELL', '/bin/bash'), ('GDMSESSION', 'ubuntu'), ('QT_ACCESSIBILITY', '1'), ('SNAP_REEXEC', ''), ('SNAP_NAME', 'qtcreator-ros'), ('LC_MEASUREMENT', 'ru_RU.UTF-8'), ('GJS_DEBUG_OUTPUT', 'stderr'), ('LC_IDENTIFICATION', 'ru_RU.UTF-8'), ('QT_IM_MODULE', 'ibus'), ('PWD', '/home/robot33-6/student133_ws/build/test_parameters'), ('QT_QPA_PLATFORM', 'wayland;xcb'), ('SNAP_REAL_HOME', '/home/robot33-6'), ('XDG_CONFIG_DIRS', '/etc/xdg/xdg-ubuntu:/etc/xdg'), ('XDG_DATA_DIRS', '/usr/share/ubuntu:/usr/local/share/:/usr/share/:/var/lib/snapd/desktop'), ('LC_NUMERIC', 'ru_RU.UTF-8'), ('PYTHONPATH', '/home/robot33-6/student133_ws/install/test_custom_srv/local/lib/python3.10/dist-packages:/home/robot33-6/student133_ws/install/test_custom_msg/local/lib/python3.10/dist-packages:/opt/ros/humble/lib/python3.10/site-packages:/opt/ros/humble/local/lib/python3.10/dist-packages'), ('SNAP', '/snap/qtcreator-ros/107'), ('SNAP_EUID', '1000'), ('LC_PAPER', 'ru_RU.UTF-8'), ('COLCON', '1'), ('CMAKE_PREFIX_PATH', '/home/robot33-6/student133_ws/install/test_visualization:/home/robot33-6/student133_ws/install/test_parameters:/home/robot33-6/student133_ws/install/test_client:/home/robot33-6/student133_ws/install/test_service:/home/robot33-6/student133_ws/install/test_custom_srv:/home/robot33-6/student133_ws/install/test_custom_publisher:/home/robot33-6/student133_ws/install/test_castom_publisher:/home/robot33-6/student133_ws/install/test_custom_msg:/home/robot33-6/student133_ws/install/test_subscriber:/home/robot33-6/student133_ws/install/test_publisher:/home/robot33-6/student133_ws/install/test_pkg:/opt/ros/humble'), ('LIBGL_DRIVERS_PATH', '/snap/qtcreator-ros/107/usr/lib/x86_64-linux-gnu/dri')]), 'shell': False}
[0.435104] (test_pkg) JobProgress: {'identifier': 'test_pkg', 'progress': 'cmake'}
[0.435860] (test_pkg) JobProgress: {'identifier': 'test_pkg', 'progress': 'build'}
[0.435930] (test_pkg) Command: {'cmd': ['/usr/bin/cmake', '--build', '/home/robot33-6/student133_ws/build/test_pkg', '--', '-j8', '-l8'], 'cwd': '/home/robot33-6/student133_ws/build/test_pkg', 'env': OrderedDict([('GJS_DEBUG_TOPICS', 'JS ERROR;JS LOG'), ('LC_TIME', 'ru_RU.UTF-8'), ('SNAP_COMMON', '/var/snap/qtcreator-ros/common'), ('SNAP_INSTANCE_KEY', ''), ('USER', 'robot33-6'), ('XDG_SESSION_TYPE', 'wayland'), ('LD_LIBRARY_PATH', '/home/robot33-6/student133_ws/install/test_custom_srv/lib:/home/robot33-6/student133_ws/install/test_custom_msg/lib:/opt/ros/humble/opt/rviz_ogre_vendor/lib:/opt/ros/humble/lib/x86_64-linux-gnu:/opt/ros/humble/lib:/snap/qtcreator-ros/107/lib:/snap/qtcreator-ros/107/usr/lib/x86_64-linux-gnu'), ('SHLVL', '311'), ('SNAP_UID', '1000'), ('HOME', '/home/robot33-6'), ('SNAP_LIBRARY_PATH', '/var/lib/snapd/lib/gl:/var/lib/snapd/lib/gl32:/var/lib/snapd/void'), ('DESKTOP_SESSION', 'ubuntu'), ('QTDIR', '/usr/lib/x86_64-linux-gnu/qt5'), ('SNAP_USER_DATA', '/home/robot33-6/snap/qtcreator-ros/107'), ('GIO_LAUNCHED_DESKTOP_FILE', '/var/lib/snapd/desktop/applications/qtcreator-ros_qtcreator-ros.desktop'), ('GNOME_SHELL_SESSION_MODE', 'ubuntu'), ('GTK_MODULES', 'gail:atk-bridge'), ('ROS_PYTHON_VERSION', '3'), ('LC_MONETARY', 'ru_RU.UTF-8'), ('MANAGERPID', '1373'), ('DBUS_SESSION_BUS_ADDRESS', 'unix:path=/run/user/1000/bus'), ('SYSTEMD_EXEC_PID', '1587'), ('GIO_LAUNCHED_DESKTOP_FILE_PID', '3050'), ('SNAP_REVISION', '107'), ('COLCON_PREFIX_PATH', '/home/robot33-6/student133_ws/install'), ('IM_CONFIG_PHASE', '1'), ('ROS_DISTRO', 'humble'), ('WAYLAND_DISPLAY', 'wayland-0'), ('LOGNAME', 'robot33-6'), ('JOURNAL_STREAM', '8:26382'), ('SNAP_CONTEXT', 'zfxwyVEa0dSM0vT388UHnSyWy-Mv84K8RE-CWR0OLT2wc9JrOksa'), ('_', '/usr/bin/env'), ('ROS_VERSION', '2'), ('SNAP_VERSION', '12.0.2'), ('XDG_SESSION_CLASS', 'user'), ('TERM', 'xterm'), ('USERNAME', 'robot33-6'), ('GNOME_DESKTOP_SESSION_ID', 'this-is-deprecated'), ('ROS_LOCALHOST_ONLY', '0'), ('SNAP_INSTANCE_NAME', 'qtcreator-ros'), ('PATH', '/opt/ros/humble/bin:/usr/local/sbin:/usr/local/bin:/usr/sbin:/usr/bin:/sbin:/bin:/usr/games:/usr/local/games:/snap/bin:/snap/bin'), ('INVOCATION_ID', '8be6e9d5a46c4dde9fbe4351f65a98da'), ('SESSION_MANAGER', 'local/robot33-6:@/tmp/.ICE-unix/1547,unix/robot33-6:/tmp/.ICE-unix/1547'), ('BAMF_DESKTOP_FILE_HINT', '/var/lib/snapd/desktop/applications/qtcreator-ros_qtcreator-ros.desktop'), ('GNOME_SETUP_DISPLAY', ':1'), ('LC_ADDRESS', 'ru_RU.UTF-8'), ('SNAP_DATA', '/var/snap/qtcreator-ros/107'), ('XDG_MENU_PREFIX', 'gnome-'), ('XDG_RUNTIME_DIR', '/run/user/1000'), ('DISPLAY', ':0'), ('LANG', 'en_US.UTF-8'), ('LC_TELEPHONE', 'ru_RU.UTF-8'), ('XDG_CURRENT_DESKTOP', 'ubuntu:GNOME'), ('XAUTHORITY', '/run/user/1000/.mutter-Xwaylandauth.NV73K2'), ('XDG_SESSION_DESKTOP', 'ubuntu'), ('XMODIFIERS', '@im=ibus'), ('AMENT_PREFIX_PATH', '/home/robot33-6/student133_ws/install/test_visualization:/home/robot33-6/student133_ws/install/test_parameters:/home/robot33-6/student133_ws/install/test_client:/home/robot33-6/student133_ws/install/test_service:/home/robot33-6/student133_ws/install/test_custom_srv:/home/robot33-6/student133_ws/install/test_custom_publisher:/home/robot33-6/student133_ws/install/test_castom_publisher:/home/robot33-6/student133_ws/install/test_custom_msg:/home/robot33-6/student133_ws/install/test_subscriber:/home/robot33-6/student133_ws/install/test_publisher:/home/robot33-6/student133_ws/install/test_pkg:/opt/ros/humble'), ('SNAP_ARCH', 'amd64'), ('SNAP_COOKIE', 'zfxwyVEa0dSM0vT388UHnSyWy-Mv84K8RE-CWR0OLT2wc9JrOksa'), ('SNAP_USER_COMMON', '/home/robot33-6/snap/qtcreator-ros/common'), ('SSH_AGENT_LAUNCHER', 'gnome-keyring'), ('SSH_AUTH_SOCK', '/run/user/1000/keyring/ssh'), ('LC_NAME', 'ru_RU.UTF-8'), ('SHELL', '/bin/bash'), ('GDMSESSION', 'ubuntu'), ('QT_ACCESSIBILITY', '1'), ('SNAP_REEXEC', ''), ('SNAP_NAME', 'qtcreator-ros'), ('LC_MEASUREMENT', 'ru_RU.UTF-8'), ('GJS_DEBUG_OUTPUT', 'stderr'), ('LC_IDENTIFICATION', 'ru_RU.UTF-8'), ('QT_IM_MODULE', 'ibus'), ('PWD', '/home/robot33-6/student133_ws/build/test_pkg'), ('QT_QPA_PLATFORM', 'wayland;xcb'), ('SNAP_REAL_HOME', '/home/robot33-6'), ('XDG_CONFIG_DIRS', '/etc/xdg/xdg-ubuntu:/etc/xdg'), ('XDG_DATA_DIRS', '/usr/share/ubuntu:/usr/local/share/:/usr/share/:/var/lib/snapd/desktop'), ('LC_NUMERIC', 'ru_RU.UTF-8'), ('PYTHONPATH', '/home/robot33-6/student133_ws/install/test_custom_srv/local/lib/python3.10/dist-packages:/home/robot33-6/student133_ws/install/test_custom_msg/local/lib/python3.10/dist-packages:/opt/ros/humble/lib/python3.10/site-packages:/opt/ros/humble/local/lib/python3.10/dist-packages'), ('SNAP', '/snap/qtcreator-ros/107'), ('SNAP_EUID', '1000'), ('LC_PAPER', 'ru_RU.UTF-8'), ('COLCON', '1'), ('CMAKE_PREFIX_PATH', '/home/robot33-6/student133_ws/install/test_visualization:/home/robot33-6/student133_ws/install/test_parameters:/home/robot33-6/student133_ws/install/test_client:/home/robot33-6/student133_ws/install/test_service:/home/robot33-6/student133_ws/install/test_custom_srv:/home/robot33-6/student133_ws/install/test_custom_publisher:/home/robot33-6/student133_ws/install/test_castom_publisher:/home/robot33-6/student133_ws/install/test_custom_msg:/home/robot33-6/student133_ws/install/test_subscriber:/home/robot33-6/student133_ws/install/test_publisher:/home/robot33-6/student133_ws/install/test_pkg:/opt/ros/humble'), ('LIBGL_DRIVERS_PATH', '/snap/qtcreator-ros/107/usr/lib/x86_64-linux-gnu/dri')]), 'shell': False}
[0.438532] (test_publisher) JobProgress: {'identifier': 'test_publisher', 'progress': 'cmake'}
[0.439585] (test_publisher) JobProgress: {'identifier': 'test_publisher', 'progress': 'build'}
[0.439659] (test_publisher) Command: {'cmd': ['/usr/bin/cmake', '--build', '/home/robot33-6/student133_ws/build/test_publisher', '--', '-j8', '-l8'], 'cwd': '/home/robot33-6/student133_ws/build/test_publisher', 'env': OrderedDict([('GJS_DEBUG_TOPICS', 'JS ERROR;JS LOG'), ('LC_TIME', 'ru_RU.UTF-8'), ('SNAP_COMMON', '/var/snap/qtcreator-ros/common'), ('SNAP_INSTANCE_KEY', ''), ('USER', 'robot33-6'), ('XDG_SESSION_TYPE', 'wayland'), ('LD_LIBRARY_PATH', '/home/robot33-6/student133_ws/install/test_custom_srv/lib:/home/robot33-6/student133_ws/install/test_custom_msg/lib:/opt/ros/humble/opt/rviz_ogre_vendor/lib:/opt/ros/humble/lib/x86_64-linux-gnu:/opt/ros/humble/lib:/snap/qtcreator-ros/107/lib:/snap/qtcreator-ros/107/usr/lib/x86_64-linux-gnu'), ('SHLVL', '311'), ('SNAP_UID', '1000'), ('HOME', '/home/robot33-6'), ('SNAP_LIBRARY_PATH', '/var/lib/snapd/lib/gl:/var/lib/snapd/lib/gl32:/var/lib/snapd/void'), ('DESKTOP_SESSION', 'ubuntu'), ('QTDIR', '/usr/lib/x86_64-linux-gnu/qt5'), ('SNAP_USER_DATA', '/home/robot33-6/snap/qtcreator-ros/107'), ('GIO_LAUNCHED_DESKTOP_FILE', '/var/lib/snapd/desktop/applications/qtcreator-ros_qtcreator-ros.desktop'), ('GNOME_SHELL_SESSION_MODE', 'ubuntu'), ('GTK_MODULES', 'gail:atk-bridge'), ('ROS_PYTHON_VERSION', '3'), ('LC_MONETARY', 'ru_RU.UTF-8'), ('MANAGERPID', '1373'), ('DBUS_SESSION_BUS_ADDRESS', 'unix:path=/run/user/1000/bus'), ('SYSTEMD_EXEC_PID', '1587'), ('GIO_LAUNCHED_DESKTOP_FILE_PID', '3050'), ('SNAP_REVISION', '107'), ('COLCON_PREFIX_PATH', '/home/robot33-6/student133_ws/install'), ('IM_CONFIG_PHASE', '1'), ('ROS_DISTRO', 'humble'), ('WAYLAND_DISPLAY', 'wayland-0'), ('LOGNAME', 'robot33-6'), ('JOURNAL_STREAM', '8:26382'), ('SNAP_CONTEXT', 'zfxwyVEa0dSM0vT388UHnSyWy-Mv84K8RE-CWR0OLT2wc9JrOksa'), ('_', '/usr/bin/env'), ('ROS_VERSION', '2'), ('SNAP_VERSION', '12.0.2'), ('XDG_SESSION_CLASS', 'user'), ('TERM', 'xterm'), ('USERNAME', 'robot33-6'), ('GNOME_DESKTOP_SESSION_ID', 'this-is-deprecated'), ('ROS_LOCALHOST_ONLY', '0'), ('SNAP_INSTANCE_NAME', 'qtcreator-ros'), ('PATH', '/opt/ros/humble/bin:/usr/local/sbin:/usr/local/bin:/usr/sbin:/usr/bin:/sbin:/bin:/usr/games:/usr/local/games:/snap/bin:/snap/bin'), ('INVOCATION_ID', '8be6e9d5a46c4dde9fbe4351f65a98da'), ('SESSION_MANAGER', 'local/robot33-6:@/tmp/.ICE-unix/1547,unix/robot33-6:/tmp/.ICE-unix/1547'), ('BAMF_DESKTOP_FILE_HINT', '/var/lib/snapd/desktop/applications/qtcreator-ros_qtcreator-ros.desktop'), ('GNOME_SETUP_DISPLAY', ':1'), ('LC_ADDRESS', 'ru_RU.UTF-8'), ('SNAP_DATA', '/var/snap/qtcreator-ros/107'), ('XDG_MENU_PREFIX', 'gnome-'), ('XDG_RUNTIME_DIR', '/run/user/1000'), ('DISPLAY', ':0'), ('LANG', 'en_US.UTF-8'), ('LC_TELEPHONE', 'ru_RU.UTF-8'), ('XDG_CURRENT_DESKTOP', 'ubuntu:GNOME'), ('XAUTHORITY', '/run/user/1000/.mutter-Xwaylandauth.NV73K2'), ('XDG_SESSION_DESKTOP', 'ubuntu'), ('XMODIFIERS', '@im=ibus'), ('AMENT_PREFIX_PATH', '/home/robot33-6/student133_ws/install/test_visualization:/home/robot33-6/student133_ws/install/test_parameters:/home/robot33-6/student133_ws/install/test_client:/home/robot33-6/student133_ws/install/test_service:/home/robot33-6/student133_ws/install/test_custom_srv:/home/robot33-6/student133_ws/install/test_custom_publisher:/home/robot33-6/student133_ws/install/test_castom_publisher:/home/robot33-6/student133_ws/install/test_custom_msg:/home/robot33-6/student133_ws/install/test_subscriber:/home/robot33-6/student133_ws/install/test_publisher:/home/robot33-6/student133_ws/install/test_pkg:/opt/ros/humble'), ('SNAP_ARCH', 'amd64'), ('SNAP_COOKIE', 'zfxwyVEa0dSM0vT388UHnSyWy-Mv84K8RE-CWR0OLT2wc9JrOksa'), ('SNAP_USER_COMMON', '/home/robot33-6/snap/qtcreator-ros/common'), ('SSH_AGENT_LAUNCHER', 'gnome-keyring'), ('SSH_AUTH_SOCK', '/run/user/1000/keyring/ssh'), ('LC_NAME', 'ru_RU.UTF-8'), ('SHELL', '/bin/bash'), ('GDMSESSION', 'ubuntu'), ('QT_ACCESSIBILITY', '1'), ('SNAP_REEXEC', ''), ('SNAP_NAME', 'qtcreator-ros'), ('LC_MEASUREMENT', 'ru_RU.UTF-8'), ('GJS_DEBUG_OUTPUT', 'stderr'), ('LC_IDENTIFICATION', 'ru_RU.UTF-8'), ('QT_IM_MODULE', 'ibus'), ('PWD', '/home/robot33-6/student133_ws/build/test_publisher'), ('QT_QPA_PLATFORM', 'wayland;xcb'), ('SNAP_REAL_HOME', '/home/robot33-6'), ('XDG_CONFIG_DIRS', '/etc/xdg/xdg-ubuntu:/etc/xdg'), ('XDG_DATA_DIRS', '/usr/share/ubuntu:/usr/local/share/:/usr/share/:/var/lib/snapd/desktop'), ('LC_NUMERIC', 'ru_RU.UTF-8'), ('PYTHONPATH', '/home/robot33-6/student133_ws/install/test_custom_srv/local/lib/python3.10/dist-packages:/home/robot33-6/student133_ws/install/test_custom_msg/local/lib/python3.10/dist-packages:/opt/ros/humble/lib/python3.10/site-packages:/opt/ros/humble/local/lib/python3.10/dist-packages'), ('SNAP', '/snap/qtcreator-ros/107'), ('SNAP_EUID', '1000'), ('LC_PAPER', 'ru_RU.UTF-8'), ('COLCON', '1'), ('CMAKE_PREFIX_PATH', '/home/robot33-6/student133_ws/install/test_visualization:/home/robot33-6/student133_ws/install/test_parameters:/home/robot33-6/student133_ws/install/test_client:/home/robot33-6/student133_ws/install/test_service:/home/robot33-6/student133_ws/install/test_custom_srv:/home/robot33-6/student133_ws/install/test_custom_publisher:/home/robot33-6/student133_ws/install/test_castom_publisher:/home/robot33-6/student133_ws/install/test_custom_msg:/home/robot33-6/student133_ws/install/test_subscriber:/home/robot33-6/student133_ws/install/test_publisher:/home/robot33-6/student133_ws/install/test_pkg:/opt/ros/humble'), ('LIBGL_DRIVERS_PATH', '/snap/qtcreator-ros/107/usr/lib/x86_64-linux-gnu/dri')]), 'shell': False}
[0.444740] (test_service) JobProgress: {'identifier': 'test_service', 'progress': 'cmake'}
[0.445960] (test_service) JobProgress: {'identifier': 'test_service', 'progress': 'build'}
[0.446037] (test_service) Command: {'cmd': ['/usr/bin/cmake', '--build', '/home/robot33-6/student133_ws/build/test_service', '--', '-j8', '-l8'], 'cwd': '/home/robot33-6/student133_ws/build/test_service', 'env': OrderedDict([('GJS_DEBUG_TOPICS', 'JS ERROR;JS LOG'), ('LC_TIME', 'ru_RU.UTF-8'), ('SNAP_COMMON', '/var/snap/qtcreator-ros/common'), ('SNAP_INSTANCE_KEY', ''), ('USER', 'robot33-6'), ('XDG_SESSION_TYPE', 'wayland'), ('LD_LIBRARY_PATH', '/home/robot33-6/student133_ws/install/test_custom_srv/lib:/home/robot33-6/student133_ws/install/test_custom_msg/lib:/opt/ros/humble/opt/rviz_ogre_vendor/lib:/opt/ros/humble/lib/x86_64-linux-gnu:/opt/ros/humble/lib:/snap/qtcreator-ros/107/lib:/snap/qtcreator-ros/107/usr/lib/x86_64-linux-gnu'), ('SHLVL', '311'), ('SNAP_UID', '1000'), ('HOME', '/home/robot33-6'), ('SNAP_LIBRARY_PATH', '/var/lib/snapd/lib/gl:/var/lib/snapd/lib/gl32:/var/lib/snapd/void'), ('DESKTOP_SESSION', 'ubuntu'), ('QTDIR', '/usr/lib/x86_64-linux-gnu/qt5'), ('SNAP_USER_DATA', '/home/robot33-6/snap/qtcreator-ros/107'), ('GIO_LAUNCHED_DESKTOP_FILE', '/var/lib/snapd/desktop/applications/qtcreator-ros_qtcreator-ros.desktop'), ('GNOME_SHELL_SESSION_MODE', 'ubuntu'), ('GTK_MODULES', 'gail:atk-bridge'), ('ROS_PYTHON_VERSION', '3'), ('LC_MONETARY', 'ru_RU.UTF-8'), ('MANAGERPID', '1373'), ('DBUS_SESSION_BUS_ADDRESS', 'unix:path=/run/user/1000/bus'), ('SYSTEMD_EXEC_PID', '1587'), ('GIO_LAUNCHED_DESKTOP_FILE_PID', '3050'), ('SNAP_REVISION', '107'), ('COLCON_PREFIX_PATH', '/home/robot33-6/student133_ws/install'), ('IM_CONFIG_PHASE', '1'), ('ROS_DISTRO', 'humble'), ('WAYLAND_DISPLAY', 'wayland-0'), ('LOGNAME', 'robot33-6'), ('JOURNAL_STREAM', '8:26382'), ('SNAP_CONTEXT', 'zfxwyVEa0dSM0vT388UHnSyWy-Mv84K8RE-CWR0OLT2wc9JrOksa'), ('_', '/usr/bin/env'), ('ROS_VERSION', '2'), ('SNAP_VERSION', '12.0.2'), ('XDG_SESSION_CLASS', 'user'), ('TERM', 'xterm'), ('USERNAME', 'robot33-6'), ('GNOME_DESKTOP_SESSION_ID', 'this-is-deprecated'), ('ROS_LOCALHOST_ONLY', '0'), ('SNAP_INSTANCE_NAME', 'qtcreator-ros'), ('PATH', '/opt/ros/humble/bin:/usr/local/sbin:/usr/local/bin:/usr/sbin:/usr/bin:/sbin:/bin:/usr/games:/usr/local/games:/snap/bin:/snap/bin'), ('INVOCATION_ID', '8be6e9d5a46c4dde9fbe4351f65a98da'), ('SESSION_MANAGER', 'local/robot33-6:@/tmp/.ICE-unix/1547,unix/robot33-6:/tmp/.ICE-unix/1547'), ('BAMF_DESKTOP_FILE_HINT', '/var/lib/snapd/desktop/applications/qtcreator-ros_qtcreator-ros.desktop'), ('GNOME_SETUP_DISPLAY', ':1'), ('LC_ADDRESS', 'ru_RU.UTF-8'), ('SNAP_DATA', '/var/snap/qtcreator-ros/107'), ('XDG_MENU_PREFIX', 'gnome-'), ('XDG_RUNTIME_DIR', '/run/user/1000'), ('DISPLAY', ':0'), ('LANG', 'en_US.UTF-8'), ('LC_TELEPHONE', 'ru_RU.UTF-8'), ('XDG_CURRENT_DESKTOP', 'ubuntu:GNOME'), ('XAUTHORITY', '/run/user/1000/.mutter-Xwaylandauth.NV73K2'), ('XDG_SESSION_DESKTOP', 'ubuntu'), ('XMODIFIERS', '@im=ibus'), ('AMENT_PREFIX_PATH', '/home/robot33-6/student133_ws/install/test_visualization:/home/robot33-6/student133_ws/install/test_parameters:/home/robot33-6/student133_ws/install/test_client:/home/robot33-6/student133_ws/install/test_service:/home/robot33-6/student133_ws/install/test_custom_srv:/home/robot33-6/student133_ws/install/test_custom_publisher:/home/robot33-6/student133_ws/install/test_castom_publisher:/home/robot33-6/student133_ws/install/test_custom_msg:/home/robot33-6/student133_ws/install/test_subscriber:/home/robot33-6/student133_ws/install/test_publisher:/home/robot33-6/student133_ws/install/test_pkg:/opt/ros/humble'), ('SNAP_ARCH', 'amd64'), ('SNAP_COOKIE', 'zfxwyVEa0dSM0vT388UHnSyWy-Mv84K8RE-CWR0OLT2wc9JrOksa'), ('SNAP_USER_COMMON', '/home/robot33-6/snap/qtcreator-ros/common'), ('SSH_AGENT_LAUNCHER', 'gnome-keyring'), ('SSH_AUTH_SOCK', '/run/user/1000/keyring/ssh'), ('LC_NAME', 'ru_RU.UTF-8'), ('SHELL', '/bin/bash'), ('GDMSESSION', 'ubuntu'), ('QT_ACCESSIBILITY', '1'), ('SNAP_REEXEC', ''), ('SNAP_NAME', 'qtcreator-ros'), ('LC_MEASUREMENT', 'ru_RU.UTF-8'), ('GJS_DEBUG_OUTPUT', 'stderr'), ('LC_IDENTIFICATION', 'ru_RU.UTF-8'), ('QT_IM_MODULE', 'ibus'), ('PWD', '/home/robot33-6/student133_ws/build/test_service'), ('QT_QPA_PLATFORM', 'wayland;xcb'), ('SNAP_REAL_HOME', '/home/robot33-6'), ('XDG_CONFIG_DIRS', '/etc/xdg/xdg-ubuntu:/etc/xdg'), ('XDG_DATA_DIRS', '/usr/share/ubuntu:/usr/local/share/:/usr/share/:/var/lib/snapd/desktop'), ('LC_NUMERIC', 'ru_RU.UTF-8'), ('PYTHONPATH', '/home/robot33-6/student133_ws/install/test_custom_srv/local/lib/python3.10/dist-packages:/home/robot33-6/student133_ws/install/test_custom_msg/local/lib/python3.10/dist-packages:/opt/ros/humble/lib/python3.10/site-packages:/opt/ros/humble/local/lib/python3.10/dist-packages'), ('SNAP', '/snap/qtcreator-ros/107'), ('SNAP_EUID', '1000'), ('LC_PAPER', 'ru_RU.UTF-8'), ('COLCON', '1'), ('CMAKE_PREFIX_PATH', '/home/robot33-6/student133_ws/install/test_visualization:/home/robot33-6/student133_ws/install/test_parameters:/home/robot33-6/student133_ws/install/test_client:/home/robot33-6/student133_ws/install/test_service:/home/robot33-6/student133_ws/install/test_custom_srv:/home/robot33-6/student133_ws/install/test_custom_publisher:/home/robot33-6/student133_ws/install/test_castom_publisher:/home/robot33-6/student133_ws/install/test_custom_msg:/home/robot33-6/student133_ws/install/test_subscriber:/home/robot33-6/student133_ws/install/test_publisher:/home/robot33-6/student133_ws/install/test_pkg:/opt/ros/humble'), ('LIBGL_DRIVERS_PATH', '/snap/qtcreator-ros/107/usr/lib/x86_64-linux-gnu/dri')]), 'shell': False}
[0.488862] (test_client) StdoutLine: {'line': b'[100%] Built target test_client_node\n'}
[0.489109] (test_custom_msg) StdoutLine: {'line': b'[  3%] Built target test_custom_msg__cpp\n'}
[0.490464] (test_custom_msg) StdoutLine: {'line': b'[ 12%] Built target test_custom_msg__rosidl_generator_c\n'}
[0.496412] (test_custom_publisher) StdoutLine: {'line': b'[100%] Built target test_custom_publisher_node\n'}
[0.500293] (-) TimerEvent: {}
[0.500815] (test_custom_srv) StdoutLine: {'line': b'[  3%] Built target test_custom_srv__cpp\n'}
[0.503440] (test_client) CommandEnded: {'returncode': 0}
[0.510055] (test_custom_srv) StdoutLine: {'line': b'[ 12%] Built target test_custom_srv__rosidl_generator_c\n'}
[0.510291] (test_publisher) StdoutLine: {'line': b'Consolidate compiler generated dependencies of target test_publisher_node\n'}
[0.511919] (test_custom_msg) StdoutLine: {'line': b'[ 12%] Built target ament_cmake_python_copy_test_custom_msg\n'}
[0.515572] (test_pkg) StdoutLine: {'line': b'[100%] Built target test_pkg_node\n'}
[0.515964] (test_custom_publisher) CommandEnded: {'returncode': 0}
[0.523571] (test_parameters) StdoutLine: {'line': b'[100%] Built target test_parameters_node\n'}
[0.527549] (test_pkg) CommandEnded: {'returncode': 0}
[0.546573] (test_custom_msg) StdoutLine: {'line': b'[ 22%] Built target test_custom_msg__rosidl_typesupport_cpp\n'}
[0.546856] (test_custom_srv) StdoutLine: {'line': b'[ 22%] Built target test_custom_srv__rosidl_typesupport_cpp\n'}
[0.546977] (test_custom_srv) StdoutLine: {'line': b'[ 22%] Built target ament_cmake_python_copy_test_custom_srv\n'}
[0.548304] (test_custom_msg) StdoutLine: {'line': b'[ 32%] Built target test_custom_msg__rosidl_typesupport_c\n'}
[0.550583] (test_parameters) CommandEnded: {'returncode': 0}
[0.558322] (test_custom_msg) StdoutLine: {'line': b'[ 41%] Built target test_custom_msg__rosidl_typesupport_fastrtps_cpp\n'}
[0.559347] (test_publisher) StdoutLine: {'line': b'[ 50%] Building CXX object CMakeFiles/test_publisher_node.dir/src/test_publisher_node.cpp.o\n'}
[0.560457] (test_custom_srv) StdoutLine: {'line': b'[ 32%] Built target test_custom_srv__rosidl_typesupport_fastrtps_cpp\n'}
[0.561894] (test_custom_msg) StdoutLine: {'line': b'[ 51%] Built target test_custom_msg__rosidl_typesupport_introspection_c\n'}
[0.568386] (test_custom_msg) StdoutLine: {'line': b'[ 61%] Built target test_custom_msg__rosidl_typesupport_introspection_cpp\n'}
[0.570802] (test_custom_msg) StdoutLine: {'line': b'[ 70%] Built target test_custom_msg__rosidl_typesupport_fastrtps_c\n'}
[0.582946] (test_custom_publisher) JobProgress: {'identifier': 'test_custom_publisher', 'progress': 'install'}
[0.594314] (test_custom_publisher) Command: {'cmd': ['/usr/bin/cmake', '--install', '/home/robot33-6/student133_ws/build/test_custom_publisher'], 'cwd': '/home/robot33-6/student133_ws/build/test_custom_publisher', 'env': OrderedDict([('GJS_DEBUG_TOPICS', 'JS ERROR;JS LOG'), ('LC_TIME', 'ru_RU.UTF-8'), ('SNAP_COMMON', '/var/snap/qtcreator-ros/common'), ('SNAP_INSTANCE_KEY', ''), ('USER', 'robot33-6'), ('XDG_SESSION_TYPE', 'wayland'), ('LD_LIBRARY_PATH', '/home/robot33-6/student133_ws/install/test_custom_srv/lib:/home/robot33-6/student133_ws/install/test_custom_msg/lib:/opt/ros/humble/opt/rviz_ogre_vendor/lib:/opt/ros/humble/lib/x86_64-linux-gnu:/opt/ros/humble/lib:/snap/qtcreator-ros/107/lib:/snap/qtcreator-ros/107/usr/lib/x86_64-linux-gnu'), ('SHLVL', '311'), ('SNAP_UID', '1000'), ('HOME', '/home/robot33-6'), ('SNAP_LIBRARY_PATH', '/var/lib/snapd/lib/gl:/var/lib/snapd/lib/gl32:/var/lib/snapd/void'), ('DESKTOP_SESSION', 'ubuntu'), ('QTDIR', '/usr/lib/x86_64-linux-gnu/qt5'), ('SNAP_USER_DATA', '/home/robot33-6/snap/qtcreator-ros/107'), ('GIO_LAUNCHED_DESKTOP_FILE', '/var/lib/snapd/desktop/applications/qtcreator-ros_qtcreator-ros.desktop'), ('GNOME_SHELL_SESSION_MODE', 'ubuntu'), ('GTK_MODULES', 'gail:atk-bridge'), ('ROS_PYTHON_VERSION', '3'), ('LC_MONETARY', 'ru_RU.UTF-8'), ('MANAGERPID', '1373'), ('DBUS_SESSION_BUS_ADDRESS', 'unix:path=/run/user/1000/bus'), ('SYSTEMD_EXEC_PID', '1587'), ('GIO_LAUNCHED_DESKTOP_FILE_PID', '3050'), ('SNAP_REVISION', '107'), ('COLCON_PREFIX_PATH', '/home/robot33-6/student133_ws/install'), ('IM_CONFIG_PHASE', '1'), ('ROS_DISTRO', 'humble'), ('WAYLAND_DISPLAY', 'wayland-0'), ('LOGNAME', 'robot33-6'), ('JOURNAL_STREAM', '8:26382'), ('SNAP_CONTEXT', 'zfxwyVEa0dSM0vT388UHnSyWy-Mv84K8RE-CWR0OLT2wc9JrOksa'), ('_', '/usr/bin/env'), ('ROS_VERSION', '2'), ('SNAP_VERSION', '12.0.2'), ('XDG_SESSION_CLASS', 'user'), ('TERM', 'xterm'), ('USERNAME', 'robot33-6'), ('GNOME_DESKTOP_SESSION_ID', 'this-is-deprecated'), ('ROS_LOCALHOST_ONLY', '0'), ('SNAP_INSTANCE_NAME', 'qtcreator-ros'), ('PATH', '/opt/ros/humble/bin:/usr/local/sbin:/usr/local/bin:/usr/sbin:/usr/bin:/sbin:/bin:/usr/games:/usr/local/games:/snap/bin:/snap/bin'), ('INVOCATION_ID', '8be6e9d5a46c4dde9fbe4351f65a98da'), ('SESSION_MANAGER', 'local/robot33-6:@/tmp/.ICE-unix/1547,unix/robot33-6:/tmp/.ICE-unix/1547'), ('BAMF_DESKTOP_FILE_HINT', '/var/lib/snapd/desktop/applications/qtcreator-ros_qtcreator-ros.desktop'), ('GNOME_SETUP_DISPLAY', ':1'), ('LC_ADDRESS', 'ru_RU.UTF-8'), ('SNAP_DATA', '/var/snap/qtcreator-ros/107'), ('XDG_MENU_PREFIX', 'gnome-'), ('XDG_RUNTIME_DIR', '/run/user/1000'), ('DISPLAY', ':0'), ('LANG', 'en_US.UTF-8'), ('LC_TELEPHONE', 'ru_RU.UTF-8'), ('XDG_CURRENT_DESKTOP', 'ubuntu:GNOME'), ('XAUTHORITY', '/run/user/1000/.mutter-Xwaylandauth.NV73K2'), ('XDG_SESSION_DESKTOP', 'ubuntu'), ('XMODIFIERS', '@im=ibus'), ('AMENT_PREFIX_PATH', '/home/robot33-6/student133_ws/install/test_visualization:/home/robot33-6/student133_ws/install/test_parameters:/home/robot33-6/student133_ws/install/test_client:/home/robot33-6/student133_ws/install/test_service:/home/robot33-6/student133_ws/install/test_custom_srv:/home/robot33-6/student133_ws/install/test_custom_publisher:/home/robot33-6/student133_ws/install/test_castom_publisher:/home/robot33-6/student133_ws/install/test_custom_msg:/home/robot33-6/student133_ws/install/test_subscriber:/home/robot33-6/student133_ws/install/test_publisher:/home/robot33-6/student133_ws/install/test_pkg:/opt/ros/humble'), ('SNAP_ARCH', 'amd64'), ('SNAP_COOKIE', 'zfxwyVEa0dSM0vT388UHnSyWy-Mv84K8RE-CWR0OLT2wc9JrOksa'), ('SNAP_USER_COMMON', '/home/robot33-6/snap/qtcreator-ros/common'), ('SSH_AGENT_LAUNCHER', 'gnome-keyring'), ('SSH_AUTH_SOCK', '/run/user/1000/keyring/ssh'), ('LC_NAME', 'ru_RU.UTF-8'), ('SHELL', '/bin/bash'), ('GDMSESSION', 'ubuntu'), ('QT_ACCESSIBILITY', '1'), ('SNAP_REEXEC', ''), ('SNAP_NAME', 'qtcreator-ros'), ('LC_MEASUREMENT', 'ru_RU.UTF-8'), ('GJS_DEBUG_OUTPUT', 'stderr'), ('LC_IDENTIFICATION', 'ru_RU.UTF-8'), ('QT_IM_MODULE', 'ibus'), ('PWD', '/home/robot33-6/student133_ws/build/test_custom_publisher'), ('QT_QPA_PLATFORM', 'wayland;xcb'), ('SNAP_REAL_HOME', '/home/robot33-6'), ('XDG_CONFIG_DIRS', '/etc/xdg/xdg-ubuntu:/etc/xdg'), ('XDG_DATA_DIRS', '/usr/share/ubuntu:/usr/local/share/:/usr/share/:/var/lib/snapd/desktop'), ('LC_NUMERIC', 'ru_RU.UTF-8'), ('PYTHONPATH', '/home/robot33-6/student133_ws/install/test_custom_srv/local/lib/python3.10/dist-packages:/home/robot33-6/student133_ws/install/test_custom_msg/local/lib/python3.10/dist-packages:/opt/ros/humble/lib/python3.10/site-packages:/opt/ros/humble/local/lib/python3.10/dist-packages'), ('SNAP', '/snap/qtcreator-ros/107'), ('SNAP_EUID', '1000'), ('LC_PAPER', 'ru_RU.UTF-8'), ('COLCON', '1'), ('CMAKE_PREFIX_PATH', '/home/robot33-6/student133_ws/install/test_visualization:/home/robot33-6/student133_ws/install/test_parameters:/home/robot33-6/student133_ws/install/test_client:/home/robot33-6/student133_ws/install/test_service:/home/robot33-6/student133_ws/install/test_custom_srv:/home/robot33-6/student133_ws/install/test_custom_publisher:/home/robot33-6/student133_ws/install/test_castom_publisher:/home/robot33-6/student133_ws/install/test_custom_msg:/home/robot33-6/student133_ws/install/test_subscriber:/home/robot33-6/student133_ws/install/test_publisher:/home/robot33-6/student133_ws/install/test_pkg:/opt/ros/humble'), ('LIBGL_DRIVERS_PATH', '/snap/qtcreator-ros/107/usr/lib/x86_64-linux-gnu/dri')]), 'shell': False}
[0.596716] (test_custom_srv) StdoutLine: {'line': b'[ 41%] Built target test_custom_srv__rosidl_typesupport_fastrtps_c\n'}
[0.597000] (test_custom_srv) StdoutLine: {'line': b'[ 51%] Built target test_custom_srv__rosidl_typesupport_introspection_cpp\n'}
[0.597129] (test_service) StdoutLine: {'line': b'[100%] Built target test_service_node\n'}
[0.599173] (test_custom_srv) StdoutLine: {'line': b'[ 61%] Built target test_custom_srv__rosidl_typesupport_introspection_c\n'}
[0.599364] (test_client) JobProgress: {'identifier': 'test_client', 'progress': 'install'}
[0.599399] (test_client) Command: {'cmd': ['/usr/bin/cmake', '--install', '/home/robot33-6/student133_ws/build/test_client'], 'cwd': '/home/robot33-6/student133_ws/build/test_client', 'env': OrderedDict([('GJS_DEBUG_TOPICS', 'JS ERROR;JS LOG'), ('LC_TIME', 'ru_RU.UTF-8'), ('SNAP_COMMON', '/var/snap/qtcreator-ros/common'), ('SNAP_INSTANCE_KEY', ''), ('USER', 'robot33-6'), ('XDG_SESSION_TYPE', 'wayland'), ('LD_LIBRARY_PATH', '/home/robot33-6/student133_ws/install/test_custom_srv/lib:/home/robot33-6/student133_ws/install/test_custom_msg/lib:/opt/ros/humble/opt/rviz_ogre_vendor/lib:/opt/ros/humble/lib/x86_64-linux-gnu:/opt/ros/humble/lib:/snap/qtcreator-ros/107/lib:/snap/qtcreator-ros/107/usr/lib/x86_64-linux-gnu'), ('SHLVL', '311'), ('SNAP_UID', '1000'), ('HOME', '/home/robot33-6'), ('SNAP_LIBRARY_PATH', '/var/lib/snapd/lib/gl:/var/lib/snapd/lib/gl32:/var/lib/snapd/void'), ('DESKTOP_SESSION', 'ubuntu'), ('QTDIR', '/usr/lib/x86_64-linux-gnu/qt5'), ('SNAP_USER_DATA', '/home/robot33-6/snap/qtcreator-ros/107'), ('GIO_LAUNCHED_DESKTOP_FILE', '/var/lib/snapd/desktop/applications/qtcreator-ros_qtcreator-ros.desktop'), ('GNOME_SHELL_SESSION_MODE', 'ubuntu'), ('GTK_MODULES', 'gail:atk-bridge'), ('ROS_PYTHON_VERSION', '3'), ('LC_MONETARY', 'ru_RU.UTF-8'), ('MANAGERPID', '1373'), ('DBUS_SESSION_BUS_ADDRESS', 'unix:path=/run/user/1000/bus'), ('SYSTEMD_EXEC_PID', '1587'), ('GIO_LAUNCHED_DESKTOP_FILE_PID', '3050'), ('SNAP_REVISION', '107'), ('COLCON_PREFIX_PATH', '/home/robot33-6/student133_ws/install'), ('IM_CONFIG_PHASE', '1'), ('ROS_DISTRO', 'humble'), ('WAYLAND_DISPLAY', 'wayland-0'), ('LOGNAME', 'robot33-6'), ('JOURNAL_STREAM', '8:26382'), ('SNAP_CONTEXT', 'zfxwyVEa0dSM0vT388UHnSyWy-Mv84K8RE-CWR0OLT2wc9JrOksa'), ('_', '/usr/bin/env'), ('ROS_VERSION', '2'), ('SNAP_VERSION', '12.0.2'), ('XDG_SESSION_CLASS', 'user'), ('TERM', 'xterm'), ('USERNAME', 'robot33-6'), ('GNOME_DESKTOP_SESSION_ID', 'this-is-deprecated'), ('ROS_LOCALHOST_ONLY', '0'), ('SNAP_INSTANCE_NAME', 'qtcreator-ros'), ('PATH', '/opt/ros/humble/bin:/usr/local/sbin:/usr/local/bin:/usr/sbin:/usr/bin:/sbin:/bin:/usr/games:/usr/local/games:/snap/bin:/snap/bin'), ('INVOCATION_ID', '8be6e9d5a46c4dde9fbe4351f65a98da'), ('SESSION_MANAGER', 'local/robot33-6:@/tmp/.ICE-unix/1547,unix/robot33-6:/tmp/.ICE-unix/1547'), ('BAMF_DESKTOP_FILE_HINT', '/var/lib/snapd/desktop/applications/qtcreator-ros_qtcreator-ros.desktop'), ('GNOME_SETUP_DISPLAY', ':1'), ('LC_ADDRESS', 'ru_RU.UTF-8'), ('SNAP_DATA', '/var/snap/qtcreator-ros/107'), ('XDG_MENU_PREFIX', 'gnome-'), ('XDG_RUNTIME_DIR', '/run/user/1000'), ('DISPLAY', ':0'), ('LANG', 'en_US.UTF-8'), ('LC_TELEPHONE', 'ru_RU.UTF-8'), ('XDG_CURRENT_DESKTOP', 'ubuntu:GNOME'), ('XAUTHORITY', '/run/user/1000/.mutter-Xwaylandauth.NV73K2'), ('XDG_SESSION_DESKTOP', 'ubuntu'), ('XMODIFIERS', '@im=ibus'), ('AMENT_PREFIX_PATH', '/home/robot33-6/student133_ws/install/test_visualization:/home/robot33-6/student133_ws/install/test_parameters:/home/robot33-6/student133_ws/install/test_client:/home/robot33-6/student133_ws/install/test_service:/home/robot33-6/student133_ws/install/test_custom_srv:/home/robot33-6/student133_ws/install/test_custom_publisher:/home/robot33-6/student133_ws/install/test_castom_publisher:/home/robot33-6/student133_ws/install/test_custom_msg:/home/robot33-6/student133_ws/install/test_subscriber:/home/robot33-6/student133_ws/install/test_publisher:/home/robot33-6/student133_ws/install/test_pkg:/opt/ros/humble'), ('SNAP_ARCH', 'amd64'), ('SNAP_COOKIE', 'zfxwyVEa0dSM0vT388UHnSyWy-Mv84K8RE-CWR0OLT2wc9JrOksa'), ('SNAP_USER_COMMON', '/home/robot33-6/snap/qtcreator-ros/common'), ('SSH_AGENT_LAUNCHER', 'gnome-keyring'), ('SSH_AUTH_SOCK', '/run/user/1000/keyring/ssh'), ('LC_NAME', 'ru_RU.UTF-8'), ('SHELL', '/bin/bash'), ('GDMSESSION', 'ubuntu'), ('QT_ACCESSIBILITY', '1'), ('SNAP_REEXEC', ''), ('SNAP_NAME', 'qtcreator-ros'), ('LC_MEASUREMENT', 'ru_RU.UTF-8'), ('GJS_DEBUG_OUTPUT', 'stderr'), ('LC_IDENTIFICATION', 'ru_RU.UTF-8'), ('QT_IM_MODULE', 'ibus'), ('PWD', '/home/robot33-6/student133_ws/build/test_client'), ('QT_QPA_PLATFORM', 'wayland;xcb'), ('SNAP_REAL_HOME', '/home/robot33-6'), ('XDG_CONFIG_DIRS', '/etc/xdg/xdg-ubuntu:/etc/xdg'), ('XDG_DATA_DIRS', '/usr/share/ubuntu:/usr/local/share/:/usr/share/:/var/lib/snapd/desktop'), ('LC_NUMERIC', 'ru_RU.UTF-8'), ('PYTHONPATH', '/home/robot33-6/student133_ws/install/test_custom_srv/local/lib/python3.10/dist-packages:/home/robot33-6/student133_ws/install/test_custom_msg/local/lib/python3.10/dist-packages:/opt/ros/humble/lib/python3.10/site-packages:/opt/ros/humble/local/lib/python3.10/dist-packages'), ('SNAP', '/snap/qtcreator-ros/107'), ('SNAP_EUID', '1000'), ('LC_PAPER', 'ru_RU.UTF-8'), ('COLCON', '1'), ('CMAKE_PREFIX_PATH', '/home/robot33-6/student133_ws/install/test_visualization:/home/robot33-6/student133_ws/install/test_parameters:/home/robot33-6/student133_ws/install/test_client:/home/robot33-6/student133_ws/install/test_service:/home/robot33-6/student133_ws/install/test_custom_srv:/home/robot33-6/student133_ws/install/test_custom_publisher:/home/robot33-6/student133_ws/install/test_castom_publisher:/home/robot33-6/student133_ws/install/test_custom_msg:/home/robot33-6/student133_ws/install/test_subscriber:/home/robot33-6/student133_ws/install/test_publisher:/home/robot33-6/student133_ws/install/test_pkg:/opt/ros/humble'), ('LIBGL_DRIVERS_PATH', '/snap/qtcreator-ros/107/usr/lib/x86_64-linux-gnu/dri')]), 'shell': False}
[0.600359] (-) TimerEvent: {}
[0.603853] (test_parameters) JobProgress: {'identifier': 'test_parameters', 'progress': 'install'}
[0.603943] (test_parameters) Command: {'cmd': ['/usr/bin/cmake', '--install', '/home/robot33-6/student133_ws/build/test_parameters'], 'cwd': '/home/robot33-6/student133_ws/build/test_parameters', 'env': OrderedDict([('GJS_DEBUG_TOPICS', 'JS ERROR;JS LOG'), ('LC_TIME', 'ru_RU.UTF-8'), ('SNAP_COMMON', '/var/snap/qtcreator-ros/common'), ('SNAP_INSTANCE_KEY', ''), ('USER', 'robot33-6'), ('XDG_SESSION_TYPE', 'wayland'), ('LD_LIBRARY_PATH', '/home/robot33-6/student133_ws/install/test_custom_srv/lib:/home/robot33-6/student133_ws/install/test_custom_msg/lib:/opt/ros/humble/opt/rviz_ogre_vendor/lib:/opt/ros/humble/lib/x86_64-linux-gnu:/opt/ros/humble/lib:/snap/qtcreator-ros/107/lib:/snap/qtcreator-ros/107/usr/lib/x86_64-linux-gnu'), ('SHLVL', '311'), ('SNAP_UID', '1000'), ('HOME', '/home/robot33-6'), ('SNAP_LIBRARY_PATH', '/var/lib/snapd/lib/gl:/var/lib/snapd/lib/gl32:/var/lib/snapd/void'), ('DESKTOP_SESSION', 'ubuntu'), ('QTDIR', '/usr/lib/x86_64-linux-gnu/qt5'), ('SNAP_USER_DATA', '/home/robot33-6/snap/qtcreator-ros/107'), ('GIO_LAUNCHED_DESKTOP_FILE', '/var/lib/snapd/desktop/applications/qtcreator-ros_qtcreator-ros.desktop'), ('GNOME_SHELL_SESSION_MODE', 'ubuntu'), ('GTK_MODULES', 'gail:atk-bridge'), ('ROS_PYTHON_VERSION', '3'), ('LC_MONETARY', 'ru_RU.UTF-8'), ('MANAGERPID', '1373'), ('DBUS_SESSION_BUS_ADDRESS', 'unix:path=/run/user/1000/bus'), ('SYSTEMD_EXEC_PID', '1587'), ('GIO_LAUNCHED_DESKTOP_FILE_PID', '3050'), ('SNAP_REVISION', '107'), ('COLCON_PREFIX_PATH', '/home/robot33-6/student133_ws/install'), ('IM_CONFIG_PHASE', '1'), ('ROS_DISTRO', 'humble'), ('WAYLAND_DISPLAY', 'wayland-0'), ('LOGNAME', 'robot33-6'), ('JOURNAL_STREAM', '8:26382'), ('SNAP_CONTEXT', 'zfxwyVEa0dSM0vT388UHnSyWy-Mv84K8RE-CWR0OLT2wc9JrOksa'), ('_', '/usr/bin/env'), ('ROS_VERSION', '2'), ('SNAP_VERSION', '12.0.2'), ('XDG_SESSION_CLASS', 'user'), ('TERM', 'xterm'), ('USERNAME', 'robot33-6'), ('GNOME_DESKTOP_SESSION_ID', 'this-is-deprecated'), ('ROS_LOCALHOST_ONLY', '0'), ('SNAP_INSTANCE_NAME', 'qtcreator-ros'), ('PATH', '/opt/ros/humble/bin:/usr/local/sbin:/usr/local/bin:/usr/sbin:/usr/bin:/sbin:/bin:/usr/games:/usr/local/games:/snap/bin:/snap/bin'), ('INVOCATION_ID', '8be6e9d5a46c4dde9fbe4351f65a98da'), ('SESSION_MANAGER', 'local/robot33-6:@/tmp/.ICE-unix/1547,unix/robot33-6:/tmp/.ICE-unix/1547'), ('BAMF_DESKTOP_FILE_HINT', '/var/lib/snapd/desktop/applications/qtcreator-ros_qtcreator-ros.desktop'), ('GNOME_SETUP_DISPLAY', ':1'), ('LC_ADDRESS', 'ru_RU.UTF-8'), ('SNAP_DATA', '/var/snap/qtcreator-ros/107'), ('XDG_MENU_PREFIX', 'gnome-'), ('XDG_RUNTIME_DIR', '/run/user/1000'), ('DISPLAY', ':0'), ('LANG', 'en_US.UTF-8'), ('LC_TELEPHONE', 'ru_RU.UTF-8'), ('XDG_CURRENT_DESKTOP', 'ubuntu:GNOME'), ('XAUTHORITY', '/run/user/1000/.mutter-Xwaylandauth.NV73K2'), ('XDG_SESSION_DESKTOP', 'ubuntu'), ('XMODIFIERS', '@im=ibus'), ('AMENT_PREFIX_PATH', '/home/robot33-6/student133_ws/install/test_visualization:/home/robot33-6/student133_ws/install/test_parameters:/home/robot33-6/student133_ws/install/test_client:/home/robot33-6/student133_ws/install/test_service:/home/robot33-6/student133_ws/install/test_custom_srv:/home/robot33-6/student133_ws/install/test_custom_publisher:/home/robot33-6/student133_ws/install/test_castom_publisher:/home/robot33-6/student133_ws/install/test_custom_msg:/home/robot33-6/student133_ws/install/test_subscriber:/home/robot33-6/student133_ws/install/test_publisher:/home/robot33-6/student133_ws/install/test_pkg:/opt/ros/humble'), ('SNAP_ARCH', 'amd64'), ('SNAP_COOKIE', 'zfxwyVEa0dSM0vT388UHnSyWy-Mv84K8RE-CWR0OLT2wc9JrOksa'), ('SNAP_USER_COMMON', '/home/robot33-6/snap/qtcreator-ros/common'), ('SSH_AGENT_LAUNCHER', 'gnome-keyring'), ('SSH_AUTH_SOCK', '/run/user/1000/keyring/ssh'), ('LC_NAME', 'ru_RU.UTF-8'), ('SHELL', '/bin/bash'), ('GDMSESSION', 'ubuntu'), ('QT_ACCESSIBILITY', '1'), ('SNAP_REEXEC', ''), ('SNAP_NAME', 'qtcreator-ros'), ('LC_MEASUREMENT', 'ru_RU.UTF-8'), ('GJS_DEBUG_OUTPUT', 'stderr'), ('LC_IDENTIFICATION', 'ru_RU.UTF-8'), ('QT_IM_MODULE', 'ibus'), ('PWD', '/home/robot33-6/student133_ws/build/test_parameters'), ('QT_QPA_PLATFORM', 'wayland;xcb'), ('SNAP_REAL_HOME', '/home/robot33-6'), ('XDG_CONFIG_DIRS', '/etc/xdg/xdg-ubuntu:/etc/xdg'), ('XDG_DATA_DIRS', '/usr/share/ubuntu:/usr/local/share/:/usr/share/:/var/lib/snapd/desktop'), ('LC_NUMERIC', 'ru_RU.UTF-8'), ('PYTHONPATH', '/home/robot33-6/student133_ws/install/test_custom_srv/local/lib/python3.10/dist-packages:/home/robot33-6/student133_ws/install/test_custom_msg/local/lib/python3.10/dist-packages:/opt/ros/humble/lib/python3.10/site-packages:/opt/ros/humble/local/lib/python3.10/dist-packages'), ('SNAP', '/snap/qtcreator-ros/107'), ('SNAP_EUID', '1000'), ('LC_PAPER', 'ru_RU.UTF-8'), ('COLCON', '1'), ('CMAKE_PREFIX_PATH', '/home/robot33-6/student133_ws/install/test_visualization:/home/robot33-6/student133_ws/install/test_parameters:/home/robot33-6/student133_ws/install/test_client:/home/robot33-6/student133_ws/install/test_service:/home/robot33-6/student133_ws/install/test_custom_srv:/home/robot33-6/student133_ws/install/test_custom_publisher:/home/robot33-6/student133_ws/install/test_castom_publisher:/home/robot33-6/student133_ws/install/test_custom_msg:/home/robot33-6/student133_ws/install/test_subscriber:/home/robot33-6/student133_ws/install/test_publisher:/home/robot33-6/student133_ws/install/test_pkg:/opt/ros/humble'), ('LIBGL_DRIVERS_PATH', '/snap/qtcreator-ros/107/usr/lib/x86_64-linux-gnu/dri')]), 'shell': False}
[0.608054] (test_pkg) JobProgress: {'identifier': 'test_pkg', 'progress': 'install'}
[0.608149] (test_pkg) Command: {'cmd': ['/usr/bin/cmake', '--install', '/home/robot33-6/student133_ws/build/test_pkg'], 'cwd': '/home/robot33-6/student133_ws/build/test_pkg', 'env': OrderedDict([('GJS_DEBUG_TOPICS', 'JS ERROR;JS LOG'), ('LC_TIME', 'ru_RU.UTF-8'), ('SNAP_COMMON', '/var/snap/qtcreator-ros/common'), ('SNAP_INSTANCE_KEY', ''), ('USER', 'robot33-6'), ('XDG_SESSION_TYPE', 'wayland'), ('LD_LIBRARY_PATH', '/home/robot33-6/student133_ws/install/test_custom_srv/lib:/home/robot33-6/student133_ws/install/test_custom_msg/lib:/opt/ros/humble/opt/rviz_ogre_vendor/lib:/opt/ros/humble/lib/x86_64-linux-gnu:/opt/ros/humble/lib:/snap/qtcreator-ros/107/lib:/snap/qtcreator-ros/107/usr/lib/x86_64-linux-gnu'), ('SHLVL', '311'), ('SNAP_UID', '1000'), ('HOME', '/home/robot33-6'), ('SNAP_LIBRARY_PATH', '/var/lib/snapd/lib/gl:/var/lib/snapd/lib/gl32:/var/lib/snapd/void'), ('DESKTOP_SESSION', 'ubuntu'), ('QTDIR', '/usr/lib/x86_64-linux-gnu/qt5'), ('SNAP_USER_DATA', '/home/robot33-6/snap/qtcreator-ros/107'), ('GIO_LAUNCHED_DESKTOP_FILE', '/var/lib/snapd/desktop/applications/qtcreator-ros_qtcreator-ros.desktop'), ('GNOME_SHELL_SESSION_MODE', 'ubuntu'), ('GTK_MODULES', 'gail:atk-bridge'), ('ROS_PYTHON_VERSION', '3'), ('LC_MONETARY', 'ru_RU.UTF-8'), ('MANAGERPID', '1373'), ('DBUS_SESSION_BUS_ADDRESS', 'unix:path=/run/user/1000/bus'), ('SYSTEMD_EXEC_PID', '1587'), ('GIO_LAUNCHED_DESKTOP_FILE_PID', '3050'), ('SNAP_REVISION', '107'), ('COLCON_PREFIX_PATH', '/home/robot33-6/student133_ws/install'), ('IM_CONFIG_PHASE', '1'), ('ROS_DISTRO', 'humble'), ('WAYLAND_DISPLAY', 'wayland-0'), ('LOGNAME', 'robot33-6'), ('JOURNAL_STREAM', '8:26382'), ('SNAP_CONTEXT', 'zfxwyVEa0dSM0vT388UHnSyWy-Mv84K8RE-CWR0OLT2wc9JrOksa'), ('_', '/usr/bin/env'), ('ROS_VERSION', '2'), ('SNAP_VERSION', '12.0.2'), ('XDG_SESSION_CLASS', 'user'), ('TERM', 'xterm'), ('USERNAME', 'robot33-6'), ('GNOME_DESKTOP_SESSION_ID', 'this-is-deprecated'), ('ROS_LOCALHOST_ONLY', '0'), ('SNAP_INSTANCE_NAME', 'qtcreator-ros'), ('PATH', '/opt/ros/humble/bin:/usr/local/sbin:/usr/local/bin:/usr/sbin:/usr/bin:/sbin:/bin:/usr/games:/usr/local/games:/snap/bin:/snap/bin'), ('INVOCATION_ID', '8be6e9d5a46c4dde9fbe4351f65a98da'), ('SESSION_MANAGER', 'local/robot33-6:@/tmp/.ICE-unix/1547,unix/robot33-6:/tmp/.ICE-unix/1547'), ('BAMF_DESKTOP_FILE_HINT', '/var/lib/snapd/desktop/applications/qtcreator-ros_qtcreator-ros.desktop'), ('GNOME_SETUP_DISPLAY', ':1'), ('LC_ADDRESS', 'ru_RU.UTF-8'), ('SNAP_DATA', '/var/snap/qtcreator-ros/107'), ('XDG_MENU_PREFIX', 'gnome-'), ('XDG_RUNTIME_DIR', '/run/user/1000'), ('DISPLAY', ':0'), ('LANG', 'en_US.UTF-8'), ('LC_TELEPHONE', 'ru_RU.UTF-8'), ('XDG_CURRENT_DESKTOP', 'ubuntu:GNOME'), ('XAUTHORITY', '/run/user/1000/.mutter-Xwaylandauth.NV73K2'), ('XDG_SESSION_DESKTOP', 'ubuntu'), ('XMODIFIERS', '@im=ibus'), ('AMENT_PREFIX_PATH', '/home/robot33-6/student133_ws/install/test_visualization:/home/robot33-6/student133_ws/install/test_parameters:/home/robot33-6/student133_ws/install/test_client:/home/robot33-6/student133_ws/install/test_service:/home/robot33-6/student133_ws/install/test_custom_srv:/home/robot33-6/student133_ws/install/test_custom_publisher:/home/robot33-6/student133_ws/install/test_castom_publisher:/home/robot33-6/student133_ws/install/test_custom_msg:/home/robot33-6/student133_ws/install/test_subscriber:/home/robot33-6/student133_ws/install/test_publisher:/home/robot33-6/student133_ws/install/test_pkg:/opt/ros/humble'), ('SNAP_ARCH', 'amd64'), ('SNAP_COOKIE', 'zfxwyVEa0dSM0vT388UHnSyWy-Mv84K8RE-CWR0OLT2wc9JrOksa'), ('SNAP_USER_COMMON', '/home/robot33-6/snap/qtcreator-ros/common'), ('SSH_AGENT_LAUNCHER', 'gnome-keyring'), ('SSH_AUTH_SOCK', '/run/user/1000/keyring/ssh'), ('LC_NAME', 'ru_RU.UTF-8'), ('SHELL', '/bin/bash'), ('GDMSESSION', 'ubuntu'), ('QT_ACCESSIBILITY', '1'), ('SNAP_REEXEC', ''), ('SNAP_NAME', 'qtcreator-ros'), ('LC_MEASUREMENT', 'ru_RU.UTF-8'), ('GJS_DEBUG_OUTPUT', 'stderr'), ('LC_IDENTIFICATION', 'ru_RU.UTF-8'), ('QT_IM_MODULE', 'ibus'), ('PWD', '/home/robot33-6/student133_ws/build/test_pkg'), ('QT_QPA_PLATFORM', 'wayland;xcb'), ('SNAP_REAL_HOME', '/home/robot33-6'), ('XDG_CONFIG_DIRS', '/etc/xdg/xdg-ubuntu:/etc/xdg'), ('XDG_DATA_DIRS', '/usr/share/ubuntu:/usr/local/share/:/usr/share/:/var/lib/snapd/desktop'), ('LC_NUMERIC', 'ru_RU.UTF-8'), ('PYTHONPATH', '/home/robot33-6/student133_ws/install/test_custom_srv/local/lib/python3.10/dist-packages:/home/robot33-6/student133_ws/install/test_custom_msg/local/lib/python3.10/dist-packages:/opt/ros/humble/lib/python3.10/site-packages:/opt/ros/humble/local/lib/python3.10/dist-packages'), ('SNAP', '/snap/qtcreator-ros/107'), ('SNAP_EUID', '1000'), ('LC_PAPER', 'ru_RU.UTF-8'), ('COLCON', '1'), ('CMAKE_PREFIX_PATH', '/home/robot33-6/student133_ws/install/test_visualization:/home/robot33-6/student133_ws/install/test_parameters:/home/robot33-6/student133_ws/install/test_client:/home/robot33-6/student133_ws/install/test_service:/home/robot33-6/student133_ws/install/test_custom_srv:/home/robot33-6/student133_ws/install/test_custom_publisher:/home/robot33-6/student133_ws/install/test_castom_publisher:/home/robot33-6/student133_ws/install/test_custom_msg:/home/robot33-6/student133_ws/install/test_subscriber:/home/robot33-6/student133_ws/install/test_publisher:/home/robot33-6/student133_ws/install/test_pkg:/opt/ros/humble'), ('LIBGL_DRIVERS_PATH', '/snap/qtcreator-ros/107/usr/lib/x86_64-linux-gnu/dri')]), 'shell': False}
[0.617460] (test_custom_srv) StdoutLine: {'line': b'[ 70%] Built target test_custom_srv__rosidl_typesupport_c\n'}
[0.617662] (test_custom_msg) StdoutLine: {'line': b'[ 70%] Built target test_custom_msg\n'}
[0.617783] (test_custom_publisher) StdoutLine: {'line': b'-- Install configuration: "Debug"\n'}
[0.617886] (test_custom_publisher) StdoutLine: {'line': b'-- Up-to-date: /home/robot33-6/student133_ws/install/test_custom_publisher/lib/test_custom_publisher/test_custom_publisher_node\n'}
[0.617986] (test_custom_publisher) StdoutLine: {'line': b'-- Up-to-date: /home/robot33-6/student133_ws/install/test_custom_publisher/share/ament_index/resource_index/package_run_dependencies/test_custom_publisher\n'}
[0.618085] (test_custom_publisher) StdoutLine: {'line': b'-- Up-to-date: /home/robot33-6/student133_ws/install/test_custom_publisher/share/ament_index/resource_index/parent_prefix_path/test_custom_publisher\n'}
[0.618180] (test_custom_publisher) StdoutLine: {'line': b'-- Up-to-date: /home/robot33-6/student133_ws/install/test_custom_publisher/share/test_custom_publisher/environment/ament_prefix_path.sh\n'}
[0.618272] (test_custom_publisher) StdoutLine: {'line': b'-- Up-to-date: /home/robot33-6/student133_ws/install/test_custom_publisher/share/test_custom_publisher/environment/ament_prefix_path.dsv\n'}
[0.618363] (test_custom_publisher) StdoutLine: {'line': b'-- Up-to-date: /home/robot33-6/student133_ws/install/test_custom_publisher/share/test_custom_publisher/environment/path.sh\n'}
[0.618463] (test_custom_publisher) StdoutLine: {'line': b'-- Up-to-date: /home/robot33-6/student133_ws/install/test_custom_publisher/share/test_custom_publisher/environment/path.dsv\n'}
[0.618577] (test_custom_publisher) StdoutLine: {'line': b'-- Up-to-date: /home/robot33-6/student133_ws/install/test_custom_publisher/share/test_custom_publisher/local_setup.bash\n'}
[0.619172] (test_custom_publisher) StdoutLine: {'line': b'-- Up-to-date: /home/robot33-6/student133_ws/install/test_custom_publisher/share/test_custom_publisher/local_setup.sh\n'}
[0.619471] (test_custom_publisher) StdoutLine: {'line': b'-- Up-to-date: /home/robot33-6/student133_ws/install/test_custom_publisher/share/test_custom_publisher/local_setup.zsh\n'}
[0.619580] (test_custom_publisher) StdoutLine: {'line': b'-- Up-to-date: /home/robot33-6/student133_ws/install/test_custom_publisher/share/test_custom_publisher/local_setup.dsv\n'}
[0.619745] (test_custom_publisher) StdoutLine: {'line': b'-- Installing: /home/robot33-6/student133_ws/install/test_custom_publisher/share/test_custom_publisher/package.dsv\n'}
[0.619846] (test_custom_publisher) StdoutLine: {'line': b'-- Up-to-date: /home/robot33-6/student133_ws/install/test_custom_publisher/share/ament_index/resource_index/packages/test_custom_publisher\n'}
[0.620186] (test_custom_publisher) StdoutLine: {'line': b'-- Up-to-date: /home/robot33-6/student133_ws/install/test_custom_publisher/share/test_custom_publisher/cmake/test_custom_publisherConfig.cmake\n'}
[0.620593] (test_custom_publisher) StdoutLine: {'line': b'-- Up-to-date: /home/robot33-6/student133_ws/install/test_custom_publisher/share/test_custom_publisher/cmake/test_custom_publisherConfig-version.cmake\n'}
[0.620771] (test_custom_publisher) StdoutLine: {'line': b'-- Up-to-date: /home/robot33-6/student133_ws/install/test_custom_publisher/share/test_custom_publisher/package.xml\n'}
[0.621010] (test_custom_publisher) CommandEnded: {'returncode': 0}
[0.691009] (test_service) CommandEnded: {'returncode': 0}
[0.694551] (test_client) StdoutLine: {'line': b'-- Install configuration: "Debug"\n'}
[0.694880] (test_client) StdoutLine: {'line': b'-- Up-to-date: /home/robot33-6/student133_ws/install/test_client/lib/test_client/test_client_node\n'}
[0.695038] (test_client) StdoutLine: {'line': b'-- Up-to-date: /home/robot33-6/student133_ws/install/test_client/share/ament_index/resource_index/package_run_dependencies/test_client\n'}
[0.695139] (test_client) StdoutLine: {'line': b'-- Up-to-date: /home/robot33-6/student133_ws/install/test_client/share/ament_index/resource_index/parent_prefix_path/test_client\n'}
[0.695230] (test_client) StdoutLine: {'line': b'-- Up-to-date: /home/robot33-6/student133_ws/install/test_client/share/test_client/environment/ament_prefix_path.sh\n'}
[0.695312] (test_client) StdoutLine: {'line': b'-- Up-to-date: /home/robot33-6/student133_ws/install/test_client/share/test_client/environment/ament_prefix_path.dsv\n'}
[0.695392] (test_client) StdoutLine: {'line': b'-- Up-to-date: /home/robot33-6/student133_ws/install/test_client/share/test_client/environment/path.sh\n'}
[0.695473] (test_client) StdoutLine: {'line': b'-- Up-to-date: /home/robot33-6/student133_ws/install/test_client/share/test_client/environment/path.dsv\n'}
[0.695552] (test_client) StdoutLine: {'line': b'-- Up-to-date: /home/robot33-6/student133_ws/install/test_client/share/test_client/local_setup.bash\n'}
[0.695631] (test_client) StdoutLine: {'line': b'-- Up-to-date: /home/robot33-6/student133_ws/install/test_client/share/test_client/local_setup.sh\n'}
[0.695709] (test_client) StdoutLine: {'line': b'-- Up-to-date: /home/robot33-6/student133_ws/install/test_client/share/test_client/local_setup.zsh\n'}
[0.695789] (test_client) StdoutLine: {'line': b'-- Up-to-date: /home/robot33-6/student133_ws/install/test_client/share/test_client/local_setup.dsv\n'}
[0.695874] (test_client) StdoutLine: {'line': b'-- Installing: /home/robot33-6/student133_ws/install/test_client/share/test_client/package.dsv\n'}
[0.696666] (test_client) StdoutLine: {'line': b'-- Up-to-date: /home/robot33-6/student133_ws/install/test_client/share/ament_index/resource_index/packages/test_client\n'}
[0.696766] (test_client) StdoutLine: {'line': b'-- Up-to-date: /home/robot33-6/student133_ws/install/test_client/share/test_client/cmake/test_clientConfig.cmake\n'}
[0.696856] (test_client) StdoutLine: {'line': b'-- Up-to-date: /home/robot33-6/student133_ws/install/test_client/share/test_client/cmake/test_clientConfig-version.cmake\n'}
[0.696942] (test_client) StdoutLine: {'line': b'-- Up-to-date: /home/robot33-6/student133_ws/install/test_client/share/test_client/package.xml\n'}
[0.697032] (test_parameters) StdoutLine: {'line': b'-- Install configuration: "Debug"\n'}
[0.697366] (test_parameters) StdoutLine: {'line': b'-- Up-to-date: /home/robot33-6/student133_ws/install/test_parameters/share/test_parameters/launch\n'}
[0.697473] (test_parameters) StdoutLine: {'line': b'-- Up-to-date: /home/robot33-6/student133_ws/install/test_parameters/share/test_parameters/launch/test_parameters_launch.py\n'}
[0.697562] (test_parameters) StdoutLine: {'line': b'-- Up-to-date: /home/robot33-6/student133_ws/install/test_parameters/lib/test_parameters/test_parameters_node\n'}
[0.697647] (test_parameters) StdoutLine: {'line': b'-- Up-to-date: /home/robot33-6/student133_ws/install/test_parameters/share/ament_index/resource_index/package_run_dependencies/test_parameters\n'}
[0.697731] (test_parameters) StdoutLine: {'line': b'-- Up-to-date: /home/robot33-6/student133_ws/install/test_parameters/share/ament_index/resource_index/parent_prefix_path/test_parameters\n'}
[0.697816] (test_parameters) StdoutLine: {'line': b'-- Up-to-date: /home/robot33-6/student133_ws/install/test_parameters/share/test_parameters/environment/ament_prefix_path.sh\n'}
[0.697902] (test_parameters) StdoutLine: {'line': b'-- Up-to-date: /home/robot33-6/student133_ws/install/test_parameters/share/test_parameters/environment/ament_prefix_path.dsv\n'}
[0.697985] (test_parameters) StdoutLine: {'line': b'-- Up-to-date: /home/robot33-6/student133_ws/install/test_parameters/share/test_parameters/environment/path.sh\n'}
[0.698068] (test_parameters) StdoutLine: {'line': b'-- Up-to-date: /home/robot33-6/student133_ws/install/test_parameters/share/test_parameters/environment/path.dsv\n'}
[0.698153] (test_parameters) StdoutLine: {'line': b'-- Up-to-date: /home/robot33-6/student133_ws/install/test_parameters/share/test_parameters/local_setup.bash\n'}
[0.698235] (test_parameters) StdoutLine: {'line': b'-- Up-to-date: /home/robot33-6/student133_ws/install/test_parameters/share/test_parameters/local_setup.sh\n'}
[0.698316] (test_parameters) StdoutLine: {'line': b'-- Up-to-date: /home/robot33-6/student133_ws/install/test_parameters/share/test_parameters/local_setup.zsh\n'}
[0.698398] (test_parameters) StdoutLine: {'line': b'-- Up-to-date: /home/robot33-6/student133_ws/install/test_parameters/share/test_parameters/local_setup.dsv\n'}
[0.698483] (test_parameters) StdoutLine: {'line': b'-- Installing: /home/robot33-6/student133_ws/install/test_parameters/share/test_parameters/package.dsv\n'}
[0.698566] (test_parameters) StdoutLine: {'line': b'-- Up-to-date: /home/robot33-6/student133_ws/install/test_parameters/share/ament_index/resource_index/packages/test_parameters\n'}
[0.698702] (test_parameters) StdoutLine: {'line': b'-- Up-to-date: /home/robot33-6/student133_ws/install/test_parameters/share/test_parameters/cmake/test_parametersConfig.cmake\n'}
[0.699088] (test_parameters) StdoutLine: {'line': b'-- Up-to-date: /home/robot33-6/student133_ws/install/test_parameters/share/test_parameters/cmake/test_parametersConfig-version.cmake\n'}
[0.699252] (test_parameters) StdoutLine: {'line': b'-- Up-to-date: /home/robot33-6/student133_ws/install/test_parameters/share/test_parameters/package.xml\n'}
[0.699517] (test_pkg) StdoutLine: {'line': b'-- Install configuration: "Debug"\n'}
[0.699818] (test_pkg) StdoutLine: {'line': b'-- Up-to-date: /home/robot33-6/student133_ws/install/test_pkg/lib/test_pkg/test_pkg_node\n'}
[0.700155] (test_pkg) StdoutLine: {'line': b'-- Up-to-date: /home/robot33-6/student133_ws/install/test_pkg/share/ament_index/resource_index/package_run_dependencies/test_pkg\n'}
[0.700456] (-) TimerEvent: {}
[0.700647] (test_pkg) StdoutLine: {'line': b'-- Up-to-date: /home/robot33-6/student133_ws/install/test_pkg/share/ament_index/resource_index/parent_prefix_path/test_pkg\n'}
[0.700796] (test_pkg) StdoutLine: {'line': b'-- Up-to-date: /home/robot33-6/student133_ws/install/test_pkg/share/test_pkg/environment/ament_prefix_path.sh\n'}
[0.700903] (test_pkg) StdoutLine: {'line': b'-- Up-to-date: /home/robot33-6/student133_ws/install/test_pkg/share/test_pkg/environment/ament_prefix_path.dsv\n'}
[0.700987] (test_pkg) StdoutLine: {'line': b'-- Up-to-date: /home/robot33-6/student133_ws/install/test_pkg/share/test_pkg/environment/path.sh\n'}
[0.701070] (test_pkg) StdoutLine: {'line': b'-- Up-to-date: /home/robot33-6/student133_ws/install/test_pkg/share/test_pkg/environment/path.dsv\n'}
[0.701148] (test_pkg) StdoutLine: {'line': b'-- Up-to-date: /home/robot33-6/student133_ws/install/test_pkg/share/test_pkg/local_setup.bash\n'}
[0.701229] (test_pkg) StdoutLine: {'line': b'-- Up-to-date: /home/robot33-6/student133_ws/install/test_pkg/share/test_pkg/local_setup.sh\n'}
[0.701329] (test_pkg) StdoutLine: {'line': b'-- Up-to-date: /home/robot33-6/student133_ws/install/test_pkg/share/test_pkg/local_setup.zsh\n'}
[0.701423] (test_pkg) StdoutLine: {'line': b'-- Up-to-date: /home/robot33-6/student133_ws/install/test_pkg/share/test_pkg/local_setup.dsv\n'}
[0.701509] (test_pkg) StdoutLine: {'line': b'-- Installing: /home/robot33-6/student133_ws/install/test_pkg/share/test_pkg/package.dsv\n'}
[0.701593] (test_pkg) StdoutLine: {'line': b'-- Up-to-date: /home/robot33-6/student133_ws/install/test_pkg/share/ament_index/resource_index/packages/test_pkg\n'}
[0.701680] (test_pkg) StdoutLine: {'line': b'-- Up-to-date: /home/robot33-6/student133_ws/install/test_pkg/share/test_pkg/cmake/test_pkgConfig.cmake\n'}
[0.701765] (test_pkg) StdoutLine: {'line': b'-- Up-to-date: /home/robot33-6/student133_ws/install/test_pkg/share/test_pkg/cmake/test_pkgConfig-version.cmake\n'}
[0.701848] (test_pkg) StdoutLine: {'line': b'-- Up-to-date: /home/robot33-6/student133_ws/install/test_pkg/share/test_pkg/package.xml\n'}
[0.701937] (test_custom_msg) StdoutLine: {'line': b'[ 74%] Built target test_custom_msg__py\n'}
[0.702286] (test_custom_msg) StdoutLine: {'line': b'[ 80%] Built target test_custom_msg__rosidl_generator_py\n'}
[0.702528] (test_custom_msg) StdoutLine: {'line': b'[ 87%] Built target test_custom_msg__rosidl_typesupport_fastrtps_c__pyext\n'}
[0.702666] (test_custom_msg) StdoutLine: {'line': b'[ 96%] Built target test_custom_msg__rosidl_typesupport_c__pyext\n'}
[0.702883] (test_custom_msg) StdoutLine: {'line': b'[100%] Built target test_custom_msg__rosidl_typesupport_introspection_c__pyext\n'}
[0.703086] (test_custom_srv) StdoutLine: {'line': b'[ 70%] Built target test_custom_srv\n'}
[0.703358] (test_custom_srv) StdoutLine: {'line': b'[ 74%] Built target test_custom_srv__py\n'}
[0.703575] (test_custom_srv) StdoutLine: {'line': b'[ 80%] Built target test_custom_srv__rosidl_generator_py\n'}
[0.703702] (test_client) CommandEnded: {'returncode': 0}
[0.760585] (test_parameters) CommandEnded: {'returncode': 0}
[0.800561] (-) TimerEvent: {}
[0.808695] (test_pkg) CommandEnded: {'returncode': 0}
[0.861731] (test_custom_srv) StdoutLine: {'line': b'[ 87%] Built target test_custom_srv__rosidl_typesupport_introspection_c__pyext\n'}
[0.862257] (test_custom_srv) StdoutLine: {'line': b'[ 93%] Built target test_custom_srv__rosidl_typesupport_c__pyext\n'}
[0.862843] (test_custom_srv) StdoutLine: {'line': b'[100%] Built target test_custom_srv__rosidl_typesupport_fastrtps_c__pyext\n'}
[0.863610] (test_custom_srv) StdoutLine: {'line': b'running egg_info\n'}
[0.863950] (test_custom_srv) StdoutLine: {'line': b'writing test_custom_srv.egg-info/PKG-INFO\n'}
[0.864085] (test_custom_srv) StdoutLine: {'line': b'writing dependency_links to test_custom_srv.egg-info/dependency_links.txt\n'}
[0.864659] (test_custom_srv) StdoutLine: {'line': b'writing top-level names to test_custom_srv.egg-info/top_level.txt\n'}
[0.864895] (test_custom_srv) StdoutLine: {'line': b"reading manifest file 'test_custom_srv.egg-info/SOURCES.txt'\n"}
[0.864990] (test_custom_srv) StdoutLine: {'line': b"writing manifest file 'test_custom_srv.egg-info/SOURCES.txt'\n"}
[0.865073] (test_custom_msg) StdoutLine: {'line': b'running egg_info\n'}
[0.865330] (test_custom_msg) StdoutLine: {'line': b'writing test_custom_msg.egg-info/PKG-INFO\n'}
[0.865607] (test_custom_msg) StdoutLine: {'line': b'writing dependency_links to test_custom_msg.egg-info/dependency_links.txt\n'}
[0.865708] (test_custom_msg) StdoutLine: {'line': b'writing top-level names to test_custom_msg.egg-info/top_level.txt\n'}
[0.865795] (test_custom_msg) StdoutLine: {'line': b"reading manifest file 'test_custom_msg.egg-info/SOURCES.txt'\n"}
[0.865882] (test_custom_msg) StdoutLine: {'line': b"writing manifest file 'test_custom_msg.egg-info/SOURCES.txt'\n"}
[0.865971] (test_custom_msg) StdoutLine: {'line': b'[100%] Built target ament_cmake_python_build_test_custom_msg_egg\n'}
[0.866068] (test_custom_msg) CommandEnded: {'returncode': 0}
[0.900653] (-) TimerEvent: {}
[0.929076] (test_custom_publisher) JobEnded: {'identifier': 'test_custom_publisher', 'rc': 0}
[0.930393] (test_service) JobProgress: {'identifier': 'test_service', 'progress': 'install'}
[0.930547] (test_service) Command: {'cmd': ['/usr/bin/cmake', '--install', '/home/robot33-6/student133_ws/build/test_service'], 'cwd': '/home/robot33-6/student133_ws/build/test_service', 'env': OrderedDict([('GJS_DEBUG_TOPICS', 'JS ERROR;JS LOG'), ('LC_TIME', 'ru_RU.UTF-8'), ('SNAP_COMMON', '/var/snap/qtcreator-ros/common'), ('SNAP_INSTANCE_KEY', ''), ('USER', 'robot33-6'), ('XDG_SESSION_TYPE', 'wayland'), ('LD_LIBRARY_PATH', '/home/robot33-6/student133_ws/install/test_custom_srv/lib:/home/robot33-6/student133_ws/install/test_custom_msg/lib:/opt/ros/humble/opt/rviz_ogre_vendor/lib:/opt/ros/humble/lib/x86_64-linux-gnu:/opt/ros/humble/lib:/snap/qtcreator-ros/107/lib:/snap/qtcreator-ros/107/usr/lib/x86_64-linux-gnu'), ('SHLVL', '311'), ('SNAP_UID', '1000'), ('HOME', '/home/robot33-6'), ('SNAP_LIBRARY_PATH', '/var/lib/snapd/lib/gl:/var/lib/snapd/lib/gl32:/var/lib/snapd/void'), ('DESKTOP_SESSION', 'ubuntu'), ('QTDIR', '/usr/lib/x86_64-linux-gnu/qt5'), ('SNAP_USER_DATA', '/home/robot33-6/snap/qtcreator-ros/107'), ('GIO_LAUNCHED_DESKTOP_FILE', '/var/lib/snapd/desktop/applications/qtcreator-ros_qtcreator-ros.desktop'), ('GNOME_SHELL_SESSION_MODE', 'ubuntu'), ('GTK_MODULES', 'gail:atk-bridge'), ('ROS_PYTHON_VERSION', '3'), ('LC_MONETARY', 'ru_RU.UTF-8'), ('MANAGERPID', '1373'), ('DBUS_SESSION_BUS_ADDRESS', 'unix:path=/run/user/1000/bus'), ('SYSTEMD_EXEC_PID', '1587'), ('GIO_LAUNCHED_DESKTOP_FILE_PID', '3050'), ('SNAP_REVISION', '107'), ('COLCON_PREFIX_PATH', '/home/robot33-6/student133_ws/install'), ('IM_CONFIG_PHASE', '1'), ('ROS_DISTRO', 'humble'), ('WAYLAND_DISPLAY', 'wayland-0'), ('LOGNAME', 'robot33-6'), ('JOURNAL_STREAM', '8:26382'), ('SNAP_CONTEXT', 'zfxwyVEa0dSM0vT388UHnSyWy-Mv84K8RE-CWR0OLT2wc9JrOksa'), ('_', '/usr/bin/env'), ('ROS_VERSION', '2'), ('SNAP_VERSION', '12.0.2'), ('XDG_SESSION_CLASS', 'user'), ('TERM', 'xterm'), ('USERNAME', 'robot33-6'), ('GNOME_DESKTOP_SESSION_ID', 'this-is-deprecated'), ('ROS_LOCALHOST_ONLY', '0'), ('SNAP_INSTANCE_NAME', 'qtcreator-ros'), ('PATH', '/opt/ros/humble/bin:/usr/local/sbin:/usr/local/bin:/usr/sbin:/usr/bin:/sbin:/bin:/usr/games:/usr/local/games:/snap/bin:/snap/bin'), ('INVOCATION_ID', '8be6e9d5a46c4dde9fbe4351f65a98da'), ('SESSION_MANAGER', 'local/robot33-6:@/tmp/.ICE-unix/1547,unix/robot33-6:/tmp/.ICE-unix/1547'), ('BAMF_DESKTOP_FILE_HINT', '/var/lib/snapd/desktop/applications/qtcreator-ros_qtcreator-ros.desktop'), ('GNOME_SETUP_DISPLAY', ':1'), ('LC_ADDRESS', 'ru_RU.UTF-8'), ('SNAP_DATA', '/var/snap/qtcreator-ros/107'), ('XDG_MENU_PREFIX', 'gnome-'), ('XDG_RUNTIME_DIR', '/run/user/1000'), ('DISPLAY', ':0'), ('LANG', 'en_US.UTF-8'), ('LC_TELEPHONE', 'ru_RU.UTF-8'), ('XDG_CURRENT_DESKTOP', 'ubuntu:GNOME'), ('XAUTHORITY', '/run/user/1000/.mutter-Xwaylandauth.NV73K2'), ('XDG_SESSION_DESKTOP', 'ubuntu'), ('XMODIFIERS', '@im=ibus'), ('AMENT_PREFIX_PATH', '/home/robot33-6/student133_ws/install/test_visualization:/home/robot33-6/student133_ws/install/test_parameters:/home/robot33-6/student133_ws/install/test_client:/home/robot33-6/student133_ws/install/test_service:/home/robot33-6/student133_ws/install/test_custom_srv:/home/robot33-6/student133_ws/install/test_custom_publisher:/home/robot33-6/student133_ws/install/test_castom_publisher:/home/robot33-6/student133_ws/install/test_custom_msg:/home/robot33-6/student133_ws/install/test_subscriber:/home/robot33-6/student133_ws/install/test_publisher:/home/robot33-6/student133_ws/install/test_pkg:/opt/ros/humble'), ('SNAP_ARCH', 'amd64'), ('SNAP_COOKIE', 'zfxwyVEa0dSM0vT388UHnSyWy-Mv84K8RE-CWR0OLT2wc9JrOksa'), ('SNAP_USER_COMMON', '/home/robot33-6/snap/qtcreator-ros/common'), ('SSH_AGENT_LAUNCHER', 'gnome-keyring'), ('SSH_AUTH_SOCK', '/run/user/1000/keyring/ssh'), ('LC_NAME', 'ru_RU.UTF-8'), ('SHELL', '/bin/bash'), ('GDMSESSION', 'ubuntu'), ('QT_ACCESSIBILITY', '1'), ('SNAP_REEXEC', ''), ('SNAP_NAME', 'qtcreator-ros'), ('LC_MEASUREMENT', 'ru_RU.UTF-8'), ('GJS_DEBUG_OUTPUT', 'stderr'), ('LC_IDENTIFICATION', 'ru_RU.UTF-8'), ('QT_IM_MODULE', 'ibus'), ('PWD', '/home/robot33-6/student133_ws/build/test_service'), ('QT_QPA_PLATFORM', 'wayland;xcb'), ('SNAP_REAL_HOME', '/home/robot33-6'), ('XDG_CONFIG_DIRS', '/etc/xdg/xdg-ubuntu:/etc/xdg'), ('XDG_DATA_DIRS', '/usr/share/ubuntu:/usr/local/share/:/usr/share/:/var/lib/snapd/desktop'), ('LC_NUMERIC', 'ru_RU.UTF-8'), ('PYTHONPATH', '/home/robot33-6/student133_ws/install/test_custom_srv/local/lib/python3.10/dist-packages:/home/robot33-6/student133_ws/install/test_custom_msg/local/lib/python3.10/dist-packages:/opt/ros/humble/lib/python3.10/site-packages:/opt/ros/humble/local/lib/python3.10/dist-packages'), ('SNAP', '/snap/qtcreator-ros/107'), ('SNAP_EUID', '1000'), ('LC_PAPER', 'ru_RU.UTF-8'), ('COLCON', '1'), ('CMAKE_PREFIX_PATH', '/home/robot33-6/student133_ws/install/test_visualization:/home/robot33-6/student133_ws/install/test_parameters:/home/robot33-6/student133_ws/install/test_client:/home/robot33-6/student133_ws/install/test_service:/home/robot33-6/student133_ws/install/test_custom_srv:/home/robot33-6/student133_ws/install/test_custom_publisher:/home/robot33-6/student133_ws/install/test_castom_publisher:/home/robot33-6/student133_ws/install/test_custom_msg:/home/robot33-6/student133_ws/install/test_subscriber:/home/robot33-6/student133_ws/install/test_publisher:/home/robot33-6/student133_ws/install/test_pkg:/opt/ros/humble'), ('LIBGL_DRIVERS_PATH', '/snap/qtcreator-ros/107/usr/lib/x86_64-linux-gnu/dri')]), 'shell': False}
[0.984850] (test_client) JobEnded: {'identifier': 'test_client', 'rc': 0}
[1.000810] (-) TimerEvent: {}
[1.039122] (test_parameters) JobEnded: {'identifier': 'test_parameters', 'rc': 0}
[1.039620] (test_subscriber) JobStarted: {'identifier': 'test_subscriber'}
[1.091880] (test_custom_srv) StdoutLine: {'line': b'[100%] Built target ament_cmake_python_build_test_custom_srv_egg\n'}
[1.092719] (test_visualization) JobStarted: {'identifier': 'test_visualization'}
[1.100956] (-) TimerEvent: {}
[1.145096] (test_service) StdoutLine: {'line': b'-- Install configuration: "Debug"\n'}
[1.145610] (test_service) StdoutLine: {'line': b'-- Up-to-date: /home/robot33-6/student133_ws/install/test_service/lib/test_service/test_service_node\n'}
[1.146163] (test_service) StdoutLine: {'line': b'-- Up-to-date: /home/robot33-6/student133_ws/install/test_service/share/ament_index/resource_index/package_run_dependencies/test_service\n'}
[1.146288] (test_service) StdoutLine: {'line': b'-- Up-to-date: /home/robot33-6/student133_ws/install/test_service/share/ament_index/resource_index/parent_prefix_path/test_service\n'}
[1.146355] (test_service) StdoutLine: {'line': b'-- Up-to-date: /home/robot33-6/student133_ws/install/test_service/share/test_service/environment/ament_prefix_path.sh\n'}
[1.146452] (test_service) StdoutLine: {'line': b'-- Up-to-date: /home/robot33-6/student133_ws/install/test_service/share/test_service/environment/ament_prefix_path.dsv\n'}
[1.146555] (test_service) StdoutLine: {'line': b'-- Up-to-date: /home/robot33-6/student133_ws/install/test_service/share/test_service/environment/path.sh\n'}
[1.146622] (test_service) StdoutLine: {'line': b'-- Up-to-date: /home/robot33-6/student133_ws/install/test_service/share/test_service/environment/path.dsv\n'}
[1.146673] (test_service) StdoutLine: {'line': b'-- Up-to-date: /home/robot33-6/student133_ws/install/test_service/share/test_service/local_setup.bash\n'}
[1.146723] (test_service) StdoutLine: {'line': b'-- Up-to-date: /home/robot33-6/student133_ws/install/test_service/share/test_service/local_setup.sh\n'}
[1.146798] (test_service) StdoutLine: {'line': b'-- Up-to-date: /home/robot33-6/student133_ws/install/test_service/share/test_service/local_setup.zsh\n'}
[1.146848] (test_service) StdoutLine: {'line': b'-- Up-to-date: /home/robot33-6/student133_ws/install/test_service/share/test_service/local_setup.dsv\n'}
[1.146897] (test_service) StdoutLine: {'line': b'-- Installing: /home/robot33-6/student133_ws/install/test_service/share/test_service/package.dsv\n'}
[1.146947] (test_service) StdoutLine: {'line': b'-- Up-to-date: /home/robot33-6/student133_ws/install/test_service/share/ament_index/resource_index/packages/test_service\n'}
[1.146997] (test_service) StdoutLine: {'line': b'-- Up-to-date: /home/robot33-6/student133_ws/install/test_service/share/test_service/cmake/test_serviceConfig.cmake\n'}
[1.147046] (test_service) StdoutLine: {'line': b'-- Up-to-date: /home/robot33-6/student133_ws/install/test_service/share/test_service/cmake/test_serviceConfig-version.cmake\n'}
[1.147095] (test_service) StdoutLine: {'line': b'-- Up-to-date: /home/robot33-6/student133_ws/install/test_service/share/test_service/package.xml\n'}
[1.147146] (test_custom_srv) CommandEnded: {'returncode': 0}
[1.201094] (-) TimerEvent: {}
[1.204719] (test_pkg) JobEnded: {'identifier': 'test_pkg', 'rc': 0}
[1.205855] (test_custom_msg) JobProgress: {'identifier': 'test_custom_msg', 'progress': 'install'}
[1.206038] (test_custom_msg) Command: {'cmd': ['/usr/bin/cmake', '--install', '/home/robot33-6/student133_ws/build/test_custom_msg'], 'cwd': '/home/robot33-6/student133_ws/build/test_custom_msg', 'env': OrderedDict([('GJS_DEBUG_TOPICS', 'JS ERROR;JS LOG'), ('LC_TIME', 'ru_RU.UTF-8'), ('SNAP_COMMON', '/var/snap/qtcreator-ros/common'), ('SNAP_INSTANCE_KEY', ''), ('USER', 'robot33-6'), ('XDG_SESSION_TYPE', 'wayland'), ('LD_LIBRARY_PATH', '/home/robot33-6/student133_ws/install/test_custom_srv/lib:/home/robot33-6/student133_ws/install/test_custom_msg/lib:/opt/ros/humble/opt/rviz_ogre_vendor/lib:/opt/ros/humble/lib/x86_64-linux-gnu:/opt/ros/humble/lib:/snap/qtcreator-ros/107/lib:/snap/qtcreator-ros/107/usr/lib/x86_64-linux-gnu'), ('SHLVL', '311'), ('SNAP_UID', '1000'), ('HOME', '/home/robot33-6'), ('SNAP_LIBRARY_PATH', '/var/lib/snapd/lib/gl:/var/lib/snapd/lib/gl32:/var/lib/snapd/void'), ('DESKTOP_SESSION', 'ubuntu'), ('QTDIR', '/usr/lib/x86_64-linux-gnu/qt5'), ('SNAP_USER_DATA', '/home/robot33-6/snap/qtcreator-ros/107'), ('GIO_LAUNCHED_DESKTOP_FILE', '/var/lib/snapd/desktop/applications/qtcreator-ros_qtcreator-ros.desktop'), ('GNOME_SHELL_SESSION_MODE', 'ubuntu'), ('GTK_MODULES', 'gail:atk-bridge'), ('ROS_PYTHON_VERSION', '3'), ('LC_MONETARY', 'ru_RU.UTF-8'), ('MANAGERPID', '1373'), ('DBUS_SESSION_BUS_ADDRESS', 'unix:path=/run/user/1000/bus'), ('SYSTEMD_EXEC_PID', '1587'), ('GIO_LAUNCHED_DESKTOP_FILE_PID', '3050'), ('SNAP_REVISION', '107'), ('COLCON_PREFIX_PATH', '/home/robot33-6/student133_ws/install'), ('IM_CONFIG_PHASE', '1'), ('ROS_DISTRO', 'humble'), ('WAYLAND_DISPLAY', 'wayland-0'), ('LOGNAME', 'robot33-6'), ('JOURNAL_STREAM', '8:26382'), ('SNAP_CONTEXT', 'zfxwyVEa0dSM0vT388UHnSyWy-Mv84K8RE-CWR0OLT2wc9JrOksa'), ('_', '/usr/bin/env'), ('ROS_VERSION', '2'), ('SNAP_VERSION', '12.0.2'), ('XDG_SESSION_CLASS', 'user'), ('TERM', 'xterm'), ('USERNAME', 'robot33-6'), ('GNOME_DESKTOP_SESSION_ID', 'this-is-deprecated'), ('ROS_LOCALHOST_ONLY', '0'), ('SNAP_INSTANCE_NAME', 'qtcreator-ros'), ('PATH', '/opt/ros/humble/bin:/usr/local/sbin:/usr/local/bin:/usr/sbin:/usr/bin:/sbin:/bin:/usr/games:/usr/local/games:/snap/bin:/snap/bin'), ('INVOCATION_ID', '8be6e9d5a46c4dde9fbe4351f65a98da'), ('SESSION_MANAGER', 'local/robot33-6:@/tmp/.ICE-unix/1547,unix/robot33-6:/tmp/.ICE-unix/1547'), ('BAMF_DESKTOP_FILE_HINT', '/var/lib/snapd/desktop/applications/qtcreator-ros_qtcreator-ros.desktop'), ('GNOME_SETUP_DISPLAY', ':1'), ('LC_ADDRESS', 'ru_RU.UTF-8'), ('SNAP_DATA', '/var/snap/qtcreator-ros/107'), ('XDG_MENU_PREFIX', 'gnome-'), ('XDG_RUNTIME_DIR', '/run/user/1000'), ('DISPLAY', ':0'), ('LANG', 'en_US.UTF-8'), ('LC_TELEPHONE', 'ru_RU.UTF-8'), ('XDG_CURRENT_DESKTOP', 'ubuntu:GNOME'), ('XAUTHORITY', '/run/user/1000/.mutter-Xwaylandauth.NV73K2'), ('XDG_SESSION_DESKTOP', 'ubuntu'), ('XMODIFIERS', '@im=ibus'), ('AMENT_PREFIX_PATH', '/home/robot33-6/student133_ws/install/test_visualization:/home/robot33-6/student133_ws/install/test_parameters:/home/robot33-6/student133_ws/install/test_client:/home/robot33-6/student133_ws/install/test_service:/home/robot33-6/student133_ws/install/test_custom_srv:/home/robot33-6/student133_ws/install/test_custom_publisher:/home/robot33-6/student133_ws/install/test_castom_publisher:/home/robot33-6/student133_ws/install/test_custom_msg:/home/robot33-6/student133_ws/install/test_subscriber:/home/robot33-6/student133_ws/install/test_publisher:/home/robot33-6/student133_ws/install/test_pkg:/opt/ros/humble'), ('SNAP_ARCH', 'amd64'), ('SNAP_COOKIE', 'zfxwyVEa0dSM0vT388UHnSyWy-Mv84K8RE-CWR0OLT2wc9JrOksa'), ('SNAP_USER_COMMON', '/home/robot33-6/snap/qtcreator-ros/common'), ('SSH_AGENT_LAUNCHER', 'gnome-keyring'), ('SSH_AUTH_SOCK', '/run/user/1000/keyring/ssh'), ('LC_NAME', 'ru_RU.UTF-8'), ('SHELL', '/bin/bash'), ('GDMSESSION', 'ubuntu'), ('QT_ACCESSIBILITY', '1'), ('SNAP_REEXEC', ''), ('SNAP_NAME', 'qtcreator-ros'), ('LC_MEASUREMENT', 'ru_RU.UTF-8'), ('GJS_DEBUG_OUTPUT', 'stderr'), ('LC_IDENTIFICATION', 'ru_RU.UTF-8'), ('QT_IM_MODULE', 'ibus'), ('PWD', '/home/robot33-6/student133_ws/build/test_custom_msg'), ('QT_QPA_PLATFORM', 'wayland;xcb'), ('SNAP_REAL_HOME', '/home/robot33-6'), ('XDG_CONFIG_DIRS', '/etc/xdg/xdg-ubuntu:/etc/xdg'), ('XDG_DATA_DIRS', '/usr/share/ubuntu:/usr/local/share/:/usr/share/:/var/lib/snapd/desktop'), ('LC_NUMERIC', 'ru_RU.UTF-8'), ('PYTHONPATH', '/home/robot33-6/student133_ws/install/test_custom_srv/local/lib/python3.10/dist-packages:/home/robot33-6/student133_ws/install/test_custom_msg/local/lib/python3.10/dist-packages:/opt/ros/humble/lib/python3.10/site-packages:/opt/ros/humble/local/lib/python3.10/dist-packages'), ('SNAP', '/snap/qtcreator-ros/107'), ('SNAP_EUID', '1000'), ('LC_PAPER', 'ru_RU.UTF-8'), ('COLCON', '1'), ('CMAKE_PREFIX_PATH', '/home/robot33-6/student133_ws/install/test_visualization:/home/robot33-6/student133_ws/install/test_parameters:/home/robot33-6/student133_ws/install/test_client:/home/robot33-6/student133_ws/install/test_service:/home/robot33-6/student133_ws/install/test_custom_srv:/home/robot33-6/student133_ws/install/test_custom_publisher:/home/robot33-6/student133_ws/install/test_castom_publisher:/home/robot33-6/student133_ws/install/test_custom_msg:/home/robot33-6/student133_ws/install/test_subscriber:/home/robot33-6/student133_ws/install/test_publisher:/home/robot33-6/student133_ws/install/test_pkg:/opt/ros/humble'), ('LIBGL_DRIVERS_PATH', '/snap/qtcreator-ros/107/usr/lib/x86_64-linux-gnu/dri')]), 'shell': False}
[1.206534] (test_service) CommandEnded: {'returncode': 0}
[1.251862] (test_subscriber) JobProgress: {'identifier': 'test_subscriber', 'progress': 'cmake'}
[1.252522] (test_subscriber) JobProgress: {'identifier': 'test_subscriber', 'progress': 'build'}
[1.252569] (test_subscriber) Command: {'cmd': ['/usr/bin/cmake', '--build', '/home/robot33-6/student133_ws/build/test_subscriber', '--', '-j8', '-l8'], 'cwd': '/home/robot33-6/student133_ws/build/test_subscriber', 'env': OrderedDict([('GJS_DEBUG_TOPICS', 'JS ERROR;JS LOG'), ('LC_TIME', 'ru_RU.UTF-8'), ('SNAP_COMMON', '/var/snap/qtcreator-ros/common'), ('SNAP_INSTANCE_KEY', ''), ('USER', 'robot33-6'), ('XDG_SESSION_TYPE', 'wayland'), ('LD_LIBRARY_PATH', '/home/robot33-6/student133_ws/install/test_custom_srv/lib:/home/robot33-6/student133_ws/install/test_custom_msg/lib:/opt/ros/humble/opt/rviz_ogre_vendor/lib:/opt/ros/humble/lib/x86_64-linux-gnu:/opt/ros/humble/lib:/snap/qtcreator-ros/107/lib:/snap/qtcreator-ros/107/usr/lib/x86_64-linux-gnu'), ('SHLVL', '311'), ('SNAP_UID', '1000'), ('HOME', '/home/robot33-6'), ('SNAP_LIBRARY_PATH', '/var/lib/snapd/lib/gl:/var/lib/snapd/lib/gl32:/var/lib/snapd/void'), ('DESKTOP_SESSION', 'ubuntu'), ('QTDIR', '/usr/lib/x86_64-linux-gnu/qt5'), ('SNAP_USER_DATA', '/home/robot33-6/snap/qtcreator-ros/107'), ('GIO_LAUNCHED_DESKTOP_FILE', '/var/lib/snapd/desktop/applications/qtcreator-ros_qtcreator-ros.desktop'), ('GNOME_SHELL_SESSION_MODE', 'ubuntu'), ('GTK_MODULES', 'gail:atk-bridge'), ('ROS_PYTHON_VERSION', '3'), ('LC_MONETARY', 'ru_RU.UTF-8'), ('MANAGERPID', '1373'), ('DBUS_SESSION_BUS_ADDRESS', 'unix:path=/run/user/1000/bus'), ('SYSTEMD_EXEC_PID', '1587'), ('GIO_LAUNCHED_DESKTOP_FILE_PID', '3050'), ('SNAP_REVISION', '107'), ('COLCON_PREFIX_PATH', '/home/robot33-6/student133_ws/install'), ('IM_CONFIG_PHASE', '1'), ('ROS_DISTRO', 'humble'), ('WAYLAND_DISPLAY', 'wayland-0'), ('LOGNAME', 'robot33-6'), ('JOURNAL_STREAM', '8:26382'), ('SNAP_CONTEXT', 'zfxwyVEa0dSM0vT388UHnSyWy-Mv84K8RE-CWR0OLT2wc9JrOksa'), ('_', '/usr/bin/env'), ('ROS_VERSION', '2'), ('SNAP_VERSION', '12.0.2'), ('XDG_SESSION_CLASS', 'user'), ('TERM', 'xterm'), ('USERNAME', 'robot33-6'), ('GNOME_DESKTOP_SESSION_ID', 'this-is-deprecated'), ('ROS_LOCALHOST_ONLY', '0'), ('SNAP_INSTANCE_NAME', 'qtcreator-ros'), ('PATH', '/opt/ros/humble/bin:/usr/local/sbin:/usr/local/bin:/usr/sbin:/usr/bin:/sbin:/bin:/usr/games:/usr/local/games:/snap/bin:/snap/bin'), ('INVOCATION_ID', '8be6e9d5a46c4dde9fbe4351f65a98da'), ('SESSION_MANAGER', 'local/robot33-6:@/tmp/.ICE-unix/1547,unix/robot33-6:/tmp/.ICE-unix/1547'), ('BAMF_DESKTOP_FILE_HINT', '/var/lib/snapd/desktop/applications/qtcreator-ros_qtcreator-ros.desktop'), ('GNOME_SETUP_DISPLAY', ':1'), ('LC_ADDRESS', 'ru_RU.UTF-8'), ('SNAP_DATA', '/var/snap/qtcreator-ros/107'), ('XDG_MENU_PREFIX', 'gnome-'), ('XDG_RUNTIME_DIR', '/run/user/1000'), ('DISPLAY', ':0'), ('LANG', 'en_US.UTF-8'), ('LC_TELEPHONE', 'ru_RU.UTF-8'), ('XDG_CURRENT_DESKTOP', 'ubuntu:GNOME'), ('XAUTHORITY', '/run/user/1000/.mutter-Xwaylandauth.NV73K2'), ('XDG_SESSION_DESKTOP', 'ubuntu'), ('XMODIFIERS', '@im=ibus'), ('AMENT_PREFIX_PATH', '/home/robot33-6/student133_ws/install/test_visualization:/home/robot33-6/student133_ws/install/test_parameters:/home/robot33-6/student133_ws/install/test_client:/home/robot33-6/student133_ws/install/test_service:/home/robot33-6/student133_ws/install/test_custom_srv:/home/robot33-6/student133_ws/install/test_custom_publisher:/home/robot33-6/student133_ws/install/test_castom_publisher:/home/robot33-6/student133_ws/install/test_custom_msg:/home/robot33-6/student133_ws/install/test_subscriber:/home/robot33-6/student133_ws/install/test_publisher:/home/robot33-6/student133_ws/install/test_pkg:/opt/ros/humble'), ('SNAP_ARCH', 'amd64'), ('SNAP_COOKIE', 'zfxwyVEa0dSM0vT388UHnSyWy-Mv84K8RE-CWR0OLT2wc9JrOksa'), ('SNAP_USER_COMMON', '/home/robot33-6/snap/qtcreator-ros/common'), ('SSH_AGENT_LAUNCHER', 'gnome-keyring'), ('SSH_AUTH_SOCK', '/run/user/1000/keyring/ssh'), ('LC_NAME', 'ru_RU.UTF-8'), ('SHELL', '/bin/bash'), ('GDMSESSION', 'ubuntu'), ('QT_ACCESSIBILITY', '1'), ('SNAP_REEXEC', ''), ('SNAP_NAME', 'qtcreator-ros'), ('LC_MEASUREMENT', 'ru_RU.UTF-8'), ('GJS_DEBUG_OUTPUT', 'stderr'), ('LC_IDENTIFICATION', 'ru_RU.UTF-8'), ('QT_IM_MODULE', 'ibus'), ('PWD', '/home/robot33-6/student133_ws/build/test_subscriber'), ('QT_QPA_PLATFORM', 'wayland;xcb'), ('SNAP_REAL_HOME', '/home/robot33-6'), ('XDG_CONFIG_DIRS', '/etc/xdg/xdg-ubuntu:/etc/xdg'), ('XDG_DATA_DIRS', '/usr/share/ubuntu:/usr/local/share/:/usr/share/:/var/lib/snapd/desktop'), ('LC_NUMERIC', 'ru_RU.UTF-8'), ('PYTHONPATH', '/home/robot33-6/student133_ws/install/test_custom_srv/local/lib/python3.10/dist-packages:/home/robot33-6/student133_ws/install/test_custom_msg/local/lib/python3.10/dist-packages:/opt/ros/humble/lib/python3.10/site-packages:/opt/ros/humble/local/lib/python3.10/dist-packages'), ('SNAP', '/snap/qtcreator-ros/107'), ('SNAP_EUID', '1000'), ('LC_PAPER', 'ru_RU.UTF-8'), ('COLCON', '1'), ('CMAKE_PREFIX_PATH', '/home/robot33-6/student133_ws/install/test_visualization:/home/robot33-6/student133_ws/install/test_parameters:/home/robot33-6/student133_ws/install/test_client:/home/robot33-6/student133_ws/install/test_service:/home/robot33-6/student133_ws/install/test_custom_srv:/home/robot33-6/student133_ws/install/test_custom_publisher:/home/robot33-6/student133_ws/install/test_castom_publisher:/home/robot33-6/student133_ws/install/test_custom_msg:/home/robot33-6/student133_ws/install/test_subscriber:/home/robot33-6/student133_ws/install/test_publisher:/home/robot33-6/student133_ws/install/test_pkg:/opt/ros/humble'), ('LIBGL_DRIVERS_PATH', '/snap/qtcreator-ros/107/usr/lib/x86_64-linux-gnu/dri')]), 'shell': False}
[1.255511] (test_custom_msg) StdoutLine: {'line': b'-- Install configuration: "Debug"\n'}
[1.255596] (test_custom_msg) StdoutLine: {'line': b'-- Up-to-date: /home/robot33-6/student133_ws/install/test_custom_msg/share/ament_index/resource_index/rosidl_interfaces/test_custom_msg\n'}
[1.255654] (test_custom_msg) StdoutLine: {'line': b'-- Up-to-date: /home/robot33-6/student133_ws/install/test_custom_msg/include/test_custom_msg/test_custom_msg\n'}
[1.255708] (test_custom_msg) StdoutLine: {'line': b'-- Up-to-date: /home/robot33-6/student133_ws/install/test_custom_msg/include/test_custom_msg/test_custom_msg/msg\n'}
[1.255760] (test_custom_msg) StdoutLine: {'line': b'-- Up-to-date: /home/robot33-6/student133_ws/install/test_custom_msg/include/test_custom_msg/test_custom_msg/msg/rosidl_generator_c__visibility_control.h\n'}
[1.255811] (test_custom_msg) StdoutLine: {'line': b'-- Up-to-date: /home/robot33-6/student133_ws/install/test_custom_msg/include/test_custom_msg/test_custom_msg/msg/detail\n'}
[1.255862] (test_custom_msg) StdoutLine: {'line': b'-- Up-to-date: /home/robot33-6/student133_ws/install/test_custom_msg/include/test_custom_msg/test_custom_msg/msg/detail/circle__functions.c\n'}
[1.255913] (test_custom_msg) StdoutLine: {'line': b'-- Up-to-date: /home/robot33-6/student133_ws/install/test_custom_msg/include/test_custom_msg/test_custom_msg/msg/detail/circle__type_support.h\n'}
[1.255963] (test_custom_msg) StdoutLine: {'line': b'-- Up-to-date: /home/robot33-6/student133_ws/install/test_custom_msg/include/test_custom_msg/test_custom_msg/msg/detail/circle__struct.h\n'}
[1.256013] (test_custom_msg) StdoutLine: {'line': b'-- Up-to-date: /home/robot33-6/student133_ws/install/test_custom_msg/include/test_custom_msg/test_custom_msg/msg/detail/circle__functions.h\n'}
[1.256063] (test_custom_msg) StdoutLine: {'line': b'-- Up-to-date: /home/robot33-6/student133_ws/install/test_custom_msg/include/test_custom_msg/test_custom_msg/msg/circle.h\n'}
[1.256113] (test_custom_msg) StdoutLine: {'line': b'-- Up-to-date: /home/robot33-6/student133_ws/install/test_custom_msg/share/test_custom_msg/environment/library_path.sh\n'}
[1.256163] (test_custom_msg) StdoutLine: {'line': b'-- Up-to-date: /home/robot33-6/student133_ws/install/test_custom_msg/share/test_custom_msg/environment/library_path.dsv\n'}
[1.256213] (test_custom_msg) StdoutLine: {'line': b'-- Up-to-date: /home/robot33-6/student133_ws/install/test_custom_msg/lib/libtest_custom_msg__rosidl_generator_c.so\n'}
[1.256263] (test_custom_msg) StdoutLine: {'line': b'-- Up-to-date: /home/robot33-6/student133_ws/install/test_custom_msg/include/test_custom_msg/test_custom_msg\n'}
[1.256361] (test_custom_msg) StdoutLine: {'line': b'-- Up-to-date: /home/robot33-6/student133_ws/install/test_custom_msg/include/test_custom_msg/test_custom_msg/msg\n'}
[1.256419] (test_custom_msg) StdoutLine: {'line': b'-- Up-to-date: /home/robot33-6/student133_ws/install/test_custom_msg/include/test_custom_msg/test_custom_msg/msg/rosidl_typesupport_fastrtps_c__visibility_control.h\n'}
[1.256469] (test_custom_msg) StdoutLine: {'line': b'-- Up-to-date: /home/robot33-6/student133_ws/install/test_custom_msg/include/test_custom_msg/test_custom_msg/msg/detail\n'}
[1.256555] (test_custom_msg) StdoutLine: {'line': b'-- Up-to-date: /home/robot33-6/student133_ws/install/test_custom_msg/include/test_custom_msg/test_custom_msg/msg/detail/circle__rosidl_typesupport_fastrtps_c.h\n'}
[1.256605] (test_custom_msg) StdoutLine: {'line': b'-- Up-to-date: /home/robot33-6/student133_ws/install/test_custom_msg/lib/libtest_custom_msg__rosidl_typesupport_fastrtps_c.so\n'}
[1.256655] (test_custom_msg) StdoutLine: {'line': b'-- Up-to-date: /home/robot33-6/student133_ws/install/test_custom_msg/include/test_custom_msg/test_custom_msg\n'}
[1.256703] (test_custom_msg) StdoutLine: {'line': b'-- Up-to-date: /home/robot33-6/student133_ws/install/test_custom_msg/include/test_custom_msg/test_custom_msg/msg\n'}
[1.256752] (test_custom_msg) StdoutLine: {'line': b'-- Up-to-date: /home/robot33-6/student133_ws/install/test_custom_msg/include/test_custom_msg/test_custom_msg/msg/detail\n'}
[1.256838] (test_custom_msg) StdoutLine: {'line': b'-- Up-to-date: /home/robot33-6/student133_ws/install/test_custom_msg/include/test_custom_msg/test_custom_msg/msg/detail/circle__traits.hpp\n'}
[1.256889] (test_custom_msg) StdoutLine: {'line': b'-- Up-to-date: /home/robot33-6/student133_ws/install/test_custom_msg/include/test_custom_msg/test_custom_msg/msg/detail/circle__struct.hpp\n'}
[1.256939] (test_custom_msg) StdoutLine: {'line': b'-- Up-to-date: /home/robot33-6/student133_ws/install/test_custom_msg/include/test_custom_msg/test_custom_msg/msg/detail/circle__builder.hpp\n'}
[1.256989] (test_custom_msg) StdoutLine: {'line': b'-- Up-to-date: /home/robot33-6/student133_ws/install/test_custom_msg/include/test_custom_msg/test_custom_msg/msg/circle.hpp\n'}
[1.257038] (test_custom_msg) StdoutLine: {'line': b'-- Up-to-date: /home/robot33-6/student133_ws/install/test_custom_msg/include/test_custom_msg/test_custom_msg\n'}
[1.257087] (test_custom_msg) StdoutLine: {'line': b'-- Up-to-date: /home/robot33-6/student133_ws/install/test_custom_msg/include/test_custom_msg/test_custom_msg/msg\n'}
[1.257136] (test_custom_msg) StdoutLine: {'line': b'-- Up-to-date: /home/robot33-6/student133_ws/install/test_custom_msg/include/test_custom_msg/test_custom_msg/msg/detail\n'}
[1.257186] (test_custom_msg) StdoutLine: {'line': b'-- Up-to-date: /home/robot33-6/student133_ws/install/test_custom_msg/include/test_custom_msg/test_custom_msg/msg/detail/dds_fastrtps\n'}
[1.257235] (test_custom_msg) StdoutLine: {'line': b'-- Up-to-date: /home/robot33-6/student133_ws/install/test_custom_msg/include/test_custom_msg/test_custom_msg/msg/detail/circle__rosidl_typesupport_fastrtps_cpp.hpp\n'}
[1.257296] (test_custom_msg) StdoutLine: {'line': b'-- Up-to-date: /home/robot33-6/student133_ws/install/test_custom_msg/include/test_custom_msg/test_custom_msg/msg/rosidl_typesupport_fastrtps_cpp__visibility_control.h\n'}
[1.257368] (test_custom_msg) StdoutLine: {'line': b'-- Up-to-date: /home/robot33-6/student133_ws/install/test_custom_msg/lib/libtest_custom_msg__rosidl_typesupport_fastrtps_cpp.so\n'}
[1.257418] (test_custom_msg) StdoutLine: {'line': b'-- Up-to-date: /home/robot33-6/student133_ws/install/test_custom_msg/include/test_custom_msg/test_custom_msg\n'}
[1.257468] (test_custom_msg) StdoutLine: {'line': b'-- Up-to-date: /home/robot33-6/student133_ws/install/test_custom_msg/include/test_custom_msg/test_custom_msg/msg\n'}
[1.257519] (test_custom_msg) StdoutLine: {'line': b'-- Up-to-date: /home/robot33-6/student133_ws/install/test_custom_msg/include/test_custom_msg/test_custom_msg/msg/detail\n'}
[1.257570] (test_custom_msg) StdoutLine: {'line': b'-- Up-to-date: /home/robot33-6/student133_ws/install/test_custom_msg/include/test_custom_msg/test_custom_msg/msg/detail/circle__type_support.c\n'}
[1.257620] (test_custom_msg) StdoutLine: {'line': b'-- Up-to-date: /home/robot33-6/student133_ws/install/test_custom_msg/include/test_custom_msg/test_custom_msg/msg/detail/circle__rosidl_typesupport_introspection_c.h\n'}
[1.257670] (test_custom_msg) StdoutLine: {'line': b'-- Up-to-date: /home/robot33-6/student133_ws/install/test_custom_msg/include/test_custom_msg/test_custom_msg/msg/rosidl_typesupport_introspection_c__visibility_control.h\n'}
[1.257740] (test_custom_msg) StdoutLine: {'line': b'-- Up-to-date: /home/robot33-6/student133_ws/install/test_custom_msg/lib/libtest_custom_msg__rosidl_typesupport_introspection_c.so\n'}
[1.257790] (test_custom_msg) StdoutLine: {'line': b'-- Up-to-date: /home/robot33-6/student133_ws/install/test_custom_msg/lib/libtest_custom_msg__rosidl_typesupport_c.so\n'}
[1.257840] (test_custom_msg) StdoutLine: {'line': b'-- Up-to-date: /home/robot33-6/student133_ws/install/test_custom_msg/include/test_custom_msg/test_custom_msg\n'}
[1.257890] (test_custom_msg) StdoutLine: {'line': b'-- Up-to-date: /home/robot33-6/student133_ws/install/test_custom_msg/include/test_custom_msg/test_custom_msg/msg\n'}
[1.257939] (test_custom_msg) StdoutLine: {'line': b'-- Up-to-date: /home/robot33-6/student133_ws/install/test_custom_msg/include/test_custom_msg/test_custom_msg/msg/detail\n'}
[1.258081] (test_custom_msg) StdoutLine: {'line': b'-- Up-to-date: /home/robot33-6/student133_ws/install/test_custom_msg/include/test_custom_msg/test_custom_msg/msg/detail/circle__rosidl_typesupport_introspection_cpp.hpp\n'}
[1.258135] (test_custom_msg) StdoutLine: {'line': b'-- Up-to-date: /home/robot33-6/student133_ws/install/test_custom_msg/include/test_custom_msg/test_custom_msg/msg/detail/circle__type_support.cpp\n'}
[1.258185] (test_custom_msg) StdoutLine: {'line': b'-- Up-to-date: /home/robot33-6/student133_ws/install/test_custom_msg/lib/libtest_custom_msg__rosidl_typesupport_introspection_cpp.so\n'}
[1.258235] (test_custom_msg) StdoutLine: {'line': b'-- Up-to-date: /home/robot33-6/student133_ws/install/test_custom_msg/lib/libtest_custom_msg__rosidl_typesupport_cpp.so\n'}
[1.258285] (test_custom_msg) StdoutLine: {'line': b'-- Up-to-date: /home/robot33-6/student133_ws/install/test_custom_msg/share/test_custom_msg/environment/pythonpath.sh\n'}
[1.258335] (test_custom_msg) StdoutLine: {'line': b'-- Up-to-date: /home/robot33-6/student133_ws/install/test_custom_msg/share/test_custom_msg/environment/pythonpath.dsv\n'}
[1.258384] (test_custom_msg) StdoutLine: {'line': b'-- Up-to-date: /home/robot33-6/student133_ws/install/test_custom_msg/local/lib/python3.10/dist-packages/test_custom_msg-0.0.0-py3.10.egg-info\n'}
[1.258435] (test_custom_msg) StdoutLine: {'line': b'-- Installing: /home/robot33-6/student133_ws/install/test_custom_msg/local/lib/python3.10/dist-packages/test_custom_msg-0.0.0-py3.10.egg-info/PKG-INFO\n'}
[1.258485] (test_custom_msg) StdoutLine: {'line': b'-- Installing: /home/robot33-6/student133_ws/install/test_custom_msg/local/lib/python3.10/dist-packages/test_custom_msg-0.0.0-py3.10.egg-info/top_level.txt\n'}
[1.258580] (test_custom_msg) StdoutLine: {'line': b'-- Installing: /home/robot33-6/student133_ws/install/test_custom_msg/local/lib/python3.10/dist-packages/test_custom_msg-0.0.0-py3.10.egg-info/dependency_links.txt\n'}
[1.258630] (test_custom_msg) StdoutLine: {'line': b'-- Installing: /home/robot33-6/student133_ws/install/test_custom_msg/local/lib/python3.10/dist-packages/test_custom_msg-0.0.0-py3.10.egg-info/SOURCES.txt\n'}
[1.258680] (test_custom_msg) StdoutLine: {'line': b'-- Up-to-date: /home/robot33-6/student133_ws/install/test_custom_msg/local/lib/python3.10/dist-packages/test_custom_msg\n'}
[1.258730] (test_custom_msg) StdoutLine: {'line': b'-- Up-to-date: /home/robot33-6/student133_ws/install/test_custom_msg/local/lib/python3.10/dist-packages/test_custom_msg/_test_custom_msg_s.ep.rosidl_typesupport_introspection_c.c\n'}
[1.258781] (test_custom_msg) StdoutLine: {'line': b'-- Up-to-date: /home/robot33-6/student133_ws/install/test_custom_msg/local/lib/python3.10/dist-packages/test_custom_msg/test_custom_msg_s__rosidl_typesupport_c.cpython-310-x86_64-linux-gnu.so\n'}
[1.258832] (test_custom_msg) StdoutLine: {'line': b'-- Up-to-date: /home/robot33-6/student133_ws/install/test_custom_msg/local/lib/python3.10/dist-packages/test_custom_msg/_test_custom_msg_s.ep.rosidl_typesupport_fastrtps_c.c\n'}
[1.258928] (test_custom_msg) StdoutLine: {'line': b'-- Up-to-date: /home/robot33-6/student133_ws/install/test_custom_msg/local/lib/python3.10/dist-packages/test_custom_msg/libtest_custom_msg__rosidl_generator_py.so\n'}
[1.258978] (test_custom_msg) StdoutLine: {'line': b'-- Up-to-date: /home/robot33-6/student133_ws/install/test_custom_msg/local/lib/python3.10/dist-packages/test_custom_msg/test_custom_msg_s__rosidl_typesupport_fastrtps_c.cpython-310-x86_64-linux-gnu.so\n'}
[1.259028] (test_custom_msg) StdoutLine: {'line': b'-- Up-to-date: /home/robot33-6/student133_ws/install/test_custom_msg/local/lib/python3.10/dist-packages/test_custom_msg/__init__.py\n'}
[1.259077] (test_custom_msg) StdoutLine: {'line': b'-- Up-to-date: /home/robot33-6/student133_ws/install/test_custom_msg/local/lib/python3.10/dist-packages/test_custom_msg/_test_custom_msg_s.ep.rosidl_typesupport_c.c\n'}
[1.259126] (test_custom_msg) StdoutLine: {'line': b'-- Up-to-date: /home/robot33-6/student133_ws/install/test_custom_msg/local/lib/python3.10/dist-packages/test_custom_msg/test_custom_msg_s__rosidl_typesupport_introspection_c.cpython-310-x86_64-linux-gnu.so\n'}
[1.259175] (test_custom_msg) StdoutLine: {'line': b'-- Up-to-date: /home/robot33-6/student133_ws/install/test_custom_msg/local/lib/python3.10/dist-packages/test_custom_msg/msg\n'}
[1.259225] (test_custom_msg) StdoutLine: {'line': b'-- Up-to-date: /home/robot33-6/student133_ws/install/test_custom_msg/local/lib/python3.10/dist-packages/test_custom_msg/msg/__init__.py\n'}
[1.259274] (test_custom_msg) StdoutLine: {'line': b'-- Up-to-date: /home/robot33-6/student133_ws/install/test_custom_msg/local/lib/python3.10/dist-packages/test_custom_msg/msg/_circle_s.c\n'}
[1.259324] (test_custom_msg) StdoutLine: {'line': b'-- Up-to-date: /home/robot33-6/student133_ws/install/test_custom_msg/local/lib/python3.10/dist-packages/test_custom_msg/msg/_circle.py\n'}
[1.259373] (test_custom_msg) StdoutLine: {'line': b"Listing '/home/robot33-6/student133_ws/install/test_custom_msg/local/lib/python3.10/dist-packages/test_custom_msg'...\n"}
[1.259423] (test_custom_msg) StdoutLine: {'line': b"Listing '/home/robot33-6/student133_ws/install/test_custom_msg/local/lib/python3.10/dist-packages/test_custom_msg/msg'...\n"}
[1.259479] (test_custom_msg) StdoutLine: {'line': b'-- Up-to-date: /home/robot33-6/student133_ws/install/test_custom_msg/local/lib/python3.10/dist-packages/test_custom_msg/test_custom_msg_s__rosidl_typesupport_fastrtps_c.cpython-310-x86_64-linux-gnu.so\n'}
[1.259531] (test_custom_msg) StdoutLine: {'line': b'-- Up-to-date: /home/robot33-6/student133_ws/install/test_custom_msg/local/lib/python3.10/dist-packages/test_custom_msg/test_custom_msg_s__rosidl_typesupport_introspection_c.cpython-310-x86_64-linux-gnu.so\n'}
[1.259579] (test_custom_msg) StdoutLine: {'line': b'-- Up-to-date: /home/robot33-6/student133_ws/install/test_custom_msg/local/lib/python3.10/dist-packages/test_custom_msg/test_custom_msg_s__rosidl_typesupport_c.cpython-310-x86_64-linux-gnu.so\n'}
[1.259629] (test_custom_msg) StdoutLine: {'line': b'-- Up-to-date: /home/robot33-6/student133_ws/install/test_custom_msg/lib/libtest_custom_msg__rosidl_generator_py.so\n'}
[1.259678] (test_custom_msg) StdoutLine: {'line': b'-- Up-to-date: /home/robot33-6/student133_ws/install/test_custom_msg/share/test_custom_msg/msg/Circle.idl\n'}
[1.259727] (test_custom_msg) StdoutLine: {'line': b'-- Up-to-date: /home/robot33-6/student133_ws/install/test_custom_msg/share/test_custom_msg/msg/Circle.msg\n'}
[1.259776] (test_custom_msg) StdoutLine: {'line': b'-- Up-to-date: /home/robot33-6/student133_ws/install/test_custom_msg/share/ament_index/resource_index/package_run_dependencies/test_custom_msg\n'}
[1.259826] (test_custom_msg) StdoutLine: {'line': b'-- Up-to-date: /home/robot33-6/student133_ws/install/test_custom_msg/share/ament_index/resource_index/parent_prefix_path/test_custom_msg\n'}
[1.259875] (test_custom_msg) StdoutLine: {'line': b'-- Up-to-date: /home/robot33-6/student133_ws/install/test_custom_msg/share/test_custom_msg/environment/ament_prefix_path.sh\n'}
[1.260450] (test_custom_msg) StdoutLine: {'line': b'-- Up-to-date: /home/robot33-6/student133_ws/install/test_custom_msg/share/test_custom_msg/environment/ament_prefix_path.dsv\n'}
[1.260573] (test_custom_msg) StdoutLine: {'line': b'-- Up-to-date: /home/robot33-6/student133_ws/install/test_custom_msg/share/test_custom_msg/environment/path.sh\n'}
[1.260634] (test_custom_msg) StdoutLine: {'line': b'-- Up-to-date: /home/robot33-6/student133_ws/install/test_custom_msg/share/test_custom_msg/environment/path.dsv\n'}
[1.260688] (test_custom_msg) StdoutLine: {'line': b'-- Up-to-date: /home/robot33-6/student133_ws/install/test_custom_msg/share/test_custom_msg/local_setup.bash\n'}
[1.260740] (test_custom_msg) StdoutLine: {'line': b'-- Up-to-date: /home/robot33-6/student133_ws/install/test_custom_msg/share/test_custom_msg/local_setup.sh\n'}
[1.260791] (test_custom_msg) StdoutLine: {'line': b'-- Up-to-date: /home/robot33-6/student133_ws/install/test_custom_msg/share/test_custom_msg/local_setup.zsh\n'}
[1.260842] (test_custom_msg) StdoutLine: {'line': b'-- Up-to-date: /home/robot33-6/student133_ws/install/test_custom_msg/share/test_custom_msg/local_setup.dsv\n'}
[1.260892] (test_custom_msg) StdoutLine: {'line': b'-- Installing: /home/robot33-6/student133_ws/install/test_custom_msg/share/test_custom_msg/package.dsv\n'}
[1.260942] (test_custom_msg) StdoutLine: {'line': b'-- Up-to-date: /home/robot33-6/student133_ws/install/test_custom_msg/share/ament_index/resource_index/packages/test_custom_msg\n'}
[1.260992] (test_custom_msg) StdoutLine: {'line': b'-- Up-to-date: /home/robot33-6/student133_ws/install/test_custom_msg/share/test_custom_msg/cmake/export_test_custom_msg__rosidl_generator_cExport.cmake\n'}
[1.261090] (test_custom_msg) StdoutLine: {'line': b'-- Up-to-date: /home/robot33-6/student133_ws/install/test_custom_msg/share/test_custom_msg/cmake/export_test_custom_msg__rosidl_generator_cExport-debug.cmake\n'}
[1.261170] (test_custom_msg) StdoutLine: {'line': b'-- Up-to-date: /home/robot33-6/student133_ws/install/test_custom_msg/share/test_custom_msg/cmake/export_test_custom_msg__rosidl_typesupport_fastrtps_cExport.cmake\n'}
[1.261225] (test_custom_msg) StdoutLine: {'line': b'-- Up-to-date: /home/robot33-6/student133_ws/install/test_custom_msg/share/test_custom_msg/cmake/export_test_custom_msg__rosidl_typesupport_fastrtps_cExport-debug.cmake\n'}
[1.261275] (test_custom_msg) StdoutLine: {'line': b'-- Up-to-date: /home/robot33-6/student133_ws/install/test_custom_msg/share/test_custom_msg/cmake/export_test_custom_msg__rosidl_generator_cppExport.cmake\n'}
[1.261385] (test_custom_msg) StdoutLine: {'line': b'-- Up-to-date: /home/robot33-6/student133_ws/install/test_custom_msg/share/test_custom_msg/cmake/export_test_custom_msg__rosidl_typesupport_fastrtps_cppExport.cmake\n'}
[1.261437] (test_custom_msg) StdoutLine: {'line': b'-- Up-to-date: /home/robot33-6/student133_ws/install/test_custom_msg/share/test_custom_msg/cmake/export_test_custom_msg__rosidl_typesupport_fastrtps_cppExport-debug.cmake\n'}
[1.261487] (test_custom_msg) StdoutLine: {'line': b'-- Up-to-date: /home/robot33-6/student133_ws/install/test_custom_msg/share/test_custom_msg/cmake/test_custom_msg__rosidl_typesupport_introspection_cExport.cmake\n'}
[1.261536] (test_custom_msg) StdoutLine: {'line': b'-- Up-to-date: /home/robot33-6/student133_ws/install/test_custom_msg/share/test_custom_msg/cmake/test_custom_msg__rosidl_typesupport_introspection_cExport-debug.cmake\n'}
[1.261619] (test_custom_msg) StdoutLine: {'line': b'-- Up-to-date: /home/robot33-6/student133_ws/install/test_custom_msg/share/test_custom_msg/cmake/test_custom_msg__rosidl_typesupport_cExport.cmake\n'}
[1.261673] (test_custom_msg) StdoutLine: {'line': b'-- Up-to-date: /home/robot33-6/student133_ws/install/test_custom_msg/share/test_custom_msg/cmake/test_custom_msg__rosidl_typesupport_cExport-debug.cmake\n'}
[1.262078] (test_custom_msg) StdoutLine: {'line': b'-- Up-to-date: /home/robot33-6/student133_ws/install/test_custom_msg/share/test_custom_msg/cmake/test_custom_msg__rosidl_typesupport_introspection_cppExport.cmake\n'}
[1.263086] (test_custom_msg) StdoutLine: {'line': b'-- Up-to-date: /home/robot33-6/student133_ws/install/test_custom_msg/share/test_custom_msg/cmake/test_custom_msg__rosidl_typesupport_introspection_cppExport-debug.cmake\n'}
[1.263623] (test_custom_msg) StdoutLine: {'line': b'-- Up-to-date: /home/robot33-6/student133_ws/install/test_custom_msg/share/test_custom_msg/cmake/test_custom_msg__rosidl_typesupport_cppExport.cmake\n'}
[1.263730] (test_custom_msg) StdoutLine: {'line': b'-- Up-to-date: /home/robot33-6/student133_ws/install/test_custom_msg/share/test_custom_msg/cmake/test_custom_msg__rosidl_typesupport_cppExport-debug.cmake\n'}
[1.263822] (test_custom_msg) StdoutLine: {'line': b'-- Up-to-date: /home/robot33-6/student133_ws/install/test_custom_msg/share/test_custom_msg/cmake/export_test_custom_msg__rosidl_generator_pyExport.cmake\n'}
[1.263909] (test_custom_msg) StdoutLine: {'line': b'-- Up-to-date: /home/robot33-6/student133_ws/install/test_custom_msg/share/test_custom_msg/cmake/export_test_custom_msg__rosidl_generator_pyExport-debug.cmake\n'}
[1.263996] (test_custom_msg) StdoutLine: {'line': b'-- Up-to-date: /home/robot33-6/student133_ws/install/test_custom_msg/share/test_custom_msg/cmake/rosidl_cmake-extras.cmake\n'}
[1.264083] (test_custom_msg) StdoutLine: {'line': b'-- Up-to-date: /home/robot33-6/student133_ws/install/test_custom_msg/share/test_custom_msg/cmake/ament_cmake_export_dependencies-extras.cmake\n'}
[1.264171] (test_custom_msg) StdoutLine: {'line': b'-- Up-to-date: /home/robot33-6/student133_ws/install/test_custom_msg/share/test_custom_msg/cmake/ament_cmake_export_include_directories-extras.cmake\n'}
[1.264256] (test_custom_msg) StdoutLine: {'line': b'-- Up-to-date: /home/robot33-6/student133_ws/install/test_custom_msg/share/test_custom_msg/cmake/ament_cmake_export_libraries-extras.cmake\n'}
[1.264359] (test_custom_msg) StdoutLine: {'line': b'-- Up-to-date: /home/robot33-6/student133_ws/install/test_custom_msg/share/test_custom_msg/cmake/ament_cmake_export_targets-extras.cmake\n'}
[1.264454] (test_custom_msg) StdoutLine: {'line': b'-- Up-to-date: /home/robot33-6/student133_ws/install/test_custom_msg/share/test_custom_msg/cmake/rosidl_cmake_export_typesupport_targets-extras.cmake\n'}
[1.264545] (test_custom_msg) StdoutLine: {'line': b'-- Up-to-date: /home/robot33-6/student133_ws/install/test_custom_msg/share/test_custom_msg/cmake/rosidl_cmake_export_typesupport_libraries-extras.cmake\n'}
[1.264827] (test_custom_msg) StdoutLine: {'line': b'-- Up-to-date: /home/robot33-6/student133_ws/install/test_custom_msg/share/test_custom_msg/cmake/test_custom_msgConfig.cmake\n'}
[1.264961] (test_custom_msg) StdoutLine: {'line': b'-- Up-to-date: /home/robot33-6/student133_ws/install/test_custom_msg/share/test_custom_msg/cmake/test_custom_msgConfig-version.cmake\n'}
[1.265407] (test_custom_msg) StdoutLine: {'line': b'-- Up-to-date: /home/robot33-6/student133_ws/install/test_custom_msg/share/test_custom_msg/package.xml\n'}
[1.265787] (test_visualization) JobProgress: {'identifier': 'test_visualization', 'progress': 'cmake'}
[1.265826] (test_visualization) JobProgress: {'identifier': 'test_visualization', 'progress': 'build'}
[1.265856] (test_visualization) Command: {'cmd': ['/usr/bin/cmake', '--build', '/home/robot33-6/student133_ws/build/test_visualization', '--', '-j8', '-l8'], 'cwd': '/home/robot33-6/student133_ws/build/test_visualization', 'env': OrderedDict([('GJS_DEBUG_TOPICS', 'JS ERROR;JS LOG'), ('LC_TIME', 'ru_RU.UTF-8'), ('SNAP_COMMON', '/var/snap/qtcreator-ros/common'), ('SNAP_INSTANCE_KEY', ''), ('USER', 'robot33-6'), ('XDG_SESSION_TYPE', 'wayland'), ('LD_LIBRARY_PATH', '/home/robot33-6/student133_ws/install/test_custom_srv/lib:/home/robot33-6/student133_ws/install/test_custom_msg/lib:/opt/ros/humble/opt/rviz_ogre_vendor/lib:/opt/ros/humble/lib/x86_64-linux-gnu:/opt/ros/humble/lib:/snap/qtcreator-ros/107/lib:/snap/qtcreator-ros/107/usr/lib/x86_64-linux-gnu'), ('SHLVL', '311'), ('SNAP_UID', '1000'), ('HOME', '/home/robot33-6'), ('SNAP_LIBRARY_PATH', '/var/lib/snapd/lib/gl:/var/lib/snapd/lib/gl32:/var/lib/snapd/void'), ('DESKTOP_SESSION', 'ubuntu'), ('QTDIR', '/usr/lib/x86_64-linux-gnu/qt5'), ('SNAP_USER_DATA', '/home/robot33-6/snap/qtcreator-ros/107'), ('GIO_LAUNCHED_DESKTOP_FILE', '/var/lib/snapd/desktop/applications/qtcreator-ros_qtcreator-ros.desktop'), ('GNOME_SHELL_SESSION_MODE', 'ubuntu'), ('GTK_MODULES', 'gail:atk-bridge'), ('ROS_PYTHON_VERSION', '3'), ('LC_MONETARY', 'ru_RU.UTF-8'), ('MANAGERPID', '1373'), ('DBUS_SESSION_BUS_ADDRESS', 'unix:path=/run/user/1000/bus'), ('SYSTEMD_EXEC_PID', '1587'), ('GIO_LAUNCHED_DESKTOP_FILE_PID', '3050'), ('SNAP_REVISION', '107'), ('COLCON_PREFIX_PATH', '/home/robot33-6/student133_ws/install'), ('IM_CONFIG_PHASE', '1'), ('ROS_DISTRO', 'humble'), ('WAYLAND_DISPLAY', 'wayland-0'), ('LOGNAME', 'robot33-6'), ('JOURNAL_STREAM', '8:26382'), ('SNAP_CONTEXT', 'zfxwyVEa0dSM0vT388UHnSyWy-Mv84K8RE-CWR0OLT2wc9JrOksa'), ('_', '/usr/bin/env'), ('ROS_VERSION', '2'), ('SNAP_VERSION', '12.0.2'), ('XDG_SESSION_CLASS', 'user'), ('TERM', 'xterm'), ('USERNAME', 'robot33-6'), ('GNOME_DESKTOP_SESSION_ID', 'this-is-deprecated'), ('ROS_LOCALHOST_ONLY', '0'), ('SNAP_INSTANCE_NAME', 'qtcreator-ros'), ('PATH', '/opt/ros/humble/bin:/usr/local/sbin:/usr/local/bin:/usr/sbin:/usr/bin:/sbin:/bin:/usr/games:/usr/local/games:/snap/bin:/snap/bin'), ('INVOCATION_ID', '8be6e9d5a46c4dde9fbe4351f65a98da'), ('SESSION_MANAGER', 'local/robot33-6:@/tmp/.ICE-unix/1547,unix/robot33-6:/tmp/.ICE-unix/1547'), ('BAMF_DESKTOP_FILE_HINT', '/var/lib/snapd/desktop/applications/qtcreator-ros_qtcreator-ros.desktop'), ('GNOME_SETUP_DISPLAY', ':1'), ('LC_ADDRESS', 'ru_RU.UTF-8'), ('SNAP_DATA', '/var/snap/qtcreator-ros/107'), ('XDG_MENU_PREFIX', 'gnome-'), ('XDG_RUNTIME_DIR', '/run/user/1000'), ('DISPLAY', ':0'), ('LANG', 'en_US.UTF-8'), ('LC_TELEPHONE', 'ru_RU.UTF-8'), ('XDG_CURRENT_DESKTOP', 'ubuntu:GNOME'), ('XAUTHORITY', '/run/user/1000/.mutter-Xwaylandauth.NV73K2'), ('XDG_SESSION_DESKTOP', 'ubuntu'), ('XMODIFIERS', '@im=ibus'), ('AMENT_PREFIX_PATH', '/home/robot33-6/student133_ws/install/test_visualization:/home/robot33-6/student133_ws/install/test_parameters:/home/robot33-6/student133_ws/install/test_client:/home/robot33-6/student133_ws/install/test_service:/home/robot33-6/student133_ws/install/test_custom_srv:/home/robot33-6/student133_ws/install/test_custom_publisher:/home/robot33-6/student133_ws/install/test_castom_publisher:/home/robot33-6/student133_ws/install/test_custom_msg:/home/robot33-6/student133_ws/install/test_subscriber:/home/robot33-6/student133_ws/install/test_publisher:/home/robot33-6/student133_ws/install/test_pkg:/opt/ros/humble'), ('SNAP_ARCH', 'amd64'), ('SNAP_COOKIE', 'zfxwyVEa0dSM0vT388UHnSyWy-Mv84K8RE-CWR0OLT2wc9JrOksa'), ('SNAP_USER_COMMON', '/home/robot33-6/snap/qtcreator-ros/common'), ('SSH_AGENT_LAUNCHER', 'gnome-keyring'), ('SSH_AUTH_SOCK', '/run/user/1000/keyring/ssh'), ('LC_NAME', 'ru_RU.UTF-8'), ('SHELL', '/bin/bash'), ('GDMSESSION', 'ubuntu'), ('QT_ACCESSIBILITY', '1'), ('SNAP_REEXEC', ''), ('SNAP_NAME', 'qtcreator-ros'), ('LC_MEASUREMENT', 'ru_RU.UTF-8'), ('GJS_DEBUG_OUTPUT', 'stderr'), ('LC_IDENTIFICATION', 'ru_RU.UTF-8'), ('QT_IM_MODULE', 'ibus'), ('PWD', '/home/robot33-6/student133_ws/build/test_visualization'), ('QT_QPA_PLATFORM', 'wayland;xcb'), ('SNAP_REAL_HOME', '/home/robot33-6'), ('XDG_CONFIG_DIRS', '/etc/xdg/xdg-ubuntu:/etc/xdg'), ('XDG_DATA_DIRS', '/usr/share/ubuntu:/usr/local/share/:/usr/share/:/var/lib/snapd/desktop'), ('LC_NUMERIC', 'ru_RU.UTF-8'), ('PYTHONPATH', '/home/robot33-6/student133_ws/install/test_custom_srv/local/lib/python3.10/dist-packages:/home/robot33-6/student133_ws/install/test_custom_msg/local/lib/python3.10/dist-packages:/opt/ros/humble/lib/python3.10/site-packages:/opt/ros/humble/local/lib/python3.10/dist-packages'), ('SNAP', '/snap/qtcreator-ros/107'), ('SNAP_EUID', '1000'), ('LC_PAPER', 'ru_RU.UTF-8'), ('COLCON', '1'), ('CMAKE_PREFIX_PATH', '/home/robot33-6/student133_ws/install/test_visualization:/home/robot33-6/student133_ws/install/test_parameters:/home/robot33-6/student133_ws/install/test_client:/home/robot33-6/student133_ws/install/test_service:/home/robot33-6/student133_ws/install/test_custom_srv:/home/robot33-6/student133_ws/install/test_custom_publisher:/home/robot33-6/student133_ws/install/test_castom_publisher:/home/robot33-6/student133_ws/install/test_custom_msg:/home/robot33-6/student133_ws/install/test_subscriber:/home/robot33-6/student133_ws/install/test_publisher:/home/robot33-6/student133_ws/install/test_pkg:/opt/ros/humble'), ('LIBGL_DRIVERS_PATH', '/snap/qtcreator-ros/107/usr/lib/x86_64-linux-gnu/dri')]), 'shell': False}
[1.267720] (test_custom_srv) JobProgress: {'identifier': 'test_custom_srv', 'progress': 'install'}
[1.267765] (test_custom_srv) Command: {'cmd': ['/usr/bin/cmake', '--install', '/home/robot33-6/student133_ws/build/test_custom_srv'], 'cwd': '/home/robot33-6/student133_ws/build/test_custom_srv', 'env': OrderedDict([('GJS_DEBUG_TOPICS', 'JS ERROR;JS LOG'), ('LC_TIME', 'ru_RU.UTF-8'), ('SNAP_COMMON', '/var/snap/qtcreator-ros/common'), ('SNAP_INSTANCE_KEY', ''), ('USER', 'robot33-6'), ('XDG_SESSION_TYPE', 'wayland'), ('LD_LIBRARY_PATH', '/home/robot33-6/student133_ws/install/test_custom_srv/lib:/home/robot33-6/student133_ws/install/test_custom_msg/lib:/opt/ros/humble/opt/rviz_ogre_vendor/lib:/opt/ros/humble/lib/x86_64-linux-gnu:/opt/ros/humble/lib:/snap/qtcreator-ros/107/lib:/snap/qtcreator-ros/107/usr/lib/x86_64-linux-gnu'), ('SHLVL', '311'), ('SNAP_UID', '1000'), ('HOME', '/home/robot33-6'), ('SNAP_LIBRARY_PATH', '/var/lib/snapd/lib/gl:/var/lib/snapd/lib/gl32:/var/lib/snapd/void'), ('DESKTOP_SESSION', 'ubuntu'), ('QTDIR', '/usr/lib/x86_64-linux-gnu/qt5'), ('SNAP_USER_DATA', '/home/robot33-6/snap/qtcreator-ros/107'), ('GIO_LAUNCHED_DESKTOP_FILE', '/var/lib/snapd/desktop/applications/qtcreator-ros_qtcreator-ros.desktop'), ('GNOME_SHELL_SESSION_MODE', 'ubuntu'), ('GTK_MODULES', 'gail:atk-bridge'), ('ROS_PYTHON_VERSION', '3'), ('LC_MONETARY', 'ru_RU.UTF-8'), ('MANAGERPID', '1373'), ('DBUS_SESSION_BUS_ADDRESS', 'unix:path=/run/user/1000/bus'), ('SYSTEMD_EXEC_PID', '1587'), ('GIO_LAUNCHED_DESKTOP_FILE_PID', '3050'), ('SNAP_REVISION', '107'), ('COLCON_PREFIX_PATH', '/home/robot33-6/student133_ws/install'), ('IM_CONFIG_PHASE', '1'), ('ROS_DISTRO', 'humble'), ('WAYLAND_DISPLAY', 'wayland-0'), ('LOGNAME', 'robot33-6'), ('JOURNAL_STREAM', '8:26382'), ('SNAP_CONTEXT', 'zfxwyVEa0dSM0vT388UHnSyWy-Mv84K8RE-CWR0OLT2wc9JrOksa'), ('_', '/usr/bin/env'), ('ROS_VERSION', '2'), ('SNAP_VERSION', '12.0.2'), ('XDG_SESSION_CLASS', 'user'), ('TERM', 'xterm'), ('USERNAME', 'robot33-6'), ('GNOME_DESKTOP_SESSION_ID', 'this-is-deprecated'), ('ROS_LOCALHOST_ONLY', '0'), ('SNAP_INSTANCE_NAME', 'qtcreator-ros'), ('PATH', '/opt/ros/humble/bin:/usr/local/sbin:/usr/local/bin:/usr/sbin:/usr/bin:/sbin:/bin:/usr/games:/usr/local/games:/snap/bin:/snap/bin'), ('INVOCATION_ID', '8be6e9d5a46c4dde9fbe4351f65a98da'), ('SESSION_MANAGER', 'local/robot33-6:@/tmp/.ICE-unix/1547,unix/robot33-6:/tmp/.ICE-unix/1547'), ('BAMF_DESKTOP_FILE_HINT', '/var/lib/snapd/desktop/applications/qtcreator-ros_qtcreator-ros.desktop'), ('GNOME_SETUP_DISPLAY', ':1'), ('LC_ADDRESS', 'ru_RU.UTF-8'), ('SNAP_DATA', '/var/snap/qtcreator-ros/107'), ('XDG_MENU_PREFIX', 'gnome-'), ('XDG_RUNTIME_DIR', '/run/user/1000'), ('DISPLAY', ':0'), ('LANG', 'en_US.UTF-8'), ('LC_TELEPHONE', 'ru_RU.UTF-8'), ('XDG_CURRENT_DESKTOP', 'ubuntu:GNOME'), ('XAUTHORITY', '/run/user/1000/.mutter-Xwaylandauth.NV73K2'), ('XDG_SESSION_DESKTOP', 'ubuntu'), ('XMODIFIERS', '@im=ibus'), ('AMENT_PREFIX_PATH', '/home/robot33-6/student133_ws/install/test_visualization:/home/robot33-6/student133_ws/install/test_parameters:/home/robot33-6/student133_ws/install/test_client:/home/robot33-6/student133_ws/install/test_service:/home/robot33-6/student133_ws/install/test_custom_srv:/home/robot33-6/student133_ws/install/test_custom_publisher:/home/robot33-6/student133_ws/install/test_castom_publisher:/home/robot33-6/student133_ws/install/test_custom_msg:/home/robot33-6/student133_ws/install/test_subscriber:/home/robot33-6/student133_ws/install/test_publisher:/home/robot33-6/student133_ws/install/test_pkg:/opt/ros/humble'), ('SNAP_ARCH', 'amd64'), ('SNAP_COOKIE', 'zfxwyVEa0dSM0vT388UHnSyWy-Mv84K8RE-CWR0OLT2wc9JrOksa'), ('SNAP_USER_COMMON', '/home/robot33-6/snap/qtcreator-ros/common'), ('SSH_AGENT_LAUNCHER', 'gnome-keyring'), ('SSH_AUTH_SOCK', '/run/user/1000/keyring/ssh'), ('LC_NAME', 'ru_RU.UTF-8'), ('SHELL', '/bin/bash'), ('GDMSESSION', 'ubuntu'), ('QT_ACCESSIBILITY', '1'), ('SNAP_REEXEC', ''), ('SNAP_NAME', 'qtcreator-ros'), ('LC_MEASUREMENT', 'ru_RU.UTF-8'), ('GJS_DEBUG_OUTPUT', 'stderr'), ('LC_IDENTIFICATION', 'ru_RU.UTF-8'), ('QT_IM_MODULE', 'ibus'), ('PWD', '/home/robot33-6/student133_ws/build/test_custom_srv'), ('QT_QPA_PLATFORM', 'wayland;xcb'), ('SNAP_REAL_HOME', '/home/robot33-6'), ('XDG_CONFIG_DIRS', '/etc/xdg/xdg-ubuntu:/etc/xdg'), ('XDG_DATA_DIRS', '/usr/share/ubuntu:/usr/local/share/:/usr/share/:/var/lib/snapd/desktop'), ('LC_NUMERIC', 'ru_RU.UTF-8'), ('PYTHONPATH', '/home/robot33-6/student133_ws/install/test_custom_srv/local/lib/python3.10/dist-packages:/home/robot33-6/student133_ws/install/test_custom_msg/local/lib/python3.10/dist-packages:/opt/ros/humble/lib/python3.10/site-packages:/opt/ros/humble/local/lib/python3.10/dist-packages'), ('SNAP', '/snap/qtcreator-ros/107'), ('SNAP_EUID', '1000'), ('LC_PAPER', 'ru_RU.UTF-8'), ('COLCON', '1'), ('CMAKE_PREFIX_PATH', '/home/robot33-6/student133_ws/install/test_visualization:/home/robot33-6/student133_ws/install/test_parameters:/home/robot33-6/student133_ws/install/test_client:/home/robot33-6/student133_ws/install/test_service:/home/robot33-6/student133_ws/install/test_custom_srv:/home/robot33-6/student133_ws/install/test_custom_publisher:/home/robot33-6/student133_ws/install/test_castom_publisher:/home/robot33-6/student133_ws/install/test_custom_msg:/home/robot33-6/student133_ws/install/test_subscriber:/home/robot33-6/student133_ws/install/test_publisher:/home/robot33-6/student133_ws/install/test_pkg:/opt/ros/humble'), ('LIBGL_DRIVERS_PATH', '/snap/qtcreator-ros/107/usr/lib/x86_64-linux-gnu/dri')]), 'shell': False}
[1.268331] (test_custom_msg) CommandEnded: {'returncode': 0}
[1.301219] (-) TimerEvent: {}
[1.361025] (test_subscriber) StdoutLine: {'line': b'[100%] Built target test_subscriber_node\n'}
[1.361998] (test_visualization) StdoutLine: {'line': b'[100%] Built target test_visualization_node\n'}
[1.362700] (test_custom_srv) StdoutLine: {'line': b'-- Install configuration: "Debug"\n'}
[1.363115] (test_custom_srv) StdoutLine: {'line': b'-- Up-to-date: /home/robot33-6/student133_ws/install/test_custom_srv/share/ament_index/resource_index/rosidl_interfaces/test_custom_srv\n'}
[1.363789] (test_custom_srv) StdoutLine: {'line': b'-- Up-to-date: /home/robot33-6/student133_ws/install/test_custom_srv/include/test_custom_srv/test_custom_srv\n'}
[1.363916] (test_custom_srv) StdoutLine: {'line': b'-- Up-to-date: /home/robot33-6/student133_ws/install/test_custom_srv/include/test_custom_srv/test_custom_srv/srv\n'}
[1.364050] (test_custom_srv) StdoutLine: {'line': b'-- Up-to-date: /home/robot33-6/student133_ws/install/test_custom_srv/include/test_custom_srv/test_custom_srv/srv/circle_square.h\n'}
[1.364312] (test_custom_srv) StdoutLine: {'line': b'-- Up-to-date: /home/robot33-6/student133_ws/install/test_custom_srv/include/test_custom_srv/test_custom_srv/srv/detail\n'}
[1.364415] (test_custom_srv) StdoutLine: {'line': b'-- Up-to-date: /home/robot33-6/student133_ws/install/test_custom_srv/include/test_custom_srv/test_custom_srv/srv/detail/circle_square__struct.h\n'}
[1.364511] (test_custom_srv) StdoutLine: {'line': b'-- Up-to-date: /home/robot33-6/student133_ws/install/test_custom_srv/include/test_custom_srv/test_custom_srv/srv/detail/circle_square__type_support.h\n'}
[1.364603] (test_custom_srv) StdoutLine: {'line': b'-- Up-to-date: /home/robot33-6/student133_ws/install/test_custom_srv/include/test_custom_srv/test_custom_srv/srv/detail/circle_square__functions.h\n'}
[1.364695] (test_custom_srv) StdoutLine: {'line': b'-- Up-to-date: /home/robot33-6/student133_ws/install/test_custom_srv/include/test_custom_srv/test_custom_srv/srv/detail/circle_square__functions.c\n'}
[1.364784] (test_custom_srv) StdoutLine: {'line': b'-- Up-to-date: /home/robot33-6/student133_ws/install/test_custom_srv/include/test_custom_srv/test_custom_srv/msg\n'}
[1.364913] (test_custom_srv) StdoutLine: {'line': b'-- Up-to-date: /home/robot33-6/student133_ws/install/test_custom_srv/include/test_custom_srv/test_custom_srv/msg/rosidl_generator_c__visibility_control.h\n'}
[1.365006] (test_custom_srv) StdoutLine: {'line': b'-- Up-to-date: /home/robot33-6/student133_ws/install/test_custom_srv/share/test_custom_srv/environment/library_path.sh\n'}
[1.365096] (test_custom_srv) StdoutLine: {'line': b'-- Up-to-date: /home/robot33-6/student133_ws/install/test_custom_srv/share/test_custom_srv/environment/library_path.dsv\n'}
[1.365185] (test_custom_srv) StdoutLine: {'line': b'-- Up-to-date: /home/robot33-6/student133_ws/install/test_custom_srv/lib/libtest_custom_srv__rosidl_generator_c.so\n'}
[1.365442] (test_custom_srv) StdoutLine: {'line': b'-- Up-to-date: /home/robot33-6/student133_ws/install/test_custom_srv/include/test_custom_srv/test_custom_srv\n'}
[1.365847] (test_custom_srv) StdoutLine: {'line': b'-- Up-to-date: /home/robot33-6/student133_ws/install/test_custom_srv/include/test_custom_srv/test_custom_srv/srv\n'}
[1.365959] (test_custom_srv) StdoutLine: {'line': b'-- Up-to-date: /home/robot33-6/student133_ws/install/test_custom_srv/include/test_custom_srv/test_custom_srv/srv/detail\n'}
[1.366051] (test_custom_srv) StdoutLine: {'line': b'-- Up-to-date: /home/robot33-6/student133_ws/install/test_custom_srv/include/test_custom_srv/test_custom_srv/srv/detail/circle_square__rosidl_typesupport_fastrtps_c.h\n'}
[1.366135] (test_custom_srv) StdoutLine: {'line': b'-- Up-to-date: /home/robot33-6/student133_ws/install/test_custom_srv/include/test_custom_srv/test_custom_srv/msg\n'}
[1.366220] (test_custom_srv) StdoutLine: {'line': b'-- Up-to-date: /home/robot33-6/student133_ws/install/test_custom_srv/include/test_custom_srv/test_custom_srv/msg/rosidl_typesupport_fastrtps_c__visibility_control.h\n'}
[1.366303] (test_custom_srv) StdoutLine: {'line': b'-- Up-to-date: /home/robot33-6/student133_ws/install/test_custom_srv/lib/libtest_custom_srv__rosidl_typesupport_fastrtps_c.so\n'}
[1.366386] (test_custom_srv) StdoutLine: {'line': b'-- Up-to-date: /home/robot33-6/student133_ws/install/test_custom_srv/include/test_custom_srv/test_custom_srv\n'}
[1.366621] (test_custom_srv) StdoutLine: {'line': b'-- Up-to-date: /home/robot33-6/student133_ws/install/test_custom_srv/include/test_custom_srv/test_custom_srv/srv\n'}
[1.366708] (test_custom_srv) StdoutLine: {'line': b'-- Up-to-date: /home/robot33-6/student133_ws/install/test_custom_srv/include/test_custom_srv/test_custom_srv/srv/detail\n'}
[1.366790] (test_custom_srv) StdoutLine: {'line': b'-- Up-to-date: /home/robot33-6/student133_ws/install/test_custom_srv/include/test_custom_srv/test_custom_srv/srv/detail/circle_square__rosidl_typesupport_introspection_c.h\n'}
[1.366872] (test_custom_srv) StdoutLine: {'line': b'-- Up-to-date: /home/robot33-6/student133_ws/install/test_custom_srv/include/test_custom_srv/test_custom_srv/srv/detail/circle_square__type_support.c\n'}
[1.366952] (test_custom_srv) StdoutLine: {'line': b'-- Up-to-date: /home/robot33-6/student133_ws/install/test_custom_srv/include/test_custom_srv/test_custom_srv/msg\n'}
[1.367032] (test_custom_srv) StdoutLine: {'line': b'-- Up-to-date: /home/robot33-6/student133_ws/install/test_custom_srv/include/test_custom_srv/test_custom_srv/msg/rosidl_typesupport_introspection_c__visibility_control.h\n'}
[1.367149] (test_custom_srv) StdoutLine: {'line': b'-- Up-to-date: /home/robot33-6/student133_ws/install/test_custom_srv/lib/libtest_custom_srv__rosidl_typesupport_introspection_c.so\n'}
[1.367237] (test_custom_srv) StdoutLine: {'line': b'-- Up-to-date: /home/robot33-6/student133_ws/install/test_custom_srv/lib/libtest_custom_srv__rosidl_typesupport_c.so\n'}
[1.367324] (test_custom_srv) StdoutLine: {'line': b'-- Up-to-date: /home/robot33-6/student133_ws/install/test_custom_srv/include/test_custom_srv/test_custom_srv\n'}
[1.367407] (test_custom_srv) StdoutLine: {'line': b'-- Up-to-date: /home/robot33-6/student133_ws/install/test_custom_srv/include/test_custom_srv/test_custom_srv/srv\n'}
[1.367727] (test_custom_srv) StdoutLine: {'line': b'-- Up-to-date: /home/robot33-6/student133_ws/install/test_custom_srv/include/test_custom_srv/test_custom_srv/srv/detail\n'}
[1.367855] (test_custom_srv) StdoutLine: {'line': b'-- Up-to-date: /home/robot33-6/student133_ws/install/test_custom_srv/include/test_custom_srv/test_custom_srv/srv/detail/circle_square__builder.hpp\n'}
[1.367938] (test_custom_srv) StdoutLine: {'line': b'-- Up-to-date: /home/robot33-6/student133_ws/install/test_custom_srv/include/test_custom_srv/test_custom_srv/srv/detail/circle_square__traits.hpp\n'}
[1.368019] (test_custom_srv) StdoutLine: {'line': b'-- Up-to-date: /home/robot33-6/student133_ws/install/test_custom_srv/include/test_custom_srv/test_custom_srv/srv/detail/circle_square__struct.hpp\n'}
[1.368101] (test_custom_srv) StdoutLine: {'line': b'-- Up-to-date: /home/robot33-6/student133_ws/install/test_custom_srv/include/test_custom_srv/test_custom_srv/srv/circle_square.hpp\n'}
[1.368187] (test_custom_srv) StdoutLine: {'line': b'-- Up-to-date: /home/robot33-6/student133_ws/install/test_custom_srv/include/test_custom_srv/test_custom_srv\n'}
[1.368271] (test_custom_srv) StdoutLine: {'line': b'-- Up-to-date: /home/robot33-6/student133_ws/install/test_custom_srv/include/test_custom_srv/test_custom_srv/srv\n'}
[1.368357] (test_custom_srv) StdoutLine: {'line': b'-- Up-to-date: /home/robot33-6/student133_ws/install/test_custom_srv/include/test_custom_srv/test_custom_srv/srv/detail\n'}
[1.368587] (test_custom_srv) StdoutLine: {'line': b'-- Up-to-date: /home/robot33-6/student133_ws/install/test_custom_srv/include/test_custom_srv/test_custom_srv/srv/detail/dds_fastrtps\n'}
[1.368675] (test_custom_srv) StdoutLine: {'line': b'-- Up-to-date: /home/robot33-6/student133_ws/install/test_custom_srv/include/test_custom_srv/test_custom_srv/srv/detail/circle_square__rosidl_typesupport_fastrtps_cpp.hpp\n'}
[1.368760] (test_custom_srv) StdoutLine: {'line': b'-- Up-to-date: /home/robot33-6/student133_ws/install/test_custom_srv/include/test_custom_srv/test_custom_srv/msg\n'}
[1.368930] (test_custom_srv) StdoutLine: {'line': b'-- Up-to-date: /home/robot33-6/student133_ws/install/test_custom_srv/include/test_custom_srv/test_custom_srv/msg/rosidl_typesupport_fastrtps_cpp__visibility_control.h\n'}
[1.369023] (test_custom_srv) StdoutLine: {'line': b'-- Up-to-date: /home/robot33-6/student133_ws/install/test_custom_srv/lib/libtest_custom_srv__rosidl_typesupport_fastrtps_cpp.so\n'}
[1.369319] (test_custom_srv) StdoutLine: {'line': b'-- Up-to-date: /home/robot33-6/student133_ws/install/test_custom_srv/include/test_custom_srv/test_custom_srv\n'}
[1.369442] (test_custom_srv) StdoutLine: {'line': b'-- Up-to-date: /home/robot33-6/student133_ws/install/test_custom_srv/include/test_custom_srv/test_custom_srv/srv\n'}
[1.369724] (test_custom_srv) StdoutLine: {'line': b'-- Up-to-date: /home/robot33-6/student133_ws/install/test_custom_srv/include/test_custom_srv/test_custom_srv/srv/detail\n'}
[1.369858] (test_custom_srv) StdoutLine: {'line': b'-- Up-to-date: /home/robot33-6/student133_ws/install/test_custom_srv/include/test_custom_srv/test_custom_srv/srv/detail/circle_square__rosidl_typesupport_introspection_cpp.hpp\n'}
[1.370060] (test_custom_srv) StdoutLine: {'line': b'-- Up-to-date: /home/robot33-6/student133_ws/install/test_custom_srv/include/test_custom_srv/test_custom_srv/srv/detail/circle_square__type_support.cpp\n'}
[1.370181] (test_custom_srv) StdoutLine: {'line': b'-- Up-to-date: /home/robot33-6/student133_ws/install/test_custom_srv/lib/libtest_custom_srv__rosidl_typesupport_introspection_cpp.so\n'}
[1.370273] (test_custom_srv) StdoutLine: {'line': b'-- Up-to-date: /home/robot33-6/student133_ws/install/test_custom_srv/lib/libtest_custom_srv__rosidl_typesupport_cpp.so\n'}
[1.370371] (test_custom_srv) StdoutLine: {'line': b'-- Up-to-date: /home/robot33-6/student133_ws/install/test_custom_srv/share/test_custom_srv/environment/pythonpath.sh\n'}
[1.370587] (test_custom_srv) StdoutLine: {'line': b'-- Up-to-date: /home/robot33-6/student133_ws/install/test_custom_srv/share/test_custom_srv/environment/pythonpath.dsv\n'}
[1.370826] (test_custom_srv) StdoutLine: {'line': b'-- Up-to-date: /home/robot33-6/student133_ws/install/test_custom_srv/local/lib/python3.10/dist-packages/test_custom_srv-0.0.0-py3.10.egg-info\n'}
[1.370925] (test_custom_srv) StdoutLine: {'line': b'-- Installing: /home/robot33-6/student133_ws/install/test_custom_srv/local/lib/python3.10/dist-packages/test_custom_srv-0.0.0-py3.10.egg-info/PKG-INFO\n'}
[1.371008] (test_custom_srv) StdoutLine: {'line': b'-- Installing: /home/robot33-6/student133_ws/install/test_custom_srv/local/lib/python3.10/dist-packages/test_custom_srv-0.0.0-py3.10.egg-info/top_level.txt\n'}
[1.371080] (test_custom_srv) StdoutLine: {'line': b'-- Installing: /home/robot33-6/student133_ws/install/test_custom_srv/local/lib/python3.10/dist-packages/test_custom_srv-0.0.0-py3.10.egg-info/dependency_links.txt\n'}
[1.371135] (test_custom_srv) StdoutLine: {'line': b'-- Installing: /home/robot33-6/student133_ws/install/test_custom_srv/local/lib/python3.10/dist-packages/test_custom_srv-0.0.0-py3.10.egg-info/SOURCES.txt\n'}
[1.371187] (test_custom_srv) StdoutLine: {'line': b'-- Up-to-date: /home/robot33-6/student133_ws/install/test_custom_srv/local/lib/python3.10/dist-packages/test_custom_srv\n'}
[1.371239] (test_custom_srv) StdoutLine: {'line': b'-- Up-to-date: /home/robot33-6/student133_ws/install/test_custom_srv/local/lib/python3.10/dist-packages/test_custom_srv/libtest_custom_srv__rosidl_generator_py.so\n'}
[1.371289] (test_custom_srv) StdoutLine: {'line': b'-- Up-to-date: /home/robot33-6/student133_ws/install/test_custom_srv/local/lib/python3.10/dist-packages/test_custom_srv/_test_custom_srv_s.ep.rosidl_typesupport_introspection_c.c\n'}
[1.371341] (test_custom_srv) StdoutLine: {'line': b'-- Up-to-date: /home/robot33-6/student133_ws/install/test_custom_srv/local/lib/python3.10/dist-packages/test_custom_srv/test_custom_srv_s__rosidl_typesupport_fastrtps_c.cpython-310-x86_64-linux-gnu.so\n'}
[1.371395] (test_custom_srv) StdoutLine: {'line': b'-- Up-to-date: /home/robot33-6/student133_ws/install/test_custom_srv/local/lib/python3.10/dist-packages/test_custom_srv/test_custom_srv_s__rosidl_typesupport_c.cpython-310-x86_64-linux-gnu.so\n'}
[1.371470] (test_custom_srv) StdoutLine: {'line': b'-- Up-to-date: /home/robot33-6/student133_ws/install/test_custom_srv/local/lib/python3.10/dist-packages/test_custom_srv/_test_custom_srv_s.ep.rosidl_typesupport_c.c\n'}
[1.371765] (test_custom_srv) StdoutLine: {'line': b'-- Up-to-date: /home/robot33-6/student133_ws/install/test_custom_srv/local/lib/python3.10/dist-packages/test_custom_srv/test_custom_srv_s__rosidl_typesupport_introspection_c.cpython-310-x86_64-linux-gnu.so\n'}
[1.371863] (test_custom_srv) StdoutLine: {'line': b'-- Up-to-date: /home/robot33-6/student133_ws/install/test_custom_srv/local/lib/python3.10/dist-packages/test_custom_srv/__init__.py\n'}
[1.372142] (test_custom_srv) StdoutLine: {'line': b'-- Up-to-date: /home/robot33-6/student133_ws/install/test_custom_srv/local/lib/python3.10/dist-packages/test_custom_srv/_test_custom_srv_s.ep.rosidl_typesupport_fastrtps_c.c\n'}
[1.372248] (test_custom_srv) StdoutLine: {'line': b'-- Up-to-date: /home/robot33-6/student133_ws/install/test_custom_srv/local/lib/python3.10/dist-packages/test_custom_srv/srv\n'}
[1.372475] (test_custom_srv) StdoutLine: {'line': b'-- Up-to-date: /home/robot33-6/student133_ws/install/test_custom_srv/local/lib/python3.10/dist-packages/test_custom_srv/srv/_circle_square_s.c\n'}
[1.372573] (test_custom_srv) StdoutLine: {'line': b'-- Up-to-date: /home/robot33-6/student133_ws/install/test_custom_srv/local/lib/python3.10/dist-packages/test_custom_srv/srv/__init__.py\n'}
[1.372810] (test_custom_srv) StdoutLine: {'line': b'-- Up-to-date: /home/robot33-6/student133_ws/install/test_custom_srv/local/lib/python3.10/dist-packages/test_custom_srv/srv/_circle_square.py\n'}
[1.372915] (test_custom_srv) StdoutLine: {'line': b"Listing '/home/robot33-6/student133_ws/install/test_custom_srv/local/lib/python3.10/dist-packages/test_custom_srv'...\n"}
[1.373168] (test_custom_srv) StdoutLine: {'line': b"Listing '/home/robot33-6/student133_ws/install/test_custom_srv/local/lib/python3.10/dist-packages/test_custom_srv/srv'...\n"}
[1.373310] (test_custom_srv) StdoutLine: {'line': b'-- Up-to-date: /home/robot33-6/student133_ws/install/test_custom_srv/local/lib/python3.10/dist-packages/test_custom_srv/test_custom_srv_s__rosidl_typesupport_fastrtps_c.cpython-310-x86_64-linux-gnu.so\n'}
[1.373587] (test_custom_srv) StdoutLine: {'line': b'-- Up-to-date: /home/robot33-6/student133_ws/install/test_custom_srv/local/lib/python3.10/dist-packages/test_custom_srv/test_custom_srv_s__rosidl_typesupport_introspection_c.cpython-310-x86_64-linux-gnu.so\n'}
[1.373698] (test_custom_srv) StdoutLine: {'line': b'-- Up-to-date: /home/robot33-6/student133_ws/install/test_custom_srv/local/lib/python3.10/dist-packages/test_custom_srv/test_custom_srv_s__rosidl_typesupport_c.cpython-310-x86_64-linux-gnu.so\n'}
[1.373792] (test_custom_srv) StdoutLine: {'line': b'-- Up-to-date: /home/robot33-6/student133_ws/install/test_custom_srv/lib/libtest_custom_srv__rosidl_generator_py.so\n'}
[1.374068] (test_custom_srv) StdoutLine: {'line': b'-- Up-to-date: /home/robot33-6/student133_ws/install/test_custom_srv/share/test_custom_srv/srv/CircleSquare.idl\n'}
[1.374353] (test_custom_srv) StdoutLine: {'line': b'-- Up-to-date: /home/robot33-6/student133_ws/install/test_custom_srv/share/test_custom_srv/srv/CircleSquare.srv\n'}
[1.374680] (test_custom_srv) StdoutLine: {'line': b'-- Up-to-date: /home/robot33-6/student133_ws/install/test_custom_srv/share/test_custom_srv/srv/CircleSquare_Request.msg\n'}
[1.374767] (test_custom_srv) StdoutLine: {'line': b'-- Up-to-date: /home/robot33-6/student133_ws/install/test_custom_srv/share/test_custom_srv/srv/CircleSquare_Response.msg\n'}
[1.374900] (test_custom_srv) StdoutLine: {'line': b'-- Up-to-date: /home/robot33-6/student133_ws/install/test_custom_srv/share/ament_index/resource_index/package_run_dependencies/test_custom_srv\n'}
[1.374992] (test_custom_srv) StdoutLine: {'line': b'-- Up-to-date: /home/robot33-6/student133_ws/install/test_custom_srv/share/ament_index/resource_index/parent_prefix_path/test_custom_srv\n'}
[1.375077] (test_custom_srv) StdoutLine: {'line': b'-- Up-to-date: /home/robot33-6/student133_ws/install/test_custom_srv/share/test_custom_srv/environment/ament_prefix_path.sh\n'}
[1.375162] (test_custom_srv) StdoutLine: {'line': b'-- Up-to-date: /home/robot33-6/student133_ws/install/test_custom_srv/share/test_custom_srv/environment/ament_prefix_path.dsv\n'}
[1.375437] (test_custom_srv) StdoutLine: {'line': b'-- Up-to-date: /home/robot33-6/student133_ws/install/test_custom_srv/share/test_custom_srv/environment/path.sh\n'}
[1.375559] (test_custom_srv) StdoutLine: {'line': b'-- Up-to-date: /home/robot33-6/student133_ws/install/test_custom_srv/share/test_custom_srv/environment/path.dsv\n'}
[1.375653] (test_custom_srv) StdoutLine: {'line': b'-- Up-to-date: /home/robot33-6/student133_ws/install/test_custom_srv/share/test_custom_srv/local_setup.bash\n'}
[1.375739] (test_custom_srv) StdoutLine: {'line': b'-- Up-to-date: /home/robot33-6/student133_ws/install/test_custom_srv/share/test_custom_srv/local_setup.sh\n'}
[1.375826] (test_custom_srv) StdoutLine: {'line': b'-- Up-to-date: /home/robot33-6/student133_ws/install/test_custom_srv/share/test_custom_srv/local_setup.zsh\n'}
[1.376112] (test_custom_srv) StdoutLine: {'line': b'-- Up-to-date: /home/robot33-6/student133_ws/install/test_custom_srv/share/test_custom_srv/local_setup.dsv\n'}
[1.376212] (test_custom_srv) StdoutLine: {'line': b'-- Installing: /home/robot33-6/student133_ws/install/test_custom_srv/share/test_custom_srv/package.dsv\n'}
[1.376342] (test_custom_srv) StdoutLine: {'line': b'-- Up-to-date: /home/robot33-6/student133_ws/install/test_custom_srv/share/ament_index/resource_index/packages/test_custom_srv\n'}
[1.376431] (test_custom_srv) StdoutLine: {'line': b'-- Up-to-date: /home/robot33-6/student133_ws/install/test_custom_srv/share/test_custom_srv/cmake/export_test_custom_srv__rosidl_generator_cExport.cmake\n'}
[1.376680] (test_custom_srv) StdoutLine: {'line': b'-- Up-to-date: /home/robot33-6/student133_ws/install/test_custom_srv/share/test_custom_srv/cmake/export_test_custom_srv__rosidl_generator_cExport-debug.cmake\n'}
[1.376773] (test_custom_srv) StdoutLine: {'line': b'-- Up-to-date: /home/robot33-6/student133_ws/install/test_custom_srv/share/test_custom_srv/cmake/export_test_custom_srv__rosidl_typesupport_fastrtps_cExport.cmake\n'}
[1.376846] (test_custom_srv) StdoutLine: {'line': b'-- Up-to-date: /home/robot33-6/student133_ws/install/test_custom_srv/share/test_custom_srv/cmake/export_test_custom_srv__rosidl_typesupport_fastrtps_cExport-debug.cmake\n'}
[1.377197] (test_custom_srv) StdoutLine: {'line': b'-- Up-to-date: /home/robot33-6/student133_ws/install/test_custom_srv/share/test_custom_srv/cmake/test_custom_srv__rosidl_typesupport_introspection_cExport.cmake\n'}
[1.377313] (test_custom_srv) StdoutLine: {'line': b'-- Up-to-date: /home/robot33-6/student133_ws/install/test_custom_srv/share/test_custom_srv/cmake/test_custom_srv__rosidl_typesupport_introspection_cExport-debug.cmake\n'}
[1.377575] (test_custom_srv) StdoutLine: {'line': b'-- Up-to-date: /home/robot33-6/student133_ws/install/test_custom_srv/share/test_custom_srv/cmake/test_custom_srv__rosidl_typesupport_cExport.cmake\n'}
[1.377707] (test_custom_srv) StdoutLine: {'line': b'-- Up-to-date: /home/robot33-6/student133_ws/install/test_custom_srv/share/test_custom_srv/cmake/test_custom_srv__rosidl_typesupport_cExport-debug.cmake\n'}
[1.377797] (test_custom_srv) StdoutLine: {'line': b'-- Up-to-date: /home/robot33-6/student133_ws/install/test_custom_srv/share/test_custom_srv/cmake/export_test_custom_srv__rosidl_generator_cppExport.cmake\n'}
[1.377889] (test_custom_srv) StdoutLine: {'line': b'-- Up-to-date: /home/robot33-6/student133_ws/install/test_custom_srv/share/test_custom_srv/cmake/export_test_custom_srv__rosidl_typesupport_fastrtps_cppExport.cmake\n'}
[1.377986] (test_custom_srv) StdoutLine: {'line': b'-- Up-to-date: /home/robot33-6/student133_ws/install/test_custom_srv/share/test_custom_srv/cmake/export_test_custom_srv__rosidl_typesupport_fastrtps_cppExport-debug.cmake\n'}
[1.378076] (test_custom_srv) StdoutLine: {'line': b'-- Up-to-date: /home/robot33-6/student133_ws/install/test_custom_srv/share/test_custom_srv/cmake/test_custom_srv__rosidl_typesupport_introspection_cppExport.cmake\n'}
[1.378343] (test_custom_srv) StdoutLine: {'line': b'-- Up-to-date: /home/robot33-6/student133_ws/install/test_custom_srv/share/test_custom_srv/cmake/test_custom_srv__rosidl_typesupport_introspection_cppExport-debug.cmake\n'}
[1.378442] (test_custom_srv) StdoutLine: {'line': b'-- Up-to-date: /home/robot33-6/student133_ws/install/test_custom_srv/share/test_custom_srv/cmake/test_custom_srv__rosidl_typesupport_cppExport.cmake\n'}
[1.378531] (test_custom_srv) StdoutLine: {'line': b'-- Up-to-date: /home/robot33-6/student133_ws/install/test_custom_srv/share/test_custom_srv/cmake/test_custom_srv__rosidl_typesupport_cppExport-debug.cmake\n'}
[1.378774] (test_custom_srv) StdoutLine: {'line': b'-- Up-to-date: /home/robot33-6/student133_ws/install/test_custom_srv/share/test_custom_srv/cmake/export_test_custom_srv__rosidl_generator_pyExport.cmake\n'}
[1.378863] (test_custom_srv) StdoutLine: {'line': b'-- Up-to-date: /home/robot33-6/student133_ws/install/test_custom_srv/share/test_custom_srv/cmake/export_test_custom_srv__rosidl_generator_pyExport-debug.cmake\n'}
[1.378947] (test_custom_srv) StdoutLine: {'line': b'-- Up-to-date: /home/robot33-6/student133_ws/install/test_custom_srv/share/test_custom_srv/cmake/rosidl_cmake-extras.cmake\n'}
[1.379043] (test_custom_srv) StdoutLine: {'line': b'-- Up-to-date: /home/robot33-6/student133_ws/install/test_custom_srv/share/test_custom_srv/cmake/ament_cmake_export_include_directories-extras.cmake\n'}
[1.379135] (test_custom_srv) StdoutLine: {'line': b'-- Up-to-date: /home/robot33-6/student133_ws/install/test_custom_srv/share/test_custom_srv/cmake/ament_cmake_export_libraries-extras.cmake\n'}
[1.379418] (test_custom_srv) StdoutLine: {'line': b'-- Up-to-date: /home/robot33-6/student133_ws/install/test_custom_srv/share/test_custom_srv/cmake/ament_cmake_export_targets-extras.cmake\n'}
[1.379511] (test_custom_srv) StdoutLine: {'line': b'-- Up-to-date: /home/robot33-6/student133_ws/install/test_custom_srv/share/test_custom_srv/cmake/rosidl_cmake_export_typesupport_targets-extras.cmake\n'}
[1.379587] (test_custom_srv) StdoutLine: {'line': b'-- Up-to-date: /home/robot33-6/student133_ws/install/test_custom_srv/share/test_custom_srv/cmake/ament_cmake_export_dependencies-extras.cmake\n'}
[1.379875] (test_custom_srv) StdoutLine: {'line': b'-- Up-to-date: /home/robot33-6/student133_ws/install/test_custom_srv/share/test_custom_srv/cmake/rosidl_cmake_export_typesupport_libraries-extras.cmake\n'}
[1.379994] (test_custom_srv) StdoutLine: {'line': b'-- Up-to-date: /home/robot33-6/student133_ws/install/test_custom_srv/share/test_custom_srv/cmake/test_custom_srvConfig.cmake\n'}
[1.380095] (test_custom_srv) StdoutLine: {'line': b'-- Up-to-date: /home/robot33-6/student133_ws/install/test_custom_srv/share/test_custom_srv/cmake/test_custom_srvConfig-version.cmake\n'}
[1.380190] (test_custom_srv) StdoutLine: {'line': b'-- Up-to-date: /home/robot33-6/student133_ws/install/test_custom_srv/share/test_custom_srv/package.xml\n'}
[1.380466] (test_subscriber) CommandEnded: {'returncode': 0}
[1.381085] (test_visualization) CommandEnded: {'returncode': 0}
[1.401823] (-) TimerEvent: {}
[1.437316] (test_service) JobEnded: {'identifier': 'test_service', 'rc': 0}
[1.438498] (test_custom_srv) CommandEnded: {'returncode': 0}
[1.501985] (-) TimerEvent: {}
[1.564837] (test_custom_msg) JobEnded: {'identifier': 'test_custom_msg', 'rc': 0}
[1.566361] (test_subscriber) JobProgress: {'identifier': 'test_subscriber', 'progress': 'install'}
[1.566957] (test_subscriber) Command: {'cmd': ['/usr/bin/cmake', '--install', '/home/robot33-6/student133_ws/build/test_subscriber'], 'cwd': '/home/robot33-6/student133_ws/build/test_subscriber', 'env': OrderedDict([('GJS_DEBUG_TOPICS', 'JS ERROR;JS LOG'), ('LC_TIME', 'ru_RU.UTF-8'), ('SNAP_COMMON', '/var/snap/qtcreator-ros/common'), ('SNAP_INSTANCE_KEY', ''), ('USER', 'robot33-6'), ('XDG_SESSION_TYPE', 'wayland'), ('LD_LIBRARY_PATH', '/home/robot33-6/student133_ws/install/test_custom_srv/lib:/home/robot33-6/student133_ws/install/test_custom_msg/lib:/opt/ros/humble/opt/rviz_ogre_vendor/lib:/opt/ros/humble/lib/x86_64-linux-gnu:/opt/ros/humble/lib:/snap/qtcreator-ros/107/lib:/snap/qtcreator-ros/107/usr/lib/x86_64-linux-gnu'), ('SHLVL', '311'), ('SNAP_UID', '1000'), ('HOME', '/home/robot33-6'), ('SNAP_LIBRARY_PATH', '/var/lib/snapd/lib/gl:/var/lib/snapd/lib/gl32:/var/lib/snapd/void'), ('DESKTOP_SESSION', 'ubuntu'), ('QTDIR', '/usr/lib/x86_64-linux-gnu/qt5'), ('SNAP_USER_DATA', '/home/robot33-6/snap/qtcreator-ros/107'), ('GIO_LAUNCHED_DESKTOP_FILE', '/var/lib/snapd/desktop/applications/qtcreator-ros_qtcreator-ros.desktop'), ('GNOME_SHELL_SESSION_MODE', 'ubuntu'), ('GTK_MODULES', 'gail:atk-bridge'), ('ROS_PYTHON_VERSION', '3'), ('LC_MONETARY', 'ru_RU.UTF-8'), ('MANAGERPID', '1373'), ('DBUS_SESSION_BUS_ADDRESS', 'unix:path=/run/user/1000/bus'), ('SYSTEMD_EXEC_PID', '1587'), ('GIO_LAUNCHED_DESKTOP_FILE_PID', '3050'), ('SNAP_REVISION', '107'), ('COLCON_PREFIX_PATH', '/home/robot33-6/student133_ws/install'), ('IM_CONFIG_PHASE', '1'), ('ROS_DISTRO', 'humble'), ('WAYLAND_DISPLAY', 'wayland-0'), ('LOGNAME', 'robot33-6'), ('JOURNAL_STREAM', '8:26382'), ('SNAP_CONTEXT', 'zfxwyVEa0dSM0vT388UHnSyWy-Mv84K8RE-CWR0OLT2wc9JrOksa'), ('_', '/usr/bin/env'), ('ROS_VERSION', '2'), ('SNAP_VERSION', '12.0.2'), ('XDG_SESSION_CLASS', 'user'), ('TERM', 'xterm'), ('USERNAME', 'robot33-6'), ('GNOME_DESKTOP_SESSION_ID', 'this-is-deprecated'), ('ROS_LOCALHOST_ONLY', '0'), ('SNAP_INSTANCE_NAME', 'qtcreator-ros'), ('PATH', '/opt/ros/humble/bin:/usr/local/sbin:/usr/local/bin:/usr/sbin:/usr/bin:/sbin:/bin:/usr/games:/usr/local/games:/snap/bin:/snap/bin'), ('INVOCATION_ID', '8be6e9d5a46c4dde9fbe4351f65a98da'), ('SESSION_MANAGER', 'local/robot33-6:@/tmp/.ICE-unix/1547,unix/robot33-6:/tmp/.ICE-unix/1547'), ('BAMF_DESKTOP_FILE_HINT', '/var/lib/snapd/desktop/applications/qtcreator-ros_qtcreator-ros.desktop'), ('GNOME_SETUP_DISPLAY', ':1'), ('LC_ADDRESS', 'ru_RU.UTF-8'), ('SNAP_DATA', '/var/snap/qtcreator-ros/107'), ('XDG_MENU_PREFIX', 'gnome-'), ('XDG_RUNTIME_DIR', '/run/user/1000'), ('DISPLAY', ':0'), ('LANG', 'en_US.UTF-8'), ('LC_TELEPHONE', 'ru_RU.UTF-8'), ('XDG_CURRENT_DESKTOP', 'ubuntu:GNOME'), ('XAUTHORITY', '/run/user/1000/.mutter-Xwaylandauth.NV73K2'), ('XDG_SESSION_DESKTOP', 'ubuntu'), ('XMODIFIERS', '@im=ibus'), ('AMENT_PREFIX_PATH', '/home/robot33-6/student133_ws/install/test_visualization:/home/robot33-6/student133_ws/install/test_parameters:/home/robot33-6/student133_ws/install/test_client:/home/robot33-6/student133_ws/install/test_service:/home/robot33-6/student133_ws/install/test_custom_srv:/home/robot33-6/student133_ws/install/test_custom_publisher:/home/robot33-6/student133_ws/install/test_castom_publisher:/home/robot33-6/student133_ws/install/test_custom_msg:/home/robot33-6/student133_ws/install/test_subscriber:/home/robot33-6/student133_ws/install/test_publisher:/home/robot33-6/student133_ws/install/test_pkg:/opt/ros/humble'), ('SNAP_ARCH', 'amd64'), ('SNAP_COOKIE', 'zfxwyVEa0dSM0vT388UHnSyWy-Mv84K8RE-CWR0OLT2wc9JrOksa'), ('SNAP_USER_COMMON', '/home/robot33-6/snap/qtcreator-ros/common'), ('SSH_AGENT_LAUNCHER', 'gnome-keyring'), ('SSH_AUTH_SOCK', '/run/user/1000/keyring/ssh'), ('LC_NAME', 'ru_RU.UTF-8'), ('SHELL', '/bin/bash'), ('GDMSESSION', 'ubuntu'), ('QT_ACCESSIBILITY', '1'), ('SNAP_REEXEC', ''), ('SNAP_NAME', 'qtcreator-ros'), ('LC_MEASUREMENT', 'ru_RU.UTF-8'), ('GJS_DEBUG_OUTPUT', 'stderr'), ('LC_IDENTIFICATION', 'ru_RU.UTF-8'), ('QT_IM_MODULE', 'ibus'), ('PWD', '/home/robot33-6/student133_ws/build/test_subscriber'), ('QT_QPA_PLATFORM', 'wayland;xcb'), ('SNAP_REAL_HOME', '/home/robot33-6'), ('XDG_CONFIG_DIRS', '/etc/xdg/xdg-ubuntu:/etc/xdg'), ('XDG_DATA_DIRS', '/usr/share/ubuntu:/usr/local/share/:/usr/share/:/var/lib/snapd/desktop'), ('LC_NUMERIC', 'ru_RU.UTF-8'), ('PYTHONPATH', '/home/robot33-6/student133_ws/install/test_custom_srv/local/lib/python3.10/dist-packages:/home/robot33-6/student133_ws/install/test_custom_msg/local/lib/python3.10/dist-packages:/opt/ros/humble/lib/python3.10/site-packages:/opt/ros/humble/local/lib/python3.10/dist-packages'), ('SNAP', '/snap/qtcreator-ros/107'), ('SNAP_EUID', '1000'), ('LC_PAPER', 'ru_RU.UTF-8'), ('COLCON', '1'), ('CMAKE_PREFIX_PATH', '/home/robot33-6/student133_ws/install/test_visualization:/home/robot33-6/student133_ws/install/test_parameters:/home/robot33-6/student133_ws/install/test_client:/home/robot33-6/student133_ws/install/test_service:/home/robot33-6/student133_ws/install/test_custom_srv:/home/robot33-6/student133_ws/install/test_custom_publisher:/home/robot33-6/student133_ws/install/test_castom_publisher:/home/robot33-6/student133_ws/install/test_custom_msg:/home/robot33-6/student133_ws/install/test_subscriber:/home/robot33-6/student133_ws/install/test_publisher:/home/robot33-6/student133_ws/install/test_pkg:/opt/ros/humble'), ('LIBGL_DRIVERS_PATH', '/snap/qtcreator-ros/107/usr/lib/x86_64-linux-gnu/dri')]), 'shell': False}
[1.567763] (test_visualization) JobProgress: {'identifier': 'test_visualization', 'progress': 'install'}
[1.567806] (test_visualization) Command: {'cmd': ['/usr/bin/cmake', '--install', '/home/robot33-6/student133_ws/build/test_visualization'], 'cwd': '/home/robot33-6/student133_ws/build/test_visualization', 'env': OrderedDict([('GJS_DEBUG_TOPICS', 'JS ERROR;JS LOG'), ('LC_TIME', 'ru_RU.UTF-8'), ('SNAP_COMMON', '/var/snap/qtcreator-ros/common'), ('SNAP_INSTANCE_KEY', ''), ('USER', 'robot33-6'), ('XDG_SESSION_TYPE', 'wayland'), ('LD_LIBRARY_PATH', '/home/robot33-6/student133_ws/install/test_custom_srv/lib:/home/robot33-6/student133_ws/install/test_custom_msg/lib:/opt/ros/humble/opt/rviz_ogre_vendor/lib:/opt/ros/humble/lib/x86_64-linux-gnu:/opt/ros/humble/lib:/snap/qtcreator-ros/107/lib:/snap/qtcreator-ros/107/usr/lib/x86_64-linux-gnu'), ('SHLVL', '311'), ('SNAP_UID', '1000'), ('HOME', '/home/robot33-6'), ('SNAP_LIBRARY_PATH', '/var/lib/snapd/lib/gl:/var/lib/snapd/lib/gl32:/var/lib/snapd/void'), ('DESKTOP_SESSION', 'ubuntu'), ('QTDIR', '/usr/lib/x86_64-linux-gnu/qt5'), ('SNAP_USER_DATA', '/home/robot33-6/snap/qtcreator-ros/107'), ('GIO_LAUNCHED_DESKTOP_FILE', '/var/lib/snapd/desktop/applications/qtcreator-ros_qtcreator-ros.desktop'), ('GNOME_SHELL_SESSION_MODE', 'ubuntu'), ('GTK_MODULES', 'gail:atk-bridge'), ('ROS_PYTHON_VERSION', '3'), ('LC_MONETARY', 'ru_RU.UTF-8'), ('MANAGERPID', '1373'), ('DBUS_SESSION_BUS_ADDRESS', 'unix:path=/run/user/1000/bus'), ('SYSTEMD_EXEC_PID', '1587'), ('GIO_LAUNCHED_DESKTOP_FILE_PID', '3050'), ('SNAP_REVISION', '107'), ('COLCON_PREFIX_PATH', '/home/robot33-6/student133_ws/install'), ('IM_CONFIG_PHASE', '1'), ('ROS_DISTRO', 'humble'), ('WAYLAND_DISPLAY', 'wayland-0'), ('LOGNAME', 'robot33-6'), ('JOURNAL_STREAM', '8:26382'), ('SNAP_CONTEXT', 'zfxwyVEa0dSM0vT388UHnSyWy-Mv84K8RE-CWR0OLT2wc9JrOksa'), ('_', '/usr/bin/env'), ('ROS_VERSION', '2'), ('SNAP_VERSION', '12.0.2'), ('XDG_SESSION_CLASS', 'user'), ('TERM', 'xterm'), ('USERNAME', 'robot33-6'), ('GNOME_DESKTOP_SESSION_ID', 'this-is-deprecated'), ('ROS_LOCALHOST_ONLY', '0'), ('SNAP_INSTANCE_NAME', 'qtcreator-ros'), ('PATH', '/opt/ros/humble/bin:/usr/local/sbin:/usr/local/bin:/usr/sbin:/usr/bin:/sbin:/bin:/usr/games:/usr/local/games:/snap/bin:/snap/bin'), ('INVOCATION_ID', '8be6e9d5a46c4dde9fbe4351f65a98da'), ('SESSION_MANAGER', 'local/robot33-6:@/tmp/.ICE-unix/1547,unix/robot33-6:/tmp/.ICE-unix/1547'), ('BAMF_DESKTOP_FILE_HINT', '/var/lib/snapd/desktop/applications/qtcreator-ros_qtcreator-ros.desktop'), ('GNOME_SETUP_DISPLAY', ':1'), ('LC_ADDRESS', 'ru_RU.UTF-8'), ('SNAP_DATA', '/var/snap/qtcreator-ros/107'), ('XDG_MENU_PREFIX', 'gnome-'), ('XDG_RUNTIME_DIR', '/run/user/1000'), ('DISPLAY', ':0'), ('LANG', 'en_US.UTF-8'), ('LC_TELEPHONE', 'ru_RU.UTF-8'), ('XDG_CURRENT_DESKTOP', 'ubuntu:GNOME'), ('XAUTHORITY', '/run/user/1000/.mutter-Xwaylandauth.NV73K2'), ('XDG_SESSION_DESKTOP', 'ubuntu'), ('XMODIFIERS', '@im=ibus'), ('AMENT_PREFIX_PATH', '/home/robot33-6/student133_ws/install/test_visualization:/home/robot33-6/student133_ws/install/test_parameters:/home/robot33-6/student133_ws/install/test_client:/home/robot33-6/student133_ws/install/test_service:/home/robot33-6/student133_ws/install/test_custom_srv:/home/robot33-6/student133_ws/install/test_custom_publisher:/home/robot33-6/student133_ws/install/test_castom_publisher:/home/robot33-6/student133_ws/install/test_custom_msg:/home/robot33-6/student133_ws/install/test_subscriber:/home/robot33-6/student133_ws/install/test_publisher:/home/robot33-6/student133_ws/install/test_pkg:/opt/ros/humble'), ('SNAP_ARCH', 'amd64'), ('SNAP_COOKIE', 'zfxwyVEa0dSM0vT388UHnSyWy-Mv84K8RE-CWR0OLT2wc9JrOksa'), ('SNAP_USER_COMMON', '/home/robot33-6/snap/qtcreator-ros/common'), ('SSH_AGENT_LAUNCHER', 'gnome-keyring'), ('SSH_AUTH_SOCK', '/run/user/1000/keyring/ssh'), ('LC_NAME', 'ru_RU.UTF-8'), ('SHELL', '/bin/bash'), ('GDMSESSION', 'ubuntu'), ('QT_ACCESSIBILITY', '1'), ('SNAP_REEXEC', ''), ('SNAP_NAME', 'qtcreator-ros'), ('LC_MEASUREMENT', 'ru_RU.UTF-8'), ('GJS_DEBUG_OUTPUT', 'stderr'), ('LC_IDENTIFICATION', 'ru_RU.UTF-8'), ('QT_IM_MODULE', 'ibus'), ('PWD', '/home/robot33-6/student133_ws/build/test_visualization'), ('QT_QPA_PLATFORM', 'wayland;xcb'), ('SNAP_REAL_HOME', '/home/robot33-6'), ('XDG_CONFIG_DIRS', '/etc/xdg/xdg-ubuntu:/etc/xdg'), ('XDG_DATA_DIRS', '/usr/share/ubuntu:/usr/local/share/:/usr/share/:/var/lib/snapd/desktop'), ('LC_NUMERIC', 'ru_RU.UTF-8'), ('PYTHONPATH', '/home/robot33-6/student133_ws/install/test_custom_srv/local/lib/python3.10/dist-packages:/home/robot33-6/student133_ws/install/test_custom_msg/local/lib/python3.10/dist-packages:/opt/ros/humble/lib/python3.10/site-packages:/opt/ros/humble/local/lib/python3.10/dist-packages'), ('SNAP', '/snap/qtcreator-ros/107'), ('SNAP_EUID', '1000'), ('LC_PAPER', 'ru_RU.UTF-8'), ('COLCON', '1'), ('CMAKE_PREFIX_PATH', '/home/robot33-6/student133_ws/install/test_visualization:/home/robot33-6/student133_ws/install/test_parameters:/home/robot33-6/student133_ws/install/test_client:/home/robot33-6/student133_ws/install/test_service:/home/robot33-6/student133_ws/install/test_custom_srv:/home/robot33-6/student133_ws/install/test_custom_publisher:/home/robot33-6/student133_ws/install/test_castom_publisher:/home/robot33-6/student133_ws/install/test_custom_msg:/home/robot33-6/student133_ws/install/test_subscriber:/home/robot33-6/student133_ws/install/test_publisher:/home/robot33-6/student133_ws/install/test_pkg:/opt/ros/humble'), ('LIBGL_DRIVERS_PATH', '/snap/qtcreator-ros/107/usr/lib/x86_64-linux-gnu/dri')]), 'shell': False}
[1.602100] (-) TimerEvent: {}
[1.636457] (test_custom_srv) JobEnded: {'identifier': 'test_custom_srv', 'rc': 0}
[1.637614] (test_subscriber) StdoutLine: {'line': b'-- Install configuration: "Debug"\n'}
[1.637756] (test_subscriber) StdoutLine: {'line': b'-- Up-to-date: /home/robot33-6/student133_ws/install/test_subscriber/lib/test_subscriber/test_subscriber_node\n'}
[1.637874] (test_subscriber) StdoutLine: {'line': b'-- Up-to-date: /home/robot33-6/student133_ws/install/test_subscriber/share/ament_index/resource_index/package_run_dependencies/test_subscriber\n'}
[1.637931] (test_subscriber) StdoutLine: {'line': b'-- Up-to-date: /home/robot33-6/student133_ws/install/test_subscriber/share/ament_index/resource_index/parent_prefix_path/test_subscriber\n'}
[1.637983] (test_subscriber) StdoutLine: {'line': b'-- Up-to-date: /home/robot33-6/student133_ws/install/test_subscriber/share/test_subscriber/environment/ament_prefix_path.sh\n'}
[1.638034] (test_subscriber) StdoutLine: {'line': b'-- Up-to-date: /home/robot33-6/student133_ws/install/test_subscriber/share/test_subscriber/environment/ament_prefix_path.dsv\n'}
[1.638100] (test_subscriber) StdoutLine: {'line': b'-- Up-to-date: /home/robot33-6/student133_ws/install/test_subscriber/share/test_subscriber/environment/path.sh\n'}
[1.638152] (test_subscriber) StdoutLine: {'line': b'-- Up-to-date: /home/robot33-6/student133_ws/install/test_subscriber/share/test_subscriber/environment/path.dsv\n'}
[1.638202] (test_subscriber) StdoutLine: {'line': b'-- Up-to-date: /home/robot33-6/student133_ws/install/test_subscriber/share/test_subscriber/local_setup.bash\n'}
[1.638251] (test_subscriber) StdoutLine: {'line': b'-- Up-to-date: /home/robot33-6/student133_ws/install/test_subscriber/share/test_subscriber/local_setup.sh\n'}
[1.638300] (test_subscriber) StdoutLine: {'line': b'-- Up-to-date: /home/robot33-6/student133_ws/install/test_subscriber/share/test_subscriber/local_setup.zsh\n'}
[1.638348] (test_subscriber) StdoutLine: {'line': b'-- Up-to-date: /home/robot33-6/student133_ws/install/test_subscriber/share/test_subscriber/local_setup.dsv\n'}
[1.638396] (test_subscriber) StdoutLine: {'line': b'-- Installing: /home/robot33-6/student133_ws/install/test_subscriber/share/test_subscriber/package.dsv\n'}
[1.638445] (test_subscriber) StdoutLine: {'line': b'-- Up-to-date: /home/robot33-6/student133_ws/install/test_subscriber/share/ament_index/resource_index/packages/test_subscriber\n'}
[1.638546] (test_subscriber) StdoutLine: {'line': b'-- Up-to-date: /home/robot33-6/student133_ws/install/test_subscriber/share/test_subscriber/cmake/test_subscriberConfig.cmake\n'}
[1.638631] (test_subscriber) StdoutLine: {'line': b'-- Up-to-date: /home/robot33-6/student133_ws/install/test_subscriber/share/test_subscriber/cmake/test_subscriberConfig-version.cmake\n'}
[1.638680] (test_subscriber) StdoutLine: {'line': b'-- Up-to-date: /home/robot33-6/student133_ws/install/test_subscriber/share/test_subscriber/package.xml\n'}
[1.638730] (test_visualization) StdoutLine: {'line': b'-- Install configuration: "Debug"\n'}
[1.638795] (test_visualization) StdoutLine: {'line': b'-- Up-to-date: /home/robot33-6/student133_ws/install/test_visualization/lib/test_visualization/test_visualization_node\n'}
[1.638902] (test_visualization) StdoutLine: {'line': b'-- Up-to-date: /home/robot33-6/student133_ws/install/test_visualization/share/ament_index/resource_index/package_run_dependencies/test_visualization\n'}
[1.638987] (test_visualization) StdoutLine: {'line': b'-- Up-to-date: /home/robot33-6/student133_ws/install/test_visualization/share/ament_index/resource_index/parent_prefix_path/test_visualization\n'}
[1.639045] (test_visualization) StdoutLine: {'line': b'-- Up-to-date: /home/robot33-6/student133_ws/install/test_visualization/share/test_visualization/environment/ament_prefix_path.sh\n'}
[1.639094] (test_visualization) StdoutLine: {'line': b'-- Up-to-date: /home/robot33-6/student133_ws/install/test_visualization/share/test_visualization/environment/ament_prefix_path.dsv\n'}
[1.639157] (test_visualization) StdoutLine: {'line': b'-- Up-to-date: /home/robot33-6/student133_ws/install/test_visualization/share/test_visualization/environment/path.sh\n'}
[1.639207] (test_visualization) StdoutLine: {'line': b'-- Up-to-date: /home/robot33-6/student133_ws/install/test_visualization/share/test_visualization/environment/path.dsv\n'}
[1.639257] (test_visualization) StdoutLine: {'line': b'-- Up-to-date: /home/robot33-6/student133_ws/install/test_visualization/share/test_visualization/local_setup.bash\n'}
[1.639305] (test_visualization) StdoutLine: {'line': b'-- Up-to-date: /home/robot33-6/student133_ws/install/test_visualization/share/test_visualization/local_setup.sh\n'}
[1.639354] (test_visualization) StdoutLine: {'line': b'-- Up-to-date: /home/robot33-6/student133_ws/install/test_visualization/share/test_visualization/local_setup.zsh\n'}
[1.639478] (test_visualization) StdoutLine: {'line': b'-- Up-to-date: /home/robot33-6/student133_ws/install/test_visualization/share/test_visualization/local_setup.dsv\n'}
[1.639529] (test_visualization) StdoutLine: {'line': b'-- Installing: /home/robot33-6/student133_ws/install/test_visualization/share/test_visualization/package.dsv\n'}
[1.639592] (test_visualization) StdoutLine: {'line': b'-- Up-to-date: /home/robot33-6/student133_ws/install/test_visualization/share/ament_index/resource_index/packages/test_visualization\n'}
[1.639642] (test_visualization) StdoutLine: {'line': b'-- Up-to-date: /home/robot33-6/student133_ws/install/test_visualization/share/test_visualization/cmake/test_visualizationConfig.cmake\n'}
[1.639692] (test_visualization) StdoutLine: {'line': b'-- Up-to-date: /home/robot33-6/student133_ws/install/test_visualization/share/test_visualization/cmake/test_visualizationConfig-version.cmake\n'}
[1.639786] (test_visualization) StdoutLine: {'line': b'-- Up-to-date: /home/robot33-6/student133_ws/install/test_visualization/share/test_visualization/package.xml\n'}
[1.639871] (test_subscriber) CommandEnded: {'returncode': 0}
[1.680868] (test_visualization) CommandEnded: {'returncode': 0}
[1.702475] (-) TimerEvent: {}
[1.779322] (test_subscriber) JobEnded: {'identifier': 'test_subscriber', 'rc': 0}
[1.802721] (-) TimerEvent: {}
[1.833448] (test_visualization) JobEnded: {'identifier': 'test_visualization', 'rc': 0}
[1.902843] (-) TimerEvent: {}
[2.003080] (-) TimerEvent: {}
[2.103310] (-) TimerEvent: {}
[2.203529] (-) TimerEvent: {}
[2.303784] (-) TimerEvent: {}
[2.404021] (-) TimerEvent: {}
[2.504251] (-) TimerEvent: {}
[2.604474] (-) TimerEvent: {}
[2.642853] (test_publisher) StderrLine: {'line': b'/home/robot33-6/student133_ws/src/test_publisher/src/test_publisher_node.cpp: In constructor \xe2\x80\x98TestPublisher::TestPublisher()\xe2\x80\x99:\n'}
[2.642989] (test_publisher) StderrLine: {'line': b'/home/robot33-6/student133_ws/src/test_publisher/src/test_publisher_node.cpp:17:55: error: \xe2\x80\x98Int32\xe2\x80\x99 is not a member of \xe2\x80\x98std_msgs::msg\xe2\x80\x99\n'}
[2.643045] (test_publisher) StderrLine: {'line': b'   17 |     publisher = this->create_publisher<std_msgs::msg::Int32>\n'}
[2.643092] (test_publisher) StderrLine: {'line': b'      |                                                       ^~~~~\n'}
[2.643138] (test_publisher) StderrLine: {'line': b'/home/robot33-6/student133_ws/src/test_publisher/src/test_publisher_node.cpp:18:29: error: no matching function for call to \xe2\x80\x98TestPublisher::create_publisher<<expression error> >(const char [7], int)\xe2\x80\x99\n'}
[2.643185] (test_publisher) StderrLine: {'line': b'   17 |     publisher = this->create_publisher<std_msgs::msg::Int32>\n'}
[2.643235] (test_publisher) StderrLine: {'line': b'      |                 ~~~~~~~~~~~~~~~~~~~~~~~~~~~~~~~~~~~~~~~~~~~~\n'}
[2.643279] (test_publisher) StderrLine: {'line': b'   18 |                             ("msg_tr",8);\n'}
[2.643324] (test_publisher) StderrLine: {'line': b'      |                             ^~~~~~~~~~~~\n'}
[2.643368] (test_publisher) StderrLine: {'line': b'In file included from /opt/ros/humble/include/rclcpp/rclcpp/node.hpp:1321,\n'}
[2.643413] (test_publisher) StderrLine: {'line': b'                 from /opt/ros/humble/include/rclcpp/rclcpp/executors/single_threaded_executor.hpp:28,\n'}
[2.643458] (test_publisher) StderrLine: {'line': b'                 from /opt/ros/humble/include/rclcpp/rclcpp/executors.hpp:22,\n'}
[2.643502] (test_publisher) StderrLine: {'line': b'                 from /opt/ros/humble/include/rclcpp/rclcpp/rclcpp.hpp:155,\n'}
[2.643546] (test_publisher) StderrLine: {'line': b'                 from /home/robot33-6/student133_ws/src/test_publisher/src/test_publisher_node.cpp:1:\n'}
[2.643590] (test_publisher) StderrLine: {'line': b'/opt/ros/humble/include/rclcpp/rclcpp/node_impl.hpp:73:1: note: candidate: \xe2\x80\x98template<class MessageT, class AllocatorT, class PublisherT> std::shared_ptr<PublisherT> rclcpp::Node::create_publisher(const string&, const rclcpp::QoS&, const rclcpp::PublisherOptionsWithAllocator<AllocatorT>&)\xe2\x80\x99\n'}
[2.643637] (test_publisher) StderrLine: {'line': b'   73 | Node::create_publisher(\n'}
[2.643681] (test_publisher) StderrLine: {'line': b'      | ^~~~\n'}
[2.643726] (test_publisher) StderrLine: {'line': b'/opt/ros/humble/include/rclcpp/rclcpp/node_impl.hpp:73:1: note:   template argument deduction/substitution failed:\n'}
[2.643770] (test_publisher) StderrLine: {'line': b'/home/robot33-6/student133_ws/src/test_publisher/src/test_publisher_node.cpp:18:29: error: template argument 1 is invalid\n'}
[2.643814] (test_publisher) StderrLine: {'line': b'   17 |     publisher = this->create_publisher<std_msgs::msg::Int32>\n'}
[2.643857] (test_publisher) StderrLine: {'line': b'      |                 ~~~~~~~~~~~~~~~~~~~~~~~~~~~~~~~~~~~~~~~~~~~~\n'}
[2.643901] (test_publisher) StderrLine: {'line': b'   18 |                             ("msg_tr",8);\n'}
[2.643945] (test_publisher) StderrLine: {'line': b'      |                             ^~~~~~~~~~~~\n'}
[2.704586] (-) TimerEvent: {}
[2.804822] (-) TimerEvent: {}
[2.905048] (-) TimerEvent: {}
[3.005295] (-) TimerEvent: {}
[3.105529] (-) TimerEvent: {}
[3.205748] (-) TimerEvent: {}
[3.305982] (-) TimerEvent: {}
[3.406201] (-) TimerEvent: {}
[3.492234] (test_publisher) StderrLine: {'line': b'gmake[2]: *** [CMakeFiles/test_publisher_node.dir/build.make:76: CMakeFiles/test_publisher_node.dir/src/test_publisher_node.cpp.o] Error 1\n'}
[3.492412] (test_publisher) StderrLine: {'line': b'gmake[1]: *** [CMakeFiles/Makefile2:137: CMakeFiles/test_publisher_node.dir/all] Error 2\n'}
[3.492541] (test_publisher) StderrLine: {'line': b'gmake: *** [Makefile:146: all] Error 2\n'}
[3.493744] (test_publisher) CommandEnded: {'returncode': 2}
[3.506274] (-) TimerEvent: {}
[3.563851] (test_publisher) JobEnded: {'identifier': 'test_publisher', 'rc': 2}
[3.574102] (-) EventReactorShutdown: {}
