[0.121s] Invoking command in '/home/robot33-6/student133_ws/build/test_publisher': CMAKE_PREFIX_PATH=${CMAKE_PREFIX_PATH}:/opt/ros/humble /usr/bin/cmake --build /home/robot33-6/student133_ws/build/test_publisher -- -j8 -l8
[0.190s] Consolidate compiler generated dependencies of target test_publisher_node
[0.214s] [ 50%] Building CXX object CMakeFiles/test_publisher_node.dir/src/test_publisher_node.cpp.o
[2.375s] /home/robot33-6/student133_ws/src/test_publisher/src/test_publisher_node.cpp: In constructor ‘TestPublisher::TestPublisher()’:
[2.375s] /home/robot33-6/student133_ws/src/test_publisher/src/test_publisher_node.cpp:14:55: error: ‘int32’ is not a member of ‘std_msgs::msg’
[2.376s]    14 |     publisher = this->create_publisher<std_msgs::msg::int32>
[2.376s]       |                                                       ^~~~~
[2.376s] /home/robot33-6/student133_ws/src/test_publisher/src/test_publisher_node.cpp:15:29: error: no matching function for call to ‘TestPublisher::create_publisher<<expression error> >(int)’
[2.376s]    14 |     publisher = this->create_publisher<std_msgs::msg::int32>
[2.376s]       |                 ~~~~~~~~~~~~~~~~~~~~~~~~~~~~~~~~~~~~~~~~~~~~
[2.376s]    15 |                             (8);
[2.376s]       |                             ^~~
[2.376s] In file included from /opt/ros/humble/include/rclcpp/rclcpp/executors/single_threaded_executor.hpp:28,
[2.376s]                  from /opt/ros/humble/include/rclcpp/rclcpp/executors.hpp:22,
[2.376s]                  from /opt/ros/humble/include/rclcpp/rclcpp/rclcpp.hpp:155,
[2.376s]                  from /home/robot33-6/student133_ws/src/test_publisher/src/test_publisher_node.cpp:1:
[2.376s] /opt/ros/humble/include/rclcpp/rclcpp/node.hpp:195:3: note: candidate: ‘template<class MessageT, class AllocatorT, class PublisherT> std::shared_ptr<PublisherT> rclcpp::Node::create_publisher(const string&, const rclcpp::QoS&, const rclcpp::PublisherOptionsWithAllocator<AllocatorT>&)’
[2.377s]   195 |   create_publisher(
[2.377s]       |   ^~~~~~~~~~~~~~~~
[2.377s] /opt/ros/humble/include/rclcpp/rclcpp/node.hpp:195:3: note:   template argument deduction/substitution failed:
[2.377s] /home/robot33-6/student133_ws/src/test_publisher/src/test_publisher_node.cpp:15:29: error: template argument 1 is invalid
[2.377s]    14 |     publisher = this->create_publisher<std_msgs::msg::int32>
[2.377s]       |                 ~~~~~~~~~~~~~~~~~~~~~~~~~~~~~~~~~~~~~~~~~~~~
[2.377s]    15 |                             (8);
[2.377s]       |                             ^~~
[3.031s] gmake[2]: *** [CMakeFiles/test_publisher_node.dir/build.make:76: CMakeFiles/test_publisher_node.dir/src/test_publisher_node.cpp.o] Error 1
[3.031s] gmake[1]: *** [CMakeFiles/Makefile2:137: CMakeFiles/test_publisher_node.dir/all] Error 2
[3.031s] gmake: *** [Makefile:146: all] Error 2
[3.032s] Invoked command in '/home/robot33-6/student133_ws/build/test_publisher' returned '2': CMAKE_PREFIX_PATH=${CMAKE_PREFIX_PATH}:/opt/ros/humble /usr/bin/cmake --build /home/robot33-6/student133_ws/build/test_publisher -- -j8 -l8
