[0.323s] Invoking command in '/home/robot33-6/student133_ws/build/test_subscriber': CMAKE_PREFIX_PATH=${CMAKE_PREFIX_PATH}:/opt/ros/humble /usr/bin/cmake --build /home/robot33-6/student133_ws/build/test_subscriber -- -j8 -l8
[0.414s] Consolidate compiler generated dependencies of target test_subscriber_node
[0.414s] [ 50%] Building CXX object CMakeFiles/test_subscriber_node.dir/src/test_subscriber_node.cpp.o
[2.283s] /home/robot33-6/student133_ws/src/test_subscriber/src/test_subscriber_node.cpp: In member function ‘void TestSubscriber::message_callback(const Int32&) const’:
[2.283s] /home/robot33-6/student133_ws/src/test_subscriber/src/test_subscriber_node.cpp:48:5: error: increment of member ‘TestSubscriber::counter’ in read-only object
[2.283s]    48 |     counter++;
[2.283s]       |     ^~~~~~~
[2.283s] /home/robot33-6/student133_ws/src/test_subscriber/src/test_subscriber_node.cpp:43:53: warning: unused parameter ‘msg’ [-Wunused-parameter]
[2.283s]    43 |   void message_callback(const std_msgs::msg::Int32 &msg) const
[2.283s]       |                         ~~~~~~~~~~~~~~~~~~~~~~~~~~~~^~~
[3.985s] gmake[2]: *** [CMakeFiles/test_subscriber_node.dir/build.make:76: CMakeFiles/test_subscriber_node.dir/src/test_subscriber_node.cpp.o] Error 1
[3.985s] gmake[1]: *** [CMakeFiles/Makefile2:137: CMakeFiles/test_subscriber_node.dir/all] Error 2
[3.985s] gmake: *** [Makefile:146: all] Error 2
[3.987s] Invoked command in '/home/robot33-6/student133_ws/build/test_subscriber' returned '2': CMAKE_PREFIX_PATH=${CMAKE_PREFIX_PATH}:/opt/ros/humble /usr/bin/cmake --build /home/robot33-6/student133_ws/build/test_subscriber -- -j8 -l8
