[0.078s] Invoking command in '/home/robot33-6/student133_ws/build/test_serial_communication': CMAKE_PREFIX_PATH=${CMAKE_PREFIX_PATH}:/opt/ros/humble /usr/bin/cmake --build /home/robot33-6/student133_ws/build/test_serial_communication -- -j8 -l8
[0.137s] Consolidate compiler generated dependencies of target test_serial_communication_node
[0.182s] [ 50%] Building CXX object CMakeFiles/test_serial_communication_node.dir/src/test_serial_communication_node.cpp.o
[2.305s] /home/robot33-6/student133_ws/src/test_serial_communication/src/test_serial_communication_node.cpp: In member function ‘void TestSerial::timer_callback()’:
[2.305s] /home/robot33-6/student133_ws/src/test_serial_communication/src/test_serial_communication_node.cpp:51:74: error: expected ‘)’ before ‘;’ token
[2.305s]    51 |     pot =std::stoi(income_str.substr( income_str.find(","+1, num_lenght));
[2.305s]       |                                                                          ^
[2.305s] /home/robot33-6/student133_ws/src/test_serial_communication/src/test_serial_communication_node.cpp:51:19: note: to match this ‘(’
[2.305s]    51 |     pot =std::stoi(income_str.substr( income_str.find(","+1, num_lenght));
[2.305s]       |                   ^
[3.152s] gmake[2]: *** [CMakeFiles/test_serial_communication_node.dir/build.make:76: CMakeFiles/test_serial_communication_node.dir/src/test_serial_communication_node.cpp.o] Error 1
[3.153s] gmake[1]: *** [CMakeFiles/Makefile2:137: CMakeFiles/test_serial_communication_node.dir/all] Error 2
[3.153s] gmake: *** [Makefile:146: all] Error 2
[3.154s] Invoked command in '/home/robot33-6/student133_ws/build/test_serial_communication' returned '2': CMAKE_PREFIX_PATH=${CMAKE_PREFIX_PATH}:/opt/ros/humble /usr/bin/cmake --build /home/robot33-6/student133_ws/build/test_serial_communication -- -j8 -l8
