[0.060s] Invoking command in '/home/eragon/student133_ws/build/test_basic_publisher': CMAKE_PREFIX_PATH=${CMAKE_PREFIX_PATH}:/opt/ros/humble /usr/bin/cmake --build /home/eragon/student133_ws/build/test_basic_publisher -- -j8 -l8
[0.185s] Consolidate compiler generated dependencies of target test_basic_publisher
[0.247s] [ 50%] Building CXX object CMakeFiles/test_basic_publisher.dir/src/test_basic_publisher.cpp.o
[4.543s] /home/eragon/student133_ws/src/test_basic_publisher/src/test_basic_publisher.cpp: In constructor ‘TestBasicPublisher::TestBasicPublisher()’:
[4.544s] /home/eragon/student133_ws/src/test_basic_publisher/src/test_basic_publisher.cpp:13:9: error: class ‘TestBasicPublisher’ does not have any field named ‘counter’
[4.544s]    13 |         counter(0)
[4.544s]       |         ^~~~~~~
[4.563s] /home/eragon/student133_ws/src/test_basic_publisher/src/test_basic_publisher.cpp: In member function ‘void TestBasicPublisher::timer_callback()’:
[4.563s] /home/eragon/student133_ws/src/test_basic_publisher/src/test_basic_publisher.cpp:28:41: error: ‘to_strong’ is not a member of ‘std’; did you mean ‘to_string’?
[4.563s]    28 |         message.data = "Counter "+ std::to_strong(counter);
[4.563s]       |                                         ^~~~~~~~~
[4.563s]       |                                         to_string
[4.570s] /home/eragon/student133_ws/src/test_basic_publisher/src/test_basic_publisher.cpp:28:51: error: ‘counter’ was not declared in this scope
[4.570s]    28 |         message.data = "Counter "+ std::to_strong(counter);
[4.570s]       |                                                   ^~~~~~~
[4.575s] /home/eragon/student133_ws/src/test_basic_publisher/src/test_basic_publisher.cpp:30:52: error: no match for ‘operator<<’ (operand types are ‘const char [11]’ and ‘std_msgs::msg::String_<std::allocator<void> >::_data_type’ {aka ‘std::__cxx11::basic_string<char>’})
[4.575s]    30 |         RCLSPP_INFO(this->get_logger(),"Publised: "<<message.data);
[4.575s]       |                                        ~~~~~~~~~~~~^~~~~~~~~~~~~~
[4.575s]       |                                        |                     |
[4.575s]       |                                        const char [11]       std_msgs::msg::String_<std::allocator<void> >::_data_type {aka std::__cxx11::basic_string<char>}
[4.575s] In file included from /usr/include/c++/11/memory:77,
[4.576s]                  from /opt/ros/humble/include/rclcpp/rclcpp/rclcpp.hpp:153,
[4.576s]                  from /home/eragon/student133_ws/src/test_basic_publisher/src/test_basic_publisher.cpp:2:
[4.576s] /usr/include/c++/11/bits/shared_ptr.h:70:5: note: candidate: ‘template<class _Ch, class _Tr, class _Tp, __gnu_cxx::_Lock_policy _Lp> std::basic_ostream<_Ch, _Tr>& std::operator<<(std::basic_ostream<_Ch, _Tr>&, const std::__shared_ptr<_Tp, _Lp>&)’
[4.576s]    70 |     operator<<(std::basic_ostream<_Ch, _Tr>& __os,
[4.576s]       |     ^~~~~~~~
[4.576s] /usr/include/c++/11/bits/shared_ptr.h:70:5: note:   template argument deduction/substitution failed:
[4.576s] /home/eragon/student133_ws/src/test_basic_publisher/src/test_basic_publisher.cpp:30:62: note:   mismatched types ‘std::basic_ostream<_Ch, _Tr>’ and ‘const char [11]’
[4.576s]    30 |         RCLSPP_INFO(this->get_logger(),"Publised: "<<message.data);
[4.577s]       |                                                              ^~~~
[4.577s] In file included from /usr/include/c++/11/bits/basic_string.h:48,
[4.577s]                  from /usr/include/c++/11/string:55,
[4.577s]                  from /usr/include/c++/11/stdexcept:39,
[4.577s]                  from /usr/include/c++/11/system_error:41,
[4.577s]                  from /usr/include/c++/11/mutex:42,
[4.577s]                  from /usr/include/c++/11/future:38,
[4.577s]                  from /opt/ros/humble/include/rclcpp/rclcpp/executors.hpp:18,
[4.578s]                  from /opt/ros/humble/include/rclcpp/rclcpp/rclcpp.hpp:155,
[4.578s]                  from /home/eragon/student133_ws/src/test_basic_publisher/src/test_basic_publisher.cpp:2:
[4.578s] /usr/include/c++/11/string_view:667:5: note: candidate: ‘template<class _CharT, class _Traits> std::basic_ostream<_Ch, _Tr>& std::operator<<(std::basic_ostream<_Ch, _Tr>&, std::basic_string_view<_CharT, _Traits>)’
[4.578s]   667 |     operator<<(basic_ostream<_CharT, _Traits>& __os,
[4.578s]       |     ^~~~~~~~
[4.578s] /usr/include/c++/11/string_view:667:5: note:   template argument deduction/substitution failed:
[4.578s] /home/eragon/student133_ws/src/test_basic_publisher/src/test_basic_publisher.cpp:30:62: note:   mismatched types ‘std::basic_ostream<_Ch, _Tr>’ and ‘const char [11]’
[4.578s]    30 |         RCLSPP_INFO(this->get_logger(),"Publised: "<<message.data);
[4.579s]       |                                                              ^~~~
[4.579s] In file included from /usr/include/c++/11/string:55,
[4.579s]                  from /usr/include/c++/11/stdexcept:39,
[4.579s]                  from /usr/include/c++/11/system_error:41,
[4.579s]                  from /usr/include/c++/11/mutex:42,
[4.579s]                  from /usr/include/c++/11/future:38,
[4.579s]                  from /opt/ros/humble/include/rclcpp/rclcpp/executors.hpp:18,
[4.579s]                  from /opt/ros/humble/include/rclcpp/rclcpp/rclcpp.hpp:155,
[4.580s]                  from /home/eragon/student133_ws/src/test_basic_publisher/src/test_basic_publisher.cpp:2:
[4.580s] /usr/include/c++/11/bits/basic_string.h:6531:5: note: candidate: ‘template<class _CharT, class _Traits, class _Alloc> std::basic_ostream<_Ch, _Tr>& std::operator<<(std::basic_ostream<_Ch, _Tr>&, const std::__cxx11::basic_string<_CharT, _Traits, _Allocator>&)’
[4.580s]  6531 |     operator<<(basic_ostream<_CharT, _Traits>& __os,
[4.580s]       |     ^~~~~~~~
[4.580s] /usr/include/c++/11/bits/basic_string.h:6531:5: note:   template argument deduction/substitution failed:
[4.580s] /home/eragon/student133_ws/src/test_basic_publisher/src/test_basic_publisher.cpp:30:62: note:   mismatched types ‘std::basic_ostream<_Ch, _Tr>’ and ‘const char [11]’
[4.580s]    30 |         RCLSPP_INFO(this->get_logger(),"Publised: "<<message.data);
[4.581s]       |                                                              ^~~~
[4.581s] In file included from /usr/include/c++/11/mutex:42,
[4.581s]                  from /usr/include/c++/11/future:38,
[4.581s]                  from /opt/ros/humble/include/rclcpp/rclcpp/executors.hpp:18,
[4.581s]                  from /opt/ros/humble/include/rclcpp/rclcpp/rclcpp.hpp:155,
[4.581s]                  from /home/eragon/student133_ws/src/test_basic_publisher/src/test_basic_publisher.cpp:2:
[4.581s] /usr/include/c++/11/system_error:279:5: note: candidate: ‘template<class _CharT, class _Traits> std::basic_ostream<_Ch, _Tr>& std::operator<<(std::basic_ostream<_Ch, _Tr>&, const std::error_code&)’
[4.581s]   279 |     operator<<(basic_ostream<_CharT, _Traits>& __os, const error_code& __e)
[4.582s]       |     ^~~~~~~~
[4.582s] /usr/include/c++/11/system_error:279:5: note:   template argument deduction/substitution failed:
[4.582s] /home/eragon/student133_ws/src/test_basic_publisher/src/test_basic_publisher.cpp:30:62: note:   mismatched types ‘std::basic_ostream<_Ch, _Tr>’ and ‘const char [11]’
[4.582s]    30 |         RCLSPP_INFO(this->get_logger(),"Publised: "<<message.data);
[4.582s]       |                                                              ^~~~
[4.583s] In file included from /opt/ros/humble/include/rclcpp/rclcpp/executors/multi_threaded_executor.hpp:22,
[4.583s]                  from /opt/ros/humble/include/rclcpp/rclcpp/executors.hpp:21,
[4.583s]                  from /opt/ros/humble/include/rclcpp/rclcpp/rclcpp.hpp:155,
[4.583s]                  from /home/eragon/student133_ws/src/test_basic_publisher/src/test_basic_publisher.cpp:2:
[4.583s] /usr/include/c++/11/thread:92:5: note: candidate: ‘template<class _CharT, class _Traits> std::basic_ostream<_Ch, _Tr>& std::operator<<(std::basic_ostream<_Ch, _Tr>&, std::thread::id)’
[4.583s]    92 |     operator<<(basic_ostream<_CharT, _Traits>& __out, thread::id __id)
[4.583s]       |     ^~~~~~~~
[4.584s] /usr/include/c++/11/thread:92:5: note:   template argument deduction/substitution failed:
[4.584s] /home/eragon/student133_ws/src/test_basic_publisher/src/test_basic_publisher.cpp:30:62: note:   mismatched types ‘std::basic_ostream<_Ch, _Tr>’ and ‘const char [11]’
[4.584s]    30 |         RCLSPP_INFO(this->get_logger(),"Publised: "<<message.data);
[4.584s]       |                                                              ^~~~
[4.584s] In file included from /usr/include/c++/11/iostream:39,
[4.584s]                  from /opt/ros/humble/include/rclcpp/rclcpp/executor.hpp:22,
[4.584s]                  from /opt/ros/humble/include/rclcpp/rclcpp/executors/multi_threaded_executor.hpp:25,
[4.584s]                  from /opt/ros/humble/include/rclcpp/rclcpp/executors.hpp:21,
[4.585s]                  from /opt/ros/humble/include/rclcpp/rclcpp/rclcpp.hpp:155,
[4.585s]                  from /home/eragon/student133_ws/src/test_basic_publisher/src/test_basic_publisher.cpp:2:
[4.585s] /usr/include/c++/11/ostream:513:5: note: candidate: ‘template<class _CharT, class _Traits> std::basic_ostream<_Ch, _Tr>& std::operator<<(std::basic_ostream<_Ch, _Tr>&, _CharT)’
[4.585s]   513 |     operator<<(basic_ostream<_CharT, _Traits>& __out, _CharT __c)
[4.585s]       |     ^~~~~~~~
[4.585s] /usr/include/c++/11/ostream:513:5: note:   template argument deduction/substitution failed:
[4.585s] /home/eragon/student133_ws/src/test_basic_publisher/src/test_basic_publisher.cpp:30:62: note:   mismatched types ‘std::basic_ostream<_Ch, _Tr>’ and ‘const char [11]’
[4.586s]    30 |         RCLSPP_INFO(this->get_logger(),"Publised: "<<message.data);
[4.586s]       |                                                              ^~~~
[4.586s] In file included from /usr/include/c++/11/iostream:39,
[4.586s]                  from /opt/ros/humble/include/rclcpp/rclcpp/executor.hpp:22,
[4.586s]                  from /opt/ros/humble/include/rclcpp/rclcpp/executors/multi_threaded_executor.hpp:25,
[4.586s]                  from /opt/ros/humble/include/rclcpp/rclcpp/executors.hpp:21,
[4.586s]                  from /opt/ros/humble/include/rclcpp/rclcpp/rclcpp.hpp:155,
[4.587s]                  from /home/eragon/student133_ws/src/test_basic_publisher/src/test_basic_publisher.cpp:2:
[4.587s] /usr/include/c++/11/ostream:518:5: note: candidate: ‘template<class _CharT, class _Traits> std::basic_ostream<_Ch, _Tr>& std::operator<<(std::basic_ostream<_Ch, _Tr>&, char)’
[4.587s]   518 |     operator<<(basic_ostream<_CharT, _Traits>& __out, char __c)
[4.587s]       |     ^~~~~~~~
[4.587s] /usr/include/c++/11/ostream:518:5: note:   template argument deduction/substitution failed:
[4.588s] /home/eragon/student133_ws/src/test_basic_publisher/src/test_basic_publisher.cpp:30:62: note:   mismatched types ‘std::basic_ostream<_Ch, _Tr>’ and ‘const char [11]’
[4.588s]    30 |         RCLSPP_INFO(this->get_logger(),"Publised: "<<message.data);
[4.588s]       |                                                              ^~~~
[4.588s] In file included from /usr/include/c++/11/iostream:39,
[4.588s]                  from /opt/ros/humble/include/rclcpp/rclcpp/executor.hpp:22,
[4.588s]                  from /opt/ros/humble/include/rclcpp/rclcpp/executors/multi_threaded_executor.hpp:25,
[4.588s]                  from /opt/ros/humble/include/rclcpp/rclcpp/executors.hpp:21,
[4.588s]                  from /opt/ros/humble/include/rclcpp/rclcpp/rclcpp.hpp:155,
[4.589s]                  from /home/eragon/student133_ws/src/test_basic_publisher/src/test_basic_publisher.cpp:2:
[4.589s] /usr/include/c++/11/ostream:524:5: note: candidate: ‘template<class _Traits> std::basic_ostream<char, _Traits>& std::operator<<(std::basic_ostream<char, _Traits>&, char)’
[4.589s]   524 |     operator<<(basic_ostream<char, _Traits>& __out, char __c)
[4.589s]       |     ^~~~~~~~
[4.589s] /usr/include/c++/11/ostream:524:5: note:   template argument deduction/substitution failed:
[4.589s] /home/eragon/student133_ws/src/test_basic_publisher/src/test_basic_publisher.cpp:30:62: note:   mismatched types ‘std::basic_ostream<char, _Traits>’ and ‘const char [11]’
[4.589s]    30 |         RCLSPP_INFO(this->get_logger(),"Publised: "<<message.data);
[4.590s]       |                                                              ^~~~
[4.590s] In file included from /usr/include/c++/11/iostream:39,
[4.590s]                  from /opt/ros/humble/include/rclcpp/rclcpp/executor.hpp:22,
[4.590s]                  from /opt/ros/humble/include/rclcpp/rclcpp/executors/multi_threaded_executor.hpp:25,
[4.590s]                  from /opt/ros/humble/include/rclcpp/rclcpp/executors.hpp:21,
[4.590s]                  from /opt/ros/humble/include/rclcpp/rclcpp/rclcpp.hpp:155,
[4.590s]                  from /home/eragon/student133_ws/src/test_basic_publisher/src/test_basic_publisher.cpp:2:
[4.591s] /usr/include/c++/11/ostream:530:5: note: candidate: ‘template<class _Traits> std::basic_ostream<char, _Traits>& std::operator<<(std::basic_ostream<char, _Traits>&, signed char)’
[4.591s]   530 |     operator<<(basic_ostream<char, _Traits>& __out, signed char __c)
[4.591s]       |     ^~~~~~~~
[4.591s] /usr/include/c++/11/ostream:530:5: note:   template argument deduction/substitution failed:
[4.591s] /home/eragon/student133_ws/src/test_basic_publisher/src/test_basic_publisher.cpp:30:62: note:   mismatched types ‘std::basic_ostream<char, _Traits>’ and ‘const char [11]’
[4.591s]    30 |         RCLSPP_INFO(this->get_logger(),"Publised: "<<message.data);
[4.592s]       |                                                              ^~~~
[4.592s] In file included from /usr/include/c++/11/iostream:39,
[4.592s]                  from /opt/ros/humble/include/rclcpp/rclcpp/executor.hpp:22,
[4.592s]                  from /opt/ros/humble/include/rclcpp/rclcpp/executors/multi_threaded_executor.hpp:25,
[4.592s]                  from /opt/ros/humble/include/rclcpp/rclcpp/executors.hpp:21,
[4.592s]                  from /opt/ros/humble/include/rclcpp/rclcpp/rclcpp.hpp:155,
[4.593s]                  from /home/eragon/student133_ws/src/test_basic_publisher/src/test_basic_publisher.cpp:2:
[4.593s] /usr/include/c++/11/ostream:535:5: note: candidate: ‘template<class _Traits> std::basic_ostream<char, _Traits>& std::operator<<(std::basic_ostream<char, _Traits>&, unsigned char)’
[4.593s]   535 |     operator<<(basic_ostream<char, _Traits>& __out, unsigned char __c)
[4.593s]       |     ^~~~~~~~
[4.593s] /usr/include/c++/11/ostream:535:5: note:   template argument deduction/substitution failed:
[4.593s] /home/eragon/student133_ws/src/test_basic_publisher/src/test_basic_publisher.cpp:30:62: note:   mismatched types ‘std::basic_ostream<char, _Traits>’ and ‘const char [11]’
[4.594s]    30 |         RCLSPP_INFO(this->get_logger(),"Publised: "<<message.data);
[4.594s]       |                                                              ^~~~
[4.594s] In file included from /usr/include/c++/11/iostream:39,
[4.594s]                  from /opt/ros/humble/include/rclcpp/rclcpp/executor.hpp:22,
[4.594s]                  from /opt/ros/humble/include/rclcpp/rclcpp/executors/multi_threaded_executor.hpp:25,
[4.594s]                  from /opt/ros/humble/include/rclcpp/rclcpp/executors.hpp:21,
[4.595s]                  from /opt/ros/humble/include/rclcpp/rclcpp/rclcpp.hpp:155,
[4.595s]                  from /home/eragon/student133_ws/src/test_basic_publisher/src/test_basic_publisher.cpp:2:
[4.595s] /usr/include/c++/11/ostream:594:5: note: candidate: ‘template<class _CharT, class _Traits> std::basic_ostream<_Ch, _Tr>& std::operator<<(std::basic_ostream<_Ch, _Tr>&, const _CharT*)’
[4.595s]   594 |     operator<<(basic_ostream<_CharT, _Traits>& __out, const _CharT* __s)
[4.595s]       |     ^~~~~~~~
[4.595s] /usr/include/c++/11/ostream:594:5: note:   template argument deduction/substitution failed:
[4.596s] /home/eragon/student133_ws/src/test_basic_publisher/src/test_basic_publisher.cpp:30:62: note:   mismatched types ‘std::basic_ostream<_Ch, _Tr>’ and ‘const char [11]’
[4.596s]    30 |         RCLSPP_INFO(this->get_logger(),"Publised: "<<message.data);
[4.596s]       |                                                              ^~~~
[4.596s] In file included from /usr/include/c++/11/ostream:829,
[4.596s]                  from /usr/include/c++/11/iostream:39,
[4.596s]                  from /opt/ros/humble/include/rclcpp/rclcpp/executor.hpp:22,
[4.596s]                  from /opt/ros/humble/include/rclcpp/rclcpp/executors/multi_threaded_executor.hpp:25,
[4.597s]                  from /opt/ros/humble/include/rclcpp/rclcpp/executors.hpp:21,
[4.597s]                  from /opt/ros/humble/include/rclcpp/rclcpp/rclcpp.hpp:155,
[4.597s]                  from /home/eragon/student133_ws/src/test_basic_publisher/src/test_basic_publisher.cpp:2:
[4.597s] /usr/include/c++/11/bits/ostream.tcc:321:5: note: candidate: ‘template<class _CharT, class _Traits> std::basic_ostream<_Ch, _Tr>& std::operator<<(std::basic_ostream<_Ch, _Tr>&, const char*)’
[4.597s]   321 |     operator<<(basic_ostream<_CharT, _Traits>& __out, const char* __s)
[4.597s]       |     ^~~~~~~~
[4.597s] /usr/include/c++/11/bits/ostream.tcc:321:5: note:   template argument deduction/substitution failed:
[4.598s] /home/eragon/student133_ws/src/test_basic_publisher/src/test_basic_publisher.cpp:30:62: note:   mismatched types ‘std::basic_ostream<_Ch, _Tr>’ and ‘const char [11]’
[4.598s]    30 |         RCLSPP_INFO(this->get_logger(),"Publised: "<<message.data);
[4.598s]       |                                                              ^~~~
[4.598s] In file included from /usr/include/c++/11/iostream:39,
[4.598s]                  from /opt/ros/humble/include/rclcpp/rclcpp/executor.hpp:22,
[4.598s]                  from /opt/ros/humble/include/rclcpp/rclcpp/executors/multi_threaded_executor.hpp:25,
[4.598s]                  from /opt/ros/humble/include/rclcpp/rclcpp/executors.hpp:21,
[4.599s]                  from /opt/ros/humble/include/rclcpp/rclcpp/rclcpp.hpp:155,
[4.599s]                  from /home/eragon/student133_ws/src/test_basic_publisher/src/test_basic_publisher.cpp:2:
[4.599s] /usr/include/c++/11/ostream:611:5: note: candidate: ‘template<class _Traits> std::basic_ostream<char, _Traits>& std::operator<<(std::basic_ostream<char, _Traits>&, const char*)’
[4.599s]   611 |     operator<<(basic_ostream<char, _Traits>& __out, const char* __s)
[4.599s]       |     ^~~~~~~~
[4.599s] /usr/include/c++/11/ostream:611:5: note:   template argument deduction/substitution failed:
[4.599s] /home/eragon/student133_ws/src/test_basic_publisher/src/test_basic_publisher.cpp:30:62: note:   mismatched types ‘std::basic_ostream<char, _Traits>’ and ‘const char [11]’
[4.599s]    30 |         RCLSPP_INFO(this->get_logger(),"Publised: "<<message.data);
[4.600s]       |                                                              ^~~~
[4.600s] In file included from /usr/include/c++/11/iostream:39,
[4.600s]                  from /opt/ros/humble/include/rclcpp/rclcpp/executor.hpp:22,
[4.600s]                  from /opt/ros/humble/include/rclcpp/rclcpp/executors/multi_threaded_executor.hpp:25,
[4.600s]                  from /opt/ros/humble/include/rclcpp/rclcpp/executors.hpp:21,
[4.600s]                  from /opt/ros/humble/include/rclcpp/rclcpp/rclcpp.hpp:155,
[4.600s]                  from /home/eragon/student133_ws/src/test_basic_publisher/src/test_basic_publisher.cpp:2:
[4.600s] /usr/include/c++/11/ostream:624:5: note: candidate: ‘template<class _Traits> std::basic_ostream<char, _Traits>& std::operator<<(std::basic_ostream<char, _Traits>&, const signed char*)’
[4.601s]   624 |     operator<<(basic_ostream<char, _Traits>& __out, const signed char* __s)
[4.601s]       |     ^~~~~~~~
[4.601s] /usr/include/c++/11/ostream:624:5: note:   template argument deduction/substitution failed:
[4.601s] /home/eragon/student133_ws/src/test_basic_publisher/src/test_basic_publisher.cpp:30:62: note:   mismatched types ‘std::basic_ostream<char, _Traits>’ and ‘const char [11]’
[4.601s]    30 |         RCLSPP_INFO(this->get_logger(),"Publised: "<<message.data);
[4.601s]       |                                                              ^~~~
[4.601s] In file included from /usr/include/c++/11/iostream:39,
[4.601s]                  from /opt/ros/humble/include/rclcpp/rclcpp/executor.hpp:22,
[4.602s]                  from /opt/ros/humble/include/rclcpp/rclcpp/executors/multi_threaded_executor.hpp:25,
[4.602s]                  from /opt/ros/humble/include/rclcpp/rclcpp/executors.hpp:21,
[4.602s]                  from /opt/ros/humble/include/rclcpp/rclcpp/rclcpp.hpp:155,
[4.602s]                  from /home/eragon/student133_ws/src/test_basic_publisher/src/test_basic_publisher.cpp:2:
[4.602s] /usr/include/c++/11/ostream:629:5: note: candidate: ‘template<class _Traits> std::basic_ostream<char, _Traits>& std::operator<<(std::basic_ostream<char, _Traits>&, const unsigned char*)’
[4.602s]   629 |     operator<<(basic_ostream<char, _Traits>& __out, const unsigned char* __s)
[4.602s]       |     ^~~~~~~~
[4.602s] /usr/include/c++/11/ostream:629:5: note:   template argument deduction/substitution failed:
[4.603s] /home/eragon/student133_ws/src/test_basic_publisher/src/test_basic_publisher.cpp:30:62: note:   mismatched types ‘std::basic_ostream<char, _Traits>’ and ‘const char [11]’
[4.603s]    30 |         RCLSPP_INFO(this->get_logger(),"Publised: "<<message.data);
[4.603s]       |                                                              ^~~~
[4.603s] In file included from /usr/include/c++/11/iostream:39,
[4.603s]                  from /opt/ros/humble/include/rclcpp/rclcpp/executor.hpp:22,
[4.603s]                  from /opt/ros/humble/include/rclcpp/rclcpp/executors/multi_threaded_executor.hpp:25,
[4.603s]                  from /opt/ros/humble/include/rclcpp/rclcpp/executors.hpp:21,
[4.603s]                  from /opt/ros/humble/include/rclcpp/rclcpp/rclcpp.hpp:155,
[4.604s]                  from /home/eragon/student133_ws/src/test_basic_publisher/src/test_basic_publisher.cpp:2:
[4.604s] /usr/include/c++/11/ostream:750:5: note: candidate: ‘template<class _Ostream, class _Tp> _Ostream&& std::operator<<(_Ostream&&, const _Tp&)’
[4.604s]   750 |     operator<<(_Ostream&& __os, const _Tp& __x)
[4.604s]       |     ^~~~~~~~
[4.604s] /usr/include/c++/11/ostream:750:5: note:   template argument deduction/substitution failed:
[4.604s] /usr/include/c++/11/ostream: In substitution of ‘template<class _Ostream, class _Tp> _Ostream&& std::operator<<(_Ostream&&, const _Tp&) [with _Ostream = const char (&)[11]; _Tp = std::__cxx11::basic_string<char>]’:
[4.604s] /home/eragon/student133_ws/src/test_basic_publisher/src/test_basic_publisher.cpp:30:62:   required from here
[4.604s] /usr/include/c++/11/ostream:750:5: error: no type named ‘type’ in ‘struct std::enable_if<false, void>’
[4.605s] In file included from /opt/ros/humble/include/rosidl_runtime_cpp/rosidl_runtime_cpp/traits.hpp:19,
[4.605s]                  from /opt/ros/humble/include/builtin_interfaces/builtin_interfaces/msg/detail/duration__traits.hpp:15,
[4.605s]                  from /opt/ros/humble/include/builtin_interfaces/builtin_interfaces/msg/duration.hpp:9,
[4.605s]                  from /opt/ros/humble/include/rclcpp/rclcpp/duration.hpp:20,
[4.605s]                  from /opt/ros/humble/include/rclcpp/rclcpp/qos.hpp:20,
[4.605s]                  from /opt/ros/humble/include/rclcpp/rclcpp/node_interfaces/node_graph_interface.hpp:32,
[4.605s]                  from /opt/ros/humble/include/rclcpp/rclcpp/client.hpp:42,
[4.605s]                  from /opt/ros/humble/include/rclcpp/rclcpp/callback_group.hpp:24,
[4.606s]                  from /opt/ros/humble/include/rclcpp/rclcpp/any_executable.hpp:20,
[4.606s]                  from /opt/ros/humble/include/rclcpp/rclcpp/memory_strategy.hpp:25,
[4.606s]                  from /opt/ros/humble/include/rclcpp/rclcpp/memory_strategies.hpp:18,
[4.606s]                  from /opt/ros/humble/include/rclcpp/rclcpp/executor_options.hpp:20,
[4.606s]                  from /opt/ros/humble/include/rclcpp/rclcpp/executor.hpp:37,
[4.606s]                  from /opt/ros/humble/include/rclcpp/rclcpp/executors/multi_threaded_executor.hpp:25,
[4.606s]                  from /opt/ros/humble/include/rclcpp/rclcpp/executors.hpp:21,
[4.606s]                  from /opt/ros/humble/include/rclcpp/rclcpp/rclcpp.hpp:155,
[4.606s]                  from /home/eragon/student133_ws/src/test_basic_publisher/src/test_basic_publisher.cpp:2:
[4.607s] /usr/include/c++/11/iomanip:79:5: note: candidate: ‘template<class _CharT, class _Traits> std::basic_ostream<_Ch, _Tr>& std::operator<<(std::basic_ostream<_Ch, _Tr>&, std::_Resetiosflags)’
[4.607s]    79 |     operator<<(basic_ostream<_CharT, _Traits>& __os, _Resetiosflags __f)
[4.607s]       |     ^~~~~~~~
[4.607s] /usr/include/c++/11/iomanip:79:5: note:   template argument deduction/substitution failed:
[4.607s] /home/eragon/student133_ws/src/test_basic_publisher/src/test_basic_publisher.cpp:30:62: note:   mismatched types ‘std::basic_ostream<_Ch, _Tr>’ and ‘const char [11]’
[4.607s]    30 |         RCLSPP_INFO(this->get_logger(),"Publised: "<<message.data);
[4.607s]       |                                                              ^~~~
[4.607s] In file included from /opt/ros/humble/include/rosidl_runtime_cpp/rosidl_runtime_cpp/traits.hpp:19,
[4.608s]                  from /opt/ros/humble/include/builtin_interfaces/builtin_interfaces/msg/detail/duration__traits.hpp:15,
[4.608s]                  from /opt/ros/humble/include/builtin_interfaces/builtin_interfaces/msg/duration.hpp:9,
[4.608s]                  from /opt/ros/humble/include/rclcpp/rclcpp/duration.hpp:20,
[4.608s]                  from /opt/ros/humble/include/rclcpp/rclcpp/qos.hpp:20,
[4.608s]                  from /opt/ros/humble/include/rclcpp/rclcpp/node_interfaces/node_graph_interface.hpp:32,
[4.608s]                  from /opt/ros/humble/include/rclcpp/rclcpp/client.hpp:42,
[4.608s]                  from /opt/ros/humble/include/rclcpp/rclcpp/callback_group.hpp:24,
[4.608s]                  from /opt/ros/humble/include/rclcpp/rclcpp/any_executable.hpp:20,
[4.608s]                  from /opt/ros/humble/include/rclcpp/rclcpp/memory_strategy.hpp:25,
[4.609s]                  from /opt/ros/humble/include/rclcpp/rclcpp/memory_strategies.hpp:18,
[4.609s]                  from /opt/ros/humble/include/rclcpp/rclcpp/executor_options.hpp:20,
[4.609s]                  from /opt/ros/humble/include/rclcpp/rclcpp/executor.hpp:37,
[4.609s]                  from /opt/ros/humble/include/rclcpp/rclcpp/executors/multi_threaded_executor.hpp:25,
[4.609s]                  from /opt/ros/humble/include/rclcpp/rclcpp/executors.hpp:21,
[4.609s]                  from /opt/ros/humble/include/rclcpp/rclcpp/rclcpp.hpp:155,
[4.609s]                  from /home/eragon/student133_ws/src/test_basic_publisher/src/test_basic_publisher.cpp:2:
[4.609s] /usr/include/c++/11/iomanip:109:5: note: candidate: ‘template<class _CharT, class _Traits> std::basic_ostream<_Ch, _Tr>& std::operator<<(std::basic_ostream<_Ch, _Tr>&, std::_Setiosflags)’
[4.610s]   109 |     operator<<(basic_ostream<_CharT, _Traits>& __os, _Setiosflags __f)
[4.610s]       |     ^~~~~~~~
[4.610s] /usr/include/c++/11/iomanip:109:5: note:   template argument deduction/substitution failed:
[4.610s] /home/eragon/student133_ws/src/test_basic_publisher/src/test_basic_publisher.cpp:30:62: note:   mismatched types ‘std::basic_ostream<_Ch, _Tr>’ and ‘const char [11]’
[4.610s]    30 |         RCLSPP_INFO(this->get_logger(),"Publised: "<<message.data);
[4.610s]       |                                                              ^~~~
[4.610s] In file included from /opt/ros/humble/include/rosidl_runtime_cpp/rosidl_runtime_cpp/traits.hpp:19,
[4.610s]                  from /opt/ros/humble/include/builtin_interfaces/builtin_interfaces/msg/detail/duration__traits.hpp:15,
[4.611s]                  from /opt/ros/humble/include/builtin_interfaces/builtin_interfaces/msg/duration.hpp:9,
[4.611s]                  from /opt/ros/humble/include/rclcpp/rclcpp/duration.hpp:20,
[4.611s]                  from /opt/ros/humble/include/rclcpp/rclcpp/qos.hpp:20,
[4.611s]                  from /opt/ros/humble/include/rclcpp/rclcpp/node_interfaces/node_graph_interface.hpp:32,
[4.611s]                  from /opt/ros/humble/include/rclcpp/rclcpp/client.hpp:42,
[4.611s]                  from /opt/ros/humble/include/rclcpp/rclcpp/callback_group.hpp:24,
[4.611s]                  from /opt/ros/humble/include/rclcpp/rclcpp/any_executable.hpp:20,
[4.611s]                  from /opt/ros/humble/include/rclcpp/rclcpp/memory_strategy.hpp:25,
[4.611s]                  from /opt/ros/humble/include/rclcpp/rclcpp/memory_strategies.hpp:18,
[4.612s]                  from /opt/ros/humble/include/rclcpp/rclcpp/executor_options.hpp:20,
[4.612s]                  from /opt/ros/humble/include/rclcpp/rclcpp/executor.hpp:37,
[4.612s]                  from /opt/ros/humble/include/rclcpp/rclcpp/executors/multi_threaded_executor.hpp:25,
[4.612s]                  from /opt/ros/humble/include/rclcpp/rclcpp/executors.hpp:21,
[4.612s]                  from /opt/ros/humble/include/rclcpp/rclcpp/rclcpp.hpp:155,
[4.612s]                  from /home/eragon/student133_ws/src/test_basic_publisher/src/test_basic_publisher.cpp:2:
[4.612s] /usr/include/c++/11/iomanip:143:5: note: candidate: ‘template<class _CharT, class _Traits> std::basic_ostream<_Ch, _Tr>& std::operator<<(std::basic_ostream<_Ch, _Tr>&, std::_Setbase)’
[4.612s]   143 |     operator<<(basic_ostream<_CharT, _Traits>& __os, _Setbase __f)
[4.612s]       |     ^~~~~~~~
[4.613s] /usr/include/c++/11/iomanip:143:5: note:   template argument deduction/substitution failed:
[4.613s] /home/eragon/student133_ws/src/test_basic_publisher/src/test_basic_publisher.cpp:30:62: note:   mismatched types ‘std::basic_ostream<_Ch, _Tr>’ and ‘const char [11]’
[4.613s]    30 |         RCLSPP_INFO(this->get_logger(),"Publised: "<<message.data);
[4.613s]       |                                                              ^~~~
[4.613s] In file included from /opt/ros/humble/include/rosidl_runtime_cpp/rosidl_runtime_cpp/traits.hpp:19,
[4.613s]                  from /opt/ros/humble/include/builtin_interfaces/builtin_interfaces/msg/detail/duration__traits.hpp:15,
[4.613s]                  from /opt/ros/humble/include/builtin_interfaces/builtin_interfaces/msg/duration.hpp:9,
[4.613s]                  from /opt/ros/humble/include/rclcpp/rclcpp/duration.hpp:20,
[4.614s]                  from /opt/ros/humble/include/rclcpp/rclcpp/qos.hpp:20,
[4.614s]                  from /opt/ros/humble/include/rclcpp/rclcpp/node_interfaces/node_graph_interface.hpp:32,
[4.614s]                  from /opt/ros/humble/include/rclcpp/rclcpp/client.hpp:42,
[4.614s]                  from /opt/ros/humble/include/rclcpp/rclcpp/callback_group.hpp:24,
[4.614s]                  from /opt/ros/humble/include/rclcpp/rclcpp/any_executable.hpp:20,
[4.614s]                  from /opt/ros/humble/include/rclcpp/rclcpp/memory_strategy.hpp:25,
[4.614s]                  from /opt/ros/humble/include/rclcpp/rclcpp/memory_strategies.hpp:18,
[4.614s]                  from /opt/ros/humble/include/rclcpp/rclcpp/executor_options.hpp:20,
[4.615s]                  from /opt/ros/humble/include/rclcpp/rclcpp/executor.hpp:37,
[4.615s]                  from /opt/ros/humble/include/rclcpp/rclcpp/executors/multi_threaded_executor.hpp:25,
[4.615s]                  from /opt/ros/humble/include/rclcpp/rclcpp/executors.hpp:21,
[4.615s]                  from /opt/ros/humble/include/rclcpp/rclcpp/rclcpp.hpp:155,
[4.615s]                  from /home/eragon/student133_ws/src/test_basic_publisher/src/test_basic_publisher.cpp:2:
[4.615s] /usr/include/c++/11/iomanip:178:5: note: candidate: ‘template<class _CharT, class _Traits> std::basic_ostream<_Ch, _Tr>& std::operator<<(std::basic_ostream<_Ch, _Tr>&, std::_Setfill<_CharT>)’
[4.615s]   178 |     operator<<(basic_ostream<_CharT, _Traits>& __os, _Setfill<_CharT> __f)
[4.615s]       |     ^~~~~~~~
[4.616s] /usr/include/c++/11/iomanip:178:5: note:   template argument deduction/substitution failed:
[4.616s] /home/eragon/student133_ws/src/test_basic_publisher/src/test_basic_publisher.cpp:30:62: note:   mismatched types ‘std::basic_ostream<_Ch, _Tr>’ and ‘const char [11]’
[4.616s]    30 |         RCLSPP_INFO(this->get_logger(),"Publised: "<<message.data);
[4.616s]       |                                                              ^~~~
[4.616s] In file included from /opt/ros/humble/include/rosidl_runtime_cpp/rosidl_runtime_cpp/traits.hpp:19,
[4.616s]                  from /opt/ros/humble/include/builtin_interfaces/builtin_interfaces/msg/detail/duration__traits.hpp:15,
[4.616s]                  from /opt/ros/humble/include/builtin_interfaces/builtin_interfaces/msg/duration.hpp:9,
[4.616s]                  from /opt/ros/humble/include/rclcpp/rclcpp/duration.hpp:20,
[4.617s]                  from /opt/ros/humble/include/rclcpp/rclcpp/qos.hpp:20,
[4.617s]                  from /opt/ros/humble/include/rclcpp/rclcpp/node_interfaces/node_graph_interface.hpp:32,
[4.617s]                  from /opt/ros/humble/include/rclcpp/rclcpp/client.hpp:42,
[4.617s]                  from /opt/ros/humble/include/rclcpp/rclcpp/callback_group.hpp:24,
[4.617s]                  from /opt/ros/humble/include/rclcpp/rclcpp/any_executable.hpp:20,
[4.617s]                  from /opt/ros/humble/include/rclcpp/rclcpp/memory_strategy.hpp:25,
[4.617s]                  from /opt/ros/humble/include/rclcpp/rclcpp/memory_strategies.hpp:18,
[4.617s]                  from /opt/ros/humble/include/rclcpp/rclcpp/executor_options.hpp:20,
[4.618s]                  from /opt/ros/humble/include/rclcpp/rclcpp/executor.hpp:37,
[4.618s]                  from /opt/ros/humble/include/rclcpp/rclcpp/executors/multi_threaded_executor.hpp:25,
[4.618s]                  from /opt/ros/humble/include/rclcpp/rclcpp/executors.hpp:21,
[4.618s]                  from /opt/ros/humble/include/rclcpp/rclcpp/rclcpp.hpp:155,
[4.618s]                  from /home/eragon/student133_ws/src/test_basic_publisher/src/test_basic_publisher.cpp:2:
[4.618s] /usr/include/c++/11/iomanip:208:5: note: candidate: ‘template<class _CharT, class _Traits> std::basic_ostream<_Ch, _Tr>& std::operator<<(std::basic_ostream<_Ch, _Tr>&, std::_Setprecision)’
[4.618s]   208 |     operator<<(basic_ostream<_CharT, _Traits>& __os, _Setprecision __f)
[4.618s]       |     ^~~~~~~~
[4.618s] /usr/include/c++/11/iomanip:208:5: note:   template argument deduction/substitution failed:
[4.619s] /home/eragon/student133_ws/src/test_basic_publisher/src/test_basic_publisher.cpp:30:62: note:   mismatched types ‘std::basic_ostream<_Ch, _Tr>’ and ‘const char [11]’
[4.619s]    30 |         RCLSPP_INFO(this->get_logger(),"Publised: "<<message.data);
[4.619s]       |                                                              ^~~~
[4.619s] In file included from /opt/ros/humble/include/rosidl_runtime_cpp/rosidl_runtime_cpp/traits.hpp:19,
[4.619s]                  from /opt/ros/humble/include/builtin_interfaces/builtin_interfaces/msg/detail/duration__traits.hpp:15,
[4.619s]                  from /opt/ros/humble/include/builtin_interfaces/builtin_interfaces/msg/duration.hpp:9,
[4.619s]                  from /opt/ros/humble/include/rclcpp/rclcpp/duration.hpp:20,
[4.619s]                  from /opt/ros/humble/include/rclcpp/rclcpp/qos.hpp:20,
[4.620s]                  from /opt/ros/humble/include/rclcpp/rclcpp/node_interfaces/node_graph_interface.hpp:32,
[4.620s]                  from /opt/ros/humble/include/rclcpp/rclcpp/client.hpp:42,
[4.620s]                  from /opt/ros/humble/include/rclcpp/rclcpp/callback_group.hpp:24,
[4.620s]                  from /opt/ros/humble/include/rclcpp/rclcpp/any_executable.hpp:20,
[4.620s]                  from /opt/ros/humble/include/rclcpp/rclcpp/memory_strategy.hpp:25,
[4.620s]                  from /opt/ros/humble/include/rclcpp/rclcpp/memory_strategies.hpp:18,
[4.620s]                  from /opt/ros/humble/include/rclcpp/rclcpp/executor_options.hpp:20,
[4.620s]                  from /opt/ros/humble/include/rclcpp/rclcpp/executor.hpp:37,
[4.621s]                  from /opt/ros/humble/include/rclcpp/rclcpp/executors/multi_threaded_executor.hpp:25,
[4.621s]                  from /opt/ros/humble/include/rclcpp/rclcpp/executors.hpp:21,
[4.621s]                  from /opt/ros/humble/include/rclcpp/rclcpp/rclcpp.hpp:155,
[4.621s]                  from /home/eragon/student133_ws/src/test_basic_publisher/src/test_basic_publisher.cpp:2:
[4.621s] /usr/include/c++/11/iomanip:238:5: note: candidate: ‘template<class _CharT, class _Traits> std::basic_ostream<_Ch, _Tr>& std::operator<<(std::basic_ostream<_Ch, _Tr>&, std::_Setw)’
[4.621s]   238 |     operator<<(basic_ostream<_CharT, _Traits>& __os, _Setw __f)
[4.621s]       |     ^~~~~~~~
[4.622s] /usr/include/c++/11/iomanip:238:5: note:   template argument deduction/substitution failed:
[4.622s] /home/eragon/student133_ws/src/test_basic_publisher/src/test_basic_publisher.cpp:30:62: note:   mismatched types ‘std::basic_ostream<_Ch, _Tr>’ and ‘const char [11]’
[4.622s]    30 |         RCLSPP_INFO(this->get_logger(),"Publised: "<<message.data);
[4.622s]       |                                                              ^~~~
[4.622s] In file included from /opt/ros/humble/include/rosidl_runtime_cpp/rosidl_runtime_cpp/traits.hpp:19,
[4.622s]                  from /opt/ros/humble/include/builtin_interfaces/builtin_interfaces/msg/detail/duration__traits.hpp:15,
[4.622s]                  from /opt/ros/humble/include/builtin_interfaces/builtin_interfaces/msg/duration.hpp:9,
[4.622s]                  from /opt/ros/humble/include/rclcpp/rclcpp/duration.hpp:20,
[4.623s]                  from /opt/ros/humble/include/rclcpp/rclcpp/qos.hpp:20,
[4.623s]                  from /opt/ros/humble/include/rclcpp/rclcpp/node_interfaces/node_graph_interface.hpp:32,
[4.623s]                  from /opt/ros/humble/include/rclcpp/rclcpp/client.hpp:42,
[4.623s]                  from /opt/ros/humble/include/rclcpp/rclcpp/callback_group.hpp:24,
[4.623s]                  from /opt/ros/humble/include/rclcpp/rclcpp/any_executable.hpp:20,
[4.623s]                  from /opt/ros/humble/include/rclcpp/rclcpp/memory_strategy.hpp:25,
[4.623s]                  from /opt/ros/humble/include/rclcpp/rclcpp/memory_strategies.hpp:18,
[4.623s]                  from /opt/ros/humble/include/rclcpp/rclcpp/executor_options.hpp:20,
[4.623s]                  from /opt/ros/humble/include/rclcpp/rclcpp/executor.hpp:37,
[4.624s]                  from /opt/ros/humble/include/rclcpp/rclcpp/executors/multi_threaded_executor.hpp:25,
[4.624s]                  from /opt/ros/humble/include/rclcpp/rclcpp/executors.hpp:21,
[4.624s]                  from /opt/ros/humble/include/rclcpp/rclcpp/rclcpp.hpp:155,
[4.624s]                  from /home/eragon/student133_ws/src/test_basic_publisher/src/test_basic_publisher.cpp:2:
[4.624s] /usr/include/c++/11/iomanip:311:5: note: candidate: ‘template<class _CharT, class _Traits, class _MoneyT> std::basic_ostream<_Ch, _Tr>& std::operator<<(std::basic_ostream<_Ch, _Tr>&, std::_Put_money<_MoneyT>)’
[4.624s]   311 |     operator<<(basic_ostream<_CharT, _Traits>& __os, _Put_money<_MoneyT> __f)
[4.624s]       |     ^~~~~~~~
[4.624s] /usr/include/c++/11/iomanip:311:5: note:   template argument deduction/substitution failed:
[4.625s] /home/eragon/student133_ws/src/test_basic_publisher/src/test_basic_publisher.cpp:30:62: note:   mismatched types ‘std::basic_ostream<_Ch, _Tr>’ and ‘const char [11]’
[4.625s]    30 |         RCLSPP_INFO(this->get_logger(),"Publised: "<<message.data);
[4.625s]       |                                                              ^~~~
[4.625s] In file included from /opt/ros/humble/include/rosidl_runtime_cpp/rosidl_runtime_cpp/traits.hpp:19,
[4.625s]                  from /opt/ros/humble/include/builtin_interfaces/builtin_interfaces/msg/detail/duration__traits.hpp:15,
[4.625s]                  from /opt/ros/humble/include/builtin_interfaces/builtin_interfaces/msg/duration.hpp:9,
[4.625s]                  from /opt/ros/humble/include/rclcpp/rclcpp/duration.hpp:20,
[4.625s]                  from /opt/ros/humble/include/rclcpp/rclcpp/qos.hpp:20,
[4.626s]                  from /opt/ros/humble/include/rclcpp/rclcpp/node_interfaces/node_graph_interface.hpp:32,
[4.626s]                  from /opt/ros/humble/include/rclcpp/rclcpp/client.hpp:42,
[4.626s]                  from /opt/ros/humble/include/rclcpp/rclcpp/callback_group.hpp:24,
[4.626s]                  from /opt/ros/humble/include/rclcpp/rclcpp/any_executable.hpp:20,
[4.626s]                  from /opt/ros/humble/include/rclcpp/rclcpp/memory_strategy.hpp:25,
[4.626s]                  from /opt/ros/humble/include/rclcpp/rclcpp/memory_strategies.hpp:18,
[4.626s]                  from /opt/ros/humble/include/rclcpp/rclcpp/executor_options.hpp:20,
[4.626s]                  from /opt/ros/humble/include/rclcpp/rclcpp/executor.hpp:37,
[4.627s]                  from /opt/ros/humble/include/rclcpp/rclcpp/executors/multi_threaded_executor.hpp:25,
[4.627s]                  from /opt/ros/humble/include/rclcpp/rclcpp/executors.hpp:21,
[4.627s]                  from /opt/ros/humble/include/rclcpp/rclcpp/rclcpp.hpp:155,
[4.627s]                  from /home/eragon/student133_ws/src/test_basic_publisher/src/test_basic_publisher.cpp:2:
[4.627s] /usr/include/c++/11/iomanip:363:5: note: candidate: ‘template<class _CharT, class _Traits> std::basic_ostream<_Ch, _Tr>& std::operator<<(std::basic_ostream<_Ch, _Tr>&, std::_Put_time<_CharT>)’
[4.627s]   363 |     operator<<(basic_ostream<_CharT, _Traits>& __os, _Put_time<_CharT> __f)
[4.627s]       |     ^~~~~~~~
[4.628s] /usr/include/c++/11/iomanip:363:5: note:   template argument deduction/substitution failed:
[4.628s] /home/eragon/student133_ws/src/test_basic_publisher/src/test_basic_publisher.cpp:30:62: note:   mismatched types ‘std::basic_ostream<_Ch, _Tr>’ and ‘const char [11]’
[4.628s]    30 |         RCLSPP_INFO(this->get_logger(),"Publised: "<<message.data);
[4.628s]       |                                                              ^~~~
[4.628s] /home/eragon/student133_ws/src/test_basic_publisher/src/test_basic_publisher.cpp:30:9: error: ‘RCLSPP_INFO’ was not declared in this scope; did you mean ‘RCLCPP_INFO’?
[4.628s]    30 |         RCLSPP_INFO(this->get_logger(),"Publised: "<<message.data);
[4.628s]       |         ^~~~~~~~~~~
[4.629s]       |         RCLCPP_INFO
[4.629s] /home/eragon/student133_ws/src/test_basic_publisher/src/test_basic_publisher.cpp: In function ‘int main(int, char**)’:
[4.629s] /home/eragon/student133_ws/src/test_basic_publisher/src/test_basic_publisher.cpp:38:35: error: ‘TestNode’ was not declared in this scope
[4.629s]    38 |     rclcpp::spin(std::make_shared<TestNode>());
[4.629s]       |                                   ^~~~~~~~
[4.629s] /home/eragon/student133_ws/src/test_basic_publisher/src/test_basic_publisher.cpp:38:44: error: no matching function for call to ‘make_shared<<expression error> >()’
[4.629s]    38 |     rclcpp::spin(std::make_shared<TestNode>());
[4.629s]       |                  ~~~~~~~~~~~~~~~~~~~~~~~~~~^~
[4.630s] In file included from /usr/include/c++/11/memory:77,
[4.630s]                  from /opt/ros/humble/include/rclcpp/rclcpp/rclcpp.hpp:153,
[4.630s]                  from /home/eragon/student133_ws/src/test_basic_publisher/src/test_basic_publisher.cpp:2:
[4.630s] /usr/include/c++/11/bits/shared_ptr.h:875:5: note: candidate: ‘template<class _Tp, class ... _Args> std::shared_ptr<_Tp> std::make_shared(_Args&& ...)’
[4.630s]   875 |     make_shared(_Args&&... __args)
[4.630s]       |     ^~~~~~~~~~~
[4.630s] /usr/include/c++/11/bits/shared_ptr.h:875:5: note:   template argument deduction/substitution failed:
[4.630s] /home/eragon/student133_ws/src/test_basic_publisher/src/test_basic_publisher.cpp:38:44: error: template argument 1 is invalid
[4.630s]    38 |     rclcpp::spin(std::make_shared<TestNode>());
[4.631s]       |                  ~~~~~~~~~~~~~~~~~~~~~~~~~~^~
[6.103s] gmake[2]: *** [CMakeFiles/test_basic_publisher.dir/build.make:76: CMakeFiles/test_basic_publisher.dir/src/test_basic_publisher.cpp.o] Ошибка 1
[6.104s] gmake[1]: *** [CMakeFiles/Makefile2:137: CMakeFiles/test_basic_publisher.dir/all] Ошибка 2
[6.104s] gmake: *** [Makefile:146: all] Ошибка 2
[6.108s] Invoked command in '/home/eragon/student133_ws/build/test_basic_publisher' returned '2': CMAKE_PREFIX_PATH=${CMAKE_PREFIX_PATH}:/opt/ros/humble /usr/bin/cmake --build /home/eragon/student133_ws/build/test_basic_publisher -- -j8 -l8
