[0.000000] (-) TimerEvent: {}
[0.000443] (test_client) JobQueued: {'identifier': 'test_client', 'dependencies': OrderedDict()}
[0.000481] (test_custom_msg) JobQueued: {'identifier': 'test_custom_msg', 'dependencies': OrderedDict()}
[0.000524] (test_custom_publisher) JobQueued: {'identifier': 'test_custom_publisher', 'dependencies': OrderedDict()}
[0.000539] (test_custom_srv) JobQueued: {'identifier': 'test_custom_srv', 'dependencies': OrderedDict()}
[0.000552] (test_parameters) JobQueued: {'identifier': 'test_parameters', 'dependencies': OrderedDict()}
[0.000566] (test_pkg) JobQueued: {'identifier': 'test_pkg', 'dependencies': OrderedDict()}
[0.000579] (test_publisher) JobQueued: {'identifier': 'test_publisher', 'dependencies': OrderedDict()}
[0.000592] (test_serial_communication) JobQueued: {'identifier': 'test_serial_communication', 'dependencies': OrderedDict()}
[0.000605] (test_service) JobQueued: {'identifier': 'test_service', 'dependencies': OrderedDict()}
[0.000618] (test_subscriber) JobQueued: {'identifier': 'test_subscriber', 'dependencies': OrderedDict()}
[0.000630] (test_visualization) JobQueued: {'identifier': 'test_visualization', 'dependencies': OrderedDict()}
[0.000644] (test_client) JobStarted: {'identifier': 'test_client'}
[0.070418] (test_custom_msg) JobStarted: {'identifier': 'test_custom_msg'}
[0.099843] (-) TimerEvent: {}
[0.127281] (test_custom_publisher) JobStarted: {'identifier': 'test_custom_publisher'}
[0.175848] (test_custom_srv) JobStarted: {'identifier': 'test_custom_srv'}
[0.199941] (-) TimerEvent: {}
[0.224825] (test_parameters) JobStarted: {'identifier': 'test_parameters'}
[0.274105] (test_pkg) JobStarted: {'identifier': 'test_pkg'}
[0.300061] (-) TimerEvent: {}
[0.323686] (test_publisher) JobStarted: {'identifier': 'test_publisher'}
[0.372857] (test_serial_communication) JobStarted: {'identifier': 'test_serial_communication'}
[0.400386] (-) TimerEvent: {}
[0.423878] (test_client) JobProgress: {'identifier': 'test_client', 'progress': 'cmake'}
[0.439430] (test_client) JobProgress: {'identifier': 'test_client', 'progress': 'build'}
[0.439763] (test_client) Command: {'cmd': ['/usr/bin/cmake', '--build', '/home/robot33-6/student133_ws/build/test_client', '--', '-j8', '-l8'], 'cwd': '/home/robot33-6/student133_ws/build/test_client', 'env': OrderedDict([('GJS_DEBUG_TOPICS', 'JS ERROR;JS LOG'), ('LC_TIME', 'ru_RU.UTF-8'), ('SNAP_COMMON', '/var/snap/qtcreator-ros/common'), ('SNAP_INSTANCE_KEY', ''), ('USER', 'robot33-6'), ('XDG_SESSION_TYPE', 'wayland'), ('LD_LIBRARY_PATH', '/home/robot33-6/student133_ws/install/test_custom_srv/lib:/home/robot33-6/student133_ws/install/test_custom_msg/lib:/opt/ros/humble/opt/rviz_ogre_vendor/lib:/opt/ros/humble/lib/x86_64-linux-gnu:/opt/ros/humble/lib:/snap/qtcreator-ros/107/lib:/snap/qtcreator-ros/107/usr/lib/x86_64-linux-gnu'), ('SHLVL', '365'), ('SNAP_UID', '1000'), ('HOME', '/home/robot33-6'), ('SNAP_LIBRARY_PATH', '/var/lib/snapd/lib/gl:/var/lib/snapd/lib/gl32:/var/lib/snapd/void'), ('DESKTOP_SESSION', 'ubuntu'), ('QTDIR', '/usr/lib/x86_64-linux-gnu/qt5'), ('SNAP_USER_DATA', '/home/robot33-6/snap/qtcreator-ros/107'), ('GIO_LAUNCHED_DESKTOP_FILE', '/var/lib/snapd/desktop/applications/qtcreator-ros_qtcreator-ros.desktop'), ('GNOME_SHELL_SESSION_MODE', 'ubuntu'), ('GTK_MODULES', 'gail:atk-bridge'), ('ROS_PYTHON_VERSION', '3'), ('LC_MONETARY', 'ru_RU.UTF-8'), ('MANAGERPID', '1385'), ('DBUS_SESSION_BUS_ADDRESS', 'unix:path=/run/user/1000/bus'), ('SYSTEMD_EXEC_PID', '1560'), ('GIO_LAUNCHED_DESKTOP_FILE_PID', '2915'), ('SNAP_REVISION', '107'), ('COLCON_PREFIX_PATH', '/home/robot33-6/student133_ws/install'), ('IM_CONFIG_PHASE', '1'), ('ROS_DISTRO', 'humble'), ('WAYLAND_DISPLAY', 'wayland-0'), ('LOGNAME', 'robot33-6'), ('JOURNAL_STREAM', '8:16372'), ('SNAP_CONTEXT', 'zfxwyVEa0dSM0vT388UHnSyWy-Mv84K8RE-CWR0OLT2wc9JrOksa'), ('_', '/usr/bin/env'), ('ROS_VERSION', '2'), ('SNAP_VERSION', '12.0.2'), ('XDG_SESSION_CLASS', 'user'), ('TERM', 'xterm'), ('USERNAME', 'robot33-6'), ('GNOME_DESKTOP_SESSION_ID', 'this-is-deprecated'), ('ROS_LOCALHOST_ONLY', '0'), ('SNAP_INSTANCE_NAME', 'qtcreator-ros'), ('PATH', '/opt/ros/humble/bin:/usr/local/sbin:/usr/local/bin:/usr/sbin:/usr/bin:/sbin:/bin:/usr/games:/usr/local/games:/snap/bin:/snap/bin'), ('INVOCATION_ID', '19d8ac233f254f48866ffa415bdf884c'), ('SESSION_MANAGER', 'local/robot33-6:@/tmp/.ICE-unix/1538,unix/robot33-6:/tmp/.ICE-unix/1538'), ('BAMF_DESKTOP_FILE_HINT', '/var/lib/snapd/desktop/applications/qtcreator-ros_qtcreator-ros.desktop'), ('GNOME_SETUP_DISPLAY', ':1'), ('LC_ADDRESS', 'ru_RU.UTF-8'), ('SNAP_DATA', '/var/snap/qtcreator-ros/107'), ('XDG_MENU_PREFIX', 'gnome-'), ('XDG_RUNTIME_DIR', '/run/user/1000'), ('DISPLAY', ':0'), ('LANG', 'en_US.UTF-8'), ('LC_TELEPHONE', 'ru_RU.UTF-8'), ('XDG_CURRENT_DESKTOP', 'ubuntu:GNOME'), ('XAUTHORITY', '/run/user/1000/.mutter-Xwaylandauth.K6OOL2'), ('XDG_SESSION_DESKTOP', 'ubuntu'), ('XMODIFIERS', '@im=ibus'), ('AMENT_PREFIX_PATH', '/home/robot33-6/student133_ws/install/test_visualization:/home/robot33-6/student133_ws/install/test_parameters:/home/robot33-6/student133_ws/install/test_client:/home/robot33-6/student133_ws/install/test_service:/home/robot33-6/student133_ws/install/test_custom_srv:/home/robot33-6/student133_ws/install/test_custom_publisher:/home/robot33-6/student133_ws/install/test_castom_publisher:/home/robot33-6/student133_ws/install/test_custom_msg:/home/robot33-6/student133_ws/install/test_subscriber:/home/robot33-6/student133_ws/install/test_publisher:/home/robot33-6/student133_ws/install/test_pkg:/opt/ros/humble'), ('SNAP_ARCH', 'amd64'), ('SNAP_COOKIE', 'zfxwyVEa0dSM0vT388UHnSyWy-Mv84K8RE-CWR0OLT2wc9JrOksa'), ('SNAP_USER_COMMON', '/home/robot33-6/snap/qtcreator-ros/common'), ('SSH_AGENT_LAUNCHER', 'gnome-keyring'), ('SSH_AUTH_SOCK', '/run/user/1000/keyring/ssh'), ('LC_NAME', 'ru_RU.UTF-8'), ('SHELL', '/bin/bash'), ('GDMSESSION', 'ubuntu'), ('QT_ACCESSIBILITY', '1'), ('SNAP_REEXEC', ''), ('SNAP_NAME', 'qtcreator-ros'), ('LC_MEASUREMENT', 'ru_RU.UTF-8'), ('GJS_DEBUG_OUTPUT', 'stderr'), ('LC_IDENTIFICATION', 'ru_RU.UTF-8'), ('QT_IM_MODULE', 'ibus'), ('PWD', '/home/robot33-6/student133_ws/build/test_client'), ('QT_QPA_PLATFORM', 'wayland;xcb'), ('SNAP_REAL_HOME', '/home/robot33-6'), ('XDG_CONFIG_DIRS', '/etc/xdg/xdg-ubuntu:/etc/xdg'), ('XDG_DATA_DIRS', '/usr/share/ubuntu:/usr/local/share/:/usr/share/:/var/lib/snapd/desktop'), ('LC_NUMERIC', 'ru_RU.UTF-8'), ('PYTHONPATH', '/home/robot33-6/student133_ws/install/test_custom_srv/local/lib/python3.10/dist-packages:/home/robot33-6/student133_ws/install/test_custom_msg/local/lib/python3.10/dist-packages:/opt/ros/humble/lib/python3.10/site-packages:/opt/ros/humble/local/lib/python3.10/dist-packages'), ('SNAP', '/snap/qtcreator-ros/107'), ('SNAP_EUID', '1000'), ('LC_PAPER', 'ru_RU.UTF-8'), ('COLCON', '1'), ('CMAKE_PREFIX_PATH', '/home/robot33-6/student133_ws/install/test_visualization:/home/robot33-6/student133_ws/install/test_parameters:/home/robot33-6/student133_ws/install/test_client:/home/robot33-6/student133_ws/install/test_service:/home/robot33-6/student133_ws/install/test_custom_srv:/home/robot33-6/student133_ws/install/test_custom_publisher:/home/robot33-6/student133_ws/install/test_castom_publisher:/home/robot33-6/student133_ws/install/test_custom_msg:/home/robot33-6/student133_ws/install/test_subscriber:/home/robot33-6/student133_ws/install/test_publisher:/home/robot33-6/student133_ws/install/test_pkg:/opt/ros/humble'), ('LIBGL_DRIVERS_PATH', '/snap/qtcreator-ros/107/usr/lib/x86_64-linux-gnu/dri')]), 'shell': False}
[0.445345] (test_custom_msg) JobProgress: {'identifier': 'test_custom_msg', 'progress': 'cmake'}
[0.453362] (test_custom_msg) JobProgress: {'identifier': 'test_custom_msg', 'progress': 'build'}
[0.453403] (test_custom_msg) Command: {'cmd': ['/usr/bin/cmake', '--build', '/home/robot33-6/student133_ws/build/test_custom_msg', '--', '-j8', '-l8'], 'cwd': '/home/robot33-6/student133_ws/build/test_custom_msg', 'env': OrderedDict([('GJS_DEBUG_TOPICS', 'JS ERROR;JS LOG'), ('LC_TIME', 'ru_RU.UTF-8'), ('SNAP_COMMON', '/var/snap/qtcreator-ros/common'), ('SNAP_INSTANCE_KEY', ''), ('USER', 'robot33-6'), ('XDG_SESSION_TYPE', 'wayland'), ('LD_LIBRARY_PATH', '/home/robot33-6/student133_ws/install/test_custom_srv/lib:/home/robot33-6/student133_ws/install/test_custom_msg/lib:/opt/ros/humble/opt/rviz_ogre_vendor/lib:/opt/ros/humble/lib/x86_64-linux-gnu:/opt/ros/humble/lib:/snap/qtcreator-ros/107/lib:/snap/qtcreator-ros/107/usr/lib/x86_64-linux-gnu'), ('SHLVL', '365'), ('SNAP_UID', '1000'), ('HOME', '/home/robot33-6'), ('SNAP_LIBRARY_PATH', '/var/lib/snapd/lib/gl:/var/lib/snapd/lib/gl32:/var/lib/snapd/void'), ('DESKTOP_SESSION', 'ubuntu'), ('QTDIR', '/usr/lib/x86_64-linux-gnu/qt5'), ('SNAP_USER_DATA', '/home/robot33-6/snap/qtcreator-ros/107'), ('GIO_LAUNCHED_DESKTOP_FILE', '/var/lib/snapd/desktop/applications/qtcreator-ros_qtcreator-ros.desktop'), ('GNOME_SHELL_SESSION_MODE', 'ubuntu'), ('GTK_MODULES', 'gail:atk-bridge'), ('ROS_PYTHON_VERSION', '3'), ('LC_MONETARY', 'ru_RU.UTF-8'), ('MANAGERPID', '1385'), ('DBUS_SESSION_BUS_ADDRESS', 'unix:path=/run/user/1000/bus'), ('SYSTEMD_EXEC_PID', '1560'), ('GIO_LAUNCHED_DESKTOP_FILE_PID', '2915'), ('SNAP_REVISION', '107'), ('COLCON_PREFIX_PATH', '/home/robot33-6/student133_ws/install'), ('IM_CONFIG_PHASE', '1'), ('ROS_DISTRO', 'humble'), ('WAYLAND_DISPLAY', 'wayland-0'), ('LOGNAME', 'robot33-6'), ('JOURNAL_STREAM', '8:16372'), ('SNAP_CONTEXT', 'zfxwyVEa0dSM0vT388UHnSyWy-Mv84K8RE-CWR0OLT2wc9JrOksa'), ('_', '/usr/bin/env'), ('ROS_VERSION', '2'), ('SNAP_VERSION', '12.0.2'), ('XDG_SESSION_CLASS', 'user'), ('TERM', 'xterm'), ('USERNAME', 'robot33-6'), ('GNOME_DESKTOP_SESSION_ID', 'this-is-deprecated'), ('ROS_LOCALHOST_ONLY', '0'), ('SNAP_INSTANCE_NAME', 'qtcreator-ros'), ('PATH', '/opt/ros/humble/bin:/usr/local/sbin:/usr/local/bin:/usr/sbin:/usr/bin:/sbin:/bin:/usr/games:/usr/local/games:/snap/bin:/snap/bin'), ('INVOCATION_ID', '19d8ac233f254f48866ffa415bdf884c'), ('SESSION_MANAGER', 'local/robot33-6:@/tmp/.ICE-unix/1538,unix/robot33-6:/tmp/.ICE-unix/1538'), ('BAMF_DESKTOP_FILE_HINT', '/var/lib/snapd/desktop/applications/qtcreator-ros_qtcreator-ros.desktop'), ('GNOME_SETUP_DISPLAY', ':1'), ('LC_ADDRESS', 'ru_RU.UTF-8'), ('SNAP_DATA', '/var/snap/qtcreator-ros/107'), ('XDG_MENU_PREFIX', 'gnome-'), ('XDG_RUNTIME_DIR', '/run/user/1000'), ('DISPLAY', ':0'), ('LANG', 'en_US.UTF-8'), ('LC_TELEPHONE', 'ru_RU.UTF-8'), ('XDG_CURRENT_DESKTOP', 'ubuntu:GNOME'), ('XAUTHORITY', '/run/user/1000/.mutter-Xwaylandauth.K6OOL2'), ('XDG_SESSION_DESKTOP', 'ubuntu'), ('XMODIFIERS', '@im=ibus'), ('AMENT_PREFIX_PATH', '/home/robot33-6/student133_ws/install/test_visualization:/home/robot33-6/student133_ws/install/test_parameters:/home/robot33-6/student133_ws/install/test_client:/home/robot33-6/student133_ws/install/test_service:/home/robot33-6/student133_ws/install/test_custom_srv:/home/robot33-6/student133_ws/install/test_custom_publisher:/home/robot33-6/student133_ws/install/test_castom_publisher:/home/robot33-6/student133_ws/install/test_custom_msg:/home/robot33-6/student133_ws/install/test_subscriber:/home/robot33-6/student133_ws/install/test_publisher:/home/robot33-6/student133_ws/install/test_pkg:/opt/ros/humble'), ('SNAP_ARCH', 'amd64'), ('SNAP_COOKIE', 'zfxwyVEa0dSM0vT388UHnSyWy-Mv84K8RE-CWR0OLT2wc9JrOksa'), ('SNAP_USER_COMMON', '/home/robot33-6/snap/qtcreator-ros/common'), ('SSH_AGENT_LAUNCHER', 'gnome-keyring'), ('SSH_AUTH_SOCK', '/run/user/1000/keyring/ssh'), ('LC_NAME', 'ru_RU.UTF-8'), ('SHELL', '/bin/bash'), ('GDMSESSION', 'ubuntu'), ('QT_ACCESSIBILITY', '1'), ('SNAP_REEXEC', ''), ('SNAP_NAME', 'qtcreator-ros'), ('LC_MEASUREMENT', 'ru_RU.UTF-8'), ('GJS_DEBUG_OUTPUT', 'stderr'), ('LC_IDENTIFICATION', 'ru_RU.UTF-8'), ('QT_IM_MODULE', 'ibus'), ('PWD', '/home/robot33-6/student133_ws/build/test_custom_msg'), ('QT_QPA_PLATFORM', 'wayland;xcb'), ('SNAP_REAL_HOME', '/home/robot33-6'), ('XDG_CONFIG_DIRS', '/etc/xdg/xdg-ubuntu:/etc/xdg'), ('XDG_DATA_DIRS', '/usr/share/ubuntu:/usr/local/share/:/usr/share/:/var/lib/snapd/desktop'), ('LC_NUMERIC', 'ru_RU.UTF-8'), ('PYTHONPATH', '/home/robot33-6/student133_ws/install/test_custom_srv/local/lib/python3.10/dist-packages:/home/robot33-6/student133_ws/install/test_custom_msg/local/lib/python3.10/dist-packages:/opt/ros/humble/lib/python3.10/site-packages:/opt/ros/humble/local/lib/python3.10/dist-packages'), ('SNAP', '/snap/qtcreator-ros/107'), ('SNAP_EUID', '1000'), ('LC_PAPER', 'ru_RU.UTF-8'), ('COLCON', '1'), ('CMAKE_PREFIX_PATH', '/home/robot33-6/student133_ws/install/test_visualization:/home/robot33-6/student133_ws/install/test_parameters:/home/robot33-6/student133_ws/install/test_client:/home/robot33-6/student133_ws/install/test_service:/home/robot33-6/student133_ws/install/test_custom_srv:/home/robot33-6/student133_ws/install/test_custom_publisher:/home/robot33-6/student133_ws/install/test_castom_publisher:/home/robot33-6/student133_ws/install/test_custom_msg:/home/robot33-6/student133_ws/install/test_subscriber:/home/robot33-6/student133_ws/install/test_publisher:/home/robot33-6/student133_ws/install/test_pkg:/opt/ros/humble'), ('LIBGL_DRIVERS_PATH', '/snap/qtcreator-ros/107/usr/lib/x86_64-linux-gnu/dri')]), 'shell': False}
[0.454594] (test_custom_publisher) JobProgress: {'identifier': 'test_custom_publisher', 'progress': 'cmake'}
[0.487495] (test_custom_publisher) JobProgress: {'identifier': 'test_custom_publisher', 'progress': 'build'}
[0.487542] (test_custom_publisher) Command: {'cmd': ['/usr/bin/cmake', '--build', '/home/robot33-6/student133_ws/build/test_custom_publisher', '--', '-j8', '-l8'], 'cwd': '/home/robot33-6/student133_ws/build/test_custom_publisher', 'env': OrderedDict([('GJS_DEBUG_TOPICS', 'JS ERROR;JS LOG'), ('LC_TIME', 'ru_RU.UTF-8'), ('SNAP_COMMON', '/var/snap/qtcreator-ros/common'), ('SNAP_INSTANCE_KEY', ''), ('USER', 'robot33-6'), ('XDG_SESSION_TYPE', 'wayland'), ('LD_LIBRARY_PATH', '/home/robot33-6/student133_ws/install/test_custom_srv/lib:/home/robot33-6/student133_ws/install/test_custom_msg/lib:/opt/ros/humble/opt/rviz_ogre_vendor/lib:/opt/ros/humble/lib/x86_64-linux-gnu:/opt/ros/humble/lib:/snap/qtcreator-ros/107/lib:/snap/qtcreator-ros/107/usr/lib/x86_64-linux-gnu'), ('SHLVL', '365'), ('SNAP_UID', '1000'), ('HOME', '/home/robot33-6'), ('SNAP_LIBRARY_PATH', '/var/lib/snapd/lib/gl:/var/lib/snapd/lib/gl32:/var/lib/snapd/void'), ('DESKTOP_SESSION', 'ubuntu'), ('QTDIR', '/usr/lib/x86_64-linux-gnu/qt5'), ('SNAP_USER_DATA', '/home/robot33-6/snap/qtcreator-ros/107'), ('GIO_LAUNCHED_DESKTOP_FILE', '/var/lib/snapd/desktop/applications/qtcreator-ros_qtcreator-ros.desktop'), ('GNOME_SHELL_SESSION_MODE', 'ubuntu'), ('GTK_MODULES', 'gail:atk-bridge'), ('ROS_PYTHON_VERSION', '3'), ('LC_MONETARY', 'ru_RU.UTF-8'), ('MANAGERPID', '1385'), ('DBUS_SESSION_BUS_ADDRESS', 'unix:path=/run/user/1000/bus'), ('SYSTEMD_EXEC_PID', '1560'), ('GIO_LAUNCHED_DESKTOP_FILE_PID', '2915'), ('SNAP_REVISION', '107'), ('COLCON_PREFIX_PATH', '/home/robot33-6/student133_ws/install'), ('IM_CONFIG_PHASE', '1'), ('ROS_DISTRO', 'humble'), ('WAYLAND_DISPLAY', 'wayland-0'), ('LOGNAME', 'robot33-6'), ('JOURNAL_STREAM', '8:16372'), ('SNAP_CONTEXT', 'zfxwyVEa0dSM0vT388UHnSyWy-Mv84K8RE-CWR0OLT2wc9JrOksa'), ('_', '/usr/bin/env'), ('ROS_VERSION', '2'), ('SNAP_VERSION', '12.0.2'), ('XDG_SESSION_CLASS', 'user'), ('TERM', 'xterm'), ('USERNAME', 'robot33-6'), ('GNOME_DESKTOP_SESSION_ID', 'this-is-deprecated'), ('ROS_LOCALHOST_ONLY', '0'), ('SNAP_INSTANCE_NAME', 'qtcreator-ros'), ('PATH', '/opt/ros/humble/bin:/usr/local/sbin:/usr/local/bin:/usr/sbin:/usr/bin:/sbin:/bin:/usr/games:/usr/local/games:/snap/bin:/snap/bin'), ('INVOCATION_ID', '19d8ac233f254f48866ffa415bdf884c'), ('SESSION_MANAGER', 'local/robot33-6:@/tmp/.ICE-unix/1538,unix/robot33-6:/tmp/.ICE-unix/1538'), ('BAMF_DESKTOP_FILE_HINT', '/var/lib/snapd/desktop/applications/qtcreator-ros_qtcreator-ros.desktop'), ('GNOME_SETUP_DISPLAY', ':1'), ('LC_ADDRESS', 'ru_RU.UTF-8'), ('SNAP_DATA', '/var/snap/qtcreator-ros/107'), ('XDG_MENU_PREFIX', 'gnome-'), ('XDG_RUNTIME_DIR', '/run/user/1000'), ('DISPLAY', ':0'), ('LANG', 'en_US.UTF-8'), ('LC_TELEPHONE', 'ru_RU.UTF-8'), ('XDG_CURRENT_DESKTOP', 'ubuntu:GNOME'), ('XAUTHORITY', '/run/user/1000/.mutter-Xwaylandauth.K6OOL2'), ('XDG_SESSION_DESKTOP', 'ubuntu'), ('XMODIFIERS', '@im=ibus'), ('AMENT_PREFIX_PATH', '/home/robot33-6/student133_ws/install/test_visualization:/home/robot33-6/student133_ws/install/test_parameters:/home/robot33-6/student133_ws/install/test_client:/home/robot33-6/student133_ws/install/test_service:/home/robot33-6/student133_ws/install/test_custom_srv:/home/robot33-6/student133_ws/install/test_custom_publisher:/home/robot33-6/student133_ws/install/test_castom_publisher:/home/robot33-6/student133_ws/install/test_custom_msg:/home/robot33-6/student133_ws/install/test_subscriber:/home/robot33-6/student133_ws/install/test_publisher:/home/robot33-6/student133_ws/install/test_pkg:/opt/ros/humble'), ('SNAP_ARCH', 'amd64'), ('SNAP_COOKIE', 'zfxwyVEa0dSM0vT388UHnSyWy-Mv84K8RE-CWR0OLT2wc9JrOksa'), ('SNAP_USER_COMMON', '/home/robot33-6/snap/qtcreator-ros/common'), ('SSH_AGENT_LAUNCHER', 'gnome-keyring'), ('SSH_AUTH_SOCK', '/run/user/1000/keyring/ssh'), ('LC_NAME', 'ru_RU.UTF-8'), ('SHELL', '/bin/bash'), ('GDMSESSION', 'ubuntu'), ('QT_ACCESSIBILITY', '1'), ('SNAP_REEXEC', ''), ('SNAP_NAME', 'qtcreator-ros'), ('LC_MEASUREMENT', 'ru_RU.UTF-8'), ('GJS_DEBUG_OUTPUT', 'stderr'), ('LC_IDENTIFICATION', 'ru_RU.UTF-8'), ('QT_IM_MODULE', 'ibus'), ('PWD', '/home/robot33-6/student133_ws/build/test_custom_publisher'), ('QT_QPA_PLATFORM', 'wayland;xcb'), ('SNAP_REAL_HOME', '/home/robot33-6'), ('XDG_CONFIG_DIRS', '/etc/xdg/xdg-ubuntu:/etc/xdg'), ('XDG_DATA_DIRS', '/usr/share/ubuntu:/usr/local/share/:/usr/share/:/var/lib/snapd/desktop'), ('LC_NUMERIC', 'ru_RU.UTF-8'), ('PYTHONPATH', '/home/robot33-6/student133_ws/install/test_custom_srv/local/lib/python3.10/dist-packages:/home/robot33-6/student133_ws/install/test_custom_msg/local/lib/python3.10/dist-packages:/opt/ros/humble/lib/python3.10/site-packages:/opt/ros/humble/local/lib/python3.10/dist-packages'), ('SNAP', '/snap/qtcreator-ros/107'), ('SNAP_EUID', '1000'), ('LC_PAPER', 'ru_RU.UTF-8'), ('COLCON', '1'), ('CMAKE_PREFIX_PATH', '/home/robot33-6/student133_ws/install/test_visualization:/home/robot33-6/student133_ws/install/test_parameters:/home/robot33-6/student133_ws/install/test_client:/home/robot33-6/student133_ws/install/test_service:/home/robot33-6/student133_ws/install/test_custom_srv:/home/robot33-6/student133_ws/install/test_custom_publisher:/home/robot33-6/student133_ws/install/test_castom_publisher:/home/robot33-6/student133_ws/install/test_custom_msg:/home/robot33-6/student133_ws/install/test_subscriber:/home/robot33-6/student133_ws/install/test_publisher:/home/robot33-6/student133_ws/install/test_pkg:/opt/ros/humble'), ('LIBGL_DRIVERS_PATH', '/snap/qtcreator-ros/107/usr/lib/x86_64-linux-gnu/dri')]), 'shell': False}
[0.488733] (test_custom_srv) JobProgress: {'identifier': 'test_custom_srv', 'progress': 'cmake'}
[0.500522] (-) TimerEvent: {}
[0.565480] (test_custom_srv) JobProgress: {'identifier': 'test_custom_srv', 'progress': 'build'}
[0.565530] (test_custom_srv) Command: {'cmd': ['/usr/bin/cmake', '--build', '/home/robot33-6/student133_ws/build/test_custom_srv', '--', '-j8', '-l8'], 'cwd': '/home/robot33-6/student133_ws/build/test_custom_srv', 'env': OrderedDict([('GJS_DEBUG_TOPICS', 'JS ERROR;JS LOG'), ('LC_TIME', 'ru_RU.UTF-8'), ('SNAP_COMMON', '/var/snap/qtcreator-ros/common'), ('SNAP_INSTANCE_KEY', ''), ('USER', 'robot33-6'), ('XDG_SESSION_TYPE', 'wayland'), ('LD_LIBRARY_PATH', '/home/robot33-6/student133_ws/install/test_custom_srv/lib:/home/robot33-6/student133_ws/install/test_custom_msg/lib:/opt/ros/humble/opt/rviz_ogre_vendor/lib:/opt/ros/humble/lib/x86_64-linux-gnu:/opt/ros/humble/lib:/snap/qtcreator-ros/107/lib:/snap/qtcreator-ros/107/usr/lib/x86_64-linux-gnu'), ('SHLVL', '365'), ('SNAP_UID', '1000'), ('HOME', '/home/robot33-6'), ('SNAP_LIBRARY_PATH', '/var/lib/snapd/lib/gl:/var/lib/snapd/lib/gl32:/var/lib/snapd/void'), ('DESKTOP_SESSION', 'ubuntu'), ('QTDIR', '/usr/lib/x86_64-linux-gnu/qt5'), ('SNAP_USER_DATA', '/home/robot33-6/snap/qtcreator-ros/107'), ('GIO_LAUNCHED_DESKTOP_FILE', '/var/lib/snapd/desktop/applications/qtcreator-ros_qtcreator-ros.desktop'), ('GNOME_SHELL_SESSION_MODE', 'ubuntu'), ('GTK_MODULES', 'gail:atk-bridge'), ('ROS_PYTHON_VERSION', '3'), ('LC_MONETARY', 'ru_RU.UTF-8'), ('MANAGERPID', '1385'), ('DBUS_SESSION_BUS_ADDRESS', 'unix:path=/run/user/1000/bus'), ('SYSTEMD_EXEC_PID', '1560'), ('GIO_LAUNCHED_DESKTOP_FILE_PID', '2915'), ('SNAP_REVISION', '107'), ('COLCON_PREFIX_PATH', '/home/robot33-6/student133_ws/install'), ('IM_CONFIG_PHASE', '1'), ('ROS_DISTRO', 'humble'), ('WAYLAND_DISPLAY', 'wayland-0'), ('LOGNAME', 'robot33-6'), ('JOURNAL_STREAM', '8:16372'), ('SNAP_CONTEXT', 'zfxwyVEa0dSM0vT388UHnSyWy-Mv84K8RE-CWR0OLT2wc9JrOksa'), ('_', '/usr/bin/env'), ('ROS_VERSION', '2'), ('SNAP_VERSION', '12.0.2'), ('XDG_SESSION_CLASS', 'user'), ('TERM', 'xterm'), ('USERNAME', 'robot33-6'), ('GNOME_DESKTOP_SESSION_ID', 'this-is-deprecated'), ('ROS_LOCALHOST_ONLY', '0'), ('SNAP_INSTANCE_NAME', 'qtcreator-ros'), ('PATH', '/opt/ros/humble/bin:/usr/local/sbin:/usr/local/bin:/usr/sbin:/usr/bin:/sbin:/bin:/usr/games:/usr/local/games:/snap/bin:/snap/bin'), ('INVOCATION_ID', '19d8ac233f254f48866ffa415bdf884c'), ('SESSION_MANAGER', 'local/robot33-6:@/tmp/.ICE-unix/1538,unix/robot33-6:/tmp/.ICE-unix/1538'), ('BAMF_DESKTOP_FILE_HINT', '/var/lib/snapd/desktop/applications/qtcreator-ros_qtcreator-ros.desktop'), ('GNOME_SETUP_DISPLAY', ':1'), ('LC_ADDRESS', 'ru_RU.UTF-8'), ('SNAP_DATA', '/var/snap/qtcreator-ros/107'), ('XDG_MENU_PREFIX', 'gnome-'), ('XDG_RUNTIME_DIR', '/run/user/1000'), ('DISPLAY', ':0'), ('LANG', 'en_US.UTF-8'), ('LC_TELEPHONE', 'ru_RU.UTF-8'), ('XDG_CURRENT_DESKTOP', 'ubuntu:GNOME'), ('XAUTHORITY', '/run/user/1000/.mutter-Xwaylandauth.K6OOL2'), ('XDG_SESSION_DESKTOP', 'ubuntu'), ('XMODIFIERS', '@im=ibus'), ('AMENT_PREFIX_PATH', '/home/robot33-6/student133_ws/install/test_visualization:/home/robot33-6/student133_ws/install/test_parameters:/home/robot33-6/student133_ws/install/test_client:/home/robot33-6/student133_ws/install/test_service:/home/robot33-6/student133_ws/install/test_custom_srv:/home/robot33-6/student133_ws/install/test_custom_publisher:/home/robot33-6/student133_ws/install/test_castom_publisher:/home/robot33-6/student133_ws/install/test_custom_msg:/home/robot33-6/student133_ws/install/test_subscriber:/home/robot33-6/student133_ws/install/test_publisher:/home/robot33-6/student133_ws/install/test_pkg:/opt/ros/humble'), ('SNAP_ARCH', 'amd64'), ('SNAP_COOKIE', 'zfxwyVEa0dSM0vT388UHnSyWy-Mv84K8RE-CWR0OLT2wc9JrOksa'), ('SNAP_USER_COMMON', '/home/robot33-6/snap/qtcreator-ros/common'), ('SSH_AGENT_LAUNCHER', 'gnome-keyring'), ('SSH_AUTH_SOCK', '/run/user/1000/keyring/ssh'), ('LC_NAME', 'ru_RU.UTF-8'), ('SHELL', '/bin/bash'), ('GDMSESSION', 'ubuntu'), ('QT_ACCESSIBILITY', '1'), ('SNAP_REEXEC', ''), ('SNAP_NAME', 'qtcreator-ros'), ('LC_MEASUREMENT', 'ru_RU.UTF-8'), ('GJS_DEBUG_OUTPUT', 'stderr'), ('LC_IDENTIFICATION', 'ru_RU.UTF-8'), ('QT_IM_MODULE', 'ibus'), ('PWD', '/home/robot33-6/student133_ws/build/test_custom_srv'), ('QT_QPA_PLATFORM', 'wayland;xcb'), ('SNAP_REAL_HOME', '/home/robot33-6'), ('XDG_CONFIG_DIRS', '/etc/xdg/xdg-ubuntu:/etc/xdg'), ('XDG_DATA_DIRS', '/usr/share/ubuntu:/usr/local/share/:/usr/share/:/var/lib/snapd/desktop'), ('LC_NUMERIC', 'ru_RU.UTF-8'), ('PYTHONPATH', '/home/robot33-6/student133_ws/install/test_custom_srv/local/lib/python3.10/dist-packages:/home/robot33-6/student133_ws/install/test_custom_msg/local/lib/python3.10/dist-packages:/opt/ros/humble/lib/python3.10/site-packages:/opt/ros/humble/local/lib/python3.10/dist-packages'), ('SNAP', '/snap/qtcreator-ros/107'), ('SNAP_EUID', '1000'), ('LC_PAPER', 'ru_RU.UTF-8'), ('COLCON', '1'), ('CMAKE_PREFIX_PATH', '/home/robot33-6/student133_ws/install/test_visualization:/home/robot33-6/student133_ws/install/test_parameters:/home/robot33-6/student133_ws/install/test_client:/home/robot33-6/student133_ws/install/test_service:/home/robot33-6/student133_ws/install/test_custom_srv:/home/robot33-6/student133_ws/install/test_custom_publisher:/home/robot33-6/student133_ws/install/test_castom_publisher:/home/robot33-6/student133_ws/install/test_custom_msg:/home/robot33-6/student133_ws/install/test_subscriber:/home/robot33-6/student133_ws/install/test_publisher:/home/robot33-6/student133_ws/install/test_pkg:/opt/ros/humble'), ('LIBGL_DRIVERS_PATH', '/snap/qtcreator-ros/107/usr/lib/x86_64-linux-gnu/dri')]), 'shell': False}
[0.567860] (test_parameters) JobProgress: {'identifier': 'test_parameters', 'progress': 'cmake'}
[0.581446] (test_parameters) JobProgress: {'identifier': 'test_parameters', 'progress': 'build'}
[0.581553] (test_parameters) Command: {'cmd': ['/usr/bin/cmake', '--build', '/home/robot33-6/student133_ws/build/test_parameters', '--', '-j8', '-l8'], 'cwd': '/home/robot33-6/student133_ws/build/test_parameters', 'env': OrderedDict([('GJS_DEBUG_TOPICS', 'JS ERROR;JS LOG'), ('LC_TIME', 'ru_RU.UTF-8'), ('SNAP_COMMON', '/var/snap/qtcreator-ros/common'), ('SNAP_INSTANCE_KEY', ''), ('USER', 'robot33-6'), ('XDG_SESSION_TYPE', 'wayland'), ('LD_LIBRARY_PATH', '/home/robot33-6/student133_ws/install/test_custom_srv/lib:/home/robot33-6/student133_ws/install/test_custom_msg/lib:/opt/ros/humble/opt/rviz_ogre_vendor/lib:/opt/ros/humble/lib/x86_64-linux-gnu:/opt/ros/humble/lib:/snap/qtcreator-ros/107/lib:/snap/qtcreator-ros/107/usr/lib/x86_64-linux-gnu'), ('SHLVL', '365'), ('SNAP_UID', '1000'), ('HOME', '/home/robot33-6'), ('SNAP_LIBRARY_PATH', '/var/lib/snapd/lib/gl:/var/lib/snapd/lib/gl32:/var/lib/snapd/void'), ('DESKTOP_SESSION', 'ubuntu'), ('QTDIR', '/usr/lib/x86_64-linux-gnu/qt5'), ('SNAP_USER_DATA', '/home/robot33-6/snap/qtcreator-ros/107'), ('GIO_LAUNCHED_DESKTOP_FILE', '/var/lib/snapd/desktop/applications/qtcreator-ros_qtcreator-ros.desktop'), ('GNOME_SHELL_SESSION_MODE', 'ubuntu'), ('GTK_MODULES', 'gail:atk-bridge'), ('ROS_PYTHON_VERSION', '3'), ('LC_MONETARY', 'ru_RU.UTF-8'), ('MANAGERPID', '1385'), ('DBUS_SESSION_BUS_ADDRESS', 'unix:path=/run/user/1000/bus'), ('SYSTEMD_EXEC_PID', '1560'), ('GIO_LAUNCHED_DESKTOP_FILE_PID', '2915'), ('SNAP_REVISION', '107'), ('COLCON_PREFIX_PATH', '/home/robot33-6/student133_ws/install'), ('IM_CONFIG_PHASE', '1'), ('ROS_DISTRO', 'humble'), ('WAYLAND_DISPLAY', 'wayland-0'), ('LOGNAME', 'robot33-6'), ('JOURNAL_STREAM', '8:16372'), ('SNAP_CONTEXT', 'zfxwyVEa0dSM0vT388UHnSyWy-Mv84K8RE-CWR0OLT2wc9JrOksa'), ('_', '/usr/bin/env'), ('ROS_VERSION', '2'), ('SNAP_VERSION', '12.0.2'), ('XDG_SESSION_CLASS', 'user'), ('TERM', 'xterm'), ('USERNAME', 'robot33-6'), ('GNOME_DESKTOP_SESSION_ID', 'this-is-deprecated'), ('ROS_LOCALHOST_ONLY', '0'), ('SNAP_INSTANCE_NAME', 'qtcreator-ros'), ('PATH', '/opt/ros/humble/bin:/usr/local/sbin:/usr/local/bin:/usr/sbin:/usr/bin:/sbin:/bin:/usr/games:/usr/local/games:/snap/bin:/snap/bin'), ('INVOCATION_ID', '19d8ac233f254f48866ffa415bdf884c'), ('SESSION_MANAGER', 'local/robot33-6:@/tmp/.ICE-unix/1538,unix/robot33-6:/tmp/.ICE-unix/1538'), ('BAMF_DESKTOP_FILE_HINT', '/var/lib/snapd/desktop/applications/qtcreator-ros_qtcreator-ros.desktop'), ('GNOME_SETUP_DISPLAY', ':1'), ('LC_ADDRESS', 'ru_RU.UTF-8'), ('SNAP_DATA', '/var/snap/qtcreator-ros/107'), ('XDG_MENU_PREFIX', 'gnome-'), ('XDG_RUNTIME_DIR', '/run/user/1000'), ('DISPLAY', ':0'), ('LANG', 'en_US.UTF-8'), ('LC_TELEPHONE', 'ru_RU.UTF-8'), ('XDG_CURRENT_DESKTOP', 'ubuntu:GNOME'), ('XAUTHORITY', '/run/user/1000/.mutter-Xwaylandauth.K6OOL2'), ('XDG_SESSION_DESKTOP', 'ubuntu'), ('XMODIFIERS', '@im=ibus'), ('AMENT_PREFIX_PATH', '/home/robot33-6/student133_ws/install/test_visualization:/home/robot33-6/student133_ws/install/test_parameters:/home/robot33-6/student133_ws/install/test_client:/home/robot33-6/student133_ws/install/test_service:/home/robot33-6/student133_ws/install/test_custom_srv:/home/robot33-6/student133_ws/install/test_custom_publisher:/home/robot33-6/student133_ws/install/test_castom_publisher:/home/robot33-6/student133_ws/install/test_custom_msg:/home/robot33-6/student133_ws/install/test_subscriber:/home/robot33-6/student133_ws/install/test_publisher:/home/robot33-6/student133_ws/install/test_pkg:/opt/ros/humble'), ('SNAP_ARCH', 'amd64'), ('SNAP_COOKIE', 'zfxwyVEa0dSM0vT388UHnSyWy-Mv84K8RE-CWR0OLT2wc9JrOksa'), ('SNAP_USER_COMMON', '/home/robot33-6/snap/qtcreator-ros/common'), ('SSH_AGENT_LAUNCHER', 'gnome-keyring'), ('SSH_AUTH_SOCK', '/run/user/1000/keyring/ssh'), ('LC_NAME', 'ru_RU.UTF-8'), ('SHELL', '/bin/bash'), ('GDMSESSION', 'ubuntu'), ('QT_ACCESSIBILITY', '1'), ('SNAP_REEXEC', ''), ('SNAP_NAME', 'qtcreator-ros'), ('LC_MEASUREMENT', 'ru_RU.UTF-8'), ('GJS_DEBUG_OUTPUT', 'stderr'), ('LC_IDENTIFICATION', 'ru_RU.UTF-8'), ('QT_IM_MODULE', 'ibus'), ('PWD', '/home/robot33-6/student133_ws/build/test_parameters'), ('QT_QPA_PLATFORM', 'wayland;xcb'), ('SNAP_REAL_HOME', '/home/robot33-6'), ('XDG_CONFIG_DIRS', '/etc/xdg/xdg-ubuntu:/etc/xdg'), ('XDG_DATA_DIRS', '/usr/share/ubuntu:/usr/local/share/:/usr/share/:/var/lib/snapd/desktop'), ('LC_NUMERIC', 'ru_RU.UTF-8'), ('PYTHONPATH', '/home/robot33-6/student133_ws/install/test_custom_srv/local/lib/python3.10/dist-packages:/home/robot33-6/student133_ws/install/test_custom_msg/local/lib/python3.10/dist-packages:/opt/ros/humble/lib/python3.10/site-packages:/opt/ros/humble/local/lib/python3.10/dist-packages'), ('SNAP', '/snap/qtcreator-ros/107'), ('SNAP_EUID', '1000'), ('LC_PAPER', 'ru_RU.UTF-8'), ('COLCON', '1'), ('CMAKE_PREFIX_PATH', '/home/robot33-6/student133_ws/install/test_visualization:/home/robot33-6/student133_ws/install/test_parameters:/home/robot33-6/student133_ws/install/test_client:/home/robot33-6/student133_ws/install/test_service:/home/robot33-6/student133_ws/install/test_custom_srv:/home/robot33-6/student133_ws/install/test_custom_publisher:/home/robot33-6/student133_ws/install/test_castom_publisher:/home/robot33-6/student133_ws/install/test_custom_msg:/home/robot33-6/student133_ws/install/test_subscriber:/home/robot33-6/student133_ws/install/test_publisher:/home/robot33-6/student133_ws/install/test_pkg:/opt/ros/humble'), ('LIBGL_DRIVERS_PATH', '/snap/qtcreator-ros/107/usr/lib/x86_64-linux-gnu/dri')]), 'shell': False}
[0.582971] (test_pkg) JobProgress: {'identifier': 'test_pkg', 'progress': 'cmake'}
[0.589467] (test_pkg) JobProgress: {'identifier': 'test_pkg', 'progress': 'build'}
[0.589638] (test_pkg) Command: {'cmd': ['/usr/bin/cmake', '--build', '/home/robot33-6/student133_ws/build/test_pkg', '--', '-j8', '-l8'], 'cwd': '/home/robot33-6/student133_ws/build/test_pkg', 'env': OrderedDict([('GJS_DEBUG_TOPICS', 'JS ERROR;JS LOG'), ('LC_TIME', 'ru_RU.UTF-8'), ('SNAP_COMMON', '/var/snap/qtcreator-ros/common'), ('SNAP_INSTANCE_KEY', ''), ('USER', 'robot33-6'), ('XDG_SESSION_TYPE', 'wayland'), ('LD_LIBRARY_PATH', '/home/robot33-6/student133_ws/install/test_custom_srv/lib:/home/robot33-6/student133_ws/install/test_custom_msg/lib:/opt/ros/humble/opt/rviz_ogre_vendor/lib:/opt/ros/humble/lib/x86_64-linux-gnu:/opt/ros/humble/lib:/snap/qtcreator-ros/107/lib:/snap/qtcreator-ros/107/usr/lib/x86_64-linux-gnu'), ('SHLVL', '365'), ('SNAP_UID', '1000'), ('HOME', '/home/robot33-6'), ('SNAP_LIBRARY_PATH', '/var/lib/snapd/lib/gl:/var/lib/snapd/lib/gl32:/var/lib/snapd/void'), ('DESKTOP_SESSION', 'ubuntu'), ('QTDIR', '/usr/lib/x86_64-linux-gnu/qt5'), ('SNAP_USER_DATA', '/home/robot33-6/snap/qtcreator-ros/107'), ('GIO_LAUNCHED_DESKTOP_FILE', '/var/lib/snapd/desktop/applications/qtcreator-ros_qtcreator-ros.desktop'), ('GNOME_SHELL_SESSION_MODE', 'ubuntu'), ('GTK_MODULES', 'gail:atk-bridge'), ('ROS_PYTHON_VERSION', '3'), ('LC_MONETARY', 'ru_RU.UTF-8'), ('MANAGERPID', '1385'), ('DBUS_SESSION_BUS_ADDRESS', 'unix:path=/run/user/1000/bus'), ('SYSTEMD_EXEC_PID', '1560'), ('GIO_LAUNCHED_DESKTOP_FILE_PID', '2915'), ('SNAP_REVISION', '107'), ('COLCON_PREFIX_PATH', '/home/robot33-6/student133_ws/install'), ('IM_CONFIG_PHASE', '1'), ('ROS_DISTRO', 'humble'), ('WAYLAND_DISPLAY', 'wayland-0'), ('LOGNAME', 'robot33-6'), ('JOURNAL_STREAM', '8:16372'), ('SNAP_CONTEXT', 'zfxwyVEa0dSM0vT388UHnSyWy-Mv84K8RE-CWR0OLT2wc9JrOksa'), ('_', '/usr/bin/env'), ('ROS_VERSION', '2'), ('SNAP_VERSION', '12.0.2'), ('XDG_SESSION_CLASS', 'user'), ('TERM', 'xterm'), ('USERNAME', 'robot33-6'), ('GNOME_DESKTOP_SESSION_ID', 'this-is-deprecated'), ('ROS_LOCALHOST_ONLY', '0'), ('SNAP_INSTANCE_NAME', 'qtcreator-ros'), ('PATH', '/opt/ros/humble/bin:/usr/local/sbin:/usr/local/bin:/usr/sbin:/usr/bin:/sbin:/bin:/usr/games:/usr/local/games:/snap/bin:/snap/bin'), ('INVOCATION_ID', '19d8ac233f254f48866ffa415bdf884c'), ('SESSION_MANAGER', 'local/robot33-6:@/tmp/.ICE-unix/1538,unix/robot33-6:/tmp/.ICE-unix/1538'), ('BAMF_DESKTOP_FILE_HINT', '/var/lib/snapd/desktop/applications/qtcreator-ros_qtcreator-ros.desktop'), ('GNOME_SETUP_DISPLAY', ':1'), ('LC_ADDRESS', 'ru_RU.UTF-8'), ('SNAP_DATA', '/var/snap/qtcreator-ros/107'), ('XDG_MENU_PREFIX', 'gnome-'), ('XDG_RUNTIME_DIR', '/run/user/1000'), ('DISPLAY', ':0'), ('LANG', 'en_US.UTF-8'), ('LC_TELEPHONE', 'ru_RU.UTF-8'), ('XDG_CURRENT_DESKTOP', 'ubuntu:GNOME'), ('XAUTHORITY', '/run/user/1000/.mutter-Xwaylandauth.K6OOL2'), ('XDG_SESSION_DESKTOP', 'ubuntu'), ('XMODIFIERS', '@im=ibus'), ('AMENT_PREFIX_PATH', '/home/robot33-6/student133_ws/install/test_visualization:/home/robot33-6/student133_ws/install/test_parameters:/home/robot33-6/student133_ws/install/test_client:/home/robot33-6/student133_ws/install/test_service:/home/robot33-6/student133_ws/install/test_custom_srv:/home/robot33-6/student133_ws/install/test_custom_publisher:/home/robot33-6/student133_ws/install/test_castom_publisher:/home/robot33-6/student133_ws/install/test_custom_msg:/home/robot33-6/student133_ws/install/test_subscriber:/home/robot33-6/student133_ws/install/test_publisher:/home/robot33-6/student133_ws/install/test_pkg:/opt/ros/humble'), ('SNAP_ARCH', 'amd64'), ('SNAP_COOKIE', 'zfxwyVEa0dSM0vT388UHnSyWy-Mv84K8RE-CWR0OLT2wc9JrOksa'), ('SNAP_USER_COMMON', '/home/robot33-6/snap/qtcreator-ros/common'), ('SSH_AGENT_LAUNCHER', 'gnome-keyring'), ('SSH_AUTH_SOCK', '/run/user/1000/keyring/ssh'), ('LC_NAME', 'ru_RU.UTF-8'), ('SHELL', '/bin/bash'), ('GDMSESSION', 'ubuntu'), ('QT_ACCESSIBILITY', '1'), ('SNAP_REEXEC', ''), ('SNAP_NAME', 'qtcreator-ros'), ('LC_MEASUREMENT', 'ru_RU.UTF-8'), ('GJS_DEBUG_OUTPUT', 'stderr'), ('LC_IDENTIFICATION', 'ru_RU.UTF-8'), ('QT_IM_MODULE', 'ibus'), ('PWD', '/home/robot33-6/student133_ws/build/test_pkg'), ('QT_QPA_PLATFORM', 'wayland;xcb'), ('SNAP_REAL_HOME', '/home/robot33-6'), ('XDG_CONFIG_DIRS', '/etc/xdg/xdg-ubuntu:/etc/xdg'), ('XDG_DATA_DIRS', '/usr/share/ubuntu:/usr/local/share/:/usr/share/:/var/lib/snapd/desktop'), ('LC_NUMERIC', 'ru_RU.UTF-8'), ('PYTHONPATH', '/home/robot33-6/student133_ws/install/test_custom_srv/local/lib/python3.10/dist-packages:/home/robot33-6/student133_ws/install/test_custom_msg/local/lib/python3.10/dist-packages:/opt/ros/humble/lib/python3.10/site-packages:/opt/ros/humble/local/lib/python3.10/dist-packages'), ('SNAP', '/snap/qtcreator-ros/107'), ('SNAP_EUID', '1000'), ('LC_PAPER', 'ru_RU.UTF-8'), ('COLCON', '1'), ('CMAKE_PREFIX_PATH', '/home/robot33-6/student133_ws/install/test_visualization:/home/robot33-6/student133_ws/install/test_parameters:/home/robot33-6/student133_ws/install/test_client:/home/robot33-6/student133_ws/install/test_service:/home/robot33-6/student133_ws/install/test_custom_srv:/home/robot33-6/student133_ws/install/test_custom_publisher:/home/robot33-6/student133_ws/install/test_castom_publisher:/home/robot33-6/student133_ws/install/test_custom_msg:/home/robot33-6/student133_ws/install/test_subscriber:/home/robot33-6/student133_ws/install/test_publisher:/home/robot33-6/student133_ws/install/test_pkg:/opt/ros/humble'), ('LIBGL_DRIVERS_PATH', '/snap/qtcreator-ros/107/usr/lib/x86_64-linux-gnu/dri')]), 'shell': False}
[0.591212] (test_publisher) JobProgress: {'identifier': 'test_publisher', 'progress': 'cmake'}
[0.600666] (-) TimerEvent: {}
[0.620193] (test_publisher) JobProgress: {'identifier': 'test_publisher', 'progress': 'build'}
[0.620240] (test_publisher) Command: {'cmd': ['/usr/bin/cmake', '--build', '/home/robot33-6/student133_ws/build/test_publisher', '--', '-j8', '-l8'], 'cwd': '/home/robot33-6/student133_ws/build/test_publisher', 'env': OrderedDict([('GJS_DEBUG_TOPICS', 'JS ERROR;JS LOG'), ('LC_TIME', 'ru_RU.UTF-8'), ('SNAP_COMMON', '/var/snap/qtcreator-ros/common'), ('SNAP_INSTANCE_KEY', ''), ('USER', 'robot33-6'), ('XDG_SESSION_TYPE', 'wayland'), ('LD_LIBRARY_PATH', '/home/robot33-6/student133_ws/install/test_custom_srv/lib:/home/robot33-6/student133_ws/install/test_custom_msg/lib:/opt/ros/humble/opt/rviz_ogre_vendor/lib:/opt/ros/humble/lib/x86_64-linux-gnu:/opt/ros/humble/lib:/snap/qtcreator-ros/107/lib:/snap/qtcreator-ros/107/usr/lib/x86_64-linux-gnu'), ('SHLVL', '365'), ('SNAP_UID', '1000'), ('HOME', '/home/robot33-6'), ('SNAP_LIBRARY_PATH', '/var/lib/snapd/lib/gl:/var/lib/snapd/lib/gl32:/var/lib/snapd/void'), ('DESKTOP_SESSION', 'ubuntu'), ('QTDIR', '/usr/lib/x86_64-linux-gnu/qt5'), ('SNAP_USER_DATA', '/home/robot33-6/snap/qtcreator-ros/107'), ('GIO_LAUNCHED_DESKTOP_FILE', '/var/lib/snapd/desktop/applications/qtcreator-ros_qtcreator-ros.desktop'), ('GNOME_SHELL_SESSION_MODE', 'ubuntu'), ('GTK_MODULES', 'gail:atk-bridge'), ('ROS_PYTHON_VERSION', '3'), ('LC_MONETARY', 'ru_RU.UTF-8'), ('MANAGERPID', '1385'), ('DBUS_SESSION_BUS_ADDRESS', 'unix:path=/run/user/1000/bus'), ('SYSTEMD_EXEC_PID', '1560'), ('GIO_LAUNCHED_DESKTOP_FILE_PID', '2915'), ('SNAP_REVISION', '107'), ('COLCON_PREFIX_PATH', '/home/robot33-6/student133_ws/install'), ('IM_CONFIG_PHASE', '1'), ('ROS_DISTRO', 'humble'), ('WAYLAND_DISPLAY', 'wayland-0'), ('LOGNAME', 'robot33-6'), ('JOURNAL_STREAM', '8:16372'), ('SNAP_CONTEXT', 'zfxwyVEa0dSM0vT388UHnSyWy-Mv84K8RE-CWR0OLT2wc9JrOksa'), ('_', '/usr/bin/env'), ('ROS_VERSION', '2'), ('SNAP_VERSION', '12.0.2'), ('XDG_SESSION_CLASS', 'user'), ('TERM', 'xterm'), ('USERNAME', 'robot33-6'), ('GNOME_DESKTOP_SESSION_ID', 'this-is-deprecated'), ('ROS_LOCALHOST_ONLY', '0'), ('SNAP_INSTANCE_NAME', 'qtcreator-ros'), ('PATH', '/opt/ros/humble/bin:/usr/local/sbin:/usr/local/bin:/usr/sbin:/usr/bin:/sbin:/bin:/usr/games:/usr/local/games:/snap/bin:/snap/bin'), ('INVOCATION_ID', '19d8ac233f254f48866ffa415bdf884c'), ('SESSION_MANAGER', 'local/robot33-6:@/tmp/.ICE-unix/1538,unix/robot33-6:/tmp/.ICE-unix/1538'), ('BAMF_DESKTOP_FILE_HINT', '/var/lib/snapd/desktop/applications/qtcreator-ros_qtcreator-ros.desktop'), ('GNOME_SETUP_DISPLAY', ':1'), ('LC_ADDRESS', 'ru_RU.UTF-8'), ('SNAP_DATA', '/var/snap/qtcreator-ros/107'), ('XDG_MENU_PREFIX', 'gnome-'), ('XDG_RUNTIME_DIR', '/run/user/1000'), ('DISPLAY', ':0'), ('LANG', 'en_US.UTF-8'), ('LC_TELEPHONE', 'ru_RU.UTF-8'), ('XDG_CURRENT_DESKTOP', 'ubuntu:GNOME'), ('XAUTHORITY', '/run/user/1000/.mutter-Xwaylandauth.K6OOL2'), ('XDG_SESSION_DESKTOP', 'ubuntu'), ('XMODIFIERS', '@im=ibus'), ('AMENT_PREFIX_PATH', '/home/robot33-6/student133_ws/install/test_visualization:/home/robot33-6/student133_ws/install/test_parameters:/home/robot33-6/student133_ws/install/test_client:/home/robot33-6/student133_ws/install/test_service:/home/robot33-6/student133_ws/install/test_custom_srv:/home/robot33-6/student133_ws/install/test_custom_publisher:/home/robot33-6/student133_ws/install/test_castom_publisher:/home/robot33-6/student133_ws/install/test_custom_msg:/home/robot33-6/student133_ws/install/test_subscriber:/home/robot33-6/student133_ws/install/test_publisher:/home/robot33-6/student133_ws/install/test_pkg:/opt/ros/humble'), ('SNAP_ARCH', 'amd64'), ('SNAP_COOKIE', 'zfxwyVEa0dSM0vT388UHnSyWy-Mv84K8RE-CWR0OLT2wc9JrOksa'), ('SNAP_USER_COMMON', '/home/robot33-6/snap/qtcreator-ros/common'), ('SSH_AGENT_LAUNCHER', 'gnome-keyring'), ('SSH_AUTH_SOCK', '/run/user/1000/keyring/ssh'), ('LC_NAME', 'ru_RU.UTF-8'), ('SHELL', '/bin/bash'), ('GDMSESSION', 'ubuntu'), ('QT_ACCESSIBILITY', '1'), ('SNAP_REEXEC', ''), ('SNAP_NAME', 'qtcreator-ros'), ('LC_MEASUREMENT', 'ru_RU.UTF-8'), ('GJS_DEBUG_OUTPUT', 'stderr'), ('LC_IDENTIFICATION', 'ru_RU.UTF-8'), ('QT_IM_MODULE', 'ibus'), ('PWD', '/home/robot33-6/student133_ws/build/test_publisher'), ('QT_QPA_PLATFORM', 'wayland;xcb'), ('SNAP_REAL_HOME', '/home/robot33-6'), ('XDG_CONFIG_DIRS', '/etc/xdg/xdg-ubuntu:/etc/xdg'), ('XDG_DATA_DIRS', '/usr/share/ubuntu:/usr/local/share/:/usr/share/:/var/lib/snapd/desktop'), ('LC_NUMERIC', 'ru_RU.UTF-8'), ('PYTHONPATH', '/home/robot33-6/student133_ws/install/test_custom_srv/local/lib/python3.10/dist-packages:/home/robot33-6/student133_ws/install/test_custom_msg/local/lib/python3.10/dist-packages:/opt/ros/humble/lib/python3.10/site-packages:/opt/ros/humble/local/lib/python3.10/dist-packages'), ('SNAP', '/snap/qtcreator-ros/107'), ('SNAP_EUID', '1000'), ('LC_PAPER', 'ru_RU.UTF-8'), ('COLCON', '1'), ('CMAKE_PREFIX_PATH', '/home/robot33-6/student133_ws/install/test_visualization:/home/robot33-6/student133_ws/install/test_parameters:/home/robot33-6/student133_ws/install/test_client:/home/robot33-6/student133_ws/install/test_service:/home/robot33-6/student133_ws/install/test_custom_srv:/home/robot33-6/student133_ws/install/test_custom_publisher:/home/robot33-6/student133_ws/install/test_castom_publisher:/home/robot33-6/student133_ws/install/test_custom_msg:/home/robot33-6/student133_ws/install/test_subscriber:/home/robot33-6/student133_ws/install/test_publisher:/home/robot33-6/student133_ws/install/test_pkg:/opt/ros/humble'), ('LIBGL_DRIVERS_PATH', '/snap/qtcreator-ros/107/usr/lib/x86_64-linux-gnu/dri')]), 'shell': False}
[0.621928] (test_serial_communication) JobProgress: {'identifier': 'test_serial_communication', 'progress': 'cmake'}
[0.622121] (test_serial_communication) Command: {'cmd': ['/usr/bin/cmake', '/home/robot33-6/student133_ws/src/test_serial_communication', '-G', 'CodeBlocks - Unix Makefiles', '-DCMAKE_BUILD_TYPE=Debug', '-DCMAKE_INSTALL_PREFIX=/home/robot33-6/student133_ws/install/test_serial_communication'], 'cwd': '/home/robot33-6/student133_ws/build/test_serial_communication', 'env': OrderedDict([('GJS_DEBUG_TOPICS', 'JS ERROR;JS LOG'), ('LC_TIME', 'ru_RU.UTF-8'), ('SNAP_COMMON', '/var/snap/qtcreator-ros/common'), ('SNAP_INSTANCE_KEY', ''), ('USER', 'robot33-6'), ('XDG_SESSION_TYPE', 'wayland'), ('LD_LIBRARY_PATH', '/home/robot33-6/student133_ws/install/test_custom_srv/lib:/home/robot33-6/student133_ws/install/test_custom_msg/lib:/opt/ros/humble/opt/rviz_ogre_vendor/lib:/opt/ros/humble/lib/x86_64-linux-gnu:/opt/ros/humble/lib:/snap/qtcreator-ros/107/lib:/snap/qtcreator-ros/107/usr/lib/x86_64-linux-gnu'), ('SHLVL', '365'), ('SNAP_UID', '1000'), ('HOME', '/home/robot33-6'), ('SNAP_LIBRARY_PATH', '/var/lib/snapd/lib/gl:/var/lib/snapd/lib/gl32:/var/lib/snapd/void'), ('DESKTOP_SESSION', 'ubuntu'), ('QTDIR', '/usr/lib/x86_64-linux-gnu/qt5'), ('SNAP_USER_DATA', '/home/robot33-6/snap/qtcreator-ros/107'), ('GIO_LAUNCHED_DESKTOP_FILE', '/var/lib/snapd/desktop/applications/qtcreator-ros_qtcreator-ros.desktop'), ('GNOME_SHELL_SESSION_MODE', 'ubuntu'), ('GTK_MODULES', 'gail:atk-bridge'), ('ROS_PYTHON_VERSION', '3'), ('LC_MONETARY', 'ru_RU.UTF-8'), ('MANAGERPID', '1385'), ('DBUS_SESSION_BUS_ADDRESS', 'unix:path=/run/user/1000/bus'), ('SYSTEMD_EXEC_PID', '1560'), ('GIO_LAUNCHED_DESKTOP_FILE_PID', '2915'), ('SNAP_REVISION', '107'), ('COLCON_PREFIX_PATH', '/home/robot33-6/student133_ws/install'), ('IM_CONFIG_PHASE', '1'), ('ROS_DISTRO', 'humble'), ('WAYLAND_DISPLAY', 'wayland-0'), ('LOGNAME', 'robot33-6'), ('JOURNAL_STREAM', '8:16372'), ('SNAP_CONTEXT', 'zfxwyVEa0dSM0vT388UHnSyWy-Mv84K8RE-CWR0OLT2wc9JrOksa'), ('_', '/usr/bin/env'), ('ROS_VERSION', '2'), ('SNAP_VERSION', '12.0.2'), ('XDG_SESSION_CLASS', 'user'), ('TERM', 'xterm'), ('USERNAME', 'robot33-6'), ('GNOME_DESKTOP_SESSION_ID', 'this-is-deprecated'), ('ROS_LOCALHOST_ONLY', '0'), ('SNAP_INSTANCE_NAME', 'qtcreator-ros'), ('PATH', '/opt/ros/humble/bin:/usr/local/sbin:/usr/local/bin:/usr/sbin:/usr/bin:/sbin:/bin:/usr/games:/usr/local/games:/snap/bin:/snap/bin'), ('INVOCATION_ID', '19d8ac233f254f48866ffa415bdf884c'), ('SESSION_MANAGER', 'local/robot33-6:@/tmp/.ICE-unix/1538,unix/robot33-6:/tmp/.ICE-unix/1538'), ('BAMF_DESKTOP_FILE_HINT', '/var/lib/snapd/desktop/applications/qtcreator-ros_qtcreator-ros.desktop'), ('GNOME_SETUP_DISPLAY', ':1'), ('LC_ADDRESS', 'ru_RU.UTF-8'), ('SNAP_DATA', '/var/snap/qtcreator-ros/107'), ('XDG_MENU_PREFIX', 'gnome-'), ('XDG_RUNTIME_DIR', '/run/user/1000'), ('DISPLAY', ':0'), ('LANG', 'en_US.UTF-8'), ('LC_TELEPHONE', 'ru_RU.UTF-8'), ('XDG_CURRENT_DESKTOP', 'ubuntu:GNOME'), ('XAUTHORITY', '/run/user/1000/.mutter-Xwaylandauth.K6OOL2'), ('XDG_SESSION_DESKTOP', 'ubuntu'), ('XMODIFIERS', '@im=ibus'), ('AMENT_PREFIX_PATH', '/home/robot33-6/student133_ws/install/test_visualization:/home/robot33-6/student133_ws/install/test_parameters:/home/robot33-6/student133_ws/install/test_client:/home/robot33-6/student133_ws/install/test_service:/home/robot33-6/student133_ws/install/test_custom_srv:/home/robot33-6/student133_ws/install/test_custom_publisher:/home/robot33-6/student133_ws/install/test_castom_publisher:/home/robot33-6/student133_ws/install/test_custom_msg:/home/robot33-6/student133_ws/install/test_subscriber:/home/robot33-6/student133_ws/install/test_publisher:/home/robot33-6/student133_ws/install/test_pkg:/opt/ros/humble'), ('SNAP_ARCH', 'amd64'), ('SNAP_COOKIE', 'zfxwyVEa0dSM0vT388UHnSyWy-Mv84K8RE-CWR0OLT2wc9JrOksa'), ('SNAP_USER_COMMON', '/home/robot33-6/snap/qtcreator-ros/common'), ('SSH_AGENT_LAUNCHER', 'gnome-keyring'), ('SSH_AUTH_SOCK', '/run/user/1000/keyring/ssh'), ('LC_NAME', 'ru_RU.UTF-8'), ('SHELL', '/bin/bash'), ('GDMSESSION', 'ubuntu'), ('QT_ACCESSIBILITY', '1'), ('SNAP_REEXEC', ''), ('SNAP_NAME', 'qtcreator-ros'), ('LC_MEASUREMENT', 'ru_RU.UTF-8'), ('GJS_DEBUG_OUTPUT', 'stderr'), ('LC_IDENTIFICATION', 'ru_RU.UTF-8'), ('QT_IM_MODULE', 'ibus'), ('PWD', '/home/robot33-6/student133_ws/build/test_serial_communication'), ('QT_QPA_PLATFORM', 'wayland;xcb'), ('SNAP_REAL_HOME', '/home/robot33-6'), ('XDG_CONFIG_DIRS', '/etc/xdg/xdg-ubuntu:/etc/xdg'), ('XDG_DATA_DIRS', '/usr/share/ubuntu:/usr/local/share/:/usr/share/:/var/lib/snapd/desktop'), ('LC_NUMERIC', 'ru_RU.UTF-8'), ('PYTHONPATH', '/home/robot33-6/student133_ws/install/test_custom_srv/local/lib/python3.10/dist-packages:/home/robot33-6/student133_ws/install/test_custom_msg/local/lib/python3.10/dist-packages:/opt/ros/humble/lib/python3.10/site-packages:/opt/ros/humble/local/lib/python3.10/dist-packages'), ('SNAP', '/snap/qtcreator-ros/107'), ('SNAP_EUID', '1000'), ('LC_PAPER', 'ru_RU.UTF-8'), ('COLCON', '1'), ('CMAKE_PREFIX_PATH', '/home/robot33-6/student133_ws/install/test_visualization:/home/robot33-6/student133_ws/install/test_parameters:/home/robot33-6/student133_ws/install/test_client:/home/robot33-6/student133_ws/install/test_service:/home/robot33-6/student133_ws/install/test_custom_srv:/home/robot33-6/student133_ws/install/test_custom_publisher:/home/robot33-6/student133_ws/install/test_castom_publisher:/home/robot33-6/student133_ws/install/test_custom_msg:/home/robot33-6/student133_ws/install/test_subscriber:/home/robot33-6/student133_ws/install/test_publisher:/home/robot33-6/student133_ws/install/test_pkg:/opt/ros/humble'), ('LIBGL_DRIVERS_PATH', '/snap/qtcreator-ros/107/usr/lib/x86_64-linux-gnu/dri')]), 'shell': False}
[0.700831] (-) TimerEvent: {}
[0.801070] (-) TimerEvent: {}
[0.901307] (-) TimerEvent: {}
[1.001549] (-) TimerEvent: {}
[1.068885] (test_custom_srv) StdoutLine: {'line': b'[  3%] Built target test_custom_srv__cpp\n'}
[1.069205] (test_custom_msg) StdoutLine: {'line': b'[  3%] Built target test_custom_msg__cpp\n'}
[1.101685] (-) TimerEvent: {}
[1.108176] (test_custom_srv) StdoutLine: {'line': b'[ 12%] Built target test_custom_srv__rosidl_generator_c\n'}
[1.118237] (test_custom_srv) StdoutLine: {'line': b'[ 22%] Built target test_custom_srv__rosidl_typesupport_introspection_cpp\n'}
[1.124562] (test_pkg) StdoutLine: {'line': b'[100%] Built target test_pkg_node\n'}
[1.133702] (test_pkg) CommandEnded: {'returncode': 0}
[1.181335] (test_custom_srv) StdoutLine: {'line': b'[ 32%] Built target test_custom_srv__rosidl_typesupport_cpp\n'}
[1.181524] (test_custom_srv) StdoutLine: {'line': b'[ 51%] Built target test_custom_srv__rosidl_typesupport_c\n'}
[1.181637] (test_custom_srv) StdoutLine: {'line': b'[ 51%] Built target test_custom_srv__rosidl_typesupport_introspection_c\n'}
[1.181738] (test_custom_srv) StdoutLine: {'line': b'[ 61%] Built target test_custom_srv__rosidl_typesupport_fastrtps_cpp\n'}
[1.181842] (test_custom_msg) StdoutLine: {'line': b'[ 12%] Built target test_custom_msg__rosidl_typesupport_cpp\n'}
[1.181943] (test_custom_msg) StdoutLine: {'line': b'[ 22%] Built target test_custom_msg__rosidl_generator_c\n'}
[1.182027] (test_custom_msg) StdoutLine: {'line': b'[ 32%] Built target test_custom_msg__rosidl_typesupport_introspection_cpp\n'}
[1.182107] (test_custom_msg) StdoutLine: {'line': b'[ 41%] Built target test_custom_msg__rosidl_typesupport_fastrtps_cpp\n'}
[1.182185] (test_custom_msg) StdoutLine: {'line': b'[ 41%] Built target ament_cmake_python_copy_test_custom_msg\n'}
[1.182280] (test_custom_msg) StdoutLine: {'line': b'[ 51%] Built target test_custom_msg__rosidl_typesupport_introspection_c\n'}
[1.182361] (test_custom_msg) StdoutLine: {'line': b'[ 61%] Built target test_custom_msg__rosidl_typesupport_c\n'}
[1.186153] (test_publisher) StdoutLine: {'line': b'[100%] Built target test_publisher_node\n'}
[1.191802] (test_parameters) StdoutLine: {'line': b'[100%] Built target test_parameters_node\n'}
[1.194652] (test_custom_msg) StdoutLine: {'line': b'[ 70%] Built target test_custom_msg__rosidl_typesupport_fastrtps_c\n'}
[1.197841] (test_publisher) CommandEnded: {'returncode': 0}
[1.201764] (-) TimerEvent: {}
[1.203436] (test_parameters) CommandEnded: {'returncode': 0}
[1.205382] (test_client) StdoutLine: {'line': b'[100%] Built target test_client_node\n'}
[1.206740] (test_custom_srv) StdoutLine: {'line': b'[ 70%] Built target test_custom_srv__rosidl_typesupport_fastrtps_c\n'}
[1.207459] (test_pkg) JobProgress: {'identifier': 'test_pkg', 'progress': 'install'}
[1.218168] (test_pkg) Command: {'cmd': ['/usr/bin/cmake', '--install', '/home/robot33-6/student133_ws/build/test_pkg'], 'cwd': '/home/robot33-6/student133_ws/build/test_pkg', 'env': OrderedDict([('GJS_DEBUG_TOPICS', 'JS ERROR;JS LOG'), ('LC_TIME', 'ru_RU.UTF-8'), ('SNAP_COMMON', '/var/snap/qtcreator-ros/common'), ('SNAP_INSTANCE_KEY', ''), ('USER', 'robot33-6'), ('XDG_SESSION_TYPE', 'wayland'), ('LD_LIBRARY_PATH', '/home/robot33-6/student133_ws/install/test_custom_srv/lib:/home/robot33-6/student133_ws/install/test_custom_msg/lib:/opt/ros/humble/opt/rviz_ogre_vendor/lib:/opt/ros/humble/lib/x86_64-linux-gnu:/opt/ros/humble/lib:/snap/qtcreator-ros/107/lib:/snap/qtcreator-ros/107/usr/lib/x86_64-linux-gnu'), ('SHLVL', '365'), ('SNAP_UID', '1000'), ('HOME', '/home/robot33-6'), ('SNAP_LIBRARY_PATH', '/var/lib/snapd/lib/gl:/var/lib/snapd/lib/gl32:/var/lib/snapd/void'), ('DESKTOP_SESSION', 'ubuntu'), ('QTDIR', '/usr/lib/x86_64-linux-gnu/qt5'), ('SNAP_USER_DATA', '/home/robot33-6/snap/qtcreator-ros/107'), ('GIO_LAUNCHED_DESKTOP_FILE', '/var/lib/snapd/desktop/applications/qtcreator-ros_qtcreator-ros.desktop'), ('GNOME_SHELL_SESSION_MODE', 'ubuntu'), ('GTK_MODULES', 'gail:atk-bridge'), ('ROS_PYTHON_VERSION', '3'), ('LC_MONETARY', 'ru_RU.UTF-8'), ('MANAGERPID', '1385'), ('DBUS_SESSION_BUS_ADDRESS', 'unix:path=/run/user/1000/bus'), ('SYSTEMD_EXEC_PID', '1560'), ('GIO_LAUNCHED_DESKTOP_FILE_PID', '2915'), ('SNAP_REVISION', '107'), ('COLCON_PREFIX_PATH', '/home/robot33-6/student133_ws/install'), ('IM_CONFIG_PHASE', '1'), ('ROS_DISTRO', 'humble'), ('WAYLAND_DISPLAY', 'wayland-0'), ('LOGNAME', 'robot33-6'), ('JOURNAL_STREAM', '8:16372'), ('SNAP_CONTEXT', 'zfxwyVEa0dSM0vT388UHnSyWy-Mv84K8RE-CWR0OLT2wc9JrOksa'), ('_', '/usr/bin/env'), ('ROS_VERSION', '2'), ('SNAP_VERSION', '12.0.2'), ('XDG_SESSION_CLASS', 'user'), ('TERM', 'xterm'), ('USERNAME', 'robot33-6'), ('GNOME_DESKTOP_SESSION_ID', 'this-is-deprecated'), ('ROS_LOCALHOST_ONLY', '0'), ('SNAP_INSTANCE_NAME', 'qtcreator-ros'), ('PATH', '/opt/ros/humble/bin:/usr/local/sbin:/usr/local/bin:/usr/sbin:/usr/bin:/sbin:/bin:/usr/games:/usr/local/games:/snap/bin:/snap/bin'), ('INVOCATION_ID', '19d8ac233f254f48866ffa415bdf884c'), ('SESSION_MANAGER', 'local/robot33-6:@/tmp/.ICE-unix/1538,unix/robot33-6:/tmp/.ICE-unix/1538'), ('BAMF_DESKTOP_FILE_HINT', '/var/lib/snapd/desktop/applications/qtcreator-ros_qtcreator-ros.desktop'), ('GNOME_SETUP_DISPLAY', ':1'), ('LC_ADDRESS', 'ru_RU.UTF-8'), ('SNAP_DATA', '/var/snap/qtcreator-ros/107'), ('XDG_MENU_PREFIX', 'gnome-'), ('XDG_RUNTIME_DIR', '/run/user/1000'), ('DISPLAY', ':0'), ('LANG', 'en_US.UTF-8'), ('LC_TELEPHONE', 'ru_RU.UTF-8'), ('XDG_CURRENT_DESKTOP', 'ubuntu:GNOME'), ('XAUTHORITY', '/run/user/1000/.mutter-Xwaylandauth.K6OOL2'), ('XDG_SESSION_DESKTOP', 'ubuntu'), ('XMODIFIERS', '@im=ibus'), ('AMENT_PREFIX_PATH', '/home/robot33-6/student133_ws/install/test_visualization:/home/robot33-6/student133_ws/install/test_parameters:/home/robot33-6/student133_ws/install/test_client:/home/robot33-6/student133_ws/install/test_service:/home/robot33-6/student133_ws/install/test_custom_srv:/home/robot33-6/student133_ws/install/test_custom_publisher:/home/robot33-6/student133_ws/install/test_castom_publisher:/home/robot33-6/student133_ws/install/test_custom_msg:/home/robot33-6/student133_ws/install/test_subscriber:/home/robot33-6/student133_ws/install/test_publisher:/home/robot33-6/student133_ws/install/test_pkg:/opt/ros/humble'), ('SNAP_ARCH', 'amd64'), ('SNAP_COOKIE', 'zfxwyVEa0dSM0vT388UHnSyWy-Mv84K8RE-CWR0OLT2wc9JrOksa'), ('SNAP_USER_COMMON', '/home/robot33-6/snap/qtcreator-ros/common'), ('SSH_AGENT_LAUNCHER', 'gnome-keyring'), ('SSH_AUTH_SOCK', '/run/user/1000/keyring/ssh'), ('LC_NAME', 'ru_RU.UTF-8'), ('SHELL', '/bin/bash'), ('GDMSESSION', 'ubuntu'), ('QT_ACCESSIBILITY', '1'), ('SNAP_REEXEC', ''), ('SNAP_NAME', 'qtcreator-ros'), ('LC_MEASUREMENT', 'ru_RU.UTF-8'), ('GJS_DEBUG_OUTPUT', 'stderr'), ('LC_IDENTIFICATION', 'ru_RU.UTF-8'), ('QT_IM_MODULE', 'ibus'), ('PWD', '/home/robot33-6/student133_ws/build/test_pkg'), ('QT_QPA_PLATFORM', 'wayland;xcb'), ('SNAP_REAL_HOME', '/home/robot33-6'), ('XDG_CONFIG_DIRS', '/etc/xdg/xdg-ubuntu:/etc/xdg'), ('XDG_DATA_DIRS', '/usr/share/ubuntu:/usr/local/share/:/usr/share/:/var/lib/snapd/desktop'), ('LC_NUMERIC', 'ru_RU.UTF-8'), ('PYTHONPATH', '/home/robot33-6/student133_ws/install/test_custom_srv/local/lib/python3.10/dist-packages:/home/robot33-6/student133_ws/install/test_custom_msg/local/lib/python3.10/dist-packages:/opt/ros/humble/lib/python3.10/site-packages:/opt/ros/humble/local/lib/python3.10/dist-packages'), ('SNAP', '/snap/qtcreator-ros/107'), ('SNAP_EUID', '1000'), ('LC_PAPER', 'ru_RU.UTF-8'), ('COLCON', '1'), ('CMAKE_PREFIX_PATH', '/home/robot33-6/student133_ws/install/test_visualization:/home/robot33-6/student133_ws/install/test_parameters:/home/robot33-6/student133_ws/install/test_client:/home/robot33-6/student133_ws/install/test_service:/home/robot33-6/student133_ws/install/test_custom_srv:/home/robot33-6/student133_ws/install/test_custom_publisher:/home/robot33-6/student133_ws/install/test_castom_publisher:/home/robot33-6/student133_ws/install/test_custom_msg:/home/robot33-6/student133_ws/install/test_subscriber:/home/robot33-6/student133_ws/install/test_publisher:/home/robot33-6/student133_ws/install/test_pkg:/opt/ros/humble'), ('LIBGL_DRIVERS_PATH', '/snap/qtcreator-ros/107/usr/lib/x86_64-linux-gnu/dri')]), 'shell': False}
[1.219696] (test_custom_msg) StdoutLine: {'line': b'[ 70%] Built target test_custom_msg\n'}
[1.220576] (test_client) CommandEnded: {'returncode': 0}
[1.224565] (test_publisher) JobProgress: {'identifier': 'test_publisher', 'progress': 'install'}
[1.224673] (test_publisher) Command: {'cmd': ['/usr/bin/cmake', '--install', '/home/robot33-6/student133_ws/build/test_publisher'], 'cwd': '/home/robot33-6/student133_ws/build/test_publisher', 'env': OrderedDict([('GJS_DEBUG_TOPICS', 'JS ERROR;JS LOG'), ('LC_TIME', 'ru_RU.UTF-8'), ('SNAP_COMMON', '/var/snap/qtcreator-ros/common'), ('SNAP_INSTANCE_KEY', ''), ('USER', 'robot33-6'), ('XDG_SESSION_TYPE', 'wayland'), ('LD_LIBRARY_PATH', '/home/robot33-6/student133_ws/install/test_custom_srv/lib:/home/robot33-6/student133_ws/install/test_custom_msg/lib:/opt/ros/humble/opt/rviz_ogre_vendor/lib:/opt/ros/humble/lib/x86_64-linux-gnu:/opt/ros/humble/lib:/snap/qtcreator-ros/107/lib:/snap/qtcreator-ros/107/usr/lib/x86_64-linux-gnu'), ('SHLVL', '365'), ('SNAP_UID', '1000'), ('HOME', '/home/robot33-6'), ('SNAP_LIBRARY_PATH', '/var/lib/snapd/lib/gl:/var/lib/snapd/lib/gl32:/var/lib/snapd/void'), ('DESKTOP_SESSION', 'ubuntu'), ('QTDIR', '/usr/lib/x86_64-linux-gnu/qt5'), ('SNAP_USER_DATA', '/home/robot33-6/snap/qtcreator-ros/107'), ('GIO_LAUNCHED_DESKTOP_FILE', '/var/lib/snapd/desktop/applications/qtcreator-ros_qtcreator-ros.desktop'), ('GNOME_SHELL_SESSION_MODE', 'ubuntu'), ('GTK_MODULES', 'gail:atk-bridge'), ('ROS_PYTHON_VERSION', '3'), ('LC_MONETARY', 'ru_RU.UTF-8'), ('MANAGERPID', '1385'), ('DBUS_SESSION_BUS_ADDRESS', 'unix:path=/run/user/1000/bus'), ('SYSTEMD_EXEC_PID', '1560'), ('GIO_LAUNCHED_DESKTOP_FILE_PID', '2915'), ('SNAP_REVISION', '107'), ('COLCON_PREFIX_PATH', '/home/robot33-6/student133_ws/install'), ('IM_CONFIG_PHASE', '1'), ('ROS_DISTRO', 'humble'), ('WAYLAND_DISPLAY', 'wayland-0'), ('LOGNAME', 'robot33-6'), ('JOURNAL_STREAM', '8:16372'), ('SNAP_CONTEXT', 'zfxwyVEa0dSM0vT388UHnSyWy-Mv84K8RE-CWR0OLT2wc9JrOksa'), ('_', '/usr/bin/env'), ('ROS_VERSION', '2'), ('SNAP_VERSION', '12.0.2'), ('XDG_SESSION_CLASS', 'user'), ('TERM', 'xterm'), ('USERNAME', 'robot33-6'), ('GNOME_DESKTOP_SESSION_ID', 'this-is-deprecated'), ('ROS_LOCALHOST_ONLY', '0'), ('SNAP_INSTANCE_NAME', 'qtcreator-ros'), ('PATH', '/opt/ros/humble/bin:/usr/local/sbin:/usr/local/bin:/usr/sbin:/usr/bin:/sbin:/bin:/usr/games:/usr/local/games:/snap/bin:/snap/bin'), ('INVOCATION_ID', '19d8ac233f254f48866ffa415bdf884c'), ('SESSION_MANAGER', 'local/robot33-6:@/tmp/.ICE-unix/1538,unix/robot33-6:/tmp/.ICE-unix/1538'), ('BAMF_DESKTOP_FILE_HINT', '/var/lib/snapd/desktop/applications/qtcreator-ros_qtcreator-ros.desktop'), ('GNOME_SETUP_DISPLAY', ':1'), ('LC_ADDRESS', 'ru_RU.UTF-8'), ('SNAP_DATA', '/var/snap/qtcreator-ros/107'), ('XDG_MENU_PREFIX', 'gnome-'), ('XDG_RUNTIME_DIR', '/run/user/1000'), ('DISPLAY', ':0'), ('LANG', 'en_US.UTF-8'), ('LC_TELEPHONE', 'ru_RU.UTF-8'), ('XDG_CURRENT_DESKTOP', 'ubuntu:GNOME'), ('XAUTHORITY', '/run/user/1000/.mutter-Xwaylandauth.K6OOL2'), ('XDG_SESSION_DESKTOP', 'ubuntu'), ('XMODIFIERS', '@im=ibus'), ('AMENT_PREFIX_PATH', '/home/robot33-6/student133_ws/install/test_visualization:/home/robot33-6/student133_ws/install/test_parameters:/home/robot33-6/student133_ws/install/test_client:/home/robot33-6/student133_ws/install/test_service:/home/robot33-6/student133_ws/install/test_custom_srv:/home/robot33-6/student133_ws/install/test_custom_publisher:/home/robot33-6/student133_ws/install/test_castom_publisher:/home/robot33-6/student133_ws/install/test_custom_msg:/home/robot33-6/student133_ws/install/test_subscriber:/home/robot33-6/student133_ws/install/test_publisher:/home/robot33-6/student133_ws/install/test_pkg:/opt/ros/humble'), ('SNAP_ARCH', 'amd64'), ('SNAP_COOKIE', 'zfxwyVEa0dSM0vT388UHnSyWy-Mv84K8RE-CWR0OLT2wc9JrOksa'), ('SNAP_USER_COMMON', '/home/robot33-6/snap/qtcreator-ros/common'), ('SSH_AGENT_LAUNCHER', 'gnome-keyring'), ('SSH_AUTH_SOCK', '/run/user/1000/keyring/ssh'), ('LC_NAME', 'ru_RU.UTF-8'), ('SHELL', '/bin/bash'), ('GDMSESSION', 'ubuntu'), ('QT_ACCESSIBILITY', '1'), ('SNAP_REEXEC', ''), ('SNAP_NAME', 'qtcreator-ros'), ('LC_MEASUREMENT', 'ru_RU.UTF-8'), ('GJS_DEBUG_OUTPUT', 'stderr'), ('LC_IDENTIFICATION', 'ru_RU.UTF-8'), ('QT_IM_MODULE', 'ibus'), ('PWD', '/home/robot33-6/student133_ws/build/test_publisher'), ('QT_QPA_PLATFORM', 'wayland;xcb'), ('SNAP_REAL_HOME', '/home/robot33-6'), ('XDG_CONFIG_DIRS', '/etc/xdg/xdg-ubuntu:/etc/xdg'), ('XDG_DATA_DIRS', '/usr/share/ubuntu:/usr/local/share/:/usr/share/:/var/lib/snapd/desktop'), ('LC_NUMERIC', 'ru_RU.UTF-8'), ('PYTHONPATH', '/home/robot33-6/student133_ws/install/test_custom_srv/local/lib/python3.10/dist-packages:/home/robot33-6/student133_ws/install/test_custom_msg/local/lib/python3.10/dist-packages:/opt/ros/humble/lib/python3.10/site-packages:/opt/ros/humble/local/lib/python3.10/dist-packages'), ('SNAP', '/snap/qtcreator-ros/107'), ('SNAP_EUID', '1000'), ('LC_PAPER', 'ru_RU.UTF-8'), ('COLCON', '1'), ('CMAKE_PREFIX_PATH', '/home/robot33-6/student133_ws/install/test_visualization:/home/robot33-6/student133_ws/install/test_parameters:/home/robot33-6/student133_ws/install/test_client:/home/robot33-6/student133_ws/install/test_service:/home/robot33-6/student133_ws/install/test_custom_srv:/home/robot33-6/student133_ws/install/test_custom_publisher:/home/robot33-6/student133_ws/install/test_castom_publisher:/home/robot33-6/student133_ws/install/test_custom_msg:/home/robot33-6/student133_ws/install/test_subscriber:/home/robot33-6/student133_ws/install/test_publisher:/home/robot33-6/student133_ws/install/test_pkg:/opt/ros/humble'), ('LIBGL_DRIVERS_PATH', '/snap/qtcreator-ros/107/usr/lib/x86_64-linux-gnu/dri')]), 'shell': False}
[1.226956] (test_pkg) StdoutLine: {'line': b'-- Install configuration: "Debug"\n'}
[1.229984] (test_parameters) JobProgress: {'identifier': 'test_parameters', 'progress': 'install'}
[1.230586] (test_parameters) Command: {'cmd': ['/usr/bin/cmake', '--install', '/home/robot33-6/student133_ws/build/test_parameters'], 'cwd': '/home/robot33-6/student133_ws/build/test_parameters', 'env': OrderedDict([('GJS_DEBUG_TOPICS', 'JS ERROR;JS LOG'), ('LC_TIME', 'ru_RU.UTF-8'), ('SNAP_COMMON', '/var/snap/qtcreator-ros/common'), ('SNAP_INSTANCE_KEY', ''), ('USER', 'robot33-6'), ('XDG_SESSION_TYPE', 'wayland'), ('LD_LIBRARY_PATH', '/home/robot33-6/student133_ws/install/test_custom_srv/lib:/home/robot33-6/student133_ws/install/test_custom_msg/lib:/opt/ros/humble/opt/rviz_ogre_vendor/lib:/opt/ros/humble/lib/x86_64-linux-gnu:/opt/ros/humble/lib:/snap/qtcreator-ros/107/lib:/snap/qtcreator-ros/107/usr/lib/x86_64-linux-gnu'), ('SHLVL', '365'), ('SNAP_UID', '1000'), ('HOME', '/home/robot33-6'), ('SNAP_LIBRARY_PATH', '/var/lib/snapd/lib/gl:/var/lib/snapd/lib/gl32:/var/lib/snapd/void'), ('DESKTOP_SESSION', 'ubuntu'), ('QTDIR', '/usr/lib/x86_64-linux-gnu/qt5'), ('SNAP_USER_DATA', '/home/robot33-6/snap/qtcreator-ros/107'), ('GIO_LAUNCHED_DESKTOP_FILE', '/var/lib/snapd/desktop/applications/qtcreator-ros_qtcreator-ros.desktop'), ('GNOME_SHELL_SESSION_MODE', 'ubuntu'), ('GTK_MODULES', 'gail:atk-bridge'), ('ROS_PYTHON_VERSION', '3'), ('LC_MONETARY', 'ru_RU.UTF-8'), ('MANAGERPID', '1385'), ('DBUS_SESSION_BUS_ADDRESS', 'unix:path=/run/user/1000/bus'), ('SYSTEMD_EXEC_PID', '1560'), ('GIO_LAUNCHED_DESKTOP_FILE_PID', '2915'), ('SNAP_REVISION', '107'), ('COLCON_PREFIX_PATH', '/home/robot33-6/student133_ws/install'), ('IM_CONFIG_PHASE', '1'), ('ROS_DISTRO', 'humble'), ('WAYLAND_DISPLAY', 'wayland-0'), ('LOGNAME', 'robot33-6'), ('JOURNAL_STREAM', '8:16372'), ('SNAP_CONTEXT', 'zfxwyVEa0dSM0vT388UHnSyWy-Mv84K8RE-CWR0OLT2wc9JrOksa'), ('_', '/usr/bin/env'), ('ROS_VERSION', '2'), ('SNAP_VERSION', '12.0.2'), ('XDG_SESSION_CLASS', 'user'), ('TERM', 'xterm'), ('USERNAME', 'robot33-6'), ('GNOME_DESKTOP_SESSION_ID', 'this-is-deprecated'), ('ROS_LOCALHOST_ONLY', '0'), ('SNAP_INSTANCE_NAME', 'qtcreator-ros'), ('PATH', '/opt/ros/humble/bin:/usr/local/sbin:/usr/local/bin:/usr/sbin:/usr/bin:/sbin:/bin:/usr/games:/usr/local/games:/snap/bin:/snap/bin'), ('INVOCATION_ID', '19d8ac233f254f48866ffa415bdf884c'), ('SESSION_MANAGER', 'local/robot33-6:@/tmp/.ICE-unix/1538,unix/robot33-6:/tmp/.ICE-unix/1538'), ('BAMF_DESKTOP_FILE_HINT', '/var/lib/snapd/desktop/applications/qtcreator-ros_qtcreator-ros.desktop'), ('GNOME_SETUP_DISPLAY', ':1'), ('LC_ADDRESS', 'ru_RU.UTF-8'), ('SNAP_DATA', '/var/snap/qtcreator-ros/107'), ('XDG_MENU_PREFIX', 'gnome-'), ('XDG_RUNTIME_DIR', '/run/user/1000'), ('DISPLAY', ':0'), ('LANG', 'en_US.UTF-8'), ('LC_TELEPHONE', 'ru_RU.UTF-8'), ('XDG_CURRENT_DESKTOP', 'ubuntu:GNOME'), ('XAUTHORITY', '/run/user/1000/.mutter-Xwaylandauth.K6OOL2'), ('XDG_SESSION_DESKTOP', 'ubuntu'), ('XMODIFIERS', '@im=ibus'), ('AMENT_PREFIX_PATH', '/home/robot33-6/student133_ws/install/test_visualization:/home/robot33-6/student133_ws/install/test_parameters:/home/robot33-6/student133_ws/install/test_client:/home/robot33-6/student133_ws/install/test_service:/home/robot33-6/student133_ws/install/test_custom_srv:/home/robot33-6/student133_ws/install/test_custom_publisher:/home/robot33-6/student133_ws/install/test_castom_publisher:/home/robot33-6/student133_ws/install/test_custom_msg:/home/robot33-6/student133_ws/install/test_subscriber:/home/robot33-6/student133_ws/install/test_publisher:/home/robot33-6/student133_ws/install/test_pkg:/opt/ros/humble'), ('SNAP_ARCH', 'amd64'), ('SNAP_COOKIE', 'zfxwyVEa0dSM0vT388UHnSyWy-Mv84K8RE-CWR0OLT2wc9JrOksa'), ('SNAP_USER_COMMON', '/home/robot33-6/snap/qtcreator-ros/common'), ('SSH_AGENT_LAUNCHER', 'gnome-keyring'), ('SSH_AUTH_SOCK', '/run/user/1000/keyring/ssh'), ('LC_NAME', 'ru_RU.UTF-8'), ('SHELL', '/bin/bash'), ('GDMSESSION', 'ubuntu'), ('QT_ACCESSIBILITY', '1'), ('SNAP_REEXEC', ''), ('SNAP_NAME', 'qtcreator-ros'), ('LC_MEASUREMENT', 'ru_RU.UTF-8'), ('GJS_DEBUG_OUTPUT', 'stderr'), ('LC_IDENTIFICATION', 'ru_RU.UTF-8'), ('QT_IM_MODULE', 'ibus'), ('PWD', '/home/robot33-6/student133_ws/build/test_parameters'), ('QT_QPA_PLATFORM', 'wayland;xcb'), ('SNAP_REAL_HOME', '/home/robot33-6'), ('XDG_CONFIG_DIRS', '/etc/xdg/xdg-ubuntu:/etc/xdg'), ('XDG_DATA_DIRS', '/usr/share/ubuntu:/usr/local/share/:/usr/share/:/var/lib/snapd/desktop'), ('LC_NUMERIC', 'ru_RU.UTF-8'), ('PYTHONPATH', '/home/robot33-6/student133_ws/install/test_custom_srv/local/lib/python3.10/dist-packages:/home/robot33-6/student133_ws/install/test_custom_msg/local/lib/python3.10/dist-packages:/opt/ros/humble/lib/python3.10/site-packages:/opt/ros/humble/local/lib/python3.10/dist-packages'), ('SNAP', '/snap/qtcreator-ros/107'), ('SNAP_EUID', '1000'), ('LC_PAPER', 'ru_RU.UTF-8'), ('COLCON', '1'), ('CMAKE_PREFIX_PATH', '/home/robot33-6/student133_ws/install/test_visualization:/home/robot33-6/student133_ws/install/test_parameters:/home/robot33-6/student133_ws/install/test_client:/home/robot33-6/student133_ws/install/test_service:/home/robot33-6/student133_ws/install/test_custom_srv:/home/robot33-6/student133_ws/install/test_custom_publisher:/home/robot33-6/student133_ws/install/test_castom_publisher:/home/robot33-6/student133_ws/install/test_custom_msg:/home/robot33-6/student133_ws/install/test_subscriber:/home/robot33-6/student133_ws/install/test_publisher:/home/robot33-6/student133_ws/install/test_pkg:/opt/ros/humble'), ('LIBGL_DRIVERS_PATH', '/snap/qtcreator-ros/107/usr/lib/x86_64-linux-gnu/dri')]), 'shell': False}
[1.231806] (test_custom_srv) StdoutLine: {'line': b'[ 70%] Built target test_custom_srv\n'}
[1.232765] (test_publisher) StdoutLine: {'line': b'-- Install configuration: "Debug"\n'}
[1.237553] (test_parameters) StdoutLine: {'line': b'-- Install configuration: "Debug"\n'}
[1.237717] (test_parameters) StdoutLine: {'line': b'-- Up-to-date: /home/robot33-6/student133_ws/install/test_parameters/share/test_parameters/launch\n'}
[1.237811] (test_parameters) StdoutLine: {'line': b'-- Up-to-date: /home/robot33-6/student133_ws/install/test_parameters/share/test_parameters/launch/test_parameters_launch.py\n'}
[1.241168] (test_custom_publisher) StdoutLine: {'line': b'Consolidate compiler generated dependencies of target test_custom_publisher_node\n'}
[1.242935] (test_client) JobProgress: {'identifier': 'test_client', 'progress': 'install'}
[1.243327] (test_client) Command: {'cmd': ['/usr/bin/cmake', '--install', '/home/robot33-6/student133_ws/build/test_client'], 'cwd': '/home/robot33-6/student133_ws/build/test_client', 'env': OrderedDict([('GJS_DEBUG_TOPICS', 'JS ERROR;JS LOG'), ('LC_TIME', 'ru_RU.UTF-8'), ('SNAP_COMMON', '/var/snap/qtcreator-ros/common'), ('SNAP_INSTANCE_KEY', ''), ('USER', 'robot33-6'), ('XDG_SESSION_TYPE', 'wayland'), ('LD_LIBRARY_PATH', '/home/robot33-6/student133_ws/install/test_custom_srv/lib:/home/robot33-6/student133_ws/install/test_custom_msg/lib:/opt/ros/humble/opt/rviz_ogre_vendor/lib:/opt/ros/humble/lib/x86_64-linux-gnu:/opt/ros/humble/lib:/snap/qtcreator-ros/107/lib:/snap/qtcreator-ros/107/usr/lib/x86_64-linux-gnu'), ('SHLVL', '365'), ('SNAP_UID', '1000'), ('HOME', '/home/robot33-6'), ('SNAP_LIBRARY_PATH', '/var/lib/snapd/lib/gl:/var/lib/snapd/lib/gl32:/var/lib/snapd/void'), ('DESKTOP_SESSION', 'ubuntu'), ('QTDIR', '/usr/lib/x86_64-linux-gnu/qt5'), ('SNAP_USER_DATA', '/home/robot33-6/snap/qtcreator-ros/107'), ('GIO_LAUNCHED_DESKTOP_FILE', '/var/lib/snapd/desktop/applications/qtcreator-ros_qtcreator-ros.desktop'), ('GNOME_SHELL_SESSION_MODE', 'ubuntu'), ('GTK_MODULES', 'gail:atk-bridge'), ('ROS_PYTHON_VERSION', '3'), ('LC_MONETARY', 'ru_RU.UTF-8'), ('MANAGERPID', '1385'), ('DBUS_SESSION_BUS_ADDRESS', 'unix:path=/run/user/1000/bus'), ('SYSTEMD_EXEC_PID', '1560'), ('GIO_LAUNCHED_DESKTOP_FILE_PID', '2915'), ('SNAP_REVISION', '107'), ('COLCON_PREFIX_PATH', '/home/robot33-6/student133_ws/install'), ('IM_CONFIG_PHASE', '1'), ('ROS_DISTRO', 'humble'), ('WAYLAND_DISPLAY', 'wayland-0'), ('LOGNAME', 'robot33-6'), ('JOURNAL_STREAM', '8:16372'), ('SNAP_CONTEXT', 'zfxwyVEa0dSM0vT388UHnSyWy-Mv84K8RE-CWR0OLT2wc9JrOksa'), ('_', '/usr/bin/env'), ('ROS_VERSION', '2'), ('SNAP_VERSION', '12.0.2'), ('XDG_SESSION_CLASS', 'user'), ('TERM', 'xterm'), ('USERNAME', 'robot33-6'), ('GNOME_DESKTOP_SESSION_ID', 'this-is-deprecated'), ('ROS_LOCALHOST_ONLY', '0'), ('SNAP_INSTANCE_NAME', 'qtcreator-ros'), ('PATH', '/opt/ros/humble/bin:/usr/local/sbin:/usr/local/bin:/usr/sbin:/usr/bin:/sbin:/bin:/usr/games:/usr/local/games:/snap/bin:/snap/bin'), ('INVOCATION_ID', '19d8ac233f254f48866ffa415bdf884c'), ('SESSION_MANAGER', 'local/robot33-6:@/tmp/.ICE-unix/1538,unix/robot33-6:/tmp/.ICE-unix/1538'), ('BAMF_DESKTOP_FILE_HINT', '/var/lib/snapd/desktop/applications/qtcreator-ros_qtcreator-ros.desktop'), ('GNOME_SETUP_DISPLAY', ':1'), ('LC_ADDRESS', 'ru_RU.UTF-8'), ('SNAP_DATA', '/var/snap/qtcreator-ros/107'), ('XDG_MENU_PREFIX', 'gnome-'), ('XDG_RUNTIME_DIR', '/run/user/1000'), ('DISPLAY', ':0'), ('LANG', 'en_US.UTF-8'), ('LC_TELEPHONE', 'ru_RU.UTF-8'), ('XDG_CURRENT_DESKTOP', 'ubuntu:GNOME'), ('XAUTHORITY', '/run/user/1000/.mutter-Xwaylandauth.K6OOL2'), ('XDG_SESSION_DESKTOP', 'ubuntu'), ('XMODIFIERS', '@im=ibus'), ('AMENT_PREFIX_PATH', '/home/robot33-6/student133_ws/install/test_visualization:/home/robot33-6/student133_ws/install/test_parameters:/home/robot33-6/student133_ws/install/test_client:/home/robot33-6/student133_ws/install/test_service:/home/robot33-6/student133_ws/install/test_custom_srv:/home/robot33-6/student133_ws/install/test_custom_publisher:/home/robot33-6/student133_ws/install/test_castom_publisher:/home/robot33-6/student133_ws/install/test_custom_msg:/home/robot33-6/student133_ws/install/test_subscriber:/home/robot33-6/student133_ws/install/test_publisher:/home/robot33-6/student133_ws/install/test_pkg:/opt/ros/humble'), ('SNAP_ARCH', 'amd64'), ('SNAP_COOKIE', 'zfxwyVEa0dSM0vT388UHnSyWy-Mv84K8RE-CWR0OLT2wc9JrOksa'), ('SNAP_USER_COMMON', '/home/robot33-6/snap/qtcreator-ros/common'), ('SSH_AGENT_LAUNCHER', 'gnome-keyring'), ('SSH_AUTH_SOCK', '/run/user/1000/keyring/ssh'), ('LC_NAME', 'ru_RU.UTF-8'), ('SHELL', '/bin/bash'), ('GDMSESSION', 'ubuntu'), ('QT_ACCESSIBILITY', '1'), ('SNAP_REEXEC', ''), ('SNAP_NAME', 'qtcreator-ros'), ('LC_MEASUREMENT', 'ru_RU.UTF-8'), ('GJS_DEBUG_OUTPUT', 'stderr'), ('LC_IDENTIFICATION', 'ru_RU.UTF-8'), ('QT_IM_MODULE', 'ibus'), ('PWD', '/home/robot33-6/student133_ws/build/test_client'), ('QT_QPA_PLATFORM', 'wayland;xcb'), ('SNAP_REAL_HOME', '/home/robot33-6'), ('XDG_CONFIG_DIRS', '/etc/xdg/xdg-ubuntu:/etc/xdg'), ('XDG_DATA_DIRS', '/usr/share/ubuntu:/usr/local/share/:/usr/share/:/var/lib/snapd/desktop'), ('LC_NUMERIC', 'ru_RU.UTF-8'), ('PYTHONPATH', '/home/robot33-6/student133_ws/install/test_custom_srv/local/lib/python3.10/dist-packages:/home/robot33-6/student133_ws/install/test_custom_msg/local/lib/python3.10/dist-packages:/opt/ros/humble/lib/python3.10/site-packages:/opt/ros/humble/local/lib/python3.10/dist-packages'), ('SNAP', '/snap/qtcreator-ros/107'), ('SNAP_EUID', '1000'), ('LC_PAPER', 'ru_RU.UTF-8'), ('COLCON', '1'), ('CMAKE_PREFIX_PATH', '/home/robot33-6/student133_ws/install/test_visualization:/home/robot33-6/student133_ws/install/test_parameters:/home/robot33-6/student133_ws/install/test_client:/home/robot33-6/student133_ws/install/test_service:/home/robot33-6/student133_ws/install/test_custom_srv:/home/robot33-6/student133_ws/install/test_custom_publisher:/home/robot33-6/student133_ws/install/test_castom_publisher:/home/robot33-6/student133_ws/install/test_custom_msg:/home/robot33-6/student133_ws/install/test_subscriber:/home/robot33-6/student133_ws/install/test_publisher:/home/robot33-6/student133_ws/install/test_pkg:/opt/ros/humble'), ('LIBGL_DRIVERS_PATH', '/snap/qtcreator-ros/107/usr/lib/x86_64-linux-gnu/dri')]), 'shell': False}
[1.251435] (test_custom_srv) StdoutLine: {'line': b'[ 74%] Built target test_custom_srv__py\n'}
[1.252323] (test_client) StdoutLine: {'line': b'-- Install configuration: "Debug"\n'}
[1.252474] (test_custom_publisher) StdoutLine: {'line': b'[100%] Built target test_custom_publisher_node\n'}
[1.252656] (test_custom_srv) StdoutLine: {'line': b'[ 74%] Built target ament_cmake_python_copy_test_custom_srv\n'}
[1.260421] (test_custom_publisher) CommandEnded: {'returncode': 0}
[1.269781] (test_parameters) StdoutLine: {'line': b'-- Up-to-date: /home/robot33-6/student133_ws/install/test_parameters/lib/test_parameters/test_parameters_node\n'}
[1.270552] (test_parameters) StdoutLine: {'line': b'-- Up-to-date: /home/robot33-6/student133_ws/install/test_parameters/share/ament_index/resource_index/package_run_dependencies/test_parameters\n'}
[1.270791] (test_parameters) StdoutLine: {'line': b'-- Up-to-date: /home/robot33-6/student133_ws/install/test_parameters/share/ament_index/resource_index/parent_prefix_path/test_parameters\n'}
[1.270890] (test_parameters) StdoutLine: {'line': b'-- Up-to-date: /home/robot33-6/student133_ws/install/test_parameters/share/test_parameters/environment/ament_prefix_path.sh\n'}
[1.270983] (test_parameters) StdoutLine: {'line': b'-- Up-to-date: /home/robot33-6/student133_ws/install/test_parameters/share/test_parameters/environment/ament_prefix_path.dsv\n'}
[1.271076] (test_parameters) StdoutLine: {'line': b'-- Up-to-date: /home/robot33-6/student133_ws/install/test_parameters/share/test_parameters/environment/path.sh\n'}
[1.271169] (test_parameters) StdoutLine: {'line': b'-- Up-to-date: /home/robot33-6/student133_ws/install/test_parameters/share/test_parameters/environment/path.dsv\n'}
[1.271348] (test_parameters) StdoutLine: {'line': b'-- Up-to-date: /home/robot33-6/student133_ws/install/test_parameters/share/test_parameters/local_setup.bash\n'}
[1.271438] (test_parameters) StdoutLine: {'line': b'-- Up-to-date: /home/robot33-6/student133_ws/install/test_parameters/share/test_parameters/local_setup.sh\n'}
[1.271526] (test_parameters) StdoutLine: {'line': b'-- Up-to-date: /home/robot33-6/student133_ws/install/test_parameters/share/test_parameters/local_setup.zsh\n'}
[1.271612] (test_parameters) StdoutLine: {'line': b'-- Up-to-date: /home/robot33-6/student133_ws/install/test_parameters/share/test_parameters/local_setup.dsv\n'}
[1.271696] (test_parameters) StdoutLine: {'line': b'-- Installing: /home/robot33-6/student133_ws/install/test_parameters/share/test_parameters/package.dsv\n'}
[1.273020] (test_custom_msg) StdoutLine: {'line': b'[ 74%] Built target test_custom_msg__py\n'}
[1.277324] (test_parameters) StdoutLine: {'line': b'-- Up-to-date: /home/robot33-6/student133_ws/install/test_parameters/share/ament_index/resource_index/packages/test_parameters\n'}
[1.277628] (test_parameters) StdoutLine: {'line': b'-- Up-to-date: /home/robot33-6/student133_ws/install/test_parameters/share/test_parameters/cmake/test_parametersConfig.cmake\n'}
[1.277733] (test_parameters) StdoutLine: {'line': b'-- Up-to-date: /home/robot33-6/student133_ws/install/test_parameters/share/test_parameters/cmake/test_parametersConfig-version.cmake\n'}
[1.277893] (test_parameters) StdoutLine: {'line': b'-- Up-to-date: /home/robot33-6/student133_ws/install/test_parameters/share/test_parameters/package.xml\n'}
[1.279059] (test_parameters) CommandEnded: {'returncode': 0}
[1.301846] (-) TimerEvent: {}
[1.402111] (-) TimerEvent: {}
[1.502359] (-) TimerEvent: {}
[1.602635] (-) TimerEvent: {}
[1.702887] (-) TimerEvent: {}
[1.736960] (test_pkg) StdoutLine: {'line': b'-- Up-to-date: /home/robot33-6/student133_ws/install/test_pkg/lib/test_pkg/test_pkg_node\n'}
[1.738121] (test_pkg) StdoutLine: {'line': b'-- Up-to-date: /home/robot33-6/student133_ws/install/test_pkg/share/ament_index/resource_index/package_run_dependencies/test_pkg\n'}
[1.738569] (test_pkg) StdoutLine: {'line': b'-- Up-to-date: /home/robot33-6/student133_ws/install/test_pkg/share/ament_index/resource_index/parent_prefix_path/test_pkg\n'}
[1.738775] (test_pkg) StdoutLine: {'line': b'-- Up-to-date: /home/robot33-6/student133_ws/install/test_pkg/share/test_pkg/environment/ament_prefix_path.sh\n'}
[1.738990] (test_pkg) StdoutLine: {'line': b'-- Up-to-date: /home/robot33-6/student133_ws/install/test_pkg/share/test_pkg/environment/ament_prefix_path.dsv\n'}
[1.739214] (test_pkg) StdoutLine: {'line': b'-- Up-to-date: /home/robot33-6/student133_ws/install/test_pkg/share/test_pkg/environment/path.sh\n'}
[1.739405] (test_pkg) StdoutLine: {'line': b'-- Up-to-date: /home/robot33-6/student133_ws/install/test_pkg/share/test_pkg/environment/path.dsv\n'}
[1.739620] (test_pkg) StdoutLine: {'line': b'-- Up-to-date: /home/robot33-6/student133_ws/install/test_pkg/share/test_pkg/local_setup.bash\n'}
[1.739843] (test_pkg) StdoutLine: {'line': b'-- Up-to-date: /home/robot33-6/student133_ws/install/test_pkg/share/test_pkg/local_setup.sh\n'}
[1.740017] (test_pkg) StdoutLine: {'line': b'-- Up-to-date: /home/robot33-6/student133_ws/install/test_pkg/share/test_pkg/local_setup.zsh\n'}
[1.740219] (test_pkg) StdoutLine: {'line': b'-- Up-to-date: /home/robot33-6/student133_ws/install/test_pkg/share/test_pkg/local_setup.dsv\n'}
[1.740400] (test_pkg) StdoutLine: {'line': b'-- Installing: /home/robot33-6/student133_ws/install/test_pkg/share/test_pkg/package.dsv\n'}
[1.740570] (test_pkg) StdoutLine: {'line': b'-- Up-to-date: /home/robot33-6/student133_ws/install/test_pkg/share/ament_index/resource_index/packages/test_pkg\n'}
[1.740751] (test_pkg) StdoutLine: {'line': b'-- Up-to-date: /home/robot33-6/student133_ws/install/test_pkg/share/test_pkg/cmake/test_pkgConfig.cmake\n'}
[1.740926] (test_pkg) StdoutLine: {'line': b'-- Up-to-date: /home/robot33-6/student133_ws/install/test_pkg/share/test_pkg/cmake/test_pkgConfig-version.cmake\n'}
[1.741048] (test_pkg) StdoutLine: {'line': b'-- Up-to-date: /home/robot33-6/student133_ws/install/test_pkg/share/test_pkg/package.xml\n'}
[1.741585] (test_client) StdoutLine: {'line': b'-- Up-to-date: /home/robot33-6/student133_ws/install/test_client/lib/test_client/test_client_node\n'}
[1.741715] (test_client) StdoutLine: {'line': b'-- Up-to-date: /home/robot33-6/student133_ws/install/test_client/share/ament_index/resource_index/package_run_dependencies/test_client\n'}
[1.741835] (test_client) StdoutLine: {'line': b'-- Up-to-date: /home/robot33-6/student133_ws/install/test_client/share/ament_index/resource_index/parent_prefix_path/test_client\n'}
[1.741895] (test_client) StdoutLine: {'line': b'-- Up-to-date: /home/robot33-6/student133_ws/install/test_client/share/test_client/environment/ament_prefix_path.sh\n'}
[1.741950] (test_client) StdoutLine: {'line': b'-- Up-to-date: /home/robot33-6/student133_ws/install/test_client/share/test_client/environment/ament_prefix_path.dsv\n'}
[1.742002] (test_client) StdoutLine: {'line': b'-- Up-to-date: /home/robot33-6/student133_ws/install/test_client/share/test_client/environment/path.sh\n'}
[1.742058] (test_client) StdoutLine: {'line': b'-- Up-to-date: /home/robot33-6/student133_ws/install/test_client/share/test_client/environment/path.dsv\n'}
[1.742111] (test_client) StdoutLine: {'line': b'-- Up-to-date: /home/robot33-6/student133_ws/install/test_client/share/test_client/local_setup.bash\n'}
[1.742163] (test_client) StdoutLine: {'line': b'-- Up-to-date: /home/robot33-6/student133_ws/install/test_client/share/test_client/local_setup.sh\n'}
[1.742215] (test_client) StdoutLine: {'line': b'-- Up-to-date: /home/robot33-6/student133_ws/install/test_client/share/test_client/local_setup.zsh\n'}
[1.742267] (test_client) StdoutLine: {'line': b'-- Up-to-date: /home/robot33-6/student133_ws/install/test_client/share/test_client/local_setup.dsv\n'}
[1.742321] (test_client) StdoutLine: {'line': b'-- Installing: /home/robot33-6/student133_ws/install/test_client/share/test_client/package.dsv\n'}
[1.742505] (test_client) StdoutLine: {'line': b'-- Up-to-date: /home/robot33-6/student133_ws/install/test_client/share/ament_index/resource_index/packages/test_client\n'}
[1.742597] (test_client) StdoutLine: {'line': b'-- Up-to-date: /home/robot33-6/student133_ws/install/test_client/share/test_client/cmake/test_clientConfig.cmake\n'}
[1.742731] (test_client) StdoutLine: {'line': b'-- Up-to-date: /home/robot33-6/student133_ws/install/test_client/share/test_client/cmake/test_clientConfig-version.cmake\n'}
[1.742822] (test_client) StdoutLine: {'line': b'-- Up-to-date: /home/robot33-6/student133_ws/install/test_client/share/test_client/package.xml\n'}
[1.742891] (test_custom_msg) StdoutLine: {'line': b'[ 80%] Built target test_custom_msg__rosidl_generator_py\n'}
[1.743025] (test_custom_msg) StdoutLine: {'line': b'[ 87%] Built target test_custom_msg__rosidl_typesupport_introspection_c__pyext\n'}
[1.743184] (test_custom_msg) StdoutLine: {'line': b'[ 93%] Built target test_custom_msg__rosidl_typesupport_c__pyext\n'}
[1.743241] (test_custom_msg) StdoutLine: {'line': b'running egg_info\n'}
[1.743296] (test_custom_msg) StdoutLine: {'line': b'writing test_custom_msg.egg-info/PKG-INFO\n'}
[1.743350] (test_custom_msg) StdoutLine: {'line': b'writing dependency_links to test_custom_msg.egg-info/dependency_links.txt\n'}
[1.743405] (test_custom_msg) StdoutLine: {'line': b'writing top-level names to test_custom_msg.egg-info/top_level.txt\n'}
[1.743459] (test_custom_msg) StdoutLine: {'line': b'[100%] Built target test_custom_msg__rosidl_typesupport_fastrtps_c__pyext\n'}
[1.743515] (test_custom_msg) StdoutLine: {'line': b"reading manifest file 'test_custom_msg.egg-info/SOURCES.txt'\n"}
[1.743569] (test_custom_msg) StdoutLine: {'line': b"writing manifest file 'test_custom_msg.egg-info/SOURCES.txt'\n"}
[1.743623] (test_custom_msg) StdoutLine: {'line': b'[100%] Built target ament_cmake_python_build_test_custom_msg_egg\n'}
[1.743679] (test_publisher) StdoutLine: {'line': b'-- Up-to-date: /home/robot33-6/student133_ws/install/test_publisher/lib/test_publisher/test_publisher_node\n'}
[1.743759] (test_publisher) StdoutLine: {'line': b'-- Up-to-date: /home/robot33-6/student133_ws/install/test_publisher/share/ament_index/resource_index/package_run_dependencies/test_publisher\n'}
[1.743817] (test_publisher) StdoutLine: {'line': b'-- Up-to-date: /home/robot33-6/student133_ws/install/test_publisher/share/ament_index/resource_index/parent_prefix_path/test_publisher\n'}
[1.743871] (test_publisher) StdoutLine: {'line': b'-- Up-to-date: /home/robot33-6/student133_ws/install/test_publisher/share/test_publisher/environment/ament_prefix_path.sh\n'}
[1.743924] (test_publisher) StdoutLine: {'line': b'-- Up-to-date: /home/robot33-6/student133_ws/install/test_publisher/share/test_publisher/environment/ament_prefix_path.dsv\n'}
[1.743979] (test_publisher) StdoutLine: {'line': b'-- Up-to-date: /home/robot33-6/student133_ws/install/test_publisher/share/test_publisher/environment/path.sh\n'}
[1.744099] (test_publisher) StdoutLine: {'line': b'-- Up-to-date: /home/robot33-6/student133_ws/install/test_publisher/share/test_publisher/environment/path.dsv\n'}
[1.744259] (test_publisher) StdoutLine: {'line': b'-- Up-to-date: /home/robot33-6/student133_ws/install/test_publisher/share/test_publisher/local_setup.bash\n'}
[1.744314] (test_publisher) StdoutLine: {'line': b'-- Up-to-date: /home/robot33-6/student133_ws/install/test_publisher/share/test_publisher/local_setup.sh\n'}
[1.744369] (test_publisher) StdoutLine: {'line': b'-- Up-to-date: /home/robot33-6/student133_ws/install/test_publisher/share/test_publisher/local_setup.zsh\n'}
[1.744422] (test_publisher) StdoutLine: {'line': b'-- Up-to-date: /home/robot33-6/student133_ws/install/test_publisher/share/test_publisher/local_setup.dsv\n'}
[1.744475] (test_publisher) StdoutLine: {'line': b'-- Installing: /home/robot33-6/student133_ws/install/test_publisher/share/test_publisher/package.dsv\n'}
[1.744545] (test_publisher) StdoutLine: {'line': b'-- Up-to-date: /home/robot33-6/student133_ws/install/test_publisher/share/ament_index/resource_index/packages/test_publisher\n'}
[1.744611] (test_publisher) StdoutLine: {'line': b'-- Up-to-date: /home/robot33-6/student133_ws/install/test_publisher/share/test_publisher/cmake/test_publisherConfig.cmake\n'}
[1.744677] (test_publisher) StdoutLine: {'line': b'-- Up-to-date: /home/robot33-6/student133_ws/install/test_publisher/share/test_publisher/cmake/test_publisherConfig-version.cmake\n'}
[1.744743] (test_publisher) StdoutLine: {'line': b'-- Up-to-date: /home/robot33-6/student133_ws/install/test_publisher/share/test_publisher/package.xml\n'}
[1.744808] (test_custom_srv) StdoutLine: {'line': b'running egg_info\n'}
[1.745007] (test_custom_srv) StdoutLine: {'line': b'writing test_custom_srv.egg-info/PKG-INFO\n'}
[1.745089] (test_custom_srv) StdoutLine: {'line': b'writing dependency_links to test_custom_srv.egg-info/dependency_links.txt\n'}
[1.745170] (test_custom_srv) StdoutLine: {'line': b'writing top-level names to test_custom_srv.egg-info/top_level.txt\n'}
[1.745239] (test_custom_srv) StdoutLine: {'line': b"reading manifest file 'test_custom_srv.egg-info/SOURCES.txt'\n"}
[1.745307] (test_custom_srv) StdoutLine: {'line': b"writing manifest file 'test_custom_srv.egg-info/SOURCES.txt'\n"}
[1.745375] (test_custom_srv) StdoutLine: {'line': b'[ 74%] Built target ament_cmake_python_build_test_custom_srv_egg\n'}
[1.745445] (test_custom_srv) StdoutLine: {'line': b'[ 80%] Built target test_custom_srv__rosidl_generator_py\n'}
[1.745514] (test_custom_srv) StdoutLine: {'line': b'[ 87%] Built target test_custom_srv__rosidl_typesupport_fastrtps_c__pyext\n'}
[1.745584] (test_custom_srv) StdoutLine: {'line': b'[ 93%] Built target test_custom_srv__rosidl_typesupport_c__pyext\n'}
[1.745652] (test_custom_srv) StdoutLine: {'line': b'[100%] Built target test_custom_srv__rosidl_typesupport_introspection_c__pyext\n'}
[1.745722] (test_custom_publisher) JobProgress: {'identifier': 'test_custom_publisher', 'progress': 'install'}
[1.745747] (test_custom_publisher) Command: {'cmd': ['/usr/bin/cmake', '--install', '/home/robot33-6/student133_ws/build/test_custom_publisher'], 'cwd': '/home/robot33-6/student133_ws/build/test_custom_publisher', 'env': OrderedDict([('GJS_DEBUG_TOPICS', 'JS ERROR;JS LOG'), ('LC_TIME', 'ru_RU.UTF-8'), ('SNAP_COMMON', '/var/snap/qtcreator-ros/common'), ('SNAP_INSTANCE_KEY', ''), ('USER', 'robot33-6'), ('XDG_SESSION_TYPE', 'wayland'), ('LD_LIBRARY_PATH', '/home/robot33-6/student133_ws/install/test_custom_srv/lib:/home/robot33-6/student133_ws/install/test_custom_msg/lib:/opt/ros/humble/opt/rviz_ogre_vendor/lib:/opt/ros/humble/lib/x86_64-linux-gnu:/opt/ros/humble/lib:/snap/qtcreator-ros/107/lib:/snap/qtcreator-ros/107/usr/lib/x86_64-linux-gnu'), ('SHLVL', '365'), ('SNAP_UID', '1000'), ('HOME', '/home/robot33-6'), ('SNAP_LIBRARY_PATH', '/var/lib/snapd/lib/gl:/var/lib/snapd/lib/gl32:/var/lib/snapd/void'), ('DESKTOP_SESSION', 'ubuntu'), ('QTDIR', '/usr/lib/x86_64-linux-gnu/qt5'), ('SNAP_USER_DATA', '/home/robot33-6/snap/qtcreator-ros/107'), ('GIO_LAUNCHED_DESKTOP_FILE', '/var/lib/snapd/desktop/applications/qtcreator-ros_qtcreator-ros.desktop'), ('GNOME_SHELL_SESSION_MODE', 'ubuntu'), ('GTK_MODULES', 'gail:atk-bridge'), ('ROS_PYTHON_VERSION', '3'), ('LC_MONETARY', 'ru_RU.UTF-8'), ('MANAGERPID', '1385'), ('DBUS_SESSION_BUS_ADDRESS', 'unix:path=/run/user/1000/bus'), ('SYSTEMD_EXEC_PID', '1560'), ('GIO_LAUNCHED_DESKTOP_FILE_PID', '2915'), ('SNAP_REVISION', '107'), ('COLCON_PREFIX_PATH', '/home/robot33-6/student133_ws/install'), ('IM_CONFIG_PHASE', '1'), ('ROS_DISTRO', 'humble'), ('WAYLAND_DISPLAY', 'wayland-0'), ('LOGNAME', 'robot33-6'), ('JOURNAL_STREAM', '8:16372'), ('SNAP_CONTEXT', 'zfxwyVEa0dSM0vT388UHnSyWy-Mv84K8RE-CWR0OLT2wc9JrOksa'), ('_', '/usr/bin/env'), ('ROS_VERSION', '2'), ('SNAP_VERSION', '12.0.2'), ('XDG_SESSION_CLASS', 'user'), ('TERM', 'xterm'), ('USERNAME', 'robot33-6'), ('GNOME_DESKTOP_SESSION_ID', 'this-is-deprecated'), ('ROS_LOCALHOST_ONLY', '0'), ('SNAP_INSTANCE_NAME', 'qtcreator-ros'), ('PATH', '/opt/ros/humble/bin:/usr/local/sbin:/usr/local/bin:/usr/sbin:/usr/bin:/sbin:/bin:/usr/games:/usr/local/games:/snap/bin:/snap/bin'), ('INVOCATION_ID', '19d8ac233f254f48866ffa415bdf884c'), ('SESSION_MANAGER', 'local/robot33-6:@/tmp/.ICE-unix/1538,unix/robot33-6:/tmp/.ICE-unix/1538'), ('BAMF_DESKTOP_FILE_HINT', '/var/lib/snapd/desktop/applications/qtcreator-ros_qtcreator-ros.desktop'), ('GNOME_SETUP_DISPLAY', ':1'), ('LC_ADDRESS', 'ru_RU.UTF-8'), ('SNAP_DATA', '/var/snap/qtcreator-ros/107'), ('XDG_MENU_PREFIX', 'gnome-'), ('XDG_RUNTIME_DIR', '/run/user/1000'), ('DISPLAY', ':0'), ('LANG', 'en_US.UTF-8'), ('LC_TELEPHONE', 'ru_RU.UTF-8'), ('XDG_CURRENT_DESKTOP', 'ubuntu:GNOME'), ('XAUTHORITY', '/run/user/1000/.mutter-Xwaylandauth.K6OOL2'), ('XDG_SESSION_DESKTOP', 'ubuntu'), ('XMODIFIERS', '@im=ibus'), ('AMENT_PREFIX_PATH', '/home/robot33-6/student133_ws/install/test_visualization:/home/robot33-6/student133_ws/install/test_parameters:/home/robot33-6/student133_ws/install/test_client:/home/robot33-6/student133_ws/install/test_service:/home/robot33-6/student133_ws/install/test_custom_srv:/home/robot33-6/student133_ws/install/test_custom_publisher:/home/robot33-6/student133_ws/install/test_castom_publisher:/home/robot33-6/student133_ws/install/test_custom_msg:/home/robot33-6/student133_ws/install/test_subscriber:/home/robot33-6/student133_ws/install/test_publisher:/home/robot33-6/student133_ws/install/test_pkg:/opt/ros/humble'), ('SNAP_ARCH', 'amd64'), ('SNAP_COOKIE', 'zfxwyVEa0dSM0vT388UHnSyWy-Mv84K8RE-CWR0OLT2wc9JrOksa'), ('SNAP_USER_COMMON', '/home/robot33-6/snap/qtcreator-ros/common'), ('SSH_AGENT_LAUNCHER', 'gnome-keyring'), ('SSH_AUTH_SOCK', '/run/user/1000/keyring/ssh'), ('LC_NAME', 'ru_RU.UTF-8'), ('SHELL', '/bin/bash'), ('GDMSESSION', 'ubuntu'), ('QT_ACCESSIBILITY', '1'), ('SNAP_REEXEC', ''), ('SNAP_NAME', 'qtcreator-ros'), ('LC_MEASUREMENT', 'ru_RU.UTF-8'), ('GJS_DEBUG_OUTPUT', 'stderr'), ('LC_IDENTIFICATION', 'ru_RU.UTF-8'), ('QT_IM_MODULE', 'ibus'), ('PWD', '/home/robot33-6/student133_ws/build/test_custom_publisher'), ('QT_QPA_PLATFORM', 'wayland;xcb'), ('SNAP_REAL_HOME', '/home/robot33-6'), ('XDG_CONFIG_DIRS', '/etc/xdg/xdg-ubuntu:/etc/xdg'), ('XDG_DATA_DIRS', '/usr/share/ubuntu:/usr/local/share/:/usr/share/:/var/lib/snapd/desktop'), ('LC_NUMERIC', 'ru_RU.UTF-8'), ('PYTHONPATH', '/home/robot33-6/student133_ws/install/test_custom_srv/local/lib/python3.10/dist-packages:/home/robot33-6/student133_ws/install/test_custom_msg/local/lib/python3.10/dist-packages:/opt/ros/humble/lib/python3.10/site-packages:/opt/ros/humble/local/lib/python3.10/dist-packages'), ('SNAP', '/snap/qtcreator-ros/107'), ('SNAP_EUID', '1000'), ('LC_PAPER', 'ru_RU.UTF-8'), ('COLCON', '1'), ('CMAKE_PREFIX_PATH', '/home/robot33-6/student133_ws/install/test_visualization:/home/robot33-6/student133_ws/install/test_parameters:/home/robot33-6/student133_ws/install/test_client:/home/robot33-6/student133_ws/install/test_service:/home/robot33-6/student133_ws/install/test_custom_srv:/home/robot33-6/student133_ws/install/test_custom_publisher:/home/robot33-6/student133_ws/install/test_castom_publisher:/home/robot33-6/student133_ws/install/test_custom_msg:/home/robot33-6/student133_ws/install/test_subscriber:/home/robot33-6/student133_ws/install/test_publisher:/home/robot33-6/student133_ws/install/test_pkg:/opt/ros/humble'), ('LIBGL_DRIVERS_PATH', '/snap/qtcreator-ros/107/usr/lib/x86_64-linux-gnu/dri')]), 'shell': False}
[1.746213] (test_pkg) CommandEnded: {'returncode': 0}
[1.787163] (test_client) CommandEnded: {'returncode': 0}
[1.803073] (-) TimerEvent: {}
[1.830594] (test_custom_msg) CommandEnded: {'returncode': 0}
[1.831534] (test_publisher) CommandEnded: {'returncode': 0}
[1.874991] (test_custom_publisher) StdoutLine: {'line': b'-- Install configuration: "Debug"\n'}
[1.875318] (test_custom_publisher) StdoutLine: {'line': b'-- Up-to-date: /home/robot33-6/student133_ws/install/test_custom_publisher/lib/test_custom_publisher/test_custom_publisher_node\n'}
[1.875631] (test_custom_publisher) StdoutLine: {'line': b'-- Up-to-date: /home/robot33-6/student133_ws/install/test_custom_publisher/share/ament_index/resource_index/package_run_dependencies/test_custom_publisher\n'}
[1.875706] (test_custom_publisher) StdoutLine: {'line': b'-- Up-to-date: /home/robot33-6/student133_ws/install/test_custom_publisher/share/ament_index/resource_index/parent_prefix_path/test_custom_publisher\n'}
[1.875758] (test_custom_publisher) StdoutLine: {'line': b'-- Up-to-date: /home/robot33-6/student133_ws/install/test_custom_publisher/share/test_custom_publisher/environment/ament_prefix_path.sh\n'}
[1.875808] (test_custom_publisher) StdoutLine: {'line': b'-- Up-to-date: /home/robot33-6/student133_ws/install/test_custom_publisher/share/test_custom_publisher/environment/ament_prefix_path.dsv\n'}
[1.875856] (test_custom_publisher) StdoutLine: {'line': b'-- Up-to-date: /home/robot33-6/student133_ws/install/test_custom_publisher/share/test_custom_publisher/environment/path.sh\n'}
[1.875951] (test_custom_publisher) StdoutLine: {'line': b'-- Up-to-date: /home/robot33-6/student133_ws/install/test_custom_publisher/share/test_custom_publisher/environment/path.dsv\n'}
[1.876000] (test_custom_publisher) StdoutLine: {'line': b'-- Up-to-date: /home/robot33-6/student133_ws/install/test_custom_publisher/share/test_custom_publisher/local_setup.bash\n'}
[1.876430] (test_custom_publisher) StdoutLine: {'line': b'-- Up-to-date: /home/robot33-6/student133_ws/install/test_custom_publisher/share/test_custom_publisher/local_setup.sh\n'}
[1.876586] (test_custom_publisher) StdoutLine: {'line': b'-- Up-to-date: /home/robot33-6/student133_ws/install/test_custom_publisher/share/test_custom_publisher/local_setup.zsh\n'}
[1.876636] (test_custom_publisher) StdoutLine: {'line': b'-- Up-to-date: /home/robot33-6/student133_ws/install/test_custom_publisher/share/test_custom_publisher/local_setup.dsv\n'}
[1.876685] (test_custom_publisher) StdoutLine: {'line': b'-- Installing: /home/robot33-6/student133_ws/install/test_custom_publisher/share/test_custom_publisher/package.dsv\n'}
[1.876732] (test_custom_publisher) StdoutLine: {'line': b'-- Up-to-date: /home/robot33-6/student133_ws/install/test_custom_publisher/share/ament_index/resource_index/packages/test_custom_publisher\n'}
[1.876806] (test_custom_publisher) StdoutLine: {'line': b'-- Up-to-date: /home/robot33-6/student133_ws/install/test_custom_publisher/share/test_custom_publisher/cmake/test_custom_publisherConfig.cmake\n'}
[1.876855] (test_custom_publisher) StdoutLine: {'line': b'-- Up-to-date: /home/robot33-6/student133_ws/install/test_custom_publisher/share/test_custom_publisher/cmake/test_custom_publisherConfig-version.cmake\n'}
[1.876904] (test_custom_publisher) StdoutLine: {'line': b'-- Up-to-date: /home/robot33-6/student133_ws/install/test_custom_publisher/share/test_custom_publisher/package.xml\n'}
[1.876954] (test_custom_srv) CommandEnded: {'returncode': 0}
[1.903175] (-) TimerEvent: {}
[1.930821] (test_parameters) JobEnded: {'identifier': 'test_parameters', 'rc': 0}
[1.931226] (test_custom_publisher) CommandEnded: {'returncode': 0}
[2.003272] (-) TimerEvent: {}
[2.024464] (test_pkg) JobEnded: {'identifier': 'test_pkg', 'rc': 0}
[2.079755] (test_client) JobEnded: {'identifier': 'test_client', 'rc': 0}
[2.081024] (test_custom_msg) JobProgress: {'identifier': 'test_custom_msg', 'progress': 'install'}
[2.081054] (test_custom_msg) Command: {'cmd': ['/usr/bin/cmake', '--install', '/home/robot33-6/student133_ws/build/test_custom_msg'], 'cwd': '/home/robot33-6/student133_ws/build/test_custom_msg', 'env': OrderedDict([('GJS_DEBUG_TOPICS', 'JS ERROR;JS LOG'), ('LC_TIME', 'ru_RU.UTF-8'), ('SNAP_COMMON', '/var/snap/qtcreator-ros/common'), ('SNAP_INSTANCE_KEY', ''), ('USER', 'robot33-6'), ('XDG_SESSION_TYPE', 'wayland'), ('LD_LIBRARY_PATH', '/home/robot33-6/student133_ws/install/test_custom_srv/lib:/home/robot33-6/student133_ws/install/test_custom_msg/lib:/opt/ros/humble/opt/rviz_ogre_vendor/lib:/opt/ros/humble/lib/x86_64-linux-gnu:/opt/ros/humble/lib:/snap/qtcreator-ros/107/lib:/snap/qtcreator-ros/107/usr/lib/x86_64-linux-gnu'), ('SHLVL', '365'), ('SNAP_UID', '1000'), ('HOME', '/home/robot33-6'), ('SNAP_LIBRARY_PATH', '/var/lib/snapd/lib/gl:/var/lib/snapd/lib/gl32:/var/lib/snapd/void'), ('DESKTOP_SESSION', 'ubuntu'), ('QTDIR', '/usr/lib/x86_64-linux-gnu/qt5'), ('SNAP_USER_DATA', '/home/robot33-6/snap/qtcreator-ros/107'), ('GIO_LAUNCHED_DESKTOP_FILE', '/var/lib/snapd/desktop/applications/qtcreator-ros_qtcreator-ros.desktop'), ('GNOME_SHELL_SESSION_MODE', 'ubuntu'), ('GTK_MODULES', 'gail:atk-bridge'), ('ROS_PYTHON_VERSION', '3'), ('LC_MONETARY', 'ru_RU.UTF-8'), ('MANAGERPID', '1385'), ('DBUS_SESSION_BUS_ADDRESS', 'unix:path=/run/user/1000/bus'), ('SYSTEMD_EXEC_PID', '1560'), ('GIO_LAUNCHED_DESKTOP_FILE_PID', '2915'), ('SNAP_REVISION', '107'), ('COLCON_PREFIX_PATH', '/home/robot33-6/student133_ws/install'), ('IM_CONFIG_PHASE', '1'), ('ROS_DISTRO', 'humble'), ('WAYLAND_DISPLAY', 'wayland-0'), ('LOGNAME', 'robot33-6'), ('JOURNAL_STREAM', '8:16372'), ('SNAP_CONTEXT', 'zfxwyVEa0dSM0vT388UHnSyWy-Mv84K8RE-CWR0OLT2wc9JrOksa'), ('_', '/usr/bin/env'), ('ROS_VERSION', '2'), ('SNAP_VERSION', '12.0.2'), ('XDG_SESSION_CLASS', 'user'), ('TERM', 'xterm'), ('USERNAME', 'robot33-6'), ('GNOME_DESKTOP_SESSION_ID', 'this-is-deprecated'), ('ROS_LOCALHOST_ONLY', '0'), ('SNAP_INSTANCE_NAME', 'qtcreator-ros'), ('PATH', '/opt/ros/humble/bin:/usr/local/sbin:/usr/local/bin:/usr/sbin:/usr/bin:/sbin:/bin:/usr/games:/usr/local/games:/snap/bin:/snap/bin'), ('INVOCATION_ID', '19d8ac233f254f48866ffa415bdf884c'), ('SESSION_MANAGER', 'local/robot33-6:@/tmp/.ICE-unix/1538,unix/robot33-6:/tmp/.ICE-unix/1538'), ('BAMF_DESKTOP_FILE_HINT', '/var/lib/snapd/desktop/applications/qtcreator-ros_qtcreator-ros.desktop'), ('GNOME_SETUP_DISPLAY', ':1'), ('LC_ADDRESS', 'ru_RU.UTF-8'), ('SNAP_DATA', '/var/snap/qtcreator-ros/107'), ('XDG_MENU_PREFIX', 'gnome-'), ('XDG_RUNTIME_DIR', '/run/user/1000'), ('DISPLAY', ':0'), ('LANG', 'en_US.UTF-8'), ('LC_TELEPHONE', 'ru_RU.UTF-8'), ('XDG_CURRENT_DESKTOP', 'ubuntu:GNOME'), ('XAUTHORITY', '/run/user/1000/.mutter-Xwaylandauth.K6OOL2'), ('XDG_SESSION_DESKTOP', 'ubuntu'), ('XMODIFIERS', '@im=ibus'), ('AMENT_PREFIX_PATH', '/home/robot33-6/student133_ws/install/test_visualization:/home/robot33-6/student133_ws/install/test_parameters:/home/robot33-6/student133_ws/install/test_client:/home/robot33-6/student133_ws/install/test_service:/home/robot33-6/student133_ws/install/test_custom_srv:/home/robot33-6/student133_ws/install/test_custom_publisher:/home/robot33-6/student133_ws/install/test_castom_publisher:/home/robot33-6/student133_ws/install/test_custom_msg:/home/robot33-6/student133_ws/install/test_subscriber:/home/robot33-6/student133_ws/install/test_publisher:/home/robot33-6/student133_ws/install/test_pkg:/opt/ros/humble'), ('SNAP_ARCH', 'amd64'), ('SNAP_COOKIE', 'zfxwyVEa0dSM0vT388UHnSyWy-Mv84K8RE-CWR0OLT2wc9JrOksa'), ('SNAP_USER_COMMON', '/home/robot33-6/snap/qtcreator-ros/common'), ('SSH_AGENT_LAUNCHER', 'gnome-keyring'), ('SSH_AUTH_SOCK', '/run/user/1000/keyring/ssh'), ('LC_NAME', 'ru_RU.UTF-8'), ('SHELL', '/bin/bash'), ('GDMSESSION', 'ubuntu'), ('QT_ACCESSIBILITY', '1'), ('SNAP_REEXEC', ''), ('SNAP_NAME', 'qtcreator-ros'), ('LC_MEASUREMENT', 'ru_RU.UTF-8'), ('GJS_DEBUG_OUTPUT', 'stderr'), ('LC_IDENTIFICATION', 'ru_RU.UTF-8'), ('QT_IM_MODULE', 'ibus'), ('PWD', '/home/robot33-6/student133_ws/build/test_custom_msg'), ('QT_QPA_PLATFORM', 'wayland;xcb'), ('SNAP_REAL_HOME', '/home/robot33-6'), ('XDG_CONFIG_DIRS', '/etc/xdg/xdg-ubuntu:/etc/xdg'), ('XDG_DATA_DIRS', '/usr/share/ubuntu:/usr/local/share/:/usr/share/:/var/lib/snapd/desktop'), ('LC_NUMERIC', 'ru_RU.UTF-8'), ('PYTHONPATH', '/home/robot33-6/student133_ws/install/test_custom_srv/local/lib/python3.10/dist-packages:/home/robot33-6/student133_ws/install/test_custom_msg/local/lib/python3.10/dist-packages:/opt/ros/humble/lib/python3.10/site-packages:/opt/ros/humble/local/lib/python3.10/dist-packages'), ('SNAP', '/snap/qtcreator-ros/107'), ('SNAP_EUID', '1000'), ('LC_PAPER', 'ru_RU.UTF-8'), ('COLCON', '1'), ('CMAKE_PREFIX_PATH', '/home/robot33-6/student133_ws/install/test_visualization:/home/robot33-6/student133_ws/install/test_parameters:/home/robot33-6/student133_ws/install/test_client:/home/robot33-6/student133_ws/install/test_service:/home/robot33-6/student133_ws/install/test_custom_srv:/home/robot33-6/student133_ws/install/test_custom_publisher:/home/robot33-6/student133_ws/install/test_castom_publisher:/home/robot33-6/student133_ws/install/test_custom_msg:/home/robot33-6/student133_ws/install/test_subscriber:/home/robot33-6/student133_ws/install/test_publisher:/home/robot33-6/student133_ws/install/test_pkg:/opt/ros/humble'), ('LIBGL_DRIVERS_PATH', '/snap/qtcreator-ros/107/usr/lib/x86_64-linux-gnu/dri')]), 'shell': False}
[2.081481] (test_service) JobStarted: {'identifier': 'test_service'}
[2.103442] (-) TimerEvent: {}
[2.130952] (test_subscriber) JobStarted: {'identifier': 'test_subscriber'}
[2.180970] (test_visualization) JobStarted: {'identifier': 'test_visualization'}
[2.203641] (-) TimerEvent: {}
[2.230752] (test_serial_communication) StdoutLine: {'line': b'-- The C compiler identification is GNU 11.4.0\n'}
[2.231653] (test_custom_srv) JobProgress: {'identifier': 'test_custom_srv', 'progress': 'install'}
[2.231703] (test_custom_srv) Command: {'cmd': ['/usr/bin/cmake', '--install', '/home/robot33-6/student133_ws/build/test_custom_srv'], 'cwd': '/home/robot33-6/student133_ws/build/test_custom_srv', 'env': OrderedDict([('GJS_DEBUG_TOPICS', 'JS ERROR;JS LOG'), ('LC_TIME', 'ru_RU.UTF-8'), ('SNAP_COMMON', '/var/snap/qtcreator-ros/common'), ('SNAP_INSTANCE_KEY', ''), ('USER', 'robot33-6'), ('XDG_SESSION_TYPE', 'wayland'), ('LD_LIBRARY_PATH', '/home/robot33-6/student133_ws/install/test_custom_srv/lib:/home/robot33-6/student133_ws/install/test_custom_msg/lib:/opt/ros/humble/opt/rviz_ogre_vendor/lib:/opt/ros/humble/lib/x86_64-linux-gnu:/opt/ros/humble/lib:/snap/qtcreator-ros/107/lib:/snap/qtcreator-ros/107/usr/lib/x86_64-linux-gnu'), ('SHLVL', '365'), ('SNAP_UID', '1000'), ('HOME', '/home/robot33-6'), ('SNAP_LIBRARY_PATH', '/var/lib/snapd/lib/gl:/var/lib/snapd/lib/gl32:/var/lib/snapd/void'), ('DESKTOP_SESSION', 'ubuntu'), ('QTDIR', '/usr/lib/x86_64-linux-gnu/qt5'), ('SNAP_USER_DATA', '/home/robot33-6/snap/qtcreator-ros/107'), ('GIO_LAUNCHED_DESKTOP_FILE', '/var/lib/snapd/desktop/applications/qtcreator-ros_qtcreator-ros.desktop'), ('GNOME_SHELL_SESSION_MODE', 'ubuntu'), ('GTK_MODULES', 'gail:atk-bridge'), ('ROS_PYTHON_VERSION', '3'), ('LC_MONETARY', 'ru_RU.UTF-8'), ('MANAGERPID', '1385'), ('DBUS_SESSION_BUS_ADDRESS', 'unix:path=/run/user/1000/bus'), ('SYSTEMD_EXEC_PID', '1560'), ('GIO_LAUNCHED_DESKTOP_FILE_PID', '2915'), ('SNAP_REVISION', '107'), ('COLCON_PREFIX_PATH', '/home/robot33-6/student133_ws/install'), ('IM_CONFIG_PHASE', '1'), ('ROS_DISTRO', 'humble'), ('WAYLAND_DISPLAY', 'wayland-0'), ('LOGNAME', 'robot33-6'), ('JOURNAL_STREAM', '8:16372'), ('SNAP_CONTEXT', 'zfxwyVEa0dSM0vT388UHnSyWy-Mv84K8RE-CWR0OLT2wc9JrOksa'), ('_', '/usr/bin/env'), ('ROS_VERSION', '2'), ('SNAP_VERSION', '12.0.2'), ('XDG_SESSION_CLASS', 'user'), ('TERM', 'xterm'), ('USERNAME', 'robot33-6'), ('GNOME_DESKTOP_SESSION_ID', 'this-is-deprecated'), ('ROS_LOCALHOST_ONLY', '0'), ('SNAP_INSTANCE_NAME', 'qtcreator-ros'), ('PATH', '/opt/ros/humble/bin:/usr/local/sbin:/usr/local/bin:/usr/sbin:/usr/bin:/sbin:/bin:/usr/games:/usr/local/games:/snap/bin:/snap/bin'), ('INVOCATION_ID', '19d8ac233f254f48866ffa415bdf884c'), ('SESSION_MANAGER', 'local/robot33-6:@/tmp/.ICE-unix/1538,unix/robot33-6:/tmp/.ICE-unix/1538'), ('BAMF_DESKTOP_FILE_HINT', '/var/lib/snapd/desktop/applications/qtcreator-ros_qtcreator-ros.desktop'), ('GNOME_SETUP_DISPLAY', ':1'), ('LC_ADDRESS', 'ru_RU.UTF-8'), ('SNAP_DATA', '/var/snap/qtcreator-ros/107'), ('XDG_MENU_PREFIX', 'gnome-'), ('XDG_RUNTIME_DIR', '/run/user/1000'), ('DISPLAY', ':0'), ('LANG', 'en_US.UTF-8'), ('LC_TELEPHONE', 'ru_RU.UTF-8'), ('XDG_CURRENT_DESKTOP', 'ubuntu:GNOME'), ('XAUTHORITY', '/run/user/1000/.mutter-Xwaylandauth.K6OOL2'), ('XDG_SESSION_DESKTOP', 'ubuntu'), ('XMODIFIERS', '@im=ibus'), ('AMENT_PREFIX_PATH', '/home/robot33-6/student133_ws/install/test_visualization:/home/robot33-6/student133_ws/install/test_parameters:/home/robot33-6/student133_ws/install/test_client:/home/robot33-6/student133_ws/install/test_service:/home/robot33-6/student133_ws/install/test_custom_srv:/home/robot33-6/student133_ws/install/test_custom_publisher:/home/robot33-6/student133_ws/install/test_castom_publisher:/home/robot33-6/student133_ws/install/test_custom_msg:/home/robot33-6/student133_ws/install/test_subscriber:/home/robot33-6/student133_ws/install/test_publisher:/home/robot33-6/student133_ws/install/test_pkg:/opt/ros/humble'), ('SNAP_ARCH', 'amd64'), ('SNAP_COOKIE', 'zfxwyVEa0dSM0vT388UHnSyWy-Mv84K8RE-CWR0OLT2wc9JrOksa'), ('SNAP_USER_COMMON', '/home/robot33-6/snap/qtcreator-ros/common'), ('SSH_AGENT_LAUNCHER', 'gnome-keyring'), ('SSH_AUTH_SOCK', '/run/user/1000/keyring/ssh'), ('LC_NAME', 'ru_RU.UTF-8'), ('SHELL', '/bin/bash'), ('GDMSESSION', 'ubuntu'), ('QT_ACCESSIBILITY', '1'), ('SNAP_REEXEC', ''), ('SNAP_NAME', 'qtcreator-ros'), ('LC_MEASUREMENT', 'ru_RU.UTF-8'), ('GJS_DEBUG_OUTPUT', 'stderr'), ('LC_IDENTIFICATION', 'ru_RU.UTF-8'), ('QT_IM_MODULE', 'ibus'), ('PWD', '/home/robot33-6/student133_ws/build/test_custom_srv'), ('QT_QPA_PLATFORM', 'wayland;xcb'), ('SNAP_REAL_HOME', '/home/robot33-6'), ('XDG_CONFIG_DIRS', '/etc/xdg/xdg-ubuntu:/etc/xdg'), ('XDG_DATA_DIRS', '/usr/share/ubuntu:/usr/local/share/:/usr/share/:/var/lib/snapd/desktop'), ('LC_NUMERIC', 'ru_RU.UTF-8'), ('PYTHONPATH', '/home/robot33-6/student133_ws/install/test_custom_srv/local/lib/python3.10/dist-packages:/home/robot33-6/student133_ws/install/test_custom_msg/local/lib/python3.10/dist-packages:/opt/ros/humble/lib/python3.10/site-packages:/opt/ros/humble/local/lib/python3.10/dist-packages'), ('SNAP', '/snap/qtcreator-ros/107'), ('SNAP_EUID', '1000'), ('LC_PAPER', 'ru_RU.UTF-8'), ('COLCON', '1'), ('CMAKE_PREFIX_PATH', '/home/robot33-6/student133_ws/install/test_visualization:/home/robot33-6/student133_ws/install/test_parameters:/home/robot33-6/student133_ws/install/test_client:/home/robot33-6/student133_ws/install/test_service:/home/robot33-6/student133_ws/install/test_custom_srv:/home/robot33-6/student133_ws/install/test_custom_publisher:/home/robot33-6/student133_ws/install/test_castom_publisher:/home/robot33-6/student133_ws/install/test_custom_msg:/home/robot33-6/student133_ws/install/test_subscriber:/home/robot33-6/student133_ws/install/test_publisher:/home/robot33-6/student133_ws/install/test_pkg:/opt/ros/humble'), ('LIBGL_DRIVERS_PATH', '/snap/qtcreator-ros/107/usr/lib/x86_64-linux-gnu/dri')]), 'shell': False}
[2.284621] (test_publisher) JobEnded: {'identifier': 'test_publisher', 'rc': 0}
[2.285845] (test_custom_msg) StdoutLine: {'line': b'-- Install configuration: "Debug"\n'}
[2.286081] (test_custom_msg) StdoutLine: {'line': b'-- Up-to-date: /home/robot33-6/student133_ws/install/test_custom_msg/share/ament_index/resource_index/rosidl_interfaces/test_custom_msg\n'}
[2.286206] (test_custom_msg) StdoutLine: {'line': b'-- Up-to-date: /home/robot33-6/student133_ws/install/test_custom_msg/include/test_custom_msg/test_custom_msg\n'}
[2.286273] (test_custom_msg) StdoutLine: {'line': b'-- Up-to-date: /home/robot33-6/student133_ws/install/test_custom_msg/include/test_custom_msg/test_custom_msg/msg\n'}
[2.286336] (test_custom_msg) StdoutLine: {'line': b'-- Up-to-date: /home/robot33-6/student133_ws/install/test_custom_msg/include/test_custom_msg/test_custom_msg/msg/rosidl_generator_c__visibility_control.h\n'}
[2.286397] (test_custom_msg) StdoutLine: {'line': b'-- Up-to-date: /home/robot33-6/student133_ws/install/test_custom_msg/include/test_custom_msg/test_custom_msg/msg/detail\n'}
[2.286456] (test_custom_msg) StdoutLine: {'line': b'-- Up-to-date: /home/robot33-6/student133_ws/install/test_custom_msg/include/test_custom_msg/test_custom_msg/msg/detail/circle__functions.c\n'}
[2.286516] (test_custom_msg) StdoutLine: {'line': b'-- Up-to-date: /home/robot33-6/student133_ws/install/test_custom_msg/include/test_custom_msg/test_custom_msg/msg/detail/circle__type_support.h\n'}
[2.286575] (test_custom_msg) StdoutLine: {'line': b'-- Up-to-date: /home/robot33-6/student133_ws/install/test_custom_msg/include/test_custom_msg/test_custom_msg/msg/detail/circle__struct.h\n'}
[2.286634] (test_custom_msg) StdoutLine: {'line': b'-- Up-to-date: /home/robot33-6/student133_ws/install/test_custom_msg/include/test_custom_msg/test_custom_msg/msg/detail/circle__functions.h\n'}
[2.286692] (test_custom_msg) StdoutLine: {'line': b'-- Up-to-date: /home/robot33-6/student133_ws/install/test_custom_msg/include/test_custom_msg/test_custom_msg/msg/circle.h\n'}
[2.286751] (test_custom_msg) StdoutLine: {'line': b'-- Up-to-date: /home/robot33-6/student133_ws/install/test_custom_msg/share/test_custom_msg/environment/library_path.sh\n'}
[2.286810] (test_custom_msg) StdoutLine: {'line': b'-- Up-to-date: /home/robot33-6/student133_ws/install/test_custom_msg/share/test_custom_msg/environment/library_path.dsv\n'}
[2.286869] (test_custom_msg) StdoutLine: {'line': b'-- Up-to-date: /home/robot33-6/student133_ws/install/test_custom_msg/lib/libtest_custom_msg__rosidl_generator_c.so\n'}
[2.286953] (test_custom_msg) StdoutLine: {'line': b'-- Up-to-date: /home/robot33-6/student133_ws/install/test_custom_msg/include/test_custom_msg/test_custom_msg\n'}
[2.287085] (test_custom_msg) StdoutLine: {'line': b'-- Up-to-date: /home/robot33-6/student133_ws/install/test_custom_msg/include/test_custom_msg/test_custom_msg/msg\n'}
[2.287154] (test_custom_msg) StdoutLine: {'line': b'-- Up-to-date: /home/robot33-6/student133_ws/install/test_custom_msg/include/test_custom_msg/test_custom_msg/msg/rosidl_typesupport_fastrtps_c__visibility_control.h\n'}
[2.287215] (test_custom_msg) StdoutLine: {'line': b'-- Up-to-date: /home/robot33-6/student133_ws/install/test_custom_msg/include/test_custom_msg/test_custom_msg/msg/detail\n'}
[2.287274] (test_custom_msg) StdoutLine: {'line': b'-- Up-to-date: /home/robot33-6/student133_ws/install/test_custom_msg/include/test_custom_msg/test_custom_msg/msg/detail/circle__rosidl_typesupport_fastrtps_c.h\n'}
[2.287334] (test_custom_msg) StdoutLine: {'line': b'-- Up-to-date: /home/robot33-6/student133_ws/install/test_custom_msg/lib/libtest_custom_msg__rosidl_typesupport_fastrtps_c.so\n'}
[2.287394] (test_custom_msg) StdoutLine: {'line': b'-- Up-to-date: /home/robot33-6/student133_ws/install/test_custom_msg/include/test_custom_msg/test_custom_msg\n'}
[2.287454] (test_custom_msg) StdoutLine: {'line': b'-- Up-to-date: /home/robot33-6/student133_ws/install/test_custom_msg/include/test_custom_msg/test_custom_msg/msg\n'}
[2.287513] (test_custom_msg) StdoutLine: {'line': b'-- Up-to-date: /home/robot33-6/student133_ws/install/test_custom_msg/include/test_custom_msg/test_custom_msg/msg/detail\n'}
[2.287603] (test_custom_msg) StdoutLine: {'line': b'-- Up-to-date: /home/robot33-6/student133_ws/install/test_custom_msg/include/test_custom_msg/test_custom_msg/msg/detail/circle__traits.hpp\n'}
[2.287665] (test_custom_msg) StdoutLine: {'line': b'-- Up-to-date: /home/robot33-6/student133_ws/install/test_custom_msg/include/test_custom_msg/test_custom_msg/msg/detail/circle__struct.hpp\n'}
[2.287725] (test_custom_msg) StdoutLine: {'line': b'-- Up-to-date: /home/robot33-6/student133_ws/install/test_custom_msg/include/test_custom_msg/test_custom_msg/msg/detail/circle__builder.hpp\n'}
[2.287785] (test_custom_msg) StdoutLine: {'line': b'-- Up-to-date: /home/robot33-6/student133_ws/install/test_custom_msg/include/test_custom_msg/test_custom_msg/msg/circle.hpp\n'}
[2.287844] (test_custom_msg) StdoutLine: {'line': b'-- Up-to-date: /home/robot33-6/student133_ws/install/test_custom_msg/include/test_custom_msg/test_custom_msg\n'}
[2.287903] (test_custom_msg) StdoutLine: {'line': b'-- Up-to-date: /home/robot33-6/student133_ws/install/test_custom_msg/include/test_custom_msg/test_custom_msg/msg\n'}
[2.287963] (test_custom_msg) StdoutLine: {'line': b'-- Up-to-date: /home/robot33-6/student133_ws/install/test_custom_msg/include/test_custom_msg/test_custom_msg/msg/detail\n'}
[2.288021] (test_custom_msg) StdoutLine: {'line': b'-- Up-to-date: /home/robot33-6/student133_ws/install/test_custom_msg/include/test_custom_msg/test_custom_msg/msg/detail/dds_fastrtps\n'}
[2.288132] (test_custom_msg) StdoutLine: {'line': b'-- Up-to-date: /home/robot33-6/student133_ws/install/test_custom_msg/include/test_custom_msg/test_custom_msg/msg/detail/circle__rosidl_typesupport_fastrtps_cpp.hpp\n'}
[2.288194] (test_custom_msg) StdoutLine: {'line': b'-- Up-to-date: /home/robot33-6/student133_ws/install/test_custom_msg/include/test_custom_msg/test_custom_msg/msg/rosidl_typesupport_fastrtps_cpp__visibility_control.h\n'}
[2.288253] (test_custom_msg) StdoutLine: {'line': b'-- Up-to-date: /home/robot33-6/student133_ws/install/test_custom_msg/lib/libtest_custom_msg__rosidl_typesupport_fastrtps_cpp.so\n'}
[2.288312] (test_custom_msg) StdoutLine: {'line': b'-- Up-to-date: /home/robot33-6/student133_ws/install/test_custom_msg/include/test_custom_msg/test_custom_msg\n'}
[2.288371] (test_custom_msg) StdoutLine: {'line': b'-- Up-to-date: /home/robot33-6/student133_ws/install/test_custom_msg/include/test_custom_msg/test_custom_msg/msg\n'}
[2.288429] (test_custom_msg) StdoutLine: {'line': b'-- Up-to-date: /home/robot33-6/student133_ws/install/test_custom_msg/include/test_custom_msg/test_custom_msg/msg/detail\n'}
[2.288625] (test_custom_msg) StdoutLine: {'line': b'-- Up-to-date: /home/robot33-6/student133_ws/install/test_custom_msg/include/test_custom_msg/test_custom_msg/msg/detail/circle__type_support.c\n'}
[2.288689] (test_custom_msg) StdoutLine: {'line': b'-- Up-to-date: /home/robot33-6/student133_ws/install/test_custom_msg/include/test_custom_msg/test_custom_msg/msg/detail/circle__rosidl_typesupport_introspection_c.h\n'}
[2.288750] (test_custom_msg) StdoutLine: {'line': b'-- Up-to-date: /home/robot33-6/student133_ws/install/test_custom_msg/include/test_custom_msg/test_custom_msg/msg/rosidl_typesupport_introspection_c__visibility_control.h\n'}
[2.288810] (test_custom_msg) StdoutLine: {'line': b'-- Up-to-date: /home/robot33-6/student133_ws/install/test_custom_msg/lib/libtest_custom_msg__rosidl_typesupport_introspection_c.so\n'}
[2.288869] (test_custom_msg) StdoutLine: {'line': b'-- Up-to-date: /home/robot33-6/student133_ws/install/test_custom_msg/lib/libtest_custom_msg__rosidl_typesupport_c.so\n'}
[2.288928] (test_custom_msg) StdoutLine: {'line': b'-- Up-to-date: /home/robot33-6/student133_ws/install/test_custom_msg/include/test_custom_msg/test_custom_msg\n'}
[2.288987] (test_custom_msg) StdoutLine: {'line': b'-- Up-to-date: /home/robot33-6/student133_ws/install/test_custom_msg/include/test_custom_msg/test_custom_msg/msg\n'}
[2.289045] (test_custom_msg) StdoutLine: {'line': b'-- Up-to-date: /home/robot33-6/student133_ws/install/test_custom_msg/include/test_custom_msg/test_custom_msg/msg/detail\n'}
[2.289136] (test_custom_msg) StdoutLine: {'line': b'-- Up-to-date: /home/robot33-6/student133_ws/install/test_custom_msg/include/test_custom_msg/test_custom_msg/msg/detail/circle__rosidl_typesupport_introspection_cpp.hpp\n'}
[2.289196] (test_custom_msg) StdoutLine: {'line': b'-- Up-to-date: /home/robot33-6/student133_ws/install/test_custom_msg/include/test_custom_msg/test_custom_msg/msg/detail/circle__type_support.cpp\n'}
[2.289255] (test_custom_msg) StdoutLine: {'line': b'-- Up-to-date: /home/robot33-6/student133_ws/install/test_custom_msg/lib/libtest_custom_msg__rosidl_typesupport_introspection_cpp.so\n'}
[2.303721] (-) TimerEvent: {}
[2.342158] (test_custom_publisher) JobEnded: {'identifier': 'test_custom_publisher', 'rc': 0}
[2.343330] (test_custom_msg) StdoutLine: {'line': b'-- Up-to-date: /home/robot33-6/student133_ws/install/test_custom_msg/lib/libtest_custom_msg__rosidl_typesupport_cpp.so\n'}
[2.343656] (test_custom_msg) StdoutLine: {'line': b'-- Up-to-date: /home/robot33-6/student133_ws/install/test_custom_msg/share/test_custom_msg/environment/pythonpath.sh\n'}
[2.343731] (test_custom_msg) StdoutLine: {'line': b'-- Up-to-date: /home/robot33-6/student133_ws/install/test_custom_msg/share/test_custom_msg/environment/pythonpath.dsv\n'}
[2.343798] (test_custom_msg) StdoutLine: {'line': b'-- Up-to-date: /home/robot33-6/student133_ws/install/test_custom_msg/local/lib/python3.10/dist-packages/test_custom_msg-0.0.0-py3.10.egg-info\n'}
[2.343865] (test_custom_msg) StdoutLine: {'line': b'-- Installing: /home/robot33-6/student133_ws/install/test_custom_msg/local/lib/python3.10/dist-packages/test_custom_msg-0.0.0-py3.10.egg-info/PKG-INFO\n'}
[2.343928] (test_custom_msg) StdoutLine: {'line': b'-- Installing: /home/robot33-6/student133_ws/install/test_custom_msg/local/lib/python3.10/dist-packages/test_custom_msg-0.0.0-py3.10.egg-info/top_level.txt\n'}
[2.344058] (test_custom_msg) StdoutLine: {'line': b'-- Installing: /home/robot33-6/student133_ws/install/test_custom_msg/local/lib/python3.10/dist-packages/test_custom_msg-0.0.0-py3.10.egg-info/dependency_links.txt\n'}
[2.344138] (test_custom_msg) StdoutLine: {'line': b'-- Installing: /home/robot33-6/student133_ws/install/test_custom_msg/local/lib/python3.10/dist-packages/test_custom_msg-0.0.0-py3.10.egg-info/SOURCES.txt\n'}
[2.344198] (test_custom_msg) StdoutLine: {'line': b'-- Up-to-date: /home/robot33-6/student133_ws/install/test_custom_msg/local/lib/python3.10/dist-packages/test_custom_msg\n'}
[2.344262] (test_custom_msg) StdoutLine: {'line': b'-- Up-to-date: /home/robot33-6/student133_ws/install/test_custom_msg/local/lib/python3.10/dist-packages/test_custom_msg/_test_custom_msg_s.ep.rosidl_typesupport_introspection_c.c\n'}
[2.344315] (test_custom_msg) StdoutLine: {'line': b'-- Up-to-date: /home/robot33-6/student133_ws/install/test_custom_msg/local/lib/python3.10/dist-packages/test_custom_msg/test_custom_msg_s__rosidl_typesupport_c.cpython-310-x86_64-linux-gnu.so\n'}
[2.344362] (test_custom_msg) StdoutLine: {'line': b'-- Up-to-date: /home/robot33-6/student133_ws/install/test_custom_msg/local/lib/python3.10/dist-packages/test_custom_msg/_test_custom_msg_s.ep.rosidl_typesupport_fastrtps_c.c\n'}
[2.344408] (test_custom_msg) StdoutLine: {'line': b'-- Up-to-date: /home/robot33-6/student133_ws/install/test_custom_msg/local/lib/python3.10/dist-packages/test_custom_msg/libtest_custom_msg__rosidl_generator_py.so\n'}
[2.344454] (test_custom_msg) StdoutLine: {'line': b'-- Up-to-date: /home/robot33-6/student133_ws/install/test_custom_msg/local/lib/python3.10/dist-packages/test_custom_msg/test_custom_msg_s__rosidl_typesupport_fastrtps_c.cpython-310-x86_64-linux-gnu.so\n'}
[2.344500] (test_custom_msg) StdoutLine: {'line': b'-- Up-to-date: /home/robot33-6/student133_ws/install/test_custom_msg/local/lib/python3.10/dist-packages/test_custom_msg/__init__.py\n'}
[2.344546] (test_custom_msg) StdoutLine: {'line': b'-- Up-to-date: /home/robot33-6/student133_ws/install/test_custom_msg/local/lib/python3.10/dist-packages/test_custom_msg/_test_custom_msg_s.ep.rosidl_typesupport_c.c\n'}
[2.344591] (test_custom_msg) StdoutLine: {'line': b'-- Up-to-date: /home/robot33-6/student133_ws/install/test_custom_msg/local/lib/python3.10/dist-packages/test_custom_msg/test_custom_msg_s__rosidl_typesupport_introspection_c.cpython-310-x86_64-linux-gnu.so\n'}
[2.344637] (test_custom_msg) StdoutLine: {'line': b'-- Up-to-date: /home/robot33-6/student133_ws/install/test_custom_msg/local/lib/python3.10/dist-packages/test_custom_msg/msg\n'}
[2.344683] (test_custom_msg) StdoutLine: {'line': b'-- Up-to-date: /home/robot33-6/student133_ws/install/test_custom_msg/local/lib/python3.10/dist-packages/test_custom_msg/msg/__init__.py\n'}
[2.344729] (test_custom_msg) StdoutLine: {'line': b'-- Up-to-date: /home/robot33-6/student133_ws/install/test_custom_msg/local/lib/python3.10/dist-packages/test_custom_msg/msg/_circle_s.c\n'}
[2.344774] (test_custom_msg) StdoutLine: {'line': b'-- Up-to-date: /home/robot33-6/student133_ws/install/test_custom_msg/local/lib/python3.10/dist-packages/test_custom_msg/msg/_circle.py\n'}
[2.344820] (test_service) JobProgress: {'identifier': 'test_service', 'progress': 'cmake'}
[2.387506] (test_service) JobProgress: {'identifier': 'test_service', 'progress': 'build'}
[2.387551] (test_service) Command: {'cmd': ['/usr/bin/cmake', '--build', '/home/robot33-6/student133_ws/build/test_service', '--', '-j8', '-l8'], 'cwd': '/home/robot33-6/student133_ws/build/test_service', 'env': OrderedDict([('GJS_DEBUG_TOPICS', 'JS ERROR;JS LOG'), ('LC_TIME', 'ru_RU.UTF-8'), ('SNAP_COMMON', '/var/snap/qtcreator-ros/common'), ('SNAP_INSTANCE_KEY', ''), ('USER', 'robot33-6'), ('XDG_SESSION_TYPE', 'wayland'), ('LD_LIBRARY_PATH', '/home/robot33-6/student133_ws/install/test_custom_srv/lib:/home/robot33-6/student133_ws/install/test_custom_msg/lib:/opt/ros/humble/opt/rviz_ogre_vendor/lib:/opt/ros/humble/lib/x86_64-linux-gnu:/opt/ros/humble/lib:/snap/qtcreator-ros/107/lib:/snap/qtcreator-ros/107/usr/lib/x86_64-linux-gnu'), ('SHLVL', '365'), ('SNAP_UID', '1000'), ('HOME', '/home/robot33-6'), ('SNAP_LIBRARY_PATH', '/var/lib/snapd/lib/gl:/var/lib/snapd/lib/gl32:/var/lib/snapd/void'), ('DESKTOP_SESSION', 'ubuntu'), ('QTDIR', '/usr/lib/x86_64-linux-gnu/qt5'), ('SNAP_USER_DATA', '/home/robot33-6/snap/qtcreator-ros/107'), ('GIO_LAUNCHED_DESKTOP_FILE', '/var/lib/snapd/desktop/applications/qtcreator-ros_qtcreator-ros.desktop'), ('GNOME_SHELL_SESSION_MODE', 'ubuntu'), ('GTK_MODULES', 'gail:atk-bridge'), ('ROS_PYTHON_VERSION', '3'), ('LC_MONETARY', 'ru_RU.UTF-8'), ('MANAGERPID', '1385'), ('DBUS_SESSION_BUS_ADDRESS', 'unix:path=/run/user/1000/bus'), ('SYSTEMD_EXEC_PID', '1560'), ('GIO_LAUNCHED_DESKTOP_FILE_PID', '2915'), ('SNAP_REVISION', '107'), ('COLCON_PREFIX_PATH', '/home/robot33-6/student133_ws/install'), ('IM_CONFIG_PHASE', '1'), ('ROS_DISTRO', 'humble'), ('WAYLAND_DISPLAY', 'wayland-0'), ('LOGNAME', 'robot33-6'), ('JOURNAL_STREAM', '8:16372'), ('SNAP_CONTEXT', 'zfxwyVEa0dSM0vT388UHnSyWy-Mv84K8RE-CWR0OLT2wc9JrOksa'), ('_', '/usr/bin/env'), ('ROS_VERSION', '2'), ('SNAP_VERSION', '12.0.2'), ('XDG_SESSION_CLASS', 'user'), ('TERM', 'xterm'), ('USERNAME', 'robot33-6'), ('GNOME_DESKTOP_SESSION_ID', 'this-is-deprecated'), ('ROS_LOCALHOST_ONLY', '0'), ('SNAP_INSTANCE_NAME', 'qtcreator-ros'), ('PATH', '/opt/ros/humble/bin:/usr/local/sbin:/usr/local/bin:/usr/sbin:/usr/bin:/sbin:/bin:/usr/games:/usr/local/games:/snap/bin:/snap/bin'), ('INVOCATION_ID', '19d8ac233f254f48866ffa415bdf884c'), ('SESSION_MANAGER', 'local/robot33-6:@/tmp/.ICE-unix/1538,unix/robot33-6:/tmp/.ICE-unix/1538'), ('BAMF_DESKTOP_FILE_HINT', '/var/lib/snapd/desktop/applications/qtcreator-ros_qtcreator-ros.desktop'), ('GNOME_SETUP_DISPLAY', ':1'), ('LC_ADDRESS', 'ru_RU.UTF-8'), ('SNAP_DATA', '/var/snap/qtcreator-ros/107'), ('XDG_MENU_PREFIX', 'gnome-'), ('XDG_RUNTIME_DIR', '/run/user/1000'), ('DISPLAY', ':0'), ('LANG', 'en_US.UTF-8'), ('LC_TELEPHONE', 'ru_RU.UTF-8'), ('XDG_CURRENT_DESKTOP', 'ubuntu:GNOME'), ('XAUTHORITY', '/run/user/1000/.mutter-Xwaylandauth.K6OOL2'), ('XDG_SESSION_DESKTOP', 'ubuntu'), ('XMODIFIERS', '@im=ibus'), ('AMENT_PREFIX_PATH', '/home/robot33-6/student133_ws/install/test_visualization:/home/robot33-6/student133_ws/install/test_parameters:/home/robot33-6/student133_ws/install/test_client:/home/robot33-6/student133_ws/install/test_service:/home/robot33-6/student133_ws/install/test_custom_srv:/home/robot33-6/student133_ws/install/test_custom_publisher:/home/robot33-6/student133_ws/install/test_castom_publisher:/home/robot33-6/student133_ws/install/test_custom_msg:/home/robot33-6/student133_ws/install/test_subscriber:/home/robot33-6/student133_ws/install/test_publisher:/home/robot33-6/student133_ws/install/test_pkg:/opt/ros/humble'), ('SNAP_ARCH', 'amd64'), ('SNAP_COOKIE', 'zfxwyVEa0dSM0vT388UHnSyWy-Mv84K8RE-CWR0OLT2wc9JrOksa'), ('SNAP_USER_COMMON', '/home/robot33-6/snap/qtcreator-ros/common'), ('SSH_AGENT_LAUNCHER', 'gnome-keyring'), ('SSH_AUTH_SOCK', '/run/user/1000/keyring/ssh'), ('LC_NAME', 'ru_RU.UTF-8'), ('SHELL', '/bin/bash'), ('GDMSESSION', 'ubuntu'), ('QT_ACCESSIBILITY', '1'), ('SNAP_REEXEC', ''), ('SNAP_NAME', 'qtcreator-ros'), ('LC_MEASUREMENT', 'ru_RU.UTF-8'), ('GJS_DEBUG_OUTPUT', 'stderr'), ('LC_IDENTIFICATION', 'ru_RU.UTF-8'), ('QT_IM_MODULE', 'ibus'), ('PWD', '/home/robot33-6/student133_ws/build/test_service'), ('QT_QPA_PLATFORM', 'wayland;xcb'), ('SNAP_REAL_HOME', '/home/robot33-6'), ('XDG_CONFIG_DIRS', '/etc/xdg/xdg-ubuntu:/etc/xdg'), ('XDG_DATA_DIRS', '/usr/share/ubuntu:/usr/local/share/:/usr/share/:/var/lib/snapd/desktop'), ('LC_NUMERIC', 'ru_RU.UTF-8'), ('PYTHONPATH', '/home/robot33-6/student133_ws/install/test_custom_srv/local/lib/python3.10/dist-packages:/home/robot33-6/student133_ws/install/test_custom_msg/local/lib/python3.10/dist-packages:/opt/ros/humble/lib/python3.10/site-packages:/opt/ros/humble/local/lib/python3.10/dist-packages'), ('SNAP', '/snap/qtcreator-ros/107'), ('SNAP_EUID', '1000'), ('LC_PAPER', 'ru_RU.UTF-8'), ('COLCON', '1'), ('CMAKE_PREFIX_PATH', '/home/robot33-6/student133_ws/install/test_visualization:/home/robot33-6/student133_ws/install/test_parameters:/home/robot33-6/student133_ws/install/test_client:/home/robot33-6/student133_ws/install/test_service:/home/robot33-6/student133_ws/install/test_custom_srv:/home/robot33-6/student133_ws/install/test_custom_publisher:/home/robot33-6/student133_ws/install/test_castom_publisher:/home/robot33-6/student133_ws/install/test_custom_msg:/home/robot33-6/student133_ws/install/test_subscriber:/home/robot33-6/student133_ws/install/test_publisher:/home/robot33-6/student133_ws/install/test_pkg:/opt/ros/humble'), ('LIBGL_DRIVERS_PATH', '/snap/qtcreator-ros/107/usr/lib/x86_64-linux-gnu/dri')]), 'shell': False}
[2.389593] (test_custom_msg) StdoutLine: {'line': b"Listing '/home/robot33-6/student133_ws/install/test_custom_msg/local/lib/python3.10/dist-packages/test_custom_msg'...\n"}
[2.389672] (test_custom_msg) StdoutLine: {'line': b"Listing '/home/robot33-6/student133_ws/install/test_custom_msg/local/lib/python3.10/dist-packages/test_custom_msg/msg'...\n"}
[2.389728] (test_custom_srv) StdoutLine: {'line': b'-- Install configuration: "Debug"\n'}
[2.389780] (test_custom_srv) StdoutLine: {'line': b'-- Up-to-date: /home/robot33-6/student133_ws/install/test_custom_srv/share/ament_index/resource_index/rosidl_interfaces/test_custom_srv\n'}
[2.389827] (test_custom_srv) StdoutLine: {'line': b'-- Up-to-date: /home/robot33-6/student133_ws/install/test_custom_srv/include/test_custom_srv/test_custom_srv\n'}
[2.389873] (test_custom_srv) StdoutLine: {'line': b'-- Up-to-date: /home/robot33-6/student133_ws/install/test_custom_srv/include/test_custom_srv/test_custom_srv/srv\n'}
[2.389919] (test_custom_srv) StdoutLine: {'line': b'-- Up-to-date: /home/robot33-6/student133_ws/install/test_custom_srv/include/test_custom_srv/test_custom_srv/srv/circle_square.h\n'}
[2.389964] (test_custom_srv) StdoutLine: {'line': b'-- Up-to-date: /home/robot33-6/student133_ws/install/test_custom_srv/include/test_custom_srv/test_custom_srv/srv/detail\n'}
[2.390009] (test_custom_srv) StdoutLine: {'line': b'-- Up-to-date: /home/robot33-6/student133_ws/install/test_custom_srv/include/test_custom_srv/test_custom_srv/srv/detail/circle_square__struct.h\n'}
[2.390053] (test_custom_srv) StdoutLine: {'line': b'-- Up-to-date: /home/robot33-6/student133_ws/install/test_custom_srv/include/test_custom_srv/test_custom_srv/srv/detail/circle_square__type_support.h\n'}
[2.390098] (test_custom_srv) StdoutLine: {'line': b'-- Up-to-date: /home/robot33-6/student133_ws/install/test_custom_srv/include/test_custom_srv/test_custom_srv/srv/detail/circle_square__functions.h\n'}
[2.390142] (test_custom_srv) StdoutLine: {'line': b'-- Up-to-date: /home/robot33-6/student133_ws/install/test_custom_srv/include/test_custom_srv/test_custom_srv/srv/detail/circle_square__functions.c\n'}
[2.390187] (test_custom_srv) StdoutLine: {'line': b'-- Up-to-date: /home/robot33-6/student133_ws/install/test_custom_srv/include/test_custom_srv/test_custom_srv/msg\n'}
[2.390231] (test_custom_srv) StdoutLine: {'line': b'-- Up-to-date: /home/robot33-6/student133_ws/install/test_custom_srv/include/test_custom_srv/test_custom_srv/msg/rosidl_generator_c__visibility_control.h\n'}
[2.390275] (test_custom_srv) StdoutLine: {'line': b'-- Up-to-date: /home/robot33-6/student133_ws/install/test_custom_srv/share/test_custom_srv/environment/library_path.sh\n'}
[2.390320] (test_custom_srv) StdoutLine: {'line': b'-- Up-to-date: /home/robot33-6/student133_ws/install/test_custom_srv/share/test_custom_srv/environment/library_path.dsv\n'}
[2.390364] (test_custom_srv) StdoutLine: {'line': b'-- Up-to-date: /home/robot33-6/student133_ws/install/test_custom_srv/lib/libtest_custom_srv__rosidl_generator_c.so\n'}
[2.390413] (test_custom_srv) StdoutLine: {'line': b'-- Up-to-date: /home/robot33-6/student133_ws/install/test_custom_srv/include/test_custom_srv/test_custom_srv\n'}
[2.390458] (test_custom_srv) StdoutLine: {'line': b'-- Up-to-date: /home/robot33-6/student133_ws/install/test_custom_srv/include/test_custom_srv/test_custom_srv/srv\n'}
[2.390502] (test_custom_srv) StdoutLine: {'line': b'-- Up-to-date: /home/robot33-6/student133_ws/install/test_custom_srv/include/test_custom_srv/test_custom_srv/srv/detail\n'}
[2.390546] (test_custom_srv) StdoutLine: {'line': b'-- Up-to-date: /home/robot33-6/student133_ws/install/test_custom_srv/include/test_custom_srv/test_custom_srv/srv/detail/circle_square__rosidl_typesupport_fastrtps_c.h\n'}
[2.390591] (test_custom_srv) StdoutLine: {'line': b'-- Up-to-date: /home/robot33-6/student133_ws/install/test_custom_srv/include/test_custom_srv/test_custom_srv/msg\n'}
[2.390635] (test_custom_srv) StdoutLine: {'line': b'-- Up-to-date: /home/robot33-6/student133_ws/install/test_custom_srv/include/test_custom_srv/test_custom_srv/msg/rosidl_typesupport_fastrtps_c__visibility_control.h\n'}
[2.390683] (test_custom_srv) StdoutLine: {'line': b'-- Up-to-date: /home/robot33-6/student133_ws/install/test_custom_srv/lib/libtest_custom_srv__rosidl_typesupport_fastrtps_c.so\n'}
[2.390728] (test_custom_srv) StdoutLine: {'line': b'-- Up-to-date: /home/robot33-6/student133_ws/install/test_custom_srv/include/test_custom_srv/test_custom_srv\n'}
[2.390781] (test_custom_srv) StdoutLine: {'line': b'-- Up-to-date: /home/robot33-6/student133_ws/install/test_custom_srv/include/test_custom_srv/test_custom_srv/srv\n'}
[2.390826] (test_custom_srv) StdoutLine: {'line': b'-- Up-to-date: /home/robot33-6/student133_ws/install/test_custom_srv/include/test_custom_srv/test_custom_srv/srv/detail\n'}
[2.390870] (test_custom_srv) StdoutLine: {'line': b'-- Up-to-date: /home/robot33-6/student133_ws/install/test_custom_srv/include/test_custom_srv/test_custom_srv/srv/detail/circle_square__rosidl_typesupport_introspection_c.h\n'}
[2.390914] (test_custom_srv) StdoutLine: {'line': b'-- Up-to-date: /home/robot33-6/student133_ws/install/test_custom_srv/include/test_custom_srv/test_custom_srv/srv/detail/circle_square__type_support.c\n'}
[2.390959] (test_custom_srv) StdoutLine: {'line': b'-- Up-to-date: /home/robot33-6/student133_ws/install/test_custom_srv/include/test_custom_srv/test_custom_srv/msg\n'}
[2.391003] (test_custom_srv) StdoutLine: {'line': b'-- Up-to-date: /home/robot33-6/student133_ws/install/test_custom_srv/include/test_custom_srv/test_custom_srv/msg/rosidl_typesupport_introspection_c__visibility_control.h\n'}
[2.391048] (test_custom_srv) StdoutLine: {'line': b'-- Up-to-date: /home/robot33-6/student133_ws/install/test_custom_srv/lib/libtest_custom_srv__rosidl_typesupport_introspection_c.so\n'}
[2.391092] (test_custom_srv) StdoutLine: {'line': b'-- Up-to-date: /home/robot33-6/student133_ws/install/test_custom_srv/lib/libtest_custom_srv__rosidl_typesupport_c.so\n'}
[2.391136] (test_custom_srv) StdoutLine: {'line': b'-- Up-to-date: /home/robot33-6/student133_ws/install/test_custom_srv/include/test_custom_srv/test_custom_srv\n'}
[2.391180] (test_custom_srv) StdoutLine: {'line': b'-- Up-to-date: /home/robot33-6/student133_ws/install/test_custom_srv/include/test_custom_srv/test_custom_srv/srv\n'}
[2.391224] (test_custom_srv) StdoutLine: {'line': b'-- Up-to-date: /home/robot33-6/student133_ws/install/test_custom_srv/include/test_custom_srv/test_custom_srv/srv/detail\n'}
[2.391269] (test_custom_srv) StdoutLine: {'line': b'-- Up-to-date: /home/robot33-6/student133_ws/install/test_custom_srv/include/test_custom_srv/test_custom_srv/srv/detail/circle_square__builder.hpp\n'}
[2.391313] (test_custom_srv) StdoutLine: {'line': b'-- Up-to-date: /home/robot33-6/student133_ws/install/test_custom_srv/include/test_custom_srv/test_custom_srv/srv/detail/circle_square__traits.hpp\n'}
[2.391358] (test_custom_srv) StdoutLine: {'line': b'-- Up-to-date: /home/robot33-6/student133_ws/install/test_custom_srv/include/test_custom_srv/test_custom_srv/srv/detail/circle_square__struct.hpp\n'}
[2.391402] (test_custom_srv) StdoutLine: {'line': b'-- Up-to-date: /home/robot33-6/student133_ws/install/test_custom_srv/include/test_custom_srv/test_custom_srv/srv/circle_square.hpp\n'}
[2.391447] (test_custom_srv) StdoutLine: {'line': b'-- Up-to-date: /home/robot33-6/student133_ws/install/test_custom_srv/include/test_custom_srv/test_custom_srv\n'}
[2.391491] (test_custom_srv) StdoutLine: {'line': b'-- Up-to-date: /home/robot33-6/student133_ws/install/test_custom_srv/include/test_custom_srv/test_custom_srv/srv\n'}
[2.391535] (test_custom_srv) StdoutLine: {'line': b'-- Up-to-date: /home/robot33-6/student133_ws/install/test_custom_srv/include/test_custom_srv/test_custom_srv/srv/detail\n'}
[2.391579] (test_custom_srv) StdoutLine: {'line': b'-- Up-to-date: /home/robot33-6/student133_ws/install/test_custom_srv/include/test_custom_srv/test_custom_srv/srv/detail/dds_fastrtps\n'}
[2.391624] (test_custom_srv) StdoutLine: {'line': b'-- Up-to-date: /home/robot33-6/student133_ws/install/test_custom_srv/include/test_custom_srv/test_custom_srv/srv/detail/circle_square__rosidl_typesupport_fastrtps_cpp.hpp\n'}
[2.391675] (test_custom_srv) StdoutLine: {'line': b'-- Up-to-date: /home/robot33-6/student133_ws/install/test_custom_srv/include/test_custom_srv/test_custom_srv/msg\n'}
[2.391722] (test_custom_srv) StdoutLine: {'line': b'-- Up-to-date: /home/robot33-6/student133_ws/install/test_custom_srv/include/test_custom_srv/test_custom_srv/msg/rosidl_typesupport_fastrtps_cpp__visibility_control.h\n'}
[2.391768] (test_custom_srv) StdoutLine: {'line': b'-- Up-to-date: /home/robot33-6/student133_ws/install/test_custom_srv/lib/libtest_custom_srv__rosidl_typesupport_fastrtps_cpp.so\n'}
[2.391813] (test_custom_srv) StdoutLine: {'line': b'-- Up-to-date: /home/robot33-6/student133_ws/install/test_custom_srv/include/test_custom_srv/test_custom_srv\n'}
[2.391857] (test_custom_srv) StdoutLine: {'line': b'-- Up-to-date: /home/robot33-6/student133_ws/install/test_custom_srv/include/test_custom_srv/test_custom_srv/srv\n'}
[2.391902] (test_custom_srv) StdoutLine: {'line': b'-- Up-to-date: /home/robot33-6/student133_ws/install/test_custom_srv/include/test_custom_srv/test_custom_srv/srv/detail\n'}
[2.391947] (test_custom_srv) StdoutLine: {'line': b'-- Up-to-date: /home/robot33-6/student133_ws/install/test_custom_srv/include/test_custom_srv/test_custom_srv/srv/detail/circle_square__rosidl_typesupport_introspection_cpp.hpp\n'}
[2.391991] (test_custom_srv) StdoutLine: {'line': b'-- Up-to-date: /home/robot33-6/student133_ws/install/test_custom_srv/include/test_custom_srv/test_custom_srv/srv/detail/circle_square__type_support.cpp\n'}
[2.392067] (test_custom_srv) StdoutLine: {'line': b'-- Up-to-date: /home/robot33-6/student133_ws/install/test_custom_srv/lib/libtest_custom_srv__rosidl_typesupport_introspection_cpp.so\n'}
[2.392130] (test_custom_srv) StdoutLine: {'line': b'-- Up-to-date: /home/robot33-6/student133_ws/install/test_custom_srv/lib/libtest_custom_srv__rosidl_typesupport_cpp.so\n'}
[2.392174] (test_custom_srv) StdoutLine: {'line': b'-- Up-to-date: /home/robot33-6/student133_ws/install/test_custom_srv/share/test_custom_srv/environment/pythonpath.sh\n'}
[2.392224] (test_custom_srv) StdoutLine: {'line': b'-- Up-to-date: /home/robot33-6/student133_ws/install/test_custom_srv/share/test_custom_srv/environment/pythonpath.dsv\n'}
[2.392269] (test_custom_srv) StdoutLine: {'line': b'-- Up-to-date: /home/robot33-6/student133_ws/install/test_custom_srv/local/lib/python3.10/dist-packages/test_custom_srv-0.0.0-py3.10.egg-info\n'}
[2.392313] (test_custom_srv) StdoutLine: {'line': b'-- Installing: /home/robot33-6/student133_ws/install/test_custom_srv/local/lib/python3.10/dist-packages/test_custom_srv-0.0.0-py3.10.egg-info/PKG-INFO\n'}
[2.392357] (test_custom_srv) StdoutLine: {'line': b'-- Installing: /home/robot33-6/student133_ws/install/test_custom_srv/local/lib/python3.10/dist-packages/test_custom_srv-0.0.0-py3.10.egg-info/top_level.txt\n'}
[2.392401] (test_custom_srv) StdoutLine: {'line': b'-- Installing: /home/robot33-6/student133_ws/install/test_custom_srv/local/lib/python3.10/dist-packages/test_custom_srv-0.0.0-py3.10.egg-info/dependency_links.txt\n'}
[2.392448] (test_custom_srv) StdoutLine: {'line': b'-- Installing: /home/robot33-6/student133_ws/install/test_custom_srv/local/lib/python3.10/dist-packages/test_custom_srv-0.0.0-py3.10.egg-info/SOURCES.txt\n'}
[2.392493] (test_custom_srv) StdoutLine: {'line': b'-- Up-to-date: /home/robot33-6/student133_ws/install/test_custom_srv/local/lib/python3.10/dist-packages/test_custom_srv\n'}
[2.392537] (test_custom_srv) StdoutLine: {'line': b'-- Up-to-date: /home/robot33-6/student133_ws/install/test_custom_srv/local/lib/python3.10/dist-packages/test_custom_srv/libtest_custom_srv__rosidl_generator_py.so\n'}
[2.392582] (test_custom_srv) StdoutLine: {'line': b'-- Up-to-date: /home/robot33-6/student133_ws/install/test_custom_srv/local/lib/python3.10/dist-packages/test_custom_srv/_test_custom_srv_s.ep.rosidl_typesupport_introspection_c.c\n'}
[2.392630] (test_custom_srv) StdoutLine: {'line': b'-- Up-to-date: /home/robot33-6/student133_ws/install/test_custom_srv/local/lib/python3.10/dist-packages/test_custom_srv/test_custom_srv_s__rosidl_typesupport_fastrtps_c.cpython-310-x86_64-linux-gnu.so\n'}
[2.392675] (test_custom_srv) StdoutLine: {'line': b'-- Up-to-date: /home/robot33-6/student133_ws/install/test_custom_srv/local/lib/python3.10/dist-packages/test_custom_srv/test_custom_srv_s__rosidl_typesupport_c.cpython-310-x86_64-linux-gnu.so\n'}
[2.392720] (test_custom_srv) StdoutLine: {'line': b'-- Up-to-date: /home/robot33-6/student133_ws/install/test_custom_srv/local/lib/python3.10/dist-packages/test_custom_srv/_test_custom_srv_s.ep.rosidl_typesupport_c.c\n'}
[2.392764] (test_custom_srv) StdoutLine: {'line': b'-- Up-to-date: /home/robot33-6/student133_ws/install/test_custom_srv/local/lib/python3.10/dist-packages/test_custom_srv/test_custom_srv_s__rosidl_typesupport_introspection_c.cpython-310-x86_64-linux-gnu.so\n'}
[2.392809] (test_custom_srv) StdoutLine: {'line': b'-- Up-to-date: /home/robot33-6/student133_ws/install/test_custom_srv/local/lib/python3.10/dist-packages/test_custom_srv/__init__.py\n'}
[2.392853] (test_custom_srv) StdoutLine: {'line': b'-- Up-to-date: /home/robot33-6/student133_ws/install/test_custom_srv/local/lib/python3.10/dist-packages/test_custom_srv/_test_custom_srv_s.ep.rosidl_typesupport_fastrtps_c.c\n'}
[2.392897] (test_custom_srv) StdoutLine: {'line': b'-- Up-to-date: /home/robot33-6/student133_ws/install/test_custom_srv/local/lib/python3.10/dist-packages/test_custom_srv/srv\n'}
[2.392945] (test_custom_srv) StdoutLine: {'line': b'-- Up-to-date: /home/robot33-6/student133_ws/install/test_custom_srv/local/lib/python3.10/dist-packages/test_custom_srv/srv/_circle_square_s.c\n'}
[2.392990] (test_custom_srv) StdoutLine: {'line': b'-- Up-to-date: /home/robot33-6/student133_ws/install/test_custom_srv/local/lib/python3.10/dist-packages/test_custom_srv/srv/__init__.py\n'}
[2.393035] (test_custom_srv) StdoutLine: {'line': b'-- Up-to-date: /home/robot33-6/student133_ws/install/test_custom_srv/local/lib/python3.10/dist-packages/test_custom_srv/srv/_circle_square.py\n'}
[2.393080] (test_subscriber) JobProgress: {'identifier': 'test_subscriber', 'progress': 'cmake'}
[2.403828] (-) TimerEvent: {}
[2.458799] (test_subscriber) JobProgress: {'identifier': 'test_subscriber', 'progress': 'build'}
[2.458849] (test_subscriber) Command: {'cmd': ['/usr/bin/cmake', '--build', '/home/robot33-6/student133_ws/build/test_subscriber', '--', '-j8', '-l8'], 'cwd': '/home/robot33-6/student133_ws/build/test_subscriber', 'env': OrderedDict([('GJS_DEBUG_TOPICS', 'JS ERROR;JS LOG'), ('LC_TIME', 'ru_RU.UTF-8'), ('SNAP_COMMON', '/var/snap/qtcreator-ros/common'), ('SNAP_INSTANCE_KEY', ''), ('USER', 'robot33-6'), ('XDG_SESSION_TYPE', 'wayland'), ('LD_LIBRARY_PATH', '/home/robot33-6/student133_ws/install/test_custom_srv/lib:/home/robot33-6/student133_ws/install/test_custom_msg/lib:/opt/ros/humble/opt/rviz_ogre_vendor/lib:/opt/ros/humble/lib/x86_64-linux-gnu:/opt/ros/humble/lib:/snap/qtcreator-ros/107/lib:/snap/qtcreator-ros/107/usr/lib/x86_64-linux-gnu'), ('SHLVL', '365'), ('SNAP_UID', '1000'), ('HOME', '/home/robot33-6'), ('SNAP_LIBRARY_PATH', '/var/lib/snapd/lib/gl:/var/lib/snapd/lib/gl32:/var/lib/snapd/void'), ('DESKTOP_SESSION', 'ubuntu'), ('QTDIR', '/usr/lib/x86_64-linux-gnu/qt5'), ('SNAP_USER_DATA', '/home/robot33-6/snap/qtcreator-ros/107'), ('GIO_LAUNCHED_DESKTOP_FILE', '/var/lib/snapd/desktop/applications/qtcreator-ros_qtcreator-ros.desktop'), ('GNOME_SHELL_SESSION_MODE', 'ubuntu'), ('GTK_MODULES', 'gail:atk-bridge'), ('ROS_PYTHON_VERSION', '3'), ('LC_MONETARY', 'ru_RU.UTF-8'), ('MANAGERPID', '1385'), ('DBUS_SESSION_BUS_ADDRESS', 'unix:path=/run/user/1000/bus'), ('SYSTEMD_EXEC_PID', '1560'), ('GIO_LAUNCHED_DESKTOP_FILE_PID', '2915'), ('SNAP_REVISION', '107'), ('COLCON_PREFIX_PATH', '/home/robot33-6/student133_ws/install'), ('IM_CONFIG_PHASE', '1'), ('ROS_DISTRO', 'humble'), ('WAYLAND_DISPLAY', 'wayland-0'), ('LOGNAME', 'robot33-6'), ('JOURNAL_STREAM', '8:16372'), ('SNAP_CONTEXT', 'zfxwyVEa0dSM0vT388UHnSyWy-Mv84K8RE-CWR0OLT2wc9JrOksa'), ('_', '/usr/bin/env'), ('ROS_VERSION', '2'), ('SNAP_VERSION', '12.0.2'), ('XDG_SESSION_CLASS', 'user'), ('TERM', 'xterm'), ('USERNAME', 'robot33-6'), ('GNOME_DESKTOP_SESSION_ID', 'this-is-deprecated'), ('ROS_LOCALHOST_ONLY', '0'), ('SNAP_INSTANCE_NAME', 'qtcreator-ros'), ('PATH', '/opt/ros/humble/bin:/usr/local/sbin:/usr/local/bin:/usr/sbin:/usr/bin:/sbin:/bin:/usr/games:/usr/local/games:/snap/bin:/snap/bin'), ('INVOCATION_ID', '19d8ac233f254f48866ffa415bdf884c'), ('SESSION_MANAGER', 'local/robot33-6:@/tmp/.ICE-unix/1538,unix/robot33-6:/tmp/.ICE-unix/1538'), ('BAMF_DESKTOP_FILE_HINT', '/var/lib/snapd/desktop/applications/qtcreator-ros_qtcreator-ros.desktop'), ('GNOME_SETUP_DISPLAY', ':1'), ('LC_ADDRESS', 'ru_RU.UTF-8'), ('SNAP_DATA', '/var/snap/qtcreator-ros/107'), ('XDG_MENU_PREFIX', 'gnome-'), ('XDG_RUNTIME_DIR', '/run/user/1000'), ('DISPLAY', ':0'), ('LANG', 'en_US.UTF-8'), ('LC_TELEPHONE', 'ru_RU.UTF-8'), ('XDG_CURRENT_DESKTOP', 'ubuntu:GNOME'), ('XAUTHORITY', '/run/user/1000/.mutter-Xwaylandauth.K6OOL2'), ('XDG_SESSION_DESKTOP', 'ubuntu'), ('XMODIFIERS', '@im=ibus'), ('AMENT_PREFIX_PATH', '/home/robot33-6/student133_ws/install/test_visualization:/home/robot33-6/student133_ws/install/test_parameters:/home/robot33-6/student133_ws/install/test_client:/home/robot33-6/student133_ws/install/test_service:/home/robot33-6/student133_ws/install/test_custom_srv:/home/robot33-6/student133_ws/install/test_custom_publisher:/home/robot33-6/student133_ws/install/test_castom_publisher:/home/robot33-6/student133_ws/install/test_custom_msg:/home/robot33-6/student133_ws/install/test_subscriber:/home/robot33-6/student133_ws/install/test_publisher:/home/robot33-6/student133_ws/install/test_pkg:/opt/ros/humble'), ('SNAP_ARCH', 'amd64'), ('SNAP_COOKIE', 'zfxwyVEa0dSM0vT388UHnSyWy-Mv84K8RE-CWR0OLT2wc9JrOksa'), ('SNAP_USER_COMMON', '/home/robot33-6/snap/qtcreator-ros/common'), ('SSH_AGENT_LAUNCHER', 'gnome-keyring'), ('SSH_AUTH_SOCK', '/run/user/1000/keyring/ssh'), ('LC_NAME', 'ru_RU.UTF-8'), ('SHELL', '/bin/bash'), ('GDMSESSION', 'ubuntu'), ('QT_ACCESSIBILITY', '1'), ('SNAP_REEXEC', ''), ('SNAP_NAME', 'qtcreator-ros'), ('LC_MEASUREMENT', 'ru_RU.UTF-8'), ('GJS_DEBUG_OUTPUT', 'stderr'), ('LC_IDENTIFICATION', 'ru_RU.UTF-8'), ('QT_IM_MODULE', 'ibus'), ('PWD', '/home/robot33-6/student133_ws/build/test_subscriber'), ('QT_QPA_PLATFORM', 'wayland;xcb'), ('SNAP_REAL_HOME', '/home/robot33-6'), ('XDG_CONFIG_DIRS', '/etc/xdg/xdg-ubuntu:/etc/xdg'), ('XDG_DATA_DIRS', '/usr/share/ubuntu:/usr/local/share/:/usr/share/:/var/lib/snapd/desktop'), ('LC_NUMERIC', 'ru_RU.UTF-8'), ('PYTHONPATH', '/home/robot33-6/student133_ws/install/test_custom_srv/local/lib/python3.10/dist-packages:/home/robot33-6/student133_ws/install/test_custom_msg/local/lib/python3.10/dist-packages:/opt/ros/humble/lib/python3.10/site-packages:/opt/ros/humble/local/lib/python3.10/dist-packages'), ('SNAP', '/snap/qtcreator-ros/107'), ('SNAP_EUID', '1000'), ('LC_PAPER', 'ru_RU.UTF-8'), ('COLCON', '1'), ('CMAKE_PREFIX_PATH', '/home/robot33-6/student133_ws/install/test_visualization:/home/robot33-6/student133_ws/install/test_parameters:/home/robot33-6/student133_ws/install/test_client:/home/robot33-6/student133_ws/install/test_service:/home/robot33-6/student133_ws/install/test_custom_srv:/home/robot33-6/student133_ws/install/test_custom_publisher:/home/robot33-6/student133_ws/install/test_castom_publisher:/home/robot33-6/student133_ws/install/test_custom_msg:/home/robot33-6/student133_ws/install/test_subscriber:/home/robot33-6/student133_ws/install/test_publisher:/home/robot33-6/student133_ws/install/test_pkg:/opt/ros/humble'), ('LIBGL_DRIVERS_PATH', '/snap/qtcreator-ros/107/usr/lib/x86_64-linux-gnu/dri')]), 'shell': False}
[2.460570] (test_visualization) JobProgress: {'identifier': 'test_visualization', 'progress': 'cmake'}
[2.476478] (test_visualization) JobProgress: {'identifier': 'test_visualization', 'progress': 'build'}
[2.476528] (test_visualization) Command: {'cmd': ['/usr/bin/cmake', '--build', '/home/robot33-6/student133_ws/build/test_visualization', '--', '-j8', '-l8'], 'cwd': '/home/robot33-6/student133_ws/build/test_visualization', 'env': OrderedDict([('GJS_DEBUG_TOPICS', 'JS ERROR;JS LOG'), ('LC_TIME', 'ru_RU.UTF-8'), ('SNAP_COMMON', '/var/snap/qtcreator-ros/common'), ('SNAP_INSTANCE_KEY', ''), ('USER', 'robot33-6'), ('XDG_SESSION_TYPE', 'wayland'), ('LD_LIBRARY_PATH', '/home/robot33-6/student133_ws/install/test_custom_srv/lib:/home/robot33-6/student133_ws/install/test_custom_msg/lib:/opt/ros/humble/opt/rviz_ogre_vendor/lib:/opt/ros/humble/lib/x86_64-linux-gnu:/opt/ros/humble/lib:/snap/qtcreator-ros/107/lib:/snap/qtcreator-ros/107/usr/lib/x86_64-linux-gnu'), ('SHLVL', '365'), ('SNAP_UID', '1000'), ('HOME', '/home/robot33-6'), ('SNAP_LIBRARY_PATH', '/var/lib/snapd/lib/gl:/var/lib/snapd/lib/gl32:/var/lib/snapd/void'), ('DESKTOP_SESSION', 'ubuntu'), ('QTDIR', '/usr/lib/x86_64-linux-gnu/qt5'), ('SNAP_USER_DATA', '/home/robot33-6/snap/qtcreator-ros/107'), ('GIO_LAUNCHED_DESKTOP_FILE', '/var/lib/snapd/desktop/applications/qtcreator-ros_qtcreator-ros.desktop'), ('GNOME_SHELL_SESSION_MODE', 'ubuntu'), ('GTK_MODULES', 'gail:atk-bridge'), ('ROS_PYTHON_VERSION', '3'), ('LC_MONETARY', 'ru_RU.UTF-8'), ('MANAGERPID', '1385'), ('DBUS_SESSION_BUS_ADDRESS', 'unix:path=/run/user/1000/bus'), ('SYSTEMD_EXEC_PID', '1560'), ('GIO_LAUNCHED_DESKTOP_FILE_PID', '2915'), ('SNAP_REVISION', '107'), ('COLCON_PREFIX_PATH', '/home/robot33-6/student133_ws/install'), ('IM_CONFIG_PHASE', '1'), ('ROS_DISTRO', 'humble'), ('WAYLAND_DISPLAY', 'wayland-0'), ('LOGNAME', 'robot33-6'), ('JOURNAL_STREAM', '8:16372'), ('SNAP_CONTEXT', 'zfxwyVEa0dSM0vT388UHnSyWy-Mv84K8RE-CWR0OLT2wc9JrOksa'), ('_', '/usr/bin/env'), ('ROS_VERSION', '2'), ('SNAP_VERSION', '12.0.2'), ('XDG_SESSION_CLASS', 'user'), ('TERM', 'xterm'), ('USERNAME', 'robot33-6'), ('GNOME_DESKTOP_SESSION_ID', 'this-is-deprecated'), ('ROS_LOCALHOST_ONLY', '0'), ('SNAP_INSTANCE_NAME', 'qtcreator-ros'), ('PATH', '/opt/ros/humble/bin:/usr/local/sbin:/usr/local/bin:/usr/sbin:/usr/bin:/sbin:/bin:/usr/games:/usr/local/games:/snap/bin:/snap/bin'), ('INVOCATION_ID', '19d8ac233f254f48866ffa415bdf884c'), ('SESSION_MANAGER', 'local/robot33-6:@/tmp/.ICE-unix/1538,unix/robot33-6:/tmp/.ICE-unix/1538'), ('BAMF_DESKTOP_FILE_HINT', '/var/lib/snapd/desktop/applications/qtcreator-ros_qtcreator-ros.desktop'), ('GNOME_SETUP_DISPLAY', ':1'), ('LC_ADDRESS', 'ru_RU.UTF-8'), ('SNAP_DATA', '/var/snap/qtcreator-ros/107'), ('XDG_MENU_PREFIX', 'gnome-'), ('XDG_RUNTIME_DIR', '/run/user/1000'), ('DISPLAY', ':0'), ('LANG', 'en_US.UTF-8'), ('LC_TELEPHONE', 'ru_RU.UTF-8'), ('XDG_CURRENT_DESKTOP', 'ubuntu:GNOME'), ('XAUTHORITY', '/run/user/1000/.mutter-Xwaylandauth.K6OOL2'), ('XDG_SESSION_DESKTOP', 'ubuntu'), ('XMODIFIERS', '@im=ibus'), ('AMENT_PREFIX_PATH', '/home/robot33-6/student133_ws/install/test_visualization:/home/robot33-6/student133_ws/install/test_parameters:/home/robot33-6/student133_ws/install/test_client:/home/robot33-6/student133_ws/install/test_service:/home/robot33-6/student133_ws/install/test_custom_srv:/home/robot33-6/student133_ws/install/test_custom_publisher:/home/robot33-6/student133_ws/install/test_castom_publisher:/home/robot33-6/student133_ws/install/test_custom_msg:/home/robot33-6/student133_ws/install/test_subscriber:/home/robot33-6/student133_ws/install/test_publisher:/home/robot33-6/student133_ws/install/test_pkg:/opt/ros/humble'), ('SNAP_ARCH', 'amd64'), ('SNAP_COOKIE', 'zfxwyVEa0dSM0vT388UHnSyWy-Mv84K8RE-CWR0OLT2wc9JrOksa'), ('SNAP_USER_COMMON', '/home/robot33-6/snap/qtcreator-ros/common'), ('SSH_AGENT_LAUNCHER', 'gnome-keyring'), ('SSH_AUTH_SOCK', '/run/user/1000/keyring/ssh'), ('LC_NAME', 'ru_RU.UTF-8'), ('SHELL', '/bin/bash'), ('GDMSESSION', 'ubuntu'), ('QT_ACCESSIBILITY', '1'), ('SNAP_REEXEC', ''), ('SNAP_NAME', 'qtcreator-ros'), ('LC_MEASUREMENT', 'ru_RU.UTF-8'), ('GJS_DEBUG_OUTPUT', 'stderr'), ('LC_IDENTIFICATION', 'ru_RU.UTF-8'), ('QT_IM_MODULE', 'ibus'), ('PWD', '/home/robot33-6/student133_ws/build/test_visualization'), ('QT_QPA_PLATFORM', 'wayland;xcb'), ('SNAP_REAL_HOME', '/home/robot33-6'), ('XDG_CONFIG_DIRS', '/etc/xdg/xdg-ubuntu:/etc/xdg'), ('XDG_DATA_DIRS', '/usr/share/ubuntu:/usr/local/share/:/usr/share/:/var/lib/snapd/desktop'), ('LC_NUMERIC', 'ru_RU.UTF-8'), ('PYTHONPATH', '/home/robot33-6/student133_ws/install/test_custom_srv/local/lib/python3.10/dist-packages:/home/robot33-6/student133_ws/install/test_custom_msg/local/lib/python3.10/dist-packages:/opt/ros/humble/lib/python3.10/site-packages:/opt/ros/humble/local/lib/python3.10/dist-packages'), ('SNAP', '/snap/qtcreator-ros/107'), ('SNAP_EUID', '1000'), ('LC_PAPER', 'ru_RU.UTF-8'), ('COLCON', '1'), ('CMAKE_PREFIX_PATH', '/home/robot33-6/student133_ws/install/test_visualization:/home/robot33-6/student133_ws/install/test_parameters:/home/robot33-6/student133_ws/install/test_client:/home/robot33-6/student133_ws/install/test_service:/home/robot33-6/student133_ws/install/test_custom_srv:/home/robot33-6/student133_ws/install/test_custom_publisher:/home/robot33-6/student133_ws/install/test_castom_publisher:/home/robot33-6/student133_ws/install/test_custom_msg:/home/robot33-6/student133_ws/install/test_subscriber:/home/robot33-6/student133_ws/install/test_publisher:/home/robot33-6/student133_ws/install/test_pkg:/opt/ros/humble'), ('LIBGL_DRIVERS_PATH', '/snap/qtcreator-ros/107/usr/lib/x86_64-linux-gnu/dri')]), 'shell': False}
[2.478808] (test_custom_msg) StdoutLine: {'line': b'-- Up-to-date: /home/robot33-6/student133_ws/install/test_custom_msg/local/lib/python3.10/dist-packages/test_custom_msg/test_custom_msg_s__rosidl_typesupport_fastrtps_c.cpython-310-x86_64-linux-gnu.so\n'}
[2.479021] (test_custom_msg) StdoutLine: {'line': b'-- Up-to-date: /home/robot33-6/student133_ws/install/test_custom_msg/local/lib/python3.10/dist-packages/test_custom_msg/test_custom_msg_s__rosidl_typesupport_introspection_c.cpython-310-x86_64-linux-gnu.so\n'}
[2.479096] (test_custom_msg) StdoutLine: {'line': b'-- Up-to-date: /home/robot33-6/student133_ws/install/test_custom_msg/local/lib/python3.10/dist-packages/test_custom_msg/test_custom_msg_s__rosidl_typesupport_c.cpython-310-x86_64-linux-gnu.so\n'}
[2.479161] (test_custom_msg) StdoutLine: {'line': b'-- Up-to-date: /home/robot33-6/student133_ws/install/test_custom_msg/lib/libtest_custom_msg__rosidl_generator_py.so\n'}
[2.479224] (test_custom_msg) StdoutLine: {'line': b'-- Up-to-date: /home/robot33-6/student133_ws/install/test_custom_msg/share/test_custom_msg/msg/Circle.idl\n'}
[2.479288] (test_custom_msg) StdoutLine: {'line': b'-- Up-to-date: /home/robot33-6/student133_ws/install/test_custom_msg/share/test_custom_msg/msg/Circle.msg\n'}
[2.479348] (test_custom_msg) StdoutLine: {'line': b'-- Up-to-date: /home/robot33-6/student133_ws/install/test_custom_msg/share/ament_index/resource_index/package_run_dependencies/test_custom_msg\n'}
[2.479409] (test_custom_msg) StdoutLine: {'line': b'-- Up-to-date: /home/robot33-6/student133_ws/install/test_custom_msg/share/ament_index/resource_index/parent_prefix_path/test_custom_msg\n'}
[2.479469] (test_custom_msg) StdoutLine: {'line': b'-- Up-to-date: /home/robot33-6/student133_ws/install/test_custom_msg/share/test_custom_msg/environment/ament_prefix_path.sh\n'}
[2.479529] (test_custom_msg) StdoutLine: {'line': b'-- Up-to-date: /home/robot33-6/student133_ws/install/test_custom_msg/share/test_custom_msg/environment/ament_prefix_path.dsv\n'}
[2.479622] (test_custom_msg) StdoutLine: {'line': b'-- Up-to-date: /home/robot33-6/student133_ws/install/test_custom_msg/share/test_custom_msg/environment/path.sh\n'}
[2.479685] (test_custom_msg) StdoutLine: {'line': b'-- Up-to-date: /home/robot33-6/student133_ws/install/test_custom_msg/share/test_custom_msg/environment/path.dsv\n'}
[2.479745] (test_custom_msg) StdoutLine: {'line': b'-- Up-to-date: /home/robot33-6/student133_ws/install/test_custom_msg/share/test_custom_msg/local_setup.bash\n'}
[2.479804] (test_custom_msg) StdoutLine: {'line': b'-- Up-to-date: /home/robot33-6/student133_ws/install/test_custom_msg/share/test_custom_msg/local_setup.sh\n'}
[2.479864] (test_custom_msg) StdoutLine: {'line': b'-- Up-to-date: /home/robot33-6/student133_ws/install/test_custom_msg/share/test_custom_msg/local_setup.zsh\n'}
[2.480013] (test_custom_msg) StdoutLine: {'line': b'-- Up-to-date: /home/robot33-6/student133_ws/install/test_custom_msg/share/test_custom_msg/local_setup.dsv\n'}
[2.480146] (test_custom_msg) StdoutLine: {'line': b'-- Installing: /home/robot33-6/student133_ws/install/test_custom_msg/share/test_custom_msg/package.dsv\n'}
[2.480212] (test_custom_msg) StdoutLine: {'line': b'-- Up-to-date: /home/robot33-6/student133_ws/install/test_custom_msg/share/ament_index/resource_index/packages/test_custom_msg\n'}
[2.480274] (test_custom_msg) StdoutLine: {'line': b'-- Up-to-date: /home/robot33-6/student133_ws/install/test_custom_msg/share/test_custom_msg/cmake/export_test_custom_msg__rosidl_generator_cExport.cmake\n'}
[2.480334] (test_custom_msg) StdoutLine: {'line': b'-- Up-to-date: /home/robot33-6/student133_ws/install/test_custom_msg/share/test_custom_msg/cmake/export_test_custom_msg__rosidl_generator_cExport-debug.cmake\n'}
[2.480395] (test_custom_msg) StdoutLine: {'line': b'-- Up-to-date: /home/robot33-6/student133_ws/install/test_custom_msg/share/test_custom_msg/cmake/export_test_custom_msg__rosidl_typesupport_fastrtps_cExport.cmake\n'}
[2.480456] (test_custom_msg) StdoutLine: {'line': b'-- Up-to-date: /home/robot33-6/student133_ws/install/test_custom_msg/share/test_custom_msg/cmake/export_test_custom_msg__rosidl_typesupport_fastrtps_cExport-debug.cmake\n'}
[2.480516] (test_custom_msg) StdoutLine: {'line': b'-- Up-to-date: /home/robot33-6/student133_ws/install/test_custom_msg/share/test_custom_msg/cmake/export_test_custom_msg__rosidl_generator_cppExport.cmake\n'}
[2.480576] (test_custom_msg) StdoutLine: {'line': b'-- Up-to-date: /home/robot33-6/student133_ws/install/test_custom_msg/share/test_custom_msg/cmake/export_test_custom_msg__rosidl_typesupport_fastrtps_cppExport.cmake\n'}
[2.480636] (test_custom_msg) StdoutLine: {'line': b'-- Up-to-date: /home/robot33-6/student133_ws/install/test_custom_msg/share/test_custom_msg/cmake/export_test_custom_msg__rosidl_typesupport_fastrtps_cppExport-debug.cmake\n'}
[2.480696] (test_custom_msg) StdoutLine: {'line': b'-- Up-to-date: /home/robot33-6/student133_ws/install/test_custom_msg/share/test_custom_msg/cmake/test_custom_msg__rosidl_typesupport_introspection_cExport.cmake\n'}
[2.480755] (test_custom_msg) StdoutLine: {'line': b'-- Up-to-date: /home/robot33-6/student133_ws/install/test_custom_msg/share/test_custom_msg/cmake/test_custom_msg__rosidl_typesupport_introspection_cExport-debug.cmake\n'}
[2.480890] (test_custom_msg) StdoutLine: {'line': b'-- Up-to-date: /home/robot33-6/student133_ws/install/test_custom_msg/share/test_custom_msg/cmake/test_custom_msg__rosidl_typesupport_cExport.cmake\n'}
[2.480960] (test_custom_msg) StdoutLine: {'line': b'-- Up-to-date: /home/robot33-6/student133_ws/install/test_custom_msg/share/test_custom_msg/cmake/test_custom_msg__rosidl_typesupport_cExport-debug.cmake\n'}
[2.481021] (test_custom_msg) StdoutLine: {'line': b'-- Up-to-date: /home/robot33-6/student133_ws/install/test_custom_msg/share/test_custom_msg/cmake/test_custom_msg__rosidl_typesupport_introspection_cppExport.cmake\n'}
[2.481082] (test_custom_msg) StdoutLine: {'line': b'-- Up-to-date: /home/robot33-6/student133_ws/install/test_custom_msg/share/test_custom_msg/cmake/test_custom_msg__rosidl_typesupport_introspection_cppExport-debug.cmake\n'}
[2.481142] (test_custom_msg) StdoutLine: {'line': b'-- Up-to-date: /home/robot33-6/student133_ws/install/test_custom_msg/share/test_custom_msg/cmake/test_custom_msg__rosidl_typesupport_cppExport.cmake\n'}
[2.481202] (test_custom_msg) StdoutLine: {'line': b'-- Up-to-date: /home/robot33-6/student133_ws/install/test_custom_msg/share/test_custom_msg/cmake/test_custom_msg__rosidl_typesupport_cppExport-debug.cmake\n'}
[2.481261] (test_custom_msg) StdoutLine: {'line': b'-- Up-to-date: /home/robot33-6/student133_ws/install/test_custom_msg/share/test_custom_msg/cmake/export_test_custom_msg__rosidl_generator_pyExport.cmake\n'}
[2.481321] (test_custom_msg) StdoutLine: {'line': b'-- Up-to-date: /home/robot33-6/student133_ws/install/test_custom_msg/share/test_custom_msg/cmake/export_test_custom_msg__rosidl_generator_pyExport-debug.cmake\n'}
[2.481447] (test_custom_msg) StdoutLine: {'line': b'-- Up-to-date: /home/robot33-6/student133_ws/install/test_custom_msg/share/test_custom_msg/cmake/rosidl_cmake-extras.cmake\n'}
[2.481509] (test_custom_msg) StdoutLine: {'line': b'-- Up-to-date: /home/robot33-6/student133_ws/install/test_custom_msg/share/test_custom_msg/cmake/ament_cmake_export_dependencies-extras.cmake\n'}
[2.481573] (test_custom_msg) StdoutLine: {'line': b'-- Up-to-date: /home/robot33-6/student133_ws/install/test_custom_msg/share/test_custom_msg/cmake/ament_cmake_export_include_directories-extras.cmake\n'}
[2.481633] (test_custom_msg) StdoutLine: {'line': b'-- Up-to-date: /home/robot33-6/student133_ws/install/test_custom_msg/share/test_custom_msg/cmake/ament_cmake_export_libraries-extras.cmake\n'}
[2.481799] (test_custom_msg) StdoutLine: {'line': b'-- Up-to-date: /home/robot33-6/student133_ws/install/test_custom_msg/share/test_custom_msg/cmake/ament_cmake_export_targets-extras.cmake\n'}
[2.481863] (test_custom_msg) StdoutLine: {'line': b'-- Up-to-date: /home/robot33-6/student133_ws/install/test_custom_msg/share/test_custom_msg/cmake/rosidl_cmake_export_typesupport_targets-extras.cmake\n'}
[2.481926] (test_custom_msg) StdoutLine: {'line': b'-- Up-to-date: /home/robot33-6/student133_ws/install/test_custom_msg/share/test_custom_msg/cmake/rosidl_cmake_export_typesupport_libraries-extras.cmake\n'}
[2.481986] (test_custom_msg) StdoutLine: {'line': b'-- Up-to-date: /home/robot33-6/student133_ws/install/test_custom_msg/share/test_custom_msg/cmake/test_custom_msgConfig.cmake\n'}
[2.482046] (test_custom_msg) StdoutLine: {'line': b'-- Up-to-date: /home/robot33-6/student133_ws/install/test_custom_msg/share/test_custom_msg/cmake/test_custom_msgConfig-version.cmake\n'}
[2.482106] (test_custom_msg) StdoutLine: {'line': b'-- Up-to-date: /home/robot33-6/student133_ws/install/test_custom_msg/share/test_custom_msg/package.xml\n'}
[2.482166] (test_custom_srv) StdoutLine: {'line': b"Listing '/home/robot33-6/student133_ws/install/test_custom_srv/local/lib/python3.10/dist-packages/test_custom_srv'...\n"}
[2.482291] (test_custom_srv) StdoutLine: {'line': b"Listing '/home/robot33-6/student133_ws/install/test_custom_srv/local/lib/python3.10/dist-packages/test_custom_srv/srv'...\n"}
[2.482355] (test_custom_srv) StdoutLine: {'line': b'-- Up-to-date: /home/robot33-6/student133_ws/install/test_custom_srv/local/lib/python3.10/dist-packages/test_custom_srv/test_custom_srv_s__rosidl_typesupport_fastrtps_c.cpython-310-x86_64-linux-gnu.so\n'}
[2.482416] (test_custom_srv) StdoutLine: {'line': b'-- Up-to-date: /home/robot33-6/student133_ws/install/test_custom_srv/local/lib/python3.10/dist-packages/test_custom_srv/test_custom_srv_s__rosidl_typesupport_introspection_c.cpython-310-x86_64-linux-gnu.so\n'}
[2.482476] (test_custom_srv) StdoutLine: {'line': b'-- Up-to-date: /home/robot33-6/student133_ws/install/test_custom_srv/local/lib/python3.10/dist-packages/test_custom_srv/test_custom_srv_s__rosidl_typesupport_c.cpython-310-x86_64-linux-gnu.so\n'}
[2.482536] (test_custom_srv) StdoutLine: {'line': b'-- Up-to-date: /home/robot33-6/student133_ws/install/test_custom_srv/lib/libtest_custom_srv__rosidl_generator_py.so\n'}
[2.482595] (test_custom_srv) StdoutLine: {'line': b'-- Up-to-date: /home/robot33-6/student133_ws/install/test_custom_srv/share/test_custom_srv/srv/CircleSquare.idl\n'}
[2.482655] (test_custom_srv) StdoutLine: {'line': b'-- Up-to-date: /home/robot33-6/student133_ws/install/test_custom_srv/share/test_custom_srv/srv/CircleSquare.srv\n'}
[2.482848] (test_custom_srv) StdoutLine: {'line': b'-- Up-to-date: /home/robot33-6/student133_ws/install/test_custom_srv/share/test_custom_srv/srv/CircleSquare_Request.msg\n'}
[2.482916] (test_custom_srv) StdoutLine: {'line': b'-- Up-to-date: /home/robot33-6/student133_ws/install/test_custom_srv/share/test_custom_srv/srv/CircleSquare_Response.msg\n'}
[2.482980] (test_custom_srv) StdoutLine: {'line': b'-- Up-to-date: /home/robot33-6/student133_ws/install/test_custom_srv/share/ament_index/resource_index/package_run_dependencies/test_custom_srv\n'}
[2.483049] (test_custom_srv) StdoutLine: {'line': b'-- Up-to-date: /home/robot33-6/student133_ws/install/test_custom_srv/share/ament_index/resource_index/parent_prefix_path/test_custom_srv\n'}
[2.483137] (test_custom_srv) StdoutLine: {'line': b'-- Up-to-date: /home/robot33-6/student133_ws/install/test_custom_srv/share/test_custom_srv/environment/ament_prefix_path.sh\n'}
[2.483198] (test_custom_srv) StdoutLine: {'line': b'-- Up-to-date: /home/robot33-6/student133_ws/install/test_custom_srv/share/test_custom_srv/environment/ament_prefix_path.dsv\n'}
[2.483259] (test_custom_srv) StdoutLine: {'line': b'-- Up-to-date: /home/robot33-6/student133_ws/install/test_custom_srv/share/test_custom_srv/environment/path.sh\n'}
[2.483319] (test_custom_srv) StdoutLine: {'line': b'-- Up-to-date: /home/robot33-6/student133_ws/install/test_custom_srv/share/test_custom_srv/environment/path.dsv\n'}
[2.483379] (test_custom_srv) StdoutLine: {'line': b'-- Up-to-date: /home/robot33-6/student133_ws/install/test_custom_srv/share/test_custom_srv/local_setup.bash\n'}
[2.483453] (test_custom_srv) StdoutLine: {'line': b'-- Up-to-date: /home/robot33-6/student133_ws/install/test_custom_srv/share/test_custom_srv/local_setup.sh\n'}
[2.483514] (test_custom_srv) StdoutLine: {'line': b'-- Up-to-date: /home/robot33-6/student133_ws/install/test_custom_srv/share/test_custom_srv/local_setup.zsh\n'}
[2.483575] (test_custom_srv) StdoutLine: {'line': b'-- Up-to-date: /home/robot33-6/student133_ws/install/test_custom_srv/share/test_custom_srv/local_setup.dsv\n'}
[2.483636] (test_custom_srv) StdoutLine: {'line': b'-- Installing: /home/robot33-6/student133_ws/install/test_custom_srv/share/test_custom_srv/package.dsv\n'}
[2.483697] (test_custom_srv) StdoutLine: {'line': b'-- Up-to-date: /home/robot33-6/student133_ws/install/test_custom_srv/share/ament_index/resource_index/packages/test_custom_srv\n'}
[2.483760] (test_custom_msg) CommandEnded: {'returncode': 0}
[2.504361] (-) TimerEvent: {}
[2.541650] (test_custom_srv) StdoutLine: {'line': b'-- Up-to-date: /home/robot33-6/student133_ws/install/test_custom_srv/share/test_custom_srv/cmake/export_test_custom_srv__rosidl_generator_cExport.cmake\n'}
[2.541947] (test_custom_srv) StdoutLine: {'line': b'-- Up-to-date: /home/robot33-6/student133_ws/install/test_custom_srv/share/test_custom_srv/cmake/export_test_custom_srv__rosidl_generator_cExport-debug.cmake\n'}
[2.542182] (test_custom_srv) StdoutLine: {'line': b'-- Up-to-date: /home/robot33-6/student133_ws/install/test_custom_srv/share/test_custom_srv/cmake/export_test_custom_srv__rosidl_typesupport_fastrtps_cExport.cmake\n'}
[2.542268] (test_custom_srv) StdoutLine: {'line': b'-- Up-to-date: /home/robot33-6/student133_ws/install/test_custom_srv/share/test_custom_srv/cmake/export_test_custom_srv__rosidl_typesupport_fastrtps_cExport-debug.cmake\n'}
[2.542356] (test_custom_srv) StdoutLine: {'line': b'-- Up-to-date: /home/robot33-6/student133_ws/install/test_custom_srv/share/test_custom_srv/cmake/test_custom_srv__rosidl_typesupport_introspection_cExport.cmake\n'}
[2.542423] (test_custom_srv) StdoutLine: {'line': b'-- Up-to-date: /home/robot33-6/student133_ws/install/test_custom_srv/share/test_custom_srv/cmake/test_custom_srv__rosidl_typesupport_introspection_cExport-debug.cmake\n'}
[2.542484] (test_custom_srv) StdoutLine: {'line': b'-- Up-to-date: /home/robot33-6/student133_ws/install/test_custom_srv/share/test_custom_srv/cmake/test_custom_srv__rosidl_typesupport_cExport.cmake\n'}
[2.542546] (test_custom_srv) StdoutLine: {'line': b'-- Up-to-date: /home/robot33-6/student133_ws/install/test_custom_srv/share/test_custom_srv/cmake/test_custom_srv__rosidl_typesupport_cExport-debug.cmake\n'}
[2.542619] (test_custom_srv) StdoutLine: {'line': b'-- Up-to-date: /home/robot33-6/student133_ws/install/test_custom_srv/share/test_custom_srv/cmake/export_test_custom_srv__rosidl_generator_cppExport.cmake\n'}
[2.542681] (test_custom_srv) StdoutLine: {'line': b'-- Up-to-date: /home/robot33-6/student133_ws/install/test_custom_srv/share/test_custom_srv/cmake/export_test_custom_srv__rosidl_typesupport_fastrtps_cppExport.cmake\n'}
[2.542890] (test_custom_srv) StdoutLine: {'line': b'-- Up-to-date: /home/robot33-6/student133_ws/install/test_custom_srv/share/test_custom_srv/cmake/export_test_custom_srv__rosidl_typesupport_fastrtps_cppExport-debug.cmake\n'}
[2.542961] (test_custom_srv) StdoutLine: {'line': b'-- Up-to-date: /home/robot33-6/student133_ws/install/test_custom_srv/share/test_custom_srv/cmake/test_custom_srv__rosidl_typesupport_introspection_cppExport.cmake\n'}
[2.543026] (test_custom_srv) StdoutLine: {'line': b'-- Up-to-date: /home/robot33-6/student133_ws/install/test_custom_srv/share/test_custom_srv/cmake/test_custom_srv__rosidl_typesupport_introspection_cppExport-debug.cmake\n'}
[2.543089] (test_custom_srv) StdoutLine: {'line': b'-- Up-to-date: /home/robot33-6/student133_ws/install/test_custom_srv/share/test_custom_srv/cmake/test_custom_srv__rosidl_typesupport_cppExport.cmake\n'}
[2.543154] (test_custom_srv) StdoutLine: {'line': b'-- Up-to-date: /home/robot33-6/student133_ws/install/test_custom_srv/share/test_custom_srv/cmake/test_custom_srv__rosidl_typesupport_cppExport-debug.cmake\n'}
[2.543371] (test_custom_srv) StdoutLine: {'line': b'-- Up-to-date: /home/robot33-6/student133_ws/install/test_custom_srv/share/test_custom_srv/cmake/export_test_custom_srv__rosidl_generator_pyExport.cmake\n'}
[2.543445] (test_custom_srv) StdoutLine: {'line': b'-- Up-to-date: /home/robot33-6/student133_ws/install/test_custom_srv/share/test_custom_srv/cmake/export_test_custom_srv__rosidl_generator_pyExport-debug.cmake\n'}
[2.543510] (test_custom_srv) StdoutLine: {'line': b'-- Up-to-date: /home/robot33-6/student133_ws/install/test_custom_srv/share/test_custom_srv/cmake/rosidl_cmake-extras.cmake\n'}
[2.543574] (test_custom_srv) StdoutLine: {'line': b'-- Up-to-date: /home/robot33-6/student133_ws/install/test_custom_srv/share/test_custom_srv/cmake/ament_cmake_export_include_directories-extras.cmake\n'}
[2.543636] (test_custom_srv) StdoutLine: {'line': b'-- Up-to-date: /home/robot33-6/student133_ws/install/test_custom_srv/share/test_custom_srv/cmake/ament_cmake_export_libraries-extras.cmake\n'}
[2.543698] (test_custom_srv) StdoutLine: {'line': b'-- Up-to-date: /home/robot33-6/student133_ws/install/test_custom_srv/share/test_custom_srv/cmake/ament_cmake_export_targets-extras.cmake\n'}
[2.543759] (test_custom_srv) StdoutLine: {'line': b'-- Up-to-date: /home/robot33-6/student133_ws/install/test_custom_srv/share/test_custom_srv/cmake/rosidl_cmake_export_typesupport_targets-extras.cmake\n'}
[2.543821] (test_custom_srv) StdoutLine: {'line': b'-- Up-to-date: /home/robot33-6/student133_ws/install/test_custom_srv/share/test_custom_srv/cmake/ament_cmake_export_dependencies-extras.cmake\n'}
[2.543882] (test_custom_srv) StdoutLine: {'line': b'-- Up-to-date: /home/robot33-6/student133_ws/install/test_custom_srv/share/test_custom_srv/cmake/rosidl_cmake_export_typesupport_libraries-extras.cmake\n'}
[2.543944] (test_custom_srv) StdoutLine: {'line': b'-- Up-to-date: /home/robot33-6/student133_ws/install/test_custom_srv/share/test_custom_srv/cmake/test_custom_srvConfig.cmake\n'}
[2.544006] (test_custom_srv) StdoutLine: {'line': b'-- Up-to-date: /home/robot33-6/student133_ws/install/test_custom_srv/share/test_custom_srv/cmake/test_custom_srvConfig-version.cmake\n'}
[2.544124] (test_custom_srv) StdoutLine: {'line': b'-- Up-to-date: /home/robot33-6/student133_ws/install/test_custom_srv/share/test_custom_srv/package.xml\n'}
[2.544189] (test_service) StdoutLine: {'line': b'[100%] Built target test_service_node\n'}
[2.544392] (test_custom_srv) CommandEnded: {'returncode': 0}
[2.604502] (-) TimerEvent: {}
[2.605455] (test_service) CommandEnded: {'returncode': 0}
[2.606578] (test_subscriber) StdoutLine: {'line': b'[100%] Built target test_subscriber_node\n'}
[2.607071] (test_subscriber) CommandEnded: {'returncode': 0}
[2.680546] (test_custom_msg) JobEnded: {'identifier': 'test_custom_msg', 'rc': 0}
[2.704682] (-) TimerEvent: {}
[2.752883] (test_custom_srv) JobEnded: {'identifier': 'test_custom_srv', 'rc': 0}
[2.754638] (test_service) JobProgress: {'identifier': 'test_service', 'progress': 'install'}
[2.754684] (test_service) Command: {'cmd': ['/usr/bin/cmake', '--install', '/home/robot33-6/student133_ws/build/test_service'], 'cwd': '/home/robot33-6/student133_ws/build/test_service', 'env': OrderedDict([('GJS_DEBUG_TOPICS', 'JS ERROR;JS LOG'), ('LC_TIME', 'ru_RU.UTF-8'), ('SNAP_COMMON', '/var/snap/qtcreator-ros/common'), ('SNAP_INSTANCE_KEY', ''), ('USER', 'robot33-6'), ('XDG_SESSION_TYPE', 'wayland'), ('LD_LIBRARY_PATH', '/home/robot33-6/student133_ws/install/test_custom_srv/lib:/home/robot33-6/student133_ws/install/test_custom_msg/lib:/opt/ros/humble/opt/rviz_ogre_vendor/lib:/opt/ros/humble/lib/x86_64-linux-gnu:/opt/ros/humble/lib:/snap/qtcreator-ros/107/lib:/snap/qtcreator-ros/107/usr/lib/x86_64-linux-gnu'), ('SHLVL', '365'), ('SNAP_UID', '1000'), ('HOME', '/home/robot33-6'), ('SNAP_LIBRARY_PATH', '/var/lib/snapd/lib/gl:/var/lib/snapd/lib/gl32:/var/lib/snapd/void'), ('DESKTOP_SESSION', 'ubuntu'), ('QTDIR', '/usr/lib/x86_64-linux-gnu/qt5'), ('SNAP_USER_DATA', '/home/robot33-6/snap/qtcreator-ros/107'), ('GIO_LAUNCHED_DESKTOP_FILE', '/var/lib/snapd/desktop/applications/qtcreator-ros_qtcreator-ros.desktop'), ('GNOME_SHELL_SESSION_MODE', 'ubuntu'), ('GTK_MODULES', 'gail:atk-bridge'), ('ROS_PYTHON_VERSION', '3'), ('LC_MONETARY', 'ru_RU.UTF-8'), ('MANAGERPID', '1385'), ('DBUS_SESSION_BUS_ADDRESS', 'unix:path=/run/user/1000/bus'), ('SYSTEMD_EXEC_PID', '1560'), ('GIO_LAUNCHED_DESKTOP_FILE_PID', '2915'), ('SNAP_REVISION', '107'), ('COLCON_PREFIX_PATH', '/home/robot33-6/student133_ws/install'), ('IM_CONFIG_PHASE', '1'), ('ROS_DISTRO', 'humble'), ('WAYLAND_DISPLAY', 'wayland-0'), ('LOGNAME', 'robot33-6'), ('JOURNAL_STREAM', '8:16372'), ('SNAP_CONTEXT', 'zfxwyVEa0dSM0vT388UHnSyWy-Mv84K8RE-CWR0OLT2wc9JrOksa'), ('_', '/usr/bin/env'), ('ROS_VERSION', '2'), ('SNAP_VERSION', '12.0.2'), ('XDG_SESSION_CLASS', 'user'), ('TERM', 'xterm'), ('USERNAME', 'robot33-6'), ('GNOME_DESKTOP_SESSION_ID', 'this-is-deprecated'), ('ROS_LOCALHOST_ONLY', '0'), ('SNAP_INSTANCE_NAME', 'qtcreator-ros'), ('PATH', '/opt/ros/humble/bin:/usr/local/sbin:/usr/local/bin:/usr/sbin:/usr/bin:/sbin:/bin:/usr/games:/usr/local/games:/snap/bin:/snap/bin'), ('INVOCATION_ID', '19d8ac233f254f48866ffa415bdf884c'), ('SESSION_MANAGER', 'local/robot33-6:@/tmp/.ICE-unix/1538,unix/robot33-6:/tmp/.ICE-unix/1538'), ('BAMF_DESKTOP_FILE_HINT', '/var/lib/snapd/desktop/applications/qtcreator-ros_qtcreator-ros.desktop'), ('GNOME_SETUP_DISPLAY', ':1'), ('LC_ADDRESS', 'ru_RU.UTF-8'), ('SNAP_DATA', '/var/snap/qtcreator-ros/107'), ('XDG_MENU_PREFIX', 'gnome-'), ('XDG_RUNTIME_DIR', '/run/user/1000'), ('DISPLAY', ':0'), ('LANG', 'en_US.UTF-8'), ('LC_TELEPHONE', 'ru_RU.UTF-8'), ('XDG_CURRENT_DESKTOP', 'ubuntu:GNOME'), ('XAUTHORITY', '/run/user/1000/.mutter-Xwaylandauth.K6OOL2'), ('XDG_SESSION_DESKTOP', 'ubuntu'), ('XMODIFIERS', '@im=ibus'), ('AMENT_PREFIX_PATH', '/home/robot33-6/student133_ws/install/test_visualization:/home/robot33-6/student133_ws/install/test_parameters:/home/robot33-6/student133_ws/install/test_client:/home/robot33-6/student133_ws/install/test_service:/home/robot33-6/student133_ws/install/test_custom_srv:/home/robot33-6/student133_ws/install/test_custom_publisher:/home/robot33-6/student133_ws/install/test_castom_publisher:/home/robot33-6/student133_ws/install/test_custom_msg:/home/robot33-6/student133_ws/install/test_subscriber:/home/robot33-6/student133_ws/install/test_publisher:/home/robot33-6/student133_ws/install/test_pkg:/opt/ros/humble'), ('SNAP_ARCH', 'amd64'), ('SNAP_COOKIE', 'zfxwyVEa0dSM0vT388UHnSyWy-Mv84K8RE-CWR0OLT2wc9JrOksa'), ('SNAP_USER_COMMON', '/home/robot33-6/snap/qtcreator-ros/common'), ('SSH_AGENT_LAUNCHER', 'gnome-keyring'), ('SSH_AUTH_SOCK', '/run/user/1000/keyring/ssh'), ('LC_NAME', 'ru_RU.UTF-8'), ('SHELL', '/bin/bash'), ('GDMSESSION', 'ubuntu'), ('QT_ACCESSIBILITY', '1'), ('SNAP_REEXEC', ''), ('SNAP_NAME', 'qtcreator-ros'), ('LC_MEASUREMENT', 'ru_RU.UTF-8'), ('GJS_DEBUG_OUTPUT', 'stderr'), ('LC_IDENTIFICATION', 'ru_RU.UTF-8'), ('QT_IM_MODULE', 'ibus'), ('PWD', '/home/robot33-6/student133_ws/build/test_service'), ('QT_QPA_PLATFORM', 'wayland;xcb'), ('SNAP_REAL_HOME', '/home/robot33-6'), ('XDG_CONFIG_DIRS', '/etc/xdg/xdg-ubuntu:/etc/xdg'), ('XDG_DATA_DIRS', '/usr/share/ubuntu:/usr/local/share/:/usr/share/:/var/lib/snapd/desktop'), ('LC_NUMERIC', 'ru_RU.UTF-8'), ('PYTHONPATH', '/home/robot33-6/student133_ws/install/test_custom_srv/local/lib/python3.10/dist-packages:/home/robot33-6/student133_ws/install/test_custom_msg/local/lib/python3.10/dist-packages:/opt/ros/humble/lib/python3.10/site-packages:/opt/ros/humble/local/lib/python3.10/dist-packages'), ('SNAP', '/snap/qtcreator-ros/107'), ('SNAP_EUID', '1000'), ('LC_PAPER', 'ru_RU.UTF-8'), ('COLCON', '1'), ('CMAKE_PREFIX_PATH', '/home/robot33-6/student133_ws/install/test_visualization:/home/robot33-6/student133_ws/install/test_parameters:/home/robot33-6/student133_ws/install/test_client:/home/robot33-6/student133_ws/install/test_service:/home/robot33-6/student133_ws/install/test_custom_srv:/home/robot33-6/student133_ws/install/test_custom_publisher:/home/robot33-6/student133_ws/install/test_castom_publisher:/home/robot33-6/student133_ws/install/test_custom_msg:/home/robot33-6/student133_ws/install/test_subscriber:/home/robot33-6/student133_ws/install/test_publisher:/home/robot33-6/student133_ws/install/test_pkg:/opt/ros/humble'), ('LIBGL_DRIVERS_PATH', '/snap/qtcreator-ros/107/usr/lib/x86_64-linux-gnu/dri')]), 'shell': False}
[2.755158] (test_subscriber) JobProgress: {'identifier': 'test_subscriber', 'progress': 'install'}
[2.755185] (test_subscriber) Command: {'cmd': ['/usr/bin/cmake', '--install', '/home/robot33-6/student133_ws/build/test_subscriber'], 'cwd': '/home/robot33-6/student133_ws/build/test_subscriber', 'env': OrderedDict([('GJS_DEBUG_TOPICS', 'JS ERROR;JS LOG'), ('LC_TIME', 'ru_RU.UTF-8'), ('SNAP_COMMON', '/var/snap/qtcreator-ros/common'), ('SNAP_INSTANCE_KEY', ''), ('USER', 'robot33-6'), ('XDG_SESSION_TYPE', 'wayland'), ('LD_LIBRARY_PATH', '/home/robot33-6/student133_ws/install/test_custom_srv/lib:/home/robot33-6/student133_ws/install/test_custom_msg/lib:/opt/ros/humble/opt/rviz_ogre_vendor/lib:/opt/ros/humble/lib/x86_64-linux-gnu:/opt/ros/humble/lib:/snap/qtcreator-ros/107/lib:/snap/qtcreator-ros/107/usr/lib/x86_64-linux-gnu'), ('SHLVL', '365'), ('SNAP_UID', '1000'), ('HOME', '/home/robot33-6'), ('SNAP_LIBRARY_PATH', '/var/lib/snapd/lib/gl:/var/lib/snapd/lib/gl32:/var/lib/snapd/void'), ('DESKTOP_SESSION', 'ubuntu'), ('QTDIR', '/usr/lib/x86_64-linux-gnu/qt5'), ('SNAP_USER_DATA', '/home/robot33-6/snap/qtcreator-ros/107'), ('GIO_LAUNCHED_DESKTOP_FILE', '/var/lib/snapd/desktop/applications/qtcreator-ros_qtcreator-ros.desktop'), ('GNOME_SHELL_SESSION_MODE', 'ubuntu'), ('GTK_MODULES', 'gail:atk-bridge'), ('ROS_PYTHON_VERSION', '3'), ('LC_MONETARY', 'ru_RU.UTF-8'), ('MANAGERPID', '1385'), ('DBUS_SESSION_BUS_ADDRESS', 'unix:path=/run/user/1000/bus'), ('SYSTEMD_EXEC_PID', '1560'), ('GIO_LAUNCHED_DESKTOP_FILE_PID', '2915'), ('SNAP_REVISION', '107'), ('COLCON_PREFIX_PATH', '/home/robot33-6/student133_ws/install'), ('IM_CONFIG_PHASE', '1'), ('ROS_DISTRO', 'humble'), ('WAYLAND_DISPLAY', 'wayland-0'), ('LOGNAME', 'robot33-6'), ('JOURNAL_STREAM', '8:16372'), ('SNAP_CONTEXT', 'zfxwyVEa0dSM0vT388UHnSyWy-Mv84K8RE-CWR0OLT2wc9JrOksa'), ('_', '/usr/bin/env'), ('ROS_VERSION', '2'), ('SNAP_VERSION', '12.0.2'), ('XDG_SESSION_CLASS', 'user'), ('TERM', 'xterm'), ('USERNAME', 'robot33-6'), ('GNOME_DESKTOP_SESSION_ID', 'this-is-deprecated'), ('ROS_LOCALHOST_ONLY', '0'), ('SNAP_INSTANCE_NAME', 'qtcreator-ros'), ('PATH', '/opt/ros/humble/bin:/usr/local/sbin:/usr/local/bin:/usr/sbin:/usr/bin:/sbin:/bin:/usr/games:/usr/local/games:/snap/bin:/snap/bin'), ('INVOCATION_ID', '19d8ac233f254f48866ffa415bdf884c'), ('SESSION_MANAGER', 'local/robot33-6:@/tmp/.ICE-unix/1538,unix/robot33-6:/tmp/.ICE-unix/1538'), ('BAMF_DESKTOP_FILE_HINT', '/var/lib/snapd/desktop/applications/qtcreator-ros_qtcreator-ros.desktop'), ('GNOME_SETUP_DISPLAY', ':1'), ('LC_ADDRESS', 'ru_RU.UTF-8'), ('SNAP_DATA', '/var/snap/qtcreator-ros/107'), ('XDG_MENU_PREFIX', 'gnome-'), ('XDG_RUNTIME_DIR', '/run/user/1000'), ('DISPLAY', ':0'), ('LANG', 'en_US.UTF-8'), ('LC_TELEPHONE', 'ru_RU.UTF-8'), ('XDG_CURRENT_DESKTOP', 'ubuntu:GNOME'), ('XAUTHORITY', '/run/user/1000/.mutter-Xwaylandauth.K6OOL2'), ('XDG_SESSION_DESKTOP', 'ubuntu'), ('XMODIFIERS', '@im=ibus'), ('AMENT_PREFIX_PATH', '/home/robot33-6/student133_ws/install/test_visualization:/home/robot33-6/student133_ws/install/test_parameters:/home/robot33-6/student133_ws/install/test_client:/home/robot33-6/student133_ws/install/test_service:/home/robot33-6/student133_ws/install/test_custom_srv:/home/robot33-6/student133_ws/install/test_custom_publisher:/home/robot33-6/student133_ws/install/test_castom_publisher:/home/robot33-6/student133_ws/install/test_custom_msg:/home/robot33-6/student133_ws/install/test_subscriber:/home/robot33-6/student133_ws/install/test_publisher:/home/robot33-6/student133_ws/install/test_pkg:/opt/ros/humble'), ('SNAP_ARCH', 'amd64'), ('SNAP_COOKIE', 'zfxwyVEa0dSM0vT388UHnSyWy-Mv84K8RE-CWR0OLT2wc9JrOksa'), ('SNAP_USER_COMMON', '/home/robot33-6/snap/qtcreator-ros/common'), ('SSH_AGENT_LAUNCHER', 'gnome-keyring'), ('SSH_AUTH_SOCK', '/run/user/1000/keyring/ssh'), ('LC_NAME', 'ru_RU.UTF-8'), ('SHELL', '/bin/bash'), ('GDMSESSION', 'ubuntu'), ('QT_ACCESSIBILITY', '1'), ('SNAP_REEXEC', ''), ('SNAP_NAME', 'qtcreator-ros'), ('LC_MEASUREMENT', 'ru_RU.UTF-8'), ('GJS_DEBUG_OUTPUT', 'stderr'), ('LC_IDENTIFICATION', 'ru_RU.UTF-8'), ('QT_IM_MODULE', 'ibus'), ('PWD', '/home/robot33-6/student133_ws/build/test_subscriber'), ('QT_QPA_PLATFORM', 'wayland;xcb'), ('SNAP_REAL_HOME', '/home/robot33-6'), ('XDG_CONFIG_DIRS', '/etc/xdg/xdg-ubuntu:/etc/xdg'), ('XDG_DATA_DIRS', '/usr/share/ubuntu:/usr/local/share/:/usr/share/:/var/lib/snapd/desktop'), ('LC_NUMERIC', 'ru_RU.UTF-8'), ('PYTHONPATH', '/home/robot33-6/student133_ws/install/test_custom_srv/local/lib/python3.10/dist-packages:/home/robot33-6/student133_ws/install/test_custom_msg/local/lib/python3.10/dist-packages:/opt/ros/humble/lib/python3.10/site-packages:/opt/ros/humble/local/lib/python3.10/dist-packages'), ('SNAP', '/snap/qtcreator-ros/107'), ('SNAP_EUID', '1000'), ('LC_PAPER', 'ru_RU.UTF-8'), ('COLCON', '1'), ('CMAKE_PREFIX_PATH', '/home/robot33-6/student133_ws/install/test_visualization:/home/robot33-6/student133_ws/install/test_parameters:/home/robot33-6/student133_ws/install/test_client:/home/robot33-6/student133_ws/install/test_service:/home/robot33-6/student133_ws/install/test_custom_srv:/home/robot33-6/student133_ws/install/test_custom_publisher:/home/robot33-6/student133_ws/install/test_castom_publisher:/home/robot33-6/student133_ws/install/test_custom_msg:/home/robot33-6/student133_ws/install/test_subscriber:/home/robot33-6/student133_ws/install/test_publisher:/home/robot33-6/student133_ws/install/test_pkg:/opt/ros/humble'), ('LIBGL_DRIVERS_PATH', '/snap/qtcreator-ros/107/usr/lib/x86_64-linux-gnu/dri')]), 'shell': False}
[2.755602] (test_visualization) StdoutLine: {'line': b'[100%] Built target test_visualization_node\n'}
[2.756078] (test_serial_communication) StdoutLine: {'line': b'-- The CXX compiler identification is GNU 11.4.0\n'}
[2.756151] (test_visualization) CommandEnded: {'returncode': 0}
[2.759990] (test_service) StdoutLine: {'line': b'-- Install configuration: "Debug"\n'}
[2.761148] (test_subscriber) StdoutLine: {'line': b'-- Install configuration: "Debug"\n'}
[2.777001] (test_visualization) JobProgress: {'identifier': 'test_visualization', 'progress': 'install'}
[2.777066] (test_visualization) Command: {'cmd': ['/usr/bin/cmake', '--install', '/home/robot33-6/student133_ws/build/test_visualization'], 'cwd': '/home/robot33-6/student133_ws/build/test_visualization', 'env': OrderedDict([('GJS_DEBUG_TOPICS', 'JS ERROR;JS LOG'), ('LC_TIME', 'ru_RU.UTF-8'), ('SNAP_COMMON', '/var/snap/qtcreator-ros/common'), ('SNAP_INSTANCE_KEY', ''), ('USER', 'robot33-6'), ('XDG_SESSION_TYPE', 'wayland'), ('LD_LIBRARY_PATH', '/home/robot33-6/student133_ws/install/test_custom_srv/lib:/home/robot33-6/student133_ws/install/test_custom_msg/lib:/opt/ros/humble/opt/rviz_ogre_vendor/lib:/opt/ros/humble/lib/x86_64-linux-gnu:/opt/ros/humble/lib:/snap/qtcreator-ros/107/lib:/snap/qtcreator-ros/107/usr/lib/x86_64-linux-gnu'), ('SHLVL', '365'), ('SNAP_UID', '1000'), ('HOME', '/home/robot33-6'), ('SNAP_LIBRARY_PATH', '/var/lib/snapd/lib/gl:/var/lib/snapd/lib/gl32:/var/lib/snapd/void'), ('DESKTOP_SESSION', 'ubuntu'), ('QTDIR', '/usr/lib/x86_64-linux-gnu/qt5'), ('SNAP_USER_DATA', '/home/robot33-6/snap/qtcreator-ros/107'), ('GIO_LAUNCHED_DESKTOP_FILE', '/var/lib/snapd/desktop/applications/qtcreator-ros_qtcreator-ros.desktop'), ('GNOME_SHELL_SESSION_MODE', 'ubuntu'), ('GTK_MODULES', 'gail:atk-bridge'), ('ROS_PYTHON_VERSION', '3'), ('LC_MONETARY', 'ru_RU.UTF-8'), ('MANAGERPID', '1385'), ('DBUS_SESSION_BUS_ADDRESS', 'unix:path=/run/user/1000/bus'), ('SYSTEMD_EXEC_PID', '1560'), ('GIO_LAUNCHED_DESKTOP_FILE_PID', '2915'), ('SNAP_REVISION', '107'), ('COLCON_PREFIX_PATH', '/home/robot33-6/student133_ws/install'), ('IM_CONFIG_PHASE', '1'), ('ROS_DISTRO', 'humble'), ('WAYLAND_DISPLAY', 'wayland-0'), ('LOGNAME', 'robot33-6'), ('JOURNAL_STREAM', '8:16372'), ('SNAP_CONTEXT', 'zfxwyVEa0dSM0vT388UHnSyWy-Mv84K8RE-CWR0OLT2wc9JrOksa'), ('_', '/usr/bin/env'), ('ROS_VERSION', '2'), ('SNAP_VERSION', '12.0.2'), ('XDG_SESSION_CLASS', 'user'), ('TERM', 'xterm'), ('USERNAME', 'robot33-6'), ('GNOME_DESKTOP_SESSION_ID', 'this-is-deprecated'), ('ROS_LOCALHOST_ONLY', '0'), ('SNAP_INSTANCE_NAME', 'qtcreator-ros'), ('PATH', '/opt/ros/humble/bin:/usr/local/sbin:/usr/local/bin:/usr/sbin:/usr/bin:/sbin:/bin:/usr/games:/usr/local/games:/snap/bin:/snap/bin'), ('INVOCATION_ID', '19d8ac233f254f48866ffa415bdf884c'), ('SESSION_MANAGER', 'local/robot33-6:@/tmp/.ICE-unix/1538,unix/robot33-6:/tmp/.ICE-unix/1538'), ('BAMF_DESKTOP_FILE_HINT', '/var/lib/snapd/desktop/applications/qtcreator-ros_qtcreator-ros.desktop'), ('GNOME_SETUP_DISPLAY', ':1'), ('LC_ADDRESS', 'ru_RU.UTF-8'), ('SNAP_DATA', '/var/snap/qtcreator-ros/107'), ('XDG_MENU_PREFIX', 'gnome-'), ('XDG_RUNTIME_DIR', '/run/user/1000'), ('DISPLAY', ':0'), ('LANG', 'en_US.UTF-8'), ('LC_TELEPHONE', 'ru_RU.UTF-8'), ('XDG_CURRENT_DESKTOP', 'ubuntu:GNOME'), ('XAUTHORITY', '/run/user/1000/.mutter-Xwaylandauth.K6OOL2'), ('XDG_SESSION_DESKTOP', 'ubuntu'), ('XMODIFIERS', '@im=ibus'), ('AMENT_PREFIX_PATH', '/home/robot33-6/student133_ws/install/test_visualization:/home/robot33-6/student133_ws/install/test_parameters:/home/robot33-6/student133_ws/install/test_client:/home/robot33-6/student133_ws/install/test_service:/home/robot33-6/student133_ws/install/test_custom_srv:/home/robot33-6/student133_ws/install/test_custom_publisher:/home/robot33-6/student133_ws/install/test_castom_publisher:/home/robot33-6/student133_ws/install/test_custom_msg:/home/robot33-6/student133_ws/install/test_subscriber:/home/robot33-6/student133_ws/install/test_publisher:/home/robot33-6/student133_ws/install/test_pkg:/opt/ros/humble'), ('SNAP_ARCH', 'amd64'), ('SNAP_COOKIE', 'zfxwyVEa0dSM0vT388UHnSyWy-Mv84K8RE-CWR0OLT2wc9JrOksa'), ('SNAP_USER_COMMON', '/home/robot33-6/snap/qtcreator-ros/common'), ('SSH_AGENT_LAUNCHER', 'gnome-keyring'), ('SSH_AUTH_SOCK', '/run/user/1000/keyring/ssh'), ('LC_NAME', 'ru_RU.UTF-8'), ('SHELL', '/bin/bash'), ('GDMSESSION', 'ubuntu'), ('QT_ACCESSIBILITY', '1'), ('SNAP_REEXEC', ''), ('SNAP_NAME', 'qtcreator-ros'), ('LC_MEASUREMENT', 'ru_RU.UTF-8'), ('GJS_DEBUG_OUTPUT', 'stderr'), ('LC_IDENTIFICATION', 'ru_RU.UTF-8'), ('QT_IM_MODULE', 'ibus'), ('PWD', '/home/robot33-6/student133_ws/build/test_visualization'), ('QT_QPA_PLATFORM', 'wayland;xcb'), ('SNAP_REAL_HOME', '/home/robot33-6'), ('XDG_CONFIG_DIRS', '/etc/xdg/xdg-ubuntu:/etc/xdg'), ('XDG_DATA_DIRS', '/usr/share/ubuntu:/usr/local/share/:/usr/share/:/var/lib/snapd/desktop'), ('LC_NUMERIC', 'ru_RU.UTF-8'), ('PYTHONPATH', '/home/robot33-6/student133_ws/install/test_custom_srv/local/lib/python3.10/dist-packages:/home/robot33-6/student133_ws/install/test_custom_msg/local/lib/python3.10/dist-packages:/opt/ros/humble/lib/python3.10/site-packages:/opt/ros/humble/local/lib/python3.10/dist-packages'), ('SNAP', '/snap/qtcreator-ros/107'), ('SNAP_EUID', '1000'), ('LC_PAPER', 'ru_RU.UTF-8'), ('COLCON', '1'), ('CMAKE_PREFIX_PATH', '/home/robot33-6/student133_ws/install/test_visualization:/home/robot33-6/student133_ws/install/test_parameters:/home/robot33-6/student133_ws/install/test_client:/home/robot33-6/student133_ws/install/test_service:/home/robot33-6/student133_ws/install/test_custom_srv:/home/robot33-6/student133_ws/install/test_custom_publisher:/home/robot33-6/student133_ws/install/test_castom_publisher:/home/robot33-6/student133_ws/install/test_custom_msg:/home/robot33-6/student133_ws/install/test_subscriber:/home/robot33-6/student133_ws/install/test_publisher:/home/robot33-6/student133_ws/install/test_pkg:/opt/ros/humble'), ('LIBGL_DRIVERS_PATH', '/snap/qtcreator-ros/107/usr/lib/x86_64-linux-gnu/dri')]), 'shell': False}
[2.784978] (test_visualization) StdoutLine: {'line': b'-- Install configuration: "Debug"\n'}
[2.801954] (test_service) StdoutLine: {'line': b'-- Up-to-date: /home/robot33-6/student133_ws/install/test_service/lib/test_service/test_service_node\n'}
[2.802277] (test_service) StdoutLine: {'line': b'-- Up-to-date: /home/robot33-6/student133_ws/install/test_service/share/ament_index/resource_index/package_run_dependencies/test_service\n'}
[2.802450] (test_service) StdoutLine: {'line': b'-- Up-to-date: /home/robot33-6/student133_ws/install/test_service/share/ament_index/resource_index/parent_prefix_path/test_service\n'}
[2.802525] (test_service) StdoutLine: {'line': b'-- Up-to-date: /home/robot33-6/student133_ws/install/test_service/share/test_service/environment/ament_prefix_path.sh\n'}
[2.802594] (test_service) StdoutLine: {'line': b'-- Up-to-date: /home/robot33-6/student133_ws/install/test_service/share/test_service/environment/ament_prefix_path.dsv\n'}
[2.802664] (test_service) StdoutLine: {'line': b'-- Up-to-date: /home/robot33-6/student133_ws/install/test_service/share/test_service/environment/path.sh\n'}
[2.802732] (test_service) StdoutLine: {'line': b'-- Up-to-date: /home/robot33-6/student133_ws/install/test_service/share/test_service/environment/path.dsv\n'}
[2.802800] (test_service) StdoutLine: {'line': b'-- Up-to-date: /home/robot33-6/student133_ws/install/test_service/share/test_service/local_setup.bash\n'}
[2.802867] (test_service) StdoutLine: {'line': b'-- Up-to-date: /home/robot33-6/student133_ws/install/test_service/share/test_service/local_setup.sh\n'}
[2.802934] (test_service) StdoutLine: {'line': b'-- Up-to-date: /home/robot33-6/student133_ws/install/test_service/share/test_service/local_setup.zsh\n'}
[2.803001] (test_service) StdoutLine: {'line': b'-- Up-to-date: /home/robot33-6/student133_ws/install/test_service/share/test_service/local_setup.dsv\n'}
[2.803068] (test_service) StdoutLine: {'line': b'-- Installing: /home/robot33-6/student133_ws/install/test_service/share/test_service/package.dsv\n'}
[2.803848] (test_service) StdoutLine: {'line': b'-- Up-to-date: /home/robot33-6/student133_ws/install/test_service/share/ament_index/resource_index/packages/test_service\n'}
[2.803970] (test_service) StdoutLine: {'line': b'-- Up-to-date: /home/robot33-6/student133_ws/install/test_service/share/test_service/cmake/test_serviceConfig.cmake\n'}
[2.804092] (test_service) StdoutLine: {'line': b'-- Up-to-date: /home/robot33-6/student133_ws/install/test_service/share/test_service/cmake/test_serviceConfig-version.cmake\n'}
[2.804188] (test_service) StdoutLine: {'line': b'-- Up-to-date: /home/robot33-6/student133_ws/install/test_service/share/test_service/package.xml\n'}
[2.804744] (-) TimerEvent: {}
[2.805291] (test_service) CommandEnded: {'returncode': 0}
[2.847539] (test_subscriber) StdoutLine: {'line': b'-- Up-to-date: /home/robot33-6/student133_ws/install/test_subscriber/lib/test_subscriber/test_subscriber_node\n'}
[2.847669] (test_subscriber) StdoutLine: {'line': b'-- Up-to-date: /home/robot33-6/student133_ws/install/test_subscriber/share/ament_index/resource_index/package_run_dependencies/test_subscriber\n'}
[2.847728] (test_subscriber) StdoutLine: {'line': b'-- Up-to-date: /home/robot33-6/student133_ws/install/test_subscriber/share/ament_index/resource_index/parent_prefix_path/test_subscriber\n'}
[2.847786] (test_subscriber) StdoutLine: {'line': b'-- Up-to-date: /home/robot33-6/student133_ws/install/test_subscriber/share/test_subscriber/environment/ament_prefix_path.sh\n'}
[2.847833] (test_subscriber) StdoutLine: {'line': b'-- Up-to-date: /home/robot33-6/student133_ws/install/test_subscriber/share/test_subscriber/environment/ament_prefix_path.dsv\n'}
[2.847880] (test_subscriber) StdoutLine: {'line': b'-- Up-to-date: /home/robot33-6/student133_ws/install/test_subscriber/share/test_subscriber/environment/path.sh\n'}
[2.847926] (test_subscriber) StdoutLine: {'line': b'-- Up-to-date: /home/robot33-6/student133_ws/install/test_subscriber/share/test_subscriber/environment/path.dsv\n'}
[2.847972] (test_subscriber) StdoutLine: {'line': b'-- Up-to-date: /home/robot33-6/student133_ws/install/test_subscriber/share/test_subscriber/local_setup.bash\n'}
[2.848018] (test_subscriber) StdoutLine: {'line': b'-- Up-to-date: /home/robot33-6/student133_ws/install/test_subscriber/share/test_subscriber/local_setup.sh\n'}
[2.848095] (test_subscriber) StdoutLine: {'line': b'-- Up-to-date: /home/robot33-6/student133_ws/install/test_subscriber/share/test_subscriber/local_setup.zsh\n'}
[2.848141] (test_subscriber) StdoutLine: {'line': b'-- Up-to-date: /home/robot33-6/student133_ws/install/test_subscriber/share/test_subscriber/local_setup.dsv\n'}
[2.848185] (test_subscriber) StdoutLine: {'line': b'-- Installing: /home/robot33-6/student133_ws/install/test_subscriber/share/test_subscriber/package.dsv\n'}
[2.848244] (test_visualization) StdoutLine: {'line': b'-- Up-to-date: /home/robot33-6/student133_ws/install/test_visualization/lib/test_visualization/test_visualization_node\n'}
[2.848296] (test_visualization) StdoutLine: {'line': b'-- Up-to-date: /home/robot33-6/student133_ws/install/test_visualization/share/ament_index/resource_index/package_run_dependencies/test_visualization\n'}
[2.848344] (test_visualization) StdoutLine: {'line': b'-- Up-to-date: /home/robot33-6/student133_ws/install/test_visualization/share/ament_index/resource_index/parent_prefix_path/test_visualization\n'}
[2.848391] (test_visualization) StdoutLine: {'line': b'-- Up-to-date: /home/robot33-6/student133_ws/install/test_visualization/share/test_visualization/environment/ament_prefix_path.sh\n'}
[2.848452] (test_visualization) StdoutLine: {'line': b'-- Up-to-date: /home/robot33-6/student133_ws/install/test_visualization/share/test_visualization/environment/ament_prefix_path.dsv\n'}
[2.848516] (test_visualization) StdoutLine: {'line': b'-- Up-to-date: /home/robot33-6/student133_ws/install/test_visualization/share/test_visualization/environment/path.sh\n'}
[2.848579] (test_visualization) StdoutLine: {'line': b'-- Up-to-date: /home/robot33-6/student133_ws/install/test_visualization/share/test_visualization/environment/path.dsv\n'}
[2.848641] (test_visualization) StdoutLine: {'line': b'-- Up-to-date: /home/robot33-6/student133_ws/install/test_visualization/share/test_visualization/local_setup.bash\n'}
[2.848703] (test_visualization) StdoutLine: {'line': b'-- Up-to-date: /home/robot33-6/student133_ws/install/test_visualization/share/test_visualization/local_setup.sh\n'}
[2.848765] (test_visualization) StdoutLine: {'line': b'-- Up-to-date: /home/robot33-6/student133_ws/install/test_visualization/share/test_visualization/local_setup.zsh\n'}
[2.848826] (test_visualization) StdoutLine: {'line': b'-- Up-to-date: /home/robot33-6/student133_ws/install/test_visualization/share/test_visualization/local_setup.dsv\n'}
[2.848888] (test_visualization) StdoutLine: {'line': b'-- Installing: /home/robot33-6/student133_ws/install/test_visualization/share/test_visualization/package.dsv\n'}
[2.849087] (test_visualization) StdoutLine: {'line': b'-- Up-to-date: /home/robot33-6/student133_ws/install/test_visualization/share/ament_index/resource_index/packages/test_visualization\n'}
[2.849154] (test_visualization) StdoutLine: {'line': b'-- Up-to-date: /home/robot33-6/student133_ws/install/test_visualization/share/test_visualization/cmake/test_visualizationConfig.cmake\n'}
[2.849211] (test_visualization) StdoutLine: {'line': b'-- Up-to-date: /home/robot33-6/student133_ws/install/test_visualization/share/test_visualization/cmake/test_visualizationConfig-version.cmake\n'}
[2.849258] (test_visualization) StdoutLine: {'line': b'-- Up-to-date: /home/robot33-6/student133_ws/install/test_visualization/share/test_visualization/package.xml\n'}
[2.849824] (test_visualization) CommandEnded: {'returncode': 0}
[2.898324] (test_subscriber) StdoutLine: {'line': b'-- Up-to-date: /home/robot33-6/student133_ws/install/test_subscriber/share/ament_index/resource_index/packages/test_subscriber\n'}
[2.898780] (test_subscriber) StdoutLine: {'line': b'-- Up-to-date: /home/robot33-6/student133_ws/install/test_subscriber/share/test_subscriber/cmake/test_subscriberConfig.cmake\n'}
[2.898952] (test_subscriber) StdoutLine: {'line': b'-- Up-to-date: /home/robot33-6/student133_ws/install/test_subscriber/share/test_subscriber/cmake/test_subscriberConfig-version.cmake\n'}
[2.899012] (test_subscriber) StdoutLine: {'line': b'-- Up-to-date: /home/robot33-6/student133_ws/install/test_subscriber/share/test_subscriber/package.xml\n'}
[2.899065] (test_serial_communication) StdoutLine: {'line': b'-- Detecting C compiler ABI info\n'}
[2.899157] (test_subscriber) CommandEnded: {'returncode': 0}
[2.904876] (-) TimerEvent: {}
[2.997978] (test_service) JobEnded: {'identifier': 'test_service', 'rc': 0}
[3.004993] (-) TimerEvent: {}
[3.053210] (test_visualization) JobEnded: {'identifier': 'test_visualization', 'rc': 0}
[3.106169] (-) TimerEvent: {}
[3.108347] (test_subscriber) JobEnded: {'identifier': 'test_subscriber', 'rc': 0}
[3.108797] (test_serial_communication) StdoutLine: {'line': b'-- Detecting C compiler ABI info - done\n'}
[3.108910] (test_serial_communication) StdoutLine: {'line': b'-- Check for working C compiler: /usr/bin/cc - skipped\n'}
[3.108994] (test_serial_communication) StdoutLine: {'line': b'-- Detecting C compile features\n'}
[3.109072] (test_serial_communication) StdoutLine: {'line': b'-- Detecting C compile features - done\n'}
[3.109148] (test_serial_communication) StdoutLine: {'line': b'-- Detecting CXX compiler ABI info\n'}
[3.141251] (test_serial_communication) StdoutLine: {'line': b'-- Detecting CXX compiler ABI info - done\n'}
[3.151222] (test_serial_communication) StdoutLine: {'line': b'-- Check for working CXX compiler: /usr/bin/c++ - skipped\n'}
[3.151456] (test_serial_communication) StdoutLine: {'line': b'-- Detecting CXX compile features\n'}
[3.151980] (test_serial_communication) StdoutLine: {'line': b'-- Detecting CXX compile features - done\n'}
[3.206282] (-) TimerEvent: {}
[3.225320] (test_serial_communication) StdoutLine: {'line': b'-- Found ament_cmake: 1.3.7 (/opt/ros/humble/share/ament_cmake/cmake)\n'}
[3.306395] (-) TimerEvent: {}
[3.406680] (-) TimerEvent: {}
[3.438409] (test_serial_communication) StdoutLine: {'line': b'-- Found Python3: /usr/bin/python3.10 (found version "3.10.12") found components: Interpreter \n'}
[3.506770] (-) TimerEvent: {}
[3.607025] (-) TimerEvent: {}
[3.614922] (test_serial_communication) StdoutLine: {'line': b'-- Found rclcpp: 16.0.8 (/opt/ros/humble/share/rclcpp/cmake)\n'}
[3.706213] (test_serial_communication) StdoutLine: {'line': b'-- Found rosidl_generator_c: 3.1.5 (/opt/ros/humble/share/rosidl_generator_c/cmake)\n'}
[3.707095] (-) TimerEvent: {}
[3.722486] (test_serial_communication) StdoutLine: {'line': b'-- Found rosidl_adapter: 3.1.5 (/opt/ros/humble/share/rosidl_adapter/cmake)\n'}
[3.733752] (test_serial_communication) StdoutLine: {'line': b'-- Found rosidl_generator_cpp: 3.1.5 (/opt/ros/humble/share/rosidl_generator_cpp/cmake)\n'}
[3.749848] (test_serial_communication) StdoutLine: {'line': b'-- Using all available rosidl_typesupport_c: rosidl_typesupport_fastrtps_c;rosidl_typesupport_introspection_c\n'}
[3.773024] (test_serial_communication) StdoutLine: {'line': b'-- Using all available rosidl_typesupport_cpp: rosidl_typesupport_fastrtps_cpp;rosidl_typesupport_introspection_cpp\n'}
[3.807207] (-) TimerEvent: {}
[3.883270] (test_serial_communication) StdoutLine: {'line': b'-- Found rmw_implementation_cmake: 6.1.1 (/opt/ros/humble/share/rmw_implementation_cmake/cmake)\n'}
[3.886871] (test_serial_communication) StdoutLine: {'line': b'-- Found rmw_fastrtps_cpp: 6.2.6 (/opt/ros/humble/share/rmw_fastrtps_cpp/cmake)\n'}
[3.907301] (-) TimerEvent: {}
[4.007579] (-) TimerEvent: {}
[4.082791] (test_serial_communication) StdoutLine: {'line': b'-- Found OpenSSL: /usr/lib/x86_64-linux-gnu/libcrypto.so (found version "3.0.2")  \n'}
[4.107702] (-) TimerEvent: {}
[4.115966] (test_serial_communication) StdoutLine: {'line': b'-- Found FastRTPS: /opt/ros/humble/include  \n'}
[4.153507] (test_serial_communication) StdoutLine: {'line': b"-- Using RMW implementation 'rmw_fastrtps_cpp' as default\n"}
[4.197291] (test_serial_communication) StdoutLine: {'line': b'-- Looking for pthread.h\n'}
[4.207817] (-) TimerEvent: {}
[4.265727] (test_serial_communication) StdoutLine: {'line': b'-- Looking for pthread.h - found\n'}
[4.266025] (test_serial_communication) StdoutLine: {'line': b'-- Performing Test CMAKE_HAVE_LIBC_PTHREAD\n'}
[4.307903] (-) TimerEvent: {}
[4.344775] (test_serial_communication) StdoutLine: {'line': b'-- Performing Test CMAKE_HAVE_LIBC_PTHREAD - Success\n'}
[4.345592] (test_serial_communication) StdoutLine: {'line': b'-- Found Threads: TRUE  \n'}
[4.408168] (-) TimerEvent: {}
[4.508726] (-) TimerEvent: {}
[4.572257] (test_serial_communication) StdoutLine: {'line': b'-- Found sensor_msgs: 4.2.3 (/opt/ros/humble/share/sensor_msgs/cmake)\n'}
[4.608819] (-) TimerEvent: {}
[4.704686] (test_serial_communication) StdoutLine: {'line': b"-- Checking for module 'libserial'\n"}
[4.708900] (-) TimerEvent: {}
[4.726268] (test_serial_communication) StdoutLine: {'line': b'--   Found libserial, version 1.0.0\n'}
[4.762391] (test_serial_communication) StdoutLine: {'line': b'-- Found ament_lint_auto: 0.12.10 (/opt/ros/humble/share/ament_lint_auto/cmake)\n'}
[4.809026] (-) TimerEvent: {}
[4.867268] (test_serial_communication) StdoutLine: {'line': b"-- Added test 'cppcheck' to perform static code analysis on C / C++ code\n"}
[4.867423] (test_serial_communication) StdoutLine: {'line': b'-- Configured cppcheck include dirs: \n'}
[4.867511] (test_serial_communication) StdoutLine: {'line': b'-- Configured cppcheck exclude dirs and/or files: \n'}
[4.868437] (test_serial_communication) StdoutLine: {'line': b"-- Added test 'lint_cmake' to check CMake code style\n"}
[4.869644] (test_serial_communication) StdoutLine: {'line': b"-- Added test 'uncrustify' to check C / C++ code style\n"}
[4.869759] (test_serial_communication) StdoutLine: {'line': b'-- Configured uncrustify additional arguments: \n'}
[4.870368] (test_serial_communication) StdoutLine: {'line': b"-- Added test 'xmllint' to check XML markup files\n"}
[4.872004] (test_serial_communication) StdoutLine: {'line': b'-- Configuring done\n'}
[4.909114] (-) TimerEvent: {}
[4.911296] (test_serial_communication) StdoutLine: {'line': b'-- Generating done\n'}
[4.912676] (test_serial_communication) StdoutLine: {'line': b'-- Build files have been written to: /home/robot33-6/student133_ws/build/test_serial_communication\n'}
[4.919436] (test_serial_communication) CommandEnded: {'returncode': 0}
[4.919989] (test_serial_communication) JobProgress: {'identifier': 'test_serial_communication', 'progress': 'build'}
[4.920014] (test_serial_communication) Command: {'cmd': ['/usr/bin/cmake', '--build', '/home/robot33-6/student133_ws/build/test_serial_communication', '--', '-j8', '-l8'], 'cwd': '/home/robot33-6/student133_ws/build/test_serial_communication', 'env': OrderedDict([('GJS_DEBUG_TOPICS', 'JS ERROR;JS LOG'), ('LC_TIME', 'ru_RU.UTF-8'), ('SNAP_COMMON', '/var/snap/qtcreator-ros/common'), ('SNAP_INSTANCE_KEY', ''), ('USER', 'robot33-6'), ('XDG_SESSION_TYPE', 'wayland'), ('LD_LIBRARY_PATH', '/home/robot33-6/student133_ws/install/test_custom_srv/lib:/home/robot33-6/student133_ws/install/test_custom_msg/lib:/opt/ros/humble/opt/rviz_ogre_vendor/lib:/opt/ros/humble/lib/x86_64-linux-gnu:/opt/ros/humble/lib:/snap/qtcreator-ros/107/lib:/snap/qtcreator-ros/107/usr/lib/x86_64-linux-gnu'), ('SHLVL', '365'), ('SNAP_UID', '1000'), ('HOME', '/home/robot33-6'), ('SNAP_LIBRARY_PATH', '/var/lib/snapd/lib/gl:/var/lib/snapd/lib/gl32:/var/lib/snapd/void'), ('DESKTOP_SESSION', 'ubuntu'), ('QTDIR', '/usr/lib/x86_64-linux-gnu/qt5'), ('SNAP_USER_DATA', '/home/robot33-6/snap/qtcreator-ros/107'), ('GIO_LAUNCHED_DESKTOP_FILE', '/var/lib/snapd/desktop/applications/qtcreator-ros_qtcreator-ros.desktop'), ('GNOME_SHELL_SESSION_MODE', 'ubuntu'), ('GTK_MODULES', 'gail:atk-bridge'), ('ROS_PYTHON_VERSION', '3'), ('LC_MONETARY', 'ru_RU.UTF-8'), ('MANAGERPID', '1385'), ('DBUS_SESSION_BUS_ADDRESS', 'unix:path=/run/user/1000/bus'), ('SYSTEMD_EXEC_PID', '1560'), ('GIO_LAUNCHED_DESKTOP_FILE_PID', '2915'), ('SNAP_REVISION', '107'), ('COLCON_PREFIX_PATH', '/home/robot33-6/student133_ws/install'), ('IM_CONFIG_PHASE', '1'), ('ROS_DISTRO', 'humble'), ('WAYLAND_DISPLAY', 'wayland-0'), ('LOGNAME', 'robot33-6'), ('JOURNAL_STREAM', '8:16372'), ('SNAP_CONTEXT', 'zfxwyVEa0dSM0vT388UHnSyWy-Mv84K8RE-CWR0OLT2wc9JrOksa'), ('_', '/usr/bin/env'), ('ROS_VERSION', '2'), ('SNAP_VERSION', '12.0.2'), ('XDG_SESSION_CLASS', 'user'), ('TERM', 'xterm'), ('USERNAME', 'robot33-6'), ('GNOME_DESKTOP_SESSION_ID', 'this-is-deprecated'), ('ROS_LOCALHOST_ONLY', '0'), ('SNAP_INSTANCE_NAME', 'qtcreator-ros'), ('PATH', '/opt/ros/humble/bin:/usr/local/sbin:/usr/local/bin:/usr/sbin:/usr/bin:/sbin:/bin:/usr/games:/usr/local/games:/snap/bin:/snap/bin'), ('INVOCATION_ID', '19d8ac233f254f48866ffa415bdf884c'), ('SESSION_MANAGER', 'local/robot33-6:@/tmp/.ICE-unix/1538,unix/robot33-6:/tmp/.ICE-unix/1538'), ('BAMF_DESKTOP_FILE_HINT', '/var/lib/snapd/desktop/applications/qtcreator-ros_qtcreator-ros.desktop'), ('GNOME_SETUP_DISPLAY', ':1'), ('LC_ADDRESS', 'ru_RU.UTF-8'), ('SNAP_DATA', '/var/snap/qtcreator-ros/107'), ('XDG_MENU_PREFIX', 'gnome-'), ('XDG_RUNTIME_DIR', '/run/user/1000'), ('DISPLAY', ':0'), ('LANG', 'en_US.UTF-8'), ('LC_TELEPHONE', 'ru_RU.UTF-8'), ('XDG_CURRENT_DESKTOP', 'ubuntu:GNOME'), ('XAUTHORITY', '/run/user/1000/.mutter-Xwaylandauth.K6OOL2'), ('XDG_SESSION_DESKTOP', 'ubuntu'), ('XMODIFIERS', '@im=ibus'), ('AMENT_PREFIX_PATH', '/home/robot33-6/student133_ws/install/test_visualization:/home/robot33-6/student133_ws/install/test_parameters:/home/robot33-6/student133_ws/install/test_client:/home/robot33-6/student133_ws/install/test_service:/home/robot33-6/student133_ws/install/test_custom_srv:/home/robot33-6/student133_ws/install/test_custom_publisher:/home/robot33-6/student133_ws/install/test_castom_publisher:/home/robot33-6/student133_ws/install/test_custom_msg:/home/robot33-6/student133_ws/install/test_subscriber:/home/robot33-6/student133_ws/install/test_publisher:/home/robot33-6/student133_ws/install/test_pkg:/opt/ros/humble'), ('SNAP_ARCH', 'amd64'), ('SNAP_COOKIE', 'zfxwyVEa0dSM0vT388UHnSyWy-Mv84K8RE-CWR0OLT2wc9JrOksa'), ('SNAP_USER_COMMON', '/home/robot33-6/snap/qtcreator-ros/common'), ('SSH_AGENT_LAUNCHER', 'gnome-keyring'), ('SSH_AUTH_SOCK', '/run/user/1000/keyring/ssh'), ('LC_NAME', 'ru_RU.UTF-8'), ('SHELL', '/bin/bash'), ('GDMSESSION', 'ubuntu'), ('QT_ACCESSIBILITY', '1'), ('SNAP_REEXEC', ''), ('SNAP_NAME', 'qtcreator-ros'), ('LC_MEASUREMENT', 'ru_RU.UTF-8'), ('GJS_DEBUG_OUTPUT', 'stderr'), ('LC_IDENTIFICATION', 'ru_RU.UTF-8'), ('QT_IM_MODULE', 'ibus'), ('PWD', '/home/robot33-6/student133_ws/build/test_serial_communication'), ('QT_QPA_PLATFORM', 'wayland;xcb'), ('SNAP_REAL_HOME', '/home/robot33-6'), ('XDG_CONFIG_DIRS', '/etc/xdg/xdg-ubuntu:/etc/xdg'), ('XDG_DATA_DIRS', '/usr/share/ubuntu:/usr/local/share/:/usr/share/:/var/lib/snapd/desktop'), ('LC_NUMERIC', 'ru_RU.UTF-8'), ('PYTHONPATH', '/home/robot33-6/student133_ws/install/test_custom_srv/local/lib/python3.10/dist-packages:/home/robot33-6/student133_ws/install/test_custom_msg/local/lib/python3.10/dist-packages:/opt/ros/humble/lib/python3.10/site-packages:/opt/ros/humble/local/lib/python3.10/dist-packages'), ('SNAP', '/snap/qtcreator-ros/107'), ('SNAP_EUID', '1000'), ('LC_PAPER', 'ru_RU.UTF-8'), ('COLCON', '1'), ('CMAKE_PREFIX_PATH', '/home/robot33-6/student133_ws/install/test_visualization:/home/robot33-6/student133_ws/install/test_parameters:/home/robot33-6/student133_ws/install/test_client:/home/robot33-6/student133_ws/install/test_service:/home/robot33-6/student133_ws/install/test_custom_srv:/home/robot33-6/student133_ws/install/test_custom_publisher:/home/robot33-6/student133_ws/install/test_castom_publisher:/home/robot33-6/student133_ws/install/test_custom_msg:/home/robot33-6/student133_ws/install/test_subscriber:/home/robot33-6/student133_ws/install/test_publisher:/home/robot33-6/student133_ws/install/test_pkg:/opt/ros/humble'), ('LIBGL_DRIVERS_PATH', '/snap/qtcreator-ros/107/usr/lib/x86_64-linux-gnu/dri')]), 'shell': False}
[4.957351] (test_serial_communication) StdoutLine: {'line': b'[ 50%] Building CXX object CMakeFiles/test_serial_communication_node.dir/src/test_serial_communication_node.cpp.o\n'}
[5.009191] (-) TimerEvent: {}
[5.109392] (-) TimerEvent: {}
[5.209617] (-) TimerEvent: {}
[5.309855] (-) TimerEvent: {}
[5.410093] (-) TimerEvent: {}
[5.510340] (-) TimerEvent: {}
[5.610602] (-) TimerEvent: {}
[5.710873] (-) TimerEvent: {}
[5.811100] (-) TimerEvent: {}
[5.911346] (-) TimerEvent: {}
[6.011585] (-) TimerEvent: {}
[6.111828] (-) TimerEvent: {}
[6.212116] (-) TimerEvent: {}
[6.312349] (-) TimerEvent: {}
[6.412577] (-) TimerEvent: {}
[6.512806] (-) TimerEvent: {}
[6.613043] (-) TimerEvent: {}
[6.713276] (-) TimerEvent: {}
[6.813510] (-) TimerEvent: {}
[6.913754] (-) TimerEvent: {}
[7.014029] (-) TimerEvent: {}
[7.114323] (-) TimerEvent: {}
[7.147263] (test_serial_communication) StderrLine: {'line': b'/home/robot33-6/student133_ws/src/test_serial_communication/src/test_serial_communication_node.cpp:95:2: error: expected \xe2\x80\x98}\xe2\x80\x99 at end of input\n'}
[7.147463] (test_serial_communication) StderrLine: {'line': b'   95 | }\n'}
[7.147551] (test_serial_communication) StderrLine: {'line': b'      |  ^\n'}
[7.147634] (test_serial_communication) StderrLine: {'line': b'/home/robot33-6/student133_ws/src/test_serial_communication/src/test_serial_communication_node.cpp:11:39: note: to match this \xe2\x80\x98{\xe2\x80\x99\n'}
[7.147721] (test_serial_communication) StderrLine: {'line': b'   11 | class TestSerial: public rclcpp::Node {\n'}
[7.147805] (test_serial_communication) StderrLine: {'line': b'      |                                       ^\n'}
[7.152659] (test_serial_communication) StderrLine: {'line': b'/home/robot33-6/student133_ws/src/test_serial_communication/src/test_serial_communication_node.cpp: In constructor \xe2\x80\x98TestSerial::TestSerial()\xe2\x80\x99:\n'}
[7.152770] (test_serial_communication) StderrLine: {'line': b'/home/robot33-6/student133_ws/src/test_serial_communication/src/test_serial_communication_node.cpp:16:30: error: \xe2\x80\x98std_msg\xe2\x80\x99 was not declared in this scope; did you mean \xe2\x80\x98std_msgs\xe2\x80\x99?\n'}
[7.152823] (test_serial_communication) StderrLine: {'line': b'   16 |       this->create_publisher<std_msg::msg::Int32>\n'}
[7.152870] (test_serial_communication) StderrLine: {'line': b'      |                              ^~~~~~~\n'}
[7.152916] (test_serial_communication) StderrLine: {'line': b'      |                              std_msgs\n'}
[7.152960] (test_serial_communication) StderrLine: {'line': b'/home/robot33-6/student133_ws/src/test_serial_communication/src/test_serial_communication_node.cpp:16:13: error: parse error in template argument list\n'}
[7.153006] (test_serial_communication) StderrLine: {'line': b'   16 |       this->create_publisher<std_msg::msg::Int32>\n'}
[7.153050] (test_serial_communication) StderrLine: {'line': b'      |             ^~~~~~~~~~~~~~~~~~~~~~~~~~~~~~~~~~~~~\n'}
[7.153094] (test_serial_communication) StderrLine: {'line': b'/home/robot33-6/student133_ws/src/test_serial_communication/src/test_serial_communication_node.cpp:17:7: error: no matching function for call to \xe2\x80\x98TestSerial::create_publisher<<expression error> >(const char [4], int)\xe2\x80\x99\n'}
[7.153139] (test_serial_communication) StderrLine: {'line': b'   16 |       this->create_publisher<std_msg::msg::Int32>\n'}
[7.153190] (test_serial_communication) StderrLine: {'line': b'      |       ~~~~~~~~~~~~~~~~~~~~~~~~~~~~~~~~~~~~~~~~~~~\n'}
[7.153233] (test_serial_communication) StderrLine: {'line': b'   17 |       ("pot",10);\n'}
[7.153280] (test_serial_communication) StderrLine: {'line': b'      |       ^~~~~~~~~~\n'}
[7.163623] (test_serial_communication) StderrLine: {'line': b'In file included from /opt/ros/humble/include/rclcpp/rclcpp/executors/single_threaded_executor.hpp:28,\n'}
[7.163750] (test_serial_communication) StderrLine: {'line': b'                 from /opt/ros/humble/include/rclcpp/rclcpp/executors.hpp:22,\n'}
[7.163801] (test_serial_communication) StderrLine: {'line': b'                 from /opt/ros/humble/include/rclcpp/rclcpp/rclcpp.hpp:155,\n'}
[7.163847] (test_serial_communication) StderrLine: {'line': b'                 from /home/robot33-6/student133_ws/src/test_serial_communication/src/test_serial_communication_node.cpp:1:\n'}
[7.163892] (test_serial_communication) StderrLine: {'line': b'/opt/ros/humble/include/rclcpp/rclcpp/node.hpp:195:3: note: candidate: \xe2\x80\x98template<class MessageT, class AllocatorT, class PublisherT> std::shared_ptr<PublisherT> rclcpp::Node::create_publisher(const string&, const rclcpp::QoS&, const rclcpp::PublisherOptionsWithAllocator<AllocatorT>&)\xe2\x80\x99\n'}
[7.163940] (test_serial_communication) StderrLine: {'line': b'  195 |   create_publisher(\n'}
[7.163985] (test_serial_communication) StderrLine: {'line': b'      |   ^~~~~~~~~~~~~~~~\n'}
[7.164074] (test_serial_communication) StderrLine: {'line': b'/opt/ros/humble/include/rclcpp/rclcpp/node.hpp:195:3: note:   template argument deduction/substitution failed:\n'}
[7.164165] (test_serial_communication) StderrLine: {'line': b'/home/robot33-6/student133_ws/src/test_serial_communication/src/test_serial_communication_node.cpp:17:7: error: template argument 1 is invalid\n'}
[7.164530] (test_serial_communication) StderrLine: {'line': b'   16 |       this->create_publisher<std_msg::msg::Int32>\n'}
[7.164588] (test_serial_communication) StderrLine: {'line': b'      |       ~~~~~~~~~~~~~~~~~~~~~~~~~~~~~~~~~~~~~~~~~~~\n'}
[7.164636] (test_serial_communication) StderrLine: {'line': b'   17 |       ("pot",10);\n'}
[7.164682] (test_serial_communication) StderrLine: {'line': b'      |       ^~~~~~~~~~\n'}
[7.164727] (test_serial_communication) StderrLine: {'line': b'/home/robot33-6/student133_ws/src/test_serial_communication/src/test_serial_communication_node.cpp:22:17: error: \xe2\x80\x98class LibSerial::SerialStream\xe2\x80\x99 has no member named \xe2\x80\x98SetBaundRate\xe2\x80\x99; did you mean \xe2\x80\x98SetBaudRate\xe2\x80\x99?\n'}
[7.164774] (test_serial_communication) StderrLine: {'line': b'   22 |   serial_stream.SetBaundRate(\n'}
[7.164818] (test_serial_communication) StderrLine: {'line': b'      |                 ^~~~~~~~~~~~\n'}
[7.164861] (test_serial_communication) StderrLine: {'line': b'      |                 SetBaudRate\n'}
[7.164904] (test_serial_communication) StderrLine: {'line': b'/home/robot33-6/student133_ws/src/test_serial_communication/src/test_serial_communication_node.cpp:23:9: error: \xe2\x80\x98BaundRate\xe2\x80\x99 has not been declared\n'}
[7.164950] (test_serial_communication) StderrLine: {'line': b'   23 |         BaundRate::BAUND_115200);\n'}
[7.164994] (test_serial_communication) StderrLine: {'line': b'      |         ^~~~~~~~~\n'}
[7.174151] (test_serial_communication) StderrLine: {'line': b'/home/robot33-6/student133_ws/src/test_serial_communication/src/test_serial_communication_node.cpp: In member function \xe2\x80\x98void TestSerial::timer_callback()\xe2\x80\x99:\n'}
[7.174255] (test_serial_communication) StderrLine: {'line': b'/home/robot33-6/student133_ws/src/test_serial_communication/src/test_serial_communication_node.cpp:51:74: error: expected \xe2\x80\x98)\xe2\x80\x99 before \xe2\x80\x98;\xe2\x80\x99 token\n'}
[7.174304] (test_serial_communication) StderrLine: {'line': b'   51 |     pot =std::stoi(income_str.substr( income_str.find(","+1, num_lenght));\n'}
[7.174359] (test_serial_communication) StderrLine: {'line': b'      |                                                                          ^\n'}
[7.174403] (test_serial_communication) StderrLine: {'line': b'/home/robot33-6/student133_ws/src/test_serial_communication/src/test_serial_communication_node.cpp:51:19: note: to match this \xe2\x80\x98(\xe2\x80\x99\n'}
[7.174451] (test_serial_communication) StderrLine: {'line': b'   51 |     pot =std::stoi(income_str.substr( income_str.find(","+1, num_lenght));\n'}
[7.174495] (test_serial_communication) StderrLine: {'line': b'      |                   ^\n'}
[7.178331] (test_serial_communication) StderrLine: {'line': b'/home/robot33-6/student133_ws/src/test_serial_communication/src/test_serial_communication_node.cpp: In member function \xe2\x80\x98int TestSerial::main(int, char**)\xe2\x80\x99:\n'}
[7.178450] (test_serial_communication) StderrLine: {'line': b'/home/robot33-6/student133_ws/src/test_serial_communication/src/test_serial_communication_node.cpp:95:1: warning: no return statement in function returning non-void [-Wreturn-type]\n'}
[7.178502] (test_serial_communication) StderrLine: {'line': b'   95 | }\n'}
[7.178546] (test_serial_communication) StderrLine: {'line': b'      | ^\n'}
[7.178589] (test_serial_communication) StderrLine: {'line': b'/home/robot33-6/student133_ws/src/test_serial_communication/src/test_serial_communication_node.cpp: At global scope:\n'}
[7.178632] (test_serial_communication) StderrLine: {'line': b'/home/robot33-6/student133_ws/src/test_serial_communication/src/test_serial_communication_node.cpp:95:2: error: expected unqualified-id at end of input\n'}
[7.178676] (test_serial_communication) StderrLine: {'line': b'   95 | }\n'}
[7.178719] (test_serial_communication) StderrLine: {'line': b'      |  ^\n'}
[7.214424] (-) TimerEvent: {}
[7.314622] (-) TimerEvent: {}
[7.414898] (-) TimerEvent: {}
[7.515159] (-) TimerEvent: {}
[7.615387] (-) TimerEvent: {}
[7.715655] (-) TimerEvent: {}
[7.815951] (-) TimerEvent: {}
[7.916245] (-) TimerEvent: {}
[7.928644] (test_serial_communication) StderrLine: {'line': b'gmake[2]: *** [CMakeFiles/test_serial_communication_node.dir/build.make:76: CMakeFiles/test_serial_communication_node.dir/src/test_serial_communication_node.cpp.o] Error 1\n'}
[7.928820] (test_serial_communication) StderrLine: {'line': b'gmake[1]: *** [CMakeFiles/Makefile2:137: CMakeFiles/test_serial_communication_node.dir/all] Error 2\n'}
[7.928973] (test_serial_communication) StderrLine: {'line': b'gmake: *** [Makefile:146: all] Error 2\n'}
[7.930172] (test_serial_communication) CommandEnded: {'returncode': 2}
[7.997865] (test_serial_communication) JobEnded: {'identifier': 'test_serial_communication', 'rc': 2}
[8.008338] (-) EventReactorShutdown: {}
