[0.074s] Invoking command in '/home/eragon/student133_ws/build/circle_detector': CMAKE_PREFIX_PATH=${CMAKE_PREFIX_PATH}:/home/eragon/student133_ws/install/test_image_sender:/home/eragon/student133_ws/install/test_image_receiver:/opt/ros/humble /usr/bin/cmake --build /home/eragon/student133_ws/build/circle_detector -- -j8 -l8
[0.211s] Consolidate compiler generated dependencies of target circle_detector_node
[0.272s] [ 50%] Building CXX object CMakeFiles/circle_detector_node.dir/src/circle_detector_node.cpp.o
[6.311s] /home/eragon/student133_ws/src/circle_detector/src/circle_detector_node.cpp: In member function ‘void CircleDetectorNode::image_callback(sensor_msgs::msg::Image_<std::allocator<void> >::SharedPtr)’:
[6.312s] /home/eragon/student133_ws/src/circle_detector/src/circle_detector_node.cpp:83:33: error: ‘largest_circle’ was not declared in this scope; did you mean ‘largest_circle_image’?
[6.312s]    83 |                 if (circle[2] > largest_circle[2])
[6.312s]       |                                 ^~~~~~~~~~~~~~
[6.312s]       |                                 largest_circle_image
[6.326s] /home/eragon/student133_ws/src/circle_detector/src/circle_detector_node.cpp:90:17: error: ‘largest_circle’ was not declared in this scope; did you mean ‘largest_circle_image’?
[6.326s]    90 |             if (largest_circle[2] >= 20 && largest_circle[2] <= 200)
[6.327s]       |                 ^~~~~~~~~~~~~~
[6.327s]       |                 largest_circle_image
[10.597s] gmake[2]: *** [CMakeFiles/circle_detector_node.dir/build.make:76: CMakeFiles/circle_detector_node.dir/src/circle_detector_node.cpp.o] Ошибка 1
[10.597s] gmake[1]: *** [CMakeFiles/Makefile2:137: CMakeFiles/circle_detector_node.dir/all] Ошибка 2
[10.597s] gmake: *** [Makefile:146: all] Ошибка 2
