[ 50%] Built target test_tf_broadcaster_node
Consolidate compiler generated dependencies of target test_tf_listener_node
[ 75%] Building CXX object CMakeFiles/test_tf_listener_node.dir/src/test_tf_listener_node.cpp.o
/home/eragon/student133_ws/src/test_tf_broadcaster/src/test_tf_listener_node.cpp: In member function ‘void TestTfListener::timer_callback()’:
/home/eragon/student133_ws/src/test_tf_broadcaster/src/test_tf_listener_node.cpp:61:20: error: return-statement with a value, in function returning ‘void’ [-fpermissive]
   61 |             return 0;
      |                    ^
gmake[2]: *** [CMakeFiles/test_tf_listener_node.dir/build.make:76: CMakeFiles/test_tf_listener_node.dir/src/test_tf_listener_node.cpp.o] Ошибка 1
gmake[1]: *** [CMakeFiles/Makefile2:165: CMakeFiles/test_tf_listener_node.dir/all] Ошибка 2
gmake: *** [Makefile:146: all] Ошибка 2
