[0.000000] (-) TimerEvent: {}
[0.000114] (test_pkg) JobQueued: {'identifier': 'test_pkg', 'dependencies': OrderedDict()}
[0.000517] (test_pkg) JobStarted: {'identifier': 'test_pkg'}
[0.052970] (test_pkg) JobProgress: {'identifier': 'test_pkg', 'progress': 'cmake'}
[0.054439] (test_pkg) JobProgress: {'identifier': 'test_pkg', 'progress': 'build'}
[0.054643] (test_pkg) Command: {'cmd': ['/usr/bin/cmake', '--build', '/home/robot33-5/student133_ws/build/test_pkg', '--', '-j8', '-l8'], 'cwd': '/home/robot33-5/student133_ws/build/test_pkg', 'env': OrderedDict([('GJS_DEBUG_TOPICS', 'JS ERROR;JS LOG'), ('LC_TIME', 'ru_RU.UTF-8'), ('SNAP_COMMON', '/var/snap/qtcreator-ros/common'), ('SNAP_INSTANCE_KEY', ''), ('USER', 'robot33-5'), ('XDG_SESSION_TYPE', 'wayland'), ('LD_LIBRARY_PATH', '/opt/ros/humble/opt/rviz_ogre_vendor/lib:/opt/ros/humble/lib/x86_64-linux-gnu:/opt/ros/humble/lib:/snap/qtcreator-ros/107/lib:/snap/qtcreator-ros/107/usr/lib/x86_64-linux-gnu'), ('SHLVL', '37'), ('SNAP_UID', '1000'), ('HOME', '/home/robot33-5'), ('SNAP_LIBRARY_PATH', '/var/lib/snapd/lib/gl:/var/lib/snapd/lib/gl32:/var/lib/snapd/void'), ('DESKTOP_SESSION', 'ubuntu'), ('QTDIR', '/usr/lib/x86_64-linux-gnu/qt5'), ('SNAP_USER_DATA', '/home/robot33-5/snap/qtcreator-ros/107'), ('GIO_LAUNCHED_DESKTOP_FILE', '/var/lib/snapd/desktop/applications/qtcreator-ros_qtcreator-ros.desktop'), ('GNOME_SHELL_SESSION_MODE', 'ubuntu'), ('GTK_MODULES', 'gail:atk-bridge'), ('ROS_PYTHON_VERSION', '3'), ('LC_MONETARY', 'ru_RU.UTF-8'), ('MANAGERPID', '1392'), ('DBUS_SESSION_BUS_ADDRESS', 'unix:path=/run/user/1000/bus'), ('SYSTEMD_EXEC_PID', '1568'), ('GIO_LAUNCHED_DESKTOP_FILE_PID', '6902'), ('SNAP_REVISION', '107'), ('COLCON_PREFIX_PATH', '/home/robot33-5/student133_ws/install'), ('IM_CONFIG_PHASE', '1'), ('ROS_DISTRO', 'humble'), ('WAYLAND_DISPLAY', 'wayland-0'), ('LOGNAME', 'robot33-5'), ('JOURNAL_STREAM', '8:28026'), ('SNAP_CONTEXT', 'LPsIUpTfNsdvJiuC9PQttVL9Kp7JxPCS1EuRBfoqsQhqHTJvyXaY'), ('_', '/usr/bin/env'), ('ROS_VERSION', '2'), ('SNAP_VERSION', '12.0.2'), ('XDG_SESSION_CLASS', 'user'), ('TERM', 'xterm'), ('USERNAME', 'robot33-5'), ('GNOME_DESKTOP_SESSION_ID', 'this-is-deprecated'), ('ROS_LOCALHOST_ONLY', '0'), ('SNAP_INSTANCE_NAME', 'qtcreator-ros'), ('PATH', '/opt/ros/humble/bin:/usr/local/sbin:/usr/local/bin:/usr/sbin:/usr/bin:/sbin:/bin:/usr/games:/usr/local/games:/snap/bin:/snap/bin'), ('INVOCATION_ID', '4b6a7057ad524f0183bbec85fb432212'), ('SESSION_MANAGER', 'local/robot33-5:@/tmp/.ICE-unix/1542,unix/robot33-5:/tmp/.ICE-unix/1542'), ('BAMF_DESKTOP_FILE_HINT', '/var/lib/snapd/desktop/applications/qtcreator-ros_qtcreator-ros.desktop'), ('GNOME_SETUP_DISPLAY', ':1'), ('LC_ADDRESS', 'ru_RU.UTF-8'), ('SNAP_DATA', '/var/snap/qtcreator-ros/107'), ('XDG_MENU_PREFIX', 'gnome-'), ('XDG_RUNTIME_DIR', '/run/user/1000'), ('DISPLAY', ':0'), ('LANG', 'en_US.UTF-8'), ('LC_TELEPHONE', 'ru_RU.UTF-8'), ('XDG_CURRENT_DESKTOP', 'ubuntu:GNOME'), ('XAUTHORITY', '/run/user/1000/.mutter-Xwaylandauth.QQR0I2'), ('XDG_SESSION_DESKTOP', 'ubuntu'), ('XMODIFIERS', '@im=ibus'), ('AMENT_PREFIX_PATH', '/home/robot33-5/student133_ws/install/test_pkg:/opt/ros/humble'), ('SNAP_ARCH', 'amd64'), ('SNAP_COOKIE', 'LPsIUpTfNsdvJiuC9PQttVL9Kp7JxPCS1EuRBfoqsQhqHTJvyXaY'), ('SNAP_USER_COMMON', '/home/robot33-5/snap/qtcreator-ros/common'), ('SSH_AGENT_LAUNCHER', 'gnome-keyring'), ('SSH_AUTH_SOCK', '/run/user/1000/keyring/ssh'), ('LC_NAME', 'ru_RU.UTF-8'), ('SHELL', '/bin/bash'), ('GDMSESSION', 'ubuntu'), ('QT_ACCESSIBILITY', '1'), ('SNAP_REEXEC', ''), ('SNAP_NAME', 'qtcreator-ros'), ('LC_MEASUREMENT', 'ru_RU.UTF-8'), ('GJS_DEBUG_OUTPUT', 'stderr'), ('LC_IDENTIFICATION', 'ru_RU.UTF-8'), ('QT_IM_MODULE', 'ibus'), ('PWD', '/home/robot33-5/student133_ws/build/test_pkg'), ('QT_QPA_PLATFORM', 'wayland;xcb'), ('SNAP_REAL_HOME', '/home/robot33-5'), ('XDG_CONFIG_DIRS', '/etc/xdg/xdg-ubuntu:/etc/xdg'), ('XDG_DATA_DIRS', '/usr/share/ubuntu:/usr/local/share/:/usr/share/:/var/lib/snapd/desktop'), ('LC_NUMERIC', 'ru_RU.UTF-8'), ('PYTHONPATH', '/opt/ros/humble/lib/python3.10/site-packages:/opt/ros/humble/local/lib/python3.10/dist-packages'), ('SNAP', '/snap/qtcreator-ros/107'), ('SNAP_EUID', '1000'), ('LC_PAPER', 'ru_RU.UTF-8'), ('COLCON', '1'), ('CMAKE_PREFIX_PATH', '/home/robot33-5/student133_ws/install/test_pkg:/opt/ros/humble'), ('LIBGL_DRIVERS_PATH', '/snap/qtcreator-ros/107/usr/lib/x86_64-linux-gnu/dri')]), 'shell': False}
[0.088290] (test_pkg) StdoutLine: {'line': b'[ 50%] Building CXX object CMakeFiles/test_pkg_node.dir/src/test_pkg_node.cpp.o\n'}
[0.099904] (-) TimerEvent: {}
[0.200131] (-) TimerEvent: {}
[0.277501] (test_pkg) StderrLine: {'line': b'/home/robot33-5/student133_ws/src/test_pkg/src/test_pkg_node.cpp:25:37: error: macro "RCLCPP_INFO_STREAM" requires 2 arguments, but only 1 given\n'}
[0.277649] (test_pkg) StderrLine: {'line': b'   25 |                        "Hello world");\n'}
[0.277705] (test_pkg) StderrLine: {'line': b'      |                                     ^\n'}
[0.277876] (test_pkg) StderrLine: {'line': b'In file included from /opt/ros/humble/include/rclcpp/rclcpp/client.hpp:40,\n'}
[0.277930] (test_pkg) StderrLine: {'line': b'                 from /opt/ros/humble/include/rclcpp/rclcpp/callback_group.hpp:24,\n'}
[0.277976] (test_pkg) StderrLine: {'line': b'                 from /opt/ros/humble/include/rclcpp/rclcpp/any_executable.hpp:20,\n'}
[0.278022] (test_pkg) StderrLine: {'line': b'                 from /opt/ros/humble/include/rclcpp/rclcpp/memory_strategy.hpp:25,\n'}
[0.278067] (test_pkg) StderrLine: {'line': b'                 from /opt/ros/humble/include/rclcpp/rclcpp/memory_strategies.hpp:18,\n'}
[0.278111] (test_pkg) StderrLine: {'line': b'                 from /opt/ros/humble/include/rclcpp/rclcpp/executor_options.hpp:20,\n'}
[0.278156] (test_pkg) StderrLine: {'line': b'                 from /opt/ros/humble/include/rclcpp/rclcpp/executor.hpp:37,\n'}
[0.278200] (test_pkg) StderrLine: {'line': b'                 from /opt/ros/humble/include/rclcpp/rclcpp/executors/multi_threaded_executor.hpp:25,\n'}
[0.278245] (test_pkg) StderrLine: {'line': b'                 from /opt/ros/humble/include/rclcpp/rclcpp/executors.hpp:21,\n'}
[0.278289] (test_pkg) StderrLine: {'line': b'                 from /opt/ros/humble/include/rclcpp/rclcpp/rclcpp.hpp:155,\n'}
[0.278333] (test_pkg) StderrLine: {'line': b'                 from /home/robot33-5/student133_ws/src/test_pkg/src/test_pkg_node.cpp:2:\n'}
[0.278377] (test_pkg) StderrLine: {'line': b'/opt/ros/humble/include/rclcpp/rclcpp/logging.hpp:722: note: macro "RCLCPP_INFO_STREAM" defined here\n'}
[0.278421] (test_pkg) StderrLine: {'line': b'  722 | #define RCLCPP_INFO_STREAM(logger, stream_arg) \\\n'}
[0.278464] (test_pkg) StderrLine: {'line': b'      | \n'}
[0.300292] (-) TimerEvent: {}
[0.400502] (-) TimerEvent: {}
[0.500728] (-) TimerEvent: {}
[0.600953] (-) TimerEvent: {}
[0.701170] (-) TimerEvent: {}
[0.801385] (-) TimerEvent: {}
[0.901607] (-) TimerEvent: {}
[1.001836] (-) TimerEvent: {}
[1.102048] (-) TimerEvent: {}
[1.202264] (-) TimerEvent: {}
[1.302491] (-) TimerEvent: {}
[1.402719] (-) TimerEvent: {}
[1.502949] (-) TimerEvent: {}
[1.603168] (-) TimerEvent: {}
[1.703391] (-) TimerEvent: {}
[1.803616] (-) TimerEvent: {}
[1.880707] (test_pkg) StderrLine: {'line': b'/home/robot33-5/student133_ws/src/test_pkg/src/test_pkg_node.cpp:20:21: error: cannot declare field \xe2\x80\x98TestNode::timer\xe2\x80\x99 to be of abstract type \xe2\x80\x98rclcpp::TimerBase\xe2\x80\x99\n'}
[1.880823] (test_pkg) StderrLine: {'line': b'   20 |   rclcpp::TimerBase timer;\n'}
[1.880875] (test_pkg) StderrLine: {'line': b'      |                     ^~~~~\n'}
[1.880921] (test_pkg) StderrLine: {'line': b'In file included from /opt/ros/humble/include/rclcpp/rclcpp/callback_group.hpp:30,\n'}
[1.880967] (test_pkg) StderrLine: {'line': b'                 from /opt/ros/humble/include/rclcpp/rclcpp/any_executable.hpp:20,\n'}
[1.881011] (test_pkg) StderrLine: {'line': b'                 from /opt/ros/humble/include/rclcpp/rclcpp/memory_strategy.hpp:25,\n'}
[1.881057] (test_pkg) StderrLine: {'line': b'                 from /opt/ros/humble/include/rclcpp/rclcpp/memory_strategies.hpp:18,\n'}
[1.881102] (test_pkg) StderrLine: {'line': b'                 from /opt/ros/humble/include/rclcpp/rclcpp/executor_options.hpp:20,\n'}
[1.881240] (test_pkg) StderrLine: {'line': b'                 from /opt/ros/humble/include/rclcpp/rclcpp/executor.hpp:37,\n'}
[1.881285] (test_pkg) StderrLine: {'line': b'                 from /opt/ros/humble/include/rclcpp/rclcpp/executors/multi_threaded_executor.hpp:25,\n'}
[1.881343] (test_pkg) StderrLine: {'line': b'                 from /opt/ros/humble/include/rclcpp/rclcpp/executors.hpp:21,\n'}
[1.881390] (test_pkg) StderrLine: {'line': b'                 from /opt/ros/humble/include/rclcpp/rclcpp/rclcpp.hpp:155,\n'}
[1.881434] (test_pkg) StderrLine: {'line': b'                 from /home/robot33-5/student133_ws/src/test_pkg/src/test_pkg_node.cpp:2:\n'}
[1.881477] (test_pkg) StderrLine: {'line': b'/opt/ros/humble/include/rclcpp/rclcpp/timer.hpp:46:7: note:   because the following virtual functions are pure within \xe2\x80\x98rclcpp::TimerBase\xe2\x80\x99:\n'}
[1.881521] (test_pkg) StderrLine: {'line': b'   46 | class TimerBase\n'}
[1.881564] (test_pkg) StderrLine: {'line': b'      |       ^~~~~~~~~\n'}
[1.881606] (test_pkg) StderrLine: {'line': b'/opt/ros/humble/include/rclcpp/rclcpp/timer.hpp:103:3: note:     \xe2\x80\x98virtual bool rclcpp::TimerBase::call()\xe2\x80\x99\n'}
[1.881649] (test_pkg) StderrLine: {'line': b'  103 |   call() = 0;\n'}
[1.881691] (test_pkg) StderrLine: {'line': b'      |   ^~~~\n'}
[1.881738] (test_pkg) StderrLine: {'line': b'/opt/ros/humble/include/rclcpp/rclcpp/timer.hpp:108:3: note:     \xe2\x80\x98virtual void rclcpp::TimerBase::execute_callback()\xe2\x80\x99\n'}
[1.881791] (test_pkg) StderrLine: {'line': b'  108 |   execute_callback() = 0;\n'}
[1.881841] (test_pkg) StderrLine: {'line': b'      |   ^~~~~~~~~~~~~~~~\n'}
[1.881889] (test_pkg) StderrLine: {'line': b'/opt/ros/humble/include/rclcpp/rclcpp/timer.hpp:126:16: note:     \xe2\x80\x98virtual bool rclcpp::TimerBase::is_steady()\xe2\x80\x99\n'}
[1.881939] (test_pkg) StderrLine: {'line': b'  126 |   virtual bool is_steady() = 0;\n'}
[1.881988] (test_pkg) StderrLine: {'line': b'      |                ^~~~~~~~~\n'}
[1.882037] (test_pkg) StderrLine: {'line': b'/home/robot33-5/student133_ws/src/test_pkg/src/test_pkg_node.cpp: In constructor \xe2\x80\x98TestNode::TestNode()\xe2\x80\x99:\n'}
[1.882086] (test_pkg) StderrLine: {'line': b'/home/robot33-5/student133_ws/src/test_pkg/src/test_pkg_node.cpp:11:19: error: no matching function for call to \xe2\x80\x98rclcpp::TimerBase::TimerBase()\xe2\x80\x99\n'}
[1.882135] (test_pkg) StderrLine: {'line': b'   11 |   Node("test_node") //\xd0\x98\xd0\xbc\xd1\x8f \xd1\x83\xd0\xb7\xd0\xbb\xd0\xb0\n'}
[1.882188] (test_pkg) StderrLine: {'line': b'      |                   ^\n'}
[1.882237] (test_pkg) StderrLine: {'line': b'In file included from /opt/ros/humble/include/rclcpp/rclcpp/callback_group.hpp:30,\n'}
[1.882286] (test_pkg) StderrLine: {'line': b'                 from /opt/ros/humble/include/rclcpp/rclcpp/any_executable.hpp:20,\n'}
[1.882334] (test_pkg) StderrLine: {'line': b'                 from /opt/ros/humble/include/rclcpp/rclcpp/memory_strategy.hpp:25,\n'}
[1.882382] (test_pkg) StderrLine: {'line': b'                 from /opt/ros/humble/include/rclcpp/rclcpp/memory_strategies.hpp:18,\n'}
[1.882429] (test_pkg) StderrLine: {'line': b'                 from /opt/ros/humble/include/rclcpp/rclcpp/executor_options.hpp:20,\n'}
[1.882477] (test_pkg) StderrLine: {'line': b'                 from /opt/ros/humble/include/rclcpp/rclcpp/executor.hpp:37,\n'}
[1.882525] (test_pkg) StderrLine: {'line': b'                 from /opt/ros/humble/include/rclcpp/rclcpp/executors/multi_threaded_executor.hpp:25,\n'}
[1.882577] (test_pkg) StderrLine: {'line': b'                 from /opt/ros/humble/include/rclcpp/rclcpp/executors.hpp:21,\n'}
[1.882629] (test_pkg) StderrLine: {'line': b'                 from /opt/ros/humble/include/rclcpp/rclcpp/rclcpp.hpp:155,\n'}
[1.882678] (test_pkg) StderrLine: {'line': b'                 from /home/robot33-5/student133_ws/src/test_pkg/src/test_pkg_node.cpp:2:\n'}
[1.882730] (test_pkg) StderrLine: {'line': b'/opt/ros/humble/include/rclcpp/rclcpp/timer.hpp:58:12: note: candidate: \xe2\x80\x98rclcpp::TimerBase::TimerBase(rclcpp::Clock::SharedPtr, std::chrono::nanoseconds, rclcpp::Context::SharedPtr)\xe2\x80\x99\n'}
[1.882778] (test_pkg) StderrLine: {'line': b'   58 |   explicit TimerBase(\n'}
[1.882826] (test_pkg) StderrLine: {'line': b'      |            ^~~~~~~~~\n'}
[1.892101] (test_pkg) StderrLine: {'line': b'/opt/ros/humble/include/rclcpp/rclcpp/timer.hpp:58:12: note:   candidate expects 3 arguments, 0 provided\n'}
[1.895779] (test_pkg) StderrLine: {'line': b'/home/robot33-5/student133_ws/src/test_pkg/src/test_pkg_node.cpp:14:33: error: \xe2\x80\x98ls\xe2\x80\x99 was not declared in this scope\n'}
[1.895855] (test_pkg) StderrLine: {'line': b'   14 |         this->create_wall_timer(ls,\n'}
[1.895903] (test_pkg) StderrLine: {'line': b'      |                                 ^~\n'}
[1.903709] (-) TimerEvent: {}
[1.905446] (test_pkg) StderrLine: {'line': b'/home/robot33-5/student133_ws/src/test_pkg/src/test_pkg_node.cpp: In member function \xe2\x80\x98void TestNode::timer_callback()\xe2\x80\x99:\n'}
[1.905534] (test_pkg) StderrLine: {'line': b'/home/robot33-5/student133_ws/src/test_pkg/src/test_pkg_node.cpp:24:5: error: \xe2\x80\x98RCLCPP_INFO_STREAM\xe2\x80\x99 was not declared in this scope\n'}
[1.905582] (test_pkg) StderrLine: {'line': b'   24 |     RCLCPP_INFO_STREAM(this->get_logger()\n'}
[1.905626] (test_pkg) StderrLine: {'line': b'      |     ^~~~~~~~~~~~~~~~~~\n'}
[1.905670] (test_pkg) StderrLine: {'line': b'/home/robot33-5/student133_ws/src/test_pkg/src/test_pkg_node.cpp: In function \xe2\x80\x98int main(int, char**)\xe2\x80\x99:\n'}
[1.905713] (test_pkg) StderrLine: {'line': b'/home/robot33-5/student133_ws/src/test_pkg/src/test_pkg_node.cpp:29:14: warning: unused parameter \xe2\x80\x98argc\xe2\x80\x99 [-Wunused-parameter]\n'}
[1.905757] (test_pkg) StderrLine: {'line': b'   29 | int main(int argc, char **argv)\n'}
[1.905801] (test_pkg) StderrLine: {'line': b'      |          ~~~~^~~~\n'}
[1.905844] (test_pkg) StderrLine: {'line': b'/home/robot33-5/student133_ws/src/test_pkg/src/test_pkg_node.cpp:29:27: warning: unused parameter \xe2\x80\x98argv\xe2\x80\x99 [-Wunused-parameter]\n'}
[1.905888] (test_pkg) StderrLine: {'line': b'   29 | int main(int argc, char **argv)\n'}
[1.905931] (test_pkg) StderrLine: {'line': b'      |                    ~~~~~~~^~~~\n'}
[2.003886] (-) TimerEvent: {}
[2.104108] (-) TimerEvent: {}
[2.204330] (-) TimerEvent: {}
[2.262728] (test_pkg) StderrLine: {'line': b'gmake[2]: *** [CMakeFiles/test_pkg_node.dir/build.make:76: CMakeFiles/test_pkg_node.dir/src/test_pkg_node.cpp.o] Error 1\n'}
[2.262958] (test_pkg) StderrLine: {'line': b'gmake[1]: *** [CMakeFiles/Makefile2:137: CMakeFiles/test_pkg_node.dir/all] Error 2\n'}
[2.263050] (test_pkg) StderrLine: {'line': b'gmake: *** [Makefile:146: all] Error 2\n'}
[2.264214] (test_pkg) CommandEnded: {'returncode': 2}
[2.304601] (-) TimerEvent: {}
[2.338758] (test_pkg) JobEnded: {'identifier': 'test_pkg', 'rc': 2}
[2.349062] (-) EventReactorShutdown: {}
