/home/robot33-6/student133_ws/src/test_custom_publisher/src/test_custom_publisher.cpp:1:10: fatal error: rclcpp/rclcpp.hpp: No such file or directory
    1 | #include <rclcpp/rclcpp.hpp>
      |          ^~~~~~~~~~~~~~~~~~~
compilation terminated.
gmake[2]: *** [CMakeFiles/test_custom_publisher_node.dir/build.make:76: CMakeFiles/test_custom_publisher_node.dir/src/test_custom_publisher.cpp.o] Error 1
gmake[1]: *** [CMakeFiles/Makefile2:137: CMakeFiles/test_custom_publisher_node.dir/all] Error 2
gmake: *** [Makefile:146: all] Error 2
