[0.211s] Invoking command in '/home/robot33-6/student133_ws/build/test_custom_publisher': CMAKE_PREFIX_PATH=${CMAKE_PREFIX_PATH}:/opt/ros/humble /usr/bin/cmake /home/robot33-6/student133_ws/src/test_custom_publisher -G CodeBlocks - Unix Makefiles -DCMAKE_BUILD_TYPE=Debug -DCMAKE_INSTALL_PREFIX=/home/robot33-6/student133_ws/install/test_custom_publisher
[0.225s] -- Found ament_cmake: 1.3.7 (/opt/ros/humble/share/ament_cmake/cmake)
[0.456s] -- Found rclcpp: 16.0.8 (/opt/ros/humble/share/rclcpp/cmake)
[0.457s] -- Found rosidl_generator_c: 3.1.5 (/opt/ros/humble/share/rosidl_generator_c/cmake)
[0.457s] -- Found rosidl_adapter: 3.1.5 (/opt/ros/humble/share/rosidl_adapter/cmake)
[0.466s] -- Found rosidl_generator_cpp: 3.1.5 (/opt/ros/humble/share/rosidl_generator_cpp/cmake)
[0.576s] -- Using all available rosidl_typesupport_c: rosidl_typesupport_fastrtps_c;rosidl_typesupport_introspection_c
[0.576s] -- Using all available rosidl_typesupport_cpp: rosidl_typesupport_fastrtps_cpp;rosidl_typesupport_introspection_cpp
[0.603s] -- Found rmw_implementation_cmake: 6.1.1 (/opt/ros/humble/share/rmw_implementation_cmake/cmake)
[0.605s] -- Found rmw_fastrtps_cpp: 6.2.6 (/opt/ros/humble/share/rmw_fastrtps_cpp/cmake)
[0.776s] -- Using RMW implementation 'rmw_fastrtps_cpp' as default
[1.087s] -- Found test_custom_msg: 0.0.0 (/home/robot33-6/student133_ws/install/test_custom_msg/share/test_custom_msg/cmake)
[1.267s] -- Found ament_lint_auto: 0.12.10 (/opt/ros/humble/share/ament_lint_auto/cmake)
[1.388s] -- Added test 'cppcheck' to perform static code analysis on C / C++ code
[1.389s] -- Configured cppcheck include dirs: 
[1.389s] -- Configured cppcheck exclude dirs and/or files: 
[1.391s] -- Added test 'lint_cmake' to check CMake code style
[1.393s] -- Added test 'uncrustify' to check C / C++ code style
[1.393s] -- Configured uncrustify additional arguments: 
[1.394s] -- Added test 'xmllint' to check XML markup files
[1.397s] -- Configuring done
[1.420s] -- Generating done
[1.423s] -- Build files have been written to: /home/robot33-6/student133_ws/build/test_custom_publisher
[1.440s] Invoked command in '/home/robot33-6/student133_ws/build/test_custom_publisher' returned '0': CMAKE_PREFIX_PATH=${CMAKE_PREFIX_PATH}:/opt/ros/humble /usr/bin/cmake /home/robot33-6/student133_ws/src/test_custom_publisher -G CodeBlocks - Unix Makefiles -DCMAKE_BUILD_TYPE=Debug -DCMAKE_INSTALL_PREFIX=/home/robot33-6/student133_ws/install/test_custom_publisher
[1.440s] Invoking command in '/home/robot33-6/student133_ws/build/test_custom_publisher': CMAKE_PREFIX_PATH=${CMAKE_PREFIX_PATH}:/opt/ros/humble /usr/bin/cmake --build /home/robot33-6/student133_ws/build/test_custom_publisher -- -j8 -l8
[1.509s] [ 50%] Building CXX object CMakeFiles/test_custom_publisher_node.dir/src/test_custom_publisher.cpp.o
[1.520s] /home/robot33-6/student133_ws/src/test_custom_publisher/src/test_custom_publisher.cpp:1:10: fatal error: rclcpp/rclcpp.hpp: No such file or directory
[1.520s]     1 | #include <rclcpp/rclcpp.hpp>
[1.520s]       |          ^~~~~~~~~~~~~~~~~~~
[1.520s] compilation terminated.
[1.522s] gmake[2]: *** [CMakeFiles/test_custom_publisher_node.dir/build.make:76: CMakeFiles/test_custom_publisher_node.dir/src/test_custom_publisher.cpp.o] Error 1
[1.522s] gmake[1]: *** [CMakeFiles/Makefile2:137: CMakeFiles/test_custom_publisher_node.dir/all] Error 2
[1.522s] gmake: *** [Makefile:146: all] Error 2
[1.526s] Invoked command in '/home/robot33-6/student133_ws/build/test_custom_publisher' returned '2': CMAKE_PREFIX_PATH=${CMAKE_PREFIX_PATH}:/opt/ros/humble /usr/bin/cmake --build /home/robot33-6/student133_ws/build/test_custom_publisher -- -j8 -l8
