[0.121s] Invoking command in '/home/robot33-6/student133_ws/build/test_serial_communication': CMAKE_PREFIX_PATH=${CMAKE_PREFIX_PATH}:/opt/ros/humble /usr/bin/cmake --build /home/robot33-6/student133_ws/build/test_serial_communication -- -j8 -l8
[0.126s] -- Found ament_cmake: 1.3.7 (/opt/ros/humble/share/ament_cmake/cmake)
[0.470s] -- Found rclcpp: 16.0.8 (/opt/ros/humble/share/rclcpp/cmake)
[0.470s] -- Found rosidl_generator_c: 3.1.5 (/opt/ros/humble/share/rosidl_generator_c/cmake)
[0.470s] -- Found rosidl_adapter: 3.1.5 (/opt/ros/humble/share/rosidl_adapter/cmake)
[0.471s] -- Found rosidl_generator_cpp: 3.1.5 (/opt/ros/humble/share/rosidl_generator_cpp/cmake)
[0.471s] -- Using all available rosidl_typesupport_c: rosidl_typesupport_fastrtps_c;rosidl_typesupport_introspection_c
[0.519s] -- Using all available rosidl_typesupport_cpp: rosidl_typesupport_fastrtps_cpp;rosidl_typesupport_introspection_cpp
[0.521s] -- Found rmw_implementation_cmake: 6.1.1 (/opt/ros/humble/share/rmw_implementation_cmake/cmake)
[0.521s] -- Found rmw_fastrtps_cpp: 6.2.6 (/opt/ros/humble/share/rmw_fastrtps_cpp/cmake)
[0.730s] -- Using RMW implementation 'rmw_fastrtps_cpp' as default
[0.834s] -- Found sensor_msgs: 4.2.3 (/opt/ros/humble/share/sensor_msgs/cmake)
[0.941s] -- Found ament_lint_auto: 0.12.10 (/opt/ros/humble/share/ament_lint_auto/cmake)
[0.997s] -- Added test 'cppcheck' to perform static code analysis on C / C++ code
[0.997s] -- Configured cppcheck include dirs: 
[0.997s] -- Configured cppcheck exclude dirs and/or files: 
[0.998s] -- Added test 'lint_cmake' to check CMake code style
[0.998s] -- Added test 'uncrustify' to check C / C++ code style
[0.998s] -- Configured uncrustify additional arguments: 
[0.998s] -- Added test 'xmllint' to check XML markup files
[0.998s] -- Configuring done
[0.998s] -- Generating done
[0.998s] -- Build files have been written to: /home/robot33-6/student133_ws/build/test_serial_communication
[0.998s] Consolidate compiler generated dependencies of target test_serial_communication_node
[0.998s] [ 50%] Building CXX object CMakeFiles/test_serial_communication_node.dir/src/test_serial_communication_node.cpp.o
[2.905s] /home/robot33-6/student133_ws/src/test_serial_communication/src/test_serial_communication_node.cpp: In constructor ‘TestSerial::TestSerial()’:
[2.905s] /home/robot33-6/student133_ws/src/test_serial_communication/src/test_serial_communication_node.cpp:16:30: error: ‘std_msg’ was not declared in this scope; did you mean ‘std_msgs’?
[2.905s]    16 |       this->create_publisher<std_msg::msg::Int32>
[2.905s]       |                              ^~~~~~~
[2.905s]       |                              std_msgs
[2.905s] /home/robot33-6/student133_ws/src/test_serial_communication/src/test_serial_communication_node.cpp:16:13: error: parse error in template argument list
[2.905s]    16 |       this->create_publisher<std_msg::msg::Int32>
[2.905s]       |             ^~~~~~~~~~~~~~~~~~~~~~~~~~~~~~~~~~~~~
[2.905s] /home/robot33-6/student133_ws/src/test_serial_communication/src/test_serial_communication_node.cpp:17:7: error: no matching function for call to ‘TestSerial::create_publisher<<expression error> >(const char [4], int)’
[2.905s]    16 |       this->create_publisher<std_msg::msg::Int32>
[2.905s]       |       ~~~~~~~~~~~~~~~~~~~~~~~~~~~~~~~~~~~~~~~~~~~
[2.906s]    17 |       ("pot",10);
[2.906s]       |       ^~~~~~~~~~
[2.906s] In file included from /opt/ros/humble/include/rclcpp/rclcpp/executors/single_threaded_executor.hpp:28,
[2.906s]                  from /opt/ros/humble/include/rclcpp/rclcpp/executors.hpp:22,
[2.906s]                  from /opt/ros/humble/include/rclcpp/rclcpp/rclcpp.hpp:155,
[2.906s]                  from /home/robot33-6/student133_ws/src/test_serial_communication/src/test_serial_communication_node.cpp:1:
[2.906s] /opt/ros/humble/include/rclcpp/rclcpp/node.hpp:195:3: note: candidate: ‘template<class MessageT, class AllocatorT, class PublisherT> std::shared_ptr<PublisherT> rclcpp::Node::create_publisher(const string&, const rclcpp::QoS&, const rclcpp::PublisherOptionsWithAllocator<AllocatorT>&)’
[2.906s]   195 |   create_publisher(
[2.906s]       |   ^~~~~~~~~~~~~~~~
[2.906s] /opt/ros/humble/include/rclcpp/rclcpp/node.hpp:195:3: note:   template argument deduction/substitution failed:
[2.906s] /home/robot33-6/student133_ws/src/test_serial_communication/src/test_serial_communication_node.cpp:17:7: error: template argument 1 is invalid
[2.906s]    16 |       this->create_publisher<std_msg::msg::Int32>
[2.906s]       |       ~~~~~~~~~~~~~~~~~~~~~~~~~~~~~~~~~~~~~~~~~~~
[2.906s]    17 |       ("pot",10);
[2.906s]       |       ^~~~~~~~~~
[2.906s] /home/robot33-6/student133_ws/src/test_serial_communication/src/test_serial_communication_node.cpp:22:17: error: ‘class LibSerial::SerialStream’ has no member named ‘SetBaundRate’; did you mean ‘SetBaudRate’?
[2.906s]    22 |   serial_stream.SetBaundRate(
[2.906s]       |                 ^~~~~~~~~~~~
[2.906s]       |                 SetBaudRate
[2.906s] /home/robot33-6/student133_ws/src/test_serial_communication/src/test_serial_communication_node.cpp:23:9: error: ‘BaundRate’ has not been declared
[2.906s]    23 |         BaundRate::BAUND_115200);
[2.906s]       |         ^~~~~~~~~
[2.914s] /home/robot33-6/student133_ws/src/test_serial_communication/src/test_serial_communication_node.cpp: In member function ‘void TestSerial::timer_callback()’:
[2.914s] /home/robot33-6/student133_ws/src/test_serial_communication/src/test_serial_communication_node.cpp:51:74: error: expected ‘)’ before ‘;’ token
[2.914s]    51 |     pot =std::stoi(income_str.substr( income_str.find(","+1, num_lenght));
[2.914s]       |                                                                          ^
[2.914s] /home/robot33-6/student133_ws/src/test_serial_communication/src/test_serial_communication_node.cpp:51:19: note: to match this ‘(’
[2.914s]    51 |     pot =std::stoi(income_str.substr( income_str.find(","+1, num_lenght));
[2.914s]       |                   ^
[3.572s] gmake[2]: *** [CMakeFiles/test_serial_communication_node.dir/build.make:76: CMakeFiles/test_serial_communication_node.dir/src/test_serial_communication_node.cpp.o] Error 1
[3.572s] gmake[1]: *** [CMakeFiles/Makefile2:137: CMakeFiles/test_serial_communication_node.dir/all] Error 2
[3.572s] gmake: *** [Makefile:146: all] Error 2
[3.574s] Invoked command in '/home/robot33-6/student133_ws/build/test_serial_communication' returned '2': CMAKE_PREFIX_PATH=${CMAKE_PREFIX_PATH}:/opt/ros/humble /usr/bin/cmake --build /home/robot33-6/student133_ws/build/test_serial_communication -- -j8 -l8
