[0.037s] Invoking command in '/home/robot33-6/student133_ws/build/test_service': CMAKE_PREFIX_PATH=${CMAKE_PREFIX_PATH}:/opt/ros/humble /usr/bin/cmake --build /home/robot33-6/student133_ws/build/test_service -- -j8 -l8
[0.072s] -- Found ament_cmake: 1.3.8 (/opt/ros/humble/share/ament_cmake/cmake)
[0.259s] -- Found rclcpp: 16.0.8 (/opt/ros/humble/share/rclcpp/cmake)
[0.288s] -- Found rosidl_generator_c: 3.1.5 (/opt/ros/humble/share/rosidl_generator_c/cmake)
[0.290s] -- Found rosidl_adapter: 3.1.5 (/opt/ros/humble/share/rosidl_adapter/cmake)
[0.296s] -- Found rosidl_generator_cpp: 3.1.5 (/opt/ros/humble/share/rosidl_generator_cpp/cmake)
[0.307s] -- Using all available rosidl_typesupport_c: rosidl_typesupport_fastrtps_c;rosidl_typesupport_introspection_c
[0.325s] -- Using all available rosidl_typesupport_cpp: rosidl_typesupport_fastrtps_cpp;rosidl_typesupport_introspection_cpp
[0.376s] -- Found rmw_implementation_cmake: 6.1.1 (/opt/ros/humble/share/rmw_implementation_cmake/cmake)
[0.377s] -- Found rmw_fastrtps_cpp: 6.2.6 (/opt/ros/humble/share/rmw_fastrtps_cpp/cmake)
[0.474s] -- Using RMW implementation 'rmw_fastrtps_cpp' as default
[0.608s] -- Found test_custom_srv: 0.0.0 (/home/robot33-6/student133_ws/install/test_custom_srv/share/test_custom_srv/cmake)
[0.620s] -- Found ament_lint_auto: 0.12.10 (/opt/ros/humble/share/ament_lint_auto/cmake)
[0.686s] -- Added test 'cppcheck' to perform static code analysis on C / C++ code
[0.686s] -- Configured cppcheck include dirs: 
[0.686s] -- Configured cppcheck exclude dirs and/or files: 
[0.686s] -- Added test 'lint_cmake' to check CMake code style
[0.687s] -- Added test 'uncrustify' to check C / C++ code style
[0.687s] -- Configured uncrustify additional arguments: 
[0.688s] -- Added test 'xmllint' to check XML markup files
[0.689s] -- Configuring done
[0.705s] -- Generating done
[0.706s] -- Build files have been written to: /home/robot33-6/student133_ws/build/test_service
[0.729s] Consolidate compiler generated dependencies of target test_service_node
[0.730s] Consolidate compiler generated dependencies of target service_triangle
[0.740s] [ 25%] Building CXX object CMakeFiles/test_service_node.dir/src/test_service_node.cpp.o
[0.740s] [ 75%] Built target service_triangle
[4.004s] [100%] Linking CXX executable test_service_node
[4.215s] /usr/bin/ld: CMakeFiles/test_service_node.dir/src/test_service_node.cpp.o: in function `rclcpp::Service<test_custom_srv::srv::CircleSquare>::Service(std::shared_ptr<rcl_node_s>, std::__cxx11::basic_string<char, std::char_traits<char>, std::allocator<char> > const&, rclcpp::AnyServiceCallback<test_custom_srv::srv::CircleSquare>, rcl_service_options_s&)':
[4.215s] /opt/ros/humble/include/rclcpp/rclcpp/service.hpp:313: undefined reference to `rosidl_service_type_support_t const* rosidl_typesupport_cpp::get_service_type_support_handle<test_custom_srv::srv::CircleSquare>()'
[4.227s] collect2: error: ld returned 1 exit status
[4.228s] gmake[2]: *** [CMakeFiles/test_service_node.dir/build.make:159: test_service_node] Error 1
[4.228s] gmake[1]: *** [CMakeFiles/Makefile2:139: CMakeFiles/test_service_node.dir/all] Error 2
[4.228s] gmake: *** [Makefile:146: all] Error 2
