[0.000000] (-) TimerEvent: {}
[0.000645] (test_client) JobQueued: {'identifier': 'test_client', 'dependencies': OrderedDict()}
[0.000699] (test_custom_msg) JobQueued: {'identifier': 'test_custom_msg', 'dependencies': OrderedDict()}
[0.000730] (test_custom_publisher) JobQueued: {'identifier': 'test_custom_publisher', 'dependencies': OrderedDict()}
[0.000744] (test_custom_srv) JobQueued: {'identifier': 'test_custom_srv', 'dependencies': OrderedDict()}
[0.000757] (test_parameters) JobQueued: {'identifier': 'test_parameters', 'dependencies': OrderedDict()}
[0.000770] (test_pkg) JobQueued: {'identifier': 'test_pkg', 'dependencies': OrderedDict()}
[0.000783] (test_publisher) JobQueued: {'identifier': 'test_publisher', 'dependencies': OrderedDict()}
[0.000796] (test_service) JobQueued: {'identifier': 'test_service', 'dependencies': OrderedDict()}
[0.000808] (test_subscriber) JobQueued: {'identifier': 'test_subscriber', 'dependencies': OrderedDict()}
[0.000821] (test_visualization) JobQueued: {'identifier': 'test_visualization', 'dependencies': OrderedDict()}
[0.000833] (test_client) JobStarted: {'identifier': 'test_client'}
[0.051604] (test_custom_msg) JobStarted: {'identifier': 'test_custom_msg'}
[0.100224] (-) TimerEvent: {}
[0.102149] (test_custom_publisher) JobStarted: {'identifier': 'test_custom_publisher'}
[0.160445] (test_custom_srv) JobStarted: {'identifier': 'test_custom_srv'}
[0.200333] (-) TimerEvent: {}
[0.210434] (test_parameters) JobStarted: {'identifier': 'test_parameters'}
[0.260560] (test_pkg) JobStarted: {'identifier': 'test_pkg'}
[0.300459] (-) TimerEvent: {}
[0.310826] (test_publisher) JobStarted: {'identifier': 'test_publisher'}
[0.360823] (test_service) JobStarted: {'identifier': 'test_service'}
[0.400543] (-) TimerEvent: {}
[0.412886] (test_client) JobProgress: {'identifier': 'test_client', 'progress': 'cmake'}
[0.413777] (test_client) JobProgress: {'identifier': 'test_client', 'progress': 'build'}
[0.413825] (test_client) Command: {'cmd': ['/usr/bin/cmake', '--build', '/home/robot33-6/student133_ws/build/test_client', '--', '-j8', '-l8'], 'cwd': '/home/robot33-6/student133_ws/build/test_client', 'env': OrderedDict([('GJS_DEBUG_TOPICS', 'JS ERROR;JS LOG'), ('LC_TIME', 'ru_RU.UTF-8'), ('SNAP_COMMON', '/var/snap/qtcreator-ros/common'), ('SNAP_INSTANCE_KEY', ''), ('USER', 'robot33-6'), ('XDG_SESSION_TYPE', 'wayland'), ('LD_LIBRARY_PATH', '/home/robot33-6/student133_ws/install/test_custom_srv/lib:/home/robot33-6/student133_ws/install/test_custom_msg/lib:/opt/ros/humble/opt/rviz_ogre_vendor/lib:/opt/ros/humble/lib/x86_64-linux-gnu:/opt/ros/humble/lib:/snap/qtcreator-ros/107/lib:/snap/qtcreator-ros/107/usr/lib/x86_64-linux-gnu'), ('SHLVL', '313'), ('SNAP_UID', '1000'), ('HOME', '/home/robot33-6'), ('SNAP_LIBRARY_PATH', '/var/lib/snapd/lib/gl:/var/lib/snapd/lib/gl32:/var/lib/snapd/void'), ('DESKTOP_SESSION', 'ubuntu'), ('QTDIR', '/usr/lib/x86_64-linux-gnu/qt5'), ('SNAP_USER_DATA', '/home/robot33-6/snap/qtcreator-ros/107'), ('GIO_LAUNCHED_DESKTOP_FILE', '/var/lib/snapd/desktop/applications/qtcreator-ros_qtcreator-ros.desktop'), ('GNOME_SHELL_SESSION_MODE', 'ubuntu'), ('GTK_MODULES', 'gail:atk-bridge'), ('ROS_PYTHON_VERSION', '3'), ('LC_MONETARY', 'ru_RU.UTF-8'), ('MANAGERPID', '1373'), ('DBUS_SESSION_BUS_ADDRESS', 'unix:path=/run/user/1000/bus'), ('SYSTEMD_EXEC_PID', '1587'), ('GIO_LAUNCHED_DESKTOP_FILE_PID', '3050'), ('SNAP_REVISION', '107'), ('COLCON_PREFIX_PATH', '/home/robot33-6/student133_ws/install'), ('IM_CONFIG_PHASE', '1'), ('ROS_DISTRO', 'humble'), ('WAYLAND_DISPLAY', 'wayland-0'), ('LOGNAME', 'robot33-6'), ('JOURNAL_STREAM', '8:26382'), ('SNAP_CONTEXT', 'zfxwyVEa0dSM0vT388UHnSyWy-Mv84K8RE-CWR0OLT2wc9JrOksa'), ('_', '/usr/bin/env'), ('ROS_VERSION', '2'), ('SNAP_VERSION', '12.0.2'), ('XDG_SESSION_CLASS', 'user'), ('TERM', 'xterm'), ('USERNAME', 'robot33-6'), ('GNOME_DESKTOP_SESSION_ID', 'this-is-deprecated'), ('ROS_LOCALHOST_ONLY', '0'), ('SNAP_INSTANCE_NAME', 'qtcreator-ros'), ('PATH', '/opt/ros/humble/bin:/usr/local/sbin:/usr/local/bin:/usr/sbin:/usr/bin:/sbin:/bin:/usr/games:/usr/local/games:/snap/bin:/snap/bin'), ('INVOCATION_ID', '8be6e9d5a46c4dde9fbe4351f65a98da'), ('SESSION_MANAGER', 'local/robot33-6:@/tmp/.ICE-unix/1547,unix/robot33-6:/tmp/.ICE-unix/1547'), ('BAMF_DESKTOP_FILE_HINT', '/var/lib/snapd/desktop/applications/qtcreator-ros_qtcreator-ros.desktop'), ('GNOME_SETUP_DISPLAY', ':1'), ('LC_ADDRESS', 'ru_RU.UTF-8'), ('SNAP_DATA', '/var/snap/qtcreator-ros/107'), ('XDG_MENU_PREFIX', 'gnome-'), ('XDG_RUNTIME_DIR', '/run/user/1000'), ('DISPLAY', ':0'), ('LANG', 'en_US.UTF-8'), ('LC_TELEPHONE', 'ru_RU.UTF-8'), ('XDG_CURRENT_DESKTOP', 'ubuntu:GNOME'), ('XAUTHORITY', '/run/user/1000/.mutter-Xwaylandauth.NV73K2'), ('XDG_SESSION_DESKTOP', 'ubuntu'), ('XMODIFIERS', '@im=ibus'), ('AMENT_PREFIX_PATH', '/home/robot33-6/student133_ws/install/test_visualization:/home/robot33-6/student133_ws/install/test_parameters:/home/robot33-6/student133_ws/install/test_client:/home/robot33-6/student133_ws/install/test_service:/home/robot33-6/student133_ws/install/test_custom_srv:/home/robot33-6/student133_ws/install/test_custom_publisher:/home/robot33-6/student133_ws/install/test_castom_publisher:/home/robot33-6/student133_ws/install/test_custom_msg:/home/robot33-6/student133_ws/install/test_subscriber:/home/robot33-6/student133_ws/install/test_publisher:/home/robot33-6/student133_ws/install/test_pkg:/opt/ros/humble'), ('SNAP_ARCH', 'amd64'), ('SNAP_COOKIE', 'zfxwyVEa0dSM0vT388UHnSyWy-Mv84K8RE-CWR0OLT2wc9JrOksa'), ('SNAP_USER_COMMON', '/home/robot33-6/snap/qtcreator-ros/common'), ('SSH_AGENT_LAUNCHER', 'gnome-keyring'), ('SSH_AUTH_SOCK', '/run/user/1000/keyring/ssh'), ('LC_NAME', 'ru_RU.UTF-8'), ('SHELL', '/bin/bash'), ('GDMSESSION', 'ubuntu'), ('QT_ACCESSIBILITY', '1'), ('SNAP_REEXEC', ''), ('SNAP_NAME', 'qtcreator-ros'), ('LC_MEASUREMENT', 'ru_RU.UTF-8'), ('GJS_DEBUG_OUTPUT', 'stderr'), ('LC_IDENTIFICATION', 'ru_RU.UTF-8'), ('QT_IM_MODULE', 'ibus'), ('PWD', '/home/robot33-6/student133_ws/build/test_client'), ('QT_QPA_PLATFORM', 'wayland;xcb'), ('SNAP_REAL_HOME', '/home/robot33-6'), ('XDG_CONFIG_DIRS', '/etc/xdg/xdg-ubuntu:/etc/xdg'), ('XDG_DATA_DIRS', '/usr/share/ubuntu:/usr/local/share/:/usr/share/:/var/lib/snapd/desktop'), ('LC_NUMERIC', 'ru_RU.UTF-8'), ('PYTHONPATH', '/home/robot33-6/student133_ws/install/test_custom_srv/local/lib/python3.10/dist-packages:/home/robot33-6/student133_ws/install/test_custom_msg/local/lib/python3.10/dist-packages:/opt/ros/humble/lib/python3.10/site-packages:/opt/ros/humble/local/lib/python3.10/dist-packages'), ('SNAP', '/snap/qtcreator-ros/107'), ('SNAP_EUID', '1000'), ('LC_PAPER', 'ru_RU.UTF-8'), ('COLCON', '1'), ('CMAKE_PREFIX_PATH', '/home/robot33-6/student133_ws/install/test_visualization:/home/robot33-6/student133_ws/install/test_parameters:/home/robot33-6/student133_ws/install/test_client:/home/robot33-6/student133_ws/install/test_service:/home/robot33-6/student133_ws/install/test_custom_srv:/home/robot33-6/student133_ws/install/test_custom_publisher:/home/robot33-6/student133_ws/install/test_castom_publisher:/home/robot33-6/student133_ws/install/test_custom_msg:/home/robot33-6/student133_ws/install/test_subscriber:/home/robot33-6/student133_ws/install/test_publisher:/home/robot33-6/student133_ws/install/test_pkg:/opt/ros/humble'), ('LIBGL_DRIVERS_PATH', '/snap/qtcreator-ros/107/usr/lib/x86_64-linux-gnu/dri')]), 'shell': False}
[0.415464] (test_custom_msg) JobProgress: {'identifier': 'test_custom_msg', 'progress': 'cmake'}
[0.415854] (test_custom_msg) JobProgress: {'identifier': 'test_custom_msg', 'progress': 'build'}
[0.415912] (test_custom_msg) Command: {'cmd': ['/usr/bin/cmake', '--build', '/home/robot33-6/student133_ws/build/test_custom_msg', '--', '-j8', '-l8'], 'cwd': '/home/robot33-6/student133_ws/build/test_custom_msg', 'env': OrderedDict([('GJS_DEBUG_TOPICS', 'JS ERROR;JS LOG'), ('LC_TIME', 'ru_RU.UTF-8'), ('SNAP_COMMON', '/var/snap/qtcreator-ros/common'), ('SNAP_INSTANCE_KEY', ''), ('USER', 'robot33-6'), ('XDG_SESSION_TYPE', 'wayland'), ('LD_LIBRARY_PATH', '/home/robot33-6/student133_ws/install/test_custom_srv/lib:/home/robot33-6/student133_ws/install/test_custom_msg/lib:/opt/ros/humble/opt/rviz_ogre_vendor/lib:/opt/ros/humble/lib/x86_64-linux-gnu:/opt/ros/humble/lib:/snap/qtcreator-ros/107/lib:/snap/qtcreator-ros/107/usr/lib/x86_64-linux-gnu'), ('SHLVL', '313'), ('SNAP_UID', '1000'), ('HOME', '/home/robot33-6'), ('SNAP_LIBRARY_PATH', '/var/lib/snapd/lib/gl:/var/lib/snapd/lib/gl32:/var/lib/snapd/void'), ('DESKTOP_SESSION', 'ubuntu'), ('QTDIR', '/usr/lib/x86_64-linux-gnu/qt5'), ('SNAP_USER_DATA', '/home/robot33-6/snap/qtcreator-ros/107'), ('GIO_LAUNCHED_DESKTOP_FILE', '/var/lib/snapd/desktop/applications/qtcreator-ros_qtcreator-ros.desktop'), ('GNOME_SHELL_SESSION_MODE', 'ubuntu'), ('GTK_MODULES', 'gail:atk-bridge'), ('ROS_PYTHON_VERSION', '3'), ('LC_MONETARY', 'ru_RU.UTF-8'), ('MANAGERPID', '1373'), ('DBUS_SESSION_BUS_ADDRESS', 'unix:path=/run/user/1000/bus'), ('SYSTEMD_EXEC_PID', '1587'), ('GIO_LAUNCHED_DESKTOP_FILE_PID', '3050'), ('SNAP_REVISION', '107'), ('COLCON_PREFIX_PATH', '/home/robot33-6/student133_ws/install'), ('IM_CONFIG_PHASE', '1'), ('ROS_DISTRO', 'humble'), ('WAYLAND_DISPLAY', 'wayland-0'), ('LOGNAME', 'robot33-6'), ('JOURNAL_STREAM', '8:26382'), ('SNAP_CONTEXT', 'zfxwyVEa0dSM0vT388UHnSyWy-Mv84K8RE-CWR0OLT2wc9JrOksa'), ('_', '/usr/bin/env'), ('ROS_VERSION', '2'), ('SNAP_VERSION', '12.0.2'), ('XDG_SESSION_CLASS', 'user'), ('TERM', 'xterm'), ('USERNAME', 'robot33-6'), ('GNOME_DESKTOP_SESSION_ID', 'this-is-deprecated'), ('ROS_LOCALHOST_ONLY', '0'), ('SNAP_INSTANCE_NAME', 'qtcreator-ros'), ('PATH', '/opt/ros/humble/bin:/usr/local/sbin:/usr/local/bin:/usr/sbin:/usr/bin:/sbin:/bin:/usr/games:/usr/local/games:/snap/bin:/snap/bin'), ('INVOCATION_ID', '8be6e9d5a46c4dde9fbe4351f65a98da'), ('SESSION_MANAGER', 'local/robot33-6:@/tmp/.ICE-unix/1547,unix/robot33-6:/tmp/.ICE-unix/1547'), ('BAMF_DESKTOP_FILE_HINT', '/var/lib/snapd/desktop/applications/qtcreator-ros_qtcreator-ros.desktop'), ('GNOME_SETUP_DISPLAY', ':1'), ('LC_ADDRESS', 'ru_RU.UTF-8'), ('SNAP_DATA', '/var/snap/qtcreator-ros/107'), ('XDG_MENU_PREFIX', 'gnome-'), ('XDG_RUNTIME_DIR', '/run/user/1000'), ('DISPLAY', ':0'), ('LANG', 'en_US.UTF-8'), ('LC_TELEPHONE', 'ru_RU.UTF-8'), ('XDG_CURRENT_DESKTOP', 'ubuntu:GNOME'), ('XAUTHORITY', '/run/user/1000/.mutter-Xwaylandauth.NV73K2'), ('XDG_SESSION_DESKTOP', 'ubuntu'), ('XMODIFIERS', '@im=ibus'), ('AMENT_PREFIX_PATH', '/home/robot33-6/student133_ws/install/test_visualization:/home/robot33-6/student133_ws/install/test_parameters:/home/robot33-6/student133_ws/install/test_client:/home/robot33-6/student133_ws/install/test_service:/home/robot33-6/student133_ws/install/test_custom_srv:/home/robot33-6/student133_ws/install/test_custom_publisher:/home/robot33-6/student133_ws/install/test_castom_publisher:/home/robot33-6/student133_ws/install/test_custom_msg:/home/robot33-6/student133_ws/install/test_subscriber:/home/robot33-6/student133_ws/install/test_publisher:/home/robot33-6/student133_ws/install/test_pkg:/opt/ros/humble'), ('SNAP_ARCH', 'amd64'), ('SNAP_COOKIE', 'zfxwyVEa0dSM0vT388UHnSyWy-Mv84K8RE-CWR0OLT2wc9JrOksa'), ('SNAP_USER_COMMON', '/home/robot33-6/snap/qtcreator-ros/common'), ('SSH_AGENT_LAUNCHER', 'gnome-keyring'), ('SSH_AUTH_SOCK', '/run/user/1000/keyring/ssh'), ('LC_NAME', 'ru_RU.UTF-8'), ('SHELL', '/bin/bash'), ('GDMSESSION', 'ubuntu'), ('QT_ACCESSIBILITY', '1'), ('SNAP_REEXEC', ''), ('SNAP_NAME', 'qtcreator-ros'), ('LC_MEASUREMENT', 'ru_RU.UTF-8'), ('GJS_DEBUG_OUTPUT', 'stderr'), ('LC_IDENTIFICATION', 'ru_RU.UTF-8'), ('QT_IM_MODULE', 'ibus'), ('PWD', '/home/robot33-6/student133_ws/build/test_custom_msg'), ('QT_QPA_PLATFORM', 'wayland;xcb'), ('SNAP_REAL_HOME', '/home/robot33-6'), ('XDG_CONFIG_DIRS', '/etc/xdg/xdg-ubuntu:/etc/xdg'), ('XDG_DATA_DIRS', '/usr/share/ubuntu:/usr/local/share/:/usr/share/:/var/lib/snapd/desktop'), ('LC_NUMERIC', 'ru_RU.UTF-8'), ('PYTHONPATH', '/home/robot33-6/student133_ws/install/test_custom_srv/local/lib/python3.10/dist-packages:/home/robot33-6/student133_ws/install/test_custom_msg/local/lib/python3.10/dist-packages:/opt/ros/humble/lib/python3.10/site-packages:/opt/ros/humble/local/lib/python3.10/dist-packages'), ('SNAP', '/snap/qtcreator-ros/107'), ('SNAP_EUID', '1000'), ('LC_PAPER', 'ru_RU.UTF-8'), ('COLCON', '1'), ('CMAKE_PREFIX_PATH', '/home/robot33-6/student133_ws/install/test_visualization:/home/robot33-6/student133_ws/install/test_parameters:/home/robot33-6/student133_ws/install/test_client:/home/robot33-6/student133_ws/install/test_service:/home/robot33-6/student133_ws/install/test_custom_srv:/home/robot33-6/student133_ws/install/test_custom_publisher:/home/robot33-6/student133_ws/install/test_castom_publisher:/home/robot33-6/student133_ws/install/test_custom_msg:/home/robot33-6/student133_ws/install/test_subscriber:/home/robot33-6/student133_ws/install/test_publisher:/home/robot33-6/student133_ws/install/test_pkg:/opt/ros/humble'), ('LIBGL_DRIVERS_PATH', '/snap/qtcreator-ros/107/usr/lib/x86_64-linux-gnu/dri')]), 'shell': False}
[0.417625] (test_custom_publisher) JobProgress: {'identifier': 'test_custom_publisher', 'progress': 'cmake'}
[0.418070] (test_custom_publisher) JobProgress: {'identifier': 'test_custom_publisher', 'progress': 'build'}
[0.418107] (test_custom_publisher) Command: {'cmd': ['/usr/bin/cmake', '--build', '/home/robot33-6/student133_ws/build/test_custom_publisher', '--', '-j8', '-l8'], 'cwd': '/home/robot33-6/student133_ws/build/test_custom_publisher', 'env': OrderedDict([('GJS_DEBUG_TOPICS', 'JS ERROR;JS LOG'), ('LC_TIME', 'ru_RU.UTF-8'), ('SNAP_COMMON', '/var/snap/qtcreator-ros/common'), ('SNAP_INSTANCE_KEY', ''), ('USER', 'robot33-6'), ('XDG_SESSION_TYPE', 'wayland'), ('LD_LIBRARY_PATH', '/home/robot33-6/student133_ws/install/test_custom_srv/lib:/home/robot33-6/student133_ws/install/test_custom_msg/lib:/opt/ros/humble/opt/rviz_ogre_vendor/lib:/opt/ros/humble/lib/x86_64-linux-gnu:/opt/ros/humble/lib:/snap/qtcreator-ros/107/lib:/snap/qtcreator-ros/107/usr/lib/x86_64-linux-gnu'), ('SHLVL', '313'), ('SNAP_UID', '1000'), ('HOME', '/home/robot33-6'), ('SNAP_LIBRARY_PATH', '/var/lib/snapd/lib/gl:/var/lib/snapd/lib/gl32:/var/lib/snapd/void'), ('DESKTOP_SESSION', 'ubuntu'), ('QTDIR', '/usr/lib/x86_64-linux-gnu/qt5'), ('SNAP_USER_DATA', '/home/robot33-6/snap/qtcreator-ros/107'), ('GIO_LAUNCHED_DESKTOP_FILE', '/var/lib/snapd/desktop/applications/qtcreator-ros_qtcreator-ros.desktop'), ('GNOME_SHELL_SESSION_MODE', 'ubuntu'), ('GTK_MODULES', 'gail:atk-bridge'), ('ROS_PYTHON_VERSION', '3'), ('LC_MONETARY', 'ru_RU.UTF-8'), ('MANAGERPID', '1373'), ('DBUS_SESSION_BUS_ADDRESS', 'unix:path=/run/user/1000/bus'), ('SYSTEMD_EXEC_PID', '1587'), ('GIO_LAUNCHED_DESKTOP_FILE_PID', '3050'), ('SNAP_REVISION', '107'), ('COLCON_PREFIX_PATH', '/home/robot33-6/student133_ws/install'), ('IM_CONFIG_PHASE', '1'), ('ROS_DISTRO', 'humble'), ('WAYLAND_DISPLAY', 'wayland-0'), ('LOGNAME', 'robot33-6'), ('JOURNAL_STREAM', '8:26382'), ('SNAP_CONTEXT', 'zfxwyVEa0dSM0vT388UHnSyWy-Mv84K8RE-CWR0OLT2wc9JrOksa'), ('_', '/usr/bin/env'), ('ROS_VERSION', '2'), ('SNAP_VERSION', '12.0.2'), ('XDG_SESSION_CLASS', 'user'), ('TERM', 'xterm'), ('USERNAME', 'robot33-6'), ('GNOME_DESKTOP_SESSION_ID', 'this-is-deprecated'), ('ROS_LOCALHOST_ONLY', '0'), ('SNAP_INSTANCE_NAME', 'qtcreator-ros'), ('PATH', '/opt/ros/humble/bin:/usr/local/sbin:/usr/local/bin:/usr/sbin:/usr/bin:/sbin:/bin:/usr/games:/usr/local/games:/snap/bin:/snap/bin'), ('INVOCATION_ID', '8be6e9d5a46c4dde9fbe4351f65a98da'), ('SESSION_MANAGER', 'local/robot33-6:@/tmp/.ICE-unix/1547,unix/robot33-6:/tmp/.ICE-unix/1547'), ('BAMF_DESKTOP_FILE_HINT', '/var/lib/snapd/desktop/applications/qtcreator-ros_qtcreator-ros.desktop'), ('GNOME_SETUP_DISPLAY', ':1'), ('LC_ADDRESS', 'ru_RU.UTF-8'), ('SNAP_DATA', '/var/snap/qtcreator-ros/107'), ('XDG_MENU_PREFIX', 'gnome-'), ('XDG_RUNTIME_DIR', '/run/user/1000'), ('DISPLAY', ':0'), ('LANG', 'en_US.UTF-8'), ('LC_TELEPHONE', 'ru_RU.UTF-8'), ('XDG_CURRENT_DESKTOP', 'ubuntu:GNOME'), ('XAUTHORITY', '/run/user/1000/.mutter-Xwaylandauth.NV73K2'), ('XDG_SESSION_DESKTOP', 'ubuntu'), ('XMODIFIERS', '@im=ibus'), ('AMENT_PREFIX_PATH', '/home/robot33-6/student133_ws/install/test_visualization:/home/robot33-6/student133_ws/install/test_parameters:/home/robot33-6/student133_ws/install/test_client:/home/robot33-6/student133_ws/install/test_service:/home/robot33-6/student133_ws/install/test_custom_srv:/home/robot33-6/student133_ws/install/test_custom_publisher:/home/robot33-6/student133_ws/install/test_castom_publisher:/home/robot33-6/student133_ws/install/test_custom_msg:/home/robot33-6/student133_ws/install/test_subscriber:/home/robot33-6/student133_ws/install/test_publisher:/home/robot33-6/student133_ws/install/test_pkg:/opt/ros/humble'), ('SNAP_ARCH', 'amd64'), ('SNAP_COOKIE', 'zfxwyVEa0dSM0vT388UHnSyWy-Mv84K8RE-CWR0OLT2wc9JrOksa'), ('SNAP_USER_COMMON', '/home/robot33-6/snap/qtcreator-ros/common'), ('SSH_AGENT_LAUNCHER', 'gnome-keyring'), ('SSH_AUTH_SOCK', '/run/user/1000/keyring/ssh'), ('LC_NAME', 'ru_RU.UTF-8'), ('SHELL', '/bin/bash'), ('GDMSESSION', 'ubuntu'), ('QT_ACCESSIBILITY', '1'), ('SNAP_REEXEC', ''), ('SNAP_NAME', 'qtcreator-ros'), ('LC_MEASUREMENT', 'ru_RU.UTF-8'), ('GJS_DEBUG_OUTPUT', 'stderr'), ('LC_IDENTIFICATION', 'ru_RU.UTF-8'), ('QT_IM_MODULE', 'ibus'), ('PWD', '/home/robot33-6/student133_ws/build/test_custom_publisher'), ('QT_QPA_PLATFORM', 'wayland;xcb'), ('SNAP_REAL_HOME', '/home/robot33-6'), ('XDG_CONFIG_DIRS', '/etc/xdg/xdg-ubuntu:/etc/xdg'), ('XDG_DATA_DIRS', '/usr/share/ubuntu:/usr/local/share/:/usr/share/:/var/lib/snapd/desktop'), ('LC_NUMERIC', 'ru_RU.UTF-8'), ('PYTHONPATH', '/home/robot33-6/student133_ws/install/test_custom_srv/local/lib/python3.10/dist-packages:/home/robot33-6/student133_ws/install/test_custom_msg/local/lib/python3.10/dist-packages:/opt/ros/humble/lib/python3.10/site-packages:/opt/ros/humble/local/lib/python3.10/dist-packages'), ('SNAP', '/snap/qtcreator-ros/107'), ('SNAP_EUID', '1000'), ('LC_PAPER', 'ru_RU.UTF-8'), ('COLCON', '1'), ('CMAKE_PREFIX_PATH', '/home/robot33-6/student133_ws/install/test_visualization:/home/robot33-6/student133_ws/install/test_parameters:/home/robot33-6/student133_ws/install/test_client:/home/robot33-6/student133_ws/install/test_service:/home/robot33-6/student133_ws/install/test_custom_srv:/home/robot33-6/student133_ws/install/test_custom_publisher:/home/robot33-6/student133_ws/install/test_castom_publisher:/home/robot33-6/student133_ws/install/test_custom_msg:/home/robot33-6/student133_ws/install/test_subscriber:/home/robot33-6/student133_ws/install/test_publisher:/home/robot33-6/student133_ws/install/test_pkg:/opt/ros/humble'), ('LIBGL_DRIVERS_PATH', '/snap/qtcreator-ros/107/usr/lib/x86_64-linux-gnu/dri')]), 'shell': False}
[0.420024] (test_custom_srv) JobProgress: {'identifier': 'test_custom_srv', 'progress': 'cmake'}
[0.420522] (test_custom_srv) JobProgress: {'identifier': 'test_custom_srv', 'progress': 'build'}
[0.420569] (test_custom_srv) Command: {'cmd': ['/usr/bin/cmake', '--build', '/home/robot33-6/student133_ws/build/test_custom_srv', '--', '-j8', '-l8'], 'cwd': '/home/robot33-6/student133_ws/build/test_custom_srv', 'env': OrderedDict([('GJS_DEBUG_TOPICS', 'JS ERROR;JS LOG'), ('LC_TIME', 'ru_RU.UTF-8'), ('SNAP_COMMON', '/var/snap/qtcreator-ros/common'), ('SNAP_INSTANCE_KEY', ''), ('USER', 'robot33-6'), ('XDG_SESSION_TYPE', 'wayland'), ('LD_LIBRARY_PATH', '/home/robot33-6/student133_ws/install/test_custom_srv/lib:/home/robot33-6/student133_ws/install/test_custom_msg/lib:/opt/ros/humble/opt/rviz_ogre_vendor/lib:/opt/ros/humble/lib/x86_64-linux-gnu:/opt/ros/humble/lib:/snap/qtcreator-ros/107/lib:/snap/qtcreator-ros/107/usr/lib/x86_64-linux-gnu'), ('SHLVL', '313'), ('SNAP_UID', '1000'), ('HOME', '/home/robot33-6'), ('SNAP_LIBRARY_PATH', '/var/lib/snapd/lib/gl:/var/lib/snapd/lib/gl32:/var/lib/snapd/void'), ('DESKTOP_SESSION', 'ubuntu'), ('QTDIR', '/usr/lib/x86_64-linux-gnu/qt5'), ('SNAP_USER_DATA', '/home/robot33-6/snap/qtcreator-ros/107'), ('GIO_LAUNCHED_DESKTOP_FILE', '/var/lib/snapd/desktop/applications/qtcreator-ros_qtcreator-ros.desktop'), ('GNOME_SHELL_SESSION_MODE', 'ubuntu'), ('GTK_MODULES', 'gail:atk-bridge'), ('ROS_PYTHON_VERSION', '3'), ('LC_MONETARY', 'ru_RU.UTF-8'), ('MANAGERPID', '1373'), ('DBUS_SESSION_BUS_ADDRESS', 'unix:path=/run/user/1000/bus'), ('SYSTEMD_EXEC_PID', '1587'), ('GIO_LAUNCHED_DESKTOP_FILE_PID', '3050'), ('SNAP_REVISION', '107'), ('COLCON_PREFIX_PATH', '/home/robot33-6/student133_ws/install'), ('IM_CONFIG_PHASE', '1'), ('ROS_DISTRO', 'humble'), ('WAYLAND_DISPLAY', 'wayland-0'), ('LOGNAME', 'robot33-6'), ('JOURNAL_STREAM', '8:26382'), ('SNAP_CONTEXT', 'zfxwyVEa0dSM0vT388UHnSyWy-Mv84K8RE-CWR0OLT2wc9JrOksa'), ('_', '/usr/bin/env'), ('ROS_VERSION', '2'), ('SNAP_VERSION', '12.0.2'), ('XDG_SESSION_CLASS', 'user'), ('TERM', 'xterm'), ('USERNAME', 'robot33-6'), ('GNOME_DESKTOP_SESSION_ID', 'this-is-deprecated'), ('ROS_LOCALHOST_ONLY', '0'), ('SNAP_INSTANCE_NAME', 'qtcreator-ros'), ('PATH', '/opt/ros/humble/bin:/usr/local/sbin:/usr/local/bin:/usr/sbin:/usr/bin:/sbin:/bin:/usr/games:/usr/local/games:/snap/bin:/snap/bin'), ('INVOCATION_ID', '8be6e9d5a46c4dde9fbe4351f65a98da'), ('SESSION_MANAGER', 'local/robot33-6:@/tmp/.ICE-unix/1547,unix/robot33-6:/tmp/.ICE-unix/1547'), ('BAMF_DESKTOP_FILE_HINT', '/var/lib/snapd/desktop/applications/qtcreator-ros_qtcreator-ros.desktop'), ('GNOME_SETUP_DISPLAY', ':1'), ('LC_ADDRESS', 'ru_RU.UTF-8'), ('SNAP_DATA', '/var/snap/qtcreator-ros/107'), ('XDG_MENU_PREFIX', 'gnome-'), ('XDG_RUNTIME_DIR', '/run/user/1000'), ('DISPLAY', ':0'), ('LANG', 'en_US.UTF-8'), ('LC_TELEPHONE', 'ru_RU.UTF-8'), ('XDG_CURRENT_DESKTOP', 'ubuntu:GNOME'), ('XAUTHORITY', '/run/user/1000/.mutter-Xwaylandauth.NV73K2'), ('XDG_SESSION_DESKTOP', 'ubuntu'), ('XMODIFIERS', '@im=ibus'), ('AMENT_PREFIX_PATH', '/home/robot33-6/student133_ws/install/test_visualization:/home/robot33-6/student133_ws/install/test_parameters:/home/robot33-6/student133_ws/install/test_client:/home/robot33-6/student133_ws/install/test_service:/home/robot33-6/student133_ws/install/test_custom_srv:/home/robot33-6/student133_ws/install/test_custom_publisher:/home/robot33-6/student133_ws/install/test_castom_publisher:/home/robot33-6/student133_ws/install/test_custom_msg:/home/robot33-6/student133_ws/install/test_subscriber:/home/robot33-6/student133_ws/install/test_publisher:/home/robot33-6/student133_ws/install/test_pkg:/opt/ros/humble'), ('SNAP_ARCH', 'amd64'), ('SNAP_COOKIE', 'zfxwyVEa0dSM0vT388UHnSyWy-Mv84K8RE-CWR0OLT2wc9JrOksa'), ('SNAP_USER_COMMON', '/home/robot33-6/snap/qtcreator-ros/common'), ('SSH_AGENT_LAUNCHER', 'gnome-keyring'), ('SSH_AUTH_SOCK', '/run/user/1000/keyring/ssh'), ('LC_NAME', 'ru_RU.UTF-8'), ('SHELL', '/bin/bash'), ('GDMSESSION', 'ubuntu'), ('QT_ACCESSIBILITY', '1'), ('SNAP_REEXEC', ''), ('SNAP_NAME', 'qtcreator-ros'), ('LC_MEASUREMENT', 'ru_RU.UTF-8'), ('GJS_DEBUG_OUTPUT', 'stderr'), ('LC_IDENTIFICATION', 'ru_RU.UTF-8'), ('QT_IM_MODULE', 'ibus'), ('PWD', '/home/robot33-6/student133_ws/build/test_custom_srv'), ('QT_QPA_PLATFORM', 'wayland;xcb'), ('SNAP_REAL_HOME', '/home/robot33-6'), ('XDG_CONFIG_DIRS', '/etc/xdg/xdg-ubuntu:/etc/xdg'), ('XDG_DATA_DIRS', '/usr/share/ubuntu:/usr/local/share/:/usr/share/:/var/lib/snapd/desktop'), ('LC_NUMERIC', 'ru_RU.UTF-8'), ('PYTHONPATH', '/home/robot33-6/student133_ws/install/test_custom_srv/local/lib/python3.10/dist-packages:/home/robot33-6/student133_ws/install/test_custom_msg/local/lib/python3.10/dist-packages:/opt/ros/humble/lib/python3.10/site-packages:/opt/ros/humble/local/lib/python3.10/dist-packages'), ('SNAP', '/snap/qtcreator-ros/107'), ('SNAP_EUID', '1000'), ('LC_PAPER', 'ru_RU.UTF-8'), ('COLCON', '1'), ('CMAKE_PREFIX_PATH', '/home/robot33-6/student133_ws/install/test_visualization:/home/robot33-6/student133_ws/install/test_parameters:/home/robot33-6/student133_ws/install/test_client:/home/robot33-6/student133_ws/install/test_service:/home/robot33-6/student133_ws/install/test_custom_srv:/home/robot33-6/student133_ws/install/test_custom_publisher:/home/robot33-6/student133_ws/install/test_castom_publisher:/home/robot33-6/student133_ws/install/test_custom_msg:/home/robot33-6/student133_ws/install/test_subscriber:/home/robot33-6/student133_ws/install/test_publisher:/home/robot33-6/student133_ws/install/test_pkg:/opt/ros/humble'), ('LIBGL_DRIVERS_PATH', '/snap/qtcreator-ros/107/usr/lib/x86_64-linux-gnu/dri')]), 'shell': False}
[0.422897] (test_parameters) JobProgress: {'identifier': 'test_parameters', 'progress': 'cmake'}
[0.423670] (test_parameters) JobProgress: {'identifier': 'test_parameters', 'progress': 'build'}
[0.424075] (test_parameters) Command: {'cmd': ['/usr/bin/cmake', '--build', '/home/robot33-6/student133_ws/build/test_parameters', '--', '-j8', '-l8'], 'cwd': '/home/robot33-6/student133_ws/build/test_parameters', 'env': OrderedDict([('GJS_DEBUG_TOPICS', 'JS ERROR;JS LOG'), ('LC_TIME', 'ru_RU.UTF-8'), ('SNAP_COMMON', '/var/snap/qtcreator-ros/common'), ('SNAP_INSTANCE_KEY', ''), ('USER', 'robot33-6'), ('XDG_SESSION_TYPE', 'wayland'), ('LD_LIBRARY_PATH', '/home/robot33-6/student133_ws/install/test_custom_srv/lib:/home/robot33-6/student133_ws/install/test_custom_msg/lib:/opt/ros/humble/opt/rviz_ogre_vendor/lib:/opt/ros/humble/lib/x86_64-linux-gnu:/opt/ros/humble/lib:/snap/qtcreator-ros/107/lib:/snap/qtcreator-ros/107/usr/lib/x86_64-linux-gnu'), ('SHLVL', '313'), ('SNAP_UID', '1000'), ('HOME', '/home/robot33-6'), ('SNAP_LIBRARY_PATH', '/var/lib/snapd/lib/gl:/var/lib/snapd/lib/gl32:/var/lib/snapd/void'), ('DESKTOP_SESSION', 'ubuntu'), ('QTDIR', '/usr/lib/x86_64-linux-gnu/qt5'), ('SNAP_USER_DATA', '/home/robot33-6/snap/qtcreator-ros/107'), ('GIO_LAUNCHED_DESKTOP_FILE', '/var/lib/snapd/desktop/applications/qtcreator-ros_qtcreator-ros.desktop'), ('GNOME_SHELL_SESSION_MODE', 'ubuntu'), ('GTK_MODULES', 'gail:atk-bridge'), ('ROS_PYTHON_VERSION', '3'), ('LC_MONETARY', 'ru_RU.UTF-8'), ('MANAGERPID', '1373'), ('DBUS_SESSION_BUS_ADDRESS', 'unix:path=/run/user/1000/bus'), ('SYSTEMD_EXEC_PID', '1587'), ('GIO_LAUNCHED_DESKTOP_FILE_PID', '3050'), ('SNAP_REVISION', '107'), ('COLCON_PREFIX_PATH', '/home/robot33-6/student133_ws/install'), ('IM_CONFIG_PHASE', '1'), ('ROS_DISTRO', 'humble'), ('WAYLAND_DISPLAY', 'wayland-0'), ('LOGNAME', 'robot33-6'), ('JOURNAL_STREAM', '8:26382'), ('SNAP_CONTEXT', 'zfxwyVEa0dSM0vT388UHnSyWy-Mv84K8RE-CWR0OLT2wc9JrOksa'), ('_', '/usr/bin/env'), ('ROS_VERSION', '2'), ('SNAP_VERSION', '12.0.2'), ('XDG_SESSION_CLASS', 'user'), ('TERM', 'xterm'), ('USERNAME', 'robot33-6'), ('GNOME_DESKTOP_SESSION_ID', 'this-is-deprecated'), ('ROS_LOCALHOST_ONLY', '0'), ('SNAP_INSTANCE_NAME', 'qtcreator-ros'), ('PATH', '/opt/ros/humble/bin:/usr/local/sbin:/usr/local/bin:/usr/sbin:/usr/bin:/sbin:/bin:/usr/games:/usr/local/games:/snap/bin:/snap/bin'), ('INVOCATION_ID', '8be6e9d5a46c4dde9fbe4351f65a98da'), ('SESSION_MANAGER', 'local/robot33-6:@/tmp/.ICE-unix/1547,unix/robot33-6:/tmp/.ICE-unix/1547'), ('BAMF_DESKTOP_FILE_HINT', '/var/lib/snapd/desktop/applications/qtcreator-ros_qtcreator-ros.desktop'), ('GNOME_SETUP_DISPLAY', ':1'), ('LC_ADDRESS', 'ru_RU.UTF-8'), ('SNAP_DATA', '/var/snap/qtcreator-ros/107'), ('XDG_MENU_PREFIX', 'gnome-'), ('XDG_RUNTIME_DIR', '/run/user/1000'), ('DISPLAY', ':0'), ('LANG', 'en_US.UTF-8'), ('LC_TELEPHONE', 'ru_RU.UTF-8'), ('XDG_CURRENT_DESKTOP', 'ubuntu:GNOME'), ('XAUTHORITY', '/run/user/1000/.mutter-Xwaylandauth.NV73K2'), ('XDG_SESSION_DESKTOP', 'ubuntu'), ('XMODIFIERS', '@im=ibus'), ('AMENT_PREFIX_PATH', '/home/robot33-6/student133_ws/install/test_visualization:/home/robot33-6/student133_ws/install/test_parameters:/home/robot33-6/student133_ws/install/test_client:/home/robot33-6/student133_ws/install/test_service:/home/robot33-6/student133_ws/install/test_custom_srv:/home/robot33-6/student133_ws/install/test_custom_publisher:/home/robot33-6/student133_ws/install/test_castom_publisher:/home/robot33-6/student133_ws/install/test_custom_msg:/home/robot33-6/student133_ws/install/test_subscriber:/home/robot33-6/student133_ws/install/test_publisher:/home/robot33-6/student133_ws/install/test_pkg:/opt/ros/humble'), ('SNAP_ARCH', 'amd64'), ('SNAP_COOKIE', 'zfxwyVEa0dSM0vT388UHnSyWy-Mv84K8RE-CWR0OLT2wc9JrOksa'), ('SNAP_USER_COMMON', '/home/robot33-6/snap/qtcreator-ros/common'), ('SSH_AGENT_LAUNCHER', 'gnome-keyring'), ('SSH_AUTH_SOCK', '/run/user/1000/keyring/ssh'), ('LC_NAME', 'ru_RU.UTF-8'), ('SHELL', '/bin/bash'), ('GDMSESSION', 'ubuntu'), ('QT_ACCESSIBILITY', '1'), ('SNAP_REEXEC', ''), ('SNAP_NAME', 'qtcreator-ros'), ('LC_MEASUREMENT', 'ru_RU.UTF-8'), ('GJS_DEBUG_OUTPUT', 'stderr'), ('LC_IDENTIFICATION', 'ru_RU.UTF-8'), ('QT_IM_MODULE', 'ibus'), ('PWD', '/home/robot33-6/student133_ws/build/test_parameters'), ('QT_QPA_PLATFORM', 'wayland;xcb'), ('SNAP_REAL_HOME', '/home/robot33-6'), ('XDG_CONFIG_DIRS', '/etc/xdg/xdg-ubuntu:/etc/xdg'), ('XDG_DATA_DIRS', '/usr/share/ubuntu:/usr/local/share/:/usr/share/:/var/lib/snapd/desktop'), ('LC_NUMERIC', 'ru_RU.UTF-8'), ('PYTHONPATH', '/home/robot33-6/student133_ws/install/test_custom_srv/local/lib/python3.10/dist-packages:/home/robot33-6/student133_ws/install/test_custom_msg/local/lib/python3.10/dist-packages:/opt/ros/humble/lib/python3.10/site-packages:/opt/ros/humble/local/lib/python3.10/dist-packages'), ('SNAP', '/snap/qtcreator-ros/107'), ('SNAP_EUID', '1000'), ('LC_PAPER', 'ru_RU.UTF-8'), ('COLCON', '1'), ('CMAKE_PREFIX_PATH', '/home/robot33-6/student133_ws/install/test_visualization:/home/robot33-6/student133_ws/install/test_parameters:/home/robot33-6/student133_ws/install/test_client:/home/robot33-6/student133_ws/install/test_service:/home/robot33-6/student133_ws/install/test_custom_srv:/home/robot33-6/student133_ws/install/test_custom_publisher:/home/robot33-6/student133_ws/install/test_castom_publisher:/home/robot33-6/student133_ws/install/test_custom_msg:/home/robot33-6/student133_ws/install/test_subscriber:/home/robot33-6/student133_ws/install/test_publisher:/home/robot33-6/student133_ws/install/test_pkg:/opt/ros/humble'), ('LIBGL_DRIVERS_PATH', '/snap/qtcreator-ros/107/usr/lib/x86_64-linux-gnu/dri')]), 'shell': False}
[0.425918] (test_pkg) JobProgress: {'identifier': 'test_pkg', 'progress': 'cmake'}
[0.426859] (test_pkg) JobProgress: {'identifier': 'test_pkg', 'progress': 'build'}
[0.426909] (test_pkg) Command: {'cmd': ['/usr/bin/cmake', '--build', '/home/robot33-6/student133_ws/build/test_pkg', '--', '-j8', '-l8'], 'cwd': '/home/robot33-6/student133_ws/build/test_pkg', 'env': OrderedDict([('GJS_DEBUG_TOPICS', 'JS ERROR;JS LOG'), ('LC_TIME', 'ru_RU.UTF-8'), ('SNAP_COMMON', '/var/snap/qtcreator-ros/common'), ('SNAP_INSTANCE_KEY', ''), ('USER', 'robot33-6'), ('XDG_SESSION_TYPE', 'wayland'), ('LD_LIBRARY_PATH', '/home/robot33-6/student133_ws/install/test_custom_srv/lib:/home/robot33-6/student133_ws/install/test_custom_msg/lib:/opt/ros/humble/opt/rviz_ogre_vendor/lib:/opt/ros/humble/lib/x86_64-linux-gnu:/opt/ros/humble/lib:/snap/qtcreator-ros/107/lib:/snap/qtcreator-ros/107/usr/lib/x86_64-linux-gnu'), ('SHLVL', '313'), ('SNAP_UID', '1000'), ('HOME', '/home/robot33-6'), ('SNAP_LIBRARY_PATH', '/var/lib/snapd/lib/gl:/var/lib/snapd/lib/gl32:/var/lib/snapd/void'), ('DESKTOP_SESSION', 'ubuntu'), ('QTDIR', '/usr/lib/x86_64-linux-gnu/qt5'), ('SNAP_USER_DATA', '/home/robot33-6/snap/qtcreator-ros/107'), ('GIO_LAUNCHED_DESKTOP_FILE', '/var/lib/snapd/desktop/applications/qtcreator-ros_qtcreator-ros.desktop'), ('GNOME_SHELL_SESSION_MODE', 'ubuntu'), ('GTK_MODULES', 'gail:atk-bridge'), ('ROS_PYTHON_VERSION', '3'), ('LC_MONETARY', 'ru_RU.UTF-8'), ('MANAGERPID', '1373'), ('DBUS_SESSION_BUS_ADDRESS', 'unix:path=/run/user/1000/bus'), ('SYSTEMD_EXEC_PID', '1587'), ('GIO_LAUNCHED_DESKTOP_FILE_PID', '3050'), ('SNAP_REVISION', '107'), ('COLCON_PREFIX_PATH', '/home/robot33-6/student133_ws/install'), ('IM_CONFIG_PHASE', '1'), ('ROS_DISTRO', 'humble'), ('WAYLAND_DISPLAY', 'wayland-0'), ('LOGNAME', 'robot33-6'), ('JOURNAL_STREAM', '8:26382'), ('SNAP_CONTEXT', 'zfxwyVEa0dSM0vT388UHnSyWy-Mv84K8RE-CWR0OLT2wc9JrOksa'), ('_', '/usr/bin/env'), ('ROS_VERSION', '2'), ('SNAP_VERSION', '12.0.2'), ('XDG_SESSION_CLASS', 'user'), ('TERM', 'xterm'), ('USERNAME', 'robot33-6'), ('GNOME_DESKTOP_SESSION_ID', 'this-is-deprecated'), ('ROS_LOCALHOST_ONLY', '0'), ('SNAP_INSTANCE_NAME', 'qtcreator-ros'), ('PATH', '/opt/ros/humble/bin:/usr/local/sbin:/usr/local/bin:/usr/sbin:/usr/bin:/sbin:/bin:/usr/games:/usr/local/games:/snap/bin:/snap/bin'), ('INVOCATION_ID', '8be6e9d5a46c4dde9fbe4351f65a98da'), ('SESSION_MANAGER', 'local/robot33-6:@/tmp/.ICE-unix/1547,unix/robot33-6:/tmp/.ICE-unix/1547'), ('BAMF_DESKTOP_FILE_HINT', '/var/lib/snapd/desktop/applications/qtcreator-ros_qtcreator-ros.desktop'), ('GNOME_SETUP_DISPLAY', ':1'), ('LC_ADDRESS', 'ru_RU.UTF-8'), ('SNAP_DATA', '/var/snap/qtcreator-ros/107'), ('XDG_MENU_PREFIX', 'gnome-'), ('XDG_RUNTIME_DIR', '/run/user/1000'), ('DISPLAY', ':0'), ('LANG', 'en_US.UTF-8'), ('LC_TELEPHONE', 'ru_RU.UTF-8'), ('XDG_CURRENT_DESKTOP', 'ubuntu:GNOME'), ('XAUTHORITY', '/run/user/1000/.mutter-Xwaylandauth.NV73K2'), ('XDG_SESSION_DESKTOP', 'ubuntu'), ('XMODIFIERS', '@im=ibus'), ('AMENT_PREFIX_PATH', '/home/robot33-6/student133_ws/install/test_visualization:/home/robot33-6/student133_ws/install/test_parameters:/home/robot33-6/student133_ws/install/test_client:/home/robot33-6/student133_ws/install/test_service:/home/robot33-6/student133_ws/install/test_custom_srv:/home/robot33-6/student133_ws/install/test_custom_publisher:/home/robot33-6/student133_ws/install/test_castom_publisher:/home/robot33-6/student133_ws/install/test_custom_msg:/home/robot33-6/student133_ws/install/test_subscriber:/home/robot33-6/student133_ws/install/test_publisher:/home/robot33-6/student133_ws/install/test_pkg:/opt/ros/humble'), ('SNAP_ARCH', 'amd64'), ('SNAP_COOKIE', 'zfxwyVEa0dSM0vT388UHnSyWy-Mv84K8RE-CWR0OLT2wc9JrOksa'), ('SNAP_USER_COMMON', '/home/robot33-6/snap/qtcreator-ros/common'), ('SSH_AGENT_LAUNCHER', 'gnome-keyring'), ('SSH_AUTH_SOCK', '/run/user/1000/keyring/ssh'), ('LC_NAME', 'ru_RU.UTF-8'), ('SHELL', '/bin/bash'), ('GDMSESSION', 'ubuntu'), ('QT_ACCESSIBILITY', '1'), ('SNAP_REEXEC', ''), ('SNAP_NAME', 'qtcreator-ros'), ('LC_MEASUREMENT', 'ru_RU.UTF-8'), ('GJS_DEBUG_OUTPUT', 'stderr'), ('LC_IDENTIFICATION', 'ru_RU.UTF-8'), ('QT_IM_MODULE', 'ibus'), ('PWD', '/home/robot33-6/student133_ws/build/test_pkg'), ('QT_QPA_PLATFORM', 'wayland;xcb'), ('SNAP_REAL_HOME', '/home/robot33-6'), ('XDG_CONFIG_DIRS', '/etc/xdg/xdg-ubuntu:/etc/xdg'), ('XDG_DATA_DIRS', '/usr/share/ubuntu:/usr/local/share/:/usr/share/:/var/lib/snapd/desktop'), ('LC_NUMERIC', 'ru_RU.UTF-8'), ('PYTHONPATH', '/home/robot33-6/student133_ws/install/test_custom_srv/local/lib/python3.10/dist-packages:/home/robot33-6/student133_ws/install/test_custom_msg/local/lib/python3.10/dist-packages:/opt/ros/humble/lib/python3.10/site-packages:/opt/ros/humble/local/lib/python3.10/dist-packages'), ('SNAP', '/snap/qtcreator-ros/107'), ('SNAP_EUID', '1000'), ('LC_PAPER', 'ru_RU.UTF-8'), ('COLCON', '1'), ('CMAKE_PREFIX_PATH', '/home/robot33-6/student133_ws/install/test_visualization:/home/robot33-6/student133_ws/install/test_parameters:/home/robot33-6/student133_ws/install/test_client:/home/robot33-6/student133_ws/install/test_service:/home/robot33-6/student133_ws/install/test_custom_srv:/home/robot33-6/student133_ws/install/test_custom_publisher:/home/robot33-6/student133_ws/install/test_castom_publisher:/home/robot33-6/student133_ws/install/test_custom_msg:/home/robot33-6/student133_ws/install/test_subscriber:/home/robot33-6/student133_ws/install/test_publisher:/home/robot33-6/student133_ws/install/test_pkg:/opt/ros/humble'), ('LIBGL_DRIVERS_PATH', '/snap/qtcreator-ros/107/usr/lib/x86_64-linux-gnu/dri')]), 'shell': False}
[0.431514] (test_publisher) JobProgress: {'identifier': 'test_publisher', 'progress': 'cmake'}
[0.431598] (test_publisher) JobProgress: {'identifier': 'test_publisher', 'progress': 'build'}
[0.431637] (test_publisher) Command: {'cmd': ['/usr/bin/cmake', '--build', '/home/robot33-6/student133_ws/build/test_publisher', '--', '-j8', '-l8'], 'cwd': '/home/robot33-6/student133_ws/build/test_publisher', 'env': OrderedDict([('GJS_DEBUG_TOPICS', 'JS ERROR;JS LOG'), ('LC_TIME', 'ru_RU.UTF-8'), ('SNAP_COMMON', '/var/snap/qtcreator-ros/common'), ('SNAP_INSTANCE_KEY', ''), ('USER', 'robot33-6'), ('XDG_SESSION_TYPE', 'wayland'), ('LD_LIBRARY_PATH', '/home/robot33-6/student133_ws/install/test_custom_srv/lib:/home/robot33-6/student133_ws/install/test_custom_msg/lib:/opt/ros/humble/opt/rviz_ogre_vendor/lib:/opt/ros/humble/lib/x86_64-linux-gnu:/opt/ros/humble/lib:/snap/qtcreator-ros/107/lib:/snap/qtcreator-ros/107/usr/lib/x86_64-linux-gnu'), ('SHLVL', '313'), ('SNAP_UID', '1000'), ('HOME', '/home/robot33-6'), ('SNAP_LIBRARY_PATH', '/var/lib/snapd/lib/gl:/var/lib/snapd/lib/gl32:/var/lib/snapd/void'), ('DESKTOP_SESSION', 'ubuntu'), ('QTDIR', '/usr/lib/x86_64-linux-gnu/qt5'), ('SNAP_USER_DATA', '/home/robot33-6/snap/qtcreator-ros/107'), ('GIO_LAUNCHED_DESKTOP_FILE', '/var/lib/snapd/desktop/applications/qtcreator-ros_qtcreator-ros.desktop'), ('GNOME_SHELL_SESSION_MODE', 'ubuntu'), ('GTK_MODULES', 'gail:atk-bridge'), ('ROS_PYTHON_VERSION', '3'), ('LC_MONETARY', 'ru_RU.UTF-8'), ('MANAGERPID', '1373'), ('DBUS_SESSION_BUS_ADDRESS', 'unix:path=/run/user/1000/bus'), ('SYSTEMD_EXEC_PID', '1587'), ('GIO_LAUNCHED_DESKTOP_FILE_PID', '3050'), ('SNAP_REVISION', '107'), ('COLCON_PREFIX_PATH', '/home/robot33-6/student133_ws/install'), ('IM_CONFIG_PHASE', '1'), ('ROS_DISTRO', 'humble'), ('WAYLAND_DISPLAY', 'wayland-0'), ('LOGNAME', 'robot33-6'), ('JOURNAL_STREAM', '8:26382'), ('SNAP_CONTEXT', 'zfxwyVEa0dSM0vT388UHnSyWy-Mv84K8RE-CWR0OLT2wc9JrOksa'), ('_', '/usr/bin/env'), ('ROS_VERSION', '2'), ('SNAP_VERSION', '12.0.2'), ('XDG_SESSION_CLASS', 'user'), ('TERM', 'xterm'), ('USERNAME', 'robot33-6'), ('GNOME_DESKTOP_SESSION_ID', 'this-is-deprecated'), ('ROS_LOCALHOST_ONLY', '0'), ('SNAP_INSTANCE_NAME', 'qtcreator-ros'), ('PATH', '/opt/ros/humble/bin:/usr/local/sbin:/usr/local/bin:/usr/sbin:/usr/bin:/sbin:/bin:/usr/games:/usr/local/games:/snap/bin:/snap/bin'), ('INVOCATION_ID', '8be6e9d5a46c4dde9fbe4351f65a98da'), ('SESSION_MANAGER', 'local/robot33-6:@/tmp/.ICE-unix/1547,unix/robot33-6:/tmp/.ICE-unix/1547'), ('BAMF_DESKTOP_FILE_HINT', '/var/lib/snapd/desktop/applications/qtcreator-ros_qtcreator-ros.desktop'), ('GNOME_SETUP_DISPLAY', ':1'), ('LC_ADDRESS', 'ru_RU.UTF-8'), ('SNAP_DATA', '/var/snap/qtcreator-ros/107'), ('XDG_MENU_PREFIX', 'gnome-'), ('XDG_RUNTIME_DIR', '/run/user/1000'), ('DISPLAY', ':0'), ('LANG', 'en_US.UTF-8'), ('LC_TELEPHONE', 'ru_RU.UTF-8'), ('XDG_CURRENT_DESKTOP', 'ubuntu:GNOME'), ('XAUTHORITY', '/run/user/1000/.mutter-Xwaylandauth.NV73K2'), ('XDG_SESSION_DESKTOP', 'ubuntu'), ('XMODIFIERS', '@im=ibus'), ('AMENT_PREFIX_PATH', '/home/robot33-6/student133_ws/install/test_visualization:/home/robot33-6/student133_ws/install/test_parameters:/home/robot33-6/student133_ws/install/test_client:/home/robot33-6/student133_ws/install/test_service:/home/robot33-6/student133_ws/install/test_custom_srv:/home/robot33-6/student133_ws/install/test_custom_publisher:/home/robot33-6/student133_ws/install/test_castom_publisher:/home/robot33-6/student133_ws/install/test_custom_msg:/home/robot33-6/student133_ws/install/test_subscriber:/home/robot33-6/student133_ws/install/test_publisher:/home/robot33-6/student133_ws/install/test_pkg:/opt/ros/humble'), ('SNAP_ARCH', 'amd64'), ('SNAP_COOKIE', 'zfxwyVEa0dSM0vT388UHnSyWy-Mv84K8RE-CWR0OLT2wc9JrOksa'), ('SNAP_USER_COMMON', '/home/robot33-6/snap/qtcreator-ros/common'), ('SSH_AGENT_LAUNCHER', 'gnome-keyring'), ('SSH_AUTH_SOCK', '/run/user/1000/keyring/ssh'), ('LC_NAME', 'ru_RU.UTF-8'), ('SHELL', '/bin/bash'), ('GDMSESSION', 'ubuntu'), ('QT_ACCESSIBILITY', '1'), ('SNAP_REEXEC', ''), ('SNAP_NAME', 'qtcreator-ros'), ('LC_MEASUREMENT', 'ru_RU.UTF-8'), ('GJS_DEBUG_OUTPUT', 'stderr'), ('LC_IDENTIFICATION', 'ru_RU.UTF-8'), ('QT_IM_MODULE', 'ibus'), ('PWD', '/home/robot33-6/student133_ws/build/test_publisher'), ('QT_QPA_PLATFORM', 'wayland;xcb'), ('SNAP_REAL_HOME', '/home/robot33-6'), ('XDG_CONFIG_DIRS', '/etc/xdg/xdg-ubuntu:/etc/xdg'), ('XDG_DATA_DIRS', '/usr/share/ubuntu:/usr/local/share/:/usr/share/:/var/lib/snapd/desktop'), ('LC_NUMERIC', 'ru_RU.UTF-8'), ('PYTHONPATH', '/home/robot33-6/student133_ws/install/test_custom_srv/local/lib/python3.10/dist-packages:/home/robot33-6/student133_ws/install/test_custom_msg/local/lib/python3.10/dist-packages:/opt/ros/humble/lib/python3.10/site-packages:/opt/ros/humble/local/lib/python3.10/dist-packages'), ('SNAP', '/snap/qtcreator-ros/107'), ('SNAP_EUID', '1000'), ('LC_PAPER', 'ru_RU.UTF-8'), ('COLCON', '1'), ('CMAKE_PREFIX_PATH', '/home/robot33-6/student133_ws/install/test_visualization:/home/robot33-6/student133_ws/install/test_parameters:/home/robot33-6/student133_ws/install/test_client:/home/robot33-6/student133_ws/install/test_service:/home/robot33-6/student133_ws/install/test_custom_srv:/home/robot33-6/student133_ws/install/test_custom_publisher:/home/robot33-6/student133_ws/install/test_castom_publisher:/home/robot33-6/student133_ws/install/test_custom_msg:/home/robot33-6/student133_ws/install/test_subscriber:/home/robot33-6/student133_ws/install/test_publisher:/home/robot33-6/student133_ws/install/test_pkg:/opt/ros/humble'), ('LIBGL_DRIVERS_PATH', '/snap/qtcreator-ros/107/usr/lib/x86_64-linux-gnu/dri')]), 'shell': False}
[0.436282] (test_service) JobProgress: {'identifier': 'test_service', 'progress': 'cmake'}
[0.436359] (test_service) JobProgress: {'identifier': 'test_service', 'progress': 'build'}
[0.436397] (test_service) Command: {'cmd': ['/usr/bin/cmake', '--build', '/home/robot33-6/student133_ws/build/test_service', '--', '-j8', '-l8'], 'cwd': '/home/robot33-6/student133_ws/build/test_service', 'env': OrderedDict([('GJS_DEBUG_TOPICS', 'JS ERROR;JS LOG'), ('LC_TIME', 'ru_RU.UTF-8'), ('SNAP_COMMON', '/var/snap/qtcreator-ros/common'), ('SNAP_INSTANCE_KEY', ''), ('USER', 'robot33-6'), ('XDG_SESSION_TYPE', 'wayland'), ('LD_LIBRARY_PATH', '/home/robot33-6/student133_ws/install/test_custom_srv/lib:/home/robot33-6/student133_ws/install/test_custom_msg/lib:/opt/ros/humble/opt/rviz_ogre_vendor/lib:/opt/ros/humble/lib/x86_64-linux-gnu:/opt/ros/humble/lib:/snap/qtcreator-ros/107/lib:/snap/qtcreator-ros/107/usr/lib/x86_64-linux-gnu'), ('SHLVL', '313'), ('SNAP_UID', '1000'), ('HOME', '/home/robot33-6'), ('SNAP_LIBRARY_PATH', '/var/lib/snapd/lib/gl:/var/lib/snapd/lib/gl32:/var/lib/snapd/void'), ('DESKTOP_SESSION', 'ubuntu'), ('QTDIR', '/usr/lib/x86_64-linux-gnu/qt5'), ('SNAP_USER_DATA', '/home/robot33-6/snap/qtcreator-ros/107'), ('GIO_LAUNCHED_DESKTOP_FILE', '/var/lib/snapd/desktop/applications/qtcreator-ros_qtcreator-ros.desktop'), ('GNOME_SHELL_SESSION_MODE', 'ubuntu'), ('GTK_MODULES', 'gail:atk-bridge'), ('ROS_PYTHON_VERSION', '3'), ('LC_MONETARY', 'ru_RU.UTF-8'), ('MANAGERPID', '1373'), ('DBUS_SESSION_BUS_ADDRESS', 'unix:path=/run/user/1000/bus'), ('SYSTEMD_EXEC_PID', '1587'), ('GIO_LAUNCHED_DESKTOP_FILE_PID', '3050'), ('SNAP_REVISION', '107'), ('COLCON_PREFIX_PATH', '/home/robot33-6/student133_ws/install'), ('IM_CONFIG_PHASE', '1'), ('ROS_DISTRO', 'humble'), ('WAYLAND_DISPLAY', 'wayland-0'), ('LOGNAME', 'robot33-6'), ('JOURNAL_STREAM', '8:26382'), ('SNAP_CONTEXT', 'zfxwyVEa0dSM0vT388UHnSyWy-Mv84K8RE-CWR0OLT2wc9JrOksa'), ('_', '/usr/bin/env'), ('ROS_VERSION', '2'), ('SNAP_VERSION', '12.0.2'), ('XDG_SESSION_CLASS', 'user'), ('TERM', 'xterm'), ('USERNAME', 'robot33-6'), ('GNOME_DESKTOP_SESSION_ID', 'this-is-deprecated'), ('ROS_LOCALHOST_ONLY', '0'), ('SNAP_INSTANCE_NAME', 'qtcreator-ros'), ('PATH', '/opt/ros/humble/bin:/usr/local/sbin:/usr/local/bin:/usr/sbin:/usr/bin:/sbin:/bin:/usr/games:/usr/local/games:/snap/bin:/snap/bin'), ('INVOCATION_ID', '8be6e9d5a46c4dde9fbe4351f65a98da'), ('SESSION_MANAGER', 'local/robot33-6:@/tmp/.ICE-unix/1547,unix/robot33-6:/tmp/.ICE-unix/1547'), ('BAMF_DESKTOP_FILE_HINT', '/var/lib/snapd/desktop/applications/qtcreator-ros_qtcreator-ros.desktop'), ('GNOME_SETUP_DISPLAY', ':1'), ('LC_ADDRESS', 'ru_RU.UTF-8'), ('SNAP_DATA', '/var/snap/qtcreator-ros/107'), ('XDG_MENU_PREFIX', 'gnome-'), ('XDG_RUNTIME_DIR', '/run/user/1000'), ('DISPLAY', ':0'), ('LANG', 'en_US.UTF-8'), ('LC_TELEPHONE', 'ru_RU.UTF-8'), ('XDG_CURRENT_DESKTOP', 'ubuntu:GNOME'), ('XAUTHORITY', '/run/user/1000/.mutter-Xwaylandauth.NV73K2'), ('XDG_SESSION_DESKTOP', 'ubuntu'), ('XMODIFIERS', '@im=ibus'), ('AMENT_PREFIX_PATH', '/home/robot33-6/student133_ws/install/test_visualization:/home/robot33-6/student133_ws/install/test_parameters:/home/robot33-6/student133_ws/install/test_client:/home/robot33-6/student133_ws/install/test_service:/home/robot33-6/student133_ws/install/test_custom_srv:/home/robot33-6/student133_ws/install/test_custom_publisher:/home/robot33-6/student133_ws/install/test_castom_publisher:/home/robot33-6/student133_ws/install/test_custom_msg:/home/robot33-6/student133_ws/install/test_subscriber:/home/robot33-6/student133_ws/install/test_publisher:/home/robot33-6/student133_ws/install/test_pkg:/opt/ros/humble'), ('SNAP_ARCH', 'amd64'), ('SNAP_COOKIE', 'zfxwyVEa0dSM0vT388UHnSyWy-Mv84K8RE-CWR0OLT2wc9JrOksa'), ('SNAP_USER_COMMON', '/home/robot33-6/snap/qtcreator-ros/common'), ('SSH_AGENT_LAUNCHER', 'gnome-keyring'), ('SSH_AUTH_SOCK', '/run/user/1000/keyring/ssh'), ('LC_NAME', 'ru_RU.UTF-8'), ('SHELL', '/bin/bash'), ('GDMSESSION', 'ubuntu'), ('QT_ACCESSIBILITY', '1'), ('SNAP_REEXEC', ''), ('SNAP_NAME', 'qtcreator-ros'), ('LC_MEASUREMENT', 'ru_RU.UTF-8'), ('GJS_DEBUG_OUTPUT', 'stderr'), ('LC_IDENTIFICATION', 'ru_RU.UTF-8'), ('QT_IM_MODULE', 'ibus'), ('PWD', '/home/robot33-6/student133_ws/build/test_service'), ('QT_QPA_PLATFORM', 'wayland;xcb'), ('SNAP_REAL_HOME', '/home/robot33-6'), ('XDG_CONFIG_DIRS', '/etc/xdg/xdg-ubuntu:/etc/xdg'), ('XDG_DATA_DIRS', '/usr/share/ubuntu:/usr/local/share/:/usr/share/:/var/lib/snapd/desktop'), ('LC_NUMERIC', 'ru_RU.UTF-8'), ('PYTHONPATH', '/home/robot33-6/student133_ws/install/test_custom_srv/local/lib/python3.10/dist-packages:/home/robot33-6/student133_ws/install/test_custom_msg/local/lib/python3.10/dist-packages:/opt/ros/humble/lib/python3.10/site-packages:/opt/ros/humble/local/lib/python3.10/dist-packages'), ('SNAP', '/snap/qtcreator-ros/107'), ('SNAP_EUID', '1000'), ('LC_PAPER', 'ru_RU.UTF-8'), ('COLCON', '1'), ('CMAKE_PREFIX_PATH', '/home/robot33-6/student133_ws/install/test_visualization:/home/robot33-6/student133_ws/install/test_parameters:/home/robot33-6/student133_ws/install/test_client:/home/robot33-6/student133_ws/install/test_service:/home/robot33-6/student133_ws/install/test_custom_srv:/home/robot33-6/student133_ws/install/test_custom_publisher:/home/robot33-6/student133_ws/install/test_castom_publisher:/home/robot33-6/student133_ws/install/test_custom_msg:/home/robot33-6/student133_ws/install/test_subscriber:/home/robot33-6/student133_ws/install/test_publisher:/home/robot33-6/student133_ws/install/test_pkg:/opt/ros/humble'), ('LIBGL_DRIVERS_PATH', '/snap/qtcreator-ros/107/usr/lib/x86_64-linux-gnu/dri')]), 'shell': False}
[0.481184] (test_custom_msg) StdoutLine: {'line': b'[  3%] Built target test_custom_msg__cpp\n'}
[0.482899] (test_client) StdoutLine: {'line': b'[100%] Built target test_client_node\n'}
[0.491633] (test_custom_srv) StdoutLine: {'line': b'[  3%] Built target test_custom_srv__cpp\n'}
[0.491853] (test_custom_msg) StdoutLine: {'line': b'[  3%] Built target ament_cmake_python_copy_test_custom_msg\n'}
[0.492146] (test_custom_msg) StdoutLine: {'line': b'[ 12%] Built target test_custom_msg__rosidl_generator_c\n'}
[0.495232] (test_publisher) StdoutLine: {'line': b'Consolidate compiler generated dependencies of target test_publisher_node\n'}
[0.509859] (test_client) CommandEnded: {'returncode': 0}
[0.510544] (-) TimerEvent: {}
[0.523025] (test_custom_srv) StdoutLine: {'line': b'[ 12%] Built target test_custom_srv__rosidl_generator_c\n'}
[0.523321] (test_custom_publisher) StdoutLine: {'line': b'[100%] Built target test_custom_publisher_node\n'}
[0.523465] (test_pkg) StdoutLine: {'line': b'[100%] Built target test_pkg_node\n'}
[0.523584] (test_parameters) StdoutLine: {'line': b'[100%] Built target test_parameters_node\n'}
[0.523697] (test_custom_publisher) CommandEnded: {'returncode': 0}
[0.531787] (test_pkg) CommandEnded: {'returncode': 0}
[0.553296] (test_custom_srv) StdoutLine: {'line': b'[ 12%] Built target ament_cmake_python_copy_test_custom_srv\n'}
[0.553516] (test_custom_msg) StdoutLine: {'line': b'[ 32%] Built target test_custom_msg__rosidl_typesupport_fastrtps_c\n'}
[0.553644] (test_custom_msg) StdoutLine: {'line': b'[ 32%] Built target test_custom_msg__rosidl_typesupport_fastrtps_cpp\n'}
[0.553749] (test_custom_msg) StdoutLine: {'line': b'[ 41%] Built target test_custom_msg__rosidl_typesupport_introspection_cpp\n'}
[0.553842] (test_custom_msg) StdoutLine: {'line': b'[ 51%] Built target test_custom_msg__rosidl_typesupport_cpp\n'}
[0.553935] (test_publisher) StdoutLine: {'line': b'[ 50%] Building CXX object CMakeFiles/test_publisher_node.dir/src/test_publisher_node.cpp.o\n'}
[0.554035] (test_service) StdoutLine: {'line': b'[100%] Built target test_service_node\n'}
[0.554158] (test_parameters) CommandEnded: {'returncode': 0}
[0.567048] (test_custom_srv) StdoutLine: {'line': b'[ 22%] Built target test_custom_srv__rosidl_typesupport_introspection_cpp\n'}
[0.567331] (test_custom_srv) StdoutLine: {'line': b'[ 32%] Built target test_custom_srv__rosidl_typesupport_introspection_c\n'}
[0.567463] (test_custom_msg) StdoutLine: {'line': b'[ 61%] Built target test_custom_msg__rosidl_typesupport_introspection_c\n'}
[0.567571] (test_service) CommandEnded: {'returncode': 0}
[0.578154] (test_custom_msg) StdoutLine: {'line': b'[ 70%] Built target test_custom_msg__rosidl_typesupport_c\n'}
[0.578390] (test_custom_srv) StdoutLine: {'line': b'[ 41%] Built target test_custom_srv__rosidl_typesupport_fastrtps_cpp\n'}
[0.578531] (test_client) JobProgress: {'identifier': 'test_client', 'progress': 'install'}
[0.589618] (test_client) Command: {'cmd': ['/usr/bin/cmake', '--install', '/home/robot33-6/student133_ws/build/test_client'], 'cwd': '/home/robot33-6/student133_ws/build/test_client', 'env': OrderedDict([('GJS_DEBUG_TOPICS', 'JS ERROR;JS LOG'), ('LC_TIME', 'ru_RU.UTF-8'), ('SNAP_COMMON', '/var/snap/qtcreator-ros/common'), ('SNAP_INSTANCE_KEY', ''), ('USER', 'robot33-6'), ('XDG_SESSION_TYPE', 'wayland'), ('LD_LIBRARY_PATH', '/home/robot33-6/student133_ws/install/test_custom_srv/lib:/home/robot33-6/student133_ws/install/test_custom_msg/lib:/opt/ros/humble/opt/rviz_ogre_vendor/lib:/opt/ros/humble/lib/x86_64-linux-gnu:/opt/ros/humble/lib:/snap/qtcreator-ros/107/lib:/snap/qtcreator-ros/107/usr/lib/x86_64-linux-gnu'), ('SHLVL', '313'), ('SNAP_UID', '1000'), ('HOME', '/home/robot33-6'), ('SNAP_LIBRARY_PATH', '/var/lib/snapd/lib/gl:/var/lib/snapd/lib/gl32:/var/lib/snapd/void'), ('DESKTOP_SESSION', 'ubuntu'), ('QTDIR', '/usr/lib/x86_64-linux-gnu/qt5'), ('SNAP_USER_DATA', '/home/robot33-6/snap/qtcreator-ros/107'), ('GIO_LAUNCHED_DESKTOP_FILE', '/var/lib/snapd/desktop/applications/qtcreator-ros_qtcreator-ros.desktop'), ('GNOME_SHELL_SESSION_MODE', 'ubuntu'), ('GTK_MODULES', 'gail:atk-bridge'), ('ROS_PYTHON_VERSION', '3'), ('LC_MONETARY', 'ru_RU.UTF-8'), ('MANAGERPID', '1373'), ('DBUS_SESSION_BUS_ADDRESS', 'unix:path=/run/user/1000/bus'), ('SYSTEMD_EXEC_PID', '1587'), ('GIO_LAUNCHED_DESKTOP_FILE_PID', '3050'), ('SNAP_REVISION', '107'), ('COLCON_PREFIX_PATH', '/home/robot33-6/student133_ws/install'), ('IM_CONFIG_PHASE', '1'), ('ROS_DISTRO', 'humble'), ('WAYLAND_DISPLAY', 'wayland-0'), ('LOGNAME', 'robot33-6'), ('JOURNAL_STREAM', '8:26382'), ('SNAP_CONTEXT', 'zfxwyVEa0dSM0vT388UHnSyWy-Mv84K8RE-CWR0OLT2wc9JrOksa'), ('_', '/usr/bin/env'), ('ROS_VERSION', '2'), ('SNAP_VERSION', '12.0.2'), ('XDG_SESSION_CLASS', 'user'), ('TERM', 'xterm'), ('USERNAME', 'robot33-6'), ('GNOME_DESKTOP_SESSION_ID', 'this-is-deprecated'), ('ROS_LOCALHOST_ONLY', '0'), ('SNAP_INSTANCE_NAME', 'qtcreator-ros'), ('PATH', '/opt/ros/humble/bin:/usr/local/sbin:/usr/local/bin:/usr/sbin:/usr/bin:/sbin:/bin:/usr/games:/usr/local/games:/snap/bin:/snap/bin'), ('INVOCATION_ID', '8be6e9d5a46c4dde9fbe4351f65a98da'), ('SESSION_MANAGER', 'local/robot33-6:@/tmp/.ICE-unix/1547,unix/robot33-6:/tmp/.ICE-unix/1547'), ('BAMF_DESKTOP_FILE_HINT', '/var/lib/snapd/desktop/applications/qtcreator-ros_qtcreator-ros.desktop'), ('GNOME_SETUP_DISPLAY', ':1'), ('LC_ADDRESS', 'ru_RU.UTF-8'), ('SNAP_DATA', '/var/snap/qtcreator-ros/107'), ('XDG_MENU_PREFIX', 'gnome-'), ('XDG_RUNTIME_DIR', '/run/user/1000'), ('DISPLAY', ':0'), ('LANG', 'en_US.UTF-8'), ('LC_TELEPHONE', 'ru_RU.UTF-8'), ('XDG_CURRENT_DESKTOP', 'ubuntu:GNOME'), ('XAUTHORITY', '/run/user/1000/.mutter-Xwaylandauth.NV73K2'), ('XDG_SESSION_DESKTOP', 'ubuntu'), ('XMODIFIERS', '@im=ibus'), ('AMENT_PREFIX_PATH', '/home/robot33-6/student133_ws/install/test_visualization:/home/robot33-6/student133_ws/install/test_parameters:/home/robot33-6/student133_ws/install/test_client:/home/robot33-6/student133_ws/install/test_service:/home/robot33-6/student133_ws/install/test_custom_srv:/home/robot33-6/student133_ws/install/test_custom_publisher:/home/robot33-6/student133_ws/install/test_castom_publisher:/home/robot33-6/student133_ws/install/test_custom_msg:/home/robot33-6/student133_ws/install/test_subscriber:/home/robot33-6/student133_ws/install/test_publisher:/home/robot33-6/student133_ws/install/test_pkg:/opt/ros/humble'), ('SNAP_ARCH', 'amd64'), ('SNAP_COOKIE', 'zfxwyVEa0dSM0vT388UHnSyWy-Mv84K8RE-CWR0OLT2wc9JrOksa'), ('SNAP_USER_COMMON', '/home/robot33-6/snap/qtcreator-ros/common'), ('SSH_AGENT_LAUNCHER', 'gnome-keyring'), ('SSH_AUTH_SOCK', '/run/user/1000/keyring/ssh'), ('LC_NAME', 'ru_RU.UTF-8'), ('SHELL', '/bin/bash'), ('GDMSESSION', 'ubuntu'), ('QT_ACCESSIBILITY', '1'), ('SNAP_REEXEC', ''), ('SNAP_NAME', 'qtcreator-ros'), ('LC_MEASUREMENT', 'ru_RU.UTF-8'), ('GJS_DEBUG_OUTPUT', 'stderr'), ('LC_IDENTIFICATION', 'ru_RU.UTF-8'), ('QT_IM_MODULE', 'ibus'), ('PWD', '/home/robot33-6/student133_ws/build/test_client'), ('QT_QPA_PLATFORM', 'wayland;xcb'), ('SNAP_REAL_HOME', '/home/robot33-6'), ('XDG_CONFIG_DIRS', '/etc/xdg/xdg-ubuntu:/etc/xdg'), ('XDG_DATA_DIRS', '/usr/share/ubuntu:/usr/local/share/:/usr/share/:/var/lib/snapd/desktop'), ('LC_NUMERIC', 'ru_RU.UTF-8'), ('PYTHONPATH', '/home/robot33-6/student133_ws/install/test_custom_srv/local/lib/python3.10/dist-packages:/home/robot33-6/student133_ws/install/test_custom_msg/local/lib/python3.10/dist-packages:/opt/ros/humble/lib/python3.10/site-packages:/opt/ros/humble/local/lib/python3.10/dist-packages'), ('SNAP', '/snap/qtcreator-ros/107'), ('SNAP_EUID', '1000'), ('LC_PAPER', 'ru_RU.UTF-8'), ('COLCON', '1'), ('CMAKE_PREFIX_PATH', '/home/robot33-6/student133_ws/install/test_visualization:/home/robot33-6/student133_ws/install/test_parameters:/home/robot33-6/student133_ws/install/test_client:/home/robot33-6/student133_ws/install/test_service:/home/robot33-6/student133_ws/install/test_custom_srv:/home/robot33-6/student133_ws/install/test_custom_publisher:/home/robot33-6/student133_ws/install/test_castom_publisher:/home/robot33-6/student133_ws/install/test_custom_msg:/home/robot33-6/student133_ws/install/test_subscriber:/home/robot33-6/student133_ws/install/test_publisher:/home/robot33-6/student133_ws/install/test_pkg:/opt/ros/humble'), ('LIBGL_DRIVERS_PATH', '/snap/qtcreator-ros/107/usr/lib/x86_64-linux-gnu/dri')]), 'shell': False}
[0.592218] (test_custom_publisher) JobProgress: {'identifier': 'test_custom_publisher', 'progress': 'install'}
[0.592324] (test_custom_publisher) Command: {'cmd': ['/usr/bin/cmake', '--install', '/home/robot33-6/student133_ws/build/test_custom_publisher'], 'cwd': '/home/robot33-6/student133_ws/build/test_custom_publisher', 'env': OrderedDict([('GJS_DEBUG_TOPICS', 'JS ERROR;JS LOG'), ('LC_TIME', 'ru_RU.UTF-8'), ('SNAP_COMMON', '/var/snap/qtcreator-ros/common'), ('SNAP_INSTANCE_KEY', ''), ('USER', 'robot33-6'), ('XDG_SESSION_TYPE', 'wayland'), ('LD_LIBRARY_PATH', '/home/robot33-6/student133_ws/install/test_custom_srv/lib:/home/robot33-6/student133_ws/install/test_custom_msg/lib:/opt/ros/humble/opt/rviz_ogre_vendor/lib:/opt/ros/humble/lib/x86_64-linux-gnu:/opt/ros/humble/lib:/snap/qtcreator-ros/107/lib:/snap/qtcreator-ros/107/usr/lib/x86_64-linux-gnu'), ('SHLVL', '313'), ('SNAP_UID', '1000'), ('HOME', '/home/robot33-6'), ('SNAP_LIBRARY_PATH', '/var/lib/snapd/lib/gl:/var/lib/snapd/lib/gl32:/var/lib/snapd/void'), ('DESKTOP_SESSION', 'ubuntu'), ('QTDIR', '/usr/lib/x86_64-linux-gnu/qt5'), ('SNAP_USER_DATA', '/home/robot33-6/snap/qtcreator-ros/107'), ('GIO_LAUNCHED_DESKTOP_FILE', '/var/lib/snapd/desktop/applications/qtcreator-ros_qtcreator-ros.desktop'), ('GNOME_SHELL_SESSION_MODE', 'ubuntu'), ('GTK_MODULES', 'gail:atk-bridge'), ('ROS_PYTHON_VERSION', '3'), ('LC_MONETARY', 'ru_RU.UTF-8'), ('MANAGERPID', '1373'), ('DBUS_SESSION_BUS_ADDRESS', 'unix:path=/run/user/1000/bus'), ('SYSTEMD_EXEC_PID', '1587'), ('GIO_LAUNCHED_DESKTOP_FILE_PID', '3050'), ('SNAP_REVISION', '107'), ('COLCON_PREFIX_PATH', '/home/robot33-6/student133_ws/install'), ('IM_CONFIG_PHASE', '1'), ('ROS_DISTRO', 'humble'), ('WAYLAND_DISPLAY', 'wayland-0'), ('LOGNAME', 'robot33-6'), ('JOURNAL_STREAM', '8:26382'), ('SNAP_CONTEXT', 'zfxwyVEa0dSM0vT388UHnSyWy-Mv84K8RE-CWR0OLT2wc9JrOksa'), ('_', '/usr/bin/env'), ('ROS_VERSION', '2'), ('SNAP_VERSION', '12.0.2'), ('XDG_SESSION_CLASS', 'user'), ('TERM', 'xterm'), ('USERNAME', 'robot33-6'), ('GNOME_DESKTOP_SESSION_ID', 'this-is-deprecated'), ('ROS_LOCALHOST_ONLY', '0'), ('SNAP_INSTANCE_NAME', 'qtcreator-ros'), ('PATH', '/opt/ros/humble/bin:/usr/local/sbin:/usr/local/bin:/usr/sbin:/usr/bin:/sbin:/bin:/usr/games:/usr/local/games:/snap/bin:/snap/bin'), ('INVOCATION_ID', '8be6e9d5a46c4dde9fbe4351f65a98da'), ('SESSION_MANAGER', 'local/robot33-6:@/tmp/.ICE-unix/1547,unix/robot33-6:/tmp/.ICE-unix/1547'), ('BAMF_DESKTOP_FILE_HINT', '/var/lib/snapd/desktop/applications/qtcreator-ros_qtcreator-ros.desktop'), ('GNOME_SETUP_DISPLAY', ':1'), ('LC_ADDRESS', 'ru_RU.UTF-8'), ('SNAP_DATA', '/var/snap/qtcreator-ros/107'), ('XDG_MENU_PREFIX', 'gnome-'), ('XDG_RUNTIME_DIR', '/run/user/1000'), ('DISPLAY', ':0'), ('LANG', 'en_US.UTF-8'), ('LC_TELEPHONE', 'ru_RU.UTF-8'), ('XDG_CURRENT_DESKTOP', 'ubuntu:GNOME'), ('XAUTHORITY', '/run/user/1000/.mutter-Xwaylandauth.NV73K2'), ('XDG_SESSION_DESKTOP', 'ubuntu'), ('XMODIFIERS', '@im=ibus'), ('AMENT_PREFIX_PATH', '/home/robot33-6/student133_ws/install/test_visualization:/home/robot33-6/student133_ws/install/test_parameters:/home/robot33-6/student133_ws/install/test_client:/home/robot33-6/student133_ws/install/test_service:/home/robot33-6/student133_ws/install/test_custom_srv:/home/robot33-6/student133_ws/install/test_custom_publisher:/home/robot33-6/student133_ws/install/test_castom_publisher:/home/robot33-6/student133_ws/install/test_custom_msg:/home/robot33-6/student133_ws/install/test_subscriber:/home/robot33-6/student133_ws/install/test_publisher:/home/robot33-6/student133_ws/install/test_pkg:/opt/ros/humble'), ('SNAP_ARCH', 'amd64'), ('SNAP_COOKIE', 'zfxwyVEa0dSM0vT388UHnSyWy-Mv84K8RE-CWR0OLT2wc9JrOksa'), ('SNAP_USER_COMMON', '/home/robot33-6/snap/qtcreator-ros/common'), ('SSH_AGENT_LAUNCHER', 'gnome-keyring'), ('SSH_AUTH_SOCK', '/run/user/1000/keyring/ssh'), ('LC_NAME', 'ru_RU.UTF-8'), ('SHELL', '/bin/bash'), ('GDMSESSION', 'ubuntu'), ('QT_ACCESSIBILITY', '1'), ('SNAP_REEXEC', ''), ('SNAP_NAME', 'qtcreator-ros'), ('LC_MEASUREMENT', 'ru_RU.UTF-8'), ('GJS_DEBUG_OUTPUT', 'stderr'), ('LC_IDENTIFICATION', 'ru_RU.UTF-8'), ('QT_IM_MODULE', 'ibus'), ('PWD', '/home/robot33-6/student133_ws/build/test_custom_publisher'), ('QT_QPA_PLATFORM', 'wayland;xcb'), ('SNAP_REAL_HOME', '/home/robot33-6'), ('XDG_CONFIG_DIRS', '/etc/xdg/xdg-ubuntu:/etc/xdg'), ('XDG_DATA_DIRS', '/usr/share/ubuntu:/usr/local/share/:/usr/share/:/var/lib/snapd/desktop'), ('LC_NUMERIC', 'ru_RU.UTF-8'), ('PYTHONPATH', '/home/robot33-6/student133_ws/install/test_custom_srv/local/lib/python3.10/dist-packages:/home/robot33-6/student133_ws/install/test_custom_msg/local/lib/python3.10/dist-packages:/opt/ros/humble/lib/python3.10/site-packages:/opt/ros/humble/local/lib/python3.10/dist-packages'), ('SNAP', '/snap/qtcreator-ros/107'), ('SNAP_EUID', '1000'), ('LC_PAPER', 'ru_RU.UTF-8'), ('COLCON', '1'), ('CMAKE_PREFIX_PATH', '/home/robot33-6/student133_ws/install/test_visualization:/home/robot33-6/student133_ws/install/test_parameters:/home/robot33-6/student133_ws/install/test_client:/home/robot33-6/student133_ws/install/test_service:/home/robot33-6/student133_ws/install/test_custom_srv:/home/robot33-6/student133_ws/install/test_custom_publisher:/home/robot33-6/student133_ws/install/test_castom_publisher:/home/robot33-6/student133_ws/install/test_custom_msg:/home/robot33-6/student133_ws/install/test_subscriber:/home/robot33-6/student133_ws/install/test_publisher:/home/robot33-6/student133_ws/install/test_pkg:/opt/ros/humble'), ('LIBGL_DRIVERS_PATH', '/snap/qtcreator-ros/107/usr/lib/x86_64-linux-gnu/dri')]), 'shell': False}
[0.597887] (test_custom_srv) StdoutLine: {'line': b'[ 51%] Built target test_custom_srv__rosidl_typesupport_c\n'}
[0.598155] (test_custom_srv) StdoutLine: {'line': b'[ 61%] Built target test_custom_srv__rosidl_typesupport_fastrtps_c\n'}
[0.598261] (test_custom_srv) StdoutLine: {'line': b'[ 70%] Built target test_custom_srv__rosidl_typesupport_cpp\n'}
[0.598348] (test_custom_msg) StdoutLine: {'line': b'[ 70%] Built target test_custom_msg\n'}
[0.598455] (test_parameters) JobProgress: {'identifier': 'test_parameters', 'progress': 'install'}
[0.598487] (test_parameters) Command: {'cmd': ['/usr/bin/cmake', '--install', '/home/robot33-6/student133_ws/build/test_parameters'], 'cwd': '/home/robot33-6/student133_ws/build/test_parameters', 'env': OrderedDict([('GJS_DEBUG_TOPICS', 'JS ERROR;JS LOG'), ('LC_TIME', 'ru_RU.UTF-8'), ('SNAP_COMMON', '/var/snap/qtcreator-ros/common'), ('SNAP_INSTANCE_KEY', ''), ('USER', 'robot33-6'), ('XDG_SESSION_TYPE', 'wayland'), ('LD_LIBRARY_PATH', '/home/robot33-6/student133_ws/install/test_custom_srv/lib:/home/robot33-6/student133_ws/install/test_custom_msg/lib:/opt/ros/humble/opt/rviz_ogre_vendor/lib:/opt/ros/humble/lib/x86_64-linux-gnu:/opt/ros/humble/lib:/snap/qtcreator-ros/107/lib:/snap/qtcreator-ros/107/usr/lib/x86_64-linux-gnu'), ('SHLVL', '313'), ('SNAP_UID', '1000'), ('HOME', '/home/robot33-6'), ('SNAP_LIBRARY_PATH', '/var/lib/snapd/lib/gl:/var/lib/snapd/lib/gl32:/var/lib/snapd/void'), ('DESKTOP_SESSION', 'ubuntu'), ('QTDIR', '/usr/lib/x86_64-linux-gnu/qt5'), ('SNAP_USER_DATA', '/home/robot33-6/snap/qtcreator-ros/107'), ('GIO_LAUNCHED_DESKTOP_FILE', '/var/lib/snapd/desktop/applications/qtcreator-ros_qtcreator-ros.desktop'), ('GNOME_SHELL_SESSION_MODE', 'ubuntu'), ('GTK_MODULES', 'gail:atk-bridge'), ('ROS_PYTHON_VERSION', '3'), ('LC_MONETARY', 'ru_RU.UTF-8'), ('MANAGERPID', '1373'), ('DBUS_SESSION_BUS_ADDRESS', 'unix:path=/run/user/1000/bus'), ('SYSTEMD_EXEC_PID', '1587'), ('GIO_LAUNCHED_DESKTOP_FILE_PID', '3050'), ('SNAP_REVISION', '107'), ('COLCON_PREFIX_PATH', '/home/robot33-6/student133_ws/install'), ('IM_CONFIG_PHASE', '1'), ('ROS_DISTRO', 'humble'), ('WAYLAND_DISPLAY', 'wayland-0'), ('LOGNAME', 'robot33-6'), ('JOURNAL_STREAM', '8:26382'), ('SNAP_CONTEXT', 'zfxwyVEa0dSM0vT388UHnSyWy-Mv84K8RE-CWR0OLT2wc9JrOksa'), ('_', '/usr/bin/env'), ('ROS_VERSION', '2'), ('SNAP_VERSION', '12.0.2'), ('XDG_SESSION_CLASS', 'user'), ('TERM', 'xterm'), ('USERNAME', 'robot33-6'), ('GNOME_DESKTOP_SESSION_ID', 'this-is-deprecated'), ('ROS_LOCALHOST_ONLY', '0'), ('SNAP_INSTANCE_NAME', 'qtcreator-ros'), ('PATH', '/opt/ros/humble/bin:/usr/local/sbin:/usr/local/bin:/usr/sbin:/usr/bin:/sbin:/bin:/usr/games:/usr/local/games:/snap/bin:/snap/bin'), ('INVOCATION_ID', '8be6e9d5a46c4dde9fbe4351f65a98da'), ('SESSION_MANAGER', 'local/robot33-6:@/tmp/.ICE-unix/1547,unix/robot33-6:/tmp/.ICE-unix/1547'), ('BAMF_DESKTOP_FILE_HINT', '/var/lib/snapd/desktop/applications/qtcreator-ros_qtcreator-ros.desktop'), ('GNOME_SETUP_DISPLAY', ':1'), ('LC_ADDRESS', 'ru_RU.UTF-8'), ('SNAP_DATA', '/var/snap/qtcreator-ros/107'), ('XDG_MENU_PREFIX', 'gnome-'), ('XDG_RUNTIME_DIR', '/run/user/1000'), ('DISPLAY', ':0'), ('LANG', 'en_US.UTF-8'), ('LC_TELEPHONE', 'ru_RU.UTF-8'), ('XDG_CURRENT_DESKTOP', 'ubuntu:GNOME'), ('XAUTHORITY', '/run/user/1000/.mutter-Xwaylandauth.NV73K2'), ('XDG_SESSION_DESKTOP', 'ubuntu'), ('XMODIFIERS', '@im=ibus'), ('AMENT_PREFIX_PATH', '/home/robot33-6/student133_ws/install/test_visualization:/home/robot33-6/student133_ws/install/test_parameters:/home/robot33-6/student133_ws/install/test_client:/home/robot33-6/student133_ws/install/test_service:/home/robot33-6/student133_ws/install/test_custom_srv:/home/robot33-6/student133_ws/install/test_custom_publisher:/home/robot33-6/student133_ws/install/test_castom_publisher:/home/robot33-6/student133_ws/install/test_custom_msg:/home/robot33-6/student133_ws/install/test_subscriber:/home/robot33-6/student133_ws/install/test_publisher:/home/robot33-6/student133_ws/install/test_pkg:/opt/ros/humble'), ('SNAP_ARCH', 'amd64'), ('SNAP_COOKIE', 'zfxwyVEa0dSM0vT388UHnSyWy-Mv84K8RE-CWR0OLT2wc9JrOksa'), ('SNAP_USER_COMMON', '/home/robot33-6/snap/qtcreator-ros/common'), ('SSH_AGENT_LAUNCHER', 'gnome-keyring'), ('SSH_AUTH_SOCK', '/run/user/1000/keyring/ssh'), ('LC_NAME', 'ru_RU.UTF-8'), ('SHELL', '/bin/bash'), ('GDMSESSION', 'ubuntu'), ('QT_ACCESSIBILITY', '1'), ('SNAP_REEXEC', ''), ('SNAP_NAME', 'qtcreator-ros'), ('LC_MEASUREMENT', 'ru_RU.UTF-8'), ('GJS_DEBUG_OUTPUT', 'stderr'), ('LC_IDENTIFICATION', 'ru_RU.UTF-8'), ('QT_IM_MODULE', 'ibus'), ('PWD', '/home/robot33-6/student133_ws/build/test_parameters'), ('QT_QPA_PLATFORM', 'wayland;xcb'), ('SNAP_REAL_HOME', '/home/robot33-6'), ('XDG_CONFIG_DIRS', '/etc/xdg/xdg-ubuntu:/etc/xdg'), ('XDG_DATA_DIRS', '/usr/share/ubuntu:/usr/local/share/:/usr/share/:/var/lib/snapd/desktop'), ('LC_NUMERIC', 'ru_RU.UTF-8'), ('PYTHONPATH', '/home/robot33-6/student133_ws/install/test_custom_srv/local/lib/python3.10/dist-packages:/home/robot33-6/student133_ws/install/test_custom_msg/local/lib/python3.10/dist-packages:/opt/ros/humble/lib/python3.10/site-packages:/opt/ros/humble/local/lib/python3.10/dist-packages'), ('SNAP', '/snap/qtcreator-ros/107'), ('SNAP_EUID', '1000'), ('LC_PAPER', 'ru_RU.UTF-8'), ('COLCON', '1'), ('CMAKE_PREFIX_PATH', '/home/robot33-6/student133_ws/install/test_visualization:/home/robot33-6/student133_ws/install/test_parameters:/home/robot33-6/student133_ws/install/test_client:/home/robot33-6/student133_ws/install/test_service:/home/robot33-6/student133_ws/install/test_custom_srv:/home/robot33-6/student133_ws/install/test_custom_publisher:/home/robot33-6/student133_ws/install/test_castom_publisher:/home/robot33-6/student133_ws/install/test_custom_msg:/home/robot33-6/student133_ws/install/test_subscriber:/home/robot33-6/student133_ws/install/test_publisher:/home/robot33-6/student133_ws/install/test_pkg:/opt/ros/humble'), ('LIBGL_DRIVERS_PATH', '/snap/qtcreator-ros/107/usr/lib/x86_64-linux-gnu/dri')]), 'shell': False}
[0.600086] (test_pkg) JobProgress: {'identifier': 'test_pkg', 'progress': 'install'}
[0.600158] (test_pkg) Command: {'cmd': ['/usr/bin/cmake', '--install', '/home/robot33-6/student133_ws/build/test_pkg'], 'cwd': '/home/robot33-6/student133_ws/build/test_pkg', 'env': OrderedDict([('GJS_DEBUG_TOPICS', 'JS ERROR;JS LOG'), ('LC_TIME', 'ru_RU.UTF-8'), ('SNAP_COMMON', '/var/snap/qtcreator-ros/common'), ('SNAP_INSTANCE_KEY', ''), ('USER', 'robot33-6'), ('XDG_SESSION_TYPE', 'wayland'), ('LD_LIBRARY_PATH', '/home/robot33-6/student133_ws/install/test_custom_srv/lib:/home/robot33-6/student133_ws/install/test_custom_msg/lib:/opt/ros/humble/opt/rviz_ogre_vendor/lib:/opt/ros/humble/lib/x86_64-linux-gnu:/opt/ros/humble/lib:/snap/qtcreator-ros/107/lib:/snap/qtcreator-ros/107/usr/lib/x86_64-linux-gnu'), ('SHLVL', '313'), ('SNAP_UID', '1000'), ('HOME', '/home/robot33-6'), ('SNAP_LIBRARY_PATH', '/var/lib/snapd/lib/gl:/var/lib/snapd/lib/gl32:/var/lib/snapd/void'), ('DESKTOP_SESSION', 'ubuntu'), ('QTDIR', '/usr/lib/x86_64-linux-gnu/qt5'), ('SNAP_USER_DATA', '/home/robot33-6/snap/qtcreator-ros/107'), ('GIO_LAUNCHED_DESKTOP_FILE', '/var/lib/snapd/desktop/applications/qtcreator-ros_qtcreator-ros.desktop'), ('GNOME_SHELL_SESSION_MODE', 'ubuntu'), ('GTK_MODULES', 'gail:atk-bridge'), ('ROS_PYTHON_VERSION', '3'), ('LC_MONETARY', 'ru_RU.UTF-8'), ('MANAGERPID', '1373'), ('DBUS_SESSION_BUS_ADDRESS', 'unix:path=/run/user/1000/bus'), ('SYSTEMD_EXEC_PID', '1587'), ('GIO_LAUNCHED_DESKTOP_FILE_PID', '3050'), ('SNAP_REVISION', '107'), ('COLCON_PREFIX_PATH', '/home/robot33-6/student133_ws/install'), ('IM_CONFIG_PHASE', '1'), ('ROS_DISTRO', 'humble'), ('WAYLAND_DISPLAY', 'wayland-0'), ('LOGNAME', 'robot33-6'), ('JOURNAL_STREAM', '8:26382'), ('SNAP_CONTEXT', 'zfxwyVEa0dSM0vT388UHnSyWy-Mv84K8RE-CWR0OLT2wc9JrOksa'), ('_', '/usr/bin/env'), ('ROS_VERSION', '2'), ('SNAP_VERSION', '12.0.2'), ('XDG_SESSION_CLASS', 'user'), ('TERM', 'xterm'), ('USERNAME', 'robot33-6'), ('GNOME_DESKTOP_SESSION_ID', 'this-is-deprecated'), ('ROS_LOCALHOST_ONLY', '0'), ('SNAP_INSTANCE_NAME', 'qtcreator-ros'), ('PATH', '/opt/ros/humble/bin:/usr/local/sbin:/usr/local/bin:/usr/sbin:/usr/bin:/sbin:/bin:/usr/games:/usr/local/games:/snap/bin:/snap/bin'), ('INVOCATION_ID', '8be6e9d5a46c4dde9fbe4351f65a98da'), ('SESSION_MANAGER', 'local/robot33-6:@/tmp/.ICE-unix/1547,unix/robot33-6:/tmp/.ICE-unix/1547'), ('BAMF_DESKTOP_FILE_HINT', '/var/lib/snapd/desktop/applications/qtcreator-ros_qtcreator-ros.desktop'), ('GNOME_SETUP_DISPLAY', ':1'), ('LC_ADDRESS', 'ru_RU.UTF-8'), ('SNAP_DATA', '/var/snap/qtcreator-ros/107'), ('XDG_MENU_PREFIX', 'gnome-'), ('XDG_RUNTIME_DIR', '/run/user/1000'), ('DISPLAY', ':0'), ('LANG', 'en_US.UTF-8'), ('LC_TELEPHONE', 'ru_RU.UTF-8'), ('XDG_CURRENT_DESKTOP', 'ubuntu:GNOME'), ('XAUTHORITY', '/run/user/1000/.mutter-Xwaylandauth.NV73K2'), ('XDG_SESSION_DESKTOP', 'ubuntu'), ('XMODIFIERS', '@im=ibus'), ('AMENT_PREFIX_PATH', '/home/robot33-6/student133_ws/install/test_visualization:/home/robot33-6/student133_ws/install/test_parameters:/home/robot33-6/student133_ws/install/test_client:/home/robot33-6/student133_ws/install/test_service:/home/robot33-6/student133_ws/install/test_custom_srv:/home/robot33-6/student133_ws/install/test_custom_publisher:/home/robot33-6/student133_ws/install/test_castom_publisher:/home/robot33-6/student133_ws/install/test_custom_msg:/home/robot33-6/student133_ws/install/test_subscriber:/home/robot33-6/student133_ws/install/test_publisher:/home/robot33-6/student133_ws/install/test_pkg:/opt/ros/humble'), ('SNAP_ARCH', 'amd64'), ('SNAP_COOKIE', 'zfxwyVEa0dSM0vT388UHnSyWy-Mv84K8RE-CWR0OLT2wc9JrOksa'), ('SNAP_USER_COMMON', '/home/robot33-6/snap/qtcreator-ros/common'), ('SSH_AGENT_LAUNCHER', 'gnome-keyring'), ('SSH_AUTH_SOCK', '/run/user/1000/keyring/ssh'), ('LC_NAME', 'ru_RU.UTF-8'), ('SHELL', '/bin/bash'), ('GDMSESSION', 'ubuntu'), ('QT_ACCESSIBILITY', '1'), ('SNAP_REEXEC', ''), ('SNAP_NAME', 'qtcreator-ros'), ('LC_MEASUREMENT', 'ru_RU.UTF-8'), ('GJS_DEBUG_OUTPUT', 'stderr'), ('LC_IDENTIFICATION', 'ru_RU.UTF-8'), ('QT_IM_MODULE', 'ibus'), ('PWD', '/home/robot33-6/student133_ws/build/test_pkg'), ('QT_QPA_PLATFORM', 'wayland;xcb'), ('SNAP_REAL_HOME', '/home/robot33-6'), ('XDG_CONFIG_DIRS', '/etc/xdg/xdg-ubuntu:/etc/xdg'), ('XDG_DATA_DIRS', '/usr/share/ubuntu:/usr/local/share/:/usr/share/:/var/lib/snapd/desktop'), ('LC_NUMERIC', 'ru_RU.UTF-8'), ('PYTHONPATH', '/home/robot33-6/student133_ws/install/test_custom_srv/local/lib/python3.10/dist-packages:/home/robot33-6/student133_ws/install/test_custom_msg/local/lib/python3.10/dist-packages:/opt/ros/humble/lib/python3.10/site-packages:/opt/ros/humble/local/lib/python3.10/dist-packages'), ('SNAP', '/snap/qtcreator-ros/107'), ('SNAP_EUID', '1000'), ('LC_PAPER', 'ru_RU.UTF-8'), ('COLCON', '1'), ('CMAKE_PREFIX_PATH', '/home/robot33-6/student133_ws/install/test_visualization:/home/robot33-6/student133_ws/install/test_parameters:/home/robot33-6/student133_ws/install/test_client:/home/robot33-6/student133_ws/install/test_service:/home/robot33-6/student133_ws/install/test_custom_srv:/home/robot33-6/student133_ws/install/test_custom_publisher:/home/robot33-6/student133_ws/install/test_castom_publisher:/home/robot33-6/student133_ws/install/test_custom_msg:/home/robot33-6/student133_ws/install/test_subscriber:/home/robot33-6/student133_ws/install/test_publisher:/home/robot33-6/student133_ws/install/test_pkg:/opt/ros/humble'), ('LIBGL_DRIVERS_PATH', '/snap/qtcreator-ros/107/usr/lib/x86_64-linux-gnu/dri')]), 'shell': False}
[0.611220] (test_client) StdoutLine: {'line': b'-- Install configuration: "Debug"\n'}
[0.611477] (-) TimerEvent: {}
[0.611679] (test_client) StdoutLine: {'line': b'-- Up-to-date: /home/robot33-6/student133_ws/install/test_client/lib/test_client/test_client_node\n'}
[0.611797] (test_client) StdoutLine: {'line': b'-- Up-to-date: /home/robot33-6/student133_ws/install/test_client/share/ament_index/resource_index/package_run_dependencies/test_client\n'}
[0.611883] (test_client) StdoutLine: {'line': b'-- Up-to-date: /home/robot33-6/student133_ws/install/test_client/share/ament_index/resource_index/parent_prefix_path/test_client\n'}
[0.611962] (test_client) StdoutLine: {'line': b'-- Up-to-date: /home/robot33-6/student133_ws/install/test_client/share/test_client/environment/ament_prefix_path.sh\n'}
[0.612039] (test_client) StdoutLine: {'line': b'-- Up-to-date: /home/robot33-6/student133_ws/install/test_client/share/test_client/environment/ament_prefix_path.dsv\n'}
[0.612114] (test_client) StdoutLine: {'line': b'-- Up-to-date: /home/robot33-6/student133_ws/install/test_client/share/test_client/environment/path.sh\n'}
[0.612185] (test_client) StdoutLine: {'line': b'-- Up-to-date: /home/robot33-6/student133_ws/install/test_client/share/test_client/environment/path.dsv\n'}
[0.612272] (test_client) StdoutLine: {'line': b'-- Up-to-date: /home/robot33-6/student133_ws/install/test_client/share/test_client/local_setup.bash\n'}
[0.612347] (test_client) StdoutLine: {'line': b'-- Up-to-date: /home/robot33-6/student133_ws/install/test_client/share/test_client/local_setup.sh\n'}
[0.612419] (test_client) StdoutLine: {'line': b'-- Up-to-date: /home/robot33-6/student133_ws/install/test_client/share/test_client/local_setup.zsh\n'}
[0.612490] (test_client) StdoutLine: {'line': b'-- Up-to-date: /home/robot33-6/student133_ws/install/test_client/share/test_client/local_setup.dsv\n'}
[0.612560] (test_client) StdoutLine: {'line': b'-- Installing: /home/robot33-6/student133_ws/install/test_client/share/test_client/package.dsv\n'}
[0.612634] (test_client) StdoutLine: {'line': b'-- Up-to-date: /home/robot33-6/student133_ws/install/test_client/share/ament_index/resource_index/packages/test_client\n'}
[0.612763] (test_client) StdoutLine: {'line': b'-- Up-to-date: /home/robot33-6/student133_ws/install/test_client/share/test_client/cmake/test_clientConfig.cmake\n'}
[0.612830] (test_client) StdoutLine: {'line': b'-- Up-to-date: /home/robot33-6/student133_ws/install/test_client/share/test_client/cmake/test_clientConfig-version.cmake\n'}
[0.612895] (test_client) StdoutLine: {'line': b'-- Up-to-date: /home/robot33-6/student133_ws/install/test_client/share/test_client/package.xml\n'}
[0.612960] (test_custom_publisher) StdoutLine: {'line': b'-- Install configuration: "Debug"\n'}
[0.613229] (test_custom_publisher) StdoutLine: {'line': b'-- Up-to-date: /home/robot33-6/student133_ws/install/test_custom_publisher/lib/test_custom_publisher/test_custom_publisher_node\n'}
[0.613337] (test_custom_publisher) StdoutLine: {'line': b'-- Up-to-date: /home/robot33-6/student133_ws/install/test_custom_publisher/share/ament_index/resource_index/package_run_dependencies/test_custom_publisher\n'}
[0.613506] (test_custom_publisher) StdoutLine: {'line': b'-- Up-to-date: /home/robot33-6/student133_ws/install/test_custom_publisher/share/ament_index/resource_index/parent_prefix_path/test_custom_publisher\n'}
[0.613578] (test_custom_publisher) StdoutLine: {'line': b'-- Up-to-date: /home/robot33-6/student133_ws/install/test_custom_publisher/share/test_custom_publisher/environment/ament_prefix_path.sh\n'}
[0.613656] (test_custom_publisher) StdoutLine: {'line': b'-- Up-to-date: /home/robot33-6/student133_ws/install/test_custom_publisher/share/test_custom_publisher/environment/ament_prefix_path.dsv\n'}
[0.613725] (test_custom_publisher) StdoutLine: {'line': b'-- Up-to-date: /home/robot33-6/student133_ws/install/test_custom_publisher/share/test_custom_publisher/environment/path.sh\n'}
[0.613789] (test_custom_publisher) StdoutLine: {'line': b'-- Up-to-date: /home/robot33-6/student133_ws/install/test_custom_publisher/share/test_custom_publisher/environment/path.dsv\n'}
[0.614079] (test_custom_publisher) StdoutLine: {'line': b'-- Up-to-date: /home/robot33-6/student133_ws/install/test_custom_publisher/share/test_custom_publisher/local_setup.bash\n'}
[0.614180] (test_custom_publisher) StdoutLine: {'line': b'-- Up-to-date: /home/robot33-6/student133_ws/install/test_custom_publisher/share/test_custom_publisher/local_setup.sh\n'}
[0.614249] (test_custom_publisher) StdoutLine: {'line': b'-- Up-to-date: /home/robot33-6/student133_ws/install/test_custom_publisher/share/test_custom_publisher/local_setup.zsh\n'}
[0.614314] (test_custom_publisher) StdoutLine: {'line': b'-- Up-to-date: /home/robot33-6/student133_ws/install/test_custom_publisher/share/test_custom_publisher/local_setup.dsv\n'}
[0.614404] (test_custom_publisher) StdoutLine: {'line': b'-- Installing: /home/robot33-6/student133_ws/install/test_custom_publisher/share/test_custom_publisher/package.dsv\n'}
[0.615810] (test_custom_publisher) StdoutLine: {'line': b'-- Up-to-date: /home/robot33-6/student133_ws/install/test_custom_publisher/share/ament_index/resource_index/packages/test_custom_publisher\n'}
[0.616029] (test_custom_publisher) StdoutLine: {'line': b'-- Up-to-date: /home/robot33-6/student133_ws/install/test_custom_publisher/share/test_custom_publisher/cmake/test_custom_publisherConfig.cmake\n'}
[0.616122] (test_custom_publisher) StdoutLine: {'line': b'-- Up-to-date: /home/robot33-6/student133_ws/install/test_custom_publisher/share/test_custom_publisher/cmake/test_custom_publisherConfig-version.cmake\n'}
[0.616211] (test_custom_publisher) StdoutLine: {'line': b'-- Up-to-date: /home/robot33-6/student133_ws/install/test_custom_publisher/share/test_custom_publisher/package.xml\n'}
[0.616297] (test_client) CommandEnded: {'returncode': 0}
[0.679646] (test_parameters) StdoutLine: {'line': b'-- Install configuration: "Debug"\n'}
[0.680383] (test_parameters) StdoutLine: {'line': b'-- Up-to-date: /home/robot33-6/student133_ws/install/test_parameters/share/test_parameters/launch\n'}
[0.680733] (test_parameters) StdoutLine: {'line': b'-- Up-to-date: /home/robot33-6/student133_ws/install/test_parameters/share/test_parameters/launch/test_parameters_launch.py\n'}
[0.681040] (test_parameters) StdoutLine: {'line': b'-- Up-to-date: /home/robot33-6/student133_ws/install/test_parameters/lib/test_parameters/test_parameters_node\n'}
[0.681215] (test_parameters) StdoutLine: {'line': b'-- Up-to-date: /home/robot33-6/student133_ws/install/test_parameters/share/ament_index/resource_index/package_run_dependencies/test_parameters\n'}
[0.681361] (test_parameters) StdoutLine: {'line': b'-- Up-to-date: /home/robot33-6/student133_ws/install/test_parameters/share/ament_index/resource_index/parent_prefix_path/test_parameters\n'}
[0.681459] (test_parameters) StdoutLine: {'line': b'-- Up-to-date: /home/robot33-6/student133_ws/install/test_parameters/share/test_parameters/environment/ament_prefix_path.sh\n'}
[0.681544] (test_parameters) StdoutLine: {'line': b'-- Up-to-date: /home/robot33-6/student133_ws/install/test_parameters/share/test_parameters/environment/ament_prefix_path.dsv\n'}
[0.681633] (test_parameters) StdoutLine: {'line': b'-- Up-to-date: /home/robot33-6/student133_ws/install/test_parameters/share/test_parameters/environment/path.sh\n'}
[0.681716] (test_parameters) StdoutLine: {'line': b'-- Up-to-date: /home/robot33-6/student133_ws/install/test_parameters/share/test_parameters/environment/path.dsv\n'}
[0.681801] (test_parameters) StdoutLine: {'line': b'-- Up-to-date: /home/robot33-6/student133_ws/install/test_parameters/share/test_parameters/local_setup.bash\n'}
[0.681881] (test_parameters) StdoutLine: {'line': b'-- Up-to-date: /home/robot33-6/student133_ws/install/test_parameters/share/test_parameters/local_setup.sh\n'}
[0.681965] (test_parameters) StdoutLine: {'line': b'-- Up-to-date: /home/robot33-6/student133_ws/install/test_parameters/share/test_parameters/local_setup.zsh\n'}
[0.682049] (test_parameters) StdoutLine: {'line': b'-- Up-to-date: /home/robot33-6/student133_ws/install/test_parameters/share/test_parameters/local_setup.dsv\n'}
[0.682130] (test_parameters) StdoutLine: {'line': b'-- Installing: /home/robot33-6/student133_ws/install/test_parameters/share/test_parameters/package.dsv\n'}
[0.682213] (test_parameters) StdoutLine: {'line': b'-- Up-to-date: /home/robot33-6/student133_ws/install/test_parameters/share/ament_index/resource_index/packages/test_parameters\n'}
[0.682295] (test_parameters) StdoutLine: {'line': b'-- Up-to-date: /home/robot33-6/student133_ws/install/test_parameters/share/test_parameters/cmake/test_parametersConfig.cmake\n'}
[0.682544] (test_parameters) StdoutLine: {'line': b'-- Up-to-date: /home/robot33-6/student133_ws/install/test_parameters/share/test_parameters/cmake/test_parametersConfig-version.cmake\n'}
[0.682840] (test_parameters) StdoutLine: {'line': b'-- Up-to-date: /home/robot33-6/student133_ws/install/test_parameters/share/test_parameters/package.xml\n'}
[0.682972] (test_pkg) StdoutLine: {'line': b'-- Install configuration: "Debug"\n'}
[0.683712] (test_pkg) StdoutLine: {'line': b'-- Up-to-date: /home/robot33-6/student133_ws/install/test_pkg/lib/test_pkg/test_pkg_node\n'}
[0.683916] (test_pkg) StdoutLine: {'line': b'-- Up-to-date: /home/robot33-6/student133_ws/install/test_pkg/share/ament_index/resource_index/package_run_dependencies/test_pkg\n'}
[0.684032] (test_pkg) StdoutLine: {'line': b'-- Up-to-date: /home/robot33-6/student133_ws/install/test_pkg/share/ament_index/resource_index/parent_prefix_path/test_pkg\n'}
[0.684224] (test_pkg) StdoutLine: {'line': b'-- Up-to-date: /home/robot33-6/student133_ws/install/test_pkg/share/test_pkg/environment/ament_prefix_path.sh\n'}
[0.684314] (test_pkg) StdoutLine: {'line': b'-- Up-to-date: /home/robot33-6/student133_ws/install/test_pkg/share/test_pkg/environment/ament_prefix_path.dsv\n'}
[0.684399] (test_pkg) StdoutLine: {'line': b'-- Up-to-date: /home/robot33-6/student133_ws/install/test_pkg/share/test_pkg/environment/path.sh\n'}
[0.684490] (test_pkg) StdoutLine: {'line': b'-- Up-to-date: /home/robot33-6/student133_ws/install/test_pkg/share/test_pkg/environment/path.dsv\n'}
[0.684744] (test_pkg) StdoutLine: {'line': b'-- Up-to-date: /home/robot33-6/student133_ws/install/test_pkg/share/test_pkg/local_setup.bash\n'}
[0.684837] (test_pkg) StdoutLine: {'line': b'-- Up-to-date: /home/robot33-6/student133_ws/install/test_pkg/share/test_pkg/local_setup.sh\n'}
[0.684923] (test_pkg) StdoutLine: {'line': b'-- Up-to-date: /home/robot33-6/student133_ws/install/test_pkg/share/test_pkg/local_setup.zsh\n'}
[0.685003] (test_pkg) StdoutLine: {'line': b'-- Up-to-date: /home/robot33-6/student133_ws/install/test_pkg/share/test_pkg/local_setup.dsv\n'}
[0.685082] (test_pkg) StdoutLine: {'line': b'-- Installing: /home/robot33-6/student133_ws/install/test_pkg/share/test_pkg/package.dsv\n'}
[0.685162] (test_pkg) StdoutLine: {'line': b'-- Up-to-date: /home/robot33-6/student133_ws/install/test_pkg/share/ament_index/resource_index/packages/test_pkg\n'}
[0.685243] (test_pkg) StdoutLine: {'line': b'-- Up-to-date: /home/robot33-6/student133_ws/install/test_pkg/share/test_pkg/cmake/test_pkgConfig.cmake\n'}
[0.685323] (test_pkg) StdoutLine: {'line': b'-- Up-to-date: /home/robot33-6/student133_ws/install/test_pkg/share/test_pkg/cmake/test_pkgConfig-version.cmake\n'}
[0.685406] (test_pkg) StdoutLine: {'line': b'-- Up-to-date: /home/robot33-6/student133_ws/install/test_pkg/share/test_pkg/package.xml\n'}
[0.685494] (test_custom_srv) StdoutLine: {'line': b'[ 70%] Built target test_custom_srv\n'}
[0.685635] (test_custom_srv) StdoutLine: {'line': b'[ 74%] Built target test_custom_srv__py\n'}
[0.685725] (test_custom_srv) StdoutLine: {'line': b'[ 80%] Built target test_custom_srv__rosidl_generator_py\n'}
[0.686013] (test_custom_msg) StdoutLine: {'line': b'[ 74%] Built target test_custom_msg__py\n'}
[0.686150] (test_custom_msg) StdoutLine: {'line': b'[ 80%] Built target test_custom_msg__rosidl_generator_py\n'}
[0.686350] (test_custom_msg) StdoutLine: {'line': b'[100%] Built target test_custom_msg__rosidl_typesupport_introspection_c__pyext\n'}
[0.686441] (test_custom_msg) StdoutLine: {'line': b'[100%] Built target test_custom_msg__rosidl_typesupport_c__pyext\n'}
[0.686563] (test_custom_msg) StdoutLine: {'line': b'[100%] Built target test_custom_msg__rosidl_typesupport_fastrtps_c__pyext\n'}
[0.686655] (test_custom_publisher) CommandEnded: {'returncode': 0}
[0.711565] (-) TimerEvent: {}
[0.730800] (test_parameters) CommandEnded: {'returncode': 0}
[0.777133] (test_pkg) CommandEnded: {'returncode': 0}
[0.811701] (-) TimerEvent: {}
[0.826669] (test_service) JobProgress: {'identifier': 'test_service', 'progress': 'install'}
[0.826766] (test_service) Command: {'cmd': ['/usr/bin/cmake', '--install', '/home/robot33-6/student133_ws/build/test_service'], 'cwd': '/home/robot33-6/student133_ws/build/test_service', 'env': OrderedDict([('GJS_DEBUG_TOPICS', 'JS ERROR;JS LOG'), ('LC_TIME', 'ru_RU.UTF-8'), ('SNAP_COMMON', '/var/snap/qtcreator-ros/common'), ('SNAP_INSTANCE_KEY', ''), ('USER', 'robot33-6'), ('XDG_SESSION_TYPE', 'wayland'), ('LD_LIBRARY_PATH', '/home/robot33-6/student133_ws/install/test_custom_srv/lib:/home/robot33-6/student133_ws/install/test_custom_msg/lib:/opt/ros/humble/opt/rviz_ogre_vendor/lib:/opt/ros/humble/lib/x86_64-linux-gnu:/opt/ros/humble/lib:/snap/qtcreator-ros/107/lib:/snap/qtcreator-ros/107/usr/lib/x86_64-linux-gnu'), ('SHLVL', '313'), ('SNAP_UID', '1000'), ('HOME', '/home/robot33-6'), ('SNAP_LIBRARY_PATH', '/var/lib/snapd/lib/gl:/var/lib/snapd/lib/gl32:/var/lib/snapd/void'), ('DESKTOP_SESSION', 'ubuntu'), ('QTDIR', '/usr/lib/x86_64-linux-gnu/qt5'), ('SNAP_USER_DATA', '/home/robot33-6/snap/qtcreator-ros/107'), ('GIO_LAUNCHED_DESKTOP_FILE', '/var/lib/snapd/desktop/applications/qtcreator-ros_qtcreator-ros.desktop'), ('GNOME_SHELL_SESSION_MODE', 'ubuntu'), ('GTK_MODULES', 'gail:atk-bridge'), ('ROS_PYTHON_VERSION', '3'), ('LC_MONETARY', 'ru_RU.UTF-8'), ('MANAGERPID', '1373'), ('DBUS_SESSION_BUS_ADDRESS', 'unix:path=/run/user/1000/bus'), ('SYSTEMD_EXEC_PID', '1587'), ('GIO_LAUNCHED_DESKTOP_FILE_PID', '3050'), ('SNAP_REVISION', '107'), ('COLCON_PREFIX_PATH', '/home/robot33-6/student133_ws/install'), ('IM_CONFIG_PHASE', '1'), ('ROS_DISTRO', 'humble'), ('WAYLAND_DISPLAY', 'wayland-0'), ('LOGNAME', 'robot33-6'), ('JOURNAL_STREAM', '8:26382'), ('SNAP_CONTEXT', 'zfxwyVEa0dSM0vT388UHnSyWy-Mv84K8RE-CWR0OLT2wc9JrOksa'), ('_', '/usr/bin/env'), ('ROS_VERSION', '2'), ('SNAP_VERSION', '12.0.2'), ('XDG_SESSION_CLASS', 'user'), ('TERM', 'xterm'), ('USERNAME', 'robot33-6'), ('GNOME_DESKTOP_SESSION_ID', 'this-is-deprecated'), ('ROS_LOCALHOST_ONLY', '0'), ('SNAP_INSTANCE_NAME', 'qtcreator-ros'), ('PATH', '/opt/ros/humble/bin:/usr/local/sbin:/usr/local/bin:/usr/sbin:/usr/bin:/sbin:/bin:/usr/games:/usr/local/games:/snap/bin:/snap/bin'), ('INVOCATION_ID', '8be6e9d5a46c4dde9fbe4351f65a98da'), ('SESSION_MANAGER', 'local/robot33-6:@/tmp/.ICE-unix/1547,unix/robot33-6:/tmp/.ICE-unix/1547'), ('BAMF_DESKTOP_FILE_HINT', '/var/lib/snapd/desktop/applications/qtcreator-ros_qtcreator-ros.desktop'), ('GNOME_SETUP_DISPLAY', ':1'), ('LC_ADDRESS', 'ru_RU.UTF-8'), ('SNAP_DATA', '/var/snap/qtcreator-ros/107'), ('XDG_MENU_PREFIX', 'gnome-'), ('XDG_RUNTIME_DIR', '/run/user/1000'), ('DISPLAY', ':0'), ('LANG', 'en_US.UTF-8'), ('LC_TELEPHONE', 'ru_RU.UTF-8'), ('XDG_CURRENT_DESKTOP', 'ubuntu:GNOME'), ('XAUTHORITY', '/run/user/1000/.mutter-Xwaylandauth.NV73K2'), ('XDG_SESSION_DESKTOP', 'ubuntu'), ('XMODIFIERS', '@im=ibus'), ('AMENT_PREFIX_PATH', '/home/robot33-6/student133_ws/install/test_visualization:/home/robot33-6/student133_ws/install/test_parameters:/home/robot33-6/student133_ws/install/test_client:/home/robot33-6/student133_ws/install/test_service:/home/robot33-6/student133_ws/install/test_custom_srv:/home/robot33-6/student133_ws/install/test_custom_publisher:/home/robot33-6/student133_ws/install/test_castom_publisher:/home/robot33-6/student133_ws/install/test_custom_msg:/home/robot33-6/student133_ws/install/test_subscriber:/home/robot33-6/student133_ws/install/test_publisher:/home/robot33-6/student133_ws/install/test_pkg:/opt/ros/humble'), ('SNAP_ARCH', 'amd64'), ('SNAP_COOKIE', 'zfxwyVEa0dSM0vT388UHnSyWy-Mv84K8RE-CWR0OLT2wc9JrOksa'), ('SNAP_USER_COMMON', '/home/robot33-6/snap/qtcreator-ros/common'), ('SSH_AGENT_LAUNCHER', 'gnome-keyring'), ('SSH_AUTH_SOCK', '/run/user/1000/keyring/ssh'), ('LC_NAME', 'ru_RU.UTF-8'), ('SHELL', '/bin/bash'), ('GDMSESSION', 'ubuntu'), ('QT_ACCESSIBILITY', '1'), ('SNAP_REEXEC', ''), ('SNAP_NAME', 'qtcreator-ros'), ('LC_MEASUREMENT', 'ru_RU.UTF-8'), ('GJS_DEBUG_OUTPUT', 'stderr'), ('LC_IDENTIFICATION', 'ru_RU.UTF-8'), ('QT_IM_MODULE', 'ibus'), ('PWD', '/home/robot33-6/student133_ws/build/test_service'), ('QT_QPA_PLATFORM', 'wayland;xcb'), ('SNAP_REAL_HOME', '/home/robot33-6'), ('XDG_CONFIG_DIRS', '/etc/xdg/xdg-ubuntu:/etc/xdg'), ('XDG_DATA_DIRS', '/usr/share/ubuntu:/usr/local/share/:/usr/share/:/var/lib/snapd/desktop'), ('LC_NUMERIC', 'ru_RU.UTF-8'), ('PYTHONPATH', '/home/robot33-6/student133_ws/install/test_custom_srv/local/lib/python3.10/dist-packages:/home/robot33-6/student133_ws/install/test_custom_msg/local/lib/python3.10/dist-packages:/opt/ros/humble/lib/python3.10/site-packages:/opt/ros/humble/local/lib/python3.10/dist-packages'), ('SNAP', '/snap/qtcreator-ros/107'), ('SNAP_EUID', '1000'), ('LC_PAPER', 'ru_RU.UTF-8'), ('COLCON', '1'), ('CMAKE_PREFIX_PATH', '/home/robot33-6/student133_ws/install/test_visualization:/home/robot33-6/student133_ws/install/test_parameters:/home/robot33-6/student133_ws/install/test_client:/home/robot33-6/student133_ws/install/test_service:/home/robot33-6/student133_ws/install/test_custom_srv:/home/robot33-6/student133_ws/install/test_custom_publisher:/home/robot33-6/student133_ws/install/test_castom_publisher:/home/robot33-6/student133_ws/install/test_custom_msg:/home/robot33-6/student133_ws/install/test_subscriber:/home/robot33-6/student133_ws/install/test_publisher:/home/robot33-6/student133_ws/install/test_pkg:/opt/ros/humble'), ('LIBGL_DRIVERS_PATH', '/snap/qtcreator-ros/107/usr/lib/x86_64-linux-gnu/dri')]), 'shell': False}
[0.828331] (test_custom_srv) StdoutLine: {'line': b'[ 87%] Built target test_custom_srv__rosidl_typesupport_introspection_c__pyext\n'}
[0.829347] (test_custom_srv) StdoutLine: {'line': b'[ 93%] Built target test_custom_srv__rosidl_typesupport_c__pyext\n'}
[0.830247] (test_custom_srv) StdoutLine: {'line': b'[100%] Built target test_custom_srv__rosidl_typesupport_fastrtps_c__pyext\n'}
[0.830594] (test_custom_msg) StdoutLine: {'line': b'running egg_info\n'}
[0.830859] (test_custom_msg) StdoutLine: {'line': b'writing test_custom_msg.egg-info/PKG-INFO\n'}
[0.831081] (test_custom_msg) StdoutLine: {'line': b'writing dependency_links to test_custom_msg.egg-info/dependency_links.txt\n'}
[0.831213] (test_custom_msg) StdoutLine: {'line': b'writing top-level names to test_custom_msg.egg-info/top_level.txt\n'}
[0.831467] (test_custom_msg) StdoutLine: {'line': b"reading manifest file 'test_custom_msg.egg-info/SOURCES.txt'\n"}
[0.831598] (test_custom_msg) StdoutLine: {'line': b"writing manifest file 'test_custom_msg.egg-info/SOURCES.txt'\n"}
[0.831798] (test_custom_msg) StdoutLine: {'line': b'[100%] Built target ament_cmake_python_build_test_custom_msg_egg\n'}
[0.889623] (test_client) JobEnded: {'identifier': 'test_client', 'rc': 0}
[0.911862] (-) TimerEvent: {}
[0.944982] (test_custom_publisher) JobEnded: {'identifier': 'test_custom_publisher', 'rc': 0}
[0.945458] (test_subscriber) JobStarted: {'identifier': 'test_subscriber'}
[0.998144] (test_service) StdoutLine: {'line': b'-- Install configuration: "Debug"\n'}
[0.998460] (test_service) StdoutLine: {'line': b'-- Up-to-date: /home/robot33-6/student133_ws/install/test_service/lib/test_service/test_service_node\n'}
[0.998573] (test_service) StdoutLine: {'line': b'-- Up-to-date: /home/robot33-6/student133_ws/install/test_service/share/ament_index/resource_index/package_run_dependencies/test_service\n'}
[0.998776] (test_service) StdoutLine: {'line': b'-- Up-to-date: /home/robot33-6/student133_ws/install/test_service/share/ament_index/resource_index/parent_prefix_path/test_service\n'}
[0.998866] (test_service) StdoutLine: {'line': b'-- Up-to-date: /home/robot33-6/student133_ws/install/test_service/share/test_service/environment/ament_prefix_path.sh\n'}
[0.998922] (test_service) StdoutLine: {'line': b'-- Up-to-date: /home/robot33-6/student133_ws/install/test_service/share/test_service/environment/ament_prefix_path.dsv\n'}
[0.998972] (test_service) StdoutLine: {'line': b'-- Up-to-date: /home/robot33-6/student133_ws/install/test_service/share/test_service/environment/path.sh\n'}
[0.999022] (test_service) StdoutLine: {'line': b'-- Up-to-date: /home/robot33-6/student133_ws/install/test_service/share/test_service/environment/path.dsv\n'}
[0.999168] (test_service) StdoutLine: {'line': b'-- Up-to-date: /home/robot33-6/student133_ws/install/test_service/share/test_service/local_setup.bash\n'}
[0.999234] (test_service) StdoutLine: {'line': b'-- Up-to-date: /home/robot33-6/student133_ws/install/test_service/share/test_service/local_setup.sh\n'}
[0.999285] (test_service) StdoutLine: {'line': b'-- Up-to-date: /home/robot33-6/student133_ws/install/test_service/share/test_service/local_setup.zsh\n'}
[0.999335] (test_service) StdoutLine: {'line': b'-- Up-to-date: /home/robot33-6/student133_ws/install/test_service/share/test_service/local_setup.dsv\n'}
[0.999387] (test_service) StdoutLine: {'line': b'-- Installing: /home/robot33-6/student133_ws/install/test_service/share/test_service/package.dsv\n'}
[0.999502] (test_service) StdoutLine: {'line': b'-- Up-to-date: /home/robot33-6/student133_ws/install/test_service/share/ament_index/resource_index/packages/test_service\n'}
[0.999552] (test_service) StdoutLine: {'line': b'-- Up-to-date: /home/robot33-6/student133_ws/install/test_service/share/test_service/cmake/test_serviceConfig.cmake\n'}
[0.999602] (test_service) StdoutLine: {'line': b'-- Up-to-date: /home/robot33-6/student133_ws/install/test_service/share/test_service/cmake/test_serviceConfig-version.cmake\n'}
[0.999651] (test_service) StdoutLine: {'line': b'-- Up-to-date: /home/robot33-6/student133_ws/install/test_service/share/test_service/package.xml\n'}
[0.999701] (test_custom_srv) StdoutLine: {'line': b'running egg_info\n'}
[0.999800] (test_custom_srv) StdoutLine: {'line': b'writing test_custom_srv.egg-info/PKG-INFO\n'}
[0.999865] (test_custom_srv) StdoutLine: {'line': b'writing dependency_links to test_custom_srv.egg-info/dependency_links.txt\n'}
[0.999916] (test_custom_srv) StdoutLine: {'line': b'writing top-level names to test_custom_srv.egg-info/top_level.txt\n'}
[0.999967] (test_custom_srv) StdoutLine: {'line': b"reading manifest file 'test_custom_srv.egg-info/SOURCES.txt'\n"}
[1.000017] (test_custom_srv) StdoutLine: {'line': b"writing manifest file 'test_custom_srv.egg-info/SOURCES.txt'\n"}
[1.011971] (-) TimerEvent: {}
[1.053101] (test_parameters) JobEnded: {'identifier': 'test_parameters', 'rc': 0}
[1.054008] (test_visualization) JobStarted: {'identifier': 'test_visualization'}
[1.105464] (test_custom_msg) CommandEnded: {'returncode': 0}
[1.106716] (test_custom_srv) StdoutLine: {'line': b'[100%] Built target ament_cmake_python_build_test_custom_srv_egg\n'}
[1.107268] (test_service) CommandEnded: {'returncode': 0}
[1.112180] (-) TimerEvent: {}
[1.206859] (test_pkg) JobEnded: {'identifier': 'test_pkg', 'rc': 0}
[1.208090] (test_custom_srv) CommandEnded: {'returncode': 0}
[1.210337] (test_subscriber) JobProgress: {'identifier': 'test_subscriber', 'progress': 'cmake'}
[1.211290] (test_subscriber) JobProgress: {'identifier': 'test_subscriber', 'progress': 'build'}
[1.211327] (test_subscriber) Command: {'cmd': ['/usr/bin/cmake', '--build', '/home/robot33-6/student133_ws/build/test_subscriber', '--', '-j8', '-l8'], 'cwd': '/home/robot33-6/student133_ws/build/test_subscriber', 'env': OrderedDict([('GJS_DEBUG_TOPICS', 'JS ERROR;JS LOG'), ('LC_TIME', 'ru_RU.UTF-8'), ('SNAP_COMMON', '/var/snap/qtcreator-ros/common'), ('SNAP_INSTANCE_KEY', ''), ('USER', 'robot33-6'), ('XDG_SESSION_TYPE', 'wayland'), ('LD_LIBRARY_PATH', '/home/robot33-6/student133_ws/install/test_custom_srv/lib:/home/robot33-6/student133_ws/install/test_custom_msg/lib:/opt/ros/humble/opt/rviz_ogre_vendor/lib:/opt/ros/humble/lib/x86_64-linux-gnu:/opt/ros/humble/lib:/snap/qtcreator-ros/107/lib:/snap/qtcreator-ros/107/usr/lib/x86_64-linux-gnu'), ('SHLVL', '313'), ('SNAP_UID', '1000'), ('HOME', '/home/robot33-6'), ('SNAP_LIBRARY_PATH', '/var/lib/snapd/lib/gl:/var/lib/snapd/lib/gl32:/var/lib/snapd/void'), ('DESKTOP_SESSION', 'ubuntu'), ('QTDIR', '/usr/lib/x86_64-linux-gnu/qt5'), ('SNAP_USER_DATA', '/home/robot33-6/snap/qtcreator-ros/107'), ('GIO_LAUNCHED_DESKTOP_FILE', '/var/lib/snapd/desktop/applications/qtcreator-ros_qtcreator-ros.desktop'), ('GNOME_SHELL_SESSION_MODE', 'ubuntu'), ('GTK_MODULES', 'gail:atk-bridge'), ('ROS_PYTHON_VERSION', '3'), ('LC_MONETARY', 'ru_RU.UTF-8'), ('MANAGERPID', '1373'), ('DBUS_SESSION_BUS_ADDRESS', 'unix:path=/run/user/1000/bus'), ('SYSTEMD_EXEC_PID', '1587'), ('GIO_LAUNCHED_DESKTOP_FILE_PID', '3050'), ('SNAP_REVISION', '107'), ('COLCON_PREFIX_PATH', '/home/robot33-6/student133_ws/install'), ('IM_CONFIG_PHASE', '1'), ('ROS_DISTRO', 'humble'), ('WAYLAND_DISPLAY', 'wayland-0'), ('LOGNAME', 'robot33-6'), ('JOURNAL_STREAM', '8:26382'), ('SNAP_CONTEXT', 'zfxwyVEa0dSM0vT388UHnSyWy-Mv84K8RE-CWR0OLT2wc9JrOksa'), ('_', '/usr/bin/env'), ('ROS_VERSION', '2'), ('SNAP_VERSION', '12.0.2'), ('XDG_SESSION_CLASS', 'user'), ('TERM', 'xterm'), ('USERNAME', 'robot33-6'), ('GNOME_DESKTOP_SESSION_ID', 'this-is-deprecated'), ('ROS_LOCALHOST_ONLY', '0'), ('SNAP_INSTANCE_NAME', 'qtcreator-ros'), ('PATH', '/opt/ros/humble/bin:/usr/local/sbin:/usr/local/bin:/usr/sbin:/usr/bin:/sbin:/bin:/usr/games:/usr/local/games:/snap/bin:/snap/bin'), ('INVOCATION_ID', '8be6e9d5a46c4dde9fbe4351f65a98da'), ('SESSION_MANAGER', 'local/robot33-6:@/tmp/.ICE-unix/1547,unix/robot33-6:/tmp/.ICE-unix/1547'), ('BAMF_DESKTOP_FILE_HINT', '/var/lib/snapd/desktop/applications/qtcreator-ros_qtcreator-ros.desktop'), ('GNOME_SETUP_DISPLAY', ':1'), ('LC_ADDRESS', 'ru_RU.UTF-8'), ('SNAP_DATA', '/var/snap/qtcreator-ros/107'), ('XDG_MENU_PREFIX', 'gnome-'), ('XDG_RUNTIME_DIR', '/run/user/1000'), ('DISPLAY', ':0'), ('LANG', 'en_US.UTF-8'), ('LC_TELEPHONE', 'ru_RU.UTF-8'), ('XDG_CURRENT_DESKTOP', 'ubuntu:GNOME'), ('XAUTHORITY', '/run/user/1000/.mutter-Xwaylandauth.NV73K2'), ('XDG_SESSION_DESKTOP', 'ubuntu'), ('XMODIFIERS', '@im=ibus'), ('AMENT_PREFIX_PATH', '/home/robot33-6/student133_ws/install/test_visualization:/home/robot33-6/student133_ws/install/test_parameters:/home/robot33-6/student133_ws/install/test_client:/home/robot33-6/student133_ws/install/test_service:/home/robot33-6/student133_ws/install/test_custom_srv:/home/robot33-6/student133_ws/install/test_custom_publisher:/home/robot33-6/student133_ws/install/test_castom_publisher:/home/robot33-6/student133_ws/install/test_custom_msg:/home/robot33-6/student133_ws/install/test_subscriber:/home/robot33-6/student133_ws/install/test_publisher:/home/robot33-6/student133_ws/install/test_pkg:/opt/ros/humble'), ('SNAP_ARCH', 'amd64'), ('SNAP_COOKIE', 'zfxwyVEa0dSM0vT388UHnSyWy-Mv84K8RE-CWR0OLT2wc9JrOksa'), ('SNAP_USER_COMMON', '/home/robot33-6/snap/qtcreator-ros/common'), ('SSH_AGENT_LAUNCHER', 'gnome-keyring'), ('SSH_AUTH_SOCK', '/run/user/1000/keyring/ssh'), ('LC_NAME', 'ru_RU.UTF-8'), ('SHELL', '/bin/bash'), ('GDMSESSION', 'ubuntu'), ('QT_ACCESSIBILITY', '1'), ('SNAP_REEXEC', ''), ('SNAP_NAME', 'qtcreator-ros'), ('LC_MEASUREMENT', 'ru_RU.UTF-8'), ('GJS_DEBUG_OUTPUT', 'stderr'), ('LC_IDENTIFICATION', 'ru_RU.UTF-8'), ('QT_IM_MODULE', 'ibus'), ('PWD', '/home/robot33-6/student133_ws/build/test_subscriber'), ('QT_QPA_PLATFORM', 'wayland;xcb'), ('SNAP_REAL_HOME', '/home/robot33-6'), ('XDG_CONFIG_DIRS', '/etc/xdg/xdg-ubuntu:/etc/xdg'), ('XDG_DATA_DIRS', '/usr/share/ubuntu:/usr/local/share/:/usr/share/:/var/lib/snapd/desktop'), ('LC_NUMERIC', 'ru_RU.UTF-8'), ('PYTHONPATH', '/home/robot33-6/student133_ws/install/test_custom_srv/local/lib/python3.10/dist-packages:/home/robot33-6/student133_ws/install/test_custom_msg/local/lib/python3.10/dist-packages:/opt/ros/humble/lib/python3.10/site-packages:/opt/ros/humble/local/lib/python3.10/dist-packages'), ('SNAP', '/snap/qtcreator-ros/107'), ('SNAP_EUID', '1000'), ('LC_PAPER', 'ru_RU.UTF-8'), ('COLCON', '1'), ('CMAKE_PREFIX_PATH', '/home/robot33-6/student133_ws/install/test_visualization:/home/robot33-6/student133_ws/install/test_parameters:/home/robot33-6/student133_ws/install/test_client:/home/robot33-6/student133_ws/install/test_service:/home/robot33-6/student133_ws/install/test_custom_srv:/home/robot33-6/student133_ws/install/test_custom_publisher:/home/robot33-6/student133_ws/install/test_castom_publisher:/home/robot33-6/student133_ws/install/test_custom_msg:/home/robot33-6/student133_ws/install/test_subscriber:/home/robot33-6/student133_ws/install/test_publisher:/home/robot33-6/student133_ws/install/test_pkg:/opt/ros/humble'), ('LIBGL_DRIVERS_PATH', '/snap/qtcreator-ros/107/usr/lib/x86_64-linux-gnu/dri')]), 'shell': False}
[1.213704] (-) TimerEvent: {}
[1.213910] (test_visualization) JobProgress: {'identifier': 'test_visualization', 'progress': 'cmake'}
[1.214858] (test_visualization) JobProgress: {'identifier': 'test_visualization', 'progress': 'build'}
[1.214891] (test_visualization) Command: {'cmd': ['/usr/bin/cmake', '--build', '/home/robot33-6/student133_ws/build/test_visualization', '--', '-j8', '-l8'], 'cwd': '/home/robot33-6/student133_ws/build/test_visualization', 'env': OrderedDict([('GJS_DEBUG_TOPICS', 'JS ERROR;JS LOG'), ('LC_TIME', 'ru_RU.UTF-8'), ('SNAP_COMMON', '/var/snap/qtcreator-ros/common'), ('SNAP_INSTANCE_KEY', ''), ('USER', 'robot33-6'), ('XDG_SESSION_TYPE', 'wayland'), ('LD_LIBRARY_PATH', '/home/robot33-6/student133_ws/install/test_custom_srv/lib:/home/robot33-6/student133_ws/install/test_custom_msg/lib:/opt/ros/humble/opt/rviz_ogre_vendor/lib:/opt/ros/humble/lib/x86_64-linux-gnu:/opt/ros/humble/lib:/snap/qtcreator-ros/107/lib:/snap/qtcreator-ros/107/usr/lib/x86_64-linux-gnu'), ('SHLVL', '313'), ('SNAP_UID', '1000'), ('HOME', '/home/robot33-6'), ('SNAP_LIBRARY_PATH', '/var/lib/snapd/lib/gl:/var/lib/snapd/lib/gl32:/var/lib/snapd/void'), ('DESKTOP_SESSION', 'ubuntu'), ('QTDIR', '/usr/lib/x86_64-linux-gnu/qt5'), ('SNAP_USER_DATA', '/home/robot33-6/snap/qtcreator-ros/107'), ('GIO_LAUNCHED_DESKTOP_FILE', '/var/lib/snapd/desktop/applications/qtcreator-ros_qtcreator-ros.desktop'), ('GNOME_SHELL_SESSION_MODE', 'ubuntu'), ('GTK_MODULES', 'gail:atk-bridge'), ('ROS_PYTHON_VERSION', '3'), ('LC_MONETARY', 'ru_RU.UTF-8'), ('MANAGERPID', '1373'), ('DBUS_SESSION_BUS_ADDRESS', 'unix:path=/run/user/1000/bus'), ('SYSTEMD_EXEC_PID', '1587'), ('GIO_LAUNCHED_DESKTOP_FILE_PID', '3050'), ('SNAP_REVISION', '107'), ('COLCON_PREFIX_PATH', '/home/robot33-6/student133_ws/install'), ('IM_CONFIG_PHASE', '1'), ('ROS_DISTRO', 'humble'), ('WAYLAND_DISPLAY', 'wayland-0'), ('LOGNAME', 'robot33-6'), ('JOURNAL_STREAM', '8:26382'), ('SNAP_CONTEXT', 'zfxwyVEa0dSM0vT388UHnSyWy-Mv84K8RE-CWR0OLT2wc9JrOksa'), ('_', '/usr/bin/env'), ('ROS_VERSION', '2'), ('SNAP_VERSION', '12.0.2'), ('XDG_SESSION_CLASS', 'user'), ('TERM', 'xterm'), ('USERNAME', 'robot33-6'), ('GNOME_DESKTOP_SESSION_ID', 'this-is-deprecated'), ('ROS_LOCALHOST_ONLY', '0'), ('SNAP_INSTANCE_NAME', 'qtcreator-ros'), ('PATH', '/opt/ros/humble/bin:/usr/local/sbin:/usr/local/bin:/usr/sbin:/usr/bin:/sbin:/bin:/usr/games:/usr/local/games:/snap/bin:/snap/bin'), ('INVOCATION_ID', '8be6e9d5a46c4dde9fbe4351f65a98da'), ('SESSION_MANAGER', 'local/robot33-6:@/tmp/.ICE-unix/1547,unix/robot33-6:/tmp/.ICE-unix/1547'), ('BAMF_DESKTOP_FILE_HINT', '/var/lib/snapd/desktop/applications/qtcreator-ros_qtcreator-ros.desktop'), ('GNOME_SETUP_DISPLAY', ':1'), ('LC_ADDRESS', 'ru_RU.UTF-8'), ('SNAP_DATA', '/var/snap/qtcreator-ros/107'), ('XDG_MENU_PREFIX', 'gnome-'), ('XDG_RUNTIME_DIR', '/run/user/1000'), ('DISPLAY', ':0'), ('LANG', 'en_US.UTF-8'), ('LC_TELEPHONE', 'ru_RU.UTF-8'), ('XDG_CURRENT_DESKTOP', 'ubuntu:GNOME'), ('XAUTHORITY', '/run/user/1000/.mutter-Xwaylandauth.NV73K2'), ('XDG_SESSION_DESKTOP', 'ubuntu'), ('XMODIFIERS', '@im=ibus'), ('AMENT_PREFIX_PATH', '/home/robot33-6/student133_ws/install/test_visualization:/home/robot33-6/student133_ws/install/test_parameters:/home/robot33-6/student133_ws/install/test_client:/home/robot33-6/student133_ws/install/test_service:/home/robot33-6/student133_ws/install/test_custom_srv:/home/robot33-6/student133_ws/install/test_custom_publisher:/home/robot33-6/student133_ws/install/test_castom_publisher:/home/robot33-6/student133_ws/install/test_custom_msg:/home/robot33-6/student133_ws/install/test_subscriber:/home/robot33-6/student133_ws/install/test_publisher:/home/robot33-6/student133_ws/install/test_pkg:/opt/ros/humble'), ('SNAP_ARCH', 'amd64'), ('SNAP_COOKIE', 'zfxwyVEa0dSM0vT388UHnSyWy-Mv84K8RE-CWR0OLT2wc9JrOksa'), ('SNAP_USER_COMMON', '/home/robot33-6/snap/qtcreator-ros/common'), ('SSH_AGENT_LAUNCHER', 'gnome-keyring'), ('SSH_AUTH_SOCK', '/run/user/1000/keyring/ssh'), ('LC_NAME', 'ru_RU.UTF-8'), ('SHELL', '/bin/bash'), ('GDMSESSION', 'ubuntu'), ('QT_ACCESSIBILITY', '1'), ('SNAP_REEXEC', ''), ('SNAP_NAME', 'qtcreator-ros'), ('LC_MEASUREMENT', 'ru_RU.UTF-8'), ('GJS_DEBUG_OUTPUT', 'stderr'), ('LC_IDENTIFICATION', 'ru_RU.UTF-8'), ('QT_IM_MODULE', 'ibus'), ('PWD', '/home/robot33-6/student133_ws/build/test_visualization'), ('QT_QPA_PLATFORM', 'wayland;xcb'), ('SNAP_REAL_HOME', '/home/robot33-6'), ('XDG_CONFIG_DIRS', '/etc/xdg/xdg-ubuntu:/etc/xdg'), ('XDG_DATA_DIRS', '/usr/share/ubuntu:/usr/local/share/:/usr/share/:/var/lib/snapd/desktop'), ('LC_NUMERIC', 'ru_RU.UTF-8'), ('PYTHONPATH', '/home/robot33-6/student133_ws/install/test_custom_srv/local/lib/python3.10/dist-packages:/home/robot33-6/student133_ws/install/test_custom_msg/local/lib/python3.10/dist-packages:/opt/ros/humble/lib/python3.10/site-packages:/opt/ros/humble/local/lib/python3.10/dist-packages'), ('SNAP', '/snap/qtcreator-ros/107'), ('SNAP_EUID', '1000'), ('LC_PAPER', 'ru_RU.UTF-8'), ('COLCON', '1'), ('CMAKE_PREFIX_PATH', '/home/robot33-6/student133_ws/install/test_visualization:/home/robot33-6/student133_ws/install/test_parameters:/home/robot33-6/student133_ws/install/test_client:/home/robot33-6/student133_ws/install/test_service:/home/robot33-6/student133_ws/install/test_custom_srv:/home/robot33-6/student133_ws/install/test_custom_publisher:/home/robot33-6/student133_ws/install/test_castom_publisher:/home/robot33-6/student133_ws/install/test_custom_msg:/home/robot33-6/student133_ws/install/test_subscriber:/home/robot33-6/student133_ws/install/test_publisher:/home/robot33-6/student133_ws/install/test_pkg:/opt/ros/humble'), ('LIBGL_DRIVERS_PATH', '/snap/qtcreator-ros/107/usr/lib/x86_64-linux-gnu/dri')]), 'shell': False}
[1.217550] (test_custom_msg) JobProgress: {'identifier': 'test_custom_msg', 'progress': 'install'}
[1.217635] (test_custom_msg) Command: {'cmd': ['/usr/bin/cmake', '--install', '/home/robot33-6/student133_ws/build/test_custom_msg'], 'cwd': '/home/robot33-6/student133_ws/build/test_custom_msg', 'env': OrderedDict([('GJS_DEBUG_TOPICS', 'JS ERROR;JS LOG'), ('LC_TIME', 'ru_RU.UTF-8'), ('SNAP_COMMON', '/var/snap/qtcreator-ros/common'), ('SNAP_INSTANCE_KEY', ''), ('USER', 'robot33-6'), ('XDG_SESSION_TYPE', 'wayland'), ('LD_LIBRARY_PATH', '/home/robot33-6/student133_ws/install/test_custom_srv/lib:/home/robot33-6/student133_ws/install/test_custom_msg/lib:/opt/ros/humble/opt/rviz_ogre_vendor/lib:/opt/ros/humble/lib/x86_64-linux-gnu:/opt/ros/humble/lib:/snap/qtcreator-ros/107/lib:/snap/qtcreator-ros/107/usr/lib/x86_64-linux-gnu'), ('SHLVL', '313'), ('SNAP_UID', '1000'), ('HOME', '/home/robot33-6'), ('SNAP_LIBRARY_PATH', '/var/lib/snapd/lib/gl:/var/lib/snapd/lib/gl32:/var/lib/snapd/void'), ('DESKTOP_SESSION', 'ubuntu'), ('QTDIR', '/usr/lib/x86_64-linux-gnu/qt5'), ('SNAP_USER_DATA', '/home/robot33-6/snap/qtcreator-ros/107'), ('GIO_LAUNCHED_DESKTOP_FILE', '/var/lib/snapd/desktop/applications/qtcreator-ros_qtcreator-ros.desktop'), ('GNOME_SHELL_SESSION_MODE', 'ubuntu'), ('GTK_MODULES', 'gail:atk-bridge'), ('ROS_PYTHON_VERSION', '3'), ('LC_MONETARY', 'ru_RU.UTF-8'), ('MANAGERPID', '1373'), ('DBUS_SESSION_BUS_ADDRESS', 'unix:path=/run/user/1000/bus'), ('SYSTEMD_EXEC_PID', '1587'), ('GIO_LAUNCHED_DESKTOP_FILE_PID', '3050'), ('SNAP_REVISION', '107'), ('COLCON_PREFIX_PATH', '/home/robot33-6/student133_ws/install'), ('IM_CONFIG_PHASE', '1'), ('ROS_DISTRO', 'humble'), ('WAYLAND_DISPLAY', 'wayland-0'), ('LOGNAME', 'robot33-6'), ('JOURNAL_STREAM', '8:26382'), ('SNAP_CONTEXT', 'zfxwyVEa0dSM0vT388UHnSyWy-Mv84K8RE-CWR0OLT2wc9JrOksa'), ('_', '/usr/bin/env'), ('ROS_VERSION', '2'), ('SNAP_VERSION', '12.0.2'), ('XDG_SESSION_CLASS', 'user'), ('TERM', 'xterm'), ('USERNAME', 'robot33-6'), ('GNOME_DESKTOP_SESSION_ID', 'this-is-deprecated'), ('ROS_LOCALHOST_ONLY', '0'), ('SNAP_INSTANCE_NAME', 'qtcreator-ros'), ('PATH', '/opt/ros/humble/bin:/usr/local/sbin:/usr/local/bin:/usr/sbin:/usr/bin:/sbin:/bin:/usr/games:/usr/local/games:/snap/bin:/snap/bin'), ('INVOCATION_ID', '8be6e9d5a46c4dde9fbe4351f65a98da'), ('SESSION_MANAGER', 'local/robot33-6:@/tmp/.ICE-unix/1547,unix/robot33-6:/tmp/.ICE-unix/1547'), ('BAMF_DESKTOP_FILE_HINT', '/var/lib/snapd/desktop/applications/qtcreator-ros_qtcreator-ros.desktop'), ('GNOME_SETUP_DISPLAY', ':1'), ('LC_ADDRESS', 'ru_RU.UTF-8'), ('SNAP_DATA', '/var/snap/qtcreator-ros/107'), ('XDG_MENU_PREFIX', 'gnome-'), ('XDG_RUNTIME_DIR', '/run/user/1000'), ('DISPLAY', ':0'), ('LANG', 'en_US.UTF-8'), ('LC_TELEPHONE', 'ru_RU.UTF-8'), ('XDG_CURRENT_DESKTOP', 'ubuntu:GNOME'), ('XAUTHORITY', '/run/user/1000/.mutter-Xwaylandauth.NV73K2'), ('XDG_SESSION_DESKTOP', 'ubuntu'), ('XMODIFIERS', '@im=ibus'), ('AMENT_PREFIX_PATH', '/home/robot33-6/student133_ws/install/test_visualization:/home/robot33-6/student133_ws/install/test_parameters:/home/robot33-6/student133_ws/install/test_client:/home/robot33-6/student133_ws/install/test_service:/home/robot33-6/student133_ws/install/test_custom_srv:/home/robot33-6/student133_ws/install/test_custom_publisher:/home/robot33-6/student133_ws/install/test_castom_publisher:/home/robot33-6/student133_ws/install/test_custom_msg:/home/robot33-6/student133_ws/install/test_subscriber:/home/robot33-6/student133_ws/install/test_publisher:/home/robot33-6/student133_ws/install/test_pkg:/opt/ros/humble'), ('SNAP_ARCH', 'amd64'), ('SNAP_COOKIE', 'zfxwyVEa0dSM0vT388UHnSyWy-Mv84K8RE-CWR0OLT2wc9JrOksa'), ('SNAP_USER_COMMON', '/home/robot33-6/snap/qtcreator-ros/common'), ('SSH_AGENT_LAUNCHER', 'gnome-keyring'), ('SSH_AUTH_SOCK', '/run/user/1000/keyring/ssh'), ('LC_NAME', 'ru_RU.UTF-8'), ('SHELL', '/bin/bash'), ('GDMSESSION', 'ubuntu'), ('QT_ACCESSIBILITY', '1'), ('SNAP_REEXEC', ''), ('SNAP_NAME', 'qtcreator-ros'), ('LC_MEASUREMENT', 'ru_RU.UTF-8'), ('GJS_DEBUG_OUTPUT', 'stderr'), ('LC_IDENTIFICATION', 'ru_RU.UTF-8'), ('QT_IM_MODULE', 'ibus'), ('PWD', '/home/robot33-6/student133_ws/build/test_custom_msg'), ('QT_QPA_PLATFORM', 'wayland;xcb'), ('SNAP_REAL_HOME', '/home/robot33-6'), ('XDG_CONFIG_DIRS', '/etc/xdg/xdg-ubuntu:/etc/xdg'), ('XDG_DATA_DIRS', '/usr/share/ubuntu:/usr/local/share/:/usr/share/:/var/lib/snapd/desktop'), ('LC_NUMERIC', 'ru_RU.UTF-8'), ('PYTHONPATH', '/home/robot33-6/student133_ws/install/test_custom_srv/local/lib/python3.10/dist-packages:/home/robot33-6/student133_ws/install/test_custom_msg/local/lib/python3.10/dist-packages:/opt/ros/humble/lib/python3.10/site-packages:/opt/ros/humble/local/lib/python3.10/dist-packages'), ('SNAP', '/snap/qtcreator-ros/107'), ('SNAP_EUID', '1000'), ('LC_PAPER', 'ru_RU.UTF-8'), ('COLCON', '1'), ('CMAKE_PREFIX_PATH', '/home/robot33-6/student133_ws/install/test_visualization:/home/robot33-6/student133_ws/install/test_parameters:/home/robot33-6/student133_ws/install/test_client:/home/robot33-6/student133_ws/install/test_service:/home/robot33-6/student133_ws/install/test_custom_srv:/home/robot33-6/student133_ws/install/test_custom_publisher:/home/robot33-6/student133_ws/install/test_castom_publisher:/home/robot33-6/student133_ws/install/test_custom_msg:/home/robot33-6/student133_ws/install/test_subscriber:/home/robot33-6/student133_ws/install/test_publisher:/home/robot33-6/student133_ws/install/test_pkg:/opt/ros/humble'), ('LIBGL_DRIVERS_PATH', '/snap/qtcreator-ros/107/usr/lib/x86_64-linux-gnu/dri')]), 'shell': False}
[1.293084] (test_service) JobEnded: {'identifier': 'test_service', 'rc': 0}
[1.294489] (test_subscriber) StdoutLine: {'line': b'[100%] Built target test_subscriber_node\n'}
[1.294985] (test_visualization) StdoutLine: {'line': b'[100%] Built target test_visualization_node\n'}
[1.296041] (test_custom_msg) StdoutLine: {'line': b'-- Install configuration: "Debug"\n'}
[1.296189] (test_custom_msg) StdoutLine: {'line': b'-- Up-to-date: /home/robot33-6/student133_ws/install/test_custom_msg/share/ament_index/resource_index/rosidl_interfaces/test_custom_msg\n'}
[1.296879] (test_custom_msg) StdoutLine: {'line': b'-- Up-to-date: /home/robot33-6/student133_ws/install/test_custom_msg/include/test_custom_msg/test_custom_msg\n'}
[1.297309] (test_custom_msg) StdoutLine: {'line': b'-- Up-to-date: /home/robot33-6/student133_ws/install/test_custom_msg/include/test_custom_msg/test_custom_msg/msg\n'}
[1.297574] (test_custom_msg) StdoutLine: {'line': b'-- Up-to-date: /home/robot33-6/student133_ws/install/test_custom_msg/include/test_custom_msg/test_custom_msg/msg/rosidl_generator_c__visibility_control.h\n'}
[1.297885] (test_custom_msg) StdoutLine: {'line': b'-- Up-to-date: /home/robot33-6/student133_ws/install/test_custom_msg/include/test_custom_msg/test_custom_msg/msg/detail\n'}
[1.298004] (test_custom_msg) StdoutLine: {'line': b'-- Up-to-date: /home/robot33-6/student133_ws/install/test_custom_msg/include/test_custom_msg/test_custom_msg/msg/detail/circle__functions.c\n'}
[1.298141] (test_custom_msg) StdoutLine: {'line': b'-- Up-to-date: /home/robot33-6/student133_ws/install/test_custom_msg/include/test_custom_msg/test_custom_msg/msg/detail/circle__type_support.h\n'}
[1.298352] (test_custom_msg) StdoutLine: {'line': b'-- Up-to-date: /home/robot33-6/student133_ws/install/test_custom_msg/include/test_custom_msg/test_custom_msg/msg/detail/circle__struct.h\n'}
[1.298459] (test_custom_msg) StdoutLine: {'line': b'-- Up-to-date: /home/robot33-6/student133_ws/install/test_custom_msg/include/test_custom_msg/test_custom_msg/msg/detail/circle__functions.h\n'}
[1.298560] (test_custom_msg) StdoutLine: {'line': b'-- Up-to-date: /home/robot33-6/student133_ws/install/test_custom_msg/include/test_custom_msg/test_custom_msg/msg/circle.h\n'}
[1.298659] (test_custom_msg) StdoutLine: {'line': b'-- Up-to-date: /home/robot33-6/student133_ws/install/test_custom_msg/share/test_custom_msg/environment/library_path.sh\n'}
[1.298753] (test_custom_msg) StdoutLine: {'line': b'-- Up-to-date: /home/robot33-6/student133_ws/install/test_custom_msg/share/test_custom_msg/environment/library_path.dsv\n'}
[1.298846] (test_custom_msg) StdoutLine: {'line': b'-- Up-to-date: /home/robot33-6/student133_ws/install/test_custom_msg/lib/libtest_custom_msg__rosidl_generator_c.so\n'}
[1.298930] (test_custom_msg) StdoutLine: {'line': b'-- Up-to-date: /home/robot33-6/student133_ws/install/test_custom_msg/include/test_custom_msg/test_custom_msg\n'}
[1.299106] (test_custom_msg) StdoutLine: {'line': b'-- Up-to-date: /home/robot33-6/student133_ws/install/test_custom_msg/include/test_custom_msg/test_custom_msg/msg\n'}
[1.299219] (test_custom_msg) StdoutLine: {'line': b'-- Up-to-date: /home/robot33-6/student133_ws/install/test_custom_msg/include/test_custom_msg/test_custom_msg/msg/rosidl_typesupport_fastrtps_c__visibility_control.h\n'}
[1.299307] (test_custom_msg) StdoutLine: {'line': b'-- Up-to-date: /home/robot33-6/student133_ws/install/test_custom_msg/include/test_custom_msg/test_custom_msg/msg/detail\n'}
[1.299403] (test_custom_msg) StdoutLine: {'line': b'-- Up-to-date: /home/robot33-6/student133_ws/install/test_custom_msg/include/test_custom_msg/test_custom_msg/msg/detail/circle__rosidl_typesupport_fastrtps_c.h\n'}
[1.299494] (test_custom_msg) StdoutLine: {'line': b'-- Up-to-date: /home/robot33-6/student133_ws/install/test_custom_msg/lib/libtest_custom_msg__rosidl_typesupport_fastrtps_c.so\n'}
[1.299591] (test_custom_msg) StdoutLine: {'line': b'-- Up-to-date: /home/robot33-6/student133_ws/install/test_custom_msg/include/test_custom_msg/test_custom_msg\n'}
[1.299688] (test_custom_msg) StdoutLine: {'line': b'-- Up-to-date: /home/robot33-6/student133_ws/install/test_custom_msg/include/test_custom_msg/test_custom_msg/msg\n'}
[1.299783] (test_custom_msg) StdoutLine: {'line': b'-- Up-to-date: /home/robot33-6/student133_ws/install/test_custom_msg/include/test_custom_msg/test_custom_msg/msg/detail\n'}
[1.300143] (test_custom_msg) StdoutLine: {'line': b'-- Up-to-date: /home/robot33-6/student133_ws/install/test_custom_msg/include/test_custom_msg/test_custom_msg/msg/detail/circle__traits.hpp\n'}
[1.300393] (test_custom_msg) StdoutLine: {'line': b'-- Up-to-date: /home/robot33-6/student133_ws/install/test_custom_msg/include/test_custom_msg/test_custom_msg/msg/detail/circle__struct.hpp\n'}
[1.300609] (test_custom_msg) StdoutLine: {'line': b'-- Up-to-date: /home/robot33-6/student133_ws/install/test_custom_msg/include/test_custom_msg/test_custom_msg/msg/detail/circle__builder.hpp\n'}
[1.300716] (test_custom_msg) StdoutLine: {'line': b'-- Up-to-date: /home/robot33-6/student133_ws/install/test_custom_msg/include/test_custom_msg/test_custom_msg/msg/circle.hpp\n'}
[1.301009] (test_custom_msg) StdoutLine: {'line': b'-- Up-to-date: /home/robot33-6/student133_ws/install/test_custom_msg/include/test_custom_msg/test_custom_msg\n'}
[1.301121] (test_custom_msg) StdoutLine: {'line': b'-- Up-to-date: /home/robot33-6/student133_ws/install/test_custom_msg/include/test_custom_msg/test_custom_msg/msg\n'}
[1.301270] (test_custom_msg) StdoutLine: {'line': b'-- Up-to-date: /home/robot33-6/student133_ws/install/test_custom_msg/include/test_custom_msg/test_custom_msg/msg/detail\n'}
[1.301618] (test_custom_msg) StdoutLine: {'line': b'-- Up-to-date: /home/robot33-6/student133_ws/install/test_custom_msg/include/test_custom_msg/test_custom_msg/msg/detail/dds_fastrtps\n'}
[1.301879] (test_custom_msg) StdoutLine: {'line': b'-- Up-to-date: /home/robot33-6/student133_ws/install/test_custom_msg/include/test_custom_msg/test_custom_msg/msg/detail/circle__rosidl_typesupport_fastrtps_cpp.hpp\n'}
[1.302213] (test_custom_msg) StdoutLine: {'line': b'-- Up-to-date: /home/robot33-6/student133_ws/install/test_custom_msg/include/test_custom_msg/test_custom_msg/msg/rosidl_typesupport_fastrtps_cpp__visibility_control.h\n'}
[1.302378] (test_custom_msg) StdoutLine: {'line': b'-- Up-to-date: /home/robot33-6/student133_ws/install/test_custom_msg/lib/libtest_custom_msg__rosidl_typesupport_fastrtps_cpp.so\n'}
[1.302579] (test_custom_msg) StdoutLine: {'line': b'-- Up-to-date: /home/robot33-6/student133_ws/install/test_custom_msg/include/test_custom_msg/test_custom_msg\n'}
[1.302693] (test_custom_msg) StdoutLine: {'line': b'-- Up-to-date: /home/robot33-6/student133_ws/install/test_custom_msg/include/test_custom_msg/test_custom_msg/msg\n'}
[1.302781] (test_custom_msg) StdoutLine: {'line': b'-- Up-to-date: /home/robot33-6/student133_ws/install/test_custom_msg/include/test_custom_msg/test_custom_msg/msg/detail\n'}
[1.302862] (test_custom_msg) StdoutLine: {'line': b'-- Up-to-date: /home/robot33-6/student133_ws/install/test_custom_msg/include/test_custom_msg/test_custom_msg/msg/detail/circle__type_support.c\n'}
[1.302945] (test_custom_msg) StdoutLine: {'line': b'-- Up-to-date: /home/robot33-6/student133_ws/install/test_custom_msg/include/test_custom_msg/test_custom_msg/msg/detail/circle__rosidl_typesupport_introspection_c.h\n'}
[1.303223] (test_custom_msg) StdoutLine: {'line': b'-- Up-to-date: /home/robot33-6/student133_ws/install/test_custom_msg/include/test_custom_msg/test_custom_msg/msg/rosidl_typesupport_introspection_c__visibility_control.h\n'}
[1.303327] (test_custom_msg) StdoutLine: {'line': b'-- Up-to-date: /home/robot33-6/student133_ws/install/test_custom_msg/lib/libtest_custom_msg__rosidl_typesupport_introspection_c.so\n'}
[1.303590] (test_custom_msg) StdoutLine: {'line': b'-- Up-to-date: /home/robot33-6/student133_ws/install/test_custom_msg/lib/libtest_custom_msg__rosidl_typesupport_c.so\n'}
[1.303848] (test_custom_msg) StdoutLine: {'line': b'-- Up-to-date: /home/robot33-6/student133_ws/install/test_custom_msg/include/test_custom_msg/test_custom_msg\n'}
[1.303995] (test_custom_msg) StdoutLine: {'line': b'-- Up-to-date: /home/robot33-6/student133_ws/install/test_custom_msg/include/test_custom_msg/test_custom_msg/msg\n'}
[1.304100] (test_custom_msg) StdoutLine: {'line': b'-- Up-to-date: /home/robot33-6/student133_ws/install/test_custom_msg/include/test_custom_msg/test_custom_msg/msg/detail\n'}
[1.304834] (test_custom_msg) StdoutLine: {'line': b'-- Up-to-date: /home/robot33-6/student133_ws/install/test_custom_msg/include/test_custom_msg/test_custom_msg/msg/detail/circle__rosidl_typesupport_introspection_cpp.hpp\n'}
[1.305018] (test_custom_msg) StdoutLine: {'line': b'-- Up-to-date: /home/robot33-6/student133_ws/install/test_custom_msg/include/test_custom_msg/test_custom_msg/msg/detail/circle__type_support.cpp\n'}
[1.305335] (test_custom_msg) StdoutLine: {'line': b'-- Up-to-date: /home/robot33-6/student133_ws/install/test_custom_msg/lib/libtest_custom_msg__rosidl_typesupport_introspection_cpp.so\n'}
[1.305440] (test_custom_msg) StdoutLine: {'line': b'-- Up-to-date: /home/robot33-6/student133_ws/install/test_custom_msg/lib/libtest_custom_msg__rosidl_typesupport_cpp.so\n'}
[1.305539] (test_custom_msg) StdoutLine: {'line': b'-- Up-to-date: /home/robot33-6/student133_ws/install/test_custom_msg/share/test_custom_msg/environment/pythonpath.sh\n'}
[1.305659] (test_custom_msg) StdoutLine: {'line': b'-- Up-to-date: /home/robot33-6/student133_ws/install/test_custom_msg/share/test_custom_msg/environment/pythonpath.dsv\n'}
[1.305746] (test_custom_msg) StdoutLine: {'line': b'-- Up-to-date: /home/robot33-6/student133_ws/install/test_custom_msg/local/lib/python3.10/dist-packages/test_custom_msg-0.0.0-py3.10.egg-info\n'}
[1.306015] (test_custom_msg) StdoutLine: {'line': b'-- Installing: /home/robot33-6/student133_ws/install/test_custom_msg/local/lib/python3.10/dist-packages/test_custom_msg-0.0.0-py3.10.egg-info/PKG-INFO\n'}
[1.306160] (test_custom_msg) StdoutLine: {'line': b'-- Installing: /home/robot33-6/student133_ws/install/test_custom_msg/local/lib/python3.10/dist-packages/test_custom_msg-0.0.0-py3.10.egg-info/top_level.txt\n'}
[1.306465] (test_custom_msg) StdoutLine: {'line': b'-- Installing: /home/robot33-6/student133_ws/install/test_custom_msg/local/lib/python3.10/dist-packages/test_custom_msg-0.0.0-py3.10.egg-info/dependency_links.txt\n'}
[1.306744] (test_custom_msg) StdoutLine: {'line': b'-- Installing: /home/robot33-6/student133_ws/install/test_custom_msg/local/lib/python3.10/dist-packages/test_custom_msg-0.0.0-py3.10.egg-info/SOURCES.txt\n'}
[1.306946] (test_custom_msg) StdoutLine: {'line': b'-- Up-to-date: /home/robot33-6/student133_ws/install/test_custom_msg/local/lib/python3.10/dist-packages/test_custom_msg\n'}
[1.307122] (test_custom_msg) StdoutLine: {'line': b'-- Up-to-date: /home/robot33-6/student133_ws/install/test_custom_msg/local/lib/python3.10/dist-packages/test_custom_msg/_test_custom_msg_s.ep.rosidl_typesupport_introspection_c.c\n'}
[1.307387] (test_custom_msg) StdoutLine: {'line': b'-- Up-to-date: /home/robot33-6/student133_ws/install/test_custom_msg/local/lib/python3.10/dist-packages/test_custom_msg/test_custom_msg_s__rosidl_typesupport_c.cpython-310-x86_64-linux-gnu.so\n'}
[1.307666] (test_custom_msg) StdoutLine: {'line': b'-- Up-to-date: /home/robot33-6/student133_ws/install/test_custom_msg/local/lib/python3.10/dist-packages/test_custom_msg/_test_custom_msg_s.ep.rosidl_typesupport_fastrtps_c.c\n'}
[1.307892] (test_custom_msg) StdoutLine: {'line': b'-- Up-to-date: /home/robot33-6/student133_ws/install/test_custom_msg/local/lib/python3.10/dist-packages/test_custom_msg/libtest_custom_msg__rosidl_generator_py.so\n'}
[1.308087] (test_custom_msg) StdoutLine: {'line': b'-- Up-to-date: /home/robot33-6/student133_ws/install/test_custom_msg/local/lib/python3.10/dist-packages/test_custom_msg/test_custom_msg_s__rosidl_typesupport_fastrtps_c.cpython-310-x86_64-linux-gnu.so\n'}
[1.308261] (test_custom_msg) StdoutLine: {'line': b'-- Up-to-date: /home/robot33-6/student133_ws/install/test_custom_msg/local/lib/python3.10/dist-packages/test_custom_msg/__init__.py\n'}
[1.308476] (test_custom_msg) StdoutLine: {'line': b'-- Up-to-date: /home/robot33-6/student133_ws/install/test_custom_msg/local/lib/python3.10/dist-packages/test_custom_msg/_test_custom_msg_s.ep.rosidl_typesupport_c.c\n'}
[1.308733] (test_custom_msg) StdoutLine: {'line': b'-- Up-to-date: /home/robot33-6/student133_ws/install/test_custom_msg/local/lib/python3.10/dist-packages/test_custom_msg/test_custom_msg_s__rosidl_typesupport_introspection_c.cpython-310-x86_64-linux-gnu.so\n'}
[1.308943] (test_custom_msg) StdoutLine: {'line': b'-- Up-to-date: /home/robot33-6/student133_ws/install/test_custom_msg/local/lib/python3.10/dist-packages/test_custom_msg/msg\n'}
[1.309116] (test_custom_msg) StdoutLine: {'line': b'-- Up-to-date: /home/robot33-6/student133_ws/install/test_custom_msg/local/lib/python3.10/dist-packages/test_custom_msg/msg/__init__.py\n'}
[1.309237] (test_custom_msg) StdoutLine: {'line': b'-- Up-to-date: /home/robot33-6/student133_ws/install/test_custom_msg/local/lib/python3.10/dist-packages/test_custom_msg/msg/_circle_s.c\n'}
[1.309448] (test_custom_msg) StdoutLine: {'line': b'-- Up-to-date: /home/robot33-6/student133_ws/install/test_custom_msg/local/lib/python3.10/dist-packages/test_custom_msg/msg/_circle.py\n'}
[1.309633] (test_custom_msg) StdoutLine: {'line': b"Listing '/home/robot33-6/student133_ws/install/test_custom_msg/local/lib/python3.10/dist-packages/test_custom_msg'...\n"}
[1.309731] (test_custom_msg) StdoutLine: {'line': b"Listing '/home/robot33-6/student133_ws/install/test_custom_msg/local/lib/python3.10/dist-packages/test_custom_msg/msg'...\n"}
[1.309922] (test_custom_msg) StdoutLine: {'line': b'-- Up-to-date: /home/robot33-6/student133_ws/install/test_custom_msg/local/lib/python3.10/dist-packages/test_custom_msg/test_custom_msg_s__rosidl_typesupport_fastrtps_c.cpython-310-x86_64-linux-gnu.so\n'}
[1.310114] (test_custom_msg) StdoutLine: {'line': b'-- Up-to-date: /home/robot33-6/student133_ws/install/test_custom_msg/local/lib/python3.10/dist-packages/test_custom_msg/test_custom_msg_s__rosidl_typesupport_introspection_c.cpython-310-x86_64-linux-gnu.so\n'}
[1.310227] (test_custom_msg) StdoutLine: {'line': b'-- Up-to-date: /home/robot33-6/student133_ws/install/test_custom_msg/local/lib/python3.10/dist-packages/test_custom_msg/test_custom_msg_s__rosidl_typesupport_c.cpython-310-x86_64-linux-gnu.so\n'}
[1.310329] (test_custom_msg) StdoutLine: {'line': b'-- Up-to-date: /home/robot33-6/student133_ws/install/test_custom_msg/lib/libtest_custom_msg__rosidl_generator_py.so\n'}
[1.310424] (test_custom_msg) StdoutLine: {'line': b'-- Up-to-date: /home/robot33-6/student133_ws/install/test_custom_msg/share/test_custom_msg/msg/Circle.idl\n'}
[1.310822] (test_custom_msg) StdoutLine: {'line': b'-- Up-to-date: /home/robot33-6/student133_ws/install/test_custom_msg/share/test_custom_msg/msg/Circle.msg\n'}
[1.311019] (test_custom_msg) StdoutLine: {'line': b'-- Up-to-date: /home/robot33-6/student133_ws/install/test_custom_msg/share/ament_index/resource_index/package_run_dependencies/test_custom_msg\n'}
[1.311175] (test_custom_msg) StdoutLine: {'line': b'-- Up-to-date: /home/robot33-6/student133_ws/install/test_custom_msg/share/ament_index/resource_index/parent_prefix_path/test_custom_msg\n'}
[1.311283] (test_custom_msg) StdoutLine: {'line': b'-- Up-to-date: /home/robot33-6/student133_ws/install/test_custom_msg/share/test_custom_msg/environment/ament_prefix_path.sh\n'}
[1.311495] (test_custom_msg) StdoutLine: {'line': b'-- Up-to-date: /home/robot33-6/student133_ws/install/test_custom_msg/share/test_custom_msg/environment/ament_prefix_path.dsv\n'}
[1.311742] (test_custom_msg) StdoutLine: {'line': b'-- Up-to-date: /home/robot33-6/student133_ws/install/test_custom_msg/share/test_custom_msg/environment/path.sh\n'}
[1.311848] (test_custom_msg) StdoutLine: {'line': b'-- Up-to-date: /home/robot33-6/student133_ws/install/test_custom_msg/share/test_custom_msg/environment/path.dsv\n'}
[1.311977] (test_custom_msg) StdoutLine: {'line': b'-- Up-to-date: /home/robot33-6/student133_ws/install/test_custom_msg/share/test_custom_msg/local_setup.bash\n'}
[1.312076] (test_custom_msg) StdoutLine: {'line': b'-- Up-to-date: /home/robot33-6/student133_ws/install/test_custom_msg/share/test_custom_msg/local_setup.sh\n'}
[1.312182] (test_custom_msg) StdoutLine: {'line': b'-- Up-to-date: /home/robot33-6/student133_ws/install/test_custom_msg/share/test_custom_msg/local_setup.zsh\n'}
[1.312280] (test_custom_msg) StdoutLine: {'line': b'-- Up-to-date: /home/robot33-6/student133_ws/install/test_custom_msg/share/test_custom_msg/local_setup.dsv\n'}
[1.312373] (test_custom_msg) StdoutLine: {'line': b'-- Installing: /home/robot33-6/student133_ws/install/test_custom_msg/share/test_custom_msg/package.dsv\n'}
[1.312467] (test_custom_msg) StdoutLine: {'line': b'-- Up-to-date: /home/robot33-6/student133_ws/install/test_custom_msg/share/ament_index/resource_index/packages/test_custom_msg\n'}
[1.312559] (test_custom_msg) StdoutLine: {'line': b'-- Up-to-date: /home/robot33-6/student133_ws/install/test_custom_msg/share/test_custom_msg/cmake/export_test_custom_msg__rosidl_generator_cExport.cmake\n'}
[1.312645] (test_custom_msg) StdoutLine: {'line': b'-- Up-to-date: /home/robot33-6/student133_ws/install/test_custom_msg/share/test_custom_msg/cmake/export_test_custom_msg__rosidl_generator_cExport-debug.cmake\n'}
[1.312738] (test_custom_msg) StdoutLine: {'line': b'-- Up-to-date: /home/robot33-6/student133_ws/install/test_custom_msg/share/test_custom_msg/cmake/export_test_custom_msg__rosidl_typesupport_fastrtps_cExport.cmake\n'}
[1.312827] (test_custom_msg) StdoutLine: {'line': b'-- Up-to-date: /home/robot33-6/student133_ws/install/test_custom_msg/share/test_custom_msg/cmake/export_test_custom_msg__rosidl_typesupport_fastrtps_cExport-debug.cmake\n'}
[1.313081] (test_custom_msg) StdoutLine: {'line': b'-- Up-to-date: /home/robot33-6/student133_ws/install/test_custom_msg/share/test_custom_msg/cmake/export_test_custom_msg__rosidl_generator_cppExport.cmake\n'}
[1.313179] (test_custom_msg) StdoutLine: {'line': b'-- Up-to-date: /home/robot33-6/student133_ws/install/test_custom_msg/share/test_custom_msg/cmake/export_test_custom_msg__rosidl_typesupport_fastrtps_cppExport.cmake\n'}
[1.313273] (test_custom_msg) StdoutLine: {'line': b'-- Up-to-date: /home/robot33-6/student133_ws/install/test_custom_msg/share/test_custom_msg/cmake/export_test_custom_msg__rosidl_typesupport_fastrtps_cppExport-debug.cmake\n'}
[1.313366] (test_custom_msg) StdoutLine: {'line': b'-- Up-to-date: /home/robot33-6/student133_ws/install/test_custom_msg/share/test_custom_msg/cmake/test_custom_msg__rosidl_typesupport_introspection_cExport.cmake\n'}
[1.313701] (test_custom_msg) StdoutLine: {'line': b'-- Up-to-date: /home/robot33-6/student133_ws/install/test_custom_msg/share/test_custom_msg/cmake/test_custom_msg__rosidl_typesupport_introspection_cExport-debug.cmake\n'}
[1.313846] (-) TimerEvent: {}
[1.314007] (test_custom_msg) StdoutLine: {'line': b'-- Up-to-date: /home/robot33-6/student133_ws/install/test_custom_msg/share/test_custom_msg/cmake/test_custom_msg__rosidl_typesupport_cExport.cmake\n'}
[1.314252] (test_custom_msg) StdoutLine: {'line': b'-- Up-to-date: /home/robot33-6/student133_ws/install/test_custom_msg/share/test_custom_msg/cmake/test_custom_msg__rosidl_typesupport_cExport-debug.cmake\n'}
[1.314506] (test_custom_msg) StdoutLine: {'line': b'-- Up-to-date: /home/robot33-6/student133_ws/install/test_custom_msg/share/test_custom_msg/cmake/test_custom_msg__rosidl_typesupport_introspection_cppExport.cmake\n'}
[1.314656] (test_custom_msg) StdoutLine: {'line': b'-- Up-to-date: /home/robot33-6/student133_ws/install/test_custom_msg/share/test_custom_msg/cmake/test_custom_msg__rosidl_typesupport_introspection_cppExport-debug.cmake\n'}
[1.314949] (test_custom_msg) StdoutLine: {'line': b'-- Up-to-date: /home/robot33-6/student133_ws/install/test_custom_msg/share/test_custom_msg/cmake/test_custom_msg__rosidl_typesupport_cppExport.cmake\n'}
[1.315236] (test_custom_msg) StdoutLine: {'line': b'-- Up-to-date: /home/robot33-6/student133_ws/install/test_custom_msg/share/test_custom_msg/cmake/test_custom_msg__rosidl_typesupport_cppExport-debug.cmake\n'}
[1.315383] (test_custom_msg) StdoutLine: {'line': b'-- Up-to-date: /home/robot33-6/student133_ws/install/test_custom_msg/share/test_custom_msg/cmake/export_test_custom_msg__rosidl_generator_pyExport.cmake\n'}
[1.315586] (test_custom_msg) StdoutLine: {'line': b'-- Up-to-date: /home/robot33-6/student133_ws/install/test_custom_msg/share/test_custom_msg/cmake/export_test_custom_msg__rosidl_generator_pyExport-debug.cmake\n'}
[1.315922] (test_custom_msg) StdoutLine: {'line': b'-- Up-to-date: /home/robot33-6/student133_ws/install/test_custom_msg/share/test_custom_msg/cmake/rosidl_cmake-extras.cmake\n'}
[1.316137] (test_custom_msg) StdoutLine: {'line': b'-- Up-to-date: /home/robot33-6/student133_ws/install/test_custom_msg/share/test_custom_msg/cmake/ament_cmake_export_dependencies-extras.cmake\n'}
[1.316331] (test_custom_msg) StdoutLine: {'line': b'-- Up-to-date: /home/robot33-6/student133_ws/install/test_custom_msg/share/test_custom_msg/cmake/ament_cmake_export_include_directories-extras.cmake\n'}
[1.316459] (test_custom_msg) StdoutLine: {'line': b'-- Up-to-date: /home/robot33-6/student133_ws/install/test_custom_msg/share/test_custom_msg/cmake/ament_cmake_export_libraries-extras.cmake\n'}
[1.316672] (test_custom_msg) StdoutLine: {'line': b'-- Up-to-date: /home/robot33-6/student133_ws/install/test_custom_msg/share/test_custom_msg/cmake/ament_cmake_export_targets-extras.cmake\n'}
[1.316803] (test_custom_msg) StdoutLine: {'line': b'-- Up-to-date: /home/robot33-6/student133_ws/install/test_custom_msg/share/test_custom_msg/cmake/rosidl_cmake_export_typesupport_targets-extras.cmake\n'}
[1.317009] (test_custom_msg) StdoutLine: {'line': b'-- Up-to-date: /home/robot33-6/student133_ws/install/test_custom_msg/share/test_custom_msg/cmake/rosidl_cmake_export_typesupport_libraries-extras.cmake\n'}
[1.317142] (test_custom_msg) StdoutLine: {'line': b'-- Up-to-date: /home/robot33-6/student133_ws/install/test_custom_msg/share/test_custom_msg/cmake/test_custom_msgConfig.cmake\n'}
[1.317239] (test_custom_msg) StdoutLine: {'line': b'-- Up-to-date: /home/robot33-6/student133_ws/install/test_custom_msg/share/test_custom_msg/cmake/test_custom_msgConfig-version.cmake\n'}
[1.317340] (test_custom_msg) StdoutLine: {'line': b'-- Up-to-date: /home/robot33-6/student133_ws/install/test_custom_msg/share/test_custom_msg/package.xml\n'}
[1.317585] (test_subscriber) CommandEnded: {'returncode': 0}
[1.318071] (test_custom_srv) JobProgress: {'identifier': 'test_custom_srv', 'progress': 'install'}
[1.318111] (test_custom_srv) Command: {'cmd': ['/usr/bin/cmake', '--install', '/home/robot33-6/student133_ws/build/test_custom_srv'], 'cwd': '/home/robot33-6/student133_ws/build/test_custom_srv', 'env': OrderedDict([('GJS_DEBUG_TOPICS', 'JS ERROR;JS LOG'), ('LC_TIME', 'ru_RU.UTF-8'), ('SNAP_COMMON', '/var/snap/qtcreator-ros/common'), ('SNAP_INSTANCE_KEY', ''), ('USER', 'robot33-6'), ('XDG_SESSION_TYPE', 'wayland'), ('LD_LIBRARY_PATH', '/home/robot33-6/student133_ws/install/test_custom_srv/lib:/home/robot33-6/student133_ws/install/test_custom_msg/lib:/opt/ros/humble/opt/rviz_ogre_vendor/lib:/opt/ros/humble/lib/x86_64-linux-gnu:/opt/ros/humble/lib:/snap/qtcreator-ros/107/lib:/snap/qtcreator-ros/107/usr/lib/x86_64-linux-gnu'), ('SHLVL', '313'), ('SNAP_UID', '1000'), ('HOME', '/home/robot33-6'), ('SNAP_LIBRARY_PATH', '/var/lib/snapd/lib/gl:/var/lib/snapd/lib/gl32:/var/lib/snapd/void'), ('DESKTOP_SESSION', 'ubuntu'), ('QTDIR', '/usr/lib/x86_64-linux-gnu/qt5'), ('SNAP_USER_DATA', '/home/robot33-6/snap/qtcreator-ros/107'), ('GIO_LAUNCHED_DESKTOP_FILE', '/var/lib/snapd/desktop/applications/qtcreator-ros_qtcreator-ros.desktop'), ('GNOME_SHELL_SESSION_MODE', 'ubuntu'), ('GTK_MODULES', 'gail:atk-bridge'), ('ROS_PYTHON_VERSION', '3'), ('LC_MONETARY', 'ru_RU.UTF-8'), ('MANAGERPID', '1373'), ('DBUS_SESSION_BUS_ADDRESS', 'unix:path=/run/user/1000/bus'), ('SYSTEMD_EXEC_PID', '1587'), ('GIO_LAUNCHED_DESKTOP_FILE_PID', '3050'), ('SNAP_REVISION', '107'), ('COLCON_PREFIX_PATH', '/home/robot33-6/student133_ws/install'), ('IM_CONFIG_PHASE', '1'), ('ROS_DISTRO', 'humble'), ('WAYLAND_DISPLAY', 'wayland-0'), ('LOGNAME', 'robot33-6'), ('JOURNAL_STREAM', '8:26382'), ('SNAP_CONTEXT', 'zfxwyVEa0dSM0vT388UHnSyWy-Mv84K8RE-CWR0OLT2wc9JrOksa'), ('_', '/usr/bin/env'), ('ROS_VERSION', '2'), ('SNAP_VERSION', '12.0.2'), ('XDG_SESSION_CLASS', 'user'), ('TERM', 'xterm'), ('USERNAME', 'robot33-6'), ('GNOME_DESKTOP_SESSION_ID', 'this-is-deprecated'), ('ROS_LOCALHOST_ONLY', '0'), ('SNAP_INSTANCE_NAME', 'qtcreator-ros'), ('PATH', '/opt/ros/humble/bin:/usr/local/sbin:/usr/local/bin:/usr/sbin:/usr/bin:/sbin:/bin:/usr/games:/usr/local/games:/snap/bin:/snap/bin'), ('INVOCATION_ID', '8be6e9d5a46c4dde9fbe4351f65a98da'), ('SESSION_MANAGER', 'local/robot33-6:@/tmp/.ICE-unix/1547,unix/robot33-6:/tmp/.ICE-unix/1547'), ('BAMF_DESKTOP_FILE_HINT', '/var/lib/snapd/desktop/applications/qtcreator-ros_qtcreator-ros.desktop'), ('GNOME_SETUP_DISPLAY', ':1'), ('LC_ADDRESS', 'ru_RU.UTF-8'), ('SNAP_DATA', '/var/snap/qtcreator-ros/107'), ('XDG_MENU_PREFIX', 'gnome-'), ('XDG_RUNTIME_DIR', '/run/user/1000'), ('DISPLAY', ':0'), ('LANG', 'en_US.UTF-8'), ('LC_TELEPHONE', 'ru_RU.UTF-8'), ('XDG_CURRENT_DESKTOP', 'ubuntu:GNOME'), ('XAUTHORITY', '/run/user/1000/.mutter-Xwaylandauth.NV73K2'), ('XDG_SESSION_DESKTOP', 'ubuntu'), ('XMODIFIERS', '@im=ibus'), ('AMENT_PREFIX_PATH', '/home/robot33-6/student133_ws/install/test_visualization:/home/robot33-6/student133_ws/install/test_parameters:/home/robot33-6/student133_ws/install/test_client:/home/robot33-6/student133_ws/install/test_service:/home/robot33-6/student133_ws/install/test_custom_srv:/home/robot33-6/student133_ws/install/test_custom_publisher:/home/robot33-6/student133_ws/install/test_castom_publisher:/home/robot33-6/student133_ws/install/test_custom_msg:/home/robot33-6/student133_ws/install/test_subscriber:/home/robot33-6/student133_ws/install/test_publisher:/home/robot33-6/student133_ws/install/test_pkg:/opt/ros/humble'), ('SNAP_ARCH', 'amd64'), ('SNAP_COOKIE', 'zfxwyVEa0dSM0vT388UHnSyWy-Mv84K8RE-CWR0OLT2wc9JrOksa'), ('SNAP_USER_COMMON', '/home/robot33-6/snap/qtcreator-ros/common'), ('SSH_AGENT_LAUNCHER', 'gnome-keyring'), ('SSH_AUTH_SOCK', '/run/user/1000/keyring/ssh'), ('LC_NAME', 'ru_RU.UTF-8'), ('SHELL', '/bin/bash'), ('GDMSESSION', 'ubuntu'), ('QT_ACCESSIBILITY', '1'), ('SNAP_REEXEC', ''), ('SNAP_NAME', 'qtcreator-ros'), ('LC_MEASUREMENT', 'ru_RU.UTF-8'), ('GJS_DEBUG_OUTPUT', 'stderr'), ('LC_IDENTIFICATION', 'ru_RU.UTF-8'), ('QT_IM_MODULE', 'ibus'), ('PWD', '/home/robot33-6/student133_ws/build/test_custom_srv'), ('QT_QPA_PLATFORM', 'wayland;xcb'), ('SNAP_REAL_HOME', '/home/robot33-6'), ('XDG_CONFIG_DIRS', '/etc/xdg/xdg-ubuntu:/etc/xdg'), ('XDG_DATA_DIRS', '/usr/share/ubuntu:/usr/local/share/:/usr/share/:/var/lib/snapd/desktop'), ('LC_NUMERIC', 'ru_RU.UTF-8'), ('PYTHONPATH', '/home/robot33-6/student133_ws/install/test_custom_srv/local/lib/python3.10/dist-packages:/home/robot33-6/student133_ws/install/test_custom_msg/local/lib/python3.10/dist-packages:/opt/ros/humble/lib/python3.10/site-packages:/opt/ros/humble/local/lib/python3.10/dist-packages'), ('SNAP', '/snap/qtcreator-ros/107'), ('SNAP_EUID', '1000'), ('LC_PAPER', 'ru_RU.UTF-8'), ('COLCON', '1'), ('CMAKE_PREFIX_PATH', '/home/robot33-6/student133_ws/install/test_visualization:/home/robot33-6/student133_ws/install/test_parameters:/home/robot33-6/student133_ws/install/test_client:/home/robot33-6/student133_ws/install/test_service:/home/robot33-6/student133_ws/install/test_custom_srv:/home/robot33-6/student133_ws/install/test_custom_publisher:/home/robot33-6/student133_ws/install/test_castom_publisher:/home/robot33-6/student133_ws/install/test_custom_msg:/home/robot33-6/student133_ws/install/test_subscriber:/home/robot33-6/student133_ws/install/test_publisher:/home/robot33-6/student133_ws/install/test_pkg:/opt/ros/humble'), ('LIBGL_DRIVERS_PATH', '/snap/qtcreator-ros/107/usr/lib/x86_64-linux-gnu/dri')]), 'shell': False}
[1.318749] (test_visualization) CommandEnded: {'returncode': 0}
[1.319414] (test_custom_msg) CommandEnded: {'returncode': 0}
[1.384036] (test_custom_srv) StdoutLine: {'line': b'-- Install configuration: "Debug"\n'}
[1.384650] (test_custom_srv) StdoutLine: {'line': b'-- Up-to-date: /home/robot33-6/student133_ws/install/test_custom_srv/share/ament_index/resource_index/rosidl_interfaces/test_custom_srv\n'}
[1.385148] (test_custom_srv) StdoutLine: {'line': b'-- Up-to-date: /home/robot33-6/student133_ws/install/test_custom_srv/include/test_custom_srv/test_custom_srv\n'}
[1.385394] (test_custom_srv) StdoutLine: {'line': b'-- Up-to-date: /home/robot33-6/student133_ws/install/test_custom_srv/include/test_custom_srv/test_custom_srv/srv\n'}
[1.385587] (test_custom_srv) StdoutLine: {'line': b'-- Up-to-date: /home/robot33-6/student133_ws/install/test_custom_srv/include/test_custom_srv/test_custom_srv/srv/circle_square.h\n'}
[1.385787] (test_custom_srv) StdoutLine: {'line': b'-- Up-to-date: /home/robot33-6/student133_ws/install/test_custom_srv/include/test_custom_srv/test_custom_srv/srv/detail\n'}
[1.385990] (test_custom_srv) StdoutLine: {'line': b'-- Up-to-date: /home/robot33-6/student133_ws/install/test_custom_srv/include/test_custom_srv/test_custom_srv/srv/detail/circle_square__struct.h\n'}
[1.386188] (test_custom_srv) StdoutLine: {'line': b'-- Up-to-date: /home/robot33-6/student133_ws/install/test_custom_srv/include/test_custom_srv/test_custom_srv/srv/detail/circle_square__type_support.h\n'}
[1.386394] (test_custom_srv) StdoutLine: {'line': b'-- Up-to-date: /home/robot33-6/student133_ws/install/test_custom_srv/include/test_custom_srv/test_custom_srv/srv/detail/circle_square__functions.h\n'}
[1.386570] (test_custom_srv) StdoutLine: {'line': b'-- Up-to-date: /home/robot33-6/student133_ws/install/test_custom_srv/include/test_custom_srv/test_custom_srv/srv/detail/circle_square__functions.c\n'}
[1.386778] (test_custom_srv) StdoutLine: {'line': b'-- Up-to-date: /home/robot33-6/student133_ws/install/test_custom_srv/include/test_custom_srv/test_custom_srv/msg\n'}
[1.386950] (test_custom_srv) StdoutLine: {'line': b'-- Up-to-date: /home/robot33-6/student133_ws/install/test_custom_srv/include/test_custom_srv/test_custom_srv/msg/rosidl_generator_c__visibility_control.h\n'}
[1.387150] (test_custom_srv) StdoutLine: {'line': b'-- Up-to-date: /home/robot33-6/student133_ws/install/test_custom_srv/share/test_custom_srv/environment/library_path.sh\n'}
[1.387307] (test_custom_srv) StdoutLine: {'line': b'-- Up-to-date: /home/robot33-6/student133_ws/install/test_custom_srv/share/test_custom_srv/environment/library_path.dsv\n'}
[1.387534] (test_custom_srv) StdoutLine: {'line': b'-- Up-to-date: /home/robot33-6/student133_ws/install/test_custom_srv/lib/libtest_custom_srv__rosidl_generator_c.so\n'}
[1.387701] (test_custom_srv) StdoutLine: {'line': b'-- Up-to-date: /home/robot33-6/student133_ws/install/test_custom_srv/include/test_custom_srv/test_custom_srv\n'}
[1.387885] (test_custom_srv) StdoutLine: {'line': b'-- Up-to-date: /home/robot33-6/student133_ws/install/test_custom_srv/include/test_custom_srv/test_custom_srv/srv\n'}
[1.387995] (test_custom_srv) StdoutLine: {'line': b'-- Up-to-date: /home/robot33-6/student133_ws/install/test_custom_srv/include/test_custom_srv/test_custom_srv/srv/detail\n'}
[1.388192] (test_custom_srv) StdoutLine: {'line': b'-- Up-to-date: /home/robot33-6/student133_ws/install/test_custom_srv/include/test_custom_srv/test_custom_srv/srv/detail/circle_square__rosidl_typesupport_fastrtps_c.h\n'}
[1.388346] (test_custom_srv) StdoutLine: {'line': b'-- Up-to-date: /home/robot33-6/student133_ws/install/test_custom_srv/include/test_custom_srv/test_custom_srv/msg\n'}
[1.388516] (test_custom_srv) StdoutLine: {'line': b'-- Up-to-date: /home/robot33-6/student133_ws/install/test_custom_srv/include/test_custom_srv/test_custom_srv/msg/rosidl_typesupport_fastrtps_c__visibility_control.h\n'}
[1.388664] (test_custom_srv) StdoutLine: {'line': b'-- Up-to-date: /home/robot33-6/student133_ws/install/test_custom_srv/lib/libtest_custom_srv__rosidl_typesupport_fastrtps_c.so\n'}
[1.388805] (test_custom_srv) StdoutLine: {'line': b'-- Up-to-date: /home/robot33-6/student133_ws/install/test_custom_srv/include/test_custom_srv/test_custom_srv\n'}
[1.389131] (test_custom_srv) StdoutLine: {'line': b'-- Up-to-date: /home/robot33-6/student133_ws/install/test_custom_srv/include/test_custom_srv/test_custom_srv/srv\n'}
[1.389297] (test_custom_srv) StdoutLine: {'line': b'-- Up-to-date: /home/robot33-6/student133_ws/install/test_custom_srv/include/test_custom_srv/test_custom_srv/srv/detail\n'}
[1.389455] (test_custom_srv) StdoutLine: {'line': b'-- Up-to-date: /home/robot33-6/student133_ws/install/test_custom_srv/include/test_custom_srv/test_custom_srv/srv/detail/circle_square__rosidl_typesupport_introspection_c.h\n'}
[1.389644] (test_custom_srv) StdoutLine: {'line': b'-- Up-to-date: /home/robot33-6/student133_ws/install/test_custom_srv/include/test_custom_srv/test_custom_srv/srv/detail/circle_square__type_support.c\n'}
[1.389746] (test_custom_srv) StdoutLine: {'line': b'-- Up-to-date: /home/robot33-6/student133_ws/install/test_custom_srv/include/test_custom_srv/test_custom_srv/msg\n'}
[1.389968] (test_custom_srv) StdoutLine: {'line': b'-- Up-to-date: /home/robot33-6/student133_ws/install/test_custom_srv/include/test_custom_srv/test_custom_srv/msg/rosidl_typesupport_introspection_c__visibility_control.h\n'}
[1.390077] (test_custom_srv) StdoutLine: {'line': b'-- Up-to-date: /home/robot33-6/student133_ws/install/test_custom_srv/lib/libtest_custom_srv__rosidl_typesupport_introspection_c.so\n'}
[1.390243] (test_custom_srv) StdoutLine: {'line': b'-- Up-to-date: /home/robot33-6/student133_ws/install/test_custom_srv/lib/libtest_custom_srv__rosidl_typesupport_c.so\n'}
[1.390482] (test_custom_srv) StdoutLine: {'line': b'-- Up-to-date: /home/robot33-6/student133_ws/install/test_custom_srv/include/test_custom_srv/test_custom_srv\n'}
[1.390635] (test_custom_srv) StdoutLine: {'line': b'-- Up-to-date: /home/robot33-6/student133_ws/install/test_custom_srv/include/test_custom_srv/test_custom_srv/srv\n'}
[1.390744] (test_custom_srv) StdoutLine: {'line': b'-- Up-to-date: /home/robot33-6/student133_ws/install/test_custom_srv/include/test_custom_srv/test_custom_srv/srv/detail\n'}
[1.390882] (test_custom_srv) StdoutLine: {'line': b'-- Up-to-date: /home/robot33-6/student133_ws/install/test_custom_srv/include/test_custom_srv/test_custom_srv/srv/detail/circle_square__builder.hpp\n'}
[1.390993] (test_custom_srv) StdoutLine: {'line': b'-- Up-to-date: /home/robot33-6/student133_ws/install/test_custom_srv/include/test_custom_srv/test_custom_srv/srv/detail/circle_square__traits.hpp\n'}
[1.391207] (test_custom_srv) StdoutLine: {'line': b'-- Up-to-date: /home/robot33-6/student133_ws/install/test_custom_srv/include/test_custom_srv/test_custom_srv/srv/detail/circle_square__struct.hpp\n'}
[1.391421] (test_custom_srv) StdoutLine: {'line': b'-- Up-to-date: /home/robot33-6/student133_ws/install/test_custom_srv/include/test_custom_srv/test_custom_srv/srv/circle_square.hpp\n'}
[1.391512] (test_custom_srv) StdoutLine: {'line': b'-- Up-to-date: /home/robot33-6/student133_ws/install/test_custom_srv/include/test_custom_srv/test_custom_srv\n'}
[1.391700] (test_custom_srv) StdoutLine: {'line': b'-- Up-to-date: /home/robot33-6/student133_ws/install/test_custom_srv/include/test_custom_srv/test_custom_srv/srv\n'}
[1.391889] (test_custom_srv) StdoutLine: {'line': b'-- Up-to-date: /home/robot33-6/student133_ws/install/test_custom_srv/include/test_custom_srv/test_custom_srv/srv/detail\n'}
[1.392104] (test_custom_srv) StdoutLine: {'line': b'-- Up-to-date: /home/robot33-6/student133_ws/install/test_custom_srv/include/test_custom_srv/test_custom_srv/srv/detail/dds_fastrtps\n'}
[1.392282] (test_custom_srv) StdoutLine: {'line': b'-- Up-to-date: /home/robot33-6/student133_ws/install/test_custom_srv/include/test_custom_srv/test_custom_srv/srv/detail/circle_square__rosidl_typesupport_fastrtps_cpp.hpp\n'}
[1.392509] (test_custom_srv) StdoutLine: {'line': b'-- Up-to-date: /home/robot33-6/student133_ws/install/test_custom_srv/include/test_custom_srv/test_custom_srv/msg\n'}
[1.392631] (test_custom_srv) StdoutLine: {'line': b'-- Up-to-date: /home/robot33-6/student133_ws/install/test_custom_srv/include/test_custom_srv/test_custom_srv/msg/rosidl_typesupport_fastrtps_cpp__visibility_control.h\n'}
[1.392792] (test_custom_srv) StdoutLine: {'line': b'-- Up-to-date: /home/robot33-6/student133_ws/install/test_custom_srv/lib/libtest_custom_srv__rosidl_typesupport_fastrtps_cpp.so\n'}
[1.392957] (test_custom_srv) StdoutLine: {'line': b'-- Up-to-date: /home/robot33-6/student133_ws/install/test_custom_srv/include/test_custom_srv/test_custom_srv\n'}
[1.393125] (test_custom_srv) StdoutLine: {'line': b'-- Up-to-date: /home/robot33-6/student133_ws/install/test_custom_srv/include/test_custom_srv/test_custom_srv/srv\n'}
[1.393243] (test_custom_srv) StdoutLine: {'line': b'-- Up-to-date: /home/robot33-6/student133_ws/install/test_custom_srv/include/test_custom_srv/test_custom_srv/srv/detail\n'}
[1.393413] (test_custom_srv) StdoutLine: {'line': b'-- Up-to-date: /home/robot33-6/student133_ws/install/test_custom_srv/include/test_custom_srv/test_custom_srv/srv/detail/circle_square__rosidl_typesupport_introspection_cpp.hpp\n'}
[1.393845] (test_custom_srv) StdoutLine: {'line': b'-- Up-to-date: /home/robot33-6/student133_ws/install/test_custom_srv/include/test_custom_srv/test_custom_srv/srv/detail/circle_square__type_support.cpp\n'}
[1.394064] (test_custom_srv) StdoutLine: {'line': b'-- Up-to-date: /home/robot33-6/student133_ws/install/test_custom_srv/lib/libtest_custom_srv__rosidl_typesupport_introspection_cpp.so\n'}
[1.394229] (test_custom_srv) StdoutLine: {'line': b'-- Up-to-date: /home/robot33-6/student133_ws/install/test_custom_srv/lib/libtest_custom_srv__rosidl_typesupport_cpp.so\n'}
[1.394382] (test_custom_srv) StdoutLine: {'line': b'-- Up-to-date: /home/robot33-6/student133_ws/install/test_custom_srv/share/test_custom_srv/environment/pythonpath.sh\n'}
[1.394563] (test_custom_srv) StdoutLine: {'line': b'-- Up-to-date: /home/robot33-6/student133_ws/install/test_custom_srv/share/test_custom_srv/environment/pythonpath.dsv\n'}
[1.394711] (test_custom_srv) StdoutLine: {'line': b'-- Up-to-date: /home/robot33-6/student133_ws/install/test_custom_srv/local/lib/python3.10/dist-packages/test_custom_srv-0.0.0-py3.10.egg-info\n'}
[1.394793] (test_custom_srv) StdoutLine: {'line': b'-- Installing: /home/robot33-6/student133_ws/install/test_custom_srv/local/lib/python3.10/dist-packages/test_custom_srv-0.0.0-py3.10.egg-info/PKG-INFO\n'}
[1.394848] (test_custom_srv) StdoutLine: {'line': b'-- Installing: /home/robot33-6/student133_ws/install/test_custom_srv/local/lib/python3.10/dist-packages/test_custom_srv-0.0.0-py3.10.egg-info/top_level.txt\n'}
[1.394900] (test_custom_srv) StdoutLine: {'line': b'-- Installing: /home/robot33-6/student133_ws/install/test_custom_srv/local/lib/python3.10/dist-packages/test_custom_srv-0.0.0-py3.10.egg-info/dependency_links.txt\n'}
[1.394951] (test_custom_srv) StdoutLine: {'line': b'-- Installing: /home/robot33-6/student133_ws/install/test_custom_srv/local/lib/python3.10/dist-packages/test_custom_srv-0.0.0-py3.10.egg-info/SOURCES.txt\n'}
[1.395002] (test_custom_srv) StdoutLine: {'line': b'-- Up-to-date: /home/robot33-6/student133_ws/install/test_custom_srv/local/lib/python3.10/dist-packages/test_custom_srv\n'}
[1.395176] (test_custom_srv) StdoutLine: {'line': b'-- Up-to-date: /home/robot33-6/student133_ws/install/test_custom_srv/local/lib/python3.10/dist-packages/test_custom_srv/libtest_custom_srv__rosidl_generator_py.so\n'}
[1.395267] (test_custom_srv) StdoutLine: {'line': b'-- Up-to-date: /home/robot33-6/student133_ws/install/test_custom_srv/local/lib/python3.10/dist-packages/test_custom_srv/_test_custom_srv_s.ep.rosidl_typesupport_introspection_c.c\n'}
[1.395320] (test_custom_srv) StdoutLine: {'line': b'-- Up-to-date: /home/robot33-6/student133_ws/install/test_custom_srv/local/lib/python3.10/dist-packages/test_custom_srv/test_custom_srv_s__rosidl_typesupport_fastrtps_c.cpython-310-x86_64-linux-gnu.so\n'}
[1.395372] (test_custom_srv) StdoutLine: {'line': b'-- Up-to-date: /home/robot33-6/student133_ws/install/test_custom_srv/local/lib/python3.10/dist-packages/test_custom_srv/test_custom_srv_s__rosidl_typesupport_c.cpython-310-x86_64-linux-gnu.so\n'}
[1.395441] (test_custom_srv) StdoutLine: {'line': b'-- Up-to-date: /home/robot33-6/student133_ws/install/test_custom_srv/local/lib/python3.10/dist-packages/test_custom_srv/_test_custom_srv_s.ep.rosidl_typesupport_c.c\n'}
[1.395492] (test_custom_srv) StdoutLine: {'line': b'-- Up-to-date: /home/robot33-6/student133_ws/install/test_custom_srv/local/lib/python3.10/dist-packages/test_custom_srv/test_custom_srv_s__rosidl_typesupport_introspection_c.cpython-310-x86_64-linux-gnu.so\n'}
[1.395545] (test_custom_srv) StdoutLine: {'line': b'-- Up-to-date: /home/robot33-6/student133_ws/install/test_custom_srv/local/lib/python3.10/dist-packages/test_custom_srv/__init__.py\n'}
[1.395596] (test_custom_srv) StdoutLine: {'line': b'-- Up-to-date: /home/robot33-6/student133_ws/install/test_custom_srv/local/lib/python3.10/dist-packages/test_custom_srv/_test_custom_srv_s.ep.rosidl_typesupport_fastrtps_c.c\n'}
[1.395646] (test_custom_srv) StdoutLine: {'line': b'-- Up-to-date: /home/robot33-6/student133_ws/install/test_custom_srv/local/lib/python3.10/dist-packages/test_custom_srv/srv\n'}
[1.395706] (test_custom_srv) StdoutLine: {'line': b'-- Up-to-date: /home/robot33-6/student133_ws/install/test_custom_srv/local/lib/python3.10/dist-packages/test_custom_srv/srv/_circle_square_s.c\n'}
[1.395758] (test_custom_srv) StdoutLine: {'line': b'-- Up-to-date: /home/robot33-6/student133_ws/install/test_custom_srv/local/lib/python3.10/dist-packages/test_custom_srv/srv/__init__.py\n'}
[1.395808] (test_custom_srv) StdoutLine: {'line': b'-- Up-to-date: /home/robot33-6/student133_ws/install/test_custom_srv/local/lib/python3.10/dist-packages/test_custom_srv/srv/_circle_square.py\n'}
[1.395952] (test_custom_srv) StdoutLine: {'line': b"Listing '/home/robot33-6/student133_ws/install/test_custom_srv/local/lib/python3.10/dist-packages/test_custom_srv'...\n"}
[1.396003] (test_custom_srv) StdoutLine: {'line': b"Listing '/home/robot33-6/student133_ws/install/test_custom_srv/local/lib/python3.10/dist-packages/test_custom_srv/srv'...\n"}
[1.396052] (test_custom_srv) StdoutLine: {'line': b'-- Up-to-date: /home/robot33-6/student133_ws/install/test_custom_srv/local/lib/python3.10/dist-packages/test_custom_srv/test_custom_srv_s__rosidl_typesupport_fastrtps_c.cpython-310-x86_64-linux-gnu.so\n'}
[1.396125] (test_custom_srv) StdoutLine: {'line': b'-- Up-to-date: /home/robot33-6/student133_ws/install/test_custom_srv/local/lib/python3.10/dist-packages/test_custom_srv/test_custom_srv_s__rosidl_typesupport_introspection_c.cpython-310-x86_64-linux-gnu.so\n'}
[1.396176] (test_custom_srv) StdoutLine: {'line': b'-- Up-to-date: /home/robot33-6/student133_ws/install/test_custom_srv/local/lib/python3.10/dist-packages/test_custom_srv/test_custom_srv_s__rosidl_typesupport_c.cpython-310-x86_64-linux-gnu.so\n'}
[1.396226] (test_custom_srv) StdoutLine: {'line': b'-- Up-to-date: /home/robot33-6/student133_ws/install/test_custom_srv/lib/libtest_custom_srv__rosidl_generator_py.so\n'}
[1.396274] (test_custom_srv) StdoutLine: {'line': b'-- Up-to-date: /home/robot33-6/student133_ws/install/test_custom_srv/share/test_custom_srv/srv/CircleSquare.idl\n'}
[1.396324] (test_custom_srv) StdoutLine: {'line': b'-- Up-to-date: /home/robot33-6/student133_ws/install/test_custom_srv/share/test_custom_srv/srv/CircleSquare.srv\n'}
[1.396586] (test_custom_srv) StdoutLine: {'line': b'-- Up-to-date: /home/robot33-6/student133_ws/install/test_custom_srv/share/test_custom_srv/srv/CircleSquare_Request.msg\n'}
[1.396653] (test_custom_srv) StdoutLine: {'line': b'-- Up-to-date: /home/robot33-6/student133_ws/install/test_custom_srv/share/test_custom_srv/srv/CircleSquare_Response.msg\n'}
[1.396723] (test_custom_srv) StdoutLine: {'line': b'-- Up-to-date: /home/robot33-6/student133_ws/install/test_custom_srv/share/ament_index/resource_index/package_run_dependencies/test_custom_srv\n'}
[1.396832] (test_custom_srv) StdoutLine: {'line': b'-- Up-to-date: /home/robot33-6/student133_ws/install/test_custom_srv/share/ament_index/resource_index/parent_prefix_path/test_custom_srv\n'}
[1.396884] (test_custom_srv) StdoutLine: {'line': b'-- Up-to-date: /home/robot33-6/student133_ws/install/test_custom_srv/share/test_custom_srv/environment/ament_prefix_path.sh\n'}
[1.396933] (test_custom_srv) StdoutLine: {'line': b'-- Up-to-date: /home/robot33-6/student133_ws/install/test_custom_srv/share/test_custom_srv/environment/ament_prefix_path.dsv\n'}
[1.396982] (test_custom_srv) StdoutLine: {'line': b'-- Up-to-date: /home/robot33-6/student133_ws/install/test_custom_srv/share/test_custom_srv/environment/path.sh\n'}
[1.397032] (test_custom_srv) StdoutLine: {'line': b'-- Up-to-date: /home/robot33-6/student133_ws/install/test_custom_srv/share/test_custom_srv/environment/path.dsv\n'}
[1.397082] (test_custom_srv) StdoutLine: {'line': b'-- Up-to-date: /home/robot33-6/student133_ws/install/test_custom_srv/share/test_custom_srv/local_setup.bash\n'}
[1.397130] (test_custom_srv) StdoutLine: {'line': b'-- Up-to-date: /home/robot33-6/student133_ws/install/test_custom_srv/share/test_custom_srv/local_setup.sh\n'}
[1.397286] (test_custom_srv) StdoutLine: {'line': b'-- Up-to-date: /home/robot33-6/student133_ws/install/test_custom_srv/share/test_custom_srv/local_setup.zsh\n'}
[1.397339] (test_custom_srv) StdoutLine: {'line': b'-- Up-to-date: /home/robot33-6/student133_ws/install/test_custom_srv/share/test_custom_srv/local_setup.dsv\n'}
[1.397388] (test_custom_srv) StdoutLine: {'line': b'-- Installing: /home/robot33-6/student133_ws/install/test_custom_srv/share/test_custom_srv/package.dsv\n'}
[1.397438] (test_custom_srv) StdoutLine: {'line': b'-- Up-to-date: /home/robot33-6/student133_ws/install/test_custom_srv/share/ament_index/resource_index/packages/test_custom_srv\n'}
[1.397510] (test_custom_srv) StdoutLine: {'line': b'-- Up-to-date: /home/robot33-6/student133_ws/install/test_custom_srv/share/test_custom_srv/cmake/export_test_custom_srv__rosidl_generator_cExport.cmake\n'}
[1.397561] (test_custom_srv) StdoutLine: {'line': b'-- Up-to-date: /home/robot33-6/student133_ws/install/test_custom_srv/share/test_custom_srv/cmake/export_test_custom_srv__rosidl_generator_cExport-debug.cmake\n'}
[1.397610] (test_custom_srv) StdoutLine: {'line': b'-- Up-to-date: /home/robot33-6/student133_ws/install/test_custom_srv/share/test_custom_srv/cmake/export_test_custom_srv__rosidl_typesupport_fastrtps_cExport.cmake\n'}
[1.397660] (test_custom_srv) StdoutLine: {'line': b'-- Up-to-date: /home/robot33-6/student133_ws/install/test_custom_srv/share/test_custom_srv/cmake/export_test_custom_srv__rosidl_typesupport_fastrtps_cExport-debug.cmake\n'}
[1.397772] (test_custom_srv) StdoutLine: {'line': b'-- Up-to-date: /home/robot33-6/student133_ws/install/test_custom_srv/share/test_custom_srv/cmake/test_custom_srv__rosidl_typesupport_introspection_cExport.cmake\n'}
[1.397824] (test_custom_srv) StdoutLine: {'line': b'-- Up-to-date: /home/robot33-6/student133_ws/install/test_custom_srv/share/test_custom_srv/cmake/test_custom_srv__rosidl_typesupport_introspection_cExport-debug.cmake\n'}
[1.397875] (test_custom_srv) StdoutLine: {'line': b'-- Up-to-date: /home/robot33-6/student133_ws/install/test_custom_srv/share/test_custom_srv/cmake/test_custom_srv__rosidl_typesupport_cExport.cmake\n'}
[1.397926] (test_custom_srv) StdoutLine: {'line': b'-- Up-to-date: /home/robot33-6/student133_ws/install/test_custom_srv/share/test_custom_srv/cmake/test_custom_srv__rosidl_typesupport_cExport-debug.cmake\n'}
[1.397976] (test_custom_srv) StdoutLine: {'line': b'-- Up-to-date: /home/robot33-6/student133_ws/install/test_custom_srv/share/test_custom_srv/cmake/export_test_custom_srv__rosidl_generator_cppExport.cmake\n'}
[1.398043] (test_custom_srv) StdoutLine: {'line': b'-- Up-to-date: /home/robot33-6/student133_ws/install/test_custom_srv/share/test_custom_srv/cmake/export_test_custom_srv__rosidl_typesupport_fastrtps_cppExport.cmake\n'}
[1.398095] (test_custom_srv) StdoutLine: {'line': b'-- Up-to-date: /home/robot33-6/student133_ws/install/test_custom_srv/share/test_custom_srv/cmake/export_test_custom_srv__rosidl_typesupport_fastrtps_cppExport-debug.cmake\n'}
[1.398144] (test_custom_srv) StdoutLine: {'line': b'-- Up-to-date: /home/robot33-6/student133_ws/install/test_custom_srv/share/test_custom_srv/cmake/test_custom_srv__rosidl_typesupport_introspection_cppExport.cmake\n'}
[1.398194] (test_custom_srv) StdoutLine: {'line': b'-- Up-to-date: /home/robot33-6/student133_ws/install/test_custom_srv/share/test_custom_srv/cmake/test_custom_srv__rosidl_typesupport_introspection_cppExport-debug.cmake\n'}
[1.398243] (test_custom_srv) StdoutLine: {'line': b'-- Up-to-date: /home/robot33-6/student133_ws/install/test_custom_srv/share/test_custom_srv/cmake/test_custom_srv__rosidl_typesupport_cppExport.cmake\n'}
[1.398295] (test_custom_srv) StdoutLine: {'line': b'-- Up-to-date: /home/robot33-6/student133_ws/install/test_custom_srv/share/test_custom_srv/cmake/test_custom_srv__rosidl_typesupport_cppExport-debug.cmake\n'}
[1.398411] (test_custom_srv) StdoutLine: {'line': b'-- Up-to-date: /home/robot33-6/student133_ws/install/test_custom_srv/share/test_custom_srv/cmake/export_test_custom_srv__rosidl_generator_pyExport.cmake\n'}
[1.398462] (test_custom_srv) StdoutLine: {'line': b'-- Up-to-date: /home/robot33-6/student133_ws/install/test_custom_srv/share/test_custom_srv/cmake/export_test_custom_srv__rosidl_generator_pyExport-debug.cmake\n'}
[1.398529] (test_custom_srv) StdoutLine: {'line': b'-- Up-to-date: /home/robot33-6/student133_ws/install/test_custom_srv/share/test_custom_srv/cmake/rosidl_cmake-extras.cmake\n'}
[1.398581] (test_custom_srv) StdoutLine: {'line': b'-- Up-to-date: /home/robot33-6/student133_ws/install/test_custom_srv/share/test_custom_srv/cmake/ament_cmake_export_include_directories-extras.cmake\n'}
[1.398685] (test_custom_srv) StdoutLine: {'line': b'-- Up-to-date: /home/robot33-6/student133_ws/install/test_custom_srv/share/test_custom_srv/cmake/ament_cmake_export_libraries-extras.cmake\n'}
[1.398737] (test_custom_srv) StdoutLine: {'line': b'-- Up-to-date: /home/robot33-6/student133_ws/install/test_custom_srv/share/test_custom_srv/cmake/ament_cmake_export_targets-extras.cmake\n'}
[1.398786] (test_custom_srv) StdoutLine: {'line': b'-- Up-to-date: /home/robot33-6/student133_ws/install/test_custom_srv/share/test_custom_srv/cmake/rosidl_cmake_export_typesupport_targets-extras.cmake\n'}
[1.398835] (test_custom_srv) StdoutLine: {'line': b'-- Up-to-date: /home/robot33-6/student133_ws/install/test_custom_srv/share/test_custom_srv/cmake/ament_cmake_export_dependencies-extras.cmake\n'}
[1.398884] (test_custom_srv) StdoutLine: {'line': b'-- Up-to-date: /home/robot33-6/student133_ws/install/test_custom_srv/share/test_custom_srv/cmake/rosidl_cmake_export_typesupport_libraries-extras.cmake\n'}
[1.398934] (test_custom_srv) StdoutLine: {'line': b'-- Up-to-date: /home/robot33-6/student133_ws/install/test_custom_srv/share/test_custom_srv/cmake/test_custom_srvConfig.cmake\n'}
[1.398983] (test_custom_srv) StdoutLine: {'line': b'-- Up-to-date: /home/robot33-6/student133_ws/install/test_custom_srv/share/test_custom_srv/cmake/test_custom_srvConfig-version.cmake\n'}
[1.399044] (test_custom_srv) StdoutLine: {'line': b'-- Up-to-date: /home/robot33-6/student133_ws/install/test_custom_srv/share/test_custom_srv/package.xml\n'}
[1.399121] (test_subscriber) JobProgress: {'identifier': 'test_subscriber', 'progress': 'install'}
[1.399206] (test_subscriber) Command: {'cmd': ['/usr/bin/cmake', '--install', '/home/robot33-6/student133_ws/build/test_subscriber'], 'cwd': '/home/robot33-6/student133_ws/build/test_subscriber', 'env': OrderedDict([('GJS_DEBUG_TOPICS', 'JS ERROR;JS LOG'), ('LC_TIME', 'ru_RU.UTF-8'), ('SNAP_COMMON', '/var/snap/qtcreator-ros/common'), ('SNAP_INSTANCE_KEY', ''), ('USER', 'robot33-6'), ('XDG_SESSION_TYPE', 'wayland'), ('LD_LIBRARY_PATH', '/home/robot33-6/student133_ws/install/test_custom_srv/lib:/home/robot33-6/student133_ws/install/test_custom_msg/lib:/opt/ros/humble/opt/rviz_ogre_vendor/lib:/opt/ros/humble/lib/x86_64-linux-gnu:/opt/ros/humble/lib:/snap/qtcreator-ros/107/lib:/snap/qtcreator-ros/107/usr/lib/x86_64-linux-gnu'), ('SHLVL', '313'), ('SNAP_UID', '1000'), ('HOME', '/home/robot33-6'), ('SNAP_LIBRARY_PATH', '/var/lib/snapd/lib/gl:/var/lib/snapd/lib/gl32:/var/lib/snapd/void'), ('DESKTOP_SESSION', 'ubuntu'), ('QTDIR', '/usr/lib/x86_64-linux-gnu/qt5'), ('SNAP_USER_DATA', '/home/robot33-6/snap/qtcreator-ros/107'), ('GIO_LAUNCHED_DESKTOP_FILE', '/var/lib/snapd/desktop/applications/qtcreator-ros_qtcreator-ros.desktop'), ('GNOME_SHELL_SESSION_MODE', 'ubuntu'), ('GTK_MODULES', 'gail:atk-bridge'), ('ROS_PYTHON_VERSION', '3'), ('LC_MONETARY', 'ru_RU.UTF-8'), ('MANAGERPID', '1373'), ('DBUS_SESSION_BUS_ADDRESS', 'unix:path=/run/user/1000/bus'), ('SYSTEMD_EXEC_PID', '1587'), ('GIO_LAUNCHED_DESKTOP_FILE_PID', '3050'), ('SNAP_REVISION', '107'), ('COLCON_PREFIX_PATH', '/home/robot33-6/student133_ws/install'), ('IM_CONFIG_PHASE', '1'), ('ROS_DISTRO', 'humble'), ('WAYLAND_DISPLAY', 'wayland-0'), ('LOGNAME', 'robot33-6'), ('JOURNAL_STREAM', '8:26382'), ('SNAP_CONTEXT', 'zfxwyVEa0dSM0vT388UHnSyWy-Mv84K8RE-CWR0OLT2wc9JrOksa'), ('_', '/usr/bin/env'), ('ROS_VERSION', '2'), ('SNAP_VERSION', '12.0.2'), ('XDG_SESSION_CLASS', 'user'), ('TERM', 'xterm'), ('USERNAME', 'robot33-6'), ('GNOME_DESKTOP_SESSION_ID', 'this-is-deprecated'), ('ROS_LOCALHOST_ONLY', '0'), ('SNAP_INSTANCE_NAME', 'qtcreator-ros'), ('PATH', '/opt/ros/humble/bin:/usr/local/sbin:/usr/local/bin:/usr/sbin:/usr/bin:/sbin:/bin:/usr/games:/usr/local/games:/snap/bin:/snap/bin'), ('INVOCATION_ID', '8be6e9d5a46c4dde9fbe4351f65a98da'), ('SESSION_MANAGER', 'local/robot33-6:@/tmp/.ICE-unix/1547,unix/robot33-6:/tmp/.ICE-unix/1547'), ('BAMF_DESKTOP_FILE_HINT', '/var/lib/snapd/desktop/applications/qtcreator-ros_qtcreator-ros.desktop'), ('GNOME_SETUP_DISPLAY', ':1'), ('LC_ADDRESS', 'ru_RU.UTF-8'), ('SNAP_DATA', '/var/snap/qtcreator-ros/107'), ('XDG_MENU_PREFIX', 'gnome-'), ('XDG_RUNTIME_DIR', '/run/user/1000'), ('DISPLAY', ':0'), ('LANG', 'en_US.UTF-8'), ('LC_TELEPHONE', 'ru_RU.UTF-8'), ('XDG_CURRENT_DESKTOP', 'ubuntu:GNOME'), ('XAUTHORITY', '/run/user/1000/.mutter-Xwaylandauth.NV73K2'), ('XDG_SESSION_DESKTOP', 'ubuntu'), ('XMODIFIERS', '@im=ibus'), ('AMENT_PREFIX_PATH', '/home/robot33-6/student133_ws/install/test_visualization:/home/robot33-6/student133_ws/install/test_parameters:/home/robot33-6/student133_ws/install/test_client:/home/robot33-6/student133_ws/install/test_service:/home/robot33-6/student133_ws/install/test_custom_srv:/home/robot33-6/student133_ws/install/test_custom_publisher:/home/robot33-6/student133_ws/install/test_castom_publisher:/home/robot33-6/student133_ws/install/test_custom_msg:/home/robot33-6/student133_ws/install/test_subscriber:/home/robot33-6/student133_ws/install/test_publisher:/home/robot33-6/student133_ws/install/test_pkg:/opt/ros/humble'), ('SNAP_ARCH', 'amd64'), ('SNAP_COOKIE', 'zfxwyVEa0dSM0vT388UHnSyWy-Mv84K8RE-CWR0OLT2wc9JrOksa'), ('SNAP_USER_COMMON', '/home/robot33-6/snap/qtcreator-ros/common'), ('SSH_AGENT_LAUNCHER', 'gnome-keyring'), ('SSH_AUTH_SOCK', '/run/user/1000/keyring/ssh'), ('LC_NAME', 'ru_RU.UTF-8'), ('SHELL', '/bin/bash'), ('GDMSESSION', 'ubuntu'), ('QT_ACCESSIBILITY', '1'), ('SNAP_REEXEC', ''), ('SNAP_NAME', 'qtcreator-ros'), ('LC_MEASUREMENT', 'ru_RU.UTF-8'), ('GJS_DEBUG_OUTPUT', 'stderr'), ('LC_IDENTIFICATION', 'ru_RU.UTF-8'), ('QT_IM_MODULE', 'ibus'), ('PWD', '/home/robot33-6/student133_ws/build/test_subscriber'), ('QT_QPA_PLATFORM', 'wayland;xcb'), ('SNAP_REAL_HOME', '/home/robot33-6'), ('XDG_CONFIG_DIRS', '/etc/xdg/xdg-ubuntu:/etc/xdg'), ('XDG_DATA_DIRS', '/usr/share/ubuntu:/usr/local/share/:/usr/share/:/var/lib/snapd/desktop'), ('LC_NUMERIC', 'ru_RU.UTF-8'), ('PYTHONPATH', '/home/robot33-6/student133_ws/install/test_custom_srv/local/lib/python3.10/dist-packages:/home/robot33-6/student133_ws/install/test_custom_msg/local/lib/python3.10/dist-packages:/opt/ros/humble/lib/python3.10/site-packages:/opt/ros/humble/local/lib/python3.10/dist-packages'), ('SNAP', '/snap/qtcreator-ros/107'), ('SNAP_EUID', '1000'), ('LC_PAPER', 'ru_RU.UTF-8'), ('COLCON', '1'), ('CMAKE_PREFIX_PATH', '/home/robot33-6/student133_ws/install/test_visualization:/home/robot33-6/student133_ws/install/test_parameters:/home/robot33-6/student133_ws/install/test_client:/home/robot33-6/student133_ws/install/test_service:/home/robot33-6/student133_ws/install/test_custom_srv:/home/robot33-6/student133_ws/install/test_custom_publisher:/home/robot33-6/student133_ws/install/test_castom_publisher:/home/robot33-6/student133_ws/install/test_custom_msg:/home/robot33-6/student133_ws/install/test_subscriber:/home/robot33-6/student133_ws/install/test_publisher:/home/robot33-6/student133_ws/install/test_pkg:/opt/ros/humble'), ('LIBGL_DRIVERS_PATH', '/snap/qtcreator-ros/107/usr/lib/x86_64-linux-gnu/dri')]), 'shell': False}
[1.399655] (test_custom_srv) CommandEnded: {'returncode': 0}
[1.414080] (-) TimerEvent: {}
[1.454156] (test_visualization) JobProgress: {'identifier': 'test_visualization', 'progress': 'install'}
[1.454217] (test_visualization) Command: {'cmd': ['/usr/bin/cmake', '--install', '/home/robot33-6/student133_ws/build/test_visualization'], 'cwd': '/home/robot33-6/student133_ws/build/test_visualization', 'env': OrderedDict([('GJS_DEBUG_TOPICS', 'JS ERROR;JS LOG'), ('LC_TIME', 'ru_RU.UTF-8'), ('SNAP_COMMON', '/var/snap/qtcreator-ros/common'), ('SNAP_INSTANCE_KEY', ''), ('USER', 'robot33-6'), ('XDG_SESSION_TYPE', 'wayland'), ('LD_LIBRARY_PATH', '/home/robot33-6/student133_ws/install/test_custom_srv/lib:/home/robot33-6/student133_ws/install/test_custom_msg/lib:/opt/ros/humble/opt/rviz_ogre_vendor/lib:/opt/ros/humble/lib/x86_64-linux-gnu:/opt/ros/humble/lib:/snap/qtcreator-ros/107/lib:/snap/qtcreator-ros/107/usr/lib/x86_64-linux-gnu'), ('SHLVL', '313'), ('SNAP_UID', '1000'), ('HOME', '/home/robot33-6'), ('SNAP_LIBRARY_PATH', '/var/lib/snapd/lib/gl:/var/lib/snapd/lib/gl32:/var/lib/snapd/void'), ('DESKTOP_SESSION', 'ubuntu'), ('QTDIR', '/usr/lib/x86_64-linux-gnu/qt5'), ('SNAP_USER_DATA', '/home/robot33-6/snap/qtcreator-ros/107'), ('GIO_LAUNCHED_DESKTOP_FILE', '/var/lib/snapd/desktop/applications/qtcreator-ros_qtcreator-ros.desktop'), ('GNOME_SHELL_SESSION_MODE', 'ubuntu'), ('GTK_MODULES', 'gail:atk-bridge'), ('ROS_PYTHON_VERSION', '3'), ('LC_MONETARY', 'ru_RU.UTF-8'), ('MANAGERPID', '1373'), ('DBUS_SESSION_BUS_ADDRESS', 'unix:path=/run/user/1000/bus'), ('SYSTEMD_EXEC_PID', '1587'), ('GIO_LAUNCHED_DESKTOP_FILE_PID', '3050'), ('SNAP_REVISION', '107'), ('COLCON_PREFIX_PATH', '/home/robot33-6/student133_ws/install'), ('IM_CONFIG_PHASE', '1'), ('ROS_DISTRO', 'humble'), ('WAYLAND_DISPLAY', 'wayland-0'), ('LOGNAME', 'robot33-6'), ('JOURNAL_STREAM', '8:26382'), ('SNAP_CONTEXT', 'zfxwyVEa0dSM0vT388UHnSyWy-Mv84K8RE-CWR0OLT2wc9JrOksa'), ('_', '/usr/bin/env'), ('ROS_VERSION', '2'), ('SNAP_VERSION', '12.0.2'), ('XDG_SESSION_CLASS', 'user'), ('TERM', 'xterm'), ('USERNAME', 'robot33-6'), ('GNOME_DESKTOP_SESSION_ID', 'this-is-deprecated'), ('ROS_LOCALHOST_ONLY', '0'), ('SNAP_INSTANCE_NAME', 'qtcreator-ros'), ('PATH', '/opt/ros/humble/bin:/usr/local/sbin:/usr/local/bin:/usr/sbin:/usr/bin:/sbin:/bin:/usr/games:/usr/local/games:/snap/bin:/snap/bin'), ('INVOCATION_ID', '8be6e9d5a46c4dde9fbe4351f65a98da'), ('SESSION_MANAGER', 'local/robot33-6:@/tmp/.ICE-unix/1547,unix/robot33-6:/tmp/.ICE-unix/1547'), ('BAMF_DESKTOP_FILE_HINT', '/var/lib/snapd/desktop/applications/qtcreator-ros_qtcreator-ros.desktop'), ('GNOME_SETUP_DISPLAY', ':1'), ('LC_ADDRESS', 'ru_RU.UTF-8'), ('SNAP_DATA', '/var/snap/qtcreator-ros/107'), ('XDG_MENU_PREFIX', 'gnome-'), ('XDG_RUNTIME_DIR', '/run/user/1000'), ('DISPLAY', ':0'), ('LANG', 'en_US.UTF-8'), ('LC_TELEPHONE', 'ru_RU.UTF-8'), ('XDG_CURRENT_DESKTOP', 'ubuntu:GNOME'), ('XAUTHORITY', '/run/user/1000/.mutter-Xwaylandauth.NV73K2'), ('XDG_SESSION_DESKTOP', 'ubuntu'), ('XMODIFIERS', '@im=ibus'), ('AMENT_PREFIX_PATH', '/home/robot33-6/student133_ws/install/test_visualization:/home/robot33-6/student133_ws/install/test_parameters:/home/robot33-6/student133_ws/install/test_client:/home/robot33-6/student133_ws/install/test_service:/home/robot33-6/student133_ws/install/test_custom_srv:/home/robot33-6/student133_ws/install/test_custom_publisher:/home/robot33-6/student133_ws/install/test_castom_publisher:/home/robot33-6/student133_ws/install/test_custom_msg:/home/robot33-6/student133_ws/install/test_subscriber:/home/robot33-6/student133_ws/install/test_publisher:/home/robot33-6/student133_ws/install/test_pkg:/opt/ros/humble'), ('SNAP_ARCH', 'amd64'), ('SNAP_COOKIE', 'zfxwyVEa0dSM0vT388UHnSyWy-Mv84K8RE-CWR0OLT2wc9JrOksa'), ('SNAP_USER_COMMON', '/home/robot33-6/snap/qtcreator-ros/common'), ('SSH_AGENT_LAUNCHER', 'gnome-keyring'), ('SSH_AUTH_SOCK', '/run/user/1000/keyring/ssh'), ('LC_NAME', 'ru_RU.UTF-8'), ('SHELL', '/bin/bash'), ('GDMSESSION', 'ubuntu'), ('QT_ACCESSIBILITY', '1'), ('SNAP_REEXEC', ''), ('SNAP_NAME', 'qtcreator-ros'), ('LC_MEASUREMENT', 'ru_RU.UTF-8'), ('GJS_DEBUG_OUTPUT', 'stderr'), ('LC_IDENTIFICATION', 'ru_RU.UTF-8'), ('QT_IM_MODULE', 'ibus'), ('PWD', '/home/robot33-6/student133_ws/build/test_visualization'), ('QT_QPA_PLATFORM', 'wayland;xcb'), ('SNAP_REAL_HOME', '/home/robot33-6'), ('XDG_CONFIG_DIRS', '/etc/xdg/xdg-ubuntu:/etc/xdg'), ('XDG_DATA_DIRS', '/usr/share/ubuntu:/usr/local/share/:/usr/share/:/var/lib/snapd/desktop'), ('LC_NUMERIC', 'ru_RU.UTF-8'), ('PYTHONPATH', '/home/robot33-6/student133_ws/install/test_custom_srv/local/lib/python3.10/dist-packages:/home/robot33-6/student133_ws/install/test_custom_msg/local/lib/python3.10/dist-packages:/opt/ros/humble/lib/python3.10/site-packages:/opt/ros/humble/local/lib/python3.10/dist-packages'), ('SNAP', '/snap/qtcreator-ros/107'), ('SNAP_EUID', '1000'), ('LC_PAPER', 'ru_RU.UTF-8'), ('COLCON', '1'), ('CMAKE_PREFIX_PATH', '/home/robot33-6/student133_ws/install/test_visualization:/home/robot33-6/student133_ws/install/test_parameters:/home/robot33-6/student133_ws/install/test_client:/home/robot33-6/student133_ws/install/test_service:/home/robot33-6/student133_ws/install/test_custom_srv:/home/robot33-6/student133_ws/install/test_custom_publisher:/home/robot33-6/student133_ws/install/test_castom_publisher:/home/robot33-6/student133_ws/install/test_custom_msg:/home/robot33-6/student133_ws/install/test_subscriber:/home/robot33-6/student133_ws/install/test_publisher:/home/robot33-6/student133_ws/install/test_pkg:/opt/ros/humble'), ('LIBGL_DRIVERS_PATH', '/snap/qtcreator-ros/107/usr/lib/x86_64-linux-gnu/dri')]), 'shell': False}
[1.456006] (test_subscriber) StdoutLine: {'line': b'-- Install configuration: "Debug"\n'}
[1.456323] (test_subscriber) StdoutLine: {'line': b'-- Up-to-date: /home/robot33-6/student133_ws/install/test_subscriber/lib/test_subscriber/test_subscriber_node\n'}
[1.456589] (test_subscriber) StdoutLine: {'line': b'-- Up-to-date: /home/robot33-6/student133_ws/install/test_subscriber/share/ament_index/resource_index/package_run_dependencies/test_subscriber\n'}
[1.456782] (test_subscriber) StdoutLine: {'line': b'-- Up-to-date: /home/robot33-6/student133_ws/install/test_subscriber/share/ament_index/resource_index/parent_prefix_path/test_subscriber\n'}
[1.456978] (test_subscriber) StdoutLine: {'line': b'-- Up-to-date: /home/robot33-6/student133_ws/install/test_subscriber/share/test_subscriber/environment/ament_prefix_path.sh\n'}
[1.457177] (test_subscriber) StdoutLine: {'line': b'-- Up-to-date: /home/robot33-6/student133_ws/install/test_subscriber/share/test_subscriber/environment/ament_prefix_path.dsv\n'}
[1.457368] (test_subscriber) StdoutLine: {'line': b'-- Up-to-date: /home/robot33-6/student133_ws/install/test_subscriber/share/test_subscriber/environment/path.sh\n'}
[1.457552] (test_subscriber) StdoutLine: {'line': b'-- Up-to-date: /home/robot33-6/student133_ws/install/test_subscriber/share/test_subscriber/environment/path.dsv\n'}
[1.457712] (test_subscriber) StdoutLine: {'line': b'-- Up-to-date: /home/robot33-6/student133_ws/install/test_subscriber/share/test_subscriber/local_setup.bash\n'}
[1.457863] (test_subscriber) StdoutLine: {'line': b'-- Up-to-date: /home/robot33-6/student133_ws/install/test_subscriber/share/test_subscriber/local_setup.sh\n'}
[1.458014] (test_subscriber) StdoutLine: {'line': b'-- Up-to-date: /home/robot33-6/student133_ws/install/test_subscriber/share/test_subscriber/local_setup.zsh\n'}
[1.458172] (test_subscriber) StdoutLine: {'line': b'-- Up-to-date: /home/robot33-6/student133_ws/install/test_subscriber/share/test_subscriber/local_setup.dsv\n'}
[1.458333] (test_subscriber) StdoutLine: {'line': b'-- Installing: /home/robot33-6/student133_ws/install/test_subscriber/share/test_subscriber/package.dsv\n'}
[1.458486] (test_subscriber) StdoutLine: {'line': b'-- Up-to-date: /home/robot33-6/student133_ws/install/test_subscriber/share/ament_index/resource_index/packages/test_subscriber\n'}
[1.458639] (test_subscriber) StdoutLine: {'line': b'-- Up-to-date: /home/robot33-6/student133_ws/install/test_subscriber/share/test_subscriber/cmake/test_subscriberConfig.cmake\n'}
[1.458798] (test_subscriber) StdoutLine: {'line': b'-- Up-to-date: /home/robot33-6/student133_ws/install/test_subscriber/share/test_subscriber/cmake/test_subscriberConfig-version.cmake\n'}
[1.458954] (test_subscriber) StdoutLine: {'line': b'-- Up-to-date: /home/robot33-6/student133_ws/install/test_subscriber/share/test_subscriber/package.xml\n'}
[1.514164] (-) TimerEvent: {}
[1.527732] (test_custom_msg) JobEnded: {'identifier': 'test_custom_msg', 'rc': 0}
[1.528317] (test_subscriber) CommandEnded: {'returncode': 0}
[1.570813] (test_visualization) StdoutLine: {'line': b'-- Install configuration: "Debug"\n'}
[1.571315] (test_visualization) StdoutLine: {'line': b'-- Up-to-date: /home/robot33-6/student133_ws/install/test_visualization/lib/test_visualization/test_visualization_node\n'}
[1.571410] (test_visualization) StdoutLine: {'line': b'-- Up-to-date: /home/robot33-6/student133_ws/install/test_visualization/share/ament_index/resource_index/package_run_dependencies/test_visualization\n'}
[1.571506] (test_visualization) StdoutLine: {'line': b'-- Up-to-date: /home/robot33-6/student133_ws/install/test_visualization/share/ament_index/resource_index/parent_prefix_path/test_visualization\n'}
[1.571619] (test_visualization) StdoutLine: {'line': b'-- Up-to-date: /home/robot33-6/student133_ws/install/test_visualization/share/test_visualization/environment/ament_prefix_path.sh\n'}
[1.571673] (test_visualization) StdoutLine: {'line': b'-- Up-to-date: /home/robot33-6/student133_ws/install/test_visualization/share/test_visualization/environment/ament_prefix_path.dsv\n'}
[1.571724] (test_visualization) StdoutLine: {'line': b'-- Up-to-date: /home/robot33-6/student133_ws/install/test_visualization/share/test_visualization/environment/path.sh\n'}
[1.571774] (test_visualization) StdoutLine: {'line': b'-- Up-to-date: /home/robot33-6/student133_ws/install/test_visualization/share/test_visualization/environment/path.dsv\n'}
[1.571824] (test_visualization) StdoutLine: {'line': b'-- Up-to-date: /home/robot33-6/student133_ws/install/test_visualization/share/test_visualization/local_setup.bash\n'}
[1.571872] (test_visualization) StdoutLine: {'line': b'-- Up-to-date: /home/robot33-6/student133_ws/install/test_visualization/share/test_visualization/local_setup.sh\n'}
[1.571921] (test_visualization) StdoutLine: {'line': b'-- Up-to-date: /home/robot33-6/student133_ws/install/test_visualization/share/test_visualization/local_setup.zsh\n'}
[1.571970] (test_visualization) StdoutLine: {'line': b'-- Up-to-date: /home/robot33-6/student133_ws/install/test_visualization/share/test_visualization/local_setup.dsv\n'}
[1.572019] (test_visualization) StdoutLine: {'line': b'-- Installing: /home/robot33-6/student133_ws/install/test_visualization/share/test_visualization/package.dsv\n'}
[1.572069] (test_visualization) StdoutLine: {'line': b'-- Up-to-date: /home/robot33-6/student133_ws/install/test_visualization/share/ament_index/resource_index/packages/test_visualization\n'}
[1.572160] (test_visualization) StdoutLine: {'line': b'-- Up-to-date: /home/robot33-6/student133_ws/install/test_visualization/share/test_visualization/cmake/test_visualizationConfig.cmake\n'}
[1.572210] (test_visualization) StdoutLine: {'line': b'-- Up-to-date: /home/robot33-6/student133_ws/install/test_visualization/share/test_visualization/cmake/test_visualizationConfig-version.cmake\n'}
[1.572260] (test_visualization) StdoutLine: {'line': b'-- Up-to-date: /home/robot33-6/student133_ws/install/test_visualization/share/test_visualization/package.xml\n'}
[1.572311] (test_visualization) CommandEnded: {'returncode': 0}
[1.614580] (-) TimerEvent: {}
[1.682113] (test_custom_srv) JobEnded: {'identifier': 'test_custom_srv', 'rc': 0}
[1.715094] (-) TimerEvent: {}
[1.736697] (test_subscriber) JobEnded: {'identifier': 'test_subscriber', 'rc': 0}
[1.790416] (test_visualization) JobEnded: {'identifier': 'test_visualization', 'rc': 0}
[1.815204] (-) TimerEvent: {}
[1.915449] (-) TimerEvent: {}
[2.015685] (-) TimerEvent: {}
[2.115932] (-) TimerEvent: {}
[2.216177] (-) TimerEvent: {}
[2.316418] (-) TimerEvent: {}
[2.416664] (-) TimerEvent: {}
[2.516892] (-) TimerEvent: {}
[2.613650] (test_publisher) StderrLine: {'line': b'/home/robot33-6/student133_ws/src/test_publisher/src/test_publisher_node.cpp:34:36: error: \xe2\x80\x98Int32\xe2\x80\x99 is not a member of \xe2\x80\x98std_msgs::msg\xe2\x80\x99\n'}
[2.613788] (test_publisher) StderrLine: {'line': b'   34 |   rclcpp::Publisher<std_msgs::msg::Int32>::SharedPtr                          //?????\n'}
[2.613843] (test_publisher) StderrLine: {'line': b'      |                                    ^~~~~\n'}
[2.613891] (test_publisher) StderrLine: {'line': b'/home/robot33-6/student133_ws/src/test_publisher/src/test_publisher_node.cpp:34:41: error: template argument 1 is invalid\n'}
[2.613936] (test_publisher) StderrLine: {'line': b'   34 |   rclcpp::Publisher<std_msgs::msg::Int32>::SharedPtr                          //?????\n'}
[2.613981] (test_publisher) StderrLine: {'line': b'      |                                         ^\n'}
[2.614027] (test_publisher) StderrLine: {'line': b'/home/robot33-6/student133_ws/src/test_publisher/src/test_publisher_node.cpp:34:44: error: expected \xe2\x80\x98;\xe2\x80\x99 at end of member declaration\n'}
[2.614076] (test_publisher) StderrLine: {'line': b'   34 |   rclcpp::Publisher<std_msgs::msg::Int32>::SharedPtr                          //?????\n'}
[2.614120] (test_publisher) StderrLine: {'line': b'      |                                            ^~~~~~~~~\n'}
[2.614164] (test_publisher) StderrLine: {'line': b'      |                                                     ;\n'}
[2.617025] (-) TimerEvent: {}
[2.629289] (test_publisher) StderrLine: {'line': b'/home/robot33-6/student133_ws/src/test_publisher/src/test_publisher_node.cpp:35:17: error: \xe2\x80\x98publisher\xe2\x80\x99 does not name a type; did you mean \xe2\x80\x98TestPublisher\xe2\x80\x99?\n'}
[2.629361] (test_publisher) StderrLine: {'line': b'   35 |                 publisher;\n'}
[2.629406] (test_publisher) StderrLine: {'line': b'      |                 ^~~~~~~~~\n'}
[2.629450] (test_publisher) StderrLine: {'line': b'      |                 TestPublisher\n'}
[2.632186] (test_publisher) StderrLine: {'line': b'/home/robot33-6/student133_ws/src/test_publisher/src/test_publisher_node.cpp: In constructor \xe2\x80\x98TestPublisher::TestPublisher()\xe2\x80\x99:\n'}
[2.632261] (test_publisher) StderrLine: {'line': b'/home/robot33-6/student133_ws/src/test_publisher/src/test_publisher_node.cpp:17:55: error: \xe2\x80\x98Int32\xe2\x80\x99 is not a member of \xe2\x80\x98std_msgs::msg\xe2\x80\x99\n'}
[2.632306] (test_publisher) StderrLine: {'line': b'   17 |     publisher = this->create_publisher<std_msgs::msg::Int32>                  //?????\n'}
[2.632351] (test_publisher) StderrLine: {'line': b'      |                                                       ^~~~~\n'}
[2.632394] (test_publisher) StderrLine: {'line': b'/home/robot33-6/student133_ws/src/test_publisher/src/test_publisher_node.cpp:18:29: error: no matching function for call to \xe2\x80\x98TestPublisher::create_publisher<<expression error> >(const char [7], int)\xe2\x80\x99\n'}
[2.632438] (test_publisher) StderrLine: {'line': b'   17 |     publisher = this->create_publisher<std_msgs::msg::Int32>                  //?????\n'}
[2.632481] (test_publisher) StderrLine: {'line': b'      |                 ~~~~~~~~~~~~~~~~~~~~~~~~~~~~~~~~~~~~~~~~~~~~~~~~~~~~~~~~~~~~~~~~~~~~~\n'}
[2.632524] (test_publisher) StderrLine: {'line': b'   18 |                             ("msg_tr",8);\n'}
[2.632567] (test_publisher) StderrLine: {'line': b'      |                             ^~~~~~~~~~~~\n'}
[2.632610] (test_publisher) StderrLine: {'line': b'In file included from /opt/ros/humble/include/rclcpp/rclcpp/node.hpp:1321,\n'}
[2.632653] (test_publisher) StderrLine: {'line': b'                 from /opt/ros/humble/include/rclcpp/rclcpp/executors/single_threaded_executor.hpp:28,\n'}
[2.632696] (test_publisher) StderrLine: {'line': b'                 from /opt/ros/humble/include/rclcpp/rclcpp/executors.hpp:22,\n'}
[2.632738] (test_publisher) StderrLine: {'line': b'                 from /opt/ros/humble/include/rclcpp/rclcpp/rclcpp.hpp:155,\n'}
[2.632781] (test_publisher) StderrLine: {'line': b'                 from /home/robot33-6/student133_ws/src/test_publisher/src/test_publisher_node.cpp:1:\n'}
[2.632824] (test_publisher) StderrLine: {'line': b'/opt/ros/humble/include/rclcpp/rclcpp/node_impl.hpp:73:1: note: candidate: \xe2\x80\x98template<class MessageT, class AllocatorT, class PublisherT> std::shared_ptr<PublisherT> rclcpp::Node::create_publisher(const string&, const rclcpp::QoS&, const rclcpp::PublisherOptionsWithAllocator<AllocatorT>&)\xe2\x80\x99\n'}
[2.632868] (test_publisher) StderrLine: {'line': b'   73 | Node::create_publisher(\n'}
[2.632910] (test_publisher) StderrLine: {'line': b'      | ^~~~\n'}
[2.632952] (test_publisher) StderrLine: {'line': b'/opt/ros/humble/include/rclcpp/rclcpp/node_impl.hpp:73:1: note:   template argument deduction/substitution failed:\n'}
[2.632995] (test_publisher) StderrLine: {'line': b'/home/robot33-6/student133_ws/src/test_publisher/src/test_publisher_node.cpp:18:29: error: template argument 1 is invalid\n'}
[2.633046] (test_publisher) StderrLine: {'line': b'   17 |     publisher = this->create_publisher<std_msgs::msg::Int32>                  //?????\n'}
[2.633089] (test_publisher) StderrLine: {'line': b'      |                 ~~~~~~~~~~~~~~~~~~~~~~~~~~~~~~~~~~~~~~~~~~~~~~~~~~~~~~~~~~~~~~~~~~~~~\n'}
[2.633132] (test_publisher) StderrLine: {'line': b'   18 |                             ("msg_tr",8);\n'}
[2.633174] (test_publisher) StderrLine: {'line': b'      |                             ^~~~~~~~~~~~\n'}
[2.640939] (test_publisher) StderrLine: {'line': b'/home/robot33-6/student133_ws/src/test_publisher/src/test_publisher_node.cpp: In member function \xe2\x80\x98void TestPublisher::timer_callback()\xe2\x80\x99:\n'}
[2.641200] (test_publisher) StderrLine: {'line': b'/home/robot33-6/student133_ws/src/test_publisher/src/test_publisher_node.cpp:45:20: error: \xe2\x80\x98Int32\xe2\x80\x99 is not a member of \xe2\x80\x98std_msgs::msg\xe2\x80\x99\n'}
[2.641248] (test_publisher) StderrLine: {'line': b'   45 |     std_msgs::msg::Int32 msg;\n'}
[2.641291] (test_publisher) StderrLine: {'line': b'      |                    ^~~~~\n'}
[2.641333] (test_publisher) StderrLine: {'line': b'/home/robot33-6/student133_ws/src/test_publisher/src/test_publisher_node.cpp:46:17: error: no match for \xe2\x80\x98operator+\xe2\x80\x99 (operand type is \xe2\x80\x98std::string\xe2\x80\x99 {aka \xe2\x80\x98std::__cxx11::basic_string<char>\xe2\x80\x99})\n'}
[2.641384] (test_publisher) StderrLine: {'line': b'   46 |     msg.data =  + std::to_string(counter++);\n'}
[2.641426] (test_publisher) StderrLine: {'line': b'      |                 ^~~~~~~~~~~~~~~~~~~~~~~~~~~\n'}
[2.641468] (test_publisher) StderrLine: {'line': b'In file included from /usr/include/c++/11/bits/stl_algobase.h:67,\n'}
[2.641514] (test_publisher) StderrLine: {'line': b'                 from /usr/include/c++/11/memory:63,\n'}
[2.641556] (test_publisher) StderrLine: {'line': b'                 from /opt/ros/humble/include/rclcpp/rclcpp/rclcpp.hpp:153,\n'}
[2.641599] (test_publisher) StderrLine: {'line': b'                 from /home/robot33-6/student133_ws/src/test_publisher/src/test_publisher_node.cpp:1:\n'}
[2.641641] (test_publisher) StderrLine: {'line': b'/usr/include/c++/11/bits/stl_iterator.h:1276:5: note: candidate: \xe2\x80\x98template<class _Iterator, class _Container> __gnu_cxx::__normal_iterator<_Iterator, _Container> __gnu_cxx::operator+(typename __gnu_cxx::__normal_iterator<_Iterator, _Container>::difference_type, const __gnu_cxx::__normal_iterator<_Iterator, _Container>&)\xe2\x80\x99\n'}
[2.641685] (test_publisher) StderrLine: {'line': b' 1276 |     operator+(typename __normal_iterator<_Iterator, _Container>::difference_type\n'}
[2.641727] (test_publisher) StderrLine: {'line': b'      |     ^~~~~~~~\n'}
[2.641769] (test_publisher) StderrLine: {'line': b'/usr/include/c++/11/bits/stl_iterator.h:1276:5: note:   template argument deduction/substitution failed:\n'}
[2.648936] (test_publisher) StderrLine: {'line': b'/home/robot33-6/student133_ws/src/test_publisher/src/test_publisher_node.cpp:46:43: note:   candidate expects 2 arguments, 1 provided\n'}
[2.649003] (test_publisher) StderrLine: {'line': b'   46 |     msg.data =  + std::to_string(counter++);\n'}
[2.649053] (test_publisher) StderrLine: {'line': b'      |                                           ^\n'}
[2.649104] (test_publisher) StderrLine: {'line': b'In file included from /usr/include/c++/11/bits/stl_algobase.h:67,\n'}
[2.649843] (test_publisher) StderrLine: {'line': b'                 from /usr/include/c++/11/memory:63,\n'}
[2.649905] (test_publisher) StderrLine: {'line': b'                 from /opt/ros/humble/include/rclcpp/rclcpp/rclcpp.hpp:153,\n'}
[2.649965] (test_publisher) StderrLine: {'line': b'                 from /home/robot33-6/student133_ws/src/test_publisher/src/test_publisher_node.cpp:1:\n'}
[2.650024] (test_publisher) StderrLine: {'line': b'/usr/include/c++/11/bits/stl_iterator.h:585:5: note: candidate: \xe2\x80\x98template<class _Iterator> constexpr std::reverse_iterator<_Iterator> std::operator+(typename std::reverse_iterator<_Iterator>::difference_type, const std::reverse_iterator<_Iterator>&)\xe2\x80\x99\n'}
[2.650090] (test_publisher) StderrLine: {'line': b'  585 |     operator+(typename reverse_iterator<_Iterator>::difference_type __n,\n'}
[2.650148] (test_publisher) StderrLine: {'line': b'      |     ^~~~~~~~\n'}
[2.650205] (test_publisher) StderrLine: {'line': b'/usr/include/c++/11/bits/stl_iterator.h:585:5: note:   template argument deduction/substitution failed:\n'}
[2.650262] (test_publisher) StderrLine: {'line': b'/home/robot33-6/student133_ws/src/test_publisher/src/test_publisher_node.cpp:46:43: note:   candidate expects 2 arguments, 1 provided\n'}
[2.650319] (test_publisher) StderrLine: {'line': b'   46 |     msg.data =  + std::to_string(counter++);\n'}
[2.650376] (test_publisher) StderrLine: {'line': b'      |                                           ^\n'}
[2.650432] (test_publisher) StderrLine: {'line': b'In file included from /usr/include/c++/11/bits/stl_algobase.h:67,\n'}
[2.650488] (test_publisher) StderrLine: {'line': b'                 from /usr/include/c++/11/memory:63,\n'}
[2.650545] (test_publisher) StderrLine: {'line': b'                 from /opt/ros/humble/include/rclcpp/rclcpp/rclcpp.hpp:153,\n'}
[2.650601] (test_publisher) StderrLine: {'line': b'                 from /home/robot33-6/student133_ws/src/test_publisher/src/test_publisher_node.cpp:1:\n'}
[2.650658] (test_publisher) StderrLine: {'line': b'/usr/include/c++/11/bits/stl_iterator.h:1700:5: note: candidate: \xe2\x80\x98template<class _Iterator> constexpr std::move_iterator<_IteratorL> std::operator+(typename std::move_iterator<_IteratorL>::difference_type, const std::move_iterator<_IteratorL>&)\xe2\x80\x99\n'}
[2.650716] (test_publisher) StderrLine: {'line': b' 1700 |     operator+(typename move_iterator<_Iterator>::difference_type __n,\n'}
[2.650772] (test_publisher) StderrLine: {'line': b'      |     ^~~~~~~~\n'}
[2.650828] (test_publisher) StderrLine: {'line': b'/usr/include/c++/11/bits/stl_iterator.h:1700:5: note:   template argument deduction/substitution failed:\n'}
[2.650896] (test_publisher) StderrLine: {'line': b'/home/robot33-6/student133_ws/src/test_publisher/src/test_publisher_node.cpp:46:43: note:   candidate expects 2 arguments, 1 provided\n'}
[2.650945] (test_publisher) StderrLine: {'line': b'   46 |     msg.data =  + std::to_string(counter++);\n'}
[2.650991] (test_publisher) StderrLine: {'line': b'      |                                           ^\n'}
[2.651049] (test_publisher) StderrLine: {'line': b'In file included from /usr/include/c++/11/string:55,\n'}
[2.651098] (test_publisher) StderrLine: {'line': b'                 from /usr/include/c++/11/stdexcept:39,\n'}
[2.651143] (test_publisher) StderrLine: {'line': b'                 from /usr/include/c++/11/system_error:41,\n'}
[2.651187] (test_publisher) StderrLine: {'line': b'                 from /usr/include/c++/11/mutex:42,\n'}
[2.651232] (test_publisher) StderrLine: {'line': b'                 from /usr/include/c++/11/future:38,\n'}
[2.651277] (test_publisher) StderrLine: {'line': b'                 from /opt/ros/humble/include/rclcpp/rclcpp/executors.hpp:18,\n'}
[2.651323] (test_publisher) StderrLine: {'line': b'                 from /opt/ros/humble/include/rclcpp/rclcpp/rclcpp.hpp:155,\n'}
[2.651368] (test_publisher) StderrLine: {'line': b'                 from /home/robot33-6/student133_ws/src/test_publisher/src/test_publisher_node.cpp:1:\n'}
[2.651412] (test_publisher) StderrLine: {'line': b'/usr/include/c++/11/bits/basic_string.h:6095:5: note: candidate: \xe2\x80\x98template<class _CharT, class _Traits, class _Alloc> std::__cxx11::basic_string<_CharT, _Traits, _Allocator> std::operator+(const std::__cxx11::basic_string<_CharT, _Traits, _Allocator>&, const std::__cxx11::basic_string<_CharT, _Traits, _Allocator>&)\xe2\x80\x99\n'}
[2.651461] (test_publisher) StderrLine: {'line': b' 6095 |     operator+(const basic_string<_CharT, _Traits, _Alloc>& __lhs,\n'}
[2.651514] (test_publisher) StderrLine: {'line': b'      |     ^~~~~~~~\n'}
[2.651566] (test_publisher) StderrLine: {'line': b'/usr/include/c++/11/bits/basic_string.h:6095:5: note:   template argument deduction/substitution failed:\n'}
[2.651621] (test_publisher) StderrLine: {'line': b'/home/robot33-6/student133_ws/src/test_publisher/src/test_publisher_node.cpp:46:43: note:   candidate expects 2 arguments, 1 provided\n'}
[2.651675] (test_publisher) StderrLine: {'line': b'   46 |     msg.data =  + std::to_string(counter++);\n'}
[2.651727] (test_publisher) StderrLine: {'line': b'      |                                           ^\n'}
[2.651777] (test_publisher) StderrLine: {'line': b'In file included from /usr/include/c++/11/string:56,\n'}
[2.651828] (test_publisher) StderrLine: {'line': b'                 from /usr/include/c++/11/stdexcept:39,\n'}
[2.651879] (test_publisher) StderrLine: {'line': b'                 from /usr/include/c++/11/system_error:41,\n'}
[2.651930] (test_publisher) StderrLine: {'line': b'                 from /usr/include/c++/11/mutex:42,\n'}
[2.651980] (test_publisher) StderrLine: {'line': b'                 from /usr/include/c++/11/future:38,\n'}
[2.652031] (test_publisher) StderrLine: {'line': b'                 from /opt/ros/humble/include/rclcpp/rclcpp/executors.hpp:18,\n'}
[2.652082] (test_publisher) StderrLine: {'line': b'                 from /opt/ros/humble/include/rclcpp/rclcpp/rclcpp.hpp:155,\n'}
[2.652133] (test_publisher) StderrLine: {'line': b'                 from /home/robot33-6/student133_ws/src/test_publisher/src/test_publisher_node.cpp:1:\n'}
[2.652183] (test_publisher) StderrLine: {'line': b'/usr/include/c++/11/bits/basic_string.tcc:1169:5: note: candidate: \xe2\x80\x98template<class _CharT, class _Traits, class _Alloc> std::__cxx11::basic_string<_CharT, _Traits, _Allocator> std::operator+(const _CharT*, const std::__cxx11::basic_string<_CharT, _Traits, _Allocator>&)\xe2\x80\x99\n'}
[2.652235] (test_publisher) StderrLine: {'line': b' 1169 |     operator+(const _CharT* __lhs,\n'}
[2.652285] (test_publisher) StderrLine: {'line': b'      |     ^~~~~~~~\n'}
[2.652332] (test_publisher) StderrLine: {'line': b'/usr/include/c++/11/bits/basic_string.tcc:1169:5: note:   template argument deduction/substitution failed:\n'}
[2.652378] (test_publisher) StderrLine: {'line': b'/home/robot33-6/student133_ws/src/test_publisher/src/test_publisher_node.cpp:46:43: note:   mismatched types \xe2\x80\x98const _CharT*\xe2\x80\x99 and \xe2\x80\x98std::__cxx11::basic_string<char>\xe2\x80\x99\n'}
[2.652425] (test_publisher) StderrLine: {'line': b'   46 |     msg.data =  + std::to_string(counter++);\n'}
[2.652470] (test_publisher) StderrLine: {'line': b'      |                                           ^\n'}
[2.652515] (test_publisher) StderrLine: {'line': b'In file included from /usr/include/c++/11/string:56,\n'}
[2.652560] (test_publisher) StderrLine: {'line': b'                 from /usr/include/c++/11/stdexcept:39,\n'}
[2.652605] (test_publisher) StderrLine: {'line': b'                 from /usr/include/c++/11/system_error:41,\n'}
[2.652650] (test_publisher) StderrLine: {'line': b'                 from /usr/include/c++/11/mutex:42,\n'}
[2.652695] (test_publisher) StderrLine: {'line': b'                 from /usr/include/c++/11/future:38,\n'}
[2.652741] (test_publisher) StderrLine: {'line': b'                 from /opt/ros/humble/include/rclcpp/rclcpp/executors.hpp:18,\n'}
[2.652786] (test_publisher) StderrLine: {'line': b'                 from /opt/ros/humble/include/rclcpp/rclcpp/rclcpp.hpp:155,\n'}
[2.652832] (test_publisher) StderrLine: {'line': b'                 from /home/robot33-6/student133_ws/src/test_publisher/src/test_publisher_node.cpp:1:\n'}
[2.652877] (test_publisher) StderrLine: {'line': b'/usr/include/c++/11/bits/basic_string.tcc:1189:5: note: candidate: \xe2\x80\x98template<class _CharT, class _Traits, class _Alloc> std::__cxx11::basic_string<_CharT, _Traits, _Allocator> std::operator+(_CharT, const std::__cxx11::basic_string<_CharT, _Traits, _Allocator>&)\xe2\x80\x99\n'}
[2.652925] (test_publisher) StderrLine: {'line': b' 1189 |     operator+(_CharT __lhs, const basic_string<_CharT, _Traits, _Alloc>& __rhs)\n'}
[2.652975] (test_publisher) StderrLine: {'line': b'      |     ^~~~~~~~\n'}
[2.653021] (test_publisher) StderrLine: {'line': b'/usr/include/c++/11/bits/basic_string.tcc:1189:5: note:   template argument deduction/substitution failed:\n'}
[2.653066] (test_publisher) StderrLine: {'line': b'/home/robot33-6/student133_ws/src/test_publisher/src/test_publisher_node.cpp:46:43: note:   candidate expects 2 arguments, 1 provided\n'}
[2.653114] (test_publisher) StderrLine: {'line': b'   46 |     msg.data =  + std::to_string(counter++);\n'}
[2.653160] (test_publisher) StderrLine: {'line': b'      |                                           ^\n'}
[2.653205] (test_publisher) StderrLine: {'line': b'In file included from /usr/include/c++/11/string:55,\n'}
[2.653250] (test_publisher) StderrLine: {'line': b'                 from /usr/include/c++/11/stdexcept:39,\n'}
[2.653295] (test_publisher) StderrLine: {'line': b'                 from /usr/include/c++/11/system_error:41,\n'}
[2.653340] (test_publisher) StderrLine: {'line': b'                 from /usr/include/c++/11/mutex:42,\n'}
[2.653385] (test_publisher) StderrLine: {'line': b'                 from /usr/include/c++/11/future:38,\n'}
[2.653430] (test_publisher) StderrLine: {'line': b'                 from /opt/ros/humble/include/rclcpp/rclcpp/executors.hpp:18,\n'}
[2.653475] (test_publisher) StderrLine: {'line': b'                 from /opt/ros/humble/include/rclcpp/rclcpp/rclcpp.hpp:155,\n'}
[2.653521] (test_publisher) StderrLine: {'line': b'                 from /home/robot33-6/student133_ws/src/test_publisher/src/test_publisher_node.cpp:1:\n'}
[2.653566] (test_publisher) StderrLine: {'line': b'/usr/include/c++/11/bits/basic_string.h:6132:5: note: candidate: \xe2\x80\x98template<class _CharT, class _Traits, class _Alloc> std::__cxx11::basic_string<_CharT, _Traits, _Allocator> std::operator+(const std::__cxx11::basic_string<_CharT, _Traits, _Allocator>&, const _CharT*)\xe2\x80\x99\n'}
[2.653613] (test_publisher) StderrLine: {'line': b' 6132 |     operator+(const basic_string<_CharT, _Traits, _Alloc>& __lhs,\n'}
[2.653658] (test_publisher) StderrLine: {'line': b'      |     ^~~~~~~~\n'}
[2.653704] (test_publisher) StderrLine: {'line': b'/usr/include/c++/11/bits/basic_string.h:6132:5: note:   template argument deduction/substitution failed:\n'}
[2.653750] (test_publisher) StderrLine: {'line': b'/home/robot33-6/student133_ws/src/test_publisher/src/test_publisher_node.cpp:46:43: note:   candidate expects 2 arguments, 1 provided\n'}
[2.653795] (test_publisher) StderrLine: {'line': b'   46 |     msg.data =  + std::to_string(counter++);\n'}
[2.653840] (test_publisher) StderrLine: {'line': b'      |                                           ^\n'}
[2.653890] (test_publisher) StderrLine: {'line': b'In file included from /usr/include/c++/11/string:55,\n'}
[2.653936] (test_publisher) StderrLine: {'line': b'                 from /usr/include/c++/11/stdexcept:39,\n'}
[2.653981] (test_publisher) StderrLine: {'line': b'                 from /usr/include/c++/11/system_error:41,\n'}
[2.654030] (test_publisher) StderrLine: {'line': b'                 from /usr/include/c++/11/mutex:42,\n'}
[2.654075] (test_publisher) StderrLine: {'line': b'                 from /usr/include/c++/11/future:38,\n'}
[2.654119] (test_publisher) StderrLine: {'line': b'                 from /opt/ros/humble/include/rclcpp/rclcpp/executors.hpp:18,\n'}
[2.654164] (test_publisher) StderrLine: {'line': b'                 from /opt/ros/humble/include/rclcpp/rclcpp/rclcpp.hpp:155,\n'}
[2.654209] (test_publisher) StderrLine: {'line': b'                 from /home/robot33-6/student133_ws/src/test_publisher/src/test_publisher_node.cpp:1:\n'}
[2.654254] (test_publisher) StderrLine: {'line': b'/usr/include/c++/11/bits/basic_string.h:6148:5: note: candidate: \xe2\x80\x98template<class _CharT, class _Traits, class _Alloc> std::__cxx11::basic_string<_CharT, _Traits, _Allocator> std::operator+(const std::__cxx11::basic_string<_CharT, _Traits, _Allocator>&, _CharT)\xe2\x80\x99\n'}
[2.654300] (test_publisher) StderrLine: {'line': b' 6148 |     operator+(const basic_string<_CharT, _Traits, _Alloc>& __lhs, _CharT __rhs)\n'}
[2.654349] (test_publisher) StderrLine: {'line': b'      |     ^~~~~~~~\n'}
[2.654395] (test_publisher) StderrLine: {'line': b'/usr/include/c++/11/bits/basic_string.h:6148:5: note:   template argument deduction/substitution failed:\n'}
[2.654440] (test_publisher) StderrLine: {'line': b'/home/robot33-6/student133_ws/src/test_publisher/src/test_publisher_node.cpp:46:43: note:   candidate expects 2 arguments, 1 provided\n'}
[2.654486] (test_publisher) StderrLine: {'line': b'   46 |     msg.data =  + std::to_string(counter++);\n'}
[2.654531] (test_publisher) StderrLine: {'line': b'      |                                           ^\n'}
[2.654577] (test_publisher) StderrLine: {'line': b'In file included from /usr/include/c++/11/string:55,\n'}
[2.654622] (test_publisher) StderrLine: {'line': b'                 from /usr/include/c++/11/stdexcept:39,\n'}
[2.654668] (test_publisher) StderrLine: {'line': b'                 from /usr/include/c++/11/system_error:41,\n'}
[2.654713] (test_publisher) StderrLine: {'line': b'                 from /usr/include/c++/11/mutex:42,\n'}
[2.654757] (test_publisher) StderrLine: {'line': b'                 from /usr/include/c++/11/future:38,\n'}
[2.654802] (test_publisher) StderrLine: {'line': b'                 from /opt/ros/humble/include/rclcpp/rclcpp/executors.hpp:18,\n'}
[2.654847] (test_publisher) StderrLine: {'line': b'                 from /opt/ros/humble/include/rclcpp/rclcpp/rclcpp.hpp:155,\n'}
[2.654892] (test_publisher) StderrLine: {'line': b'                 from /home/robot33-6/student133_ws/src/test_publisher/src/test_publisher_node.cpp:1:\n'}
[2.654936] (test_publisher) StderrLine: {'line': b'/usr/include/c++/11/bits/basic_string.h:6160:5: note: candidate: \xe2\x80\x98template<class _CharT, class _Traits, class _Alloc> std::__cxx11::basic_string<_CharT, _Traits, _Allocator> std::operator+(std::__cxx11::basic_string<_CharT, _Traits, _Allocator>&&, const std::__cxx11::basic_string<_CharT, _Traits, _Allocator>&)\xe2\x80\x99\n'}
[2.654984] (test_publisher) StderrLine: {'line': b' 6160 |     operator+(basic_string<_CharT, _Traits, _Alloc>&& __lhs,\n'}
[2.655029] (test_publisher) StderrLine: {'line': b'      |     ^~~~~~~~\n'}
[2.655097] (test_publisher) StderrLine: {'line': b'/usr/include/c++/11/bits/basic_string.h:6160:5: note:   template argument deduction/substitution failed:\n'}
[2.655142] (test_publisher) StderrLine: {'line': b'/home/robot33-6/student133_ws/src/test_publisher/src/test_publisher_node.cpp:46:43: note:   candidate expects 2 arguments, 1 provided\n'}
[2.655192] (test_publisher) StderrLine: {'line': b'   46 |     msg.data =  + std::to_string(counter++);\n'}
[2.655238] (test_publisher) StderrLine: {'line': b'      |                                           ^\n'}
[2.655283] (test_publisher) StderrLine: {'line': b'In file included from /usr/include/c++/11/string:55,\n'}
[2.655328] (test_publisher) StderrLine: {'line': b'                 from /usr/include/c++/11/stdexcept:39,\n'}
[2.655373] (test_publisher) StderrLine: {'line': b'                 from /usr/include/c++/11/system_error:41,\n'}
[2.655419] (test_publisher) StderrLine: {'line': b'                 from /usr/include/c++/11/mutex:42,\n'}
[2.655464] (test_publisher) StderrLine: {'line': b'                 from /usr/include/c++/11/future:38,\n'}
[2.655510] (test_publisher) StderrLine: {'line': b'                 from /opt/ros/humble/include/rclcpp/rclcpp/executors.hpp:18,\n'}
[2.655557] (test_publisher) StderrLine: {'line': b'                 from /opt/ros/humble/include/rclcpp/rclcpp/rclcpp.hpp:155,\n'}
[2.655602] (test_publisher) StderrLine: {'line': b'                 from /home/robot33-6/student133_ws/src/test_publisher/src/test_publisher_node.cpp:1:\n'}
[2.655647] (test_publisher) StderrLine: {'line': b'/usr/include/c++/11/bits/basic_string.h:6166:5: note: candidate: \xe2\x80\x98template<class _CharT, class _Traits, class _Alloc> std::__cxx11::basic_string<_CharT, _Traits, _Allocator> std::operator+(const std::__cxx11::basic_string<_CharT, _Traits, _Allocator>&, std::__cxx11::basic_string<_CharT, _Traits, _Allocator>&&)\xe2\x80\x99\n'}
[2.655698] (test_publisher) StderrLine: {'line': b' 6166 |     operator+(const basic_string<_CharT, _Traits, _Alloc>& __lhs,\n'}
[2.655743] (test_publisher) StderrLine: {'line': b'      |     ^~~~~~~~\n'}
[2.655788] (test_publisher) StderrLine: {'line': b'/usr/include/c++/11/bits/basic_string.h:6166:5: note:   template argument deduction/substitution failed:\n'}
[2.655834] (test_publisher) StderrLine: {'line': b'/home/robot33-6/student133_ws/src/test_publisher/src/test_publisher_node.cpp:46:43: note:   candidate expects 2 arguments, 1 provided\n'}
[2.655890] (test_publisher) StderrLine: {'line': b'   46 |     msg.data =  + std::to_string(counter++);\n'}
[2.655933] (test_publisher) StderrLine: {'line': b'      |                                           ^\n'}
[2.655975] (test_publisher) StderrLine: {'line': b'In file included from /usr/include/c++/11/string:55,\n'}
[2.656018] (test_publisher) StderrLine: {'line': b'                 from /usr/include/c++/11/stdexcept:39,\n'}
[2.656060] (test_publisher) StderrLine: {'line': b'                 from /usr/include/c++/11/system_error:41,\n'}
[2.656102] (test_publisher) StderrLine: {'line': b'                 from /usr/include/c++/11/mutex:42,\n'}
[2.656145] (test_publisher) StderrLine: {'line': b'                 from /usr/include/c++/11/future:38,\n'}
[2.656191] (test_publisher) StderrLine: {'line': b'                 from /opt/ros/humble/include/rclcpp/rclcpp/executors.hpp:18,\n'}
[2.656234] (test_publisher) StderrLine: {'line': b'                 from /opt/ros/humble/include/rclcpp/rclcpp/rclcpp.hpp:155,\n'}
[2.656281] (test_publisher) StderrLine: {'line': b'                 from /home/robot33-6/student133_ws/src/test_publisher/src/test_publisher_node.cpp:1:\n'}
[2.656324] (test_publisher) StderrLine: {'line': b'/usr/include/c++/11/bits/basic_string.h:6172:5: note: candidate: \xe2\x80\x98template<class _CharT, class _Traits, class _Alloc> std::__cxx11::basic_string<_CharT, _Traits, _Allocator> std::operator+(std::__cxx11::basic_string<_CharT, _Traits, _Allocator>&&, std::__cxx11::basic_string<_CharT, _Traits, _Allocator>&&)\xe2\x80\x99\n'}
[2.656369] (test_publisher) StderrLine: {'line': b' 6172 |     operator+(basic_string<_CharT, _Traits, _Alloc>&& __lhs,\n'}
[2.656412] (test_publisher) StderrLine: {'line': b'      |     ^~~~~~~~\n'}
[2.656455] (test_publisher) StderrLine: {'line': b'/usr/include/c++/11/bits/basic_string.h:6172:5: note:   template argument deduction/substitution failed:\n'}
[2.656499] (test_publisher) StderrLine: {'line': b'/home/robot33-6/student133_ws/src/test_publisher/src/test_publisher_node.cpp:46:43: note:   candidate expects 2 arguments, 1 provided\n'}
[2.656541] (test_publisher) StderrLine: {'line': b'   46 |     msg.data =  + std::to_string(counter++);\n'}
[2.656584] (test_publisher) StderrLine: {'line': b'      |                                           ^\n'}
[2.656627] (test_publisher) StderrLine: {'line': b'In file included from /usr/include/c++/11/string:55,\n'}
[2.656669] (test_publisher) StderrLine: {'line': b'                 from /usr/include/c++/11/stdexcept:39,\n'}
[2.656711] (test_publisher) StderrLine: {'line': b'                 from /usr/include/c++/11/system_error:41,\n'}
[2.656753] (test_publisher) StderrLine: {'line': b'                 from /usr/include/c++/11/mutex:42,\n'}
[2.656796] (test_publisher) StderrLine: {'line': b'                 from /usr/include/c++/11/future:38,\n'}
[2.656838] (test_publisher) StderrLine: {'line': b'                 from /opt/ros/humble/include/rclcpp/rclcpp/executors.hpp:18,\n'}
[2.656881] (test_publisher) StderrLine: {'line': b'                 from /opt/ros/humble/include/rclcpp/rclcpp/rclcpp.hpp:155,\n'}
[2.656924] (test_publisher) StderrLine: {'line': b'                 from /home/robot33-6/student133_ws/src/test_publisher/src/test_publisher_node.cpp:1:\n'}
[2.656967] (test_publisher) StderrLine: {'line': b'/usr/include/c++/11/bits/basic_string.h:6194:5: note: candidate: \xe2\x80\x98template<class _CharT, class _Traits, class _Alloc> std::__cxx11::basic_string<_CharT, _Traits, _Allocator> std::operator+(const _CharT*, std::__cxx11::basic_string<_CharT, _Traits, _Allocator>&&)\xe2\x80\x99\n'}
[2.657015] (test_publisher) StderrLine: {'line': b' 6194 |     operator+(const _CharT* __lhs,\n'}
[2.657058] (test_publisher) StderrLine: {'line': b'      |     ^~~~~~~~\n'}
[2.657102] (test_publisher) StderrLine: {'line': b'/usr/include/c++/11/bits/basic_string.h:6194:5: note:   template argument deduction/substitution failed:\n'}
[2.657148] (test_publisher) StderrLine: {'line': b'/home/robot33-6/student133_ws/src/test_publisher/src/test_publisher_node.cpp:46:43: note:   mismatched types \xe2\x80\x98const _CharT*\xe2\x80\x99 and \xe2\x80\x98std::__cxx11::basic_string<char>\xe2\x80\x99\n'}
[2.657193] (test_publisher) StderrLine: {'line': b'   46 |     msg.data =  + std::to_string(counter++);\n'}
[2.657236] (test_publisher) StderrLine: {'line': b'      |                                           ^\n'}
[2.657279] (test_publisher) StderrLine: {'line': b'In file included from /usr/include/c++/11/string:55,\n'}
[2.657322] (test_publisher) StderrLine: {'line': b'                 from /usr/include/c++/11/stdexcept:39,\n'}
[2.657365] (test_publisher) StderrLine: {'line': b'                 from /usr/include/c++/11/system_error:41,\n'}
[2.657407] (test_publisher) StderrLine: {'line': b'                 from /usr/include/c++/11/mutex:42,\n'}
[2.657450] (test_publisher) StderrLine: {'line': b'                 from /usr/include/c++/11/future:38,\n'}
[2.657493] (test_publisher) StderrLine: {'line': b'                 from /opt/ros/humble/include/rclcpp/rclcpp/executors.hpp:18,\n'}
[2.657536] (test_publisher) StderrLine: {'line': b'                 from /opt/ros/humble/include/rclcpp/rclcpp/rclcpp.hpp:155,\n'}
[2.657579] (test_publisher) StderrLine: {'line': b'                 from /home/robot33-6/student133_ws/src/test_publisher/src/test_publisher_node.cpp:1:\n'}
[2.657622] (test_publisher) StderrLine: {'line': b'/usr/include/c++/11/bits/basic_string.h:6200:5: note: candidate: \xe2\x80\x98template<class _CharT, class _Traits, class _Alloc> std::__cxx11::basic_string<_CharT, _Traits, _Allocator> std::operator+(_CharT, std::__cxx11::basic_string<_CharT, _Traits, _Allocator>&&)\xe2\x80\x99\n'}
[2.657666] (test_publisher) StderrLine: {'line': b' 6200 |     operator+(_CharT __lhs,\n'}
[2.657709] (test_publisher) StderrLine: {'line': b'      |     ^~~~~~~~\n'}
[2.657752] (test_publisher) StderrLine: {'line': b'/usr/include/c++/11/bits/basic_string.h:6200:5: note:   template argument deduction/substitution failed:\n'}
[2.657796] (test_publisher) StderrLine: {'line': b'/home/robot33-6/student133_ws/src/test_publisher/src/test_publisher_node.cpp:46:43: note:   candidate expects 2 arguments, 1 provided\n'}
[2.657840] (test_publisher) StderrLine: {'line': b'   46 |     msg.data =  + std::to_string(counter++);\n'}
[2.657883] (test_publisher) StderrLine: {'line': b'      |                                           ^\n'}
[2.657926] (test_publisher) StderrLine: {'line': b'In file included from /usr/include/c++/11/string:55,\n'}
[2.657969] (test_publisher) StderrLine: {'line': b'                 from /usr/include/c++/11/stdexcept:39,\n'}
[2.658012] (test_publisher) StderrLine: {'line': b'                 from /usr/include/c++/11/system_error:41,\n'}
[2.658055] (test_publisher) StderrLine: {'line': b'                 from /usr/include/c++/11/mutex:42,\n'}
[2.658097] (test_publisher) StderrLine: {'line': b'                 from /usr/include/c++/11/future:38,\n'}
[2.658140] (test_publisher) StderrLine: {'line': b'                 from /opt/ros/humble/include/rclcpp/rclcpp/executors.hpp:18,\n'}
[2.658183] (test_publisher) StderrLine: {'line': b'                 from /opt/ros/humble/include/rclcpp/rclcpp/rclcpp.hpp:155,\n'}
[2.658225] (test_publisher) StderrLine: {'line': b'                 from /home/robot33-6/student133_ws/src/test_publisher/src/test_publisher_node.cpp:1:\n'}
[2.658268] (test_publisher) StderrLine: {'line': b'/usr/include/c++/11/bits/basic_string.h:6206:5: note: candidate: \xe2\x80\x98template<class _CharT, class _Traits, class _Alloc> std::__cxx11::basic_string<_CharT, _Traits, _Allocator> std::operator+(std::__cxx11::basic_string<_CharT, _Traits, _Allocator>&&, const _CharT*)\xe2\x80\x99\n'}
[2.658318] (test_publisher) StderrLine: {'line': b' 6206 |     operator+(basic_string<_CharT, _Traits, _Alloc>&& __lhs,\n'}
[2.658364] (test_publisher) StderrLine: {'line': b'      |     ^~~~~~~~\n'}
[2.658407] (test_publisher) StderrLine: {'line': b'/usr/include/c++/11/bits/basic_string.h:6206:5: note:   template argument deduction/substitution failed:\n'}
[2.658450] (test_publisher) StderrLine: {'line': b'/home/robot33-6/student133_ws/src/test_publisher/src/test_publisher_node.cpp:46:43: note:   candidate expects 2 arguments, 1 provided\n'}
[2.658494] (test_publisher) StderrLine: {'line': b'   46 |     msg.data =  + std::to_string(counter++);\n'}
[2.658537] (test_publisher) StderrLine: {'line': b'      |                                           ^\n'}
[2.658580] (test_publisher) StderrLine: {'line': b'In file included from /usr/include/c++/11/string:55,\n'}
[2.658623] (test_publisher) StderrLine: {'line': b'                 from /usr/include/c++/11/stdexcept:39,\n'}
[2.658666] (test_publisher) StderrLine: {'line': b'                 from /usr/include/c++/11/system_error:41,\n'}
[2.658709] (test_publisher) StderrLine: {'line': b'                 from /usr/include/c++/11/mutex:42,\n'}
[2.658752] (test_publisher) StderrLine: {'line': b'                 from /usr/include/c++/11/future:38,\n'}
[2.658795] (test_publisher) StderrLine: {'line': b'                 from /opt/ros/humble/include/rclcpp/rclcpp/executors.hpp:18,\n'}
[2.658838] (test_publisher) StderrLine: {'line': b'                 from /opt/ros/humble/include/rclcpp/rclcpp/rclcpp.hpp:155,\n'}
[2.658881] (test_publisher) StderrLine: {'line': b'                 from /home/robot33-6/student133_ws/src/test_publisher/src/test_publisher_node.cpp:1:\n'}
[2.658924] (test_publisher) StderrLine: {'line': b'/usr/include/c++/11/bits/basic_string.h:6212:5: note: candidate: \xe2\x80\x98template<class _CharT, class _Traits, class _Alloc> std::__cxx11::basic_string<_CharT, _Traits, _Allocator> std::operator+(std::__cxx11::basic_string<_CharT, _Traits, _Allocator>&&, _CharT)\xe2\x80\x99\n'}
[2.658968] (test_publisher) StderrLine: {'line': b' 6212 |     operator+(basic_string<_CharT, _Traits, _Alloc>&& __lhs,\n'}
[2.659011] (test_publisher) StderrLine: {'line': b'      |     ^~~~~~~~\n'}
[2.659084] (test_publisher) StderrLine: {'line': b'/usr/include/c++/11/bits/basic_string.h:6212:5: note:   template argument deduction/substitution failed:\n'}
[2.659145] (test_publisher) StderrLine: {'line': b'/home/robot33-6/student133_ws/src/test_publisher/src/test_publisher_node.cpp:46:43: note:   candidate expects 2 arguments, 1 provided\n'}
[2.659189] (test_publisher) StderrLine: {'line': b'   46 |     msg.data =  + std::to_string(counter++);\n'}
[2.659231] (test_publisher) StderrLine: {'line': b'      |                                           ^\n'}
[2.717136] (-) TimerEvent: {}
[2.817368] (-) TimerEvent: {}
[2.917583] (-) TimerEvent: {}
[3.017813] (-) TimerEvent: {}
[3.118059] (-) TimerEvent: {}
[3.218299] (-) TimerEvent: {}
[3.318528] (-) TimerEvent: {}
[3.418764] (-) TimerEvent: {}
[3.490502] (test_publisher) StderrLine: {'line': b'gmake[2]: *** [CMakeFiles/test_publisher_node.dir/build.make:76: CMakeFiles/test_publisher_node.dir/src/test_publisher_node.cpp.o] Error 1\n'}
[3.490744] (test_publisher) StderrLine: {'line': b'gmake[1]: *** [CMakeFiles/Makefile2:137: CMakeFiles/test_publisher_node.dir/all] Error 2\n'}
[3.490870] (test_publisher) StderrLine: {'line': b'gmake: *** [Makefile:146: all] Error 2\n'}
[3.492365] (test_publisher) CommandEnded: {'returncode': 2}
[3.518851] (-) TimerEvent: {}
[3.560947] (test_publisher) JobEnded: {'identifier': 'test_publisher', 'rc': 2}
[3.571319] (-) EventReactorShutdown: {}
