[0.251s] Invoking command in '/home/robot33-6/student133_ws/build/test_serial_communication': CMAKE_PREFIX_PATH=${CMAKE_PREFIX_PATH}:/opt/ros/humble /usr/bin/cmake /home/robot33-6/student133_ws/src/test_serial_communication -G CodeBlocks - Unix Makefiles -DCMAKE_BUILD_TYPE=Debug -DCMAKE_INSTALL_PREFIX=/home/robot33-6/student133_ws/install/test_serial_communication
[1.858s] -- The C compiler identification is GNU 11.4.0
[2.383s] -- The CXX compiler identification is GNU 11.4.0
[2.526s] -- Detecting C compiler ABI info
[2.736s] -- Detecting C compiler ABI info - done
[2.736s] -- Check for working C compiler: /usr/bin/cc - skipped
[2.736s] -- Detecting C compile features
[2.736s] -- Detecting C compile features - done
[2.736s] -- Detecting CXX compiler ABI info
[2.768s] -- Detecting CXX compiler ABI info - done
[2.778s] -- Check for working CXX compiler: /usr/bin/c++ - skipped
[2.779s] -- Detecting CXX compile features
[2.779s] -- Detecting CXX compile features - done
[2.852s] -- Found ament_cmake: 1.3.7 (/opt/ros/humble/share/ament_cmake/cmake)
[3.066s] -- Found Python3: /usr/bin/python3.10 (found version "3.10.12") found components: Interpreter 
[3.242s] -- Found rclcpp: 16.0.8 (/opt/ros/humble/share/rclcpp/cmake)
[3.333s] -- Found rosidl_generator_c: 3.1.5 (/opt/ros/humble/share/rosidl_generator_c/cmake)
[3.350s] -- Found rosidl_adapter: 3.1.5 (/opt/ros/humble/share/rosidl_adapter/cmake)
[3.361s] -- Found rosidl_generator_cpp: 3.1.5 (/opt/ros/humble/share/rosidl_generator_cpp/cmake)
[3.377s] -- Using all available rosidl_typesupport_c: rosidl_typesupport_fastrtps_c;rosidl_typesupport_introspection_c
[3.400s] -- Using all available rosidl_typesupport_cpp: rosidl_typesupport_fastrtps_cpp;rosidl_typesupport_introspection_cpp
[3.510s] -- Found rmw_implementation_cmake: 6.1.1 (/opt/ros/humble/share/rmw_implementation_cmake/cmake)
[3.514s] -- Found rmw_fastrtps_cpp: 6.2.6 (/opt/ros/humble/share/rmw_fastrtps_cpp/cmake)
[3.710s] -- Found OpenSSL: /usr/lib/x86_64-linux-gnu/libcrypto.so (found version "3.0.2")  
[3.743s] -- Found FastRTPS: /opt/ros/humble/include  
[3.781s] -- Using RMW implementation 'rmw_fastrtps_cpp' as default
[3.825s] -- Looking for pthread.h
[3.893s] -- Looking for pthread.h - found
[3.893s] -- Performing Test CMAKE_HAVE_LIBC_PTHREAD
[3.972s] -- Performing Test CMAKE_HAVE_LIBC_PTHREAD - Success
[3.973s] -- Found Threads: TRUE  
[4.199s] -- Found sensor_msgs: 4.2.3 (/opt/ros/humble/share/sensor_msgs/cmake)
[4.332s] -- Checking for module 'libserial'
[4.353s] --   Found libserial, version 1.0.0
[4.390s] -- Found ament_lint_auto: 0.12.10 (/opt/ros/humble/share/ament_lint_auto/cmake)
[4.494s] -- Added test 'cppcheck' to perform static code analysis on C / C++ code
[4.495s] -- Configured cppcheck include dirs: 
[4.495s] -- Configured cppcheck exclude dirs and/or files: 
[4.496s] -- Added test 'lint_cmake' to check CMake code style
[4.497s] -- Added test 'uncrustify' to check C / C++ code style
[4.497s] -- Configured uncrustify additional arguments: 
[4.498s] -- Added test 'xmllint' to check XML markup files
[4.499s] -- Configuring done
[4.538s] -- Generating done
[4.540s] -- Build files have been written to: /home/robot33-6/student133_ws/build/test_serial_communication
[4.547s] Invoked command in '/home/robot33-6/student133_ws/build/test_serial_communication' returned '0': CMAKE_PREFIX_PATH=${CMAKE_PREFIX_PATH}:/opt/ros/humble /usr/bin/cmake /home/robot33-6/student133_ws/src/test_serial_communication -G CodeBlocks - Unix Makefiles -DCMAKE_BUILD_TYPE=Debug -DCMAKE_INSTALL_PREFIX=/home/robot33-6/student133_ws/install/test_serial_communication
[4.548s] Invoking command in '/home/robot33-6/student133_ws/build/test_serial_communication': CMAKE_PREFIX_PATH=${CMAKE_PREFIX_PATH}:/opt/ros/humble /usr/bin/cmake --build /home/robot33-6/student133_ws/build/test_serial_communication -- -j8 -l8
[4.585s] [ 50%] Building CXX object CMakeFiles/test_serial_communication_node.dir/src/test_serial_communication_node.cpp.o
[6.774s] /home/robot33-6/student133_ws/src/test_serial_communication/src/test_serial_communication_node.cpp:95:2: error: expected ‘}’ at end of input
[6.775s]    95 | }
[6.775s]       |  ^
[6.775s] /home/robot33-6/student133_ws/src/test_serial_communication/src/test_serial_communication_node.cpp:11:39: note: to match this ‘{’
[6.775s]    11 | class TestSerial: public rclcpp::Node {
[6.775s]       |                                       ^
[6.780s] /home/robot33-6/student133_ws/src/test_serial_communication/src/test_serial_communication_node.cpp: In constructor ‘TestSerial::TestSerial()’:
[6.780s] /home/robot33-6/student133_ws/src/test_serial_communication/src/test_serial_communication_node.cpp:16:30: error: ‘std_msg’ was not declared in this scope; did you mean ‘std_msgs’?
[6.780s]    16 |       this->create_publisher<std_msg::msg::Int32>
[6.780s]       |                              ^~~~~~~
[6.780s]       |                              std_msgs
[6.780s] /home/robot33-6/student133_ws/src/test_serial_communication/src/test_serial_communication_node.cpp:16:13: error: parse error in template argument list
[6.780s]    16 |       this->create_publisher<std_msg::msg::Int32>
[6.780s]       |             ^~~~~~~~~~~~~~~~~~~~~~~~~~~~~~~~~~~~~
[6.780s] /home/robot33-6/student133_ws/src/test_serial_communication/src/test_serial_communication_node.cpp:17:7: error: no matching function for call to ‘TestSerial::create_publisher<<expression error> >(const char [4], int)’
[6.780s]    16 |       this->create_publisher<std_msg::msg::Int32>
[6.780s]       |       ~~~~~~~~~~~~~~~~~~~~~~~~~~~~~~~~~~~~~~~~~~~
[6.780s]    17 |       ("pot",10);
[6.780s]       |       ^~~~~~~~~~
[6.791s] In file included from /opt/ros/humble/include/rclcpp/rclcpp/executors/single_threaded_executor.hpp:28,
[6.791s]                  from /opt/ros/humble/include/rclcpp/rclcpp/executors.hpp:22,
[6.791s]                  from /opt/ros/humble/include/rclcpp/rclcpp/rclcpp.hpp:155,
[6.791s]                  from /home/robot33-6/student133_ws/src/test_serial_communication/src/test_serial_communication_node.cpp:1:
[6.791s] /opt/ros/humble/include/rclcpp/rclcpp/node.hpp:195:3: note: candidate: ‘template<class MessageT, class AllocatorT, class PublisherT> std::shared_ptr<PublisherT> rclcpp::Node::create_publisher(const string&, const rclcpp::QoS&, const rclcpp::PublisherOptionsWithAllocator<AllocatorT>&)’
[6.791s]   195 |   create_publisher(
[6.791s]       |   ^~~~~~~~~~~~~~~~
[6.791s] /opt/ros/humble/include/rclcpp/rclcpp/node.hpp:195:3: note:   template argument deduction/substitution failed:
[6.792s] /home/robot33-6/student133_ws/src/test_serial_communication/src/test_serial_communication_node.cpp:17:7: error: template argument 1 is invalid
[6.792s]    16 |       this->create_publisher<std_msg::msg::Int32>
[6.792s]       |       ~~~~~~~~~~~~~~~~~~~~~~~~~~~~~~~~~~~~~~~~~~~
[6.792s]    17 |       ("pot",10);
[6.792s]       |       ^~~~~~~~~~
[6.792s] /home/robot33-6/student133_ws/src/test_serial_communication/src/test_serial_communication_node.cpp:22:17: error: ‘class LibSerial::SerialStream’ has no member named ‘SetBaundRate’; did you mean ‘SetBaudRate’?
[6.792s]    22 |   serial_stream.SetBaundRate(
[6.792s]       |                 ^~~~~~~~~~~~
[6.792s]       |                 SetBaudRate
[6.792s] /home/robot33-6/student133_ws/src/test_serial_communication/src/test_serial_communication_node.cpp:23:9: error: ‘BaundRate’ has not been declared
[6.792s]    23 |         BaundRate::BAUND_115200);
[6.792s]       |         ^~~~~~~~~
[6.801s] /home/robot33-6/student133_ws/src/test_serial_communication/src/test_serial_communication_node.cpp: In member function ‘void TestSerial::timer_callback()’:
[6.801s] /home/robot33-6/student133_ws/src/test_serial_communication/src/test_serial_communication_node.cpp:51:74: error: expected ‘)’ before ‘;’ token
[6.801s]    51 |     pot =std::stoi(income_str.substr( income_str.find(","+1, num_lenght));
[6.801s]       |                                                                          ^
[6.802s] /home/robot33-6/student133_ws/src/test_serial_communication/src/test_serial_communication_node.cpp:51:19: note: to match this ‘(’
[6.802s]    51 |     pot =std::stoi(income_str.substr( income_str.find(","+1, num_lenght));
[6.802s]       |                   ^
[6.806s] /home/robot33-6/student133_ws/src/test_serial_communication/src/test_serial_communication_node.cpp: In member function ‘int TestSerial::main(int, char**)’:
[6.806s] /home/robot33-6/student133_ws/src/test_serial_communication/src/test_serial_communication_node.cpp:95:1: warning: no return statement in function returning non-void [-Wreturn-type]
[6.806s]    95 | }
[6.806s]       | ^
[6.806s] /home/robot33-6/student133_ws/src/test_serial_communication/src/test_serial_communication_node.cpp: At global scope:
[6.806s] /home/robot33-6/student133_ws/src/test_serial_communication/src/test_serial_communication_node.cpp:95:2: error: expected unqualified-id at end of input
[6.806s]    95 | }
[6.806s]       |  ^
[7.556s] gmake[2]: *** [CMakeFiles/test_serial_communication_node.dir/build.make:76: CMakeFiles/test_serial_communication_node.dir/src/test_serial_communication_node.cpp.o] Error 1
[7.556s] gmake[1]: *** [CMakeFiles/Makefile2:137: CMakeFiles/test_serial_communication_node.dir/all] Error 2
[7.556s] gmake: *** [Makefile:146: all] Error 2
[7.557s] Invoked command in '/home/robot33-6/student133_ws/build/test_serial_communication' returned '2': CMAKE_PREFIX_PATH=${CMAKE_PREFIX_PATH}:/opt/ros/humble /usr/bin/cmake --build /home/robot33-6/student133_ws/build/test_serial_communication -- -j8 -l8
