[0.102s] Invoking command in '/home/robot33-6/student133_ws/build/test_service': CMAKE_PREFIX_PATH=${CMAKE_PREFIX_PATH}:/opt/ros/humble /usr/bin/cmake --build /home/robot33-6/student133_ws/build/test_service -- -j8 -l8
[0.220s] [ 50%] Building CXX object CMakeFiles/test_service_node.dir/src/test_service_node.cpp.o
[0.532s] /home/robot33-6/student133_ws/src/test_service/src/test_service_node.cpp:2:10: fatal error: test_custom_srv/srv/circle.hpp: No such file or directory
[0.532s]     2 | #include "test_custom_srv/srv/circle.hpp" // локальная деректория
[0.532s]       |          ^~~~~~~~~~~~~~~~~~~~~~~~~~~~~~~~
[0.532s] compilation terminated.
[0.535s] gmake[2]: *** [CMakeFiles/test_service_node.dir/build.make:76: CMakeFiles/test_service_node.dir/src/test_service_node.cpp.o] Error 1
[0.535s] gmake[1]: *** [CMakeFiles/Makefile2:137: CMakeFiles/test_service_node.dir/all] Error 2
[0.536s] gmake: *** [Makefile:146: all] Error 2
[0.537s] Invoked command in '/home/robot33-6/student133_ws/build/test_service' returned '2': CMAKE_PREFIX_PATH=${CMAKE_PREFIX_PATH}:/opt/ros/humble /usr/bin/cmake --build /home/robot33-6/student133_ws/build/test_service -- -j8 -l8
