Consolidate compiler generated dependencies of target test_custom_publisher_node
[ 50%] Building CXX object CMakeFiles/test_custom_publisher_node.dir/src/test_custom_publisher.cpp.o
/home/robot33-6/student133_ws/src/test_custom_publisher/src/test_custom_publisher.cpp: In constructor ‘CustomPublisher::CustomPublisher()’:
/home/robot33-6/student133_ws/src/test_custom_publisher/src/test_custom_publisher.cpp:13:32: error: no matching function for call to ‘CustomPublisher::create_wall_timer(CustomPublisher*, std::_Bind_helper<false, void (CustomPublisher::*)(), CustomPublisher*>::type)’
   13 |         this->create_wall_timer(this,
      |         ~~~~~~~~~~~~~~~~~~~~~~~^~~~~~
   14 |                                 std::bind(&CustomPublisher::
      |                                 ~~~~~~~~~~~~~~~~~~~~~~~~~~~~
   15 |                                           timer_callback, this));
      |                                           ~~~~~~~~~~~~~~~~~~~~~~
In file included from /opt/ros/humble/include/rclcpp/rclcpp/executors/single_threaded_executor.hpp:28,
                 from /opt/ros/humble/include/rclcpp/rclcpp/executors.hpp:22,
                 from /opt/ros/humble/include/rclcpp/rclcpp/rclcpp.hpp:155,
                 from /home/robot33-6/student133_ws/src/test_custom_publisher/src/test_custom_publisher.cpp:1:
/opt/ros/humble/include/rclcpp/rclcpp/node.hpp:238:3: note: candidate: ‘template<class DurationRepT, class DurationT, class CallbackT> typename rclcpp::WallTimer<CallbackT>::SharedPtr rclcpp::Node::create_wall_timer(std::chrono::duration<_Rep1, _Period1>, CallbackT, rclcpp::CallbackGroup::SharedPtr)’
  238 |   create_wall_timer(
      |   ^~~~~~~~~~~~~~~~~
/opt/ros/humble/include/rclcpp/rclcpp/node.hpp:238:3: note:   template argument deduction/substitution failed:
/home/robot33-6/student133_ws/src/test_custom_publisher/src/test_custom_publisher.cpp:13:32: note:   mismatched types ‘std::chrono::duration<_Rep1, _Period1>’ and ‘CustomPublisher*’
   13 |         this->create_wall_timer(this,
      |         ~~~~~~~~~~~~~~~~~~~~~~~^~~~~~
   14 |                                 std::bind(&CustomPublisher::
      |                                 ~~~~~~~~~~~~~~~~~~~~~~~~~~~~
   15 |                                           timer_callback, this));
      |                                           ~~~~~~~~~~~~~~~~~~~~~~
gmake[2]: *** [CMakeFiles/test_custom_publisher_node.dir/build.make:76: CMakeFiles/test_custom_publisher_node.dir/src/test_custom_publisher.cpp.o] Error 1
gmake[1]: *** [CMakeFiles/Makefile2:137: CMakeFiles/test_custom_publisher_node.dir/all] Error 2
gmake: *** [Makefile:146: all] Error 2
