[0.212s] Invoking command in '/home/robot33-6/student133_ws/build/test_custom_publisher': CMAKE_PREFIX_PATH=${CMAKE_PREFIX_PATH}:/opt/ros/humble /usr/bin/cmake --build /home/robot33-6/student133_ws/build/test_custom_publisher -- -j8 -l8
[0.254s] Consolidate compiler generated dependencies of target test_custom_publisher_node
[0.274s] [ 50%] Building CXX object CMakeFiles/test_custom_publisher_node.dir/src/test_custom_publisher.cpp.o
[2.203s] /home/robot33-6/student133_ws/src/test_custom_publisher/src/test_custom_publisher.cpp: In constructor ‘CustomPublisher::CustomPublisher()’:
[2.203s] /home/robot33-6/student133_ws/src/test_custom_publisher/src/test_custom_publisher.cpp:13:32: error: no matching function for call to ‘CustomPublisher::create_wall_timer(CustomPublisher*, std::_Bind_helper<false, void (CustomPublisher::*)(), CustomPublisher*>::type)’
[2.203s]    13 |         this->create_wall_timer(this,
[2.203s]       |         ~~~~~~~~~~~~~~~~~~~~~~~^~~~~~
[2.204s]    14 |                                 std::bind(&CustomPublisher::
[2.204s]       |                                 ~~~~~~~~~~~~~~~~~~~~~~~~~~~~
[2.204s]    15 |                                           timer_callback, this));
[2.204s]       |                                           ~~~~~~~~~~~~~~~~~~~~~~
[2.204s] In file included from /opt/ros/humble/include/rclcpp/rclcpp/executors/single_threaded_executor.hpp:28,
[2.204s]                  from /opt/ros/humble/include/rclcpp/rclcpp/executors.hpp:22,
[2.204s]                  from /opt/ros/humble/include/rclcpp/rclcpp/rclcpp.hpp:155,
[2.204s]                  from /home/robot33-6/student133_ws/src/test_custom_publisher/src/test_custom_publisher.cpp:1:
[2.204s] /opt/ros/humble/include/rclcpp/rclcpp/node.hpp:238:3: note: candidate: ‘template<class DurationRepT, class DurationT, class CallbackT> typename rclcpp::WallTimer<CallbackT>::SharedPtr rclcpp::Node::create_wall_timer(std::chrono::duration<_Rep1, _Period1>, CallbackT, rclcpp::CallbackGroup::SharedPtr)’
[2.204s]   238 |   create_wall_timer(
[2.204s]       |   ^~~~~~~~~~~~~~~~~
[2.204s] /opt/ros/humble/include/rclcpp/rclcpp/node.hpp:238:3: note:   template argument deduction/substitution failed:
[2.204s] /home/robot33-6/student133_ws/src/test_custom_publisher/src/test_custom_publisher.cpp:13:32: note:   mismatched types ‘std::chrono::duration<_Rep1, _Period1>’ and ‘CustomPublisher*’
[2.205s]    13 |         this->create_wall_timer(this,
[2.205s]       |         ~~~~~~~~~~~~~~~~~~~~~~~^~~~~~
[2.205s]    14 |                                 std::bind(&CustomPublisher::
[2.205s]       |                                 ~~~~~~~~~~~~~~~~~~~~~~~~~~~~
[2.205s]    15 |                                           timer_callback, this));
[2.205s]       |                                           ~~~~~~~~~~~~~~~~~~~~~~
[3.010s] gmake[2]: *** [CMakeFiles/test_custom_publisher_node.dir/build.make:76: CMakeFiles/test_custom_publisher_node.dir/src/test_custom_publisher.cpp.o] Error 1
[3.010s] gmake[1]: *** [CMakeFiles/Makefile2:137: CMakeFiles/test_custom_publisher_node.dir/all] Error 2
[3.010s] gmake: *** [Makefile:146: all] Error 2
[3.011s] Invoked command in '/home/robot33-6/student133_ws/build/test_custom_publisher' returned '2': CMAKE_PREFIX_PATH=${CMAKE_PREFIX_PATH}:/opt/ros/humble /usr/bin/cmake --build /home/robot33-6/student133_ws/build/test_custom_publisher -- -j8 -l8
