[0.032s] Invoking command in '/home/robot33-6/student133_ws/build/custom_counter': CMAKE_PREFIX_PATH=${CMAKE_PREFIX_PATH}:/opt/ros/humble /usr/bin/cmake --build /home/robot33-6/student133_ws/build/custom_counter -- -j8 -l8
[0.102s] Consolidate compiler generated dependencies of target custom_counter_node
[0.102s] [ 50%] Building CXX object CMakeFiles/custom_counter_node.dir/src/custom_counter_node.cpp.o
[2.257s] /home/robot33-6/student133_ws/src/custom_counter/src/custom_counter_node.cpp:65:3: error: expected ‘;’ after class definition
[2.257s]    65 | }}
[2.257s]       |   ^
[2.257s]       |   ;
[2.274s] /home/robot33-6/student133_ws/src/custom_counter/src/custom_counter_node.cpp: In member function ‘int TestCounter::main(int, char**)’:
[2.274s] /home/robot33-6/student133_ws/src/custom_counter/src/custom_counter_node.cpp:65:1: warning: no return statement in function returning non-void [-Wreturn-type]
[2.274s]    65 | }}
[2.275s]       | ^
[3.923s] gmake[2]: *** [CMakeFiles/custom_counter_node.dir/build.make:76: CMakeFiles/custom_counter_node.dir/src/custom_counter_node.cpp.o] Error 1
[3.923s] gmake[1]: *** [CMakeFiles/Makefile2:137: CMakeFiles/custom_counter_node.dir/all] Error 2
[3.923s] gmake: *** [Makefile:146: all] Error 2
[3.925s] Invoked command in '/home/robot33-6/student133_ws/build/custom_counter' returned '2': CMAKE_PREFIX_PATH=${CMAKE_PREFIX_PATH}:/opt/ros/humble /usr/bin/cmake --build /home/robot33-6/student133_ws/build/custom_counter -- -j8 -l8
