[0.000000] (-) TimerEvent: {}
[0.000408] (custom_counter) JobQueued: {'identifier': 'custom_counter', 'dependencies': OrderedDict()}
[0.001052] (test_basic_publisher) JobQueued: {'identifier': 'test_basic_publisher', 'dependencies': OrderedDict()}
[0.001097] (test_client) JobQueued: {'identifier': 'test_client', 'dependencies': OrderedDict()}
[0.001131] (test_custom_msg) JobQueued: {'identifier': 'test_custom_msg', 'dependencies': OrderedDict()}
[0.001165] (test_custom_publisher) JobQueued: {'identifier': 'test_custom_publisher', 'dependencies': OrderedDict()}
[0.001197] (test_custom_srv) JobQueued: {'identifier': 'test_custom_srv', 'dependencies': OrderedDict()}
[0.001229] (test_parameters) JobQueued: {'identifier': 'test_parameters', 'dependencies': OrderedDict()}
[0.001261] (test_pkg) JobQueued: {'identifier': 'test_pkg', 'dependencies': OrderedDict()}
[0.001307] (test_publisher) JobQueued: {'identifier': 'test_publisher', 'dependencies': OrderedDict()}
[0.002361] (test_service) JobQueued: {'identifier': 'test_service', 'dependencies': OrderedDict()}
[0.002666] (test_subscriber) JobQueued: {'identifier': 'test_subscriber', 'dependencies': OrderedDict()}
[0.002713] (test_tf_broadcaster) JobQueued: {'identifier': 'test_tf_broadcaster', 'dependencies': OrderedDict()}
[0.002750] (test_visualization) JobQueued: {'identifier': 'test_visualization', 'dependencies': OrderedDict()}
[0.002787] (custom_counter) JobStarted: {'identifier': 'custom_counter'}
[0.014170] (test_basic_publisher) JobStarted: {'identifier': 'test_basic_publisher'}
[0.022151] (test_client) JobStarted: {'identifier': 'test_client'}
[0.030339] (test_custom_msg) JobStarted: {'identifier': 'test_custom_msg'}
[0.038554] (test_custom_publisher) JobStarted: {'identifier': 'test_custom_publisher'}
[0.046472] (test_custom_srv) JobStarted: {'identifier': 'test_custom_srv'}
[0.054846] (test_parameters) JobStarted: {'identifier': 'test_parameters'}
[0.062971] (test_pkg) JobStarted: {'identifier': 'test_pkg'}
[0.076178] (custom_counter) JobProgress: {'identifier': 'custom_counter', 'progress': 'cmake'}
[0.078456] (custom_counter) JobProgress: {'identifier': 'custom_counter', 'progress': 'build'}
[0.078604] (custom_counter) Command: {'cmd': ['/usr/bin/cmake', '--build', '/home/eragon/student133_ws/build/custom_counter', '--', '-j8', '-l8'], 'cwd': '/home/eragon/student133_ws/build/custom_counter', 'env': OrderedDict([('GJS_DEBUG_TOPICS', 'JS ERROR;JS LOG'), ('LANGUAGE', 'ru'), ('LC_TIME', 'ru_RU.UTF-8'), ('USER', 'eragon'), ('XDG_SESSION_TYPE', 'wayland'), ('LD_LIBRARY_PATH', '/home/eragon/student133_ws/install/test_custom_srv/lib:/home/eragon/student133_ws/install/test_custom_msg/lib:/opt/ros/humble/opt/rviz_ogre_vendor/lib:/opt/ros/humble/lib/x86_64-linux-gnu:/opt/ros/humble/lib'), ('SHLVL', '1'), ('HOME', '/home/eragon'), ('DESKTOP_SESSION', 'ubuntu'), ('QTDIR', '/usr/lib/x86_64-linux-gnu/qt5'), ('GIO_LAUNCHED_DESKTOP_FILE', '/home/eragon/.local/share/applications/org.qt-project.qtcreator.desktop'), ('GNOME_SHELL_SESSION_MODE', 'ubuntu'), ('GTK_MODULES', 'gail:atk-bridge'), ('ROS_PYTHON_VERSION', '3'), ('LC_MONETARY', 'ru_RU.UTF-8'), ('MANAGERPID', '876'), ('DBUS_SESSION_BUS_ADDRESS', 'unix:path'), ('SYSTEMD_EXEC_PID', '1057'), ('GIO_LAUNCHED_DESKTOP_FILE_PID', '1927'), ('COLCON_PREFIX_PATH', '/home/eragon/student133_ws/install'), ('IM_CONFIG_PHASE', '1'), ('ROS_DISTRO', 'humble'), ('WAYLAND_DISPLAY', 'wayland-0'), ('LOGNAME', 'eragon'), ('JOURNAL_STREAM', '8:6614'), ('_', '/usr/bin/env'), ('ROS_VERSION', '2'), ('XDG_SESSION_CLASS', 'user'), ('QSG_RHI_BACKEND', 'opengl'), ('USERNAME', 'eragon'), ('GNOME_DESKTOP_SESSION_ID', 'this-is-deprecated'), ('ROS_LOCALHOST_ONLY', '0'), ('PATH', '/opt/ros/humble/bin:/home/eragon/.local/bin:/usr/local/sbin:/usr/local/bin:/usr/sbin:/usr/bin:/sbin:/bin:/usr/games:/usr/local/games:/snap/bin:/snap/bin'), ('INVOCATION_ID', 'b18f9fdae77342fc8d74a505188f4ffa'), ('PAPERSIZE', 'a4'), ('SESSION_MANAGER', 'local/eragon-KPL-W0X:@/tmp/.ICE-unix/1024,unix/eragon-KPL-W0X:/tmp/.ICE-unix/1024'), ('GNOME_SETUP_DISPLAY', ':1'), ('LC_ADDRESS', 'ru_RU.UTF-8'), ('XDG_MENU_PREFIX', 'gnome-'), ('XDG_RUNTIME_DIR', '/run/user/1000'), ('DISPLAY', ':0'), ('LANG', 'ru_RU.UTF-8'), ('LC_TELEPHONE', 'ru_RU.UTF-8'), ('XDG_CURRENT_DESKTOP', 'ubuntu:GNOME'), ('XAUTHORITY', '/run/user/1000/.mutter-Xwaylandauth.N2KFX2'), ('XDG_SESSION_DESKTOP', 'ubuntu'), ('XMODIFIERS', '@im'), ('AMENT_PREFIX_PATH', '/home/eragon/student133_ws/install/test_visualization:/home/eragon/student133_ws/install/test_tf_broadcaster:/home/eragon/student133_ws/install/test_subscriber:/home/eragon/student133_ws/install/test_service:/home/eragon/student133_ws/install/test_serial_communication:/home/eragon/student133_ws/install/test_publisher:/home/eragon/student133_ws/install/test_pkg:/home/eragon/student133_ws/install/test_parameters:/home/eragon/student133_ws/install/test_custom_srv:/home/eragon/student133_ws/install/test_custom_publisher:/home/eragon/student133_ws/install/test_custom_msg:/home/eragon/student133_ws/install/test_client:/home/eragon/student133_ws/install/test_castom_publisher:/home/eragon/student133_ws/install/test_basic_publisher:/home/eragon/student133_ws/install/custom_counter:/opt/ros/humble'), ('SSH_AGENT_LAUNCHER', 'gnome-keyring'), ('SSH_AUTH_SOCK', '/run/user/1000/keyring/ssh'), ('LC_NAME', 'ru_RU.UTF-8'), ('SHELL', '/bin/bash'), ('GDMSESSION', 'ubuntu'), ('QT_ACCESSIBILITY', '1'), ('LC_MEASUREMENT', 'ru_RU.UTF-8'), ('GJS_DEBUG_OUTPUT', 'stderr'), ('LC_IDENTIFICATION', 'ru_RU.UTF-8'), ('QT_IM_MODULE', 'ibus'), ('LC_ALL', 'en_US.UTF-8'), ('PWD', '/home/eragon/student133_ws/build/custom_counter'), ('QT_QPA_PLATFORM', 'xcb'), ('XDG_CONFIG_DIRS', '/etc/xdg/xdg-ubuntu:/etc/xdg'), ('XDG_DATA_DIRS', '/usr/share/ubuntu:/usr/local/share/:/usr/share/:/var/lib/snapd/desktop'), ('LC_NUMERIC', 'ru_RU.UTF-8'), ('PYTHONPATH', '/home/eragon/student133_ws/install/test_custom_srv/local/lib/python3.10/dist-packages:/home/eragon/student133_ws/install/test_custom_msg/local/lib/python3.10/dist-packages:/opt/ros/humble/lib/python3.10/site-packages:/opt/ros/humble/local/lib/python3.10/dist-packages'), ('LC_PAPER', 'ru_RU.UTF-8'), ('COLCON', '1'), ('CMAKE_PREFIX_PATH', '/home/eragon/student133_ws/install/test_visualization:/home/eragon/student133_ws/install/test_tf_broadcaster:/home/eragon/student133_ws/install/test_subscriber:/home/eragon/student133_ws/install/test_service:/home/eragon/student133_ws/install/test_serial_communication:/home/eragon/student133_ws/install/test_publisher:/home/eragon/student133_ws/install/test_pkg:/home/eragon/student133_ws/install/test_parameters:/home/eragon/student133_ws/install/test_custom_srv:/home/eragon/student133_ws/install/test_custom_publisher:/home/eragon/student133_ws/install/test_custom_msg:/home/eragon/student133_ws/install/test_client:/home/eragon/student133_ws/install/test_castom_publisher:/home/eragon/student133_ws/install/test_basic_publisher:/home/eragon/student133_ws/install/custom_counter:/opt/ros/humble')]), 'shell': False}
[0.081950] (test_basic_publisher) JobProgress: {'identifier': 'test_basic_publisher', 'progress': 'cmake'}
[0.083284] (test_basic_publisher) JobProgress: {'identifier': 'test_basic_publisher', 'progress': 'build'}
[0.083435] (test_basic_publisher) Command: {'cmd': ['/usr/bin/cmake', '--build', '/home/eragon/student133_ws/build/test_basic_publisher', '--', '-j8', '-l8'], 'cwd': '/home/eragon/student133_ws/build/test_basic_publisher', 'env': OrderedDict([('GJS_DEBUG_TOPICS', 'JS ERROR;JS LOG'), ('LANGUAGE', 'ru'), ('LC_TIME', 'ru_RU.UTF-8'), ('USER', 'eragon'), ('XDG_SESSION_TYPE', 'wayland'), ('LD_LIBRARY_PATH', '/home/eragon/student133_ws/install/test_custom_srv/lib:/home/eragon/student133_ws/install/test_custom_msg/lib:/opt/ros/humble/opt/rviz_ogre_vendor/lib:/opt/ros/humble/lib/x86_64-linux-gnu:/opt/ros/humble/lib'), ('SHLVL', '1'), ('HOME', '/home/eragon'), ('DESKTOP_SESSION', 'ubuntu'), ('QTDIR', '/usr/lib/x86_64-linux-gnu/qt5'), ('GIO_LAUNCHED_DESKTOP_FILE', '/home/eragon/.local/share/applications/org.qt-project.qtcreator.desktop'), ('GNOME_SHELL_SESSION_MODE', 'ubuntu'), ('GTK_MODULES', 'gail:atk-bridge'), ('ROS_PYTHON_VERSION', '3'), ('LC_MONETARY', 'ru_RU.UTF-8'), ('MANAGERPID', '876'), ('DBUS_SESSION_BUS_ADDRESS', 'unix:path'), ('SYSTEMD_EXEC_PID', '1057'), ('GIO_LAUNCHED_DESKTOP_FILE_PID', '1927'), ('COLCON_PREFIX_PATH', '/home/eragon/student133_ws/install'), ('IM_CONFIG_PHASE', '1'), ('ROS_DISTRO', 'humble'), ('WAYLAND_DISPLAY', 'wayland-0'), ('LOGNAME', 'eragon'), ('JOURNAL_STREAM', '8:6614'), ('_', '/usr/bin/env'), ('ROS_VERSION', '2'), ('XDG_SESSION_CLASS', 'user'), ('QSG_RHI_BACKEND', 'opengl'), ('USERNAME', 'eragon'), ('GNOME_DESKTOP_SESSION_ID', 'this-is-deprecated'), ('ROS_LOCALHOST_ONLY', '0'), ('PATH', '/opt/ros/humble/bin:/home/eragon/.local/bin:/usr/local/sbin:/usr/local/bin:/usr/sbin:/usr/bin:/sbin:/bin:/usr/games:/usr/local/games:/snap/bin:/snap/bin'), ('INVOCATION_ID', 'b18f9fdae77342fc8d74a505188f4ffa'), ('PAPERSIZE', 'a4'), ('SESSION_MANAGER', 'local/eragon-KPL-W0X:@/tmp/.ICE-unix/1024,unix/eragon-KPL-W0X:/tmp/.ICE-unix/1024'), ('GNOME_SETUP_DISPLAY', ':1'), ('LC_ADDRESS', 'ru_RU.UTF-8'), ('XDG_MENU_PREFIX', 'gnome-'), ('XDG_RUNTIME_DIR', '/run/user/1000'), ('DISPLAY', ':0'), ('LANG', 'ru_RU.UTF-8'), ('LC_TELEPHONE', 'ru_RU.UTF-8'), ('XDG_CURRENT_DESKTOP', 'ubuntu:GNOME'), ('XAUTHORITY', '/run/user/1000/.mutter-Xwaylandauth.N2KFX2'), ('XDG_SESSION_DESKTOP', 'ubuntu'), ('XMODIFIERS', '@im'), ('AMENT_PREFIX_PATH', '/home/eragon/student133_ws/install/test_visualization:/home/eragon/student133_ws/install/test_tf_broadcaster:/home/eragon/student133_ws/install/test_subscriber:/home/eragon/student133_ws/install/test_service:/home/eragon/student133_ws/install/test_serial_communication:/home/eragon/student133_ws/install/test_publisher:/home/eragon/student133_ws/install/test_pkg:/home/eragon/student133_ws/install/test_parameters:/home/eragon/student133_ws/install/test_custom_srv:/home/eragon/student133_ws/install/test_custom_publisher:/home/eragon/student133_ws/install/test_custom_msg:/home/eragon/student133_ws/install/test_client:/home/eragon/student133_ws/install/test_castom_publisher:/home/eragon/student133_ws/install/test_basic_publisher:/home/eragon/student133_ws/install/custom_counter:/opt/ros/humble'), ('SSH_AGENT_LAUNCHER', 'gnome-keyring'), ('SSH_AUTH_SOCK', '/run/user/1000/keyring/ssh'), ('LC_NAME', 'ru_RU.UTF-8'), ('SHELL', '/bin/bash'), ('GDMSESSION', 'ubuntu'), ('QT_ACCESSIBILITY', '1'), ('LC_MEASUREMENT', 'ru_RU.UTF-8'), ('GJS_DEBUG_OUTPUT', 'stderr'), ('LC_IDENTIFICATION', 'ru_RU.UTF-8'), ('QT_IM_MODULE', 'ibus'), ('LC_ALL', 'en_US.UTF-8'), ('PWD', '/home/eragon/student133_ws/build/test_basic_publisher'), ('QT_QPA_PLATFORM', 'xcb'), ('XDG_CONFIG_DIRS', '/etc/xdg/xdg-ubuntu:/etc/xdg'), ('XDG_DATA_DIRS', '/usr/share/ubuntu:/usr/local/share/:/usr/share/:/var/lib/snapd/desktop'), ('LC_NUMERIC', 'ru_RU.UTF-8'), ('PYTHONPATH', '/home/eragon/student133_ws/install/test_custom_srv/local/lib/python3.10/dist-packages:/home/eragon/student133_ws/install/test_custom_msg/local/lib/python3.10/dist-packages:/opt/ros/humble/lib/python3.10/site-packages:/opt/ros/humble/local/lib/python3.10/dist-packages'), ('LC_PAPER', 'ru_RU.UTF-8'), ('COLCON', '1'), ('CMAKE_PREFIX_PATH', '/home/eragon/student133_ws/install/test_visualization:/home/eragon/student133_ws/install/test_tf_broadcaster:/home/eragon/student133_ws/install/test_subscriber:/home/eragon/student133_ws/install/test_service:/home/eragon/student133_ws/install/test_serial_communication:/home/eragon/student133_ws/install/test_publisher:/home/eragon/student133_ws/install/test_pkg:/home/eragon/student133_ws/install/test_parameters:/home/eragon/student133_ws/install/test_custom_srv:/home/eragon/student133_ws/install/test_custom_publisher:/home/eragon/student133_ws/install/test_custom_msg:/home/eragon/student133_ws/install/test_client:/home/eragon/student133_ws/install/test_castom_publisher:/home/eragon/student133_ws/install/test_basic_publisher:/home/eragon/student133_ws/install/custom_counter:/opt/ros/humble')]), 'shell': False}
[0.088149] (test_client) JobProgress: {'identifier': 'test_client', 'progress': 'cmake'}
[0.089164] (test_client) JobProgress: {'identifier': 'test_client', 'progress': 'build'}
[0.090571] (test_client) Command: {'cmd': ['/usr/bin/cmake', '--build', '/home/eragon/student133_ws/build/test_client', '--', '-j8', '-l8'], 'cwd': '/home/eragon/student133_ws/build/test_client', 'env': OrderedDict([('GJS_DEBUG_TOPICS', 'JS ERROR;JS LOG'), ('LANGUAGE', 'ru'), ('LC_TIME', 'ru_RU.UTF-8'), ('USER', 'eragon'), ('XDG_SESSION_TYPE', 'wayland'), ('LD_LIBRARY_PATH', '/home/eragon/student133_ws/install/test_custom_srv/lib:/home/eragon/student133_ws/install/test_custom_msg/lib:/opt/ros/humble/opt/rviz_ogre_vendor/lib:/opt/ros/humble/lib/x86_64-linux-gnu:/opt/ros/humble/lib'), ('SHLVL', '1'), ('HOME', '/home/eragon'), ('DESKTOP_SESSION', 'ubuntu'), ('QTDIR', '/usr/lib/x86_64-linux-gnu/qt5'), ('GIO_LAUNCHED_DESKTOP_FILE', '/home/eragon/.local/share/applications/org.qt-project.qtcreator.desktop'), ('GNOME_SHELL_SESSION_MODE', 'ubuntu'), ('GTK_MODULES', 'gail:atk-bridge'), ('ROS_PYTHON_VERSION', '3'), ('LC_MONETARY', 'ru_RU.UTF-8'), ('MANAGERPID', '876'), ('DBUS_SESSION_BUS_ADDRESS', 'unix:path'), ('SYSTEMD_EXEC_PID', '1057'), ('GIO_LAUNCHED_DESKTOP_FILE_PID', '1927'), ('COLCON_PREFIX_PATH', '/home/eragon/student133_ws/install'), ('IM_CONFIG_PHASE', '1'), ('ROS_DISTRO', 'humble'), ('WAYLAND_DISPLAY', 'wayland-0'), ('LOGNAME', 'eragon'), ('JOURNAL_STREAM', '8:6614'), ('_', '/usr/bin/env'), ('ROS_VERSION', '2'), ('XDG_SESSION_CLASS', 'user'), ('QSG_RHI_BACKEND', 'opengl'), ('USERNAME', 'eragon'), ('GNOME_DESKTOP_SESSION_ID', 'this-is-deprecated'), ('ROS_LOCALHOST_ONLY', '0'), ('PATH', '/opt/ros/humble/bin:/home/eragon/.local/bin:/usr/local/sbin:/usr/local/bin:/usr/sbin:/usr/bin:/sbin:/bin:/usr/games:/usr/local/games:/snap/bin:/snap/bin'), ('INVOCATION_ID', 'b18f9fdae77342fc8d74a505188f4ffa'), ('PAPERSIZE', 'a4'), ('SESSION_MANAGER', 'local/eragon-KPL-W0X:@/tmp/.ICE-unix/1024,unix/eragon-KPL-W0X:/tmp/.ICE-unix/1024'), ('GNOME_SETUP_DISPLAY', ':1'), ('LC_ADDRESS', 'ru_RU.UTF-8'), ('XDG_MENU_PREFIX', 'gnome-'), ('XDG_RUNTIME_DIR', '/run/user/1000'), ('DISPLAY', ':0'), ('LANG', 'ru_RU.UTF-8'), ('LC_TELEPHONE', 'ru_RU.UTF-8'), ('XDG_CURRENT_DESKTOP', 'ubuntu:GNOME'), ('XAUTHORITY', '/run/user/1000/.mutter-Xwaylandauth.N2KFX2'), ('XDG_SESSION_DESKTOP', 'ubuntu'), ('XMODIFIERS', '@im'), ('AMENT_PREFIX_PATH', '/home/eragon/student133_ws/install/test_visualization:/home/eragon/student133_ws/install/test_tf_broadcaster:/home/eragon/student133_ws/install/test_subscriber:/home/eragon/student133_ws/install/test_service:/home/eragon/student133_ws/install/test_serial_communication:/home/eragon/student133_ws/install/test_publisher:/home/eragon/student133_ws/install/test_pkg:/home/eragon/student133_ws/install/test_parameters:/home/eragon/student133_ws/install/test_custom_srv:/home/eragon/student133_ws/install/test_custom_publisher:/home/eragon/student133_ws/install/test_custom_msg:/home/eragon/student133_ws/install/test_client:/home/eragon/student133_ws/install/test_castom_publisher:/home/eragon/student133_ws/install/test_basic_publisher:/home/eragon/student133_ws/install/custom_counter:/opt/ros/humble'), ('SSH_AGENT_LAUNCHER', 'gnome-keyring'), ('SSH_AUTH_SOCK', '/run/user/1000/keyring/ssh'), ('LC_NAME', 'ru_RU.UTF-8'), ('SHELL', '/bin/bash'), ('GDMSESSION', 'ubuntu'), ('QT_ACCESSIBILITY', '1'), ('LC_MEASUREMENT', 'ru_RU.UTF-8'), ('GJS_DEBUG_OUTPUT', 'stderr'), ('LC_IDENTIFICATION', 'ru_RU.UTF-8'), ('QT_IM_MODULE', 'ibus'), ('LC_ALL', 'en_US.UTF-8'), ('PWD', '/home/eragon/student133_ws/build/test_client'), ('QT_QPA_PLATFORM', 'xcb'), ('XDG_CONFIG_DIRS', '/etc/xdg/xdg-ubuntu:/etc/xdg'), ('XDG_DATA_DIRS', '/usr/share/ubuntu:/usr/local/share/:/usr/share/:/var/lib/snapd/desktop'), ('LC_NUMERIC', 'ru_RU.UTF-8'), ('PYTHONPATH', '/home/eragon/student133_ws/install/test_custom_srv/local/lib/python3.10/dist-packages:/home/eragon/student133_ws/install/test_custom_msg/local/lib/python3.10/dist-packages:/opt/ros/humble/lib/python3.10/site-packages:/opt/ros/humble/local/lib/python3.10/dist-packages'), ('LC_PAPER', 'ru_RU.UTF-8'), ('COLCON', '1'), ('CMAKE_PREFIX_PATH', '/home/eragon/student133_ws/install/test_visualization:/home/eragon/student133_ws/install/test_tf_broadcaster:/home/eragon/student133_ws/install/test_subscriber:/home/eragon/student133_ws/install/test_service:/home/eragon/student133_ws/install/test_serial_communication:/home/eragon/student133_ws/install/test_publisher:/home/eragon/student133_ws/install/test_pkg:/home/eragon/student133_ws/install/test_parameters:/home/eragon/student133_ws/install/test_custom_srv:/home/eragon/student133_ws/install/test_custom_publisher:/home/eragon/student133_ws/install/test_custom_msg:/home/eragon/student133_ws/install/test_client:/home/eragon/student133_ws/install/test_castom_publisher:/home/eragon/student133_ws/install/test_basic_publisher:/home/eragon/student133_ws/install/custom_counter:/opt/ros/humble')]), 'shell': False}
[0.095178] (test_custom_msg) JobProgress: {'identifier': 'test_custom_msg', 'progress': 'cmake'}
[0.097397] (test_custom_msg) JobProgress: {'identifier': 'test_custom_msg', 'progress': 'build'}
[0.097516] (test_custom_msg) Command: {'cmd': ['/usr/bin/cmake', '--build', '/home/eragon/student133_ws/build/test_custom_msg', '--', '-j8', '-l8'], 'cwd': '/home/eragon/student133_ws/build/test_custom_msg', 'env': OrderedDict([('GJS_DEBUG_TOPICS', 'JS ERROR;JS LOG'), ('LANGUAGE', 'ru'), ('LC_TIME', 'ru_RU.UTF-8'), ('USER', 'eragon'), ('XDG_SESSION_TYPE', 'wayland'), ('LD_LIBRARY_PATH', '/home/eragon/student133_ws/install/test_custom_srv/lib:/home/eragon/student133_ws/install/test_custom_msg/lib:/opt/ros/humble/opt/rviz_ogre_vendor/lib:/opt/ros/humble/lib/x86_64-linux-gnu:/opt/ros/humble/lib'), ('SHLVL', '1'), ('HOME', '/home/eragon'), ('DESKTOP_SESSION', 'ubuntu'), ('QTDIR', '/usr/lib/x86_64-linux-gnu/qt5'), ('GIO_LAUNCHED_DESKTOP_FILE', '/home/eragon/.local/share/applications/org.qt-project.qtcreator.desktop'), ('GNOME_SHELL_SESSION_MODE', 'ubuntu'), ('GTK_MODULES', 'gail:atk-bridge'), ('ROS_PYTHON_VERSION', '3'), ('LC_MONETARY', 'ru_RU.UTF-8'), ('MANAGERPID', '876'), ('DBUS_SESSION_BUS_ADDRESS', 'unix:path'), ('SYSTEMD_EXEC_PID', '1057'), ('GIO_LAUNCHED_DESKTOP_FILE_PID', '1927'), ('COLCON_PREFIX_PATH', '/home/eragon/student133_ws/install'), ('IM_CONFIG_PHASE', '1'), ('ROS_DISTRO', 'humble'), ('WAYLAND_DISPLAY', 'wayland-0'), ('LOGNAME', 'eragon'), ('JOURNAL_STREAM', '8:6614'), ('_', '/usr/bin/env'), ('ROS_VERSION', '2'), ('XDG_SESSION_CLASS', 'user'), ('QSG_RHI_BACKEND', 'opengl'), ('USERNAME', 'eragon'), ('GNOME_DESKTOP_SESSION_ID', 'this-is-deprecated'), ('ROS_LOCALHOST_ONLY', '0'), ('PATH', '/opt/ros/humble/bin:/home/eragon/.local/bin:/usr/local/sbin:/usr/local/bin:/usr/sbin:/usr/bin:/sbin:/bin:/usr/games:/usr/local/games:/snap/bin:/snap/bin'), ('INVOCATION_ID', 'b18f9fdae77342fc8d74a505188f4ffa'), ('PAPERSIZE', 'a4'), ('SESSION_MANAGER', 'local/eragon-KPL-W0X:@/tmp/.ICE-unix/1024,unix/eragon-KPL-W0X:/tmp/.ICE-unix/1024'), ('GNOME_SETUP_DISPLAY', ':1'), ('LC_ADDRESS', 'ru_RU.UTF-8'), ('XDG_MENU_PREFIX', 'gnome-'), ('XDG_RUNTIME_DIR', '/run/user/1000'), ('DISPLAY', ':0'), ('LANG', 'ru_RU.UTF-8'), ('LC_TELEPHONE', 'ru_RU.UTF-8'), ('XDG_CURRENT_DESKTOP', 'ubuntu:GNOME'), ('XAUTHORITY', '/run/user/1000/.mutter-Xwaylandauth.N2KFX2'), ('XDG_SESSION_DESKTOP', 'ubuntu'), ('XMODIFIERS', '@im'), ('AMENT_PREFIX_PATH', '/home/eragon/student133_ws/install/test_visualization:/home/eragon/student133_ws/install/test_tf_broadcaster:/home/eragon/student133_ws/install/test_subscriber:/home/eragon/student133_ws/install/test_service:/home/eragon/student133_ws/install/test_serial_communication:/home/eragon/student133_ws/install/test_publisher:/home/eragon/student133_ws/install/test_pkg:/home/eragon/student133_ws/install/test_parameters:/home/eragon/student133_ws/install/test_custom_srv:/home/eragon/student133_ws/install/test_custom_publisher:/home/eragon/student133_ws/install/test_custom_msg:/home/eragon/student133_ws/install/test_client:/home/eragon/student133_ws/install/test_castom_publisher:/home/eragon/student133_ws/install/test_basic_publisher:/home/eragon/student133_ws/install/custom_counter:/opt/ros/humble'), ('SSH_AGENT_LAUNCHER', 'gnome-keyring'), ('SSH_AUTH_SOCK', '/run/user/1000/keyring/ssh'), ('LC_NAME', 'ru_RU.UTF-8'), ('SHELL', '/bin/bash'), ('GDMSESSION', 'ubuntu'), ('QT_ACCESSIBILITY', '1'), ('LC_MEASUREMENT', 'ru_RU.UTF-8'), ('GJS_DEBUG_OUTPUT', 'stderr'), ('LC_IDENTIFICATION', 'ru_RU.UTF-8'), ('QT_IM_MODULE', 'ibus'), ('LC_ALL', 'en_US.UTF-8'), ('PWD', '/home/eragon/student133_ws/build/test_custom_msg'), ('QT_QPA_PLATFORM', 'xcb'), ('XDG_CONFIG_DIRS', '/etc/xdg/xdg-ubuntu:/etc/xdg'), ('XDG_DATA_DIRS', '/usr/share/ubuntu:/usr/local/share/:/usr/share/:/var/lib/snapd/desktop'), ('LC_NUMERIC', 'ru_RU.UTF-8'), ('PYTHONPATH', '/home/eragon/student133_ws/install/test_custom_srv/local/lib/python3.10/dist-packages:/home/eragon/student133_ws/install/test_custom_msg/local/lib/python3.10/dist-packages:/opt/ros/humble/lib/python3.10/site-packages:/opt/ros/humble/local/lib/python3.10/dist-packages'), ('LC_PAPER', 'ru_RU.UTF-8'), ('COLCON', '1'), ('CMAKE_PREFIX_PATH', '/home/eragon/student133_ws/install/test_visualization:/home/eragon/student133_ws/install/test_tf_broadcaster:/home/eragon/student133_ws/install/test_subscriber:/home/eragon/student133_ws/install/test_service:/home/eragon/student133_ws/install/test_serial_communication:/home/eragon/student133_ws/install/test_publisher:/home/eragon/student133_ws/install/test_pkg:/home/eragon/student133_ws/install/test_parameters:/home/eragon/student133_ws/install/test_custom_srv:/home/eragon/student133_ws/install/test_custom_publisher:/home/eragon/student133_ws/install/test_custom_msg:/home/eragon/student133_ws/install/test_client:/home/eragon/student133_ws/install/test_castom_publisher:/home/eragon/student133_ws/install/test_basic_publisher:/home/eragon/student133_ws/install/custom_counter:/opt/ros/humble')]), 'shell': False}
[0.099881] (-) TimerEvent: {}
[0.104004] (test_custom_publisher) JobProgress: {'identifier': 'test_custom_publisher', 'progress': 'cmake'}
[0.104132] (test_custom_publisher) JobProgress: {'identifier': 'test_custom_publisher', 'progress': 'build'}
[0.104180] (test_custom_publisher) Command: {'cmd': ['/usr/bin/cmake', '--build', '/home/eragon/student133_ws/build/test_custom_publisher', '--', '-j8', '-l8'], 'cwd': '/home/eragon/student133_ws/build/test_custom_publisher', 'env': OrderedDict([('GJS_DEBUG_TOPICS', 'JS ERROR;JS LOG'), ('LANGUAGE', 'ru'), ('LC_TIME', 'ru_RU.UTF-8'), ('USER', 'eragon'), ('XDG_SESSION_TYPE', 'wayland'), ('LD_LIBRARY_PATH', '/home/eragon/student133_ws/install/test_custom_srv/lib:/home/eragon/student133_ws/install/test_custom_msg/lib:/opt/ros/humble/opt/rviz_ogre_vendor/lib:/opt/ros/humble/lib/x86_64-linux-gnu:/opt/ros/humble/lib'), ('SHLVL', '1'), ('HOME', '/home/eragon'), ('DESKTOP_SESSION', 'ubuntu'), ('QTDIR', '/usr/lib/x86_64-linux-gnu/qt5'), ('GIO_LAUNCHED_DESKTOP_FILE', '/home/eragon/.local/share/applications/org.qt-project.qtcreator.desktop'), ('GNOME_SHELL_SESSION_MODE', 'ubuntu'), ('GTK_MODULES', 'gail:atk-bridge'), ('ROS_PYTHON_VERSION', '3'), ('LC_MONETARY', 'ru_RU.UTF-8'), ('MANAGERPID', '876'), ('DBUS_SESSION_BUS_ADDRESS', 'unix:path'), ('SYSTEMD_EXEC_PID', '1057'), ('GIO_LAUNCHED_DESKTOP_FILE_PID', '1927'), ('COLCON_PREFIX_PATH', '/home/eragon/student133_ws/install'), ('IM_CONFIG_PHASE', '1'), ('ROS_DISTRO', 'humble'), ('WAYLAND_DISPLAY', 'wayland-0'), ('LOGNAME', 'eragon'), ('JOURNAL_STREAM', '8:6614'), ('_', '/usr/bin/env'), ('ROS_VERSION', '2'), ('XDG_SESSION_CLASS', 'user'), ('QSG_RHI_BACKEND', 'opengl'), ('USERNAME', 'eragon'), ('GNOME_DESKTOP_SESSION_ID', 'this-is-deprecated'), ('ROS_LOCALHOST_ONLY', '0'), ('PATH', '/opt/ros/humble/bin:/home/eragon/.local/bin:/usr/local/sbin:/usr/local/bin:/usr/sbin:/usr/bin:/sbin:/bin:/usr/games:/usr/local/games:/snap/bin:/snap/bin'), ('INVOCATION_ID', 'b18f9fdae77342fc8d74a505188f4ffa'), ('PAPERSIZE', 'a4'), ('SESSION_MANAGER', 'local/eragon-KPL-W0X:@/tmp/.ICE-unix/1024,unix/eragon-KPL-W0X:/tmp/.ICE-unix/1024'), ('GNOME_SETUP_DISPLAY', ':1'), ('LC_ADDRESS', 'ru_RU.UTF-8'), ('XDG_MENU_PREFIX', 'gnome-'), ('XDG_RUNTIME_DIR', '/run/user/1000'), ('DISPLAY', ':0'), ('LANG', 'ru_RU.UTF-8'), ('LC_TELEPHONE', 'ru_RU.UTF-8'), ('XDG_CURRENT_DESKTOP', 'ubuntu:GNOME'), ('XAUTHORITY', '/run/user/1000/.mutter-Xwaylandauth.N2KFX2'), ('XDG_SESSION_DESKTOP', 'ubuntu'), ('XMODIFIERS', '@im'), ('AMENT_PREFIX_PATH', '/home/eragon/student133_ws/install/test_visualization:/home/eragon/student133_ws/install/test_tf_broadcaster:/home/eragon/student133_ws/install/test_subscriber:/home/eragon/student133_ws/install/test_service:/home/eragon/student133_ws/install/test_serial_communication:/home/eragon/student133_ws/install/test_publisher:/home/eragon/student133_ws/install/test_pkg:/home/eragon/student133_ws/install/test_parameters:/home/eragon/student133_ws/install/test_custom_srv:/home/eragon/student133_ws/install/test_custom_publisher:/home/eragon/student133_ws/install/test_custom_msg:/home/eragon/student133_ws/install/test_client:/home/eragon/student133_ws/install/test_castom_publisher:/home/eragon/student133_ws/install/test_basic_publisher:/home/eragon/student133_ws/install/custom_counter:/opt/ros/humble'), ('SSH_AGENT_LAUNCHER', 'gnome-keyring'), ('SSH_AUTH_SOCK', '/run/user/1000/keyring/ssh'), ('LC_NAME', 'ru_RU.UTF-8'), ('SHELL', '/bin/bash'), ('GDMSESSION', 'ubuntu'), ('QT_ACCESSIBILITY', '1'), ('LC_MEASUREMENT', 'ru_RU.UTF-8'), ('GJS_DEBUG_OUTPUT', 'stderr'), ('LC_IDENTIFICATION', 'ru_RU.UTF-8'), ('QT_IM_MODULE', 'ibus'), ('LC_ALL', 'en_US.UTF-8'), ('PWD', '/home/eragon/student133_ws/build/test_custom_publisher'), ('QT_QPA_PLATFORM', 'xcb'), ('XDG_CONFIG_DIRS', '/etc/xdg/xdg-ubuntu:/etc/xdg'), ('XDG_DATA_DIRS', '/usr/share/ubuntu:/usr/local/share/:/usr/share/:/var/lib/snapd/desktop'), ('LC_NUMERIC', 'ru_RU.UTF-8'), ('PYTHONPATH', '/home/eragon/student133_ws/install/test_custom_srv/local/lib/python3.10/dist-packages:/home/eragon/student133_ws/install/test_custom_msg/local/lib/python3.10/dist-packages:/opt/ros/humble/lib/python3.10/site-packages:/opt/ros/humble/local/lib/python3.10/dist-packages'), ('LC_PAPER', 'ru_RU.UTF-8'), ('COLCON', '1'), ('CMAKE_PREFIX_PATH', '/home/eragon/student133_ws/install/test_visualization:/home/eragon/student133_ws/install/test_tf_broadcaster:/home/eragon/student133_ws/install/test_subscriber:/home/eragon/student133_ws/install/test_service:/home/eragon/student133_ws/install/test_serial_communication:/home/eragon/student133_ws/install/test_publisher:/home/eragon/student133_ws/install/test_pkg:/home/eragon/student133_ws/install/test_parameters:/home/eragon/student133_ws/install/test_custom_srv:/home/eragon/student133_ws/install/test_custom_publisher:/home/eragon/student133_ws/install/test_custom_msg:/home/eragon/student133_ws/install/test_client:/home/eragon/student133_ws/install/test_castom_publisher:/home/eragon/student133_ws/install/test_basic_publisher:/home/eragon/student133_ws/install/custom_counter:/opt/ros/humble')]), 'shell': False}
[0.114787] (test_custom_srv) JobProgress: {'identifier': 'test_custom_srv', 'progress': 'cmake'}
[0.114909] (test_custom_srv) JobProgress: {'identifier': 'test_custom_srv', 'progress': 'build'}
[0.114958] (test_custom_srv) Command: {'cmd': ['/usr/bin/cmake', '--build', '/home/eragon/student133_ws/build/test_custom_srv', '--', '-j8', '-l8'], 'cwd': '/home/eragon/student133_ws/build/test_custom_srv', 'env': OrderedDict([('GJS_DEBUG_TOPICS', 'JS ERROR;JS LOG'), ('LANGUAGE', 'ru'), ('LC_TIME', 'ru_RU.UTF-8'), ('USER', 'eragon'), ('XDG_SESSION_TYPE', 'wayland'), ('LD_LIBRARY_PATH', '/home/eragon/student133_ws/install/test_custom_srv/lib:/home/eragon/student133_ws/install/test_custom_msg/lib:/opt/ros/humble/opt/rviz_ogre_vendor/lib:/opt/ros/humble/lib/x86_64-linux-gnu:/opt/ros/humble/lib'), ('SHLVL', '1'), ('HOME', '/home/eragon'), ('DESKTOP_SESSION', 'ubuntu'), ('QTDIR', '/usr/lib/x86_64-linux-gnu/qt5'), ('GIO_LAUNCHED_DESKTOP_FILE', '/home/eragon/.local/share/applications/org.qt-project.qtcreator.desktop'), ('GNOME_SHELL_SESSION_MODE', 'ubuntu'), ('GTK_MODULES', 'gail:atk-bridge'), ('ROS_PYTHON_VERSION', '3'), ('LC_MONETARY', 'ru_RU.UTF-8'), ('MANAGERPID', '876'), ('DBUS_SESSION_BUS_ADDRESS', 'unix:path'), ('SYSTEMD_EXEC_PID', '1057'), ('GIO_LAUNCHED_DESKTOP_FILE_PID', '1927'), ('COLCON_PREFIX_PATH', '/home/eragon/student133_ws/install'), ('IM_CONFIG_PHASE', '1'), ('ROS_DISTRO', 'humble'), ('WAYLAND_DISPLAY', 'wayland-0'), ('LOGNAME', 'eragon'), ('JOURNAL_STREAM', '8:6614'), ('_', '/usr/bin/env'), ('ROS_VERSION', '2'), ('XDG_SESSION_CLASS', 'user'), ('QSG_RHI_BACKEND', 'opengl'), ('USERNAME', 'eragon'), ('GNOME_DESKTOP_SESSION_ID', 'this-is-deprecated'), ('ROS_LOCALHOST_ONLY', '0'), ('PATH', '/opt/ros/humble/bin:/home/eragon/.local/bin:/usr/local/sbin:/usr/local/bin:/usr/sbin:/usr/bin:/sbin:/bin:/usr/games:/usr/local/games:/snap/bin:/snap/bin'), ('INVOCATION_ID', 'b18f9fdae77342fc8d74a505188f4ffa'), ('PAPERSIZE', 'a4'), ('SESSION_MANAGER', 'local/eragon-KPL-W0X:@/tmp/.ICE-unix/1024,unix/eragon-KPL-W0X:/tmp/.ICE-unix/1024'), ('GNOME_SETUP_DISPLAY', ':1'), ('LC_ADDRESS', 'ru_RU.UTF-8'), ('XDG_MENU_PREFIX', 'gnome-'), ('XDG_RUNTIME_DIR', '/run/user/1000'), ('DISPLAY', ':0'), ('LANG', 'ru_RU.UTF-8'), ('LC_TELEPHONE', 'ru_RU.UTF-8'), ('XDG_CURRENT_DESKTOP', 'ubuntu:GNOME'), ('XAUTHORITY', '/run/user/1000/.mutter-Xwaylandauth.N2KFX2'), ('XDG_SESSION_DESKTOP', 'ubuntu'), ('XMODIFIERS', '@im'), ('AMENT_PREFIX_PATH', '/home/eragon/student133_ws/install/test_visualization:/home/eragon/student133_ws/install/test_tf_broadcaster:/home/eragon/student133_ws/install/test_subscriber:/home/eragon/student133_ws/install/test_service:/home/eragon/student133_ws/install/test_serial_communication:/home/eragon/student133_ws/install/test_publisher:/home/eragon/student133_ws/install/test_pkg:/home/eragon/student133_ws/install/test_parameters:/home/eragon/student133_ws/install/test_custom_srv:/home/eragon/student133_ws/install/test_custom_publisher:/home/eragon/student133_ws/install/test_custom_msg:/home/eragon/student133_ws/install/test_client:/home/eragon/student133_ws/install/test_castom_publisher:/home/eragon/student133_ws/install/test_basic_publisher:/home/eragon/student133_ws/install/custom_counter:/opt/ros/humble'), ('SSH_AGENT_LAUNCHER', 'gnome-keyring'), ('SSH_AUTH_SOCK', '/run/user/1000/keyring/ssh'), ('LC_NAME', 'ru_RU.UTF-8'), ('SHELL', '/bin/bash'), ('GDMSESSION', 'ubuntu'), ('QT_ACCESSIBILITY', '1'), ('LC_MEASUREMENT', 'ru_RU.UTF-8'), ('GJS_DEBUG_OUTPUT', 'stderr'), ('LC_IDENTIFICATION', 'ru_RU.UTF-8'), ('QT_IM_MODULE', 'ibus'), ('LC_ALL', 'en_US.UTF-8'), ('PWD', '/home/eragon/student133_ws/build/test_custom_srv'), ('QT_QPA_PLATFORM', 'xcb'), ('XDG_CONFIG_DIRS', '/etc/xdg/xdg-ubuntu:/etc/xdg'), ('XDG_DATA_DIRS', '/usr/share/ubuntu:/usr/local/share/:/usr/share/:/var/lib/snapd/desktop'), ('LC_NUMERIC', 'ru_RU.UTF-8'), ('PYTHONPATH', '/home/eragon/student133_ws/install/test_custom_srv/local/lib/python3.10/dist-packages:/home/eragon/student133_ws/install/test_custom_msg/local/lib/python3.10/dist-packages:/opt/ros/humble/lib/python3.10/site-packages:/opt/ros/humble/local/lib/python3.10/dist-packages'), ('LC_PAPER', 'ru_RU.UTF-8'), ('COLCON', '1'), ('CMAKE_PREFIX_PATH', '/home/eragon/student133_ws/install/test_visualization:/home/eragon/student133_ws/install/test_tf_broadcaster:/home/eragon/student133_ws/install/test_subscriber:/home/eragon/student133_ws/install/test_service:/home/eragon/student133_ws/install/test_serial_communication:/home/eragon/student133_ws/install/test_publisher:/home/eragon/student133_ws/install/test_pkg:/home/eragon/student133_ws/install/test_parameters:/home/eragon/student133_ws/install/test_custom_srv:/home/eragon/student133_ws/install/test_custom_publisher:/home/eragon/student133_ws/install/test_custom_msg:/home/eragon/student133_ws/install/test_client:/home/eragon/student133_ws/install/test_castom_publisher:/home/eragon/student133_ws/install/test_basic_publisher:/home/eragon/student133_ws/install/custom_counter:/opt/ros/humble')]), 'shell': False}
[0.124372] (test_parameters) JobProgress: {'identifier': 'test_parameters', 'progress': 'cmake'}
[0.124486] (test_parameters) JobProgress: {'identifier': 'test_parameters', 'progress': 'build'}
[0.124531] (test_parameters) Command: {'cmd': ['/usr/bin/cmake', '--build', '/home/eragon/student133_ws/build/test_parameters', '--', '-j8', '-l8'], 'cwd': '/home/eragon/student133_ws/build/test_parameters', 'env': OrderedDict([('GJS_DEBUG_TOPICS', 'JS ERROR;JS LOG'), ('LANGUAGE', 'ru'), ('LC_TIME', 'ru_RU.UTF-8'), ('USER', 'eragon'), ('XDG_SESSION_TYPE', 'wayland'), ('LD_LIBRARY_PATH', '/home/eragon/student133_ws/install/test_custom_srv/lib:/home/eragon/student133_ws/install/test_custom_msg/lib:/opt/ros/humble/opt/rviz_ogre_vendor/lib:/opt/ros/humble/lib/x86_64-linux-gnu:/opt/ros/humble/lib'), ('SHLVL', '1'), ('HOME', '/home/eragon'), ('DESKTOP_SESSION', 'ubuntu'), ('QTDIR', '/usr/lib/x86_64-linux-gnu/qt5'), ('GIO_LAUNCHED_DESKTOP_FILE', '/home/eragon/.local/share/applications/org.qt-project.qtcreator.desktop'), ('GNOME_SHELL_SESSION_MODE', 'ubuntu'), ('GTK_MODULES', 'gail:atk-bridge'), ('ROS_PYTHON_VERSION', '3'), ('LC_MONETARY', 'ru_RU.UTF-8'), ('MANAGERPID', '876'), ('DBUS_SESSION_BUS_ADDRESS', 'unix:path'), ('SYSTEMD_EXEC_PID', '1057'), ('GIO_LAUNCHED_DESKTOP_FILE_PID', '1927'), ('COLCON_PREFIX_PATH', '/home/eragon/student133_ws/install'), ('IM_CONFIG_PHASE', '1'), ('ROS_DISTRO', 'humble'), ('WAYLAND_DISPLAY', 'wayland-0'), ('LOGNAME', 'eragon'), ('JOURNAL_STREAM', '8:6614'), ('_', '/usr/bin/env'), ('ROS_VERSION', '2'), ('XDG_SESSION_CLASS', 'user'), ('QSG_RHI_BACKEND', 'opengl'), ('USERNAME', 'eragon'), ('GNOME_DESKTOP_SESSION_ID', 'this-is-deprecated'), ('ROS_LOCALHOST_ONLY', '0'), ('PATH', '/opt/ros/humble/bin:/home/eragon/.local/bin:/usr/local/sbin:/usr/local/bin:/usr/sbin:/usr/bin:/sbin:/bin:/usr/games:/usr/local/games:/snap/bin:/snap/bin'), ('INVOCATION_ID', 'b18f9fdae77342fc8d74a505188f4ffa'), ('PAPERSIZE', 'a4'), ('SESSION_MANAGER', 'local/eragon-KPL-W0X:@/tmp/.ICE-unix/1024,unix/eragon-KPL-W0X:/tmp/.ICE-unix/1024'), ('GNOME_SETUP_DISPLAY', ':1'), ('LC_ADDRESS', 'ru_RU.UTF-8'), ('XDG_MENU_PREFIX', 'gnome-'), ('XDG_RUNTIME_DIR', '/run/user/1000'), ('DISPLAY', ':0'), ('LANG', 'ru_RU.UTF-8'), ('LC_TELEPHONE', 'ru_RU.UTF-8'), ('XDG_CURRENT_DESKTOP', 'ubuntu:GNOME'), ('XAUTHORITY', '/run/user/1000/.mutter-Xwaylandauth.N2KFX2'), ('XDG_SESSION_DESKTOP', 'ubuntu'), ('XMODIFIERS', '@im'), ('AMENT_PREFIX_PATH', '/home/eragon/student133_ws/install/test_visualization:/home/eragon/student133_ws/install/test_tf_broadcaster:/home/eragon/student133_ws/install/test_subscriber:/home/eragon/student133_ws/install/test_service:/home/eragon/student133_ws/install/test_serial_communication:/home/eragon/student133_ws/install/test_publisher:/home/eragon/student133_ws/install/test_pkg:/home/eragon/student133_ws/install/test_parameters:/home/eragon/student133_ws/install/test_custom_srv:/home/eragon/student133_ws/install/test_custom_publisher:/home/eragon/student133_ws/install/test_custom_msg:/home/eragon/student133_ws/install/test_client:/home/eragon/student133_ws/install/test_castom_publisher:/home/eragon/student133_ws/install/test_basic_publisher:/home/eragon/student133_ws/install/custom_counter:/opt/ros/humble'), ('SSH_AGENT_LAUNCHER', 'gnome-keyring'), ('SSH_AUTH_SOCK', '/run/user/1000/keyring/ssh'), ('LC_NAME', 'ru_RU.UTF-8'), ('SHELL', '/bin/bash'), ('GDMSESSION', 'ubuntu'), ('QT_ACCESSIBILITY', '1'), ('LC_MEASUREMENT', 'ru_RU.UTF-8'), ('GJS_DEBUG_OUTPUT', 'stderr'), ('LC_IDENTIFICATION', 'ru_RU.UTF-8'), ('QT_IM_MODULE', 'ibus'), ('LC_ALL', 'en_US.UTF-8'), ('PWD', '/home/eragon/student133_ws/build/test_parameters'), ('QT_QPA_PLATFORM', 'xcb'), ('XDG_CONFIG_DIRS', '/etc/xdg/xdg-ubuntu:/etc/xdg'), ('XDG_DATA_DIRS', '/usr/share/ubuntu:/usr/local/share/:/usr/share/:/var/lib/snapd/desktop'), ('LC_NUMERIC', 'ru_RU.UTF-8'), ('PYTHONPATH', '/home/eragon/student133_ws/install/test_custom_srv/local/lib/python3.10/dist-packages:/home/eragon/student133_ws/install/test_custom_msg/local/lib/python3.10/dist-packages:/opt/ros/humble/lib/python3.10/site-packages:/opt/ros/humble/local/lib/python3.10/dist-packages'), ('LC_PAPER', 'ru_RU.UTF-8'), ('COLCON', '1'), ('CMAKE_PREFIX_PATH', '/home/eragon/student133_ws/install/test_visualization:/home/eragon/student133_ws/install/test_tf_broadcaster:/home/eragon/student133_ws/install/test_subscriber:/home/eragon/student133_ws/install/test_service:/home/eragon/student133_ws/install/test_serial_communication:/home/eragon/student133_ws/install/test_publisher:/home/eragon/student133_ws/install/test_pkg:/home/eragon/student133_ws/install/test_parameters:/home/eragon/student133_ws/install/test_custom_srv:/home/eragon/student133_ws/install/test_custom_publisher:/home/eragon/student133_ws/install/test_custom_msg:/home/eragon/student133_ws/install/test_client:/home/eragon/student133_ws/install/test_castom_publisher:/home/eragon/student133_ws/install/test_basic_publisher:/home/eragon/student133_ws/install/custom_counter:/opt/ros/humble')]), 'shell': False}
[0.131689] (test_pkg) JobProgress: {'identifier': 'test_pkg', 'progress': 'cmake'}
[0.133910] (test_pkg) JobProgress: {'identifier': 'test_pkg', 'progress': 'build'}
[0.134020] (test_pkg) Command: {'cmd': ['/usr/bin/cmake', '--build', '/home/eragon/student133_ws/build/test_pkg', '--', '-j8', '-l8'], 'cwd': '/home/eragon/student133_ws/build/test_pkg', 'env': OrderedDict([('GJS_DEBUG_TOPICS', 'JS ERROR;JS LOG'), ('LANGUAGE', 'ru'), ('LC_TIME', 'ru_RU.UTF-8'), ('USER', 'eragon'), ('XDG_SESSION_TYPE', 'wayland'), ('LD_LIBRARY_PATH', '/home/eragon/student133_ws/install/test_custom_srv/lib:/home/eragon/student133_ws/install/test_custom_msg/lib:/opt/ros/humble/opt/rviz_ogre_vendor/lib:/opt/ros/humble/lib/x86_64-linux-gnu:/opt/ros/humble/lib'), ('SHLVL', '1'), ('HOME', '/home/eragon'), ('DESKTOP_SESSION', 'ubuntu'), ('QTDIR', '/usr/lib/x86_64-linux-gnu/qt5'), ('GIO_LAUNCHED_DESKTOP_FILE', '/home/eragon/.local/share/applications/org.qt-project.qtcreator.desktop'), ('GNOME_SHELL_SESSION_MODE', 'ubuntu'), ('GTK_MODULES', 'gail:atk-bridge'), ('ROS_PYTHON_VERSION', '3'), ('LC_MONETARY', 'ru_RU.UTF-8'), ('MANAGERPID', '876'), ('DBUS_SESSION_BUS_ADDRESS', 'unix:path'), ('SYSTEMD_EXEC_PID', '1057'), ('GIO_LAUNCHED_DESKTOP_FILE_PID', '1927'), ('COLCON_PREFIX_PATH', '/home/eragon/student133_ws/install'), ('IM_CONFIG_PHASE', '1'), ('ROS_DISTRO', 'humble'), ('WAYLAND_DISPLAY', 'wayland-0'), ('LOGNAME', 'eragon'), ('JOURNAL_STREAM', '8:6614'), ('_', '/usr/bin/env'), ('ROS_VERSION', '2'), ('XDG_SESSION_CLASS', 'user'), ('QSG_RHI_BACKEND', 'opengl'), ('USERNAME', 'eragon'), ('GNOME_DESKTOP_SESSION_ID', 'this-is-deprecated'), ('ROS_LOCALHOST_ONLY', '0'), ('PATH', '/opt/ros/humble/bin:/home/eragon/.local/bin:/usr/local/sbin:/usr/local/bin:/usr/sbin:/usr/bin:/sbin:/bin:/usr/games:/usr/local/games:/snap/bin:/snap/bin'), ('INVOCATION_ID', 'b18f9fdae77342fc8d74a505188f4ffa'), ('PAPERSIZE', 'a4'), ('SESSION_MANAGER', 'local/eragon-KPL-W0X:@/tmp/.ICE-unix/1024,unix/eragon-KPL-W0X:/tmp/.ICE-unix/1024'), ('GNOME_SETUP_DISPLAY', ':1'), ('LC_ADDRESS', 'ru_RU.UTF-8'), ('XDG_MENU_PREFIX', 'gnome-'), ('XDG_RUNTIME_DIR', '/run/user/1000'), ('DISPLAY', ':0'), ('LANG', 'ru_RU.UTF-8'), ('LC_TELEPHONE', 'ru_RU.UTF-8'), ('XDG_CURRENT_DESKTOP', 'ubuntu:GNOME'), ('XAUTHORITY', '/run/user/1000/.mutter-Xwaylandauth.N2KFX2'), ('XDG_SESSION_DESKTOP', 'ubuntu'), ('XMODIFIERS', '@im'), ('AMENT_PREFIX_PATH', '/home/eragon/student133_ws/install/test_visualization:/home/eragon/student133_ws/install/test_tf_broadcaster:/home/eragon/student133_ws/install/test_subscriber:/home/eragon/student133_ws/install/test_service:/home/eragon/student133_ws/install/test_serial_communication:/home/eragon/student133_ws/install/test_publisher:/home/eragon/student133_ws/install/test_pkg:/home/eragon/student133_ws/install/test_parameters:/home/eragon/student133_ws/install/test_custom_srv:/home/eragon/student133_ws/install/test_custom_publisher:/home/eragon/student133_ws/install/test_custom_msg:/home/eragon/student133_ws/install/test_client:/home/eragon/student133_ws/install/test_castom_publisher:/home/eragon/student133_ws/install/test_basic_publisher:/home/eragon/student133_ws/install/custom_counter:/opt/ros/humble'), ('SSH_AGENT_LAUNCHER', 'gnome-keyring'), ('SSH_AUTH_SOCK', '/run/user/1000/keyring/ssh'), ('LC_NAME', 'ru_RU.UTF-8'), ('SHELL', '/bin/bash'), ('GDMSESSION', 'ubuntu'), ('QT_ACCESSIBILITY', '1'), ('LC_MEASUREMENT', 'ru_RU.UTF-8'), ('GJS_DEBUG_OUTPUT', 'stderr'), ('LC_IDENTIFICATION', 'ru_RU.UTF-8'), ('QT_IM_MODULE', 'ibus'), ('LC_ALL', 'en_US.UTF-8'), ('PWD', '/home/eragon/student133_ws/build/test_pkg'), ('QT_QPA_PLATFORM', 'xcb'), ('XDG_CONFIG_DIRS', '/etc/xdg/xdg-ubuntu:/etc/xdg'), ('XDG_DATA_DIRS', '/usr/share/ubuntu:/usr/local/share/:/usr/share/:/var/lib/snapd/desktop'), ('LC_NUMERIC', 'ru_RU.UTF-8'), ('PYTHONPATH', '/home/eragon/student133_ws/install/test_custom_srv/local/lib/python3.10/dist-packages:/home/eragon/student133_ws/install/test_custom_msg/local/lib/python3.10/dist-packages:/opt/ros/humble/lib/python3.10/site-packages:/opt/ros/humble/local/lib/python3.10/dist-packages'), ('LC_PAPER', 'ru_RU.UTF-8'), ('COLCON', '1'), ('CMAKE_PREFIX_PATH', '/home/eragon/student133_ws/install/test_visualization:/home/eragon/student133_ws/install/test_tf_broadcaster:/home/eragon/student133_ws/install/test_subscriber:/home/eragon/student133_ws/install/test_service:/home/eragon/student133_ws/install/test_serial_communication:/home/eragon/student133_ws/install/test_publisher:/home/eragon/student133_ws/install/test_pkg:/home/eragon/student133_ws/install/test_parameters:/home/eragon/student133_ws/install/test_custom_srv:/home/eragon/student133_ws/install/test_custom_publisher:/home/eragon/student133_ws/install/test_custom_msg:/home/eragon/student133_ws/install/test_client:/home/eragon/student133_ws/install/test_castom_publisher:/home/eragon/student133_ws/install/test_basic_publisher:/home/eragon/student133_ws/install/custom_counter:/opt/ros/humble')]), 'shell': False}
[0.203464] (-) TimerEvent: {}
[0.269215] (test_custom_msg) StdoutLine: {'line': b'[  2%] Built target test_custom_msg__cpp\n'}
[0.286124] (test_basic_publisher) StdoutLine: {'line': b'[100%] Built target test_basic_publisher\n'}
[0.303281] (custom_counter) StdoutLine: {'line': b'[100%] Built target custom_counter_node\n'}
[0.303643] (-) TimerEvent: {}
[0.303911] (test_client) StdoutLine: {'line': b'[ 50%] Built target test_client_node\n'}
[0.315164] (test_custom_msg) StdoutLine: {'line': b'[ 12%] Built target ament_cmake_python_copy_test_custom_msg\n'}
[0.316137] (test_client) StdoutLine: {'line': b'[100%] Built target client_triangle\n'}
[0.319655] (test_custom_msg) StdoutLine: {'line': b'[ 12%] Built target test_custom_msg__rosidl_generator_c\n'}
[0.325594] (test_custom_srv) StdoutLine: {'line': b'[ 10%] Built target test_custom_srv__rosidl_generator_c\n'}
[0.336978] (test_custom_srv) StdoutLine: {'line': b'[ 12%] Built target test_custom_srv__cpp\n'}
[0.337395] (test_custom_publisher) StdoutLine: {'line': b'[ 50%] Built target Triangle_node\n'}
[0.340902] (test_basic_publisher) CommandEnded: {'returncode': 0}
[0.352178] (test_parameters) StdoutLine: {'line': b'[100%] Built target test_parameters_node\n'}
[0.379780] (test_custom_publisher) StdoutLine: {'line': b'[100%] Built target test_custom_publisher_node\n'}
[0.380098] (custom_counter) CommandEnded: {'returncode': 0}
[0.382932] (test_pkg) StdoutLine: {'line': b'[100%] Built target test_pkg_node\n'}
[0.383305] (test_custom_msg) StdoutLine: {'line': b'[ 23%] Built target test_custom_msg__rosidl_typesupport_cpp\n'}
[0.396431] (test_client) CommandEnded: {'returncode': 0}
[0.411690] (test_parameters) CommandEnded: {'returncode': 0}
[0.412548] (-) TimerEvent: {}
[0.418327] (test_custom_srv) StdoutLine: {'line': b'[ 12%] Built target ament_cmake_python_copy_test_custom_srv\n'}
[0.418660] (test_custom_msg) StdoutLine: {'line': b'[ 33%] Built target test_custom_msg__rosidl_typesupport_introspection_cpp\n'}
[0.418848] (test_custom_msg) StdoutLine: {'line': b'[ 43%] Built target test_custom_msg__rosidl_typesupport_fastrtps_cpp\n'}
[0.441904] (test_pkg) CommandEnded: {'returncode': 0}
[0.456455] (test_custom_publisher) CommandEnded: {'returncode': 0}
[0.464795] (test_custom_srv) StdoutLine: {'line': b'[ 23%] Built target test_custom_srv__rosidl_typesupport_fastrtps_c\n'}
[0.465094] (test_custom_srv) StdoutLine: {'line': b'[ 33%] Built target test_custom_srv__rosidl_typesupport_c\n'}
[0.465242] (test_custom_msg) StdoutLine: {'line': b'[ 53%] Built target test_custom_msg__rosidl_typesupport_introspection_c\n'}
[0.466050] (test_custom_msg) StdoutLine: {'line': b'[ 64%] Built target test_custom_msg__rosidl_typesupport_c\n'}
[0.466260] (test_custom_msg) StdoutLine: {'line': b'[ 74%] Built target test_custom_msg__rosidl_typesupport_fastrtps_c\n'}
[0.470966] (test_custom_srv) StdoutLine: {'line': b'[ 43%] Built target test_custom_srv__rosidl_typesupport_introspection_cpp\n'}
[0.479407] (test_custom_srv) StdoutLine: {'line': b'[ 53%] Built target test_custom_srv__rosidl_typesupport_fastrtps_cpp\n'}
[0.481011] (test_custom_srv) StdoutLine: {'line': b'[ 64%] Built target test_custom_srv__rosidl_typesupport_introspection_c\n'}
[0.482855] (test_basic_publisher) JobProgress: {'identifier': 'test_basic_publisher', 'progress': 'install'}
[0.506536] (test_basic_publisher) Command: {'cmd': ['/usr/bin/cmake', '--install', '/home/eragon/student133_ws/build/test_basic_publisher'], 'cwd': '/home/eragon/student133_ws/build/test_basic_publisher', 'env': OrderedDict([('GJS_DEBUG_TOPICS', 'JS ERROR;JS LOG'), ('LANGUAGE', 'ru'), ('LC_TIME', 'ru_RU.UTF-8'), ('USER', 'eragon'), ('XDG_SESSION_TYPE', 'wayland'), ('LD_LIBRARY_PATH', '/home/eragon/student133_ws/install/test_custom_srv/lib:/home/eragon/student133_ws/install/test_custom_msg/lib:/opt/ros/humble/opt/rviz_ogre_vendor/lib:/opt/ros/humble/lib/x86_64-linux-gnu:/opt/ros/humble/lib'), ('SHLVL', '1'), ('HOME', '/home/eragon'), ('DESKTOP_SESSION', 'ubuntu'), ('QTDIR', '/usr/lib/x86_64-linux-gnu/qt5'), ('GIO_LAUNCHED_DESKTOP_FILE', '/home/eragon/.local/share/applications/org.qt-project.qtcreator.desktop'), ('GNOME_SHELL_SESSION_MODE', 'ubuntu'), ('GTK_MODULES', 'gail:atk-bridge'), ('ROS_PYTHON_VERSION', '3'), ('LC_MONETARY', 'ru_RU.UTF-8'), ('MANAGERPID', '876'), ('DBUS_SESSION_BUS_ADDRESS', 'unix:path'), ('SYSTEMD_EXEC_PID', '1057'), ('GIO_LAUNCHED_DESKTOP_FILE_PID', '1927'), ('COLCON_PREFIX_PATH', '/home/eragon/student133_ws/install'), ('IM_CONFIG_PHASE', '1'), ('ROS_DISTRO', 'humble'), ('WAYLAND_DISPLAY', 'wayland-0'), ('LOGNAME', 'eragon'), ('JOURNAL_STREAM', '8:6614'), ('_', '/usr/bin/env'), ('ROS_VERSION', '2'), ('XDG_SESSION_CLASS', 'user'), ('QSG_RHI_BACKEND', 'opengl'), ('USERNAME', 'eragon'), ('GNOME_DESKTOP_SESSION_ID', 'this-is-deprecated'), ('ROS_LOCALHOST_ONLY', '0'), ('PATH', '/opt/ros/humble/bin:/home/eragon/.local/bin:/usr/local/sbin:/usr/local/bin:/usr/sbin:/usr/bin:/sbin:/bin:/usr/games:/usr/local/games:/snap/bin:/snap/bin'), ('INVOCATION_ID', 'b18f9fdae77342fc8d74a505188f4ffa'), ('PAPERSIZE', 'a4'), ('SESSION_MANAGER', 'local/eragon-KPL-W0X:@/tmp/.ICE-unix/1024,unix/eragon-KPL-W0X:/tmp/.ICE-unix/1024'), ('GNOME_SETUP_DISPLAY', ':1'), ('LC_ADDRESS', 'ru_RU.UTF-8'), ('XDG_MENU_PREFIX', 'gnome-'), ('XDG_RUNTIME_DIR', '/run/user/1000'), ('DISPLAY', ':0'), ('LANG', 'ru_RU.UTF-8'), ('LC_TELEPHONE', 'ru_RU.UTF-8'), ('XDG_CURRENT_DESKTOP', 'ubuntu:GNOME'), ('XAUTHORITY', '/run/user/1000/.mutter-Xwaylandauth.N2KFX2'), ('XDG_SESSION_DESKTOP', 'ubuntu'), ('XMODIFIERS', '@im'), ('AMENT_PREFIX_PATH', '/home/eragon/student133_ws/install/test_visualization:/home/eragon/student133_ws/install/test_tf_broadcaster:/home/eragon/student133_ws/install/test_subscriber:/home/eragon/student133_ws/install/test_service:/home/eragon/student133_ws/install/test_serial_communication:/home/eragon/student133_ws/install/test_publisher:/home/eragon/student133_ws/install/test_pkg:/home/eragon/student133_ws/install/test_parameters:/home/eragon/student133_ws/install/test_custom_srv:/home/eragon/student133_ws/install/test_custom_publisher:/home/eragon/student133_ws/install/test_custom_msg:/home/eragon/student133_ws/install/test_client:/home/eragon/student133_ws/install/test_castom_publisher:/home/eragon/student133_ws/install/test_basic_publisher:/home/eragon/student133_ws/install/custom_counter:/opt/ros/humble'), ('SSH_AGENT_LAUNCHER', 'gnome-keyring'), ('SSH_AUTH_SOCK', '/run/user/1000/keyring/ssh'), ('LC_NAME', 'ru_RU.UTF-8'), ('SHELL', '/bin/bash'), ('GDMSESSION', 'ubuntu'), ('QT_ACCESSIBILITY', '1'), ('LC_MEASUREMENT', 'ru_RU.UTF-8'), ('GJS_DEBUG_OUTPUT', 'stderr'), ('LC_IDENTIFICATION', 'ru_RU.UTF-8'), ('QT_IM_MODULE', 'ibus'), ('LC_ALL', 'en_US.UTF-8'), ('PWD', '/home/eragon/student133_ws/build/test_basic_publisher'), ('QT_QPA_PLATFORM', 'xcb'), ('XDG_CONFIG_DIRS', '/etc/xdg/xdg-ubuntu:/etc/xdg'), ('XDG_DATA_DIRS', '/usr/share/ubuntu:/usr/local/share/:/usr/share/:/var/lib/snapd/desktop'), ('LC_NUMERIC', 'ru_RU.UTF-8'), ('PYTHONPATH', '/home/eragon/student133_ws/install/test_custom_srv/local/lib/python3.10/dist-packages:/home/eragon/student133_ws/install/test_custom_msg/local/lib/python3.10/dist-packages:/opt/ros/humble/lib/python3.10/site-packages:/opt/ros/humble/local/lib/python3.10/dist-packages'), ('LC_PAPER', 'ru_RU.UTF-8'), ('COLCON', '1'), ('CMAKE_PREFIX_PATH', '/home/eragon/student133_ws/install/test_visualization:/home/eragon/student133_ws/install/test_tf_broadcaster:/home/eragon/student133_ws/install/test_subscriber:/home/eragon/student133_ws/install/test_service:/home/eragon/student133_ws/install/test_serial_communication:/home/eragon/student133_ws/install/test_publisher:/home/eragon/student133_ws/install/test_pkg:/home/eragon/student133_ws/install/test_parameters:/home/eragon/student133_ws/install/test_custom_srv:/home/eragon/student133_ws/install/test_custom_publisher:/home/eragon/student133_ws/install/test_custom_msg:/home/eragon/student133_ws/install/test_client:/home/eragon/student133_ws/install/test_castom_publisher:/home/eragon/student133_ws/install/test_basic_publisher:/home/eragon/student133_ws/install/custom_counter:/opt/ros/humble')]), 'shell': False}
[0.514717] (custom_counter) JobProgress: {'identifier': 'custom_counter', 'progress': 'install'}
[0.514828] (-) TimerEvent: {}
[0.515096] (custom_counter) Command: {'cmd': ['/usr/bin/cmake', '--install', '/home/eragon/student133_ws/build/custom_counter'], 'cwd': '/home/eragon/student133_ws/build/custom_counter', 'env': OrderedDict([('GJS_DEBUG_TOPICS', 'JS ERROR;JS LOG'), ('LANGUAGE', 'ru'), ('LC_TIME', 'ru_RU.UTF-8'), ('USER', 'eragon'), ('XDG_SESSION_TYPE', 'wayland'), ('LD_LIBRARY_PATH', '/home/eragon/student133_ws/install/test_custom_srv/lib:/home/eragon/student133_ws/install/test_custom_msg/lib:/opt/ros/humble/opt/rviz_ogre_vendor/lib:/opt/ros/humble/lib/x86_64-linux-gnu:/opt/ros/humble/lib'), ('SHLVL', '1'), ('HOME', '/home/eragon'), ('DESKTOP_SESSION', 'ubuntu'), ('QTDIR', '/usr/lib/x86_64-linux-gnu/qt5'), ('GIO_LAUNCHED_DESKTOP_FILE', '/home/eragon/.local/share/applications/org.qt-project.qtcreator.desktop'), ('GNOME_SHELL_SESSION_MODE', 'ubuntu'), ('GTK_MODULES', 'gail:atk-bridge'), ('ROS_PYTHON_VERSION', '3'), ('LC_MONETARY', 'ru_RU.UTF-8'), ('MANAGERPID', '876'), ('DBUS_SESSION_BUS_ADDRESS', 'unix:path'), ('SYSTEMD_EXEC_PID', '1057'), ('GIO_LAUNCHED_DESKTOP_FILE_PID', '1927'), ('COLCON_PREFIX_PATH', '/home/eragon/student133_ws/install'), ('IM_CONFIG_PHASE', '1'), ('ROS_DISTRO', 'humble'), ('WAYLAND_DISPLAY', 'wayland-0'), ('LOGNAME', 'eragon'), ('JOURNAL_STREAM', '8:6614'), ('_', '/usr/bin/env'), ('ROS_VERSION', '2'), ('XDG_SESSION_CLASS', 'user'), ('QSG_RHI_BACKEND', 'opengl'), ('USERNAME', 'eragon'), ('GNOME_DESKTOP_SESSION_ID', 'this-is-deprecated'), ('ROS_LOCALHOST_ONLY', '0'), ('PATH', '/opt/ros/humble/bin:/home/eragon/.local/bin:/usr/local/sbin:/usr/local/bin:/usr/sbin:/usr/bin:/sbin:/bin:/usr/games:/usr/local/games:/snap/bin:/snap/bin'), ('INVOCATION_ID', 'b18f9fdae77342fc8d74a505188f4ffa'), ('PAPERSIZE', 'a4'), ('SESSION_MANAGER', 'local/eragon-KPL-W0X:@/tmp/.ICE-unix/1024,unix/eragon-KPL-W0X:/tmp/.ICE-unix/1024'), ('GNOME_SETUP_DISPLAY', ':1'), ('LC_ADDRESS', 'ru_RU.UTF-8'), ('XDG_MENU_PREFIX', 'gnome-'), ('XDG_RUNTIME_DIR', '/run/user/1000'), ('DISPLAY', ':0'), ('LANG', 'ru_RU.UTF-8'), ('LC_TELEPHONE', 'ru_RU.UTF-8'), ('XDG_CURRENT_DESKTOP', 'ubuntu:GNOME'), ('XAUTHORITY', '/run/user/1000/.mutter-Xwaylandauth.N2KFX2'), ('XDG_SESSION_DESKTOP', 'ubuntu'), ('XMODIFIERS', '@im'), ('AMENT_PREFIX_PATH', '/home/eragon/student133_ws/install/test_visualization:/home/eragon/student133_ws/install/test_tf_broadcaster:/home/eragon/student133_ws/install/test_subscriber:/home/eragon/student133_ws/install/test_service:/home/eragon/student133_ws/install/test_serial_communication:/home/eragon/student133_ws/install/test_publisher:/home/eragon/student133_ws/install/test_pkg:/home/eragon/student133_ws/install/test_parameters:/home/eragon/student133_ws/install/test_custom_srv:/home/eragon/student133_ws/install/test_custom_publisher:/home/eragon/student133_ws/install/test_custom_msg:/home/eragon/student133_ws/install/test_client:/home/eragon/student133_ws/install/test_castom_publisher:/home/eragon/student133_ws/install/test_basic_publisher:/home/eragon/student133_ws/install/custom_counter:/opt/ros/humble'), ('SSH_AGENT_LAUNCHER', 'gnome-keyring'), ('SSH_AUTH_SOCK', '/run/user/1000/keyring/ssh'), ('LC_NAME', 'ru_RU.UTF-8'), ('SHELL', '/bin/bash'), ('GDMSESSION', 'ubuntu'), ('QT_ACCESSIBILITY', '1'), ('LC_MEASUREMENT', 'ru_RU.UTF-8'), ('GJS_DEBUG_OUTPUT', 'stderr'), ('LC_IDENTIFICATION', 'ru_RU.UTF-8'), ('QT_IM_MODULE', 'ibus'), ('LC_ALL', 'en_US.UTF-8'), ('PWD', '/home/eragon/student133_ws/build/custom_counter'), ('QT_QPA_PLATFORM', 'xcb'), ('XDG_CONFIG_DIRS', '/etc/xdg/xdg-ubuntu:/etc/xdg'), ('XDG_DATA_DIRS', '/usr/share/ubuntu:/usr/local/share/:/usr/share/:/var/lib/snapd/desktop'), ('LC_NUMERIC', 'ru_RU.UTF-8'), ('PYTHONPATH', '/home/eragon/student133_ws/install/test_custom_srv/local/lib/python3.10/dist-packages:/home/eragon/student133_ws/install/test_custom_msg/local/lib/python3.10/dist-packages:/opt/ros/humble/lib/python3.10/site-packages:/opt/ros/humble/local/lib/python3.10/dist-packages'), ('LC_PAPER', 'ru_RU.UTF-8'), ('COLCON', '1'), ('CMAKE_PREFIX_PATH', '/home/eragon/student133_ws/install/test_visualization:/home/eragon/student133_ws/install/test_tf_broadcaster:/home/eragon/student133_ws/install/test_subscriber:/home/eragon/student133_ws/install/test_service:/home/eragon/student133_ws/install/test_serial_communication:/home/eragon/student133_ws/install/test_publisher:/home/eragon/student133_ws/install/test_pkg:/home/eragon/student133_ws/install/test_parameters:/home/eragon/student133_ws/install/test_custom_srv:/home/eragon/student133_ws/install/test_custom_publisher:/home/eragon/student133_ws/install/test_custom_msg:/home/eragon/student133_ws/install/test_client:/home/eragon/student133_ws/install/test_castom_publisher:/home/eragon/student133_ws/install/test_basic_publisher:/home/eragon/student133_ws/install/custom_counter:/opt/ros/humble')]), 'shell': False}
[0.531683] (test_parameters) JobProgress: {'identifier': 'test_parameters', 'progress': 'install'}
[0.531803] (test_parameters) Command: {'cmd': ['/usr/bin/cmake', '--install', '/home/eragon/student133_ws/build/test_parameters'], 'cwd': '/home/eragon/student133_ws/build/test_parameters', 'env': OrderedDict([('GJS_DEBUG_TOPICS', 'JS ERROR;JS LOG'), ('LANGUAGE', 'ru'), ('LC_TIME', 'ru_RU.UTF-8'), ('USER', 'eragon'), ('XDG_SESSION_TYPE', 'wayland'), ('LD_LIBRARY_PATH', '/home/eragon/student133_ws/install/test_custom_srv/lib:/home/eragon/student133_ws/install/test_custom_msg/lib:/opt/ros/humble/opt/rviz_ogre_vendor/lib:/opt/ros/humble/lib/x86_64-linux-gnu:/opt/ros/humble/lib'), ('SHLVL', '1'), ('HOME', '/home/eragon'), ('DESKTOP_SESSION', 'ubuntu'), ('QTDIR', '/usr/lib/x86_64-linux-gnu/qt5'), ('GIO_LAUNCHED_DESKTOP_FILE', '/home/eragon/.local/share/applications/org.qt-project.qtcreator.desktop'), ('GNOME_SHELL_SESSION_MODE', 'ubuntu'), ('GTK_MODULES', 'gail:atk-bridge'), ('ROS_PYTHON_VERSION', '3'), ('LC_MONETARY', 'ru_RU.UTF-8'), ('MANAGERPID', '876'), ('DBUS_SESSION_BUS_ADDRESS', 'unix:path'), ('SYSTEMD_EXEC_PID', '1057'), ('GIO_LAUNCHED_DESKTOP_FILE_PID', '1927'), ('COLCON_PREFIX_PATH', '/home/eragon/student133_ws/install'), ('IM_CONFIG_PHASE', '1'), ('ROS_DISTRO', 'humble'), ('WAYLAND_DISPLAY', 'wayland-0'), ('LOGNAME', 'eragon'), ('JOURNAL_STREAM', '8:6614'), ('_', '/usr/bin/env'), ('ROS_VERSION', '2'), ('XDG_SESSION_CLASS', 'user'), ('QSG_RHI_BACKEND', 'opengl'), ('USERNAME', 'eragon'), ('GNOME_DESKTOP_SESSION_ID', 'this-is-deprecated'), ('ROS_LOCALHOST_ONLY', '0'), ('PATH', '/opt/ros/humble/bin:/home/eragon/.local/bin:/usr/local/sbin:/usr/local/bin:/usr/sbin:/usr/bin:/sbin:/bin:/usr/games:/usr/local/games:/snap/bin:/snap/bin'), ('INVOCATION_ID', 'b18f9fdae77342fc8d74a505188f4ffa'), ('PAPERSIZE', 'a4'), ('SESSION_MANAGER', 'local/eragon-KPL-W0X:@/tmp/.ICE-unix/1024,unix/eragon-KPL-W0X:/tmp/.ICE-unix/1024'), ('GNOME_SETUP_DISPLAY', ':1'), ('LC_ADDRESS', 'ru_RU.UTF-8'), ('XDG_MENU_PREFIX', 'gnome-'), ('XDG_RUNTIME_DIR', '/run/user/1000'), ('DISPLAY', ':0'), ('LANG', 'ru_RU.UTF-8'), ('LC_TELEPHONE', 'ru_RU.UTF-8'), ('XDG_CURRENT_DESKTOP', 'ubuntu:GNOME'), ('XAUTHORITY', '/run/user/1000/.mutter-Xwaylandauth.N2KFX2'), ('XDG_SESSION_DESKTOP', 'ubuntu'), ('XMODIFIERS', '@im'), ('AMENT_PREFIX_PATH', '/home/eragon/student133_ws/install/test_visualization:/home/eragon/student133_ws/install/test_tf_broadcaster:/home/eragon/student133_ws/install/test_subscriber:/home/eragon/student133_ws/install/test_service:/home/eragon/student133_ws/install/test_serial_communication:/home/eragon/student133_ws/install/test_publisher:/home/eragon/student133_ws/install/test_pkg:/home/eragon/student133_ws/install/test_parameters:/home/eragon/student133_ws/install/test_custom_srv:/home/eragon/student133_ws/install/test_custom_publisher:/home/eragon/student133_ws/install/test_custom_msg:/home/eragon/student133_ws/install/test_client:/home/eragon/student133_ws/install/test_castom_publisher:/home/eragon/student133_ws/install/test_basic_publisher:/home/eragon/student133_ws/install/custom_counter:/opt/ros/humble'), ('SSH_AGENT_LAUNCHER', 'gnome-keyring'), ('SSH_AUTH_SOCK', '/run/user/1000/keyring/ssh'), ('LC_NAME', 'ru_RU.UTF-8'), ('SHELL', '/bin/bash'), ('GDMSESSION', 'ubuntu'), ('QT_ACCESSIBILITY', '1'), ('LC_MEASUREMENT', 'ru_RU.UTF-8'), ('GJS_DEBUG_OUTPUT', 'stderr'), ('LC_IDENTIFICATION', 'ru_RU.UTF-8'), ('QT_IM_MODULE', 'ibus'), ('LC_ALL', 'en_US.UTF-8'), ('PWD', '/home/eragon/student133_ws/build/test_parameters'), ('QT_QPA_PLATFORM', 'xcb'), ('XDG_CONFIG_DIRS', '/etc/xdg/xdg-ubuntu:/etc/xdg'), ('XDG_DATA_DIRS', '/usr/share/ubuntu:/usr/local/share/:/usr/share/:/var/lib/snapd/desktop'), ('LC_NUMERIC', 'ru_RU.UTF-8'), ('PYTHONPATH', '/home/eragon/student133_ws/install/test_custom_srv/local/lib/python3.10/dist-packages:/home/eragon/student133_ws/install/test_custom_msg/local/lib/python3.10/dist-packages:/opt/ros/humble/lib/python3.10/site-packages:/opt/ros/humble/local/lib/python3.10/dist-packages'), ('LC_PAPER', 'ru_RU.UTF-8'), ('COLCON', '1'), ('CMAKE_PREFIX_PATH', '/home/eragon/student133_ws/install/test_visualization:/home/eragon/student133_ws/install/test_tf_broadcaster:/home/eragon/student133_ws/install/test_subscriber:/home/eragon/student133_ws/install/test_service:/home/eragon/student133_ws/install/test_serial_communication:/home/eragon/student133_ws/install/test_publisher:/home/eragon/student133_ws/install/test_pkg:/home/eragon/student133_ws/install/test_parameters:/home/eragon/student133_ws/install/test_custom_srv:/home/eragon/student133_ws/install/test_custom_publisher:/home/eragon/student133_ws/install/test_custom_msg:/home/eragon/student133_ws/install/test_client:/home/eragon/student133_ws/install/test_castom_publisher:/home/eragon/student133_ws/install/test_basic_publisher:/home/eragon/student133_ws/install/custom_counter:/opt/ros/humble')]), 'shell': False}
[0.545667] (test_custom_srv) StdoutLine: {'line': b'[ 74%] Built target test_custom_srv__rosidl_typesupport_cpp\n'}
[0.550070] (test_client) JobProgress: {'identifier': 'test_client', 'progress': 'install'}
[0.550337] (test_client) Command: {'cmd': ['/usr/bin/cmake', '--install', '/home/eragon/student133_ws/build/test_client'], 'cwd': '/home/eragon/student133_ws/build/test_client', 'env': OrderedDict([('GJS_DEBUG_TOPICS', 'JS ERROR;JS LOG'), ('LANGUAGE', 'ru'), ('LC_TIME', 'ru_RU.UTF-8'), ('USER', 'eragon'), ('XDG_SESSION_TYPE', 'wayland'), ('LD_LIBRARY_PATH', '/home/eragon/student133_ws/install/test_custom_srv/lib:/home/eragon/student133_ws/install/test_custom_msg/lib:/opt/ros/humble/opt/rviz_ogre_vendor/lib:/opt/ros/humble/lib/x86_64-linux-gnu:/opt/ros/humble/lib'), ('SHLVL', '1'), ('HOME', '/home/eragon'), ('DESKTOP_SESSION', 'ubuntu'), ('QTDIR', '/usr/lib/x86_64-linux-gnu/qt5'), ('GIO_LAUNCHED_DESKTOP_FILE', '/home/eragon/.local/share/applications/org.qt-project.qtcreator.desktop'), ('GNOME_SHELL_SESSION_MODE', 'ubuntu'), ('GTK_MODULES', 'gail:atk-bridge'), ('ROS_PYTHON_VERSION', '3'), ('LC_MONETARY', 'ru_RU.UTF-8'), ('MANAGERPID', '876'), ('DBUS_SESSION_BUS_ADDRESS', 'unix:path'), ('SYSTEMD_EXEC_PID', '1057'), ('GIO_LAUNCHED_DESKTOP_FILE_PID', '1927'), ('COLCON_PREFIX_PATH', '/home/eragon/student133_ws/install'), ('IM_CONFIG_PHASE', '1'), ('ROS_DISTRO', 'humble'), ('WAYLAND_DISPLAY', 'wayland-0'), ('LOGNAME', 'eragon'), ('JOURNAL_STREAM', '8:6614'), ('_', '/usr/bin/env'), ('ROS_VERSION', '2'), ('XDG_SESSION_CLASS', 'user'), ('QSG_RHI_BACKEND', 'opengl'), ('USERNAME', 'eragon'), ('GNOME_DESKTOP_SESSION_ID', 'this-is-deprecated'), ('ROS_LOCALHOST_ONLY', '0'), ('PATH', '/opt/ros/humble/bin:/home/eragon/.local/bin:/usr/local/sbin:/usr/local/bin:/usr/sbin:/usr/bin:/sbin:/bin:/usr/games:/usr/local/games:/snap/bin:/snap/bin'), ('INVOCATION_ID', 'b18f9fdae77342fc8d74a505188f4ffa'), ('PAPERSIZE', 'a4'), ('SESSION_MANAGER', 'local/eragon-KPL-W0X:@/tmp/.ICE-unix/1024,unix/eragon-KPL-W0X:/tmp/.ICE-unix/1024'), ('GNOME_SETUP_DISPLAY', ':1'), ('LC_ADDRESS', 'ru_RU.UTF-8'), ('XDG_MENU_PREFIX', 'gnome-'), ('XDG_RUNTIME_DIR', '/run/user/1000'), ('DISPLAY', ':0'), ('LANG', 'ru_RU.UTF-8'), ('LC_TELEPHONE', 'ru_RU.UTF-8'), ('XDG_CURRENT_DESKTOP', 'ubuntu:GNOME'), ('XAUTHORITY', '/run/user/1000/.mutter-Xwaylandauth.N2KFX2'), ('XDG_SESSION_DESKTOP', 'ubuntu'), ('XMODIFIERS', '@im'), ('AMENT_PREFIX_PATH', '/home/eragon/student133_ws/install/test_visualization:/home/eragon/student133_ws/install/test_tf_broadcaster:/home/eragon/student133_ws/install/test_subscriber:/home/eragon/student133_ws/install/test_service:/home/eragon/student133_ws/install/test_serial_communication:/home/eragon/student133_ws/install/test_publisher:/home/eragon/student133_ws/install/test_pkg:/home/eragon/student133_ws/install/test_parameters:/home/eragon/student133_ws/install/test_custom_srv:/home/eragon/student133_ws/install/test_custom_publisher:/home/eragon/student133_ws/install/test_custom_msg:/home/eragon/student133_ws/install/test_client:/home/eragon/student133_ws/install/test_castom_publisher:/home/eragon/student133_ws/install/test_basic_publisher:/home/eragon/student133_ws/install/custom_counter:/opt/ros/humble'), ('SSH_AGENT_LAUNCHER', 'gnome-keyring'), ('SSH_AUTH_SOCK', '/run/user/1000/keyring/ssh'), ('LC_NAME', 'ru_RU.UTF-8'), ('SHELL', '/bin/bash'), ('GDMSESSION', 'ubuntu'), ('QT_ACCESSIBILITY', '1'), ('LC_MEASUREMENT', 'ru_RU.UTF-8'), ('GJS_DEBUG_OUTPUT', 'stderr'), ('LC_IDENTIFICATION', 'ru_RU.UTF-8'), ('QT_IM_MODULE', 'ibus'), ('LC_ALL', 'en_US.UTF-8'), ('PWD', '/home/eragon/student133_ws/build/test_client'), ('QT_QPA_PLATFORM', 'xcb'), ('XDG_CONFIG_DIRS', '/etc/xdg/xdg-ubuntu:/etc/xdg'), ('XDG_DATA_DIRS', '/usr/share/ubuntu:/usr/local/share/:/usr/share/:/var/lib/snapd/desktop'), ('LC_NUMERIC', 'ru_RU.UTF-8'), ('PYTHONPATH', '/home/eragon/student133_ws/install/test_custom_srv/local/lib/python3.10/dist-packages:/home/eragon/student133_ws/install/test_custom_msg/local/lib/python3.10/dist-packages:/opt/ros/humble/lib/python3.10/site-packages:/opt/ros/humble/local/lib/python3.10/dist-packages'), ('LC_PAPER', 'ru_RU.UTF-8'), ('COLCON', '1'), ('CMAKE_PREFIX_PATH', '/home/eragon/student133_ws/install/test_visualization:/home/eragon/student133_ws/install/test_tf_broadcaster:/home/eragon/student133_ws/install/test_subscriber:/home/eragon/student133_ws/install/test_service:/home/eragon/student133_ws/install/test_serial_communication:/home/eragon/student133_ws/install/test_publisher:/home/eragon/student133_ws/install/test_pkg:/home/eragon/student133_ws/install/test_parameters:/home/eragon/student133_ws/install/test_custom_srv:/home/eragon/student133_ws/install/test_custom_publisher:/home/eragon/student133_ws/install/test_custom_msg:/home/eragon/student133_ws/install/test_client:/home/eragon/student133_ws/install/test_castom_publisher:/home/eragon/student133_ws/install/test_basic_publisher:/home/eragon/student133_ws/install/custom_counter:/opt/ros/humble')]), 'shell': False}
[0.555634] (custom_counter) StdoutLine: {'line': b'-- Install configuration: "Debug"\n'}
[0.562622] (custom_counter) StdoutLine: {'line': b'-- Up-to-date: /home/eragon/student133_ws/install/custom_counter/lib/custom_counter/custom_counter_node\n'}
[0.562850] (custom_counter) StdoutLine: {'line': b'-- Up-to-date: /home/eragon/student133_ws/install/custom_counter/share/ament_index/resource_index/package_run_dependencies/custom_counter\n'}
[0.563010] (custom_counter) StdoutLine: {'line': b'-- Up-to-date: /home/eragon/student133_ws/install/custom_counter/share/ament_index/resource_index/parent_prefix_path/custom_counter\n'}
[0.563162] (custom_counter) StdoutLine: {'line': b'-- Up-to-date: /home/eragon/student133_ws/install/custom_counter/share/custom_counter/environment/ament_prefix_path.sh\n'}
[0.563324] (custom_counter) StdoutLine: {'line': b'-- Up-to-date: /home/eragon/student133_ws/install/custom_counter/share/custom_counter/environment/ament_prefix_path.dsv\n'}
[0.563488] (custom_counter) StdoutLine: {'line': b'-- Up-to-date: /home/eragon/student133_ws/install/custom_counter/share/custom_counter/environment/path.sh\n'}
[0.563625] (custom_counter) StdoutLine: {'line': b'-- Up-to-date: /home/eragon/student133_ws/install/custom_counter/share/custom_counter/environment/path.dsv\n'}
[0.563762] (custom_counter) StdoutLine: {'line': b'-- Up-to-date: /home/eragon/student133_ws/install/custom_counter/share/custom_counter/local_setup.bash\n'}
[0.563901] (custom_counter) StdoutLine: {'line': b'-- Up-to-date: /home/eragon/student133_ws/install/custom_counter/share/custom_counter/local_setup.sh\n'}
[0.564040] (custom_counter) StdoutLine: {'line': b'-- Up-to-date: /home/eragon/student133_ws/install/custom_counter/share/custom_counter/local_setup.zsh\n'}
[0.564195] (custom_counter) StdoutLine: {'line': b'-- Up-to-date: /home/eragon/student133_ws/install/custom_counter/share/custom_counter/local_setup.dsv\n'}
[0.564853] (custom_counter) StdoutLine: {'line': b'-- Installing: /home/eragon/student133_ws/install/custom_counter/share/custom_counter/package.dsv\n'}
[0.565064] (custom_counter) StdoutLine: {'line': b'-- Up-to-date: /home/eragon/student133_ws/install/custom_counter/share/ament_index/resource_index/packages/custom_counter\n'}
[0.567793] (custom_counter) StdoutLine: {'line': b'-- Up-to-date: /home/eragon/student133_ws/install/custom_counter/share/custom_counter/cmake/custom_counterConfig.cmake\n'}
[0.570190] (custom_counter) StdoutLine: {'line': b'-- Up-to-date: /home/eragon/student133_ws/install/custom_counter/share/custom_counter/cmake/custom_counterConfig-version.cmake\n'}
[0.570381] (custom_counter) StdoutLine: {'line': b'-- Up-to-date: /home/eragon/student133_ws/install/custom_counter/share/custom_counter/package.xml\n'}
[0.570544] (test_basic_publisher) StdoutLine: {'line': b'-- Install configuration: "Debug"\n'}
[0.570711] (test_basic_publisher) StdoutLine: {'line': b'-- Up-to-date: /home/eragon/student133_ws/install/test_basic_publisher/lib/test_basic_publisher/test_basic_publisher\n'}
[0.570941] (test_basic_publisher) StdoutLine: {'line': b'-- Up-to-date: /home/eragon/student133_ws/install/test_basic_publisher/share/ament_index/resource_index/package_run_dependencies/test_basic_publisher\n'}
[0.571105] (test_basic_publisher) StdoutLine: {'line': b'-- Up-to-date: /home/eragon/student133_ws/install/test_basic_publisher/share/ament_index/resource_index/parent_prefix_path/test_basic_publisher\n'}
[0.571258] (test_basic_publisher) StdoutLine: {'line': b'-- Up-to-date: /home/eragon/student133_ws/install/test_basic_publisher/share/test_basic_publisher/environment/ament_prefix_path.sh\n'}
[0.571464] (test_basic_publisher) StdoutLine: {'line': b'-- Up-to-date: /home/eragon/student133_ws/install/test_basic_publisher/share/test_basic_publisher/environment/ament_prefix_path.dsv\n'}
[0.571627] (test_basic_publisher) StdoutLine: {'line': b'-- Up-to-date: /home/eragon/student133_ws/install/test_basic_publisher/share/test_basic_publisher/environment/path.sh\n'}
[0.571776] (test_basic_publisher) StdoutLine: {'line': b'-- Up-to-date: /home/eragon/student133_ws/install/test_basic_publisher/share/test_basic_publisher/environment/path.dsv\n'}
[0.571952] (test_basic_publisher) StdoutLine: {'line': b'-- Up-to-date: /home/eragon/student133_ws/install/test_basic_publisher/share/test_basic_publisher/local_setup.bash\n'}
[0.572110] (test_basic_publisher) StdoutLine: {'line': b'-- Up-to-date: /home/eragon/student133_ws/install/test_basic_publisher/share/test_basic_publisher/local_setup.sh\n'}
[0.572268] (test_basic_publisher) StdoutLine: {'line': b'-- Up-to-date: /home/eragon/student133_ws/install/test_basic_publisher/share/test_basic_publisher/local_setup.zsh\n'}
[0.572449] (test_basic_publisher) StdoutLine: {'line': b'-- Up-to-date: /home/eragon/student133_ws/install/test_basic_publisher/share/test_basic_publisher/local_setup.dsv\n'}
[0.572625] (test_basic_publisher) StdoutLine: {'line': b'-- Installing: /home/eragon/student133_ws/install/test_basic_publisher/share/test_basic_publisher/package.dsv\n'}
[0.572780] (test_basic_publisher) StdoutLine: {'line': b'-- Up-to-date: /home/eragon/student133_ws/install/test_basic_publisher/share/ament_index/resource_index/packages/test_basic_publisher\n'}
[0.572934] (test_basic_publisher) StdoutLine: {'line': b'-- Up-to-date: /home/eragon/student133_ws/install/test_basic_publisher/share/test_basic_publisher/cmake/test_basic_publisherConfig.cmake\n'}
[0.573099] (test_basic_publisher) StdoutLine: {'line': b'-- Up-to-date: /home/eragon/student133_ws/install/test_basic_publisher/share/test_basic_publisher/cmake/test_basic_publisherConfig-version.cmake\n'}
[0.573252] (test_basic_publisher) StdoutLine: {'line': b'-- Up-to-date: /home/eragon/student133_ws/install/test_basic_publisher/share/test_basic_publisher/package.xml\n'}
[0.573434] (test_custom_msg) StdoutLine: {'line': b'[ 74%] Built target test_custom_msg\n'}
[0.573633] (custom_counter) CommandEnded: {'returncode': 0}
[0.607663] (test_basic_publisher) CommandEnded: {'returncode': 0}
[0.615024] (-) TimerEvent: {}
[0.635683] (test_parameters) StdoutLine: {'line': b'-- Install configuration: "Debug"\n'}
[0.636538] (test_parameters) StdoutLine: {'line': b'-- Up-to-date: /home/eragon/student133_ws/install/test_parameters/share/test_parameters/launch\n'}
[0.636723] (test_parameters) StdoutLine: {'line': b'-- Up-to-date: /home/eragon/student133_ws/install/test_parameters/share/test_parameters/launch/test_parameters_launch.py\n'}
[0.636871] (test_parameters) StdoutLine: {'line': b'-- Up-to-date: /home/eragon/student133_ws/install/test_parameters/lib/test_parameters/test_parameters_node\n'}
[0.637013] (test_parameters) StdoutLine: {'line': b'-- Up-to-date: /home/eragon/student133_ws/install/test_parameters/share/ament_index/resource_index/package_run_dependencies/test_parameters\n'}
[0.637154] (test_parameters) StdoutLine: {'line': b'-- Up-to-date: /home/eragon/student133_ws/install/test_parameters/share/ament_index/resource_index/parent_prefix_path/test_parameters\n'}
[0.637315] (test_parameters) StdoutLine: {'line': b'-- Up-to-date: /home/eragon/student133_ws/install/test_parameters/share/test_parameters/environment/ament_prefix_path.sh\n'}
[0.637487] (test_parameters) StdoutLine: {'line': b'-- Up-to-date: /home/eragon/student133_ws/install/test_parameters/share/test_parameters/environment/ament_prefix_path.dsv\n'}
[0.637627] (test_parameters) StdoutLine: {'line': b'-- Up-to-date: /home/eragon/student133_ws/install/test_parameters/share/test_parameters/environment/path.sh\n'}
[0.637771] (test_parameters) StdoutLine: {'line': b'-- Up-to-date: /home/eragon/student133_ws/install/test_parameters/share/test_parameters/environment/path.dsv\n'}
[0.637922] (test_parameters) StdoutLine: {'line': b'-- Up-to-date: /home/eragon/student133_ws/install/test_parameters/share/test_parameters/local_setup.bash\n'}
[0.638053] (test_parameters) StdoutLine: {'line': b'-- Up-to-date: /home/eragon/student133_ws/install/test_parameters/share/test_parameters/local_setup.sh\n'}
[0.638198] (test_parameters) StdoutLine: {'line': b'-- Up-to-date: /home/eragon/student133_ws/install/test_parameters/share/test_parameters/local_setup.zsh\n'}
[0.638378] (test_parameters) StdoutLine: {'line': b'-- Up-to-date: /home/eragon/student133_ws/install/test_parameters/share/test_parameters/local_setup.dsv\n'}
[0.638567] (test_parameters) StdoutLine: {'line': b'-- Installing: /home/eragon/student133_ws/install/test_parameters/share/test_parameters/package.dsv\n'}
[0.638716] (test_parameters) StdoutLine: {'line': b'-- Up-to-date: /home/eragon/student133_ws/install/test_parameters/share/ament_index/resource_index/packages/test_parameters\n'}
[0.638867] (test_parameters) StdoutLine: {'line': b'-- Up-to-date: /home/eragon/student133_ws/install/test_parameters/share/test_parameters/cmake/test_parametersConfig.cmake\n'}
[0.639005] (test_parameters) StdoutLine: {'line': b'-- Up-to-date: /home/eragon/student133_ws/install/test_parameters/share/test_parameters/cmake/test_parametersConfig-version.cmake\n'}
[0.639144] (test_parameters) StdoutLine: {'line': b'-- Up-to-date: /home/eragon/student133_ws/install/test_parameters/share/test_parameters/package.xml\n'}
[0.639286] (test_client) StdoutLine: {'line': b'-- Install configuration: "Debug"\n'}
[0.645740] (test_client) StdoutLine: {'line': b'-- Up-to-date: /home/eragon/student133_ws/install/test_client/lib/test_client/test_client_node\n'}
[0.645910] (test_client) StdoutLine: {'line': b'-- Up-to-date: /home/eragon/student133_ws/install/test_client/lib/test_client/client_triangle\n'}
[0.646040] (test_client) StdoutLine: {'line': b'-- Up-to-date: /home/eragon/student133_ws/install/test_client/lib/test_client/client_triangle\n'}
[0.646171] (test_client) StdoutLine: {'line': b'-- Up-to-date: /home/eragon/student133_ws/install/test_client/share/ament_index/resource_index/package_run_dependencies/test_client\n'}
[0.646318] (test_client) StdoutLine: {'line': b'-- Up-to-date: /home/eragon/student133_ws/install/test_client/share/ament_index/resource_index/parent_prefix_path/test_client\n'}
[0.646473] (test_client) StdoutLine: {'line': b'-- Up-to-date: /home/eragon/student133_ws/install/test_client/share/test_client/environment/ament_prefix_path.sh\n'}
[0.646604] (test_client) StdoutLine: {'line': b'-- Up-to-date: /home/eragon/student133_ws/install/test_client/share/test_client/environment/ament_prefix_path.dsv\n'}
[0.646733] (test_client) StdoutLine: {'line': b'-- Up-to-date: /home/eragon/student133_ws/install/test_client/share/test_client/environment/path.sh\n'}
[0.646858] (test_client) StdoutLine: {'line': b'-- Up-to-date: /home/eragon/student133_ws/install/test_client/share/test_client/environment/path.dsv\n'}
[0.646984] (test_client) StdoutLine: {'line': b'-- Up-to-date: /home/eragon/student133_ws/install/test_client/share/test_client/local_setup.bash\n'}
[0.647112] (test_client) StdoutLine: {'line': b'-- Up-to-date: /home/eragon/student133_ws/install/test_client/share/test_client/local_setup.sh\n'}
[0.647241] (test_client) StdoutLine: {'line': b'-- Up-to-date: /home/eragon/student133_ws/install/test_client/share/test_client/local_setup.zsh\n'}
[0.647414] (test_client) StdoutLine: {'line': b'-- Up-to-date: /home/eragon/student133_ws/install/test_client/share/test_client/local_setup.dsv\n'}
[0.647551] (test_client) StdoutLine: {'line': b'-- Installing: /home/eragon/student133_ws/install/test_client/share/test_client/package.dsv\n'}
[0.647682] (test_client) StdoutLine: {'line': b'-- Up-to-date: /home/eragon/student133_ws/install/test_client/share/ament_index/resource_index/packages/test_client\n'}
[0.647818] (test_client) StdoutLine: {'line': b'-- Up-to-date: /home/eragon/student133_ws/install/test_client/share/test_client/cmake/test_clientConfig.cmake\n'}
[0.647950] (test_client) StdoutLine: {'line': b'-- Up-to-date: /home/eragon/student133_ws/install/test_client/share/test_client/cmake/test_clientConfig-version.cmake\n'}
[0.648081] (test_client) StdoutLine: {'line': b'-- Up-to-date: /home/eragon/student133_ws/install/test_client/share/test_client/package.xml\n'}
[0.648212] (test_custom_srv) StdoutLine: {'line': b'[ 74%] Built target test_custom_srv\n'}
[0.648405] (test_custom_msg) StdoutLine: {'line': b'[ 76%] Built target test_custom_msg__py\n'}
[0.648577] (test_parameters) CommandEnded: {'returncode': 0}
[0.676072] (test_client) CommandEnded: {'returncode': 0}
[0.696550] (test_pkg) JobProgress: {'identifier': 'test_pkg', 'progress': 'install'}
[0.702132] (test_pkg) Command: {'cmd': ['/usr/bin/cmake', '--install', '/home/eragon/student133_ws/build/test_pkg'], 'cwd': '/home/eragon/student133_ws/build/test_pkg', 'env': OrderedDict([('GJS_DEBUG_TOPICS', 'JS ERROR;JS LOG'), ('LANGUAGE', 'ru'), ('LC_TIME', 'ru_RU.UTF-8'), ('USER', 'eragon'), ('XDG_SESSION_TYPE', 'wayland'), ('LD_LIBRARY_PATH', '/home/eragon/student133_ws/install/test_custom_srv/lib:/home/eragon/student133_ws/install/test_custom_msg/lib:/opt/ros/humble/opt/rviz_ogre_vendor/lib:/opt/ros/humble/lib/x86_64-linux-gnu:/opt/ros/humble/lib'), ('SHLVL', '1'), ('HOME', '/home/eragon'), ('DESKTOP_SESSION', 'ubuntu'), ('QTDIR', '/usr/lib/x86_64-linux-gnu/qt5'), ('GIO_LAUNCHED_DESKTOP_FILE', '/home/eragon/.local/share/applications/org.qt-project.qtcreator.desktop'), ('GNOME_SHELL_SESSION_MODE', 'ubuntu'), ('GTK_MODULES', 'gail:atk-bridge'), ('ROS_PYTHON_VERSION', '3'), ('LC_MONETARY', 'ru_RU.UTF-8'), ('MANAGERPID', '876'), ('DBUS_SESSION_BUS_ADDRESS', 'unix:path'), ('SYSTEMD_EXEC_PID', '1057'), ('GIO_LAUNCHED_DESKTOP_FILE_PID', '1927'), ('COLCON_PREFIX_PATH', '/home/eragon/student133_ws/install'), ('IM_CONFIG_PHASE', '1'), ('ROS_DISTRO', 'humble'), ('WAYLAND_DISPLAY', 'wayland-0'), ('LOGNAME', 'eragon'), ('JOURNAL_STREAM', '8:6614'), ('_', '/usr/bin/env'), ('ROS_VERSION', '2'), ('XDG_SESSION_CLASS', 'user'), ('QSG_RHI_BACKEND', 'opengl'), ('USERNAME', 'eragon'), ('GNOME_DESKTOP_SESSION_ID', 'this-is-deprecated'), ('ROS_LOCALHOST_ONLY', '0'), ('PATH', '/opt/ros/humble/bin:/home/eragon/.local/bin:/usr/local/sbin:/usr/local/bin:/usr/sbin:/usr/bin:/sbin:/bin:/usr/games:/usr/local/games:/snap/bin:/snap/bin'), ('INVOCATION_ID', 'b18f9fdae77342fc8d74a505188f4ffa'), ('PAPERSIZE', 'a4'), ('SESSION_MANAGER', 'local/eragon-KPL-W0X:@/tmp/.ICE-unix/1024,unix/eragon-KPL-W0X:/tmp/.ICE-unix/1024'), ('GNOME_SETUP_DISPLAY', ':1'), ('LC_ADDRESS', 'ru_RU.UTF-8'), ('XDG_MENU_PREFIX', 'gnome-'), ('XDG_RUNTIME_DIR', '/run/user/1000'), ('DISPLAY', ':0'), ('LANG', 'ru_RU.UTF-8'), ('LC_TELEPHONE', 'ru_RU.UTF-8'), ('XDG_CURRENT_DESKTOP', 'ubuntu:GNOME'), ('XAUTHORITY', '/run/user/1000/.mutter-Xwaylandauth.N2KFX2'), ('XDG_SESSION_DESKTOP', 'ubuntu'), ('XMODIFIERS', '@im'), ('AMENT_PREFIX_PATH', '/home/eragon/student133_ws/install/test_visualization:/home/eragon/student133_ws/install/test_tf_broadcaster:/home/eragon/student133_ws/install/test_subscriber:/home/eragon/student133_ws/install/test_service:/home/eragon/student133_ws/install/test_serial_communication:/home/eragon/student133_ws/install/test_publisher:/home/eragon/student133_ws/install/test_pkg:/home/eragon/student133_ws/install/test_parameters:/home/eragon/student133_ws/install/test_custom_srv:/home/eragon/student133_ws/install/test_custom_publisher:/home/eragon/student133_ws/install/test_custom_msg:/home/eragon/student133_ws/install/test_client:/home/eragon/student133_ws/install/test_castom_publisher:/home/eragon/student133_ws/install/test_basic_publisher:/home/eragon/student133_ws/install/custom_counter:/opt/ros/humble'), ('SSH_AGENT_LAUNCHER', 'gnome-keyring'), ('SSH_AUTH_SOCK', '/run/user/1000/keyring/ssh'), ('LC_NAME', 'ru_RU.UTF-8'), ('SHELL', '/bin/bash'), ('GDMSESSION', 'ubuntu'), ('QT_ACCESSIBILITY', '1'), ('LC_MEASUREMENT', 'ru_RU.UTF-8'), ('GJS_DEBUG_OUTPUT', 'stderr'), ('LC_IDENTIFICATION', 'ru_RU.UTF-8'), ('QT_IM_MODULE', 'ibus'), ('LC_ALL', 'en_US.UTF-8'), ('PWD', '/home/eragon/student133_ws/build/test_pkg'), ('QT_QPA_PLATFORM', 'xcb'), ('XDG_CONFIG_DIRS', '/etc/xdg/xdg-ubuntu:/etc/xdg'), ('XDG_DATA_DIRS', '/usr/share/ubuntu:/usr/local/share/:/usr/share/:/var/lib/snapd/desktop'), ('LC_NUMERIC', 'ru_RU.UTF-8'), ('PYTHONPATH', '/home/eragon/student133_ws/install/test_custom_srv/local/lib/python3.10/dist-packages:/home/eragon/student133_ws/install/test_custom_msg/local/lib/python3.10/dist-packages:/opt/ros/humble/lib/python3.10/site-packages:/opt/ros/humble/local/lib/python3.10/dist-packages'), ('LC_PAPER', 'ru_RU.UTF-8'), ('COLCON', '1'), ('CMAKE_PREFIX_PATH', '/home/eragon/student133_ws/install/test_visualization:/home/eragon/student133_ws/install/test_tf_broadcaster:/home/eragon/student133_ws/install/test_subscriber:/home/eragon/student133_ws/install/test_service:/home/eragon/student133_ws/install/test_serial_communication:/home/eragon/student133_ws/install/test_publisher:/home/eragon/student133_ws/install/test_pkg:/home/eragon/student133_ws/install/test_parameters:/home/eragon/student133_ws/install/test_custom_srv:/home/eragon/student133_ws/install/test_custom_publisher:/home/eragon/student133_ws/install/test_custom_msg:/home/eragon/student133_ws/install/test_client:/home/eragon/student133_ws/install/test_castom_publisher:/home/eragon/student133_ws/install/test_basic_publisher:/home/eragon/student133_ws/install/custom_counter:/opt/ros/humble')]), 'shell': False}
[0.705135] (test_custom_publisher) JobProgress: {'identifier': 'test_custom_publisher', 'progress': 'install'}
[0.705252] (test_custom_publisher) Command: {'cmd': ['/usr/bin/cmake', '--install', '/home/eragon/student133_ws/build/test_custom_publisher'], 'cwd': '/home/eragon/student133_ws/build/test_custom_publisher', 'env': OrderedDict([('GJS_DEBUG_TOPICS', 'JS ERROR;JS LOG'), ('LANGUAGE', 'ru'), ('LC_TIME', 'ru_RU.UTF-8'), ('USER', 'eragon'), ('XDG_SESSION_TYPE', 'wayland'), ('LD_LIBRARY_PATH', '/home/eragon/student133_ws/install/test_custom_srv/lib:/home/eragon/student133_ws/install/test_custom_msg/lib:/opt/ros/humble/opt/rviz_ogre_vendor/lib:/opt/ros/humble/lib/x86_64-linux-gnu:/opt/ros/humble/lib'), ('SHLVL', '1'), ('HOME', '/home/eragon'), ('DESKTOP_SESSION', 'ubuntu'), ('QTDIR', '/usr/lib/x86_64-linux-gnu/qt5'), ('GIO_LAUNCHED_DESKTOP_FILE', '/home/eragon/.local/share/applications/org.qt-project.qtcreator.desktop'), ('GNOME_SHELL_SESSION_MODE', 'ubuntu'), ('GTK_MODULES', 'gail:atk-bridge'), ('ROS_PYTHON_VERSION', '3'), ('LC_MONETARY', 'ru_RU.UTF-8'), ('MANAGERPID', '876'), ('DBUS_SESSION_BUS_ADDRESS', 'unix:path'), ('SYSTEMD_EXEC_PID', '1057'), ('GIO_LAUNCHED_DESKTOP_FILE_PID', '1927'), ('COLCON_PREFIX_PATH', '/home/eragon/student133_ws/install'), ('IM_CONFIG_PHASE', '1'), ('ROS_DISTRO', 'humble'), ('WAYLAND_DISPLAY', 'wayland-0'), ('LOGNAME', 'eragon'), ('JOURNAL_STREAM', '8:6614'), ('_', '/usr/bin/env'), ('ROS_VERSION', '2'), ('XDG_SESSION_CLASS', 'user'), ('QSG_RHI_BACKEND', 'opengl'), ('USERNAME', 'eragon'), ('GNOME_DESKTOP_SESSION_ID', 'this-is-deprecated'), ('ROS_LOCALHOST_ONLY', '0'), ('PATH', '/opt/ros/humble/bin:/home/eragon/.local/bin:/usr/local/sbin:/usr/local/bin:/usr/sbin:/usr/bin:/sbin:/bin:/usr/games:/usr/local/games:/snap/bin:/snap/bin'), ('INVOCATION_ID', 'b18f9fdae77342fc8d74a505188f4ffa'), ('PAPERSIZE', 'a4'), ('SESSION_MANAGER', 'local/eragon-KPL-W0X:@/tmp/.ICE-unix/1024,unix/eragon-KPL-W0X:/tmp/.ICE-unix/1024'), ('GNOME_SETUP_DISPLAY', ':1'), ('LC_ADDRESS', 'ru_RU.UTF-8'), ('XDG_MENU_PREFIX', 'gnome-'), ('XDG_RUNTIME_DIR', '/run/user/1000'), ('DISPLAY', ':0'), ('LANG', 'ru_RU.UTF-8'), ('LC_TELEPHONE', 'ru_RU.UTF-8'), ('XDG_CURRENT_DESKTOP', 'ubuntu:GNOME'), ('XAUTHORITY', '/run/user/1000/.mutter-Xwaylandauth.N2KFX2'), ('XDG_SESSION_DESKTOP', 'ubuntu'), ('XMODIFIERS', '@im'), ('AMENT_PREFIX_PATH', '/home/eragon/student133_ws/install/test_visualization:/home/eragon/student133_ws/install/test_tf_broadcaster:/home/eragon/student133_ws/install/test_subscriber:/home/eragon/student133_ws/install/test_service:/home/eragon/student133_ws/install/test_serial_communication:/home/eragon/student133_ws/install/test_publisher:/home/eragon/student133_ws/install/test_pkg:/home/eragon/student133_ws/install/test_parameters:/home/eragon/student133_ws/install/test_custom_srv:/home/eragon/student133_ws/install/test_custom_publisher:/home/eragon/student133_ws/install/test_custom_msg:/home/eragon/student133_ws/install/test_client:/home/eragon/student133_ws/install/test_castom_publisher:/home/eragon/student133_ws/install/test_basic_publisher:/home/eragon/student133_ws/install/custom_counter:/opt/ros/humble'), ('SSH_AGENT_LAUNCHER', 'gnome-keyring'), ('SSH_AUTH_SOCK', '/run/user/1000/keyring/ssh'), ('LC_NAME', 'ru_RU.UTF-8'), ('SHELL', '/bin/bash'), ('GDMSESSION', 'ubuntu'), ('QT_ACCESSIBILITY', '1'), ('LC_MEASUREMENT', 'ru_RU.UTF-8'), ('GJS_DEBUG_OUTPUT', 'stderr'), ('LC_IDENTIFICATION', 'ru_RU.UTF-8'), ('QT_IM_MODULE', 'ibus'), ('LC_ALL', 'en_US.UTF-8'), ('PWD', '/home/eragon/student133_ws/build/test_custom_publisher'), ('QT_QPA_PLATFORM', 'xcb'), ('XDG_CONFIG_DIRS', '/etc/xdg/xdg-ubuntu:/etc/xdg'), ('XDG_DATA_DIRS', '/usr/share/ubuntu:/usr/local/share/:/usr/share/:/var/lib/snapd/desktop'), ('LC_NUMERIC', 'ru_RU.UTF-8'), ('PYTHONPATH', '/home/eragon/student133_ws/install/test_custom_srv/local/lib/python3.10/dist-packages:/home/eragon/student133_ws/install/test_custom_msg/local/lib/python3.10/dist-packages:/opt/ros/humble/lib/python3.10/site-packages:/opt/ros/humble/local/lib/python3.10/dist-packages'), ('LC_PAPER', 'ru_RU.UTF-8'), ('COLCON', '1'), ('CMAKE_PREFIX_PATH', '/home/eragon/student133_ws/install/test_visualization:/home/eragon/student133_ws/install/test_tf_broadcaster:/home/eragon/student133_ws/install/test_subscriber:/home/eragon/student133_ws/install/test_service:/home/eragon/student133_ws/install/test_serial_communication:/home/eragon/student133_ws/install/test_publisher:/home/eragon/student133_ws/install/test_pkg:/home/eragon/student133_ws/install/test_parameters:/home/eragon/student133_ws/install/test_custom_srv:/home/eragon/student133_ws/install/test_custom_publisher:/home/eragon/student133_ws/install/test_custom_msg:/home/eragon/student133_ws/install/test_client:/home/eragon/student133_ws/install/test_castom_publisher:/home/eragon/student133_ws/install/test_basic_publisher:/home/eragon/student133_ws/install/custom_counter:/opt/ros/humble')]), 'shell': False}
[0.715266] (-) TimerEvent: {}
[0.726718] (test_custom_srv) StdoutLine: {'line': b'[ 76%] Built target test_custom_srv__py\n'}
[0.727027] (test_custom_msg) StdoutLine: {'line': b'[ 84%] Built target test_custom_msg__rosidl_generator_py\n'}
[0.756471] (custom_counter) JobEnded: {'identifier': 'custom_counter', 'rc': 0}
[0.758644] (test_publisher) JobStarted: {'identifier': 'test_publisher'}
[0.786419] (test_pkg) StdoutLine: {'line': b'-- Install configuration: "Debug"\n'}
[0.786730] (test_pkg) StdoutLine: {'line': b'-- Up-to-date: /home/eragon/student133_ws/install/test_pkg/lib/test_pkg/test_pkg_node\n'}
[0.786918] (test_pkg) StdoutLine: {'line': b'-- Up-to-date: /home/eragon/student133_ws/install/test_pkg/share/ament_index/resource_index/package_run_dependencies/test_pkg\n'}
[0.787082] (test_pkg) StdoutLine: {'line': b'-- Up-to-date: /home/eragon/student133_ws/install/test_pkg/share/ament_index/resource_index/parent_prefix_path/test_pkg\n'}
[0.787239] (test_pkg) StdoutLine: {'line': b'-- Up-to-date: /home/eragon/student133_ws/install/test_pkg/share/test_pkg/environment/ament_prefix_path.sh\n'}
[0.787439] (test_pkg) StdoutLine: {'line': b'-- Up-to-date: /home/eragon/student133_ws/install/test_pkg/share/test_pkg/environment/ament_prefix_path.dsv\n'}
[0.787600] (test_pkg) StdoutLine: {'line': b'-- Up-to-date: /home/eragon/student133_ws/install/test_pkg/share/test_pkg/environment/path.sh\n'}
[0.787755] (test_pkg) StdoutLine: {'line': b'-- Up-to-date: /home/eragon/student133_ws/install/test_pkg/share/test_pkg/environment/path.dsv\n'}
[0.787906] (test_pkg) StdoutLine: {'line': b'-- Up-to-date: /home/eragon/student133_ws/install/test_pkg/share/test_pkg/local_setup.bash\n'}
[0.788055] (test_pkg) StdoutLine: {'line': b'-- Up-to-date: /home/eragon/student133_ws/install/test_pkg/share/test_pkg/local_setup.sh\n'}
[0.788206] (test_pkg) StdoutLine: {'line': b'-- Up-to-date: /home/eragon/student133_ws/install/test_pkg/share/test_pkg/local_setup.zsh\n'}
[0.788381] (test_pkg) StdoutLine: {'line': b'-- Up-to-date: /home/eragon/student133_ws/install/test_pkg/share/test_pkg/local_setup.dsv\n'}
[0.788550] (test_pkg) StdoutLine: {'line': b'-- Installing: /home/eragon/student133_ws/install/test_pkg/share/test_pkg/package.dsv\n'}
[0.788701] (test_pkg) StdoutLine: {'line': b'-- Up-to-date: /home/eragon/student133_ws/install/test_pkg/share/ament_index/resource_index/packages/test_pkg\n'}
[0.788880] (test_pkg) StdoutLine: {'line': b'-- Up-to-date: /home/eragon/student133_ws/install/test_pkg/share/test_pkg/cmake/test_pkgConfig.cmake\n'}
[0.789033] (test_pkg) StdoutLine: {'line': b'-- Up-to-date: /home/eragon/student133_ws/install/test_pkg/share/test_pkg/cmake/test_pkgConfig-version.cmake\n'}
[0.789186] (test_pkg) StdoutLine: {'line': b'-- Up-to-date: /home/eragon/student133_ws/install/test_pkg/share/test_pkg/package.xml\n'}
[0.789366] (test_custom_publisher) StdoutLine: {'line': b'-- Install configuration: "Debug"\n'}
[0.789542] (test_custom_publisher) StdoutLine: {'line': b'-- Up-to-date: /home/eragon/student133_ws/install/test_custom_publisher/lib/test_custom_publisher/test_custom_publisher_node\n'}
[0.789687] (test_custom_publisher) StdoutLine: {'line': b'-- Up-to-date: /home/eragon/student133_ws/install/test_custom_publisher/lib/test_custom_publisher/Triangle_node\n'}
[0.789827] (test_custom_publisher) StdoutLine: {'line': b'-- Up-to-date: /home/eragon/student133_ws/install/test_custom_publisher/share/ament_index/resource_index/package_run_dependencies/test_custom_publisher\n'}
[0.789969] (test_custom_publisher) StdoutLine: {'line': b'-- Up-to-date: /home/eragon/student133_ws/install/test_custom_publisher/share/ament_index/resource_index/parent_prefix_path/test_custom_publisher\n'}
[0.790108] (test_custom_publisher) StdoutLine: {'line': b'-- Up-to-date: /home/eragon/student133_ws/install/test_custom_publisher/share/test_custom_publisher/environment/ament_prefix_path.sh\n'}
[0.790246] (test_custom_publisher) StdoutLine: {'line': b'-- Up-to-date: /home/eragon/student133_ws/install/test_custom_publisher/share/test_custom_publisher/environment/ament_prefix_path.dsv\n'}
[0.794025] (test_custom_publisher) StdoutLine: {'line': b'-- Up-to-date: /home/eragon/student133_ws/install/test_custom_publisher/share/test_custom_publisher/environment/path.sh\n'}
[0.794252] (test_custom_publisher) StdoutLine: {'line': b'-- Up-to-date: /home/eragon/student133_ws/install/test_custom_publisher/share/test_custom_publisher/environment/path.dsv\n'}
[0.794470] (test_custom_publisher) StdoutLine: {'line': b'-- Up-to-date: /home/eragon/student133_ws/install/test_custom_publisher/share/test_custom_publisher/local_setup.bash\n'}
[0.794658] (test_custom_publisher) StdoutLine: {'line': b'-- Up-to-date: /home/eragon/student133_ws/install/test_custom_publisher/share/test_custom_publisher/local_setup.sh\n'}
[0.794824] (test_custom_publisher) StdoutLine: {'line': b'-- Up-to-date: /home/eragon/student133_ws/install/test_custom_publisher/share/test_custom_publisher/local_setup.zsh\n'}
[0.794986] (test_custom_publisher) StdoutLine: {'line': b'-- Up-to-date: /home/eragon/student133_ws/install/test_custom_publisher/share/test_custom_publisher/local_setup.dsv\n'}
[0.795144] (test_custom_publisher) StdoutLine: {'line': b'-- Installing: /home/eragon/student133_ws/install/test_custom_publisher/share/test_custom_publisher/package.dsv\n'}
[0.795323] (test_custom_publisher) StdoutLine: {'line': b'-- Up-to-date: /home/eragon/student133_ws/install/test_custom_publisher/share/ament_index/resource_index/packages/test_custom_publisher\n'}
[0.795513] (test_custom_publisher) StdoutLine: {'line': b'-- Up-to-date: /home/eragon/student133_ws/install/test_custom_publisher/share/test_custom_publisher/cmake/test_custom_publisherConfig.cmake\n'}
[0.795678] (test_custom_publisher) StdoutLine: {'line': b'-- Up-to-date: /home/eragon/student133_ws/install/test_custom_publisher/share/test_custom_publisher/cmake/test_custom_publisherConfig-version.cmake\n'}
[0.795847] (test_custom_publisher) StdoutLine: {'line': b'-- Up-to-date: /home/eragon/student133_ws/install/test_custom_publisher/share/test_custom_publisher/package.xml\n'}
[0.796010] (test_custom_srv) StdoutLine: {'line': b'[ 84%] Built target test_custom_srv__rosidl_generator_py\n'}
[0.796211] (test_pkg) CommandEnded: {'returncode': 0}
[0.815380] (-) TimerEvent: {}
[0.831666] (test_basic_publisher) JobEnded: {'identifier': 'test_basic_publisher', 'rc': 0}
[0.833982] (test_custom_publisher) CommandEnded: {'returncode': 0}
[0.855304] (test_custom_msg) StdoutLine: {'line': b'[ 89%] Built target test_custom_msg__rosidl_typesupport_fastrtps_c__pyext\n'}
[0.855663] (test_custom_msg) StdoutLine: {'line': b'[ 94%] Built target test_custom_msg__rosidl_typesupport_c__pyext\n'}
[0.855884] (test_custom_msg) StdoutLine: {'line': b'[100%] Built target test_custom_msg__rosidl_typesupport_introspection_c__pyext\n'}
[0.857371] (test_service) JobStarted: {'identifier': 'test_service'}
[0.887154] (test_parameters) JobEnded: {'identifier': 'test_parameters', 'rc': 0}
[0.890722] (test_custom_srv) StdoutLine: {'line': b'[ 89%] Built target test_custom_srv__rosidl_typesupport_fastrtps_c__pyext\n'}
[0.891060] (test_custom_srv) StdoutLine: {'line': b'[ 94%] Built target test_custom_srv__rosidl_typesupport_c__pyext\n'}
[0.891306] (test_subscriber) JobStarted: {'identifier': 'test_subscriber'}
[0.905589] (test_custom_srv) StdoutLine: {'line': b'[100%] Built target test_custom_srv__rosidl_typesupport_introspection_c__pyext\n'}
[0.906085] (test_publisher) JobProgress: {'identifier': 'test_publisher', 'progress': 'cmake'}
[0.906141] (test_publisher) JobProgress: {'identifier': 'test_publisher', 'progress': 'build'}
[0.906195] (test_publisher) Command: {'cmd': ['/usr/bin/cmake', '--build', '/home/eragon/student133_ws/build/test_publisher', '--', '-j8', '-l8'], 'cwd': '/home/eragon/student133_ws/build/test_publisher', 'env': OrderedDict([('GJS_DEBUG_TOPICS', 'JS ERROR;JS LOG'), ('LANGUAGE', 'ru'), ('LC_TIME', 'ru_RU.UTF-8'), ('USER', 'eragon'), ('XDG_SESSION_TYPE', 'wayland'), ('LD_LIBRARY_PATH', '/home/eragon/student133_ws/install/test_custom_srv/lib:/home/eragon/student133_ws/install/test_custom_msg/lib:/opt/ros/humble/opt/rviz_ogre_vendor/lib:/opt/ros/humble/lib/x86_64-linux-gnu:/opt/ros/humble/lib'), ('SHLVL', '1'), ('HOME', '/home/eragon'), ('DESKTOP_SESSION', 'ubuntu'), ('QTDIR', '/usr/lib/x86_64-linux-gnu/qt5'), ('GIO_LAUNCHED_DESKTOP_FILE', '/home/eragon/.local/share/applications/org.qt-project.qtcreator.desktop'), ('GNOME_SHELL_SESSION_MODE', 'ubuntu'), ('GTK_MODULES', 'gail:atk-bridge'), ('ROS_PYTHON_VERSION', '3'), ('LC_MONETARY', 'ru_RU.UTF-8'), ('MANAGERPID', '876'), ('DBUS_SESSION_BUS_ADDRESS', 'unix:path'), ('SYSTEMD_EXEC_PID', '1057'), ('GIO_LAUNCHED_DESKTOP_FILE_PID', '1927'), ('COLCON_PREFIX_PATH', '/home/eragon/student133_ws/install'), ('IM_CONFIG_PHASE', '1'), ('ROS_DISTRO', 'humble'), ('WAYLAND_DISPLAY', 'wayland-0'), ('LOGNAME', 'eragon'), ('JOURNAL_STREAM', '8:6614'), ('_', '/usr/bin/env'), ('ROS_VERSION', '2'), ('XDG_SESSION_CLASS', 'user'), ('QSG_RHI_BACKEND', 'opengl'), ('USERNAME', 'eragon'), ('GNOME_DESKTOP_SESSION_ID', 'this-is-deprecated'), ('ROS_LOCALHOST_ONLY', '0'), ('PATH', '/opt/ros/humble/bin:/home/eragon/.local/bin:/usr/local/sbin:/usr/local/bin:/usr/sbin:/usr/bin:/sbin:/bin:/usr/games:/usr/local/games:/snap/bin:/snap/bin'), ('INVOCATION_ID', 'b18f9fdae77342fc8d74a505188f4ffa'), ('PAPERSIZE', 'a4'), ('SESSION_MANAGER', 'local/eragon-KPL-W0X:@/tmp/.ICE-unix/1024,unix/eragon-KPL-W0X:/tmp/.ICE-unix/1024'), ('GNOME_SETUP_DISPLAY', ':1'), ('LC_ADDRESS', 'ru_RU.UTF-8'), ('XDG_MENU_PREFIX', 'gnome-'), ('XDG_RUNTIME_DIR', '/run/user/1000'), ('DISPLAY', ':0'), ('LANG', 'ru_RU.UTF-8'), ('LC_TELEPHONE', 'ru_RU.UTF-8'), ('XDG_CURRENT_DESKTOP', 'ubuntu:GNOME'), ('XAUTHORITY', '/run/user/1000/.mutter-Xwaylandauth.N2KFX2'), ('XDG_SESSION_DESKTOP', 'ubuntu'), ('XMODIFIERS', '@im'), ('AMENT_PREFIX_PATH', '/home/eragon/student133_ws/install/test_visualization:/home/eragon/student133_ws/install/test_tf_broadcaster:/home/eragon/student133_ws/install/test_subscriber:/home/eragon/student133_ws/install/test_service:/home/eragon/student133_ws/install/test_serial_communication:/home/eragon/student133_ws/install/test_publisher:/home/eragon/student133_ws/install/test_pkg:/home/eragon/student133_ws/install/test_parameters:/home/eragon/student133_ws/install/test_custom_srv:/home/eragon/student133_ws/install/test_custom_publisher:/home/eragon/student133_ws/install/test_custom_msg:/home/eragon/student133_ws/install/test_client:/home/eragon/student133_ws/install/test_castom_publisher:/home/eragon/student133_ws/install/test_basic_publisher:/home/eragon/student133_ws/install/custom_counter:/opt/ros/humble'), ('SSH_AGENT_LAUNCHER', 'gnome-keyring'), ('SSH_AUTH_SOCK', '/run/user/1000/keyring/ssh'), ('LC_NAME', 'ru_RU.UTF-8'), ('SHELL', '/bin/bash'), ('GDMSESSION', 'ubuntu'), ('QT_ACCESSIBILITY', '1'), ('LC_MEASUREMENT', 'ru_RU.UTF-8'), ('GJS_DEBUG_OUTPUT', 'stderr'), ('LC_IDENTIFICATION', 'ru_RU.UTF-8'), ('QT_IM_MODULE', 'ibus'), ('LC_ALL', 'en_US.UTF-8'), ('PWD', '/home/eragon/student133_ws/build/test_publisher'), ('QT_QPA_PLATFORM', 'xcb'), ('XDG_CONFIG_DIRS', '/etc/xdg/xdg-ubuntu:/etc/xdg'), ('XDG_DATA_DIRS', '/usr/share/ubuntu:/usr/local/share/:/usr/share/:/var/lib/snapd/desktop'), ('LC_NUMERIC', 'ru_RU.UTF-8'), ('PYTHONPATH', '/home/eragon/student133_ws/install/test_custom_srv/local/lib/python3.10/dist-packages:/home/eragon/student133_ws/install/test_custom_msg/local/lib/python3.10/dist-packages:/opt/ros/humble/lib/python3.10/site-packages:/opt/ros/humble/local/lib/python3.10/dist-packages'), ('LC_PAPER', 'ru_RU.UTF-8'), ('COLCON', '1'), ('CMAKE_PREFIX_PATH', '/home/eragon/student133_ws/install/test_visualization:/home/eragon/student133_ws/install/test_tf_broadcaster:/home/eragon/student133_ws/install/test_subscriber:/home/eragon/student133_ws/install/test_service:/home/eragon/student133_ws/install/test_serial_communication:/home/eragon/student133_ws/install/test_publisher:/home/eragon/student133_ws/install/test_pkg:/home/eragon/student133_ws/install/test_parameters:/home/eragon/student133_ws/install/test_custom_srv:/home/eragon/student133_ws/install/test_custom_publisher:/home/eragon/student133_ws/install/test_custom_msg:/home/eragon/student133_ws/install/test_client:/home/eragon/student133_ws/install/test_castom_publisher:/home/eragon/student133_ws/install/test_basic_publisher:/home/eragon/student133_ws/install/custom_counter:/opt/ros/humble')]), 'shell': False}
[0.915543] (-) TimerEvent: {}
[0.930543] (test_client) JobEnded: {'identifier': 'test_client', 'rc': 0}
[0.934580] (test_tf_broadcaster) JobStarted: {'identifier': 'test_tf_broadcaster'}
[0.947729] (test_service) JobProgress: {'identifier': 'test_service', 'progress': 'cmake'}
[0.950599] (test_service) JobProgress: {'identifier': 'test_service', 'progress': 'build'}
[0.951542] (test_service) Command: {'cmd': ['/usr/bin/cmake', '--build', '/home/eragon/student133_ws/build/test_service', '--', '-j8', '-l8'], 'cwd': '/home/eragon/student133_ws/build/test_service', 'env': OrderedDict([('GJS_DEBUG_TOPICS', 'JS ERROR;JS LOG'), ('LANGUAGE', 'ru'), ('LC_TIME', 'ru_RU.UTF-8'), ('USER', 'eragon'), ('XDG_SESSION_TYPE', 'wayland'), ('LD_LIBRARY_PATH', '/home/eragon/student133_ws/install/test_custom_srv/lib:/home/eragon/student133_ws/install/test_custom_msg/lib:/opt/ros/humble/opt/rviz_ogre_vendor/lib:/opt/ros/humble/lib/x86_64-linux-gnu:/opt/ros/humble/lib'), ('SHLVL', '1'), ('HOME', '/home/eragon'), ('DESKTOP_SESSION', 'ubuntu'), ('QTDIR', '/usr/lib/x86_64-linux-gnu/qt5'), ('GIO_LAUNCHED_DESKTOP_FILE', '/home/eragon/.local/share/applications/org.qt-project.qtcreator.desktop'), ('GNOME_SHELL_SESSION_MODE', 'ubuntu'), ('GTK_MODULES', 'gail:atk-bridge'), ('ROS_PYTHON_VERSION', '3'), ('LC_MONETARY', 'ru_RU.UTF-8'), ('MANAGERPID', '876'), ('DBUS_SESSION_BUS_ADDRESS', 'unix:path'), ('SYSTEMD_EXEC_PID', '1057'), ('GIO_LAUNCHED_DESKTOP_FILE_PID', '1927'), ('COLCON_PREFIX_PATH', '/home/eragon/student133_ws/install'), ('IM_CONFIG_PHASE', '1'), ('ROS_DISTRO', 'humble'), ('WAYLAND_DISPLAY', 'wayland-0'), ('LOGNAME', 'eragon'), ('JOURNAL_STREAM', '8:6614'), ('_', '/usr/bin/env'), ('ROS_VERSION', '2'), ('XDG_SESSION_CLASS', 'user'), ('QSG_RHI_BACKEND', 'opengl'), ('USERNAME', 'eragon'), ('GNOME_DESKTOP_SESSION_ID', 'this-is-deprecated'), ('ROS_LOCALHOST_ONLY', '0'), ('PATH', '/opt/ros/humble/bin:/home/eragon/.local/bin:/usr/local/sbin:/usr/local/bin:/usr/sbin:/usr/bin:/sbin:/bin:/usr/games:/usr/local/games:/snap/bin:/snap/bin'), ('INVOCATION_ID', 'b18f9fdae77342fc8d74a505188f4ffa'), ('PAPERSIZE', 'a4'), ('SESSION_MANAGER', 'local/eragon-KPL-W0X:@/tmp/.ICE-unix/1024,unix/eragon-KPL-W0X:/tmp/.ICE-unix/1024'), ('GNOME_SETUP_DISPLAY', ':1'), ('LC_ADDRESS', 'ru_RU.UTF-8'), ('XDG_MENU_PREFIX', 'gnome-'), ('XDG_RUNTIME_DIR', '/run/user/1000'), ('DISPLAY', ':0'), ('LANG', 'ru_RU.UTF-8'), ('LC_TELEPHONE', 'ru_RU.UTF-8'), ('XDG_CURRENT_DESKTOP', 'ubuntu:GNOME'), ('XAUTHORITY', '/run/user/1000/.mutter-Xwaylandauth.N2KFX2'), ('XDG_SESSION_DESKTOP', 'ubuntu'), ('XMODIFIERS', '@im'), ('AMENT_PREFIX_PATH', '/home/eragon/student133_ws/install/test_visualization:/home/eragon/student133_ws/install/test_tf_broadcaster:/home/eragon/student133_ws/install/test_subscriber:/home/eragon/student133_ws/install/test_service:/home/eragon/student133_ws/install/test_serial_communication:/home/eragon/student133_ws/install/test_publisher:/home/eragon/student133_ws/install/test_pkg:/home/eragon/student133_ws/install/test_parameters:/home/eragon/student133_ws/install/test_custom_srv:/home/eragon/student133_ws/install/test_custom_publisher:/home/eragon/student133_ws/install/test_custom_msg:/home/eragon/student133_ws/install/test_client:/home/eragon/student133_ws/install/test_castom_publisher:/home/eragon/student133_ws/install/test_basic_publisher:/home/eragon/student133_ws/install/custom_counter:/opt/ros/humble'), ('SSH_AGENT_LAUNCHER', 'gnome-keyring'), ('SSH_AUTH_SOCK', '/run/user/1000/keyring/ssh'), ('LC_NAME', 'ru_RU.UTF-8'), ('SHELL', '/bin/bash'), ('GDMSESSION', 'ubuntu'), ('QT_ACCESSIBILITY', '1'), ('LC_MEASUREMENT', 'ru_RU.UTF-8'), ('GJS_DEBUG_OUTPUT', 'stderr'), ('LC_IDENTIFICATION', 'ru_RU.UTF-8'), ('QT_IM_MODULE', 'ibus'), ('LC_ALL', 'en_US.UTF-8'), ('PWD', '/home/eragon/student133_ws/build/test_service'), ('QT_QPA_PLATFORM', 'xcb'), ('XDG_CONFIG_DIRS', '/etc/xdg/xdg-ubuntu:/etc/xdg'), ('XDG_DATA_DIRS', '/usr/share/ubuntu:/usr/local/share/:/usr/share/:/var/lib/snapd/desktop'), ('LC_NUMERIC', 'ru_RU.UTF-8'), ('PYTHONPATH', '/home/eragon/student133_ws/install/test_custom_srv/local/lib/python3.10/dist-packages:/home/eragon/student133_ws/install/test_custom_msg/local/lib/python3.10/dist-packages:/opt/ros/humble/lib/python3.10/site-packages:/opt/ros/humble/local/lib/python3.10/dist-packages'), ('LC_PAPER', 'ru_RU.UTF-8'), ('COLCON', '1'), ('CMAKE_PREFIX_PATH', '/home/eragon/student133_ws/install/test_visualization:/home/eragon/student133_ws/install/test_tf_broadcaster:/home/eragon/student133_ws/install/test_subscriber:/home/eragon/student133_ws/install/test_service:/home/eragon/student133_ws/install/test_serial_communication:/home/eragon/student133_ws/install/test_publisher:/home/eragon/student133_ws/install/test_pkg:/home/eragon/student133_ws/install/test_parameters:/home/eragon/student133_ws/install/test_custom_srv:/home/eragon/student133_ws/install/test_custom_publisher:/home/eragon/student133_ws/install/test_custom_msg:/home/eragon/student133_ws/install/test_client:/home/eragon/student133_ws/install/test_castom_publisher:/home/eragon/student133_ws/install/test_basic_publisher:/home/eragon/student133_ws/install/custom_counter:/opt/ros/humble')]), 'shell': False}
[0.970333] (test_pkg) JobEnded: {'identifier': 'test_pkg', 'rc': 0}
[0.976032] (test_subscriber) JobProgress: {'identifier': 'test_subscriber', 'progress': 'cmake'}
[0.976135] (test_subscriber) JobProgress: {'identifier': 'test_subscriber', 'progress': 'build'}
[0.976177] (test_subscriber) Command: {'cmd': ['/usr/bin/cmake', '--build', '/home/eragon/student133_ws/build/test_subscriber', '--', '-j8', '-l8'], 'cwd': '/home/eragon/student133_ws/build/test_subscriber', 'env': OrderedDict([('GJS_DEBUG_TOPICS', 'JS ERROR;JS LOG'), ('LANGUAGE', 'ru'), ('LC_TIME', 'ru_RU.UTF-8'), ('USER', 'eragon'), ('XDG_SESSION_TYPE', 'wayland'), ('LD_LIBRARY_PATH', '/home/eragon/student133_ws/install/test_custom_srv/lib:/home/eragon/student133_ws/install/test_custom_msg/lib:/opt/ros/humble/opt/rviz_ogre_vendor/lib:/opt/ros/humble/lib/x86_64-linux-gnu:/opt/ros/humble/lib'), ('SHLVL', '1'), ('HOME', '/home/eragon'), ('DESKTOP_SESSION', 'ubuntu'), ('QTDIR', '/usr/lib/x86_64-linux-gnu/qt5'), ('GIO_LAUNCHED_DESKTOP_FILE', '/home/eragon/.local/share/applications/org.qt-project.qtcreator.desktop'), ('GNOME_SHELL_SESSION_MODE', 'ubuntu'), ('GTK_MODULES', 'gail:atk-bridge'), ('ROS_PYTHON_VERSION', '3'), ('LC_MONETARY', 'ru_RU.UTF-8'), ('MANAGERPID', '876'), ('DBUS_SESSION_BUS_ADDRESS', 'unix:path'), ('SYSTEMD_EXEC_PID', '1057'), ('GIO_LAUNCHED_DESKTOP_FILE_PID', '1927'), ('COLCON_PREFIX_PATH', '/home/eragon/student133_ws/install'), ('IM_CONFIG_PHASE', '1'), ('ROS_DISTRO', 'humble'), ('WAYLAND_DISPLAY', 'wayland-0'), ('LOGNAME', 'eragon'), ('JOURNAL_STREAM', '8:6614'), ('_', '/usr/bin/env'), ('ROS_VERSION', '2'), ('XDG_SESSION_CLASS', 'user'), ('QSG_RHI_BACKEND', 'opengl'), ('USERNAME', 'eragon'), ('GNOME_DESKTOP_SESSION_ID', 'this-is-deprecated'), ('ROS_LOCALHOST_ONLY', '0'), ('PATH', '/opt/ros/humble/bin:/home/eragon/.local/bin:/usr/local/sbin:/usr/local/bin:/usr/sbin:/usr/bin:/sbin:/bin:/usr/games:/usr/local/games:/snap/bin:/snap/bin'), ('INVOCATION_ID', 'b18f9fdae77342fc8d74a505188f4ffa'), ('PAPERSIZE', 'a4'), ('SESSION_MANAGER', 'local/eragon-KPL-W0X:@/tmp/.ICE-unix/1024,unix/eragon-KPL-W0X:/tmp/.ICE-unix/1024'), ('GNOME_SETUP_DISPLAY', ':1'), ('LC_ADDRESS', 'ru_RU.UTF-8'), ('XDG_MENU_PREFIX', 'gnome-'), ('XDG_RUNTIME_DIR', '/run/user/1000'), ('DISPLAY', ':0'), ('LANG', 'ru_RU.UTF-8'), ('LC_TELEPHONE', 'ru_RU.UTF-8'), ('XDG_CURRENT_DESKTOP', 'ubuntu:GNOME'), ('XAUTHORITY', '/run/user/1000/.mutter-Xwaylandauth.N2KFX2'), ('XDG_SESSION_DESKTOP', 'ubuntu'), ('XMODIFIERS', '@im'), ('AMENT_PREFIX_PATH', '/home/eragon/student133_ws/install/test_visualization:/home/eragon/student133_ws/install/test_tf_broadcaster:/home/eragon/student133_ws/install/test_subscriber:/home/eragon/student133_ws/install/test_service:/home/eragon/student133_ws/install/test_serial_communication:/home/eragon/student133_ws/install/test_publisher:/home/eragon/student133_ws/install/test_pkg:/home/eragon/student133_ws/install/test_parameters:/home/eragon/student133_ws/install/test_custom_srv:/home/eragon/student133_ws/install/test_custom_publisher:/home/eragon/student133_ws/install/test_custom_msg:/home/eragon/student133_ws/install/test_client:/home/eragon/student133_ws/install/test_castom_publisher:/home/eragon/student133_ws/install/test_basic_publisher:/home/eragon/student133_ws/install/custom_counter:/opt/ros/humble'), ('SSH_AGENT_LAUNCHER', 'gnome-keyring'), ('SSH_AUTH_SOCK', '/run/user/1000/keyring/ssh'), ('LC_NAME', 'ru_RU.UTF-8'), ('SHELL', '/bin/bash'), ('GDMSESSION', 'ubuntu'), ('QT_ACCESSIBILITY', '1'), ('LC_MEASUREMENT', 'ru_RU.UTF-8'), ('GJS_DEBUG_OUTPUT', 'stderr'), ('LC_IDENTIFICATION', 'ru_RU.UTF-8'), ('QT_IM_MODULE', 'ibus'), ('LC_ALL', 'en_US.UTF-8'), ('PWD', '/home/eragon/student133_ws/build/test_subscriber'), ('QT_QPA_PLATFORM', 'xcb'), ('XDG_CONFIG_DIRS', '/etc/xdg/xdg-ubuntu:/etc/xdg'), ('XDG_DATA_DIRS', '/usr/share/ubuntu:/usr/local/share/:/usr/share/:/var/lib/snapd/desktop'), ('LC_NUMERIC', 'ru_RU.UTF-8'), ('PYTHONPATH', '/home/eragon/student133_ws/install/test_custom_srv/local/lib/python3.10/dist-packages:/home/eragon/student133_ws/install/test_custom_msg/local/lib/python3.10/dist-packages:/opt/ros/humble/lib/python3.10/site-packages:/opt/ros/humble/local/lib/python3.10/dist-packages'), ('LC_PAPER', 'ru_RU.UTF-8'), ('COLCON', '1'), ('CMAKE_PREFIX_PATH', '/home/eragon/student133_ws/install/test_visualization:/home/eragon/student133_ws/install/test_tf_broadcaster:/home/eragon/student133_ws/install/test_subscriber:/home/eragon/student133_ws/install/test_service:/home/eragon/student133_ws/install/test_serial_communication:/home/eragon/student133_ws/install/test_publisher:/home/eragon/student133_ws/install/test_pkg:/home/eragon/student133_ws/install/test_parameters:/home/eragon/student133_ws/install/test_custom_srv:/home/eragon/student133_ws/install/test_custom_publisher:/home/eragon/student133_ws/install/test_custom_msg:/home/eragon/student133_ws/install/test_client:/home/eragon/student133_ws/install/test_castom_publisher:/home/eragon/student133_ws/install/test_basic_publisher:/home/eragon/student133_ws/install/custom_counter:/opt/ros/humble')]), 'shell': False}
[0.981369] (test_visualization) JobStarted: {'identifier': 'test_visualization'}
[1.007950] (test_custom_publisher) JobEnded: {'identifier': 'test_custom_publisher', 'rc': 0}
[1.012043] (test_tf_broadcaster) JobProgress: {'identifier': 'test_tf_broadcaster', 'progress': 'cmake'}
[1.014162] (test_tf_broadcaster) JobProgress: {'identifier': 'test_tf_broadcaster', 'progress': 'build'}
[1.014281] (test_tf_broadcaster) Command: {'cmd': ['/usr/bin/cmake', '--build', '/home/eragon/student133_ws/build/test_tf_broadcaster', '--', '-j8', '-l8'], 'cwd': '/home/eragon/student133_ws/build/test_tf_broadcaster', 'env': OrderedDict([('GJS_DEBUG_TOPICS', 'JS ERROR;JS LOG'), ('LANGUAGE', 'ru'), ('LC_TIME', 'ru_RU.UTF-8'), ('USER', 'eragon'), ('XDG_SESSION_TYPE', 'wayland'), ('LD_LIBRARY_PATH', '/home/eragon/student133_ws/install/test_custom_srv/lib:/home/eragon/student133_ws/install/test_custom_msg/lib:/opt/ros/humble/opt/rviz_ogre_vendor/lib:/opt/ros/humble/lib/x86_64-linux-gnu:/opt/ros/humble/lib'), ('SHLVL', '1'), ('HOME', '/home/eragon'), ('DESKTOP_SESSION', 'ubuntu'), ('QTDIR', '/usr/lib/x86_64-linux-gnu/qt5'), ('GIO_LAUNCHED_DESKTOP_FILE', '/home/eragon/.local/share/applications/org.qt-project.qtcreator.desktop'), ('GNOME_SHELL_SESSION_MODE', 'ubuntu'), ('GTK_MODULES', 'gail:atk-bridge'), ('ROS_PYTHON_VERSION', '3'), ('LC_MONETARY', 'ru_RU.UTF-8'), ('MANAGERPID', '876'), ('DBUS_SESSION_BUS_ADDRESS', 'unix:path'), ('SYSTEMD_EXEC_PID', '1057'), ('GIO_LAUNCHED_DESKTOP_FILE_PID', '1927'), ('COLCON_PREFIX_PATH', '/home/eragon/student133_ws/install'), ('IM_CONFIG_PHASE', '1'), ('ROS_DISTRO', 'humble'), ('WAYLAND_DISPLAY', 'wayland-0'), ('LOGNAME', 'eragon'), ('JOURNAL_STREAM', '8:6614'), ('_', '/usr/bin/env'), ('ROS_VERSION', '2'), ('XDG_SESSION_CLASS', 'user'), ('QSG_RHI_BACKEND', 'opengl'), ('USERNAME', 'eragon'), ('GNOME_DESKTOP_SESSION_ID', 'this-is-deprecated'), ('ROS_LOCALHOST_ONLY', '0'), ('PATH', '/opt/ros/humble/bin:/home/eragon/.local/bin:/usr/local/sbin:/usr/local/bin:/usr/sbin:/usr/bin:/sbin:/bin:/usr/games:/usr/local/games:/snap/bin:/snap/bin'), ('INVOCATION_ID', 'b18f9fdae77342fc8d74a505188f4ffa'), ('PAPERSIZE', 'a4'), ('SESSION_MANAGER', 'local/eragon-KPL-W0X:@/tmp/.ICE-unix/1024,unix/eragon-KPL-W0X:/tmp/.ICE-unix/1024'), ('GNOME_SETUP_DISPLAY', ':1'), ('LC_ADDRESS', 'ru_RU.UTF-8'), ('XDG_MENU_PREFIX', 'gnome-'), ('XDG_RUNTIME_DIR', '/run/user/1000'), ('DISPLAY', ':0'), ('LANG', 'ru_RU.UTF-8'), ('LC_TELEPHONE', 'ru_RU.UTF-8'), ('XDG_CURRENT_DESKTOP', 'ubuntu:GNOME'), ('XAUTHORITY', '/run/user/1000/.mutter-Xwaylandauth.N2KFX2'), ('XDG_SESSION_DESKTOP', 'ubuntu'), ('XMODIFIERS', '@im'), ('AMENT_PREFIX_PATH', '/home/eragon/student133_ws/install/test_visualization:/home/eragon/student133_ws/install/test_tf_broadcaster:/home/eragon/student133_ws/install/test_subscriber:/home/eragon/student133_ws/install/test_service:/home/eragon/student133_ws/install/test_serial_communication:/home/eragon/student133_ws/install/test_publisher:/home/eragon/student133_ws/install/test_pkg:/home/eragon/student133_ws/install/test_parameters:/home/eragon/student133_ws/install/test_custom_srv:/home/eragon/student133_ws/install/test_custom_publisher:/home/eragon/student133_ws/install/test_custom_msg:/home/eragon/student133_ws/install/test_client:/home/eragon/student133_ws/install/test_castom_publisher:/home/eragon/student133_ws/install/test_basic_publisher:/home/eragon/student133_ws/install/custom_counter:/opt/ros/humble'), ('SSH_AGENT_LAUNCHER', 'gnome-keyring'), ('SSH_AUTH_SOCK', '/run/user/1000/keyring/ssh'), ('LC_NAME', 'ru_RU.UTF-8'), ('SHELL', '/bin/bash'), ('GDMSESSION', 'ubuntu'), ('QT_ACCESSIBILITY', '1'), ('LC_MEASUREMENT', 'ru_RU.UTF-8'), ('GJS_DEBUG_OUTPUT', 'stderr'), ('LC_IDENTIFICATION', 'ru_RU.UTF-8'), ('QT_IM_MODULE', 'ibus'), ('LC_ALL', 'en_US.UTF-8'), ('PWD', '/home/eragon/student133_ws/build/test_tf_broadcaster'), ('QT_QPA_PLATFORM', 'xcb'), ('XDG_CONFIG_DIRS', '/etc/xdg/xdg-ubuntu:/etc/xdg'), ('XDG_DATA_DIRS', '/usr/share/ubuntu:/usr/local/share/:/usr/share/:/var/lib/snapd/desktop'), ('LC_NUMERIC', 'ru_RU.UTF-8'), ('PYTHONPATH', '/home/eragon/student133_ws/install/test_custom_srv/local/lib/python3.10/dist-packages:/home/eragon/student133_ws/install/test_custom_msg/local/lib/python3.10/dist-packages:/opt/ros/humble/lib/python3.10/site-packages:/opt/ros/humble/local/lib/python3.10/dist-packages'), ('LC_PAPER', 'ru_RU.UTF-8'), ('COLCON', '1'), ('CMAKE_PREFIX_PATH', '/home/eragon/student133_ws/install/test_visualization:/home/eragon/student133_ws/install/test_tf_broadcaster:/home/eragon/student133_ws/install/test_subscriber:/home/eragon/student133_ws/install/test_service:/home/eragon/student133_ws/install/test_serial_communication:/home/eragon/student133_ws/install/test_publisher:/home/eragon/student133_ws/install/test_pkg:/home/eragon/student133_ws/install/test_parameters:/home/eragon/student133_ws/install/test_custom_srv:/home/eragon/student133_ws/install/test_custom_publisher:/home/eragon/student133_ws/install/test_custom_msg:/home/eragon/student133_ws/install/test_client:/home/eragon/student133_ws/install/test_castom_publisher:/home/eragon/student133_ws/install/test_basic_publisher:/home/eragon/student133_ws/install/custom_counter:/opt/ros/humble')]), 'shell': False}
[1.015956] (-) TimerEvent: {}
[1.034416] (test_visualization) JobProgress: {'identifier': 'test_visualization', 'progress': 'cmake'}
[1.034812] (test_visualization) JobProgress: {'identifier': 'test_visualization', 'progress': 'build'}
[1.035091] (test_visualization) Command: {'cmd': ['/usr/bin/cmake', '--build', '/home/eragon/student133_ws/build/test_visualization', '--', '-j8', '-l8'], 'cwd': '/home/eragon/student133_ws/build/test_visualization', 'env': OrderedDict([('GJS_DEBUG_TOPICS', 'JS ERROR;JS LOG'), ('LANGUAGE', 'ru'), ('LC_TIME', 'ru_RU.UTF-8'), ('USER', 'eragon'), ('XDG_SESSION_TYPE', 'wayland'), ('LD_LIBRARY_PATH', '/home/eragon/student133_ws/install/test_custom_srv/lib:/home/eragon/student133_ws/install/test_custom_msg/lib:/opt/ros/humble/opt/rviz_ogre_vendor/lib:/opt/ros/humble/lib/x86_64-linux-gnu:/opt/ros/humble/lib'), ('SHLVL', '1'), ('HOME', '/home/eragon'), ('DESKTOP_SESSION', 'ubuntu'), ('QTDIR', '/usr/lib/x86_64-linux-gnu/qt5'), ('GIO_LAUNCHED_DESKTOP_FILE', '/home/eragon/.local/share/applications/org.qt-project.qtcreator.desktop'), ('GNOME_SHELL_SESSION_MODE', 'ubuntu'), ('GTK_MODULES', 'gail:atk-bridge'), ('ROS_PYTHON_VERSION', '3'), ('LC_MONETARY', 'ru_RU.UTF-8'), ('MANAGERPID', '876'), ('DBUS_SESSION_BUS_ADDRESS', 'unix:path'), ('SYSTEMD_EXEC_PID', '1057'), ('GIO_LAUNCHED_DESKTOP_FILE_PID', '1927'), ('COLCON_PREFIX_PATH', '/home/eragon/student133_ws/install'), ('IM_CONFIG_PHASE', '1'), ('ROS_DISTRO', 'humble'), ('WAYLAND_DISPLAY', 'wayland-0'), ('LOGNAME', 'eragon'), ('JOURNAL_STREAM', '8:6614'), ('_', '/usr/bin/env'), ('ROS_VERSION', '2'), ('XDG_SESSION_CLASS', 'user'), ('QSG_RHI_BACKEND', 'opengl'), ('USERNAME', 'eragon'), ('GNOME_DESKTOP_SESSION_ID', 'this-is-deprecated'), ('ROS_LOCALHOST_ONLY', '0'), ('PATH', '/opt/ros/humble/bin:/home/eragon/.local/bin:/usr/local/sbin:/usr/local/bin:/usr/sbin:/usr/bin:/sbin:/bin:/usr/games:/usr/local/games:/snap/bin:/snap/bin'), ('INVOCATION_ID', 'b18f9fdae77342fc8d74a505188f4ffa'), ('PAPERSIZE', 'a4'), ('SESSION_MANAGER', 'local/eragon-KPL-W0X:@/tmp/.ICE-unix/1024,unix/eragon-KPL-W0X:/tmp/.ICE-unix/1024'), ('GNOME_SETUP_DISPLAY', ':1'), ('LC_ADDRESS', 'ru_RU.UTF-8'), ('XDG_MENU_PREFIX', 'gnome-'), ('XDG_RUNTIME_DIR', '/run/user/1000'), ('DISPLAY', ':0'), ('LANG', 'ru_RU.UTF-8'), ('LC_TELEPHONE', 'ru_RU.UTF-8'), ('XDG_CURRENT_DESKTOP', 'ubuntu:GNOME'), ('XAUTHORITY', '/run/user/1000/.mutter-Xwaylandauth.N2KFX2'), ('XDG_SESSION_DESKTOP', 'ubuntu'), ('XMODIFIERS', '@im'), ('AMENT_PREFIX_PATH', '/home/eragon/student133_ws/install/test_visualization:/home/eragon/student133_ws/install/test_tf_broadcaster:/home/eragon/student133_ws/install/test_subscriber:/home/eragon/student133_ws/install/test_service:/home/eragon/student133_ws/install/test_serial_communication:/home/eragon/student133_ws/install/test_publisher:/home/eragon/student133_ws/install/test_pkg:/home/eragon/student133_ws/install/test_parameters:/home/eragon/student133_ws/install/test_custom_srv:/home/eragon/student133_ws/install/test_custom_publisher:/home/eragon/student133_ws/install/test_custom_msg:/home/eragon/student133_ws/install/test_client:/home/eragon/student133_ws/install/test_castom_publisher:/home/eragon/student133_ws/install/test_basic_publisher:/home/eragon/student133_ws/install/custom_counter:/opt/ros/humble'), ('SSH_AGENT_LAUNCHER', 'gnome-keyring'), ('SSH_AUTH_SOCK', '/run/user/1000/keyring/ssh'), ('LC_NAME', 'ru_RU.UTF-8'), ('SHELL', '/bin/bash'), ('GDMSESSION', 'ubuntu'), ('QT_ACCESSIBILITY', '1'), ('LC_MEASUREMENT', 'ru_RU.UTF-8'), ('GJS_DEBUG_OUTPUT', 'stderr'), ('LC_IDENTIFICATION', 'ru_RU.UTF-8'), ('QT_IM_MODULE', 'ibus'), ('LC_ALL', 'en_US.UTF-8'), ('PWD', '/home/eragon/student133_ws/build/test_visualization'), ('QT_QPA_PLATFORM', 'xcb'), ('XDG_CONFIG_DIRS', '/etc/xdg/xdg-ubuntu:/etc/xdg'), ('XDG_DATA_DIRS', '/usr/share/ubuntu:/usr/local/share/:/usr/share/:/var/lib/snapd/desktop'), ('LC_NUMERIC', 'ru_RU.UTF-8'), ('PYTHONPATH', '/home/eragon/student133_ws/install/test_custom_srv/local/lib/python3.10/dist-packages:/home/eragon/student133_ws/install/test_custom_msg/local/lib/python3.10/dist-packages:/opt/ros/humble/lib/python3.10/site-packages:/opt/ros/humble/local/lib/python3.10/dist-packages'), ('LC_PAPER', 'ru_RU.UTF-8'), ('COLCON', '1'), ('CMAKE_PREFIX_PATH', '/home/eragon/student133_ws/install/test_visualization:/home/eragon/student133_ws/install/test_tf_broadcaster:/home/eragon/student133_ws/install/test_subscriber:/home/eragon/student133_ws/install/test_service:/home/eragon/student133_ws/install/test_serial_communication:/home/eragon/student133_ws/install/test_publisher:/home/eragon/student133_ws/install/test_pkg:/home/eragon/student133_ws/install/test_parameters:/home/eragon/student133_ws/install/test_custom_srv:/home/eragon/student133_ws/install/test_custom_publisher:/home/eragon/student133_ws/install/test_custom_msg:/home/eragon/student133_ws/install/test_client:/home/eragon/student133_ws/install/test_castom_publisher:/home/eragon/student133_ws/install/test_basic_publisher:/home/eragon/student133_ws/install/custom_counter:/opt/ros/humble')]), 'shell': False}
[1.057394] (test_publisher) StdoutLine: {'line': b'[100%] Built target test_publisher_node\n'}
[1.105653] (test_service) StdoutLine: {'line': b'[ 50%] Built target test_service_node\n'}
[1.107020] (test_publisher) CommandEnded: {'returncode': 0}
[1.116100] (-) TimerEvent: {}
[1.126204] (test_service) StdoutLine: {'line': b'[100%] Built target service_triangle\n'}
[1.136347] (test_custom_msg) StdoutLine: {'line': b'running egg_info\n'}
[1.140607] (test_custom_msg) StdoutLine: {'line': b'writing test_custom_msg.egg-info/PKG-INFO\n'}
[1.140897] (test_custom_msg) StdoutLine: {'line': b'writing dependency_links to test_custom_msg.egg-info/dependency_links.txt\n'}
[1.141060] (test_custom_msg) StdoutLine: {'line': b'writing top-level names to test_custom_msg.egg-info/top_level.txt\n'}
[1.144872] (test_custom_msg) StdoutLine: {'line': b"reading manifest file 'test_custom_msg.egg-info/SOURCES.txt'\n"}
[1.146547] (test_custom_msg) StdoutLine: {'line': b"writing manifest file 'test_custom_msg.egg-info/SOURCES.txt'\n"}
[1.169331] (test_service) CommandEnded: {'returncode': 0}
[1.176396] (test_subscriber) StdoutLine: {'line': b'[ 50%] Built target Triangle_node\n'}
[1.178912] (test_subscriber) StdoutLine: {'line': b'[100%] Built target test_subscriber_node\n'}
[1.193650] (test_visualization) StdoutLine: {'line': b'[100%] Built target test_visualization_node\n'}
[1.206289] (test_tf_broadcaster) StdoutLine: {'line': b'Consolidate compiler generated dependencies of target test_tf_listener_node\n'}
[1.216236] (-) TimerEvent: {}
[1.217755] (test_publisher) JobProgress: {'identifier': 'test_publisher', 'progress': 'install'}
[1.217866] (test_publisher) Command: {'cmd': ['/usr/bin/cmake', '--install', '/home/eragon/student133_ws/build/test_publisher'], 'cwd': '/home/eragon/student133_ws/build/test_publisher', 'env': OrderedDict([('GJS_DEBUG_TOPICS', 'JS ERROR;JS LOG'), ('LANGUAGE', 'ru'), ('LC_TIME', 'ru_RU.UTF-8'), ('USER', 'eragon'), ('XDG_SESSION_TYPE', 'wayland'), ('LD_LIBRARY_PATH', '/home/eragon/student133_ws/install/test_custom_srv/lib:/home/eragon/student133_ws/install/test_custom_msg/lib:/opt/ros/humble/opt/rviz_ogre_vendor/lib:/opt/ros/humble/lib/x86_64-linux-gnu:/opt/ros/humble/lib'), ('SHLVL', '1'), ('HOME', '/home/eragon'), ('DESKTOP_SESSION', 'ubuntu'), ('QTDIR', '/usr/lib/x86_64-linux-gnu/qt5'), ('GIO_LAUNCHED_DESKTOP_FILE', '/home/eragon/.local/share/applications/org.qt-project.qtcreator.desktop'), ('GNOME_SHELL_SESSION_MODE', 'ubuntu'), ('GTK_MODULES', 'gail:atk-bridge'), ('ROS_PYTHON_VERSION', '3'), ('LC_MONETARY', 'ru_RU.UTF-8'), ('MANAGERPID', '876'), ('DBUS_SESSION_BUS_ADDRESS', 'unix:path'), ('SYSTEMD_EXEC_PID', '1057'), ('GIO_LAUNCHED_DESKTOP_FILE_PID', '1927'), ('COLCON_PREFIX_PATH', '/home/eragon/student133_ws/install'), ('IM_CONFIG_PHASE', '1'), ('ROS_DISTRO', 'humble'), ('WAYLAND_DISPLAY', 'wayland-0'), ('LOGNAME', 'eragon'), ('JOURNAL_STREAM', '8:6614'), ('_', '/usr/bin/env'), ('ROS_VERSION', '2'), ('XDG_SESSION_CLASS', 'user'), ('QSG_RHI_BACKEND', 'opengl'), ('USERNAME', 'eragon'), ('GNOME_DESKTOP_SESSION_ID', 'this-is-deprecated'), ('ROS_LOCALHOST_ONLY', '0'), ('PATH', '/opt/ros/humble/bin:/home/eragon/.local/bin:/usr/local/sbin:/usr/local/bin:/usr/sbin:/usr/bin:/sbin:/bin:/usr/games:/usr/local/games:/snap/bin:/snap/bin'), ('INVOCATION_ID', 'b18f9fdae77342fc8d74a505188f4ffa'), ('PAPERSIZE', 'a4'), ('SESSION_MANAGER', 'local/eragon-KPL-W0X:@/tmp/.ICE-unix/1024,unix/eragon-KPL-W0X:/tmp/.ICE-unix/1024'), ('GNOME_SETUP_DISPLAY', ':1'), ('LC_ADDRESS', 'ru_RU.UTF-8'), ('XDG_MENU_PREFIX', 'gnome-'), ('XDG_RUNTIME_DIR', '/run/user/1000'), ('DISPLAY', ':0'), ('LANG', 'ru_RU.UTF-8'), ('LC_TELEPHONE', 'ru_RU.UTF-8'), ('XDG_CURRENT_DESKTOP', 'ubuntu:GNOME'), ('XAUTHORITY', '/run/user/1000/.mutter-Xwaylandauth.N2KFX2'), ('XDG_SESSION_DESKTOP', 'ubuntu'), ('XMODIFIERS', '@im'), ('AMENT_PREFIX_PATH', '/home/eragon/student133_ws/install/test_visualization:/home/eragon/student133_ws/install/test_tf_broadcaster:/home/eragon/student133_ws/install/test_subscriber:/home/eragon/student133_ws/install/test_service:/home/eragon/student133_ws/install/test_serial_communication:/home/eragon/student133_ws/install/test_publisher:/home/eragon/student133_ws/install/test_pkg:/home/eragon/student133_ws/install/test_parameters:/home/eragon/student133_ws/install/test_custom_srv:/home/eragon/student133_ws/install/test_custom_publisher:/home/eragon/student133_ws/install/test_custom_msg:/home/eragon/student133_ws/install/test_client:/home/eragon/student133_ws/install/test_castom_publisher:/home/eragon/student133_ws/install/test_basic_publisher:/home/eragon/student133_ws/install/custom_counter:/opt/ros/humble'), ('SSH_AGENT_LAUNCHER', 'gnome-keyring'), ('SSH_AUTH_SOCK', '/run/user/1000/keyring/ssh'), ('LC_NAME', 'ru_RU.UTF-8'), ('SHELL', '/bin/bash'), ('GDMSESSION', 'ubuntu'), ('QT_ACCESSIBILITY', '1'), ('LC_MEASUREMENT', 'ru_RU.UTF-8'), ('GJS_DEBUG_OUTPUT', 'stderr'), ('LC_IDENTIFICATION', 'ru_RU.UTF-8'), ('QT_IM_MODULE', 'ibus'), ('LC_ALL', 'en_US.UTF-8'), ('PWD', '/home/eragon/student133_ws/build/test_publisher'), ('QT_QPA_PLATFORM', 'xcb'), ('XDG_CONFIG_DIRS', '/etc/xdg/xdg-ubuntu:/etc/xdg'), ('XDG_DATA_DIRS', '/usr/share/ubuntu:/usr/local/share/:/usr/share/:/var/lib/snapd/desktop'), ('LC_NUMERIC', 'ru_RU.UTF-8'), ('PYTHONPATH', '/home/eragon/student133_ws/install/test_custom_srv/local/lib/python3.10/dist-packages:/home/eragon/student133_ws/install/test_custom_msg/local/lib/python3.10/dist-packages:/opt/ros/humble/lib/python3.10/site-packages:/opt/ros/humble/local/lib/python3.10/dist-packages'), ('LC_PAPER', 'ru_RU.UTF-8'), ('COLCON', '1'), ('CMAKE_PREFIX_PATH', '/home/eragon/student133_ws/install/test_visualization:/home/eragon/student133_ws/install/test_tf_broadcaster:/home/eragon/student133_ws/install/test_subscriber:/home/eragon/student133_ws/install/test_service:/home/eragon/student133_ws/install/test_serial_communication:/home/eragon/student133_ws/install/test_publisher:/home/eragon/student133_ws/install/test_pkg:/home/eragon/student133_ws/install/test_parameters:/home/eragon/student133_ws/install/test_custom_srv:/home/eragon/student133_ws/install/test_custom_publisher:/home/eragon/student133_ws/install/test_custom_msg:/home/eragon/student133_ws/install/test_client:/home/eragon/student133_ws/install/test_castom_publisher:/home/eragon/student133_ws/install/test_basic_publisher:/home/eragon/student133_ws/install/custom_counter:/opt/ros/humble')]), 'shell': False}
[1.225726] (test_subscriber) CommandEnded: {'returncode': 0}
[1.236713] (test_visualization) CommandEnded: {'returncode': 0}
[1.240514] (test_custom_msg) StdoutLine: {'line': b'[100%] Built target ament_cmake_python_build_test_custom_msg_egg\n'}
[1.240866] (test_tf_broadcaster) StdoutLine: {'line': b'[ 50%] Built target test_tf_broadcaster_node\n'}
[1.244336] (test_tf_broadcaster) StdoutLine: {'line': b'[ 75%] Building CXX object CMakeFiles/test_tf_listener_node.dir/src/test_tf_listener_node.cpp.o\n'}
[1.249115] (test_publisher) StdoutLine: {'line': b'-- Install configuration: "Debug"\n'}
[1.250867] (test_publisher) StdoutLine: {'line': b'-- Up-to-date: /home/eragon/student133_ws/install/test_publisher/lib/test_publisher/test_publisher_node\n'}
[1.252152] (test_publisher) StdoutLine: {'line': b'-- Up-to-date: /home/eragon/student133_ws/install/test_publisher/share/ament_index/resource_index/package_run_dependencies/test_publisher\n'}
[1.253428] (test_publisher) StdoutLine: {'line': b'-- Up-to-date: /home/eragon/student133_ws/install/test_publisher/share/ament_index/resource_index/parent_prefix_path/test_publisher\n'}
[1.253747] (test_publisher) StdoutLine: {'line': b'-- Up-to-date: /home/eragon/student133_ws/install/test_publisher/share/test_publisher/environment/ament_prefix_path.sh\n'}
[1.254853] (test_publisher) StdoutLine: {'line': b'-- Up-to-date: /home/eragon/student133_ws/install/test_publisher/share/test_publisher/environment/ament_prefix_path.dsv\n'}
[1.255599] (test_publisher) StdoutLine: {'line': b'-- Up-to-date: /home/eragon/student133_ws/install/test_publisher/share/test_publisher/environment/path.sh\n'}
[1.255896] (test_publisher) StdoutLine: {'line': b'-- Up-to-date: /home/eragon/student133_ws/install/test_publisher/share/test_publisher/environment/path.dsv\n'}
[1.256095] (test_publisher) StdoutLine: {'line': b'-- Up-to-date: /home/eragon/student133_ws/install/test_publisher/share/test_publisher/local_setup.bash\n'}
[1.256272] (test_publisher) StdoutLine: {'line': b'-- Up-to-date: /home/eragon/student133_ws/install/test_publisher/share/test_publisher/local_setup.sh\n'}
[1.256483] (test_publisher) StdoutLine: {'line': b'-- Up-to-date: /home/eragon/student133_ws/install/test_publisher/share/test_publisher/local_setup.zsh\n'}
[1.256655] (test_publisher) StdoutLine: {'line': b'-- Up-to-date: /home/eragon/student133_ws/install/test_publisher/share/test_publisher/local_setup.dsv\n'}
[1.257125] (test_publisher) StdoutLine: {'line': b'-- Installing: /home/eragon/student133_ws/install/test_publisher/share/test_publisher/package.dsv\n'}
[1.257380] (test_publisher) StdoutLine: {'line': b'-- Up-to-date: /home/eragon/student133_ws/install/test_publisher/share/ament_index/resource_index/packages/test_publisher\n'}
[1.257575] (test_publisher) StdoutLine: {'line': b'-- Up-to-date: /home/eragon/student133_ws/install/test_publisher/share/test_publisher/cmake/test_publisherConfig.cmake\n'}
[1.257745] (test_publisher) StdoutLine: {'line': b'-- Up-to-date: /home/eragon/student133_ws/install/test_publisher/share/test_publisher/cmake/test_publisherConfig-version.cmake\n'}
[1.257908] (test_publisher) StdoutLine: {'line': b'-- Up-to-date: /home/eragon/student133_ws/install/test_publisher/share/test_publisher/package.xml\n'}
[1.266580] (test_publisher) CommandEnded: {'returncode': 0}
[1.288655] (test_custom_msg) CommandEnded: {'returncode': 0}
[1.301677] (test_service) JobProgress: {'identifier': 'test_service', 'progress': 'install'}
[1.301786] (test_service) Command: {'cmd': ['/usr/bin/cmake', '--install', '/home/eragon/student133_ws/build/test_service'], 'cwd': '/home/eragon/student133_ws/build/test_service', 'env': OrderedDict([('GJS_DEBUG_TOPICS', 'JS ERROR;JS LOG'), ('LANGUAGE', 'ru'), ('LC_TIME', 'ru_RU.UTF-8'), ('USER', 'eragon'), ('XDG_SESSION_TYPE', 'wayland'), ('LD_LIBRARY_PATH', '/home/eragon/student133_ws/install/test_custom_srv/lib:/home/eragon/student133_ws/install/test_custom_msg/lib:/opt/ros/humble/opt/rviz_ogre_vendor/lib:/opt/ros/humble/lib/x86_64-linux-gnu:/opt/ros/humble/lib'), ('SHLVL', '1'), ('HOME', '/home/eragon'), ('DESKTOP_SESSION', 'ubuntu'), ('QTDIR', '/usr/lib/x86_64-linux-gnu/qt5'), ('GIO_LAUNCHED_DESKTOP_FILE', '/home/eragon/.local/share/applications/org.qt-project.qtcreator.desktop'), ('GNOME_SHELL_SESSION_MODE', 'ubuntu'), ('GTK_MODULES', 'gail:atk-bridge'), ('ROS_PYTHON_VERSION', '3'), ('LC_MONETARY', 'ru_RU.UTF-8'), ('MANAGERPID', '876'), ('DBUS_SESSION_BUS_ADDRESS', 'unix:path'), ('SYSTEMD_EXEC_PID', '1057'), ('GIO_LAUNCHED_DESKTOP_FILE_PID', '1927'), ('COLCON_PREFIX_PATH', '/home/eragon/student133_ws/install'), ('IM_CONFIG_PHASE', '1'), ('ROS_DISTRO', 'humble'), ('WAYLAND_DISPLAY', 'wayland-0'), ('LOGNAME', 'eragon'), ('JOURNAL_STREAM', '8:6614'), ('_', '/usr/bin/env'), ('ROS_VERSION', '2'), ('XDG_SESSION_CLASS', 'user'), ('QSG_RHI_BACKEND', 'opengl'), ('USERNAME', 'eragon'), ('GNOME_DESKTOP_SESSION_ID', 'this-is-deprecated'), ('ROS_LOCALHOST_ONLY', '0'), ('PATH', '/opt/ros/humble/bin:/home/eragon/.local/bin:/usr/local/sbin:/usr/local/bin:/usr/sbin:/usr/bin:/sbin:/bin:/usr/games:/usr/local/games:/snap/bin:/snap/bin'), ('INVOCATION_ID', 'b18f9fdae77342fc8d74a505188f4ffa'), ('PAPERSIZE', 'a4'), ('SESSION_MANAGER', 'local/eragon-KPL-W0X:@/tmp/.ICE-unix/1024,unix/eragon-KPL-W0X:/tmp/.ICE-unix/1024'), ('GNOME_SETUP_DISPLAY', ':1'), ('LC_ADDRESS', 'ru_RU.UTF-8'), ('XDG_MENU_PREFIX', 'gnome-'), ('XDG_RUNTIME_DIR', '/run/user/1000'), ('DISPLAY', ':0'), ('LANG', 'ru_RU.UTF-8'), ('LC_TELEPHONE', 'ru_RU.UTF-8'), ('XDG_CURRENT_DESKTOP', 'ubuntu:GNOME'), ('XAUTHORITY', '/run/user/1000/.mutter-Xwaylandauth.N2KFX2'), ('XDG_SESSION_DESKTOP', 'ubuntu'), ('XMODIFIERS', '@im'), ('AMENT_PREFIX_PATH', '/home/eragon/student133_ws/install/test_visualization:/home/eragon/student133_ws/install/test_tf_broadcaster:/home/eragon/student133_ws/install/test_subscriber:/home/eragon/student133_ws/install/test_service:/home/eragon/student133_ws/install/test_serial_communication:/home/eragon/student133_ws/install/test_publisher:/home/eragon/student133_ws/install/test_pkg:/home/eragon/student133_ws/install/test_parameters:/home/eragon/student133_ws/install/test_custom_srv:/home/eragon/student133_ws/install/test_custom_publisher:/home/eragon/student133_ws/install/test_custom_msg:/home/eragon/student133_ws/install/test_client:/home/eragon/student133_ws/install/test_castom_publisher:/home/eragon/student133_ws/install/test_basic_publisher:/home/eragon/student133_ws/install/custom_counter:/opt/ros/humble'), ('SSH_AGENT_LAUNCHER', 'gnome-keyring'), ('SSH_AUTH_SOCK', '/run/user/1000/keyring/ssh'), ('LC_NAME', 'ru_RU.UTF-8'), ('SHELL', '/bin/bash'), ('GDMSESSION', 'ubuntu'), ('QT_ACCESSIBILITY', '1'), ('LC_MEASUREMENT', 'ru_RU.UTF-8'), ('GJS_DEBUG_OUTPUT', 'stderr'), ('LC_IDENTIFICATION', 'ru_RU.UTF-8'), ('QT_IM_MODULE', 'ibus'), ('LC_ALL', 'en_US.UTF-8'), ('PWD', '/home/eragon/student133_ws/build/test_service'), ('QT_QPA_PLATFORM', 'xcb'), ('XDG_CONFIG_DIRS', '/etc/xdg/xdg-ubuntu:/etc/xdg'), ('XDG_DATA_DIRS', '/usr/share/ubuntu:/usr/local/share/:/usr/share/:/var/lib/snapd/desktop'), ('LC_NUMERIC', 'ru_RU.UTF-8'), ('PYTHONPATH', '/home/eragon/student133_ws/install/test_custom_srv/local/lib/python3.10/dist-packages:/home/eragon/student133_ws/install/test_custom_msg/local/lib/python3.10/dist-packages:/opt/ros/humble/lib/python3.10/site-packages:/opt/ros/humble/local/lib/python3.10/dist-packages'), ('LC_PAPER', 'ru_RU.UTF-8'), ('COLCON', '1'), ('CMAKE_PREFIX_PATH', '/home/eragon/student133_ws/install/test_visualization:/home/eragon/student133_ws/install/test_tf_broadcaster:/home/eragon/student133_ws/install/test_subscriber:/home/eragon/student133_ws/install/test_service:/home/eragon/student133_ws/install/test_serial_communication:/home/eragon/student133_ws/install/test_publisher:/home/eragon/student133_ws/install/test_pkg:/home/eragon/student133_ws/install/test_parameters:/home/eragon/student133_ws/install/test_custom_srv:/home/eragon/student133_ws/install/test_custom_publisher:/home/eragon/student133_ws/install/test_custom_msg:/home/eragon/student133_ws/install/test_client:/home/eragon/student133_ws/install/test_castom_publisher:/home/eragon/student133_ws/install/test_basic_publisher:/home/eragon/student133_ws/install/custom_counter:/opt/ros/humble')]), 'shell': False}
[1.304808] (test_custom_srv) StdoutLine: {'line': b'running egg_info\n'}
[1.305157] (test_custom_srv) StdoutLine: {'line': b'writing test_custom_srv.egg-info/PKG-INFO\n'}
[1.305414] (test_custom_srv) StdoutLine: {'line': b'writing dependency_links to test_custom_srv.egg-info/dependency_links.txt\n'}
[1.305608] (test_custom_srv) StdoutLine: {'line': b'writing top-level names to test_custom_srv.egg-info/top_level.txt\n'}
[1.307614] (test_custom_srv) StdoutLine: {'line': b"reading manifest file 'test_custom_srv.egg-info/SOURCES.txt'\n"}
[1.307937] (test_custom_srv) StdoutLine: {'line': b"writing manifest file 'test_custom_srv.egg-info/SOURCES.txt'\n"}
[1.318989] (-) TimerEvent: {}
[1.324623] (test_subscriber) JobProgress: {'identifier': 'test_subscriber', 'progress': 'install'}
[1.324724] (test_subscriber) Command: {'cmd': ['/usr/bin/cmake', '--install', '/home/eragon/student133_ws/build/test_subscriber'], 'cwd': '/home/eragon/student133_ws/build/test_subscriber', 'env': OrderedDict([('GJS_DEBUG_TOPICS', 'JS ERROR;JS LOG'), ('LANGUAGE', 'ru'), ('LC_TIME', 'ru_RU.UTF-8'), ('USER', 'eragon'), ('XDG_SESSION_TYPE', 'wayland'), ('LD_LIBRARY_PATH', '/home/eragon/student133_ws/install/test_custom_srv/lib:/home/eragon/student133_ws/install/test_custom_msg/lib:/opt/ros/humble/opt/rviz_ogre_vendor/lib:/opt/ros/humble/lib/x86_64-linux-gnu:/opt/ros/humble/lib'), ('SHLVL', '1'), ('HOME', '/home/eragon'), ('DESKTOP_SESSION', 'ubuntu'), ('QTDIR', '/usr/lib/x86_64-linux-gnu/qt5'), ('GIO_LAUNCHED_DESKTOP_FILE', '/home/eragon/.local/share/applications/org.qt-project.qtcreator.desktop'), ('GNOME_SHELL_SESSION_MODE', 'ubuntu'), ('GTK_MODULES', 'gail:atk-bridge'), ('ROS_PYTHON_VERSION', '3'), ('LC_MONETARY', 'ru_RU.UTF-8'), ('MANAGERPID', '876'), ('DBUS_SESSION_BUS_ADDRESS', 'unix:path'), ('SYSTEMD_EXEC_PID', '1057'), ('GIO_LAUNCHED_DESKTOP_FILE_PID', '1927'), ('COLCON_PREFIX_PATH', '/home/eragon/student133_ws/install'), ('IM_CONFIG_PHASE', '1'), ('ROS_DISTRO', 'humble'), ('WAYLAND_DISPLAY', 'wayland-0'), ('LOGNAME', 'eragon'), ('JOURNAL_STREAM', '8:6614'), ('_', '/usr/bin/env'), ('ROS_VERSION', '2'), ('XDG_SESSION_CLASS', 'user'), ('QSG_RHI_BACKEND', 'opengl'), ('USERNAME', 'eragon'), ('GNOME_DESKTOP_SESSION_ID', 'this-is-deprecated'), ('ROS_LOCALHOST_ONLY', '0'), ('PATH', '/opt/ros/humble/bin:/home/eragon/.local/bin:/usr/local/sbin:/usr/local/bin:/usr/sbin:/usr/bin:/sbin:/bin:/usr/games:/usr/local/games:/snap/bin:/snap/bin'), ('INVOCATION_ID', 'b18f9fdae77342fc8d74a505188f4ffa'), ('PAPERSIZE', 'a4'), ('SESSION_MANAGER', 'local/eragon-KPL-W0X:@/tmp/.ICE-unix/1024,unix/eragon-KPL-W0X:/tmp/.ICE-unix/1024'), ('GNOME_SETUP_DISPLAY', ':1'), ('LC_ADDRESS', 'ru_RU.UTF-8'), ('XDG_MENU_PREFIX', 'gnome-'), ('XDG_RUNTIME_DIR', '/run/user/1000'), ('DISPLAY', ':0'), ('LANG', 'ru_RU.UTF-8'), ('LC_TELEPHONE', 'ru_RU.UTF-8'), ('XDG_CURRENT_DESKTOP', 'ubuntu:GNOME'), ('XAUTHORITY', '/run/user/1000/.mutter-Xwaylandauth.N2KFX2'), ('XDG_SESSION_DESKTOP', 'ubuntu'), ('XMODIFIERS', '@im'), ('AMENT_PREFIX_PATH', '/home/eragon/student133_ws/install/test_visualization:/home/eragon/student133_ws/install/test_tf_broadcaster:/home/eragon/student133_ws/install/test_subscriber:/home/eragon/student133_ws/install/test_service:/home/eragon/student133_ws/install/test_serial_communication:/home/eragon/student133_ws/install/test_publisher:/home/eragon/student133_ws/install/test_pkg:/home/eragon/student133_ws/install/test_parameters:/home/eragon/student133_ws/install/test_custom_srv:/home/eragon/student133_ws/install/test_custom_publisher:/home/eragon/student133_ws/install/test_custom_msg:/home/eragon/student133_ws/install/test_client:/home/eragon/student133_ws/install/test_castom_publisher:/home/eragon/student133_ws/install/test_basic_publisher:/home/eragon/student133_ws/install/custom_counter:/opt/ros/humble'), ('SSH_AGENT_LAUNCHER', 'gnome-keyring'), ('SSH_AUTH_SOCK', '/run/user/1000/keyring/ssh'), ('LC_NAME', 'ru_RU.UTF-8'), ('SHELL', '/bin/bash'), ('GDMSESSION', 'ubuntu'), ('QT_ACCESSIBILITY', '1'), ('LC_MEASUREMENT', 'ru_RU.UTF-8'), ('GJS_DEBUG_OUTPUT', 'stderr'), ('LC_IDENTIFICATION', 'ru_RU.UTF-8'), ('QT_IM_MODULE', 'ibus'), ('LC_ALL', 'en_US.UTF-8'), ('PWD', '/home/eragon/student133_ws/build/test_subscriber'), ('QT_QPA_PLATFORM', 'xcb'), ('XDG_CONFIG_DIRS', '/etc/xdg/xdg-ubuntu:/etc/xdg'), ('XDG_DATA_DIRS', '/usr/share/ubuntu:/usr/local/share/:/usr/share/:/var/lib/snapd/desktop'), ('LC_NUMERIC', 'ru_RU.UTF-8'), ('PYTHONPATH', '/home/eragon/student133_ws/install/test_custom_srv/local/lib/python3.10/dist-packages:/home/eragon/student133_ws/install/test_custom_msg/local/lib/python3.10/dist-packages:/opt/ros/humble/lib/python3.10/site-packages:/opt/ros/humble/local/lib/python3.10/dist-packages'), ('LC_PAPER', 'ru_RU.UTF-8'), ('COLCON', '1'), ('CMAKE_PREFIX_PATH', '/home/eragon/student133_ws/install/test_visualization:/home/eragon/student133_ws/install/test_tf_broadcaster:/home/eragon/student133_ws/install/test_subscriber:/home/eragon/student133_ws/install/test_service:/home/eragon/student133_ws/install/test_serial_communication:/home/eragon/student133_ws/install/test_publisher:/home/eragon/student133_ws/install/test_pkg:/home/eragon/student133_ws/install/test_parameters:/home/eragon/student133_ws/install/test_custom_srv:/home/eragon/student133_ws/install/test_custom_publisher:/home/eragon/student133_ws/install/test_custom_msg:/home/eragon/student133_ws/install/test_client:/home/eragon/student133_ws/install/test_castom_publisher:/home/eragon/student133_ws/install/test_basic_publisher:/home/eragon/student133_ws/install/custom_counter:/opt/ros/humble')]), 'shell': False}
[1.329791] (test_service) StdoutLine: {'line': b'-- Install configuration: "Debug"\n'}
[1.330190] (test_service) StdoutLine: {'line': b'-- Up-to-date: /home/eragon/student133_ws/install/test_service/lib/test_service/test_service_node\n'}
[1.334746] (test_visualization) JobProgress: {'identifier': 'test_visualization', 'progress': 'install'}
[1.334865] (test_visualization) Command: {'cmd': ['/usr/bin/cmake', '--install', '/home/eragon/student133_ws/build/test_visualization'], 'cwd': '/home/eragon/student133_ws/build/test_visualization', 'env': OrderedDict([('GJS_DEBUG_TOPICS', 'JS ERROR;JS LOG'), ('LANGUAGE', 'ru'), ('LC_TIME', 'ru_RU.UTF-8'), ('USER', 'eragon'), ('XDG_SESSION_TYPE', 'wayland'), ('LD_LIBRARY_PATH', '/home/eragon/student133_ws/install/test_custom_srv/lib:/home/eragon/student133_ws/install/test_custom_msg/lib:/opt/ros/humble/opt/rviz_ogre_vendor/lib:/opt/ros/humble/lib/x86_64-linux-gnu:/opt/ros/humble/lib'), ('SHLVL', '1'), ('HOME', '/home/eragon'), ('DESKTOP_SESSION', 'ubuntu'), ('QTDIR', '/usr/lib/x86_64-linux-gnu/qt5'), ('GIO_LAUNCHED_DESKTOP_FILE', '/home/eragon/.local/share/applications/org.qt-project.qtcreator.desktop'), ('GNOME_SHELL_SESSION_MODE', 'ubuntu'), ('GTK_MODULES', 'gail:atk-bridge'), ('ROS_PYTHON_VERSION', '3'), ('LC_MONETARY', 'ru_RU.UTF-8'), ('MANAGERPID', '876'), ('DBUS_SESSION_BUS_ADDRESS', 'unix:path'), ('SYSTEMD_EXEC_PID', '1057'), ('GIO_LAUNCHED_DESKTOP_FILE_PID', '1927'), ('COLCON_PREFIX_PATH', '/home/eragon/student133_ws/install'), ('IM_CONFIG_PHASE', '1'), ('ROS_DISTRO', 'humble'), ('WAYLAND_DISPLAY', 'wayland-0'), ('LOGNAME', 'eragon'), ('JOURNAL_STREAM', '8:6614'), ('_', '/usr/bin/env'), ('ROS_VERSION', '2'), ('XDG_SESSION_CLASS', 'user'), ('QSG_RHI_BACKEND', 'opengl'), ('USERNAME', 'eragon'), ('GNOME_DESKTOP_SESSION_ID', 'this-is-deprecated'), ('ROS_LOCALHOST_ONLY', '0'), ('PATH', '/opt/ros/humble/bin:/home/eragon/.local/bin:/usr/local/sbin:/usr/local/bin:/usr/sbin:/usr/bin:/sbin:/bin:/usr/games:/usr/local/games:/snap/bin:/snap/bin'), ('INVOCATION_ID', 'b18f9fdae77342fc8d74a505188f4ffa'), ('PAPERSIZE', 'a4'), ('SESSION_MANAGER', 'local/eragon-KPL-W0X:@/tmp/.ICE-unix/1024,unix/eragon-KPL-W0X:/tmp/.ICE-unix/1024'), ('GNOME_SETUP_DISPLAY', ':1'), ('LC_ADDRESS', 'ru_RU.UTF-8'), ('XDG_MENU_PREFIX', 'gnome-'), ('XDG_RUNTIME_DIR', '/run/user/1000'), ('DISPLAY', ':0'), ('LANG', 'ru_RU.UTF-8'), ('LC_TELEPHONE', 'ru_RU.UTF-8'), ('XDG_CURRENT_DESKTOP', 'ubuntu:GNOME'), ('XAUTHORITY', '/run/user/1000/.mutter-Xwaylandauth.N2KFX2'), ('XDG_SESSION_DESKTOP', 'ubuntu'), ('XMODIFIERS', '@im'), ('AMENT_PREFIX_PATH', '/home/eragon/student133_ws/install/test_visualization:/home/eragon/student133_ws/install/test_tf_broadcaster:/home/eragon/student133_ws/install/test_subscriber:/home/eragon/student133_ws/install/test_service:/home/eragon/student133_ws/install/test_serial_communication:/home/eragon/student133_ws/install/test_publisher:/home/eragon/student133_ws/install/test_pkg:/home/eragon/student133_ws/install/test_parameters:/home/eragon/student133_ws/install/test_custom_srv:/home/eragon/student133_ws/install/test_custom_publisher:/home/eragon/student133_ws/install/test_custom_msg:/home/eragon/student133_ws/install/test_client:/home/eragon/student133_ws/install/test_castom_publisher:/home/eragon/student133_ws/install/test_basic_publisher:/home/eragon/student133_ws/install/custom_counter:/opt/ros/humble'), ('SSH_AGENT_LAUNCHER', 'gnome-keyring'), ('SSH_AUTH_SOCK', '/run/user/1000/keyring/ssh'), ('LC_NAME', 'ru_RU.UTF-8'), ('SHELL', '/bin/bash'), ('GDMSESSION', 'ubuntu'), ('QT_ACCESSIBILITY', '1'), ('LC_MEASUREMENT', 'ru_RU.UTF-8'), ('GJS_DEBUG_OUTPUT', 'stderr'), ('LC_IDENTIFICATION', 'ru_RU.UTF-8'), ('QT_IM_MODULE', 'ibus'), ('LC_ALL', 'en_US.UTF-8'), ('PWD', '/home/eragon/student133_ws/build/test_visualization'), ('QT_QPA_PLATFORM', 'xcb'), ('XDG_CONFIG_DIRS', '/etc/xdg/xdg-ubuntu:/etc/xdg'), ('XDG_DATA_DIRS', '/usr/share/ubuntu:/usr/local/share/:/usr/share/:/var/lib/snapd/desktop'), ('LC_NUMERIC', 'ru_RU.UTF-8'), ('PYTHONPATH', '/home/eragon/student133_ws/install/test_custom_srv/local/lib/python3.10/dist-packages:/home/eragon/student133_ws/install/test_custom_msg/local/lib/python3.10/dist-packages:/opt/ros/humble/lib/python3.10/site-packages:/opt/ros/humble/local/lib/python3.10/dist-packages'), ('LC_PAPER', 'ru_RU.UTF-8'), ('COLCON', '1'), ('CMAKE_PREFIX_PATH', '/home/eragon/student133_ws/install/test_visualization:/home/eragon/student133_ws/install/test_tf_broadcaster:/home/eragon/student133_ws/install/test_subscriber:/home/eragon/student133_ws/install/test_service:/home/eragon/student133_ws/install/test_serial_communication:/home/eragon/student133_ws/install/test_publisher:/home/eragon/student133_ws/install/test_pkg:/home/eragon/student133_ws/install/test_parameters:/home/eragon/student133_ws/install/test_custom_srv:/home/eragon/student133_ws/install/test_custom_publisher:/home/eragon/student133_ws/install/test_custom_msg:/home/eragon/student133_ws/install/test_client:/home/eragon/student133_ws/install/test_castom_publisher:/home/eragon/student133_ws/install/test_basic_publisher:/home/eragon/student133_ws/install/custom_counter:/opt/ros/humble')]), 'shell': False}
[1.338867] (test_service) StdoutLine: {'line': b'-- Up-to-date: /home/eragon/student133_ws/install/test_service/lib/test_service/service_triangle\n'}
[1.339185] (test_service) StdoutLine: {'line': b'-- Up-to-date: /home/eragon/student133_ws/install/test_service/share/ament_index/resource_index/package_run_dependencies/test_service\n'}
[1.339410] (test_service) StdoutLine: {'line': b'-- Up-to-date: /home/eragon/student133_ws/install/test_service/share/ament_index/resource_index/parent_prefix_path/test_service\n'}
[1.339577] (test_service) StdoutLine: {'line': b'-- Up-to-date: /home/eragon/student133_ws/install/test_service/share/test_service/environment/ament_prefix_path.sh\n'}
[1.339737] (test_service) StdoutLine: {'line': b'-- Up-to-date: /home/eragon/student133_ws/install/test_service/share/test_service/environment/ament_prefix_path.dsv\n'}
[1.339896] (test_service) StdoutLine: {'line': b'-- Up-to-date: /home/eragon/student133_ws/install/test_service/share/test_service/environment/path.sh\n'}
[1.340066] (test_service) StdoutLine: {'line': b'-- Up-to-date: /home/eragon/student133_ws/install/test_service/share/test_service/environment/path.dsv\n'}
[1.340209] (test_service) StdoutLine: {'line': b'-- Up-to-date: /home/eragon/student133_ws/install/test_service/share/test_service/local_setup.bash\n'}
[1.340445] (test_service) StdoutLine: {'line': b'-- Up-to-date: /home/eragon/student133_ws/install/test_service/share/test_service/local_setup.sh\n'}
[1.340619] (test_service) StdoutLine: {'line': b'-- Up-to-date: /home/eragon/student133_ws/install/test_service/share/test_service/local_setup.zsh\n'}
[1.340780] (test_service) StdoutLine: {'line': b'-- Up-to-date: /home/eragon/student133_ws/install/test_service/share/test_service/local_setup.dsv\n'}
[1.340940] (test_service) StdoutLine: {'line': b'-- Installing: /home/eragon/student133_ws/install/test_service/share/test_service/package.dsv\n'}
[1.341101] (test_service) StdoutLine: {'line': b'-- Up-to-date: /home/eragon/student133_ws/install/test_service/share/ament_index/resource_index/packages/test_service\n'}
[1.341264] (test_service) StdoutLine: {'line': b'-- Up-to-date: /home/eragon/student133_ws/install/test_service/share/test_service/cmake/test_serviceConfig.cmake\n'}
[1.341455] (test_service) StdoutLine: {'line': b'-- Up-to-date: /home/eragon/student133_ws/install/test_service/share/test_service/cmake/test_serviceConfig-version.cmake\n'}
[1.341622] (test_service) StdoutLine: {'line': b'-- Up-to-date: /home/eragon/student133_ws/install/test_service/share/test_service/package.xml\n'}
[1.347429] (test_service) CommandEnded: {'returncode': 0}
[1.369918] (test_subscriber) StdoutLine: {'line': b'-- Install configuration: "Debug"\n'}
[1.370505] (test_subscriber) StdoutLine: {'line': b'-- Up-to-date: /home/eragon/student133_ws/install/test_subscriber/lib/test_subscriber/test_subscriber_node\n'}
[1.370743] (test_subscriber) StdoutLine: {'line': b'-- Up-to-date: /home/eragon/student133_ws/install/test_subscriber/lib/test_subscriber/Triangle_node\n'}
[1.370924] (test_subscriber) StdoutLine: {'line': b'-- Up-to-date: /home/eragon/student133_ws/install/test_subscriber/share/ament_index/resource_index/package_run_dependencies/test_subscriber\n'}
[1.371099] (test_subscriber) StdoutLine: {'line': b'-- Up-to-date: /home/eragon/student133_ws/install/test_subscriber/share/ament_index/resource_index/parent_prefix_path/test_subscriber\n'}
[1.371264] (test_subscriber) StdoutLine: {'line': b'-- Up-to-date: /home/eragon/student133_ws/install/test_subscriber/share/test_subscriber/environment/ament_prefix_path.sh\n'}
[1.371457] (test_subscriber) StdoutLine: {'line': b'-- Up-to-date: /home/eragon/student133_ws/install/test_subscriber/share/test_subscriber/environment/ament_prefix_path.dsv\n'}
[1.371620] (test_subscriber) StdoutLine: {'line': b'-- Up-to-date: /home/eragon/student133_ws/install/test_subscriber/share/test_subscriber/environment/path.sh\n'}
[1.371773] (test_subscriber) StdoutLine: {'line': b'-- Up-to-date: /home/eragon/student133_ws/install/test_subscriber/share/test_subscriber/environment/path.dsv\n'}
[1.371925] (test_subscriber) StdoutLine: {'line': b'-- Up-to-date: /home/eragon/student133_ws/install/test_subscriber/share/test_subscriber/local_setup.bash\n'}
[1.372081] (test_subscriber) StdoutLine: {'line': b'-- Up-to-date: /home/eragon/student133_ws/install/test_subscriber/share/test_subscriber/local_setup.sh\n'}
[1.372242] (test_subscriber) StdoutLine: {'line': b'-- Up-to-date: /home/eragon/student133_ws/install/test_subscriber/share/test_subscriber/local_setup.zsh\n'}
[1.374056] (test_subscriber) StdoutLine: {'line': b'-- Up-to-date: /home/eragon/student133_ws/install/test_subscriber/share/test_subscriber/local_setup.dsv\n'}
[1.377377] (test_subscriber) StdoutLine: {'line': b'-- Installing: /home/eragon/student133_ws/install/test_subscriber/share/test_subscriber/package.dsv\n'}
[1.377816] (test_subscriber) StdoutLine: {'line': b'-- Up-to-date: /home/eragon/student133_ws/install/test_subscriber/share/ament_index/resource_index/packages/test_subscriber\n'}
[1.378566] (test_subscriber) StdoutLine: {'line': b'-- Up-to-date: /home/eragon/student133_ws/install/test_subscriber/share/test_subscriber/cmake/test_subscriberConfig.cmake\n'}
[1.378863] (test_subscriber) StdoutLine: {'line': b'-- Up-to-date: /home/eragon/student133_ws/install/test_subscriber/share/test_subscriber/cmake/test_subscriberConfig-version.cmake\n'}
[1.379095] (test_subscriber) StdoutLine: {'line': b'-- Up-to-date: /home/eragon/student133_ws/install/test_subscriber/share/test_subscriber/package.xml\n'}
[1.379289] (test_visualization) StdoutLine: {'line': b'-- Install configuration: "Debug"\n'}
[1.379610] (test_visualization) StdoutLine: {'line': b'-- Up-to-date: /home/eragon/student133_ws/install/test_visualization/lib/test_visualization/test_visualization_node\n'}
[1.379805] (test_visualization) StdoutLine: {'line': b'-- Up-to-date: /home/eragon/student133_ws/install/test_visualization/share/ament_index/resource_index/package_run_dependencies/test_visualization\n'}
[1.379990] (test_visualization) StdoutLine: {'line': b'-- Up-to-date: /home/eragon/student133_ws/install/test_visualization/share/ament_index/resource_index/parent_prefix_path/test_visualization\n'}
[1.380174] (test_visualization) StdoutLine: {'line': b'-- Up-to-date: /home/eragon/student133_ws/install/test_visualization/share/test_visualization/environment/ament_prefix_path.sh\n'}
[1.380448] (test_visualization) StdoutLine: {'line': b'-- Up-to-date: /home/eragon/student133_ws/install/test_visualization/share/test_visualization/environment/ament_prefix_path.dsv\n'}
[1.380978] (test_visualization) StdoutLine: {'line': b'-- Up-to-date: /home/eragon/student133_ws/install/test_visualization/share/test_visualization/environment/path.sh\n'}
[1.381188] (test_visualization) StdoutLine: {'line': b'-- Up-to-date: /home/eragon/student133_ws/install/test_visualization/share/test_visualization/environment/path.dsv\n'}
[1.381429] (test_visualization) StdoutLine: {'line': b'-- Up-to-date: /home/eragon/student133_ws/install/test_visualization/share/test_visualization/local_setup.bash\n'}
[1.381695] (test_visualization) StdoutLine: {'line': b'-- Up-to-date: /home/eragon/student133_ws/install/test_visualization/share/test_visualization/local_setup.sh\n'}
[1.381882] (test_visualization) StdoutLine: {'line': b'-- Up-to-date: /home/eragon/student133_ws/install/test_visualization/share/test_visualization/local_setup.zsh\n'}
[1.382072] (test_visualization) StdoutLine: {'line': b'-- Up-to-date: /home/eragon/student133_ws/install/test_visualization/share/test_visualization/local_setup.dsv\n'}
[1.382386] (test_visualization) StdoutLine: {'line': b'-- Installing: /home/eragon/student133_ws/install/test_visualization/share/test_visualization/package.dsv\n'}
[1.382728] (test_visualization) StdoutLine: {'line': b'-- Up-to-date: /home/eragon/student133_ws/install/test_visualization/share/ament_index/resource_index/packages/test_visualization\n'}
[1.382953] (test_visualization) StdoutLine: {'line': b'-- Up-to-date: /home/eragon/student133_ws/install/test_visualization/share/test_visualization/cmake/test_visualizationConfig.cmake\n'}
[1.383138] (test_visualization) StdoutLine: {'line': b'-- Up-to-date: /home/eragon/student133_ws/install/test_visualization/share/test_visualization/cmake/test_visualizationConfig-version.cmake\n'}
[1.383403] (test_visualization) StdoutLine: {'line': b'-- Up-to-date: /home/eragon/student133_ws/install/test_visualization/share/test_visualization/package.xml\n'}
[1.383608] (test_subscriber) CommandEnded: {'returncode': 0}
[1.403616] (test_visualization) CommandEnded: {'returncode': 0}
[1.419156] (-) TimerEvent: {}
[1.423638] (test_custom_srv) StdoutLine: {'line': b'[100%] Built target ament_cmake_python_build_test_custom_srv_egg\n'}
[1.444997] (test_publisher) JobEnded: {'identifier': 'test_publisher', 'rc': 0}
[1.448936] (test_custom_srv) CommandEnded: {'returncode': 0}
[1.470006] (test_service) JobEnded: {'identifier': 'test_service', 'rc': 0}
[1.494500] (test_subscriber) JobEnded: {'identifier': 'test_subscriber', 'rc': 0}
[1.514732] (test_visualization) JobEnded: {'identifier': 'test_visualization', 'rc': 0}
[1.517363] (test_custom_msg) JobProgress: {'identifier': 'test_custom_msg', 'progress': 'install'}
[1.517477] (test_custom_msg) Command: {'cmd': ['/usr/bin/cmake', '--install', '/home/eragon/student133_ws/build/test_custom_msg'], 'cwd': '/home/eragon/student133_ws/build/test_custom_msg', 'env': OrderedDict([('GJS_DEBUG_TOPICS', 'JS ERROR;JS LOG'), ('LANGUAGE', 'ru'), ('LC_TIME', 'ru_RU.UTF-8'), ('USER', 'eragon'), ('XDG_SESSION_TYPE', 'wayland'), ('LD_LIBRARY_PATH', '/home/eragon/student133_ws/install/test_custom_srv/lib:/home/eragon/student133_ws/install/test_custom_msg/lib:/opt/ros/humble/opt/rviz_ogre_vendor/lib:/opt/ros/humble/lib/x86_64-linux-gnu:/opt/ros/humble/lib'), ('SHLVL', '1'), ('HOME', '/home/eragon'), ('DESKTOP_SESSION', 'ubuntu'), ('QTDIR', '/usr/lib/x86_64-linux-gnu/qt5'), ('GIO_LAUNCHED_DESKTOP_FILE', '/home/eragon/.local/share/applications/org.qt-project.qtcreator.desktop'), ('GNOME_SHELL_SESSION_MODE', 'ubuntu'), ('GTK_MODULES', 'gail:atk-bridge'), ('ROS_PYTHON_VERSION', '3'), ('LC_MONETARY', 'ru_RU.UTF-8'), ('MANAGERPID', '876'), ('DBUS_SESSION_BUS_ADDRESS', 'unix:path'), ('SYSTEMD_EXEC_PID', '1057'), ('GIO_LAUNCHED_DESKTOP_FILE_PID', '1927'), ('COLCON_PREFIX_PATH', '/home/eragon/student133_ws/install'), ('IM_CONFIG_PHASE', '1'), ('ROS_DISTRO', 'humble'), ('WAYLAND_DISPLAY', 'wayland-0'), ('LOGNAME', 'eragon'), ('JOURNAL_STREAM', '8:6614'), ('_', '/usr/bin/env'), ('ROS_VERSION', '2'), ('XDG_SESSION_CLASS', 'user'), ('QSG_RHI_BACKEND', 'opengl'), ('USERNAME', 'eragon'), ('GNOME_DESKTOP_SESSION_ID', 'this-is-deprecated'), ('ROS_LOCALHOST_ONLY', '0'), ('PATH', '/opt/ros/humble/bin:/home/eragon/.local/bin:/usr/local/sbin:/usr/local/bin:/usr/sbin:/usr/bin:/sbin:/bin:/usr/games:/usr/local/games:/snap/bin:/snap/bin'), ('INVOCATION_ID', 'b18f9fdae77342fc8d74a505188f4ffa'), ('PAPERSIZE', 'a4'), ('SESSION_MANAGER', 'local/eragon-KPL-W0X:@/tmp/.ICE-unix/1024,unix/eragon-KPL-W0X:/tmp/.ICE-unix/1024'), ('GNOME_SETUP_DISPLAY', ':1'), ('LC_ADDRESS', 'ru_RU.UTF-8'), ('XDG_MENU_PREFIX', 'gnome-'), ('XDG_RUNTIME_DIR', '/run/user/1000'), ('DISPLAY', ':0'), ('LANG', 'ru_RU.UTF-8'), ('LC_TELEPHONE', 'ru_RU.UTF-8'), ('XDG_CURRENT_DESKTOP', 'ubuntu:GNOME'), ('XAUTHORITY', '/run/user/1000/.mutter-Xwaylandauth.N2KFX2'), ('XDG_SESSION_DESKTOP', 'ubuntu'), ('XMODIFIERS', '@im'), ('AMENT_PREFIX_PATH', '/home/eragon/student133_ws/install/test_visualization:/home/eragon/student133_ws/install/test_tf_broadcaster:/home/eragon/student133_ws/install/test_subscriber:/home/eragon/student133_ws/install/test_service:/home/eragon/student133_ws/install/test_serial_communication:/home/eragon/student133_ws/install/test_publisher:/home/eragon/student133_ws/install/test_pkg:/home/eragon/student133_ws/install/test_parameters:/home/eragon/student133_ws/install/test_custom_srv:/home/eragon/student133_ws/install/test_custom_publisher:/home/eragon/student133_ws/install/test_custom_msg:/home/eragon/student133_ws/install/test_client:/home/eragon/student133_ws/install/test_castom_publisher:/home/eragon/student133_ws/install/test_basic_publisher:/home/eragon/student133_ws/install/custom_counter:/opt/ros/humble'), ('SSH_AGENT_LAUNCHER', 'gnome-keyring'), ('SSH_AUTH_SOCK', '/run/user/1000/keyring/ssh'), ('LC_NAME', 'ru_RU.UTF-8'), ('SHELL', '/bin/bash'), ('GDMSESSION', 'ubuntu'), ('QT_ACCESSIBILITY', '1'), ('LC_MEASUREMENT', 'ru_RU.UTF-8'), ('GJS_DEBUG_OUTPUT', 'stderr'), ('LC_IDENTIFICATION', 'ru_RU.UTF-8'), ('QT_IM_MODULE', 'ibus'), ('LC_ALL', 'en_US.UTF-8'), ('PWD', '/home/eragon/student133_ws/build/test_custom_msg'), ('QT_QPA_PLATFORM', 'xcb'), ('XDG_CONFIG_DIRS', '/etc/xdg/xdg-ubuntu:/etc/xdg'), ('XDG_DATA_DIRS', '/usr/share/ubuntu:/usr/local/share/:/usr/share/:/var/lib/snapd/desktop'), ('LC_NUMERIC', 'ru_RU.UTF-8'), ('PYTHONPATH', '/home/eragon/student133_ws/install/test_custom_srv/local/lib/python3.10/dist-packages:/home/eragon/student133_ws/install/test_custom_msg/local/lib/python3.10/dist-packages:/opt/ros/humble/lib/python3.10/site-packages:/opt/ros/humble/local/lib/python3.10/dist-packages'), ('LC_PAPER', 'ru_RU.UTF-8'), ('COLCON', '1'), ('CMAKE_PREFIX_PATH', '/home/eragon/student133_ws/install/test_visualization:/home/eragon/student133_ws/install/test_tf_broadcaster:/home/eragon/student133_ws/install/test_subscriber:/home/eragon/student133_ws/install/test_service:/home/eragon/student133_ws/install/test_serial_communication:/home/eragon/student133_ws/install/test_publisher:/home/eragon/student133_ws/install/test_pkg:/home/eragon/student133_ws/install/test_parameters:/home/eragon/student133_ws/install/test_custom_srv:/home/eragon/student133_ws/install/test_custom_publisher:/home/eragon/student133_ws/install/test_custom_msg:/home/eragon/student133_ws/install/test_client:/home/eragon/student133_ws/install/test_castom_publisher:/home/eragon/student133_ws/install/test_basic_publisher:/home/eragon/student133_ws/install/custom_counter:/opt/ros/humble')]), 'shell': False}
[1.519835] (-) TimerEvent: {}
[1.534947] (test_custom_msg) StdoutLine: {'line': b'-- Install configuration: "Debug"\n'}
[1.535482] (test_custom_msg) StdoutLine: {'line': b'-- Up-to-date: /home/eragon/student133_ws/install/test_custom_msg/share/ament_index/resource_index/rosidl_interfaces/test_custom_msg\n'}
[1.535681] (test_custom_msg) StdoutLine: {'line': b'-- Up-to-date: /home/eragon/student133_ws/install/test_custom_msg/include/test_custom_msg/test_custom_msg\n'}
[1.535840] (test_custom_msg) StdoutLine: {'line': b'-- Up-to-date: /home/eragon/student133_ws/install/test_custom_msg/include/test_custom_msg/test_custom_msg/msg\n'}
[1.535990] (test_custom_msg) StdoutLine: {'line': b'-- Up-to-date: /home/eragon/student133_ws/install/test_custom_msg/include/test_custom_msg/test_custom_msg/msg/detail\n'}
[1.536148] (test_custom_msg) StdoutLine: {'line': b'-- Up-to-date: /home/eragon/student133_ws/install/test_custom_msg/include/test_custom_msg/test_custom_msg/msg/detail/circle__struct.h\n'}
[1.536283] (test_custom_msg) StdoutLine: {'line': b'-- Up-to-date: /home/eragon/student133_ws/install/test_custom_msg/include/test_custom_msg/test_custom_msg/msg/detail/circle__functions.h\n'}
[1.536834] (test_custom_msg) StdoutLine: {'line': b'-- Up-to-date: /home/eragon/student133_ws/install/test_custom_msg/include/test_custom_msg/test_custom_msg/msg/detail/circle__type_support.h\n'}
[1.537166] (test_custom_msg) StdoutLine: {'line': b'-- Up-to-date: /home/eragon/student133_ws/install/test_custom_msg/include/test_custom_msg/test_custom_msg/msg/detail/triangle__type_support.h\n'}
[1.537323] (test_custom_msg) StdoutLine: {'line': b'-- Up-to-date: /home/eragon/student133_ws/install/test_custom_msg/include/test_custom_msg/test_custom_msg/msg/detail/triangle__struct.h\n'}
[1.538700] (test_custom_msg) StdoutLine: {'line': b'-- Up-to-date: /home/eragon/student133_ws/install/test_custom_msg/include/test_custom_msg/test_custom_msg/msg/detail/triangle__functions.h\n'}
[1.538912] (test_custom_msg) StdoutLine: {'line': b'-- Up-to-date: /home/eragon/student133_ws/install/test_custom_msg/include/test_custom_msg/test_custom_msg/msg/detail/triangle__functions.c\n'}
[1.539049] (test_custom_msg) StdoutLine: {'line': b'-- Up-to-date: /home/eragon/student133_ws/install/test_custom_msg/include/test_custom_msg/test_custom_msg/msg/detail/circle__functions.c\n'}
[1.539183] (test_custom_msg) StdoutLine: {'line': b'-- Up-to-date: /home/eragon/student133_ws/install/test_custom_msg/include/test_custom_msg/test_custom_msg/msg/triangle.h\n'}
[1.539329] (test_custom_msg) StdoutLine: {'line': b'-- Up-to-date: /home/eragon/student133_ws/install/test_custom_msg/include/test_custom_msg/test_custom_msg/msg/circle.h\n'}
[1.540276] (test_custom_msg) StdoutLine: {'line': b'-- Up-to-date: /home/eragon/student133_ws/install/test_custom_msg/include/test_custom_msg/test_custom_msg/msg/rosidl_generator_c__visibility_control.h\n'}
[1.540742] (test_custom_msg) StdoutLine: {'line': b'-- Up-to-date: /home/eragon/student133_ws/install/test_custom_msg/share/test_custom_msg/environment/library_path.sh\n'}
[1.540929] (test_custom_msg) StdoutLine: {'line': b'-- Up-to-date: /home/eragon/student133_ws/install/test_custom_msg/share/test_custom_msg/environment/library_path.dsv\n'}
[1.541079] (test_custom_msg) StdoutLine: {'line': b'-- Up-to-date: /home/eragon/student133_ws/install/test_custom_msg/lib/libtest_custom_msg__rosidl_generator_c.so\n'}
[1.541222] (test_custom_msg) StdoutLine: {'line': b'-- Up-to-date: /home/eragon/student133_ws/install/test_custom_msg/include/test_custom_msg/test_custom_msg\n'}
[1.542078] (test_custom_msg) StdoutLine: {'line': b'-- Up-to-date: /home/eragon/student133_ws/install/test_custom_msg/include/test_custom_msg/test_custom_msg/msg\n'}
[1.542265] (test_custom_msg) StdoutLine: {'line': b'-- Up-to-date: /home/eragon/student133_ws/install/test_custom_msg/include/test_custom_msg/test_custom_msg/msg/detail\n'}
[1.542674] (test_custom_msg) StdoutLine: {'line': b'-- Up-to-date: /home/eragon/student133_ws/install/test_custom_msg/include/test_custom_msg/test_custom_msg/msg/detail/circle__rosidl_typesupport_fastrtps_c.h\n'}
[1.542863] (test_custom_msg) StdoutLine: {'line': b'-- Up-to-date: /home/eragon/student133_ws/install/test_custom_msg/include/test_custom_msg/test_custom_msg/msg/detail/triangle__rosidl_typesupport_fastrtps_c.h\n'}
[1.543014] (test_custom_msg) StdoutLine: {'line': b'-- Up-to-date: /home/eragon/student133_ws/install/test_custom_msg/include/test_custom_msg/test_custom_msg/msg/rosidl_typesupport_fastrtps_c__visibility_control.h\n'}
[1.543148] (test_custom_msg) StdoutLine: {'line': b'-- Up-to-date: /home/eragon/student133_ws/install/test_custom_msg/lib/libtest_custom_msg__rosidl_typesupport_fastrtps_c.so\n'}
[1.543280] (test_custom_msg) StdoutLine: {'line': b'-- Up-to-date: /home/eragon/student133_ws/install/test_custom_msg/include/test_custom_msg/test_custom_msg\n'}
[1.544050] (test_custom_msg) StdoutLine: {'line': b'-- Up-to-date: /home/eragon/student133_ws/install/test_custom_msg/include/test_custom_msg/test_custom_msg/msg\n'}
[1.544256] (test_custom_msg) StdoutLine: {'line': b'-- Up-to-date: /home/eragon/student133_ws/install/test_custom_msg/include/test_custom_msg/test_custom_msg/msg/detail\n'}
[1.544760] (test_custom_msg) StdoutLine: {'line': b'-- Up-to-date: /home/eragon/student133_ws/install/test_custom_msg/include/test_custom_msg/test_custom_msg/msg/detail/circle__struct.hpp\n'}
[1.544945] (test_custom_msg) StdoutLine: {'line': b'-- Up-to-date: /home/eragon/student133_ws/install/test_custom_msg/include/test_custom_msg/test_custom_msg/msg/detail/triangle__struct.hpp\n'}
[1.545095] (test_custom_msg) StdoutLine: {'line': b'-- Up-to-date: /home/eragon/student133_ws/install/test_custom_msg/include/test_custom_msg/test_custom_msg/msg/detail/triangle__builder.hpp\n'}
[1.545240] (test_custom_msg) StdoutLine: {'line': b'-- Up-to-date: /home/eragon/student133_ws/install/test_custom_msg/include/test_custom_msg/test_custom_msg/msg/detail/circle__traits.hpp\n'}
[1.546450] (test_custom_msg) StdoutLine: {'line': b'-- Up-to-date: /home/eragon/student133_ws/install/test_custom_msg/include/test_custom_msg/test_custom_msg/msg/detail/triangle__traits.hpp\n'}
[1.546637] (test_custom_msg) StdoutLine: {'line': b'-- Up-to-date: /home/eragon/student133_ws/install/test_custom_msg/include/test_custom_msg/test_custom_msg/msg/detail/circle__builder.hpp\n'}
[1.546771] (test_custom_msg) StdoutLine: {'line': b'-- Up-to-date: /home/eragon/student133_ws/install/test_custom_msg/include/test_custom_msg/test_custom_msg/msg/circle.hpp\n'}
[1.546900] (test_custom_msg) StdoutLine: {'line': b'-- Up-to-date: /home/eragon/student133_ws/install/test_custom_msg/include/test_custom_msg/test_custom_msg/msg/triangle.hpp\n'}
[1.547022] (test_custom_msg) StdoutLine: {'line': b'-- Up-to-date: /home/eragon/student133_ws/install/test_custom_msg/include/test_custom_msg/test_custom_msg\n'}
[1.547144] (test_custom_msg) StdoutLine: {'line': b'-- Up-to-date: /home/eragon/student133_ws/install/test_custom_msg/include/test_custom_msg/test_custom_msg/msg\n'}
[1.547266] (test_custom_msg) StdoutLine: {'line': b'-- Up-to-date: /home/eragon/student133_ws/install/test_custom_msg/include/test_custom_msg/test_custom_msg/msg/detail\n'}
[1.547453] (test_custom_msg) StdoutLine: {'line': b'-- Up-to-date: /home/eragon/student133_ws/install/test_custom_msg/include/test_custom_msg/test_custom_msg/msg/detail/dds_fastrtps\n'}
[1.547584] (test_custom_msg) StdoutLine: {'line': b'-- Up-to-date: /home/eragon/student133_ws/install/test_custom_msg/include/test_custom_msg/test_custom_msg/msg/detail/triangle__rosidl_typesupport_fastrtps_cpp.hpp\n'}
[1.547710] (test_custom_msg) StdoutLine: {'line': b'-- Up-to-date: /home/eragon/student133_ws/install/test_custom_msg/include/test_custom_msg/test_custom_msg/msg/detail/circle__rosidl_typesupport_fastrtps_cpp.hpp\n'}
[1.547849] (test_custom_msg) StdoutLine: {'line': b'-- Up-to-date: /home/eragon/student133_ws/install/test_custom_msg/include/test_custom_msg/test_custom_msg/msg/rosidl_typesupport_fastrtps_cpp__visibility_control.h\n'}
[1.547979] (test_custom_msg) StdoutLine: {'line': b'-- Up-to-date: /home/eragon/student133_ws/install/test_custom_msg/lib/libtest_custom_msg__rosidl_typesupport_fastrtps_cpp.so\n'}
[1.548346] (test_custom_msg) StdoutLine: {'line': b'-- Up-to-date: /home/eragon/student133_ws/install/test_custom_msg/include/test_custom_msg/test_custom_msg\n'}
[1.548559] (test_custom_msg) StdoutLine: {'line': b'-- Up-to-date: /home/eragon/student133_ws/install/test_custom_msg/include/test_custom_msg/test_custom_msg/msg\n'}
[1.548694] (test_custom_msg) StdoutLine: {'line': b'-- Up-to-date: /home/eragon/student133_ws/install/test_custom_msg/include/test_custom_msg/test_custom_msg/msg/detail\n'}
[1.548818] (test_custom_msg) StdoutLine: {'line': b'-- Up-to-date: /home/eragon/student133_ws/install/test_custom_msg/include/test_custom_msg/test_custom_msg/msg/detail/circle__rosidl_typesupport_introspection_c.h\n'}
[1.548941] (test_custom_msg) StdoutLine: {'line': b'-- Up-to-date: /home/eragon/student133_ws/install/test_custom_msg/include/test_custom_msg/test_custom_msg/msg/detail/circle__type_support.c\n'}
[1.549066] (test_custom_msg) StdoutLine: {'line': b'-- Up-to-date: /home/eragon/student133_ws/install/test_custom_msg/include/test_custom_msg/test_custom_msg/msg/detail/triangle__rosidl_typesupport_introspection_c.h\n'}
[1.549187] (test_custom_msg) StdoutLine: {'line': b'-- Up-to-date: /home/eragon/student133_ws/install/test_custom_msg/include/test_custom_msg/test_custom_msg/msg/detail/triangle__type_support.c\n'}
[1.549326] (test_custom_msg) StdoutLine: {'line': b'-- Up-to-date: /home/eragon/student133_ws/install/test_custom_msg/include/test_custom_msg/test_custom_msg/msg/rosidl_typesupport_introspection_c__visibility_control.h\n'}
[1.549479] (test_custom_msg) StdoutLine: {'line': b'-- Up-to-date: /home/eragon/student133_ws/install/test_custom_msg/lib/libtest_custom_msg__rosidl_typesupport_introspection_c.so\n'}
[1.549657] (test_custom_msg) StdoutLine: {'line': b'-- Up-to-date: /home/eragon/student133_ws/install/test_custom_msg/lib/libtest_custom_msg__rosidl_typesupport_c.so\n'}
[1.549795] (test_custom_msg) StdoutLine: {'line': b'-- Up-to-date: /home/eragon/student133_ws/install/test_custom_msg/include/test_custom_msg/test_custom_msg\n'}
[1.549928] (test_custom_msg) StdoutLine: {'line': b'-- Up-to-date: /home/eragon/student133_ws/install/test_custom_msg/include/test_custom_msg/test_custom_msg/msg\n'}
[1.550281] (test_custom_msg) StdoutLine: {'line': b'-- Up-to-date: /home/eragon/student133_ws/install/test_custom_msg/include/test_custom_msg/test_custom_msg/msg/detail\n'}
[1.550605] (test_custom_msg) StdoutLine: {'line': b'-- Up-to-date: /home/eragon/student133_ws/install/test_custom_msg/include/test_custom_msg/test_custom_msg/msg/detail/triangle__rosidl_typesupport_introspection_cpp.hpp\n'}
[1.550749] (test_custom_msg) StdoutLine: {'line': b'-- Up-to-date: /home/eragon/student133_ws/install/test_custom_msg/include/test_custom_msg/test_custom_msg/msg/detail/triangle__type_support.cpp\n'}
[1.550873] (test_custom_msg) StdoutLine: {'line': b'-- Up-to-date: /home/eragon/student133_ws/install/test_custom_msg/include/test_custom_msg/test_custom_msg/msg/detail/circle__rosidl_typesupport_introspection_cpp.hpp\n'}
[1.551017] (test_custom_msg) StdoutLine: {'line': b'-- Up-to-date: /home/eragon/student133_ws/install/test_custom_msg/include/test_custom_msg/test_custom_msg/msg/detail/circle__type_support.cpp\n'}
[1.551139] (test_custom_msg) StdoutLine: {'line': b'-- Up-to-date: /home/eragon/student133_ws/install/test_custom_msg/lib/libtest_custom_msg__rosidl_typesupport_introspection_cpp.so\n'}
[1.551277] (test_custom_msg) StdoutLine: {'line': b'-- Up-to-date: /home/eragon/student133_ws/install/test_custom_msg/lib/libtest_custom_msg__rosidl_typesupport_cpp.so\n'}
[1.551447] (test_custom_msg) StdoutLine: {'line': b'-- Up-to-date: /home/eragon/student133_ws/install/test_custom_msg/share/test_custom_msg/environment/pythonpath.sh\n'}
[1.551580] (test_custom_msg) StdoutLine: {'line': b'-- Up-to-date: /home/eragon/student133_ws/install/test_custom_msg/share/test_custom_msg/environment/pythonpath.dsv\n'}
[1.551702] (test_custom_msg) StdoutLine: {'line': b'-- Up-to-date: /home/eragon/student133_ws/install/test_custom_msg/local/lib/python3.10/dist-packages/test_custom_msg-0.0.0-py3.10.egg-info\n'}
[1.551824] (test_custom_msg) StdoutLine: {'line': b'-- Installing: /home/eragon/student133_ws/install/test_custom_msg/local/lib/python3.10/dist-packages/test_custom_msg-0.0.0-py3.10.egg-info/dependency_links.txt\n'}
[1.551948] (test_custom_msg) StdoutLine: {'line': b'-- Installing: /home/eragon/student133_ws/install/test_custom_msg/local/lib/python3.10/dist-packages/test_custom_msg-0.0.0-py3.10.egg-info/PKG-INFO\n'}
[1.552086] (test_custom_msg) StdoutLine: {'line': b'-- Installing: /home/eragon/student133_ws/install/test_custom_msg/local/lib/python3.10/dist-packages/test_custom_msg-0.0.0-py3.10.egg-info/top_level.txt\n'}
[1.552221] (test_custom_msg) StdoutLine: {'line': b'-- Installing: /home/eragon/student133_ws/install/test_custom_msg/local/lib/python3.10/dist-packages/test_custom_msg-0.0.0-py3.10.egg-info/SOURCES.txt\n'}
[1.552603] (test_custom_msg) StdoutLine: {'line': b'-- Up-to-date: /home/eragon/student133_ws/install/test_custom_msg/local/lib/python3.10/dist-packages/test_custom_msg\n'}
[1.552764] (test_custom_msg) StdoutLine: {'line': b'-- Up-to-date: /home/eragon/student133_ws/install/test_custom_msg/local/lib/python3.10/dist-packages/test_custom_msg/__init__.py\n'}
[1.552907] (test_custom_msg) StdoutLine: {'line': b'-- Up-to-date: /home/eragon/student133_ws/install/test_custom_msg/local/lib/python3.10/dist-packages/test_custom_msg/test_custom_msg_s__rosidl_typesupport_fastrtps_c.cpython-310-x86_64-linux-gnu.so\n'}
[1.553034] (test_custom_msg) StdoutLine: {'line': b'-- Up-to-date: /home/eragon/student133_ws/install/test_custom_msg/local/lib/python3.10/dist-packages/test_custom_msg/test_custom_msg_s__rosidl_typesupport_introspection_c.cpython-310-x86_64-linux-gnu.so\n'}
[1.553173] (test_custom_msg) StdoutLine: {'line': b'-- Up-to-date: /home/eragon/student133_ws/install/test_custom_msg/local/lib/python3.10/dist-packages/test_custom_msg/test_custom_msg_s__rosidl_typesupport_c.cpython-310-x86_64-linux-gnu.so\n'}
[1.553334] (test_custom_msg) StdoutLine: {'line': b'-- Up-to-date: /home/eragon/student133_ws/install/test_custom_msg/local/lib/python3.10/dist-packages/test_custom_msg/_test_custom_msg_s.ep.rosidl_typesupport_introspection_c.c\n'}
[1.553490] (test_custom_msg) StdoutLine: {'line': b'-- Up-to-date: /home/eragon/student133_ws/install/test_custom_msg/local/lib/python3.10/dist-packages/test_custom_msg/_test_custom_msg_s.ep.rosidl_typesupport_c.c\n'}
[1.553616] (test_custom_msg) StdoutLine: {'line': b'-- Up-to-date: /home/eragon/student133_ws/install/test_custom_msg/local/lib/python3.10/dist-packages/test_custom_msg/msg\n'}
[1.553738] (test_custom_msg) StdoutLine: {'line': b'-- Up-to-date: /home/eragon/student133_ws/install/test_custom_msg/local/lib/python3.10/dist-packages/test_custom_msg/msg/__init__.py\n'}
[1.553860] (test_custom_msg) StdoutLine: {'line': b'-- Up-to-date: /home/eragon/student133_ws/install/test_custom_msg/local/lib/python3.10/dist-packages/test_custom_msg/msg/_triangle.py\n'}
[1.554002] (test_custom_msg) StdoutLine: {'line': b'-- Up-to-date: /home/eragon/student133_ws/install/test_custom_msg/local/lib/python3.10/dist-packages/test_custom_msg/msg/_circle_s.c\n'}
[1.554123] (test_custom_msg) StdoutLine: {'line': b'-- Up-to-date: /home/eragon/student133_ws/install/test_custom_msg/local/lib/python3.10/dist-packages/test_custom_msg/msg/_circle.py\n'}
[1.554511] (test_custom_msg) StdoutLine: {'line': b'-- Up-to-date: /home/eragon/student133_ws/install/test_custom_msg/local/lib/python3.10/dist-packages/test_custom_msg/msg/_triangle_s.c\n'}
[1.554674] (test_custom_msg) StdoutLine: {'line': b'-- Up-to-date: /home/eragon/student133_ws/install/test_custom_msg/local/lib/python3.10/dist-packages/test_custom_msg/libtest_custom_msg__rosidl_generator_py.so\n'}
[1.554800] (test_custom_msg) StdoutLine: {'line': b'-- Up-to-date: /home/eragon/student133_ws/install/test_custom_msg/local/lib/python3.10/dist-packages/test_custom_msg/_test_custom_msg_s.ep.rosidl_typesupport_fastrtps_c.c\n'}
[1.613445] (test_custom_msg) StdoutLine: {'line': b"Listing '/home/eragon/student133_ws/install/test_custom_msg/local/lib/python3.10/dist-packages/test_custom_msg'...\n"}
[1.613753] (test_custom_msg) StdoutLine: {'line': b"Listing '/home/eragon/student133_ws/install/test_custom_msg/local/lib/python3.10/dist-packages/test_custom_msg/msg'...\n"}
[1.619973] (-) TimerEvent: {}
[1.623010] (test_custom_msg) StdoutLine: {'line': b'-- Up-to-date: /home/eragon/student133_ws/install/test_custom_msg/local/lib/python3.10/dist-packages/test_custom_msg/test_custom_msg_s__rosidl_typesupport_fastrtps_c.cpython-310-x86_64-linux-gnu.so\n'}
[1.623559] (test_custom_msg) StdoutLine: {'line': b'-- Up-to-date: /home/eragon/student133_ws/install/test_custom_msg/local/lib/python3.10/dist-packages/test_custom_msg/test_custom_msg_s__rosidl_typesupport_introspection_c.cpython-310-x86_64-linux-gnu.so\n'}
[1.624092] (test_custom_msg) StdoutLine: {'line': b'-- Up-to-date: /home/eragon/student133_ws/install/test_custom_msg/local/lib/python3.10/dist-packages/test_custom_msg/test_custom_msg_s__rosidl_typesupport_c.cpython-310-x86_64-linux-gnu.so\n'}
[1.624716] (test_custom_msg) StdoutLine: {'line': b'-- Up-to-date: /home/eragon/student133_ws/install/test_custom_msg/lib/libtest_custom_msg__rosidl_generator_py.so\n'}
[1.625422] (test_custom_msg) StdoutLine: {'line': b'-- Up-to-date: /home/eragon/student133_ws/install/test_custom_msg/share/test_custom_msg/msg/Triangle.idl\n'}
[1.626740] (test_custom_msg) StdoutLine: {'line': b'-- Up-to-date: /home/eragon/student133_ws/install/test_custom_msg/share/test_custom_msg/msg/Circle.idl\n'}
[1.626922] (test_custom_msg) StdoutLine: {'line': b'-- Up-to-date: /home/eragon/student133_ws/install/test_custom_msg/share/test_custom_msg/msg/Triangle.msg\n'}
[1.627322] (test_custom_msg) StdoutLine: {'line': b'-- Up-to-date: /home/eragon/student133_ws/install/test_custom_msg/share/test_custom_msg/msg/Circle.msg\n'}
[1.630636] (test_custom_msg) StdoutLine: {'line': b'-- Up-to-date: /home/eragon/student133_ws/install/test_custom_msg/share/ament_index/resource_index/package_run_dependencies/test_custom_msg\n'}
[1.631289] (test_custom_msg) StdoutLine: {'line': b'-- Up-to-date: /home/eragon/student133_ws/install/test_custom_msg/share/ament_index/resource_index/parent_prefix_path/test_custom_msg\n'}
[1.631536] (test_custom_msg) StdoutLine: {'line': b'-- Up-to-date: /home/eragon/student133_ws/install/test_custom_msg/share/test_custom_msg/environment/ament_prefix_path.sh\n'}
[1.631721] (test_custom_msg) StdoutLine: {'line': b'-- Up-to-date: /home/eragon/student133_ws/install/test_custom_msg/share/test_custom_msg/environment/ament_prefix_path.dsv\n'}
[1.632094] (test_custom_msg) StdoutLine: {'line': b'-- Up-to-date: /home/eragon/student133_ws/install/test_custom_msg/share/test_custom_msg/environment/path.sh\n'}
[1.632324] (test_custom_msg) StdoutLine: {'line': b'-- Up-to-date: /home/eragon/student133_ws/install/test_custom_msg/share/test_custom_msg/environment/path.dsv\n'}
[1.632506] (test_custom_msg) StdoutLine: {'line': b'-- Up-to-date: /home/eragon/student133_ws/install/test_custom_msg/share/test_custom_msg/local_setup.bash\n'}
[1.632655] (test_custom_msg) StdoutLine: {'line': b'-- Up-to-date: /home/eragon/student133_ws/install/test_custom_msg/share/test_custom_msg/local_setup.sh\n'}
[1.632772] (test_custom_msg) StdoutLine: {'line': b'-- Up-to-date: /home/eragon/student133_ws/install/test_custom_msg/share/test_custom_msg/local_setup.zsh\n'}
[1.632887] (test_custom_msg) StdoutLine: {'line': b'-- Up-to-date: /home/eragon/student133_ws/install/test_custom_msg/share/test_custom_msg/local_setup.dsv\n'}
[1.633004] (test_custom_msg) StdoutLine: {'line': b'-- Installing: /home/eragon/student133_ws/install/test_custom_msg/share/test_custom_msg/package.dsv\n'}
[1.633118] (test_custom_msg) StdoutLine: {'line': b'-- Up-to-date: /home/eragon/student133_ws/install/test_custom_msg/share/ament_index/resource_index/packages/test_custom_msg\n'}
[1.633235] (test_custom_msg) StdoutLine: {'line': b'-- Up-to-date: /home/eragon/student133_ws/install/test_custom_msg/share/test_custom_msg/cmake/export_test_custom_msg__rosidl_generator_cExport.cmake\n'}
[1.633417] (test_custom_msg) StdoutLine: {'line': b'-- Up-to-date: /home/eragon/student133_ws/install/test_custom_msg/share/test_custom_msg/cmake/export_test_custom_msg__rosidl_generator_cExport-debug.cmake\n'}
[1.633544] (test_custom_msg) StdoutLine: {'line': b'-- Up-to-date: /home/eragon/student133_ws/install/test_custom_msg/share/test_custom_msg/cmake/export_test_custom_msg__rosidl_typesupport_fastrtps_cExport.cmake\n'}
[1.633660] (test_custom_msg) StdoutLine: {'line': b'-- Up-to-date: /home/eragon/student133_ws/install/test_custom_msg/share/test_custom_msg/cmake/export_test_custom_msg__rosidl_typesupport_fastrtps_cExport-debug.cmake\n'}
[1.633778] (test_custom_msg) StdoutLine: {'line': b'-- Up-to-date: /home/eragon/student133_ws/install/test_custom_msg/share/test_custom_msg/cmake/export_test_custom_msg__rosidl_generator_cppExport.cmake\n'}
[1.633918] (test_custom_msg) StdoutLine: {'line': b'-- Up-to-date: /home/eragon/student133_ws/install/test_custom_msg/share/test_custom_msg/cmake/export_test_custom_msg__rosidl_typesupport_fastrtps_cppExport.cmake\n'}
[1.634337] (test_custom_msg) StdoutLine: {'line': b'-- Up-to-date: /home/eragon/student133_ws/install/test_custom_msg/share/test_custom_msg/cmake/export_test_custom_msg__rosidl_typesupport_fastrtps_cppExport-debug.cmake\n'}
[1.634527] (test_custom_msg) StdoutLine: {'line': b'-- Up-to-date: /home/eragon/student133_ws/install/test_custom_msg/share/test_custom_msg/cmake/test_custom_msg__rosidl_typesupport_introspection_cExport.cmake\n'}
[1.634654] (test_custom_msg) StdoutLine: {'line': b'-- Up-to-date: /home/eragon/student133_ws/install/test_custom_msg/share/test_custom_msg/cmake/test_custom_msg__rosidl_typesupport_introspection_cExport-debug.cmake\n'}
[1.634777] (test_custom_msg) StdoutLine: {'line': b'-- Up-to-date: /home/eragon/student133_ws/install/test_custom_msg/share/test_custom_msg/cmake/test_custom_msg__rosidl_typesupport_cExport.cmake\n'}
[1.634909] (test_custom_msg) StdoutLine: {'line': b'-- Up-to-date: /home/eragon/student133_ws/install/test_custom_msg/share/test_custom_msg/cmake/test_custom_msg__rosidl_typesupport_cExport-debug.cmake\n'}
[1.635025] (test_custom_msg) StdoutLine: {'line': b'-- Up-to-date: /home/eragon/student133_ws/install/test_custom_msg/share/test_custom_msg/cmake/test_custom_msg__rosidl_typesupport_introspection_cppExport.cmake\n'}
[1.635346] (test_custom_msg) StdoutLine: {'line': b'-- Up-to-date: /home/eragon/student133_ws/install/test_custom_msg/share/test_custom_msg/cmake/test_custom_msg__rosidl_typesupport_introspection_cppExport-debug.cmake\n'}
[1.635877] (test_custom_msg) StdoutLine: {'line': b'-- Up-to-date: /home/eragon/student133_ws/install/test_custom_msg/share/test_custom_msg/cmake/test_custom_msg__rosidl_typesupport_cppExport.cmake\n'}
[1.636005] (test_custom_msg) StdoutLine: {'line': b'-- Up-to-date: /home/eragon/student133_ws/install/test_custom_msg/share/test_custom_msg/cmake/test_custom_msg__rosidl_typesupport_cppExport-debug.cmake\n'}
[1.636186] (test_custom_msg) StdoutLine: {'line': b'-- Up-to-date: /home/eragon/student133_ws/install/test_custom_msg/share/test_custom_msg/cmake/export_test_custom_msg__rosidl_generator_pyExport.cmake\n'}
[1.636328] (test_custom_msg) StdoutLine: {'line': b'-- Up-to-date: /home/eragon/student133_ws/install/test_custom_msg/share/test_custom_msg/cmake/export_test_custom_msg__rosidl_generator_pyExport-debug.cmake\n'}
[1.636481] (test_custom_msg) StdoutLine: {'line': b'-- Up-to-date: /home/eragon/student133_ws/install/test_custom_msg/share/test_custom_msg/cmake/rosidl_cmake-extras.cmake\n'}
[1.636615] (test_custom_msg) StdoutLine: {'line': b'-- Up-to-date: /home/eragon/student133_ws/install/test_custom_msg/share/test_custom_msg/cmake/ament_cmake_export_dependencies-extras.cmake\n'}
[1.636776] (test_custom_msg) StdoutLine: {'line': b'-- Up-to-date: /home/eragon/student133_ws/install/test_custom_msg/share/test_custom_msg/cmake/ament_cmake_export_include_directories-extras.cmake\n'}
[1.636903] (test_custom_msg) StdoutLine: {'line': b'-- Up-to-date: /home/eragon/student133_ws/install/test_custom_msg/share/test_custom_msg/cmake/ament_cmake_export_libraries-extras.cmake\n'}
[1.637023] (test_custom_msg) StdoutLine: {'line': b'-- Up-to-date: /home/eragon/student133_ws/install/test_custom_msg/share/test_custom_msg/cmake/ament_cmake_export_targets-extras.cmake\n'}
[1.637140] (test_custom_msg) StdoutLine: {'line': b'-- Up-to-date: /home/eragon/student133_ws/install/test_custom_msg/share/test_custom_msg/cmake/rosidl_cmake_export_typesupport_targets-extras.cmake\n'}
[1.637256] (test_custom_msg) StdoutLine: {'line': b'-- Up-to-date: /home/eragon/student133_ws/install/test_custom_msg/share/test_custom_msg/cmake/rosidl_cmake_export_typesupport_libraries-extras.cmake\n'}
[1.638464] (test_custom_msg) StdoutLine: {'line': b'-- Up-to-date: /home/eragon/student133_ws/install/test_custom_msg/share/test_custom_msg/cmake/test_custom_msgConfig.cmake\n'}
[1.639346] (test_custom_msg) StdoutLine: {'line': b'-- Up-to-date: /home/eragon/student133_ws/install/test_custom_msg/share/test_custom_msg/cmake/test_custom_msgConfig-version.cmake\n'}
[1.639602] (test_custom_msg) StdoutLine: {'line': b'-- Up-to-date: /home/eragon/student133_ws/install/test_custom_msg/share/test_custom_msg/package.xml\n'}
[1.639784] (test_custom_msg) CommandEnded: {'returncode': 0}
[1.664458] (test_custom_srv) JobProgress: {'identifier': 'test_custom_srv', 'progress': 'install'}
[1.664568] (test_custom_srv) Command: {'cmd': ['/usr/bin/cmake', '--install', '/home/eragon/student133_ws/build/test_custom_srv'], 'cwd': '/home/eragon/student133_ws/build/test_custom_srv', 'env': OrderedDict([('GJS_DEBUG_TOPICS', 'JS ERROR;JS LOG'), ('LANGUAGE', 'ru'), ('LC_TIME', 'ru_RU.UTF-8'), ('USER', 'eragon'), ('XDG_SESSION_TYPE', 'wayland'), ('LD_LIBRARY_PATH', '/home/eragon/student133_ws/install/test_custom_srv/lib:/home/eragon/student133_ws/install/test_custom_msg/lib:/opt/ros/humble/opt/rviz_ogre_vendor/lib:/opt/ros/humble/lib/x86_64-linux-gnu:/opt/ros/humble/lib'), ('SHLVL', '1'), ('HOME', '/home/eragon'), ('DESKTOP_SESSION', 'ubuntu'), ('QTDIR', '/usr/lib/x86_64-linux-gnu/qt5'), ('GIO_LAUNCHED_DESKTOP_FILE', '/home/eragon/.local/share/applications/org.qt-project.qtcreator.desktop'), ('GNOME_SHELL_SESSION_MODE', 'ubuntu'), ('GTK_MODULES', 'gail:atk-bridge'), ('ROS_PYTHON_VERSION', '3'), ('LC_MONETARY', 'ru_RU.UTF-8'), ('MANAGERPID', '876'), ('DBUS_SESSION_BUS_ADDRESS', 'unix:path'), ('SYSTEMD_EXEC_PID', '1057'), ('GIO_LAUNCHED_DESKTOP_FILE_PID', '1927'), ('COLCON_PREFIX_PATH', '/home/eragon/student133_ws/install'), ('IM_CONFIG_PHASE', '1'), ('ROS_DISTRO', 'humble'), ('WAYLAND_DISPLAY', 'wayland-0'), ('LOGNAME', 'eragon'), ('JOURNAL_STREAM', '8:6614'), ('_', '/usr/bin/env'), ('ROS_VERSION', '2'), ('XDG_SESSION_CLASS', 'user'), ('QSG_RHI_BACKEND', 'opengl'), ('USERNAME', 'eragon'), ('GNOME_DESKTOP_SESSION_ID', 'this-is-deprecated'), ('ROS_LOCALHOST_ONLY', '0'), ('PATH', '/opt/ros/humble/bin:/home/eragon/.local/bin:/usr/local/sbin:/usr/local/bin:/usr/sbin:/usr/bin:/sbin:/bin:/usr/games:/usr/local/games:/snap/bin:/snap/bin'), ('INVOCATION_ID', 'b18f9fdae77342fc8d74a505188f4ffa'), ('PAPERSIZE', 'a4'), ('SESSION_MANAGER', 'local/eragon-KPL-W0X:@/tmp/.ICE-unix/1024,unix/eragon-KPL-W0X:/tmp/.ICE-unix/1024'), ('GNOME_SETUP_DISPLAY', ':1'), ('LC_ADDRESS', 'ru_RU.UTF-8'), ('XDG_MENU_PREFIX', 'gnome-'), ('XDG_RUNTIME_DIR', '/run/user/1000'), ('DISPLAY', ':0'), ('LANG', 'ru_RU.UTF-8'), ('LC_TELEPHONE', 'ru_RU.UTF-8'), ('XDG_CURRENT_DESKTOP', 'ubuntu:GNOME'), ('XAUTHORITY', '/run/user/1000/.mutter-Xwaylandauth.N2KFX2'), ('XDG_SESSION_DESKTOP', 'ubuntu'), ('XMODIFIERS', '@im'), ('AMENT_PREFIX_PATH', '/home/eragon/student133_ws/install/test_visualization:/home/eragon/student133_ws/install/test_tf_broadcaster:/home/eragon/student133_ws/install/test_subscriber:/home/eragon/student133_ws/install/test_service:/home/eragon/student133_ws/install/test_serial_communication:/home/eragon/student133_ws/install/test_publisher:/home/eragon/student133_ws/install/test_pkg:/home/eragon/student133_ws/install/test_parameters:/home/eragon/student133_ws/install/test_custom_srv:/home/eragon/student133_ws/install/test_custom_publisher:/home/eragon/student133_ws/install/test_custom_msg:/home/eragon/student133_ws/install/test_client:/home/eragon/student133_ws/install/test_castom_publisher:/home/eragon/student133_ws/install/test_basic_publisher:/home/eragon/student133_ws/install/custom_counter:/opt/ros/humble'), ('SSH_AGENT_LAUNCHER', 'gnome-keyring'), ('SSH_AUTH_SOCK', '/run/user/1000/keyring/ssh'), ('LC_NAME', 'ru_RU.UTF-8'), ('SHELL', '/bin/bash'), ('GDMSESSION', 'ubuntu'), ('QT_ACCESSIBILITY', '1'), ('LC_MEASUREMENT', 'ru_RU.UTF-8'), ('GJS_DEBUG_OUTPUT', 'stderr'), ('LC_IDENTIFICATION', 'ru_RU.UTF-8'), ('QT_IM_MODULE', 'ibus'), ('LC_ALL', 'en_US.UTF-8'), ('PWD', '/home/eragon/student133_ws/build/test_custom_srv'), ('QT_QPA_PLATFORM', 'xcb'), ('XDG_CONFIG_DIRS', '/etc/xdg/xdg-ubuntu:/etc/xdg'), ('XDG_DATA_DIRS', '/usr/share/ubuntu:/usr/local/share/:/usr/share/:/var/lib/snapd/desktop'), ('LC_NUMERIC', 'ru_RU.UTF-8'), ('PYTHONPATH', '/home/eragon/student133_ws/install/test_custom_srv/local/lib/python3.10/dist-packages:/home/eragon/student133_ws/install/test_custom_msg/local/lib/python3.10/dist-packages:/opt/ros/humble/lib/python3.10/site-packages:/opt/ros/humble/local/lib/python3.10/dist-packages'), ('LC_PAPER', 'ru_RU.UTF-8'), ('COLCON', '1'), ('CMAKE_PREFIX_PATH', '/home/eragon/student133_ws/install/test_visualization:/home/eragon/student133_ws/install/test_tf_broadcaster:/home/eragon/student133_ws/install/test_subscriber:/home/eragon/student133_ws/install/test_service:/home/eragon/student133_ws/install/test_serial_communication:/home/eragon/student133_ws/install/test_publisher:/home/eragon/student133_ws/install/test_pkg:/home/eragon/student133_ws/install/test_parameters:/home/eragon/student133_ws/install/test_custom_srv:/home/eragon/student133_ws/install/test_custom_publisher:/home/eragon/student133_ws/install/test_custom_msg:/home/eragon/student133_ws/install/test_client:/home/eragon/student133_ws/install/test_castom_publisher:/home/eragon/student133_ws/install/test_basic_publisher:/home/eragon/student133_ws/install/custom_counter:/opt/ros/humble')]), 'shell': False}
[1.685409] (test_custom_srv) StdoutLine: {'line': b'-- Install configuration: "Debug"\n'}
[1.686751] (test_custom_srv) StdoutLine: {'line': b'-- Up-to-date: /home/eragon/student133_ws/install/test_custom_srv/share/ament_index/resource_index/rosidl_interfaces/test_custom_srv\n'}
[1.687178] (test_custom_srv) StdoutLine: {'line': b'-- Up-to-date: /home/eragon/student133_ws/install/test_custom_srv/include/test_custom_srv/test_custom_srv\n'}
[1.687993] (test_custom_srv) StdoutLine: {'line': b'-- Up-to-date: /home/eragon/student133_ws/install/test_custom_srv/include/test_custom_srv/test_custom_srv/srv\n'}
[1.688262] (test_custom_srv) StdoutLine: {'line': b'-- Up-to-date: /home/eragon/student133_ws/install/test_custom_srv/include/test_custom_srv/test_custom_srv/srv/detail\n'}
[1.688748] (test_custom_srv) StdoutLine: {'line': b'-- Up-to-date: /home/eragon/student133_ws/install/test_custom_srv/include/test_custom_srv/test_custom_srv/srv/detail/triangle_square__type_support.h\n'}
[1.689564] (test_custom_srv) StdoutLine: {'line': b'-- Up-to-date: /home/eragon/student133_ws/install/test_custom_srv/include/test_custom_srv/test_custom_srv/srv/detail/circle_square__functions.c\n'}
[1.689701] (test_custom_srv) StdoutLine: {'line': b'-- Up-to-date: /home/eragon/student133_ws/install/test_custom_srv/include/test_custom_srv/test_custom_srv/srv/detail/circle_square__struct.h\n'}
[1.689820] (test_custom_srv) StdoutLine: {'line': b'-- Up-to-date: /home/eragon/student133_ws/install/test_custom_srv/include/test_custom_srv/test_custom_srv/srv/detail/triangle_square__functions.c\n'}
[1.689946] (test_custom_srv) StdoutLine: {'line': b'-- Up-to-date: /home/eragon/student133_ws/install/test_custom_srv/include/test_custom_srv/test_custom_srv/srv/detail/triangle_square__struct.h\n'}
[1.690065] (test_custom_srv) StdoutLine: {'line': b'-- Up-to-date: /home/eragon/student133_ws/install/test_custom_srv/include/test_custom_srv/test_custom_srv/srv/detail/circle_square__type_support.h\n'}
[1.690184] (test_custom_srv) StdoutLine: {'line': b'-- Up-to-date: /home/eragon/student133_ws/install/test_custom_srv/include/test_custom_srv/test_custom_srv/srv/detail/triangle_square__functions.h\n'}
[1.690314] (test_custom_srv) StdoutLine: {'line': b'-- Up-to-date: /home/eragon/student133_ws/install/test_custom_srv/include/test_custom_srv/test_custom_srv/srv/detail/circle_square__functions.h\n'}
[1.690786] (test_custom_srv) StdoutLine: {'line': b'-- Up-to-date: /home/eragon/student133_ws/install/test_custom_srv/include/test_custom_srv/test_custom_srv/srv/circle_square.h\n'}
[1.690924] (test_custom_srv) StdoutLine: {'line': b'-- Up-to-date: /home/eragon/student133_ws/install/test_custom_srv/include/test_custom_srv/test_custom_srv/srv/triangle_square.h\n'}
[1.691073] (test_custom_srv) StdoutLine: {'line': b'-- Up-to-date: /home/eragon/student133_ws/install/test_custom_srv/include/test_custom_srv/test_custom_srv/msg\n'}
[1.691167] (test_custom_srv) StdoutLine: {'line': b'-- Up-to-date: /home/eragon/student133_ws/install/test_custom_srv/include/test_custom_srv/test_custom_srv/msg/rosidl_generator_c__visibility_control.h\n'}
[1.691255] (test_custom_srv) StdoutLine: {'line': b'-- Up-to-date: /home/eragon/student133_ws/install/test_custom_srv/share/test_custom_srv/environment/library_path.sh\n'}
[1.691859] (test_custom_srv) StdoutLine: {'line': b'-- Up-to-date: /home/eragon/student133_ws/install/test_custom_srv/share/test_custom_srv/environment/library_path.dsv\n'}
[1.692444] (test_custom_srv) StdoutLine: {'line': b'-- Up-to-date: /home/eragon/student133_ws/install/test_custom_srv/lib/libtest_custom_srv__rosidl_generator_c.so\n'}
[1.692854] (test_custom_srv) StdoutLine: {'line': b'-- Up-to-date: /home/eragon/student133_ws/install/test_custom_srv/include/test_custom_srv/test_custom_srv\n'}
[1.692983] (test_custom_srv) StdoutLine: {'line': b'-- Up-to-date: /home/eragon/student133_ws/install/test_custom_srv/include/test_custom_srv/test_custom_srv/srv\n'}
[1.693104] (test_custom_srv) StdoutLine: {'line': b'-- Up-to-date: /home/eragon/student133_ws/install/test_custom_srv/include/test_custom_srv/test_custom_srv/srv/detail\n'}
[1.693635] (test_custom_srv) StdoutLine: {'line': b'-- Up-to-date: /home/eragon/student133_ws/install/test_custom_srv/include/test_custom_srv/test_custom_srv/srv/detail/triangle_square__rosidl_typesupport_fastrtps_c.h\n'}
[1.693764] (test_custom_srv) StdoutLine: {'line': b'-- Up-to-date: /home/eragon/student133_ws/install/test_custom_srv/include/test_custom_srv/test_custom_srv/srv/detail/circle_square__rosidl_typesupport_fastrtps_c.h\n'}
[1.693857] (test_custom_srv) StdoutLine: {'line': b'-- Up-to-date: /home/eragon/student133_ws/install/test_custom_srv/include/test_custom_srv/test_custom_srv/msg\n'}
[1.693975] (test_custom_srv) StdoutLine: {'line': b'-- Up-to-date: /home/eragon/student133_ws/install/test_custom_srv/include/test_custom_srv/test_custom_srv/msg/rosidl_typesupport_fastrtps_c__visibility_control.h\n'}
[1.694253] (test_custom_srv) StdoutLine: {'line': b'-- Up-to-date: /home/eragon/student133_ws/install/test_custom_srv/lib/libtest_custom_srv__rosidl_typesupport_fastrtps_c.so\n'}
[1.694383] (test_custom_srv) StdoutLine: {'line': b'-- Up-to-date: /home/eragon/student133_ws/install/test_custom_srv/include/test_custom_srv/test_custom_srv\n'}
[1.694477] (test_custom_srv) StdoutLine: {'line': b'-- Up-to-date: /home/eragon/student133_ws/install/test_custom_srv/include/test_custom_srv/test_custom_srv/srv\n'}
[1.694567] (test_custom_srv) StdoutLine: {'line': b'-- Up-to-date: /home/eragon/student133_ws/install/test_custom_srv/include/test_custom_srv/test_custom_srv/srv/detail\n'}
[1.694688] (test_custom_srv) StdoutLine: {'line': b'-- Up-to-date: /home/eragon/student133_ws/install/test_custom_srv/include/test_custom_srv/test_custom_srv/srv/detail/circle_square__rosidl_typesupport_introspection_c.h\n'}
[1.694806] (test_custom_srv) StdoutLine: {'line': b'-- Up-to-date: /home/eragon/student133_ws/install/test_custom_srv/include/test_custom_srv/test_custom_srv/srv/detail/circle_square__type_support.c\n'}
[1.694955] (test_custom_srv) StdoutLine: {'line': b'-- Up-to-date: /home/eragon/student133_ws/install/test_custom_srv/include/test_custom_srv/test_custom_srv/srv/detail/triangle_square__type_support.c\n'}
[1.695122] (test_custom_srv) StdoutLine: {'line': b'-- Up-to-date: /home/eragon/student133_ws/install/test_custom_srv/include/test_custom_srv/test_custom_srv/srv/detail/triangle_square__rosidl_typesupport_introspection_c.h\n'}
[1.695325] (test_custom_srv) StdoutLine: {'line': b'-- Up-to-date: /home/eragon/student133_ws/install/test_custom_srv/include/test_custom_srv/test_custom_srv/msg\n'}
[1.695732] (test_custom_srv) StdoutLine: {'line': b'-- Up-to-date: /home/eragon/student133_ws/install/test_custom_srv/include/test_custom_srv/test_custom_srv/msg/rosidl_typesupport_introspection_c__visibility_control.h\n'}
[1.695872] (test_custom_srv) StdoutLine: {'line': b'-- Up-to-date: /home/eragon/student133_ws/install/test_custom_srv/lib/libtest_custom_srv__rosidl_typesupport_introspection_c.so\n'}
[1.695998] (test_custom_srv) StdoutLine: {'line': b'-- Up-to-date: /home/eragon/student133_ws/install/test_custom_srv/lib/libtest_custom_srv__rosidl_typesupport_c.so\n'}
[1.696121] (test_custom_srv) StdoutLine: {'line': b'-- Up-to-date: /home/eragon/student133_ws/install/test_custom_srv/include/test_custom_srv/test_custom_srv\n'}
[1.696241] (test_custom_srv) StdoutLine: {'line': b'-- Up-to-date: /home/eragon/student133_ws/install/test_custom_srv/include/test_custom_srv/test_custom_srv/srv\n'}
[1.696648] (test_custom_srv) StdoutLine: {'line': b'-- Up-to-date: /home/eragon/student133_ws/install/test_custom_srv/include/test_custom_srv/test_custom_srv/srv/detail\n'}
[1.696803] (test_custom_srv) StdoutLine: {'line': b'-- Up-to-date: /home/eragon/student133_ws/install/test_custom_srv/include/test_custom_srv/test_custom_srv/srv/detail/circle_square__builder.hpp\n'}
[1.696936] (test_custom_srv) StdoutLine: {'line': b'-- Up-to-date: /home/eragon/student133_ws/install/test_custom_srv/include/test_custom_srv/test_custom_srv/srv/detail/circle_square__struct.hpp\n'}
[1.697106] (test_custom_srv) StdoutLine: {'line': b'-- Up-to-date: /home/eragon/student133_ws/install/test_custom_srv/include/test_custom_srv/test_custom_srv/srv/detail/triangle_square__traits.hpp\n'}
[1.697238] (test_custom_srv) StdoutLine: {'line': b'-- Up-to-date: /home/eragon/student133_ws/install/test_custom_srv/include/test_custom_srv/test_custom_srv/srv/detail/circle_square__traits.hpp\n'}
[1.697386] (test_custom_srv) StdoutLine: {'line': b'-- Up-to-date: /home/eragon/student133_ws/install/test_custom_srv/include/test_custom_srv/test_custom_srv/srv/detail/triangle_square__struct.hpp\n'}
[1.697998] (test_custom_srv) StdoutLine: {'line': b'-- Up-to-date: /home/eragon/student133_ws/install/test_custom_srv/include/test_custom_srv/test_custom_srv/srv/detail/triangle_square__builder.hpp\n'}
[1.698098] (test_custom_srv) StdoutLine: {'line': b'-- Up-to-date: /home/eragon/student133_ws/install/test_custom_srv/include/test_custom_srv/test_custom_srv/srv/circle_square.hpp\n'}
[1.698206] (test_custom_srv) StdoutLine: {'line': b'-- Up-to-date: /home/eragon/student133_ws/install/test_custom_srv/include/test_custom_srv/test_custom_srv/srv/triangle_square.hpp\n'}
[1.698337] (test_custom_srv) StdoutLine: {'line': b'-- Up-to-date: /home/eragon/student133_ws/install/test_custom_srv/include/test_custom_srv/test_custom_srv\n'}
[1.698451] (test_custom_srv) StdoutLine: {'line': b'-- Up-to-date: /home/eragon/student133_ws/install/test_custom_srv/include/test_custom_srv/test_custom_srv/srv\n'}
[1.698541] (test_custom_srv) StdoutLine: {'line': b'-- Up-to-date: /home/eragon/student133_ws/install/test_custom_srv/include/test_custom_srv/test_custom_srv/srv/detail\n'}
[1.698628] (test_custom_srv) StdoutLine: {'line': b'-- Up-to-date: /home/eragon/student133_ws/install/test_custom_srv/include/test_custom_srv/test_custom_srv/srv/detail/circle_square__rosidl_typesupport_fastrtps_cpp.hpp\n'}
[1.698738] (test_custom_srv) StdoutLine: {'line': b'-- Up-to-date: /home/eragon/student133_ws/install/test_custom_srv/include/test_custom_srv/test_custom_srv/srv/detail/triangle_square__rosidl_typesupport_fastrtps_cpp.hpp\n'}
[1.698826] (test_custom_srv) StdoutLine: {'line': b'-- Up-to-date: /home/eragon/student133_ws/install/test_custom_srv/include/test_custom_srv/test_custom_srv/srv/detail/dds_fastrtps\n'}
[1.698946] (test_custom_srv) StdoutLine: {'line': b'-- Up-to-date: /home/eragon/student133_ws/install/test_custom_srv/include/test_custom_srv/test_custom_srv/msg\n'}
[1.699069] (test_custom_srv) StdoutLine: {'line': b'-- Up-to-date: /home/eragon/student133_ws/install/test_custom_srv/include/test_custom_srv/test_custom_srv/msg/rosidl_typesupport_fastrtps_cpp__visibility_control.h\n'}
[1.699196] (test_custom_srv) StdoutLine: {'line': b'-- Up-to-date: /home/eragon/student133_ws/install/test_custom_srv/lib/libtest_custom_srv__rosidl_typesupport_fastrtps_cpp.so\n'}
[1.699333] (test_custom_srv) StdoutLine: {'line': b'-- Up-to-date: /home/eragon/student133_ws/install/test_custom_srv/include/test_custom_srv/test_custom_srv\n'}
[1.699471] (test_custom_srv) StdoutLine: {'line': b'-- Up-to-date: /home/eragon/student133_ws/install/test_custom_srv/include/test_custom_srv/test_custom_srv/srv\n'}
[1.699585] (test_custom_srv) StdoutLine: {'line': b'-- Up-to-date: /home/eragon/student133_ws/install/test_custom_srv/include/test_custom_srv/test_custom_srv/srv/detail\n'}
[1.699700] (test_custom_srv) StdoutLine: {'line': b'-- Up-to-date: /home/eragon/student133_ws/install/test_custom_srv/include/test_custom_srv/test_custom_srv/srv/detail/circle_square__type_support.cpp\n'}
[1.699817] (test_custom_srv) StdoutLine: {'line': b'-- Up-to-date: /home/eragon/student133_ws/install/test_custom_srv/include/test_custom_srv/test_custom_srv/srv/detail/triangle_square__type_support.cpp\n'}
[1.699935] (test_custom_srv) StdoutLine: {'line': b'-- Up-to-date: /home/eragon/student133_ws/install/test_custom_srv/include/test_custom_srv/test_custom_srv/srv/detail/triangle_square__rosidl_typesupport_introspection_cpp.hpp\n'}
[1.700052] (test_custom_srv) StdoutLine: {'line': b'-- Up-to-date: /home/eragon/student133_ws/install/test_custom_srv/include/test_custom_srv/test_custom_srv/srv/detail/circle_square__rosidl_typesupport_introspection_cpp.hpp\n'}
[1.700166] (test_custom_srv) StdoutLine: {'line': b'-- Up-to-date: /home/eragon/student133_ws/install/test_custom_srv/lib/libtest_custom_srv__rosidl_typesupport_introspection_cpp.so\n'}
[1.700285] (test_custom_srv) StdoutLine: {'line': b'-- Up-to-date: /home/eragon/student133_ws/install/test_custom_srv/lib/libtest_custom_srv__rosidl_typesupport_cpp.so\n'}
[1.700479] (test_custom_srv) StdoutLine: {'line': b'-- Up-to-date: /home/eragon/student133_ws/install/test_custom_srv/share/test_custom_srv/environment/pythonpath.sh\n'}
[1.700613] (test_custom_srv) StdoutLine: {'line': b'-- Up-to-date: /home/eragon/student133_ws/install/test_custom_srv/share/test_custom_srv/environment/pythonpath.dsv\n'}
[1.700739] (test_custom_srv) StdoutLine: {'line': b'-- Up-to-date: /home/eragon/student133_ws/install/test_custom_srv/local/lib/python3.10/dist-packages/test_custom_srv-0.0.0-py3.10.egg-info\n'}
[1.700878] (test_custom_srv) StdoutLine: {'line': b'-- Installing: /home/eragon/student133_ws/install/test_custom_srv/local/lib/python3.10/dist-packages/test_custom_srv-0.0.0-py3.10.egg-info/dependency_links.txt\n'}
[1.700997] (test_custom_srv) StdoutLine: {'line': b'-- Installing: /home/eragon/student133_ws/install/test_custom_srv/local/lib/python3.10/dist-packages/test_custom_srv-0.0.0-py3.10.egg-info/PKG-INFO\n'}
[1.701138] (test_custom_srv) StdoutLine: {'line': b'-- Installing: /home/eragon/student133_ws/install/test_custom_srv/local/lib/python3.10/dist-packages/test_custom_srv-0.0.0-py3.10.egg-info/top_level.txt\n'}
[1.701276] (test_custom_srv) StdoutLine: {'line': b'-- Installing: /home/eragon/student133_ws/install/test_custom_srv/local/lib/python3.10/dist-packages/test_custom_srv-0.0.0-py3.10.egg-info/SOURCES.txt\n'}
[1.701450] (test_custom_srv) StdoutLine: {'line': b'-- Up-to-date: /home/eragon/student133_ws/install/test_custom_srv/local/lib/python3.10/dist-packages/test_custom_srv\n'}
[1.701595] (test_custom_srv) StdoutLine: {'line': b'-- Up-to-date: /home/eragon/student133_ws/install/test_custom_srv/local/lib/python3.10/dist-packages/test_custom_srv/test_custom_srv_s__rosidl_typesupport_fastrtps_c.cpython-310-x86_64-linux-gnu.so\n'}
[1.701734] (test_custom_srv) StdoutLine: {'line': b'-- Up-to-date: /home/eragon/student133_ws/install/test_custom_srv/local/lib/python3.10/dist-packages/test_custom_srv/__init__.py\n'}
[1.701874] (test_custom_srv) StdoutLine: {'line': b'-- Up-to-date: /home/eragon/student133_ws/install/test_custom_srv/local/lib/python3.10/dist-packages/test_custom_srv/test_custom_srv_s__rosidl_typesupport_c.cpython-310-x86_64-linux-gnu.so\n'}
[1.702011] (test_custom_srv) StdoutLine: {'line': b'-- Up-to-date: /home/eragon/student133_ws/install/test_custom_srv/local/lib/python3.10/dist-packages/test_custom_srv/srv\n'}
[1.702135] (test_custom_srv) StdoutLine: {'line': b'-- Up-to-date: /home/eragon/student133_ws/install/test_custom_srv/local/lib/python3.10/dist-packages/test_custom_srv/srv/__init__.py\n'}
[1.702261] (test_custom_srv) StdoutLine: {'line': b'-- Up-to-date: /home/eragon/student133_ws/install/test_custom_srv/local/lib/python3.10/dist-packages/test_custom_srv/srv/_triangle_square_s.c\n'}
[1.702429] (test_custom_srv) StdoutLine: {'line': b'-- Up-to-date: /home/eragon/student133_ws/install/test_custom_srv/local/lib/python3.10/dist-packages/test_custom_srv/srv/_triangle_square.py\n'}
[1.702769] (test_custom_srv) StdoutLine: {'line': b'-- Up-to-date: /home/eragon/student133_ws/install/test_custom_srv/local/lib/python3.10/dist-packages/test_custom_srv/srv/_circle_square_s.c\n'}
[1.702940] (test_custom_srv) StdoutLine: {'line': b'-- Up-to-date: /home/eragon/student133_ws/install/test_custom_srv/local/lib/python3.10/dist-packages/test_custom_srv/srv/_circle_square.py\n'}
[1.703077] (test_custom_srv) StdoutLine: {'line': b'-- Up-to-date: /home/eragon/student133_ws/install/test_custom_srv/local/lib/python3.10/dist-packages/test_custom_srv/libtest_custom_srv__rosidl_generator_py.so\n'}
[1.703208] (test_custom_srv) StdoutLine: {'line': b'-- Up-to-date: /home/eragon/student133_ws/install/test_custom_srv/local/lib/python3.10/dist-packages/test_custom_srv/test_custom_srv_s__rosidl_typesupport_introspection_c.cpython-310-x86_64-linux-gnu.so\n'}
[1.703375] (test_custom_srv) StdoutLine: {'line': b'-- Up-to-date: /home/eragon/student133_ws/install/test_custom_srv/local/lib/python3.10/dist-packages/test_custom_srv/_test_custom_srv_s.ep.rosidl_typesupport_c.c\n'}
[1.703521] (test_custom_srv) StdoutLine: {'line': b'-- Up-to-date: /home/eragon/student133_ws/install/test_custom_srv/local/lib/python3.10/dist-packages/test_custom_srv/_test_custom_srv_s.ep.rosidl_typesupport_fastrtps_c.c\n'}
[1.703652] (test_custom_srv) StdoutLine: {'line': b'-- Up-to-date: /home/eragon/student133_ws/install/test_custom_srv/local/lib/python3.10/dist-packages/test_custom_srv/_test_custom_srv_s.ep.rosidl_typesupport_introspection_c.c\n'}
[1.720091] (-) TimerEvent: {}
[1.766114] (test_custom_srv) StdoutLine: {'line': b"Listing '/home/eragon/student133_ws/install/test_custom_srv/local/lib/python3.10/dist-packages/test_custom_srv'...\n"}
[1.766563] (test_custom_srv) StdoutLine: {'line': b"Listing '/home/eragon/student133_ws/install/test_custom_srv/local/lib/python3.10/dist-packages/test_custom_srv/srv'...\n"}
[1.777908] (test_custom_srv) StdoutLine: {'line': b'-- Up-to-date: /home/eragon/student133_ws/install/test_custom_srv/local/lib/python3.10/dist-packages/test_custom_srv/test_custom_srv_s__rosidl_typesupport_fastrtps_c.cpython-310-x86_64-linux-gnu.so\n'}
[1.778614] (test_custom_srv) StdoutLine: {'line': b'-- Up-to-date: /home/eragon/student133_ws/install/test_custom_srv/local/lib/python3.10/dist-packages/test_custom_srv/test_custom_srv_s__rosidl_typesupport_introspection_c.cpython-310-x86_64-linux-gnu.so\n'}
[1.779333] (test_custom_srv) StdoutLine: {'line': b'-- Up-to-date: /home/eragon/student133_ws/install/test_custom_srv/local/lib/python3.10/dist-packages/test_custom_srv/test_custom_srv_s__rosidl_typesupport_c.cpython-310-x86_64-linux-gnu.so\n'}
[1.780035] (test_custom_srv) StdoutLine: {'line': b'-- Up-to-date: /home/eragon/student133_ws/install/test_custom_srv/lib/libtest_custom_srv__rosidl_generator_py.so\n'}
[1.780499] (test_custom_srv) StdoutLine: {'line': b'-- Up-to-date: /home/eragon/student133_ws/install/test_custom_srv/share/test_custom_srv/srv/CircleSquare.idl\n'}
[1.781465] (test_custom_srv) StdoutLine: {'line': b'-- Up-to-date: /home/eragon/student133_ws/install/test_custom_srv/share/test_custom_srv/srv/TriangleSquare.idl\n'}
[1.782053] (test_custom_srv) StdoutLine: {'line': b'-- Up-to-date: /home/eragon/student133_ws/install/test_custom_srv/share/test_custom_srv/srv/CircleSquare.srv\n'}
[1.782457] (test_custom_srv) StdoutLine: {'line': b'-- Up-to-date: /home/eragon/student133_ws/install/test_custom_srv/share/test_custom_srv/srv/CircleSquare_Request.msg\n'}
[1.782630] (test_custom_srv) StdoutLine: {'line': b'-- Up-to-date: /home/eragon/student133_ws/install/test_custom_srv/share/test_custom_srv/srv/CircleSquare_Response.msg\n'}
[1.782790] (test_custom_srv) StdoutLine: {'line': b'-- Up-to-date: /home/eragon/student133_ws/install/test_custom_srv/share/test_custom_srv/srv/TriangleSquare.srv\n'}
[1.782952] (test_custom_srv) StdoutLine: {'line': b'-- Up-to-date: /home/eragon/student133_ws/install/test_custom_srv/share/test_custom_srv/srv/TriangleSquare_Request.msg\n'}
[1.783111] (test_custom_srv) StdoutLine: {'line': b'-- Up-to-date: /home/eragon/student133_ws/install/test_custom_srv/share/test_custom_srv/srv/TriangleSquare_Response.msg\n'}
[1.783266] (test_custom_srv) StdoutLine: {'line': b'-- Up-to-date: /home/eragon/student133_ws/install/test_custom_srv/share/ament_index/resource_index/package_run_dependencies/test_custom_srv\n'}
[1.783824] (test_custom_srv) StdoutLine: {'line': b'-- Up-to-date: /home/eragon/student133_ws/install/test_custom_srv/share/ament_index/resource_index/parent_prefix_path/test_custom_srv\n'}
[1.784465] (test_custom_srv) StdoutLine: {'line': b'-- Up-to-date: /home/eragon/student133_ws/install/test_custom_srv/share/test_custom_srv/environment/ament_prefix_path.sh\n'}
[1.784905] (test_custom_srv) StdoutLine: {'line': b'-- Up-to-date: /home/eragon/student133_ws/install/test_custom_srv/share/test_custom_srv/environment/ament_prefix_path.dsv\n'}
[1.785093] (test_custom_srv) StdoutLine: {'line': b'-- Up-to-date: /home/eragon/student133_ws/install/test_custom_srv/share/test_custom_srv/environment/path.sh\n'}
[1.785252] (test_custom_srv) StdoutLine: {'line': b'-- Up-to-date: /home/eragon/student133_ws/install/test_custom_srv/share/test_custom_srv/environment/path.dsv\n'}
[1.786701] (test_custom_srv) StdoutLine: {'line': b'-- Up-to-date: /home/eragon/student133_ws/install/test_custom_srv/share/test_custom_srv/local_setup.bash\n'}
[1.787259] (test_custom_srv) StdoutLine: {'line': b'-- Up-to-date: /home/eragon/student133_ws/install/test_custom_srv/share/test_custom_srv/local_setup.sh\n'}
[1.787495] (test_custom_srv) StdoutLine: {'line': b'-- Up-to-date: /home/eragon/student133_ws/install/test_custom_srv/share/test_custom_srv/local_setup.zsh\n'}
[1.787669] (test_custom_srv) StdoutLine: {'line': b'-- Up-to-date: /home/eragon/student133_ws/install/test_custom_srv/share/test_custom_srv/local_setup.dsv\n'}
[1.787801] (test_custom_srv) StdoutLine: {'line': b'-- Installing: /home/eragon/student133_ws/install/test_custom_srv/share/test_custom_srv/package.dsv\n'}
[1.787939] (test_custom_srv) StdoutLine: {'line': b'-- Up-to-date: /home/eragon/student133_ws/install/test_custom_srv/share/ament_index/resource_index/packages/test_custom_srv\n'}
[1.788089] (test_custom_srv) StdoutLine: {'line': b'-- Up-to-date: /home/eragon/student133_ws/install/test_custom_srv/share/test_custom_srv/cmake/export_test_custom_srv__rosidl_generator_cExport.cmake\n'}
[1.788222] (test_custom_srv) StdoutLine: {'line': b'-- Up-to-date: /home/eragon/student133_ws/install/test_custom_srv/share/test_custom_srv/cmake/export_test_custom_srv__rosidl_generator_cExport-debug.cmake\n'}
[1.788387] (test_custom_srv) StdoutLine: {'line': b'-- Up-to-date: /home/eragon/student133_ws/install/test_custom_srv/share/test_custom_srv/cmake/export_test_custom_srv__rosidl_typesupport_fastrtps_cExport.cmake\n'}
[1.788524] (test_custom_srv) StdoutLine: {'line': b'-- Up-to-date: /home/eragon/student133_ws/install/test_custom_srv/share/test_custom_srv/cmake/export_test_custom_srv__rosidl_typesupport_fastrtps_cExport-debug.cmake\n'}
[1.788653] (test_custom_srv) StdoutLine: {'line': b'-- Up-to-date: /home/eragon/student133_ws/install/test_custom_srv/share/test_custom_srv/cmake/test_custom_srv__rosidl_typesupport_introspection_cExport.cmake\n'}
[1.788777] (test_custom_srv) StdoutLine: {'line': b'-- Up-to-date: /home/eragon/student133_ws/install/test_custom_srv/share/test_custom_srv/cmake/test_custom_srv__rosidl_typesupport_introspection_cExport-debug.cmake\n'}
[1.788899] (test_custom_srv) StdoutLine: {'line': b'-- Up-to-date: /home/eragon/student133_ws/install/test_custom_srv/share/test_custom_srv/cmake/test_custom_srv__rosidl_typesupport_cExport.cmake\n'}
[1.789026] (test_custom_srv) StdoutLine: {'line': b'-- Up-to-date: /home/eragon/student133_ws/install/test_custom_srv/share/test_custom_srv/cmake/test_custom_srv__rosidl_typesupport_cExport-debug.cmake\n'}
[1.789159] (test_custom_srv) StdoutLine: {'line': b'-- Up-to-date: /home/eragon/student133_ws/install/test_custom_srv/share/test_custom_srv/cmake/export_test_custom_srv__rosidl_generator_cppExport.cmake\n'}
[1.789286] (test_custom_srv) StdoutLine: {'line': b'-- Up-to-date: /home/eragon/student133_ws/install/test_custom_srv/share/test_custom_srv/cmake/export_test_custom_srv__rosidl_typesupport_fastrtps_cppExport.cmake\n'}
[1.789469] (test_custom_srv) StdoutLine: {'line': b'-- Up-to-date: /home/eragon/student133_ws/install/test_custom_srv/share/test_custom_srv/cmake/export_test_custom_srv__rosidl_typesupport_fastrtps_cppExport-debug.cmake\n'}
[1.789615] (test_custom_srv) StdoutLine: {'line': b'-- Up-to-date: /home/eragon/student133_ws/install/test_custom_srv/share/test_custom_srv/cmake/test_custom_srv__rosidl_typesupport_introspection_cppExport.cmake\n'}
[1.789747] (test_custom_srv) StdoutLine: {'line': b'-- Up-to-date: /home/eragon/student133_ws/install/test_custom_srv/share/test_custom_srv/cmake/test_custom_srv__rosidl_typesupport_introspection_cppExport-debug.cmake\n'}
[1.789873] (test_custom_srv) StdoutLine: {'line': b'-- Up-to-date: /home/eragon/student133_ws/install/test_custom_srv/share/test_custom_srv/cmake/test_custom_srv__rosidl_typesupport_cppExport.cmake\n'}
[1.790001] (test_custom_srv) StdoutLine: {'line': b'-- Up-to-date: /home/eragon/student133_ws/install/test_custom_srv/share/test_custom_srv/cmake/test_custom_srv__rosidl_typesupport_cppExport-debug.cmake\n'}
[1.790123] (test_custom_srv) StdoutLine: {'line': b'-- Up-to-date: /home/eragon/student133_ws/install/test_custom_srv/share/test_custom_srv/cmake/export_test_custom_srv__rosidl_generator_pyExport.cmake\n'}
[1.790247] (test_custom_srv) StdoutLine: {'line': b'-- Up-to-date: /home/eragon/student133_ws/install/test_custom_srv/share/test_custom_srv/cmake/export_test_custom_srv__rosidl_generator_pyExport-debug.cmake\n'}
[1.790506] (test_custom_srv) StdoutLine: {'line': b'-- Up-to-date: /home/eragon/student133_ws/install/test_custom_srv/share/test_custom_srv/cmake/rosidl_cmake-extras.cmake\n'}
[1.790673] (test_custom_srv) StdoutLine: {'line': b'-- Up-to-date: /home/eragon/student133_ws/install/test_custom_srv/share/test_custom_srv/cmake/ament_cmake_export_include_directories-extras.cmake\n'}
[1.790812] (test_custom_srv) StdoutLine: {'line': b'-- Up-to-date: /home/eragon/student133_ws/install/test_custom_srv/share/test_custom_srv/cmake/ament_cmake_export_libraries-extras.cmake\n'}
[1.790946] (test_custom_srv) StdoutLine: {'line': b'-- Up-to-date: /home/eragon/student133_ws/install/test_custom_srv/share/test_custom_srv/cmake/ament_cmake_export_targets-extras.cmake\n'}
[1.791076] (test_custom_srv) StdoutLine: {'line': b'-- Up-to-date: /home/eragon/student133_ws/install/test_custom_srv/share/test_custom_srv/cmake/rosidl_cmake_export_typesupport_targets-extras.cmake\n'}
[1.791205] (test_custom_srv) StdoutLine: {'line': b'-- Up-to-date: /home/eragon/student133_ws/install/test_custom_srv/share/test_custom_srv/cmake/ament_cmake_export_dependencies-extras.cmake\n'}
[1.791377] (test_custom_srv) StdoutLine: {'line': b'-- Up-to-date: /home/eragon/student133_ws/install/test_custom_srv/share/test_custom_srv/cmake/rosidl_cmake_export_typesupport_libraries-extras.cmake\n'}
[1.792042] (test_custom_srv) StdoutLine: {'line': b'-- Up-to-date: /home/eragon/student133_ws/install/test_custom_srv/share/test_custom_srv/cmake/test_custom_srvConfig.cmake\n'}
[1.793646] (test_custom_srv) StdoutLine: {'line': b'-- Up-to-date: /home/eragon/student133_ws/install/test_custom_srv/share/test_custom_srv/cmake/test_custom_srvConfig-version.cmake\n'}
[1.794565] (test_custom_srv) StdoutLine: {'line': b'-- Up-to-date: /home/eragon/student133_ws/install/test_custom_srv/share/test_custom_srv/package.xml\n'}
[1.794780] (test_custom_srv) CommandEnded: {'returncode': 0}
[1.820246] (-) TimerEvent: {}
[1.889249] (test_custom_msg) JobEnded: {'identifier': 'test_custom_msg', 'rc': 0}
[1.920412] (-) TimerEvent: {}
[2.019376] (test_custom_srv) JobEnded: {'identifier': 'test_custom_srv', 'rc': 0}
[2.020513] (-) TimerEvent: {}
[2.120893] (-) TimerEvent: {}
[2.221284] (-) TimerEvent: {}
[2.321729] (-) TimerEvent: {}
[2.422141] (-) TimerEvent: {}
[2.522568] (-) TimerEvent: {}
[2.622979] (-) TimerEvent: {}
[2.723388] (-) TimerEvent: {}
[2.823800] (-) TimerEvent: {}
[2.924198] (-) TimerEvent: {}
[3.024601] (-) TimerEvent: {}
[3.125012] (-) TimerEvent: {}
[3.225432] (-) TimerEvent: {}
[3.325823] (-) TimerEvent: {}
[3.426246] (-) TimerEvent: {}
[3.526692] (-) TimerEvent: {}
[3.627126] (-) TimerEvent: {}
[3.727589] (-) TimerEvent: {}
[3.828006] (-) TimerEvent: {}
[3.928401] (-) TimerEvent: {}
[4.028828] (-) TimerEvent: {}
[4.129230] (-) TimerEvent: {}
[4.229659] (-) TimerEvent: {}
[4.330062] (-) TimerEvent: {}
[4.430479] (-) TimerEvent: {}
[4.530879] (-) TimerEvent: {}
[4.631319] (-) TimerEvent: {}
[4.731721] (-) TimerEvent: {}
[4.832091] (-) TimerEvent: {}
[4.932466] (-) TimerEvent: {}
[5.033118] (-) TimerEvent: {}
[5.133786] (-) TimerEvent: {}
[5.234429] (-) TimerEvent: {}
[5.335070] (-) TimerEvent: {}
[5.435746] (-) TimerEvent: {}
[5.536456] (-) TimerEvent: {}
[5.636880] (-) TimerEvent: {}
[5.737484] (-) TimerEvent: {}
[5.837882] (-) TimerEvent: {}
[5.938273] (-) TimerEvent: {}
[6.038923] (-) TimerEvent: {}
[6.139571] (-) TimerEvent: {}
[6.240221] (-) TimerEvent: {}
[6.271638] (test_tf_broadcaster) StderrLine: {'line': b'/home/eragon/student133_ws/src/test_tf_broadcaster/src/test_tf_listener_node.cpp:29:30: error: \xe2\x80\x98Buffer\xe2\x80\x99 is not a member of \xe2\x80\x98tf2_ros\xe2\x80\x99\n'}
[6.271993] (test_tf_broadcaster) StderrLine: {'line': b'   29 |     std::unique_ptr<tf2_ros::Buffer> tf_buffer;\n'}
[6.272156] (test_tf_broadcaster) StderrLine: {'line': b'      |                              ^~~~~~\n'}
[6.272333] (test_tf_broadcaster) StderrLine: {'line': b'/home/eragon/student133_ws/src/test_tf_broadcaster/src/test_tf_listener_node.cpp:29:36: error: template argument 1 is invalid\n'}
[6.272489] (test_tf_broadcaster) StderrLine: {'line': b'   29 |     std::unique_ptr<tf2_ros::Buffer> tf_buffer;\n'}
[6.272625] (test_tf_broadcaster) StderrLine: {'line': b'      |                                    ^\n'}
[6.272758] (test_tf_broadcaster) StderrLine: {'line': b'/home/eragon/student133_ws/src/test_tf_broadcaster/src/test_tf_listener_node.cpp:29:36: error: template argument 2 is invalid\n'}
[6.276344] (test_tf_broadcaster) StderrLine: {'line': b'/home/eragon/student133_ws/src/test_tf_broadcaster/src/test_tf_listener_node.cpp: In constructor \xe2\x80\x98TestTfListener::TestTfListener()\xe2\x80\x99:\n'}
[6.277274] (test_tf_broadcaster) StderrLine: {'line': b'/home/eragon/student133_ws/src/test_tf_broadcaster/src/test_tf_listener_node.cpp:19:47: error: \xe2\x80\x98Buffer\xe2\x80\x99 is not a member of \xe2\x80\x98tf2_ros\xe2\x80\x99\n'}
[6.277482] (test_tf_broadcaster) StderrLine: {'line': b'   19 |         tf_buffer = std::make_unique<tf2_ros::Buffer>(this->get_clock());\n'}
[6.277626] (test_tf_broadcaster) StderrLine: {'line': b'      |                                               ^~~~~~\n'}
[6.277764] (test_tf_broadcaster) StderrLine: {'line': b'/home/eragon/student133_ws/src/test_tf_broadcaster/src/test_tf_listener_node.cpp:19:54: error: no matching function for call to \xe2\x80\x98make_unique<<expression error> >(rclcpp::Clock::SharedPtr)\xe2\x80\x99\n'}
[6.277901] (test_tf_broadcaster) StderrLine: {'line': b'   19 |         tf_buffer = std::make_unique<tf2_ros::Buffer>(this->get_clock());\n'}
[6.278035] (test_tf_broadcaster) StderrLine: {'line': b'      |                     ~~~~~~~~~~~~~~~~~~~~~~~~~~~~~~~~~^~~~~~~~~~~~~~~~~~~\n'}
[6.278167] (test_tf_broadcaster) StderrLine: {'line': b'In file included from /usr/include/c++/11/memory:76,\n'}
[6.278316] (test_tf_broadcaster) StderrLine: {'line': b'                 from /opt/ros/humble/include/rclcpp/rclcpp/rclcpp.hpp:153,\n'}
[6.278465] (test_tf_broadcaster) StderrLine: {'line': b'                 from /home/eragon/student133_ws/src/test_tf_broadcaster/src/test_tf_listener_node.cpp:1:\n'}
[6.278598] (test_tf_broadcaster) StderrLine: {'line': b'/usr/include/c++/11/bits/unique_ptr.h:961:5: note: candidate: \xe2\x80\x98template<class _Tp, class ... _Args> typename std::_MakeUniq<_Tp>::__single_object std::make_unique(_Args&& ...)\xe2\x80\x99\n'}
[6.278734] (test_tf_broadcaster) StderrLine: {'line': b'  961 |     make_unique(_Args&&... __args)\n'}
[6.278864] (test_tf_broadcaster) StderrLine: {'line': b'      |     ^~~~~~~~~~~\n'}
[6.278995] (test_tf_broadcaster) StderrLine: {'line': b'/usr/include/c++/11/bits/unique_ptr.h:961:5: note:   template argument deduction/substitution failed:\n'}
[6.279127] (test_tf_broadcaster) StderrLine: {'line': b'/home/eragon/student133_ws/src/test_tf_broadcaster/src/test_tf_listener_node.cpp:19:54: error: template argument 1 is invalid\n'}
[6.279260] (test_tf_broadcaster) StderrLine: {'line': b'   19 |         tf_buffer = std::make_unique<tf2_ros::Buffer>(this->get_clock());\n'}
[6.279416] (test_tf_broadcaster) StderrLine: {'line': b'      |                     ~~~~~~~~~~~~~~~~~~~~~~~~~~~~~~~~~^~~~~~~~~~~~~~~~~~~\n'}
[6.279552] (test_tf_broadcaster) StderrLine: {'line': b'In file included from /usr/include/c++/11/memory:76,\n'}
[6.279683] (test_tf_broadcaster) StderrLine: {'line': b'                 from /opt/ros/humble/include/rclcpp/rclcpp/rclcpp.hpp:153,\n'}
[6.279814] (test_tf_broadcaster) StderrLine: {'line': b'                 from /home/eragon/student133_ws/src/test_tf_broadcaster/src/test_tf_listener_node.cpp:1:\n'}
[6.279946] (test_tf_broadcaster) StderrLine: {'line': b'/usr/include/c++/11/bits/unique_ptr.h:967:5: note: candidate: \xe2\x80\x98template<class _Tp> typename std::_MakeUniq<_Tp>::__array std::make_unique(std::size_t)\xe2\x80\x99\n'}
[6.280079] (test_tf_broadcaster) StderrLine: {'line': b'  967 |     make_unique(size_t __num)\n'}
[6.280234] (test_tf_broadcaster) StderrLine: {'line': b'      |     ^~~~~~~~~~~\n'}
[6.280387] (test_tf_broadcaster) StderrLine: {'line': b'/usr/include/c++/11/bits/unique_ptr.h:967:5: note:   template argument deduction/substitution failed:\n'}
[6.280526] (test_tf_broadcaster) StderrLine: {'line': b'/home/eragon/student133_ws/src/test_tf_broadcaster/src/test_tf_listener_node.cpp:19:54: error: template argument 1 is invalid\n'}
[6.280659] (test_tf_broadcaster) StderrLine: {'line': b'   19 |         tf_buffer = std::make_unique<tf2_ros::Buffer>(this->get_clock());\n'}
[6.280791] (test_tf_broadcaster) StderrLine: {'line': b'      |                     ~~~~~~~~~~~~~~~~~~~~~~~~~~~~~~~~~^~~~~~~~~~~~~~~~~~~\n'}
[6.280922] (test_tf_broadcaster) StderrLine: {'line': b'In file included from /usr/include/c++/11/memory:76,\n'}
[6.281053] (test_tf_broadcaster) StderrLine: {'line': b'                 from /opt/ros/humble/include/rclcpp/rclcpp/rclcpp.hpp:153,\n'}
[6.281185] (test_tf_broadcaster) StderrLine: {'line': b'                 from /home/eragon/student133_ws/src/test_tf_broadcaster/src/test_tf_listener_node.cpp:1:\n'}
[6.281350] (test_tf_broadcaster) StderrLine: {'line': b'/usr/include/c++/11/bits/unique_ptr.h:973:5: note: candidate: \xe2\x80\x98template<class _Tp, class ... _Args> typename std::_MakeUniq<_Tp>::__invalid_type std::make_unique(_Args&& ...)\xe2\x80\x99 (deleted)\n'}
[6.281503] (test_tf_broadcaster) StderrLine: {'line': b'  973 |     make_unique(_Args&&...) = delete;\n'}
[6.281632] (test_tf_broadcaster) StderrLine: {'line': b'      |     ^~~~~~~~~~~\n'}
[6.281760] (test_tf_broadcaster) StderrLine: {'line': b'/usr/include/c++/11/bits/unique_ptr.h:973:5: note:   template argument deduction/substitution failed:\n'}
[6.281888] (test_tf_broadcaster) StderrLine: {'line': b'/home/eragon/student133_ws/src/test_tf_broadcaster/src/test_tf_listener_node.cpp:19:54: error: template argument 1 is invalid\n'}
[6.282016] (test_tf_broadcaster) StderrLine: {'line': b'   19 |         tf_buffer = std::make_unique<tf2_ros::Buffer>(this->get_clock());\n'}
[6.282160] (test_tf_broadcaster) StderrLine: {'line': b'      |                     ~~~~~~~~~~~~~~~~~~~~~~~~~~~~~~~~~^~~~~~~~~~~~~~~~~~~\n'}
[6.282284] (test_tf_broadcaster) StderrLine: {'line': b'/home/eragon/student133_ws/src/test_tf_broadcaster/src/test_tf_listener_node.cpp:20:49: error: \xe2\x80\x98TransformLstener\xe2\x80\x99 is not a member of \xe2\x80\x98tf2_ros\xe2\x80\x99; did you mean \xe2\x80\x98TransformListener\xe2\x80\x99?\n'}
[6.282461] (test_tf_broadcaster) StderrLine: {'line': b'   20 |         tf_listener = std::make_shared<tf2_ros::TransformLstener>(*tf_buffer);\n'}
[6.282587] (test_tf_broadcaster) StderrLine: {'line': b'      |                                                 ^~~~~~~~~~~~~~~~\n'}
[6.282708] (test_tf_broadcaster) StderrLine: {'line': b'      |                                                 TransformListener\n'}
[6.282830] (test_tf_broadcaster) StderrLine: {'line': b'/home/eragon/student133_ws/src/test_tf_broadcaster/src/test_tf_listener_node.cpp:20:67: error: invalid type argument of unary \xe2\x80\x98*\xe2\x80\x99 (have \xe2\x80\x98int\xe2\x80\x99)\n'}
[6.282954] (test_tf_broadcaster) StderrLine: {'line': b'   20 |         tf_listener = std::make_shared<tf2_ros::TransformLstener>(*tf_buffer);\n'}
[6.283075] (test_tf_broadcaster) StderrLine: {'line': b'      |                                                                   ^~~~~~~~~~\n'}
[6.292980] (test_tf_broadcaster) StderrLine: {'line': b'/home/eragon/student133_ws/src/test_tf_broadcaster/src/test_tf_listener_node.cpp: In member function \xe2\x80\x98void TestTfListener::timer_callback()\xe2\x80\x99:\n'}
[6.293285] (test_tf_broadcaster) StderrLine: {'line': b'/home/eragon/student133_ws/src/test_tf_broadcaster/src/test_tf_listener_node.cpp:35:26: error: base operand of \xe2\x80\x98->\xe2\x80\x99 is not a pointer\n'}
[6.293455] (test_tf_broadcaster) StderrLine: {'line': b'   35 |             t = tf_buffer->lookupTransform(source_frame,\n'}
[6.293586] (test_tf_broadcaster) StderrLine: {'line': b'      |                          ^~\n'}
[6.296500] (test_tf_broadcaster) StderrLine: {'line': b'/home/eragon/student133_ws/src/test_tf_broadcaster/src/test_tf_listener_node.cpp:60:20: error: return-statement with a value, in function returning \xe2\x80\x98void\xe2\x80\x99 [-fpermissive]\n'}
[6.296795] (test_tf_broadcaster) StderrLine: {'line': b'   60 |             return 0;\n'}
[6.296933] (test_tf_broadcaster) StderrLine: {'line': b'      |                    ^\n'}
[6.340600] (-) TimerEvent: {}
[6.441215] (-) TimerEvent: {}
[6.541636] (-) TimerEvent: {}
[6.642053] (-) TimerEvent: {}
[6.742455] (-) TimerEvent: {}
[6.842853] (-) TimerEvent: {}
[6.943229] (-) TimerEvent: {}
[7.043657] (-) TimerEvent: {}
[7.144029] (-) TimerEvent: {}
[7.244440] (-) TimerEvent: {}
[7.344859] (-) TimerEvent: {}
[7.445317] (-) TimerEvent: {}
[7.487319] (test_tf_broadcaster) StderrLine: {'line': b'gmake[2]: *** [CMakeFiles/test_tf_listener_node.dir/build.make:76: CMakeFiles/test_tf_listener_node.dir/src/test_tf_listener_node.cpp.o] \xd0\x9e\xd1\x88\xd0\xb8\xd0\xb1\xd0\xba\xd0\xb0 1\n'}
[7.487880] (test_tf_broadcaster) StderrLine: {'line': b'gmake[1]: *** [CMakeFiles/Makefile2:165: CMakeFiles/test_tf_listener_node.dir/all] \xd0\x9e\xd1\x88\xd0\xb8\xd0\xb1\xd0\xba\xd0\xb0 2\n'}
[7.488532] (test_tf_broadcaster) StderrLine: {'line': b'gmake: *** [Makefile:146: all] \xd0\x9e\xd1\x88\xd0\xb8\xd0\xb1\xd0\xba\xd0\xb0 2\n'}
[7.494891] (test_tf_broadcaster) CommandEnded: {'returncode': 2}
[7.545353] (-) TimerEvent: {}
[7.569717] (test_tf_broadcaster) JobEnded: {'identifier': 'test_tf_broadcaster', 'rc': 2}
[7.580214] (-) EventReactorShutdown: {}
