[0.310s] Invoking command in '/home/robot33-6/student133_ws/build/test_subscriber': CMAKE_PREFIX_PATH=${CMAKE_PREFIX_PATH}:/opt/ros/humble /usr/bin/cmake --build /home/robot33-6/student133_ws/build/test_subscriber -- -j8 -l8
[0.401s] Consolidate compiler generated dependencies of target test_subscriber_node
[0.401s] [ 50%] Building CXX object CMakeFiles/test_subscriber_node.dir/src/test_subscriber_node.cpp.o
[2.280s] /home/robot33-6/student133_ws/src/test_subscriber/src/test_subscriber_node.cpp: In member function ‘void TestSubscriber::message_callback(const Int32&) const’:
[2.280s] /home/robot33-6/student133_ws/src/test_subscriber/src/test_subscriber_node.cpp:45:26: error: declaration of ‘std_msgs::msg::Int32 msg’ shadows a parameter
[2.280s]    45 |     std_msgs::msg::Int32 msg;
[2.280s]       |                          ^~~
[2.280s] /home/robot33-6/student133_ws/src/test_subscriber/src/test_subscriber_node.cpp:43:53: note: ‘const Int32& msg’ previously declared here
[2.280s]    43 |   void message_callback(const std_msgs::msg::Int32 &msg) const
[2.280s]       |                         ~~~~~~~~~~~~~~~~~~~~~~~~~~~~^~~
[2.281s] /home/robot33-6/student133_ws/src/test_subscriber/src/test_subscriber_node.cpp:43:53: warning: unused parameter ‘msg’ [-Wunused-parameter]
[3.979s] gmake[2]: *** [CMakeFiles/test_subscriber_node.dir/build.make:76: CMakeFiles/test_subscriber_node.dir/src/test_subscriber_node.cpp.o] Error 1
[3.979s] gmake[1]: *** [CMakeFiles/Makefile2:137: CMakeFiles/test_subscriber_node.dir/all] Error 2
[3.979s] gmake: *** [Makefile:146: all] Error 2
[3.981s] Invoked command in '/home/robot33-6/student133_ws/build/test_subscriber' returned '2': CMAKE_PREFIX_PATH=${CMAKE_PREFIX_PATH}:/opt/ros/humble /usr/bin/cmake --build /home/robot33-6/student133_ws/build/test_subscriber -- -j8 -l8
