[0.077s] Invoking command in '/home/eragon/student133_ws/build/test_image_sender': CMAKE_PREFIX_PATH=${CMAKE_PREFIX_PATH}:/opt/ros/humble /usr/bin/cmake --build /home/eragon/student133_ws/build/test_image_sender -- -j8 -l8
[0.298s] [ 50%] Building CXX object CMakeFiles/test_image_sender.dir/src/test_image_sender_node.cpp.o
[0.958s] /home/eragon/student133_ws/src/test_image_sender/src/test_image_sender_node.cpp:4:10: fatal error: cv_bridge/cv_bridge.hpp: Нет такого файла или каталога
[0.958s]     4 | #include <cv_bridge/cv_bridge.hpp>
[0.958s]       |          ^~~~~~~~~~~~~~~~~~~~~~~~~
[0.959s] compilation terminated.
[0.974s] gmake[2]: *** [CMakeFiles/test_image_sender.dir/build.make:76: CMakeFiles/test_image_sender.dir/src/test_image_sender_node.cpp.o] Ошибка 1
[0.977s] gmake[1]: *** [CMakeFiles/Makefile2:137: CMakeFiles/test_image_sender.dir/all] Ошибка 2
[0.977s] gmake: *** [Makefile:146: all] Ошибка 2
[0.977s] Invoked command in '/home/eragon/student133_ws/build/test_image_sender' returned '2': CMAKE_PREFIX_PATH=${CMAKE_PREFIX_PATH}:/opt/ros/humble /usr/bin/cmake --build /home/eragon/student133_ws/build/test_image_sender -- -j8 -l8
