Consolidate compiler generated dependencies of target test_tf_broadcaster_node
[ 50%] Built target test_tf_listener_node
[ 75%] Building CXX object CMakeFiles/test_tf_broadcaster_node.dir/src/test_tf_broadcaster_node.cpp.o
/home/eragon/student133_ws/src/test_tf_broadcaster/src/test_tf_broadcaster_node.cpp: In member function ‘void TestTfBroadcaster::timer_callback()’:
/home/eragon/student133_ws/src/test_tf_broadcaster/src/test_tf_broadcaster_node.cpp:46:9: error: expected ‘;’ before ‘q’
   46 |         q.setRPY(0, 0, rotation*2); //rotation*2
      |         ^
/home/eragon/student133_ws/src/test_tf_broadcaster/src/test_tf_broadcaster_node.cpp:45:15: warning: statement has no effect [-Wunused-value]
   45 |       rotation*2
      |       ~~~~~~~~^~
gmake[2]: *** [CMakeFiles/test_tf_broadcaster_node.dir/build.make:76: CMakeFiles/test_tf_broadcaster_node.dir/src/test_tf_broadcaster_node.cpp.o] Ошибка 1
gmake[1]: *** [CMakeFiles/Makefile2:139: CMakeFiles/test_tf_broadcaster_node.dir/all] Ошибка 2
gmake: *** [Makefile:146: all] Ошибка 2
