/home/eragon/student133_ws/src/test_basic_publisher/src/test_basic_publisher.cpp: In constructor ‘TestBasicPublisher::TestBasicPublisher()’:
/home/eragon/student133_ws/src/test_basic_publisher/src/test_basic_publisher.cpp:17:48: error: ‘TestNode’ has not been declared
   17 |                                     std::bind(&TestNode::timer_callback,
      |                                                ^~~~~~~~
/home/eragon/student133_ws/src/test_basic_publisher/src/test_basic_publisher.cpp: In function ‘int main(int, char**)’:
/home/eragon/student133_ws/src/test_basic_publisher/src/test_basic_publisher.cpp:35:35: error: ‘TestNode’ was not declared in this scope
   35 |     rclcpp::spin(std::make_shared<TestNode>());
      |                                   ^~~~~~~~
/home/eragon/student133_ws/src/test_basic_publisher/src/test_basic_publisher.cpp:35:44: error: no matching function for call to ‘make_shared<<expression error> >()’
   35 |     rclcpp::spin(std::make_shared<TestNode>());
      |                  ~~~~~~~~~~~~~~~~~~~~~~~~~~^~
In file included from /usr/include/c++/11/memory:77,
                 from /opt/ros/humble/include/rclcpp/rclcpp/rclcpp.hpp:153,
                 from /home/eragon/student133_ws/src/test_basic_publisher/src/test_basic_publisher.cpp:2:
/usr/include/c++/11/bits/shared_ptr.h:875:5: note: candidate: ‘template<class _Tp, class ... _Args> std::shared_ptr<_Tp> std::make_shared(_Args&& ...)’
  875 |     make_shared(_Args&&... __args)
      |     ^~~~~~~~~~~
/usr/include/c++/11/bits/shared_ptr.h:875:5: note:   template argument deduction/substitution failed:
/home/eragon/student133_ws/src/test_basic_publisher/src/test_basic_publisher.cpp:35:44: error: template argument 1 is invalid
   35 |     rclcpp::spin(std::make_shared<TestNode>());
      |                  ~~~~~~~~~~~~~~~~~~~~~~~~~~^~
gmake[2]: *** [CMakeFiles/test_basic_publisher.dir/build.make:76: CMakeFiles/test_basic_publisher.dir/src/test_basic_publisher.cpp.o] Ошибка 1
gmake[1]: *** [CMakeFiles/Makefile2:137: CMakeFiles/test_basic_publisher.dir/all] Ошибка 2
gmake: *** [Makefile:146: all] Ошибка 2
