[0.048s] Invoking command in '/home/eragon/student133_ws/build/test_basic_publisher': CMAKE_PREFIX_PATH=${CMAKE_PREFIX_PATH}:/opt/ros/humble /usr/bin/cmake /home/eragon/student133_ws/src/test_basic_publisher -G CodeBlocks - Unix Makefiles -DCMAKE_BUILD_TYPE=Debug -DCMAKE_INSTALL_PREFIX=/home/eragon/student133_ws/install/test_basic_publisher
[0.089s] -- Found ament_cmake: 1.3.10 (/opt/ros/humble/share/ament_cmake/cmake)
[0.472s] -- Found rclcpp: 16.0.10 (/opt/ros/humble/share/rclcpp/cmake)
[0.560s] -- Found rosidl_generator_c: 3.1.5 (/opt/ros/humble/share/rosidl_generator_c/cmake)
[0.560s] -- Found rosidl_adapter: 3.1.5 (/opt/ros/humble/share/rosidl_adapter/cmake)
[0.560s] -- Found rosidl_generator_cpp: 3.1.5 (/opt/ros/humble/share/rosidl_generator_cpp/cmake)
[0.611s] -- Using all available rosidl_typesupport_c: rosidl_typesupport_fastrtps_c;rosidl_typesupport_introspection_c
[0.611s] -- Using all available rosidl_typesupport_cpp: rosidl_typesupport_fastrtps_cpp;rosidl_typesupport_introspection_cpp
[0.664s] -- Found rmw_implementation_cmake: 6.1.2 (/opt/ros/humble/share/rmw_implementation_cmake/cmake)
[0.666s] -- Found rmw_fastrtps_cpp: 6.2.7 (/opt/ros/humble/share/rmw_fastrtps_cpp/cmake)
[0.857s] -- Using RMW implementation 'rmw_fastrtps_cpp' as default
[0.978s] -- Found ament_lint_auto: 0.12.11 (/opt/ros/humble/share/ament_lint_auto/cmake)
[1.085s] -- Added test 'cppcheck' to perform static code analysis on C / C++ code
[1.085s] -- Configured cppcheck include dirs: 
[1.085s] -- Configured cppcheck exclude dirs and/or files: 
[1.085s] -- Added test 'lint_cmake' to check CMake code style
[1.085s] -- Added test 'uncrustify' to check C / C++ code style
[1.085s] -- Configured uncrustify additional arguments: 
[1.085s] -- Added test 'xmllint' to check XML markup files
[1.086s] -- Configuring done
[1.119s] -- Generating done
[1.121s] -- Build files have been written to: /home/eragon/student133_ws/build/test_basic_publisher
[1.149s] Invoked command in '/home/eragon/student133_ws/build/test_basic_publisher' returned '0': CMAKE_PREFIX_PATH=${CMAKE_PREFIX_PATH}:/opt/ros/humble /usr/bin/cmake /home/eragon/student133_ws/src/test_basic_publisher -G CodeBlocks - Unix Makefiles -DCMAKE_BUILD_TYPE=Debug -DCMAKE_INSTALL_PREFIX=/home/eragon/student133_ws/install/test_basic_publisher
[1.149s] Invoking command in '/home/eragon/student133_ws/build/test_basic_publisher': CMAKE_PREFIX_PATH=${CMAKE_PREFIX_PATH}:/opt/ros/humble /usr/bin/cmake --build /home/eragon/student133_ws/build/test_basic_publisher -- -j8 -l8
[1.211s] [ 50%] Building CXX object CMakeFiles/test_basic_publisher.dir/src/test_basic_publisher.cpp.o
[4.061s] /home/eragon/student133_ws/src/test_basic_publisher/src/test_basic_publisher.cpp: In constructor ‘TestBasicPublisher::TestBasicPublisher()’:
[4.061s] /home/eragon/student133_ws/src/test_basic_publisher/src/test_basic_publisher.cpp:17:48: error: ‘TestNode’ has not been declared
[4.062s]    17 |                                     std::bind(&TestNode::timer_callback,
[4.062s]       |                                                ^~~~~~~~
[4.066s] /home/eragon/student133_ws/src/test_basic_publisher/src/test_basic_publisher.cpp: In function ‘int main(int, char**)’:
[4.066s] /home/eragon/student133_ws/src/test_basic_publisher/src/test_basic_publisher.cpp:35:35: error: ‘TestNode’ was not declared in this scope
[4.067s]    35 |     rclcpp::spin(std::make_shared<TestNode>());
[4.067s]       |                                   ^~~~~~~~
[4.067s] /home/eragon/student133_ws/src/test_basic_publisher/src/test_basic_publisher.cpp:35:44: error: no matching function for call to ‘make_shared<<expression error> >()’
[4.067s]    35 |     rclcpp::spin(std::make_shared<TestNode>());
[4.067s]       |                  ~~~~~~~~~~~~~~~~~~~~~~~~~~^~
[4.067s] In file included from /usr/include/c++/11/memory:77,
[4.067s]                  from /opt/ros/humble/include/rclcpp/rclcpp/rclcpp.hpp:153,
[4.068s]                  from /home/eragon/student133_ws/src/test_basic_publisher/src/test_basic_publisher.cpp:2:
[4.068s] /usr/include/c++/11/bits/shared_ptr.h:875:5: note: candidate: ‘template<class _Tp, class ... _Args> std::shared_ptr<_Tp> std::make_shared(_Args&& ...)’
[4.068s]   875 |     make_shared(_Args&&... __args)
[4.068s]       |     ^~~~~~~~~~~
[4.068s] /usr/include/c++/11/bits/shared_ptr.h:875:5: note:   template argument deduction/substitution failed:
[4.068s] /home/eragon/student133_ws/src/test_basic_publisher/src/test_basic_publisher.cpp:35:44: error: template argument 1 is invalid
[4.069s]    35 |     rclcpp::spin(std::make_shared<TestNode>());
[4.069s]       |                  ~~~~~~~~~~~~~~~~~~~~~~~~~~^~
[5.153s] gmake[2]: *** [CMakeFiles/test_basic_publisher.dir/build.make:76: CMakeFiles/test_basic_publisher.dir/src/test_basic_publisher.cpp.o] Ошибка 1
[5.154s] gmake[1]: *** [CMakeFiles/Makefile2:137: CMakeFiles/test_basic_publisher.dir/all] Ошибка 2
[5.154s] gmake: *** [Makefile:146: all] Ошибка 2
