[0.123s] Invoking command in '/home/robot33-6/student133_ws/build/test_publisher': CMAKE_PREFIX_PATH=${CMAKE_PREFIX_PATH}:/opt/ros/humble /usr/bin/cmake --build /home/robot33-6/student133_ws/build/test_publisher -- -j8 -l8
[0.230s] [ 50%] Building CXX object CMakeFiles/test_publisher_node.dir/src/test_publisher_node.cpp.o
[2.276s] /home/robot33-6/student133_ws/src/test_publisher/src/test_publisher_node.cpp:37:3: error: ‘clcpp’ does not name a type
[2.276s]    37 |   clcpp::Publisher<std_msgs::msg::Int32>::SharedPtr
[2.276s]       |   ^~~~~
[2.280s] /home/robot33-6/student133_ws/src/test_publisher/src/test_publisher_node.cpp: In constructor ‘TestPublisher::TestPublisher()’:
[2.280s] /home/robot33-6/student133_ws/src/test_publisher/src/test_publisher_node.cpp:18:5: error: ‘publisher’ was not declared in this scope; did you mean ‘TestPublisher’?
[2.281s]    18 |     publisher = this->create_publisher<std_msgs::msg::Int32>
[2.281s]       |     ^~~~~~~~~
[2.281s]       |     TestPublisher
[2.297s] /home/robot33-6/student133_ws/src/test_publisher/src/test_publisher_node.cpp: In member function ‘void TestPublisher::timer_callback()’:
[2.297s] /home/robot33-6/student133_ws/src/test_publisher/src/test_publisher_node.cpp:53:9: error: ‘publisher’ was not declared in this scope; did you mean ‘TestPublisher’?
[2.297s]    53 |         publisher->publish(msg);
[2.297s]       |         ^~~~~~~~~
[2.297s]       |         TestPublisher
[3.048s] gmake[2]: *** [CMakeFiles/test_publisher_node.dir/build.make:76: CMakeFiles/test_publisher_node.dir/src/test_publisher_node.cpp.o] Error 1
[3.048s] gmake[1]: *** [CMakeFiles/Makefile2:137: CMakeFiles/test_publisher_node.dir/all] Error 2
[3.048s] gmake: *** [Makefile:146: all] Error 2
[3.049s] Invoked command in '/home/robot33-6/student133_ws/build/test_publisher' returned '2': CMAKE_PREFIX_PATH=${CMAKE_PREFIX_PATH}:/opt/ros/humble /usr/bin/cmake --build /home/robot33-6/student133_ws/build/test_publisher -- -j8 -l8
