[0.000000] (-) TimerEvent: {}
[0.000084] (test_pkg) JobQueued: {'identifier': 'test_pkg', 'dependencies': OrderedDict()}
[0.000109] (test_pkg) JobStarted: {'identifier': 'test_pkg'}
[0.052630] (test_pkg) JobProgress: {'identifier': 'test_pkg', 'progress': 'cmake'}
[0.053961] (test_pkg) JobProgress: {'identifier': 'test_pkg', 'progress': 'build'}
[0.054183] (test_pkg) Command: {'cmd': ['/usr/bin/cmake', '--build', '/home/robot33-6/student133_ws/build/test_pkg', '--', '-j8', '-l8'], 'cwd': '/home/robot33-6/student133_ws/build/test_pkg', 'env': OrderedDict([('GJS_DEBUG_TOPICS', 'JS ERROR;JS LOG'), ('LC_TIME', 'ru_RU.UTF-8'), ('SNAP_COMMON', '/var/snap/qtcreator-ros/common'), ('SNAP_INSTANCE_KEY', ''), ('USER', 'robot33-6'), ('XDG_SESSION_TYPE', 'wayland'), ('LD_LIBRARY_PATH', '/opt/ros/humble/opt/rviz_ogre_vendor/lib:/opt/ros/humble/lib/x86_64-linux-gnu:/opt/ros/humble/lib:/snap/qtcreator-ros/107/lib:/snap/qtcreator-ros/107/usr/lib/x86_64-linux-gnu'), ('SHLVL', '13'), ('SNAP_UID', '1000'), ('HOME', '/home/robot33-6'), ('SNAP_LIBRARY_PATH', '/var/lib/snapd/lib/gl:/var/lib/snapd/lib/gl32:/var/lib/snapd/void'), ('DESKTOP_SESSION', 'ubuntu'), ('QTDIR', '/usr/lib/x86_64-linux-gnu/qt5'), ('SNAP_USER_DATA', '/home/robot33-6/snap/qtcreator-ros/107'), ('GIO_LAUNCHED_DESKTOP_FILE', '/var/lib/snapd/desktop/applications/qtcreator-ros_qtcreator-ros.desktop'), ('GNOME_SHELL_SESSION_MODE', 'ubuntu'), ('GTK_MODULES', 'gail:atk-bridge'), ('ROS_PYTHON_VERSION', '3'), ('LC_MONETARY', 'ru_RU.UTF-8'), ('MANAGERPID', '1414'), ('DBUS_SESSION_BUS_ADDRESS', 'unix:path=/run/user/1000/bus'), ('SYSTEMD_EXEC_PID', '1593'), ('GIO_LAUNCHED_DESKTOP_FILE_PID', '6367'), ('SNAP_REVISION', '107'), ('COLCON_PREFIX_PATH', '/home/robot33-6/student133_ws/install'), ('IM_CONFIG_PHASE', '1'), ('ROS_DISTRO', 'humble'), ('WAYLAND_DISPLAY', 'wayland-0'), ('LOGNAME', 'robot33-6'), ('JOURNAL_STREAM', '8:28725'), ('SNAP_CONTEXT', 'zfxwyVEa0dSM0vT388UHnSyWy-Mv84K8RE-CWR0OLT2wc9JrOksa'), ('_', '/usr/bin/env'), ('ROS_VERSION', '2'), ('SNAP_VERSION', '12.0.2'), ('XDG_SESSION_CLASS', 'user'), ('TERM', 'xterm'), ('USERNAME', 'robot33-6'), ('GNOME_DESKTOP_SESSION_ID', 'this-is-deprecated'), ('ROS_LOCALHOST_ONLY', '0'), ('SNAP_INSTANCE_NAME', 'qtcreator-ros'), ('PATH', '/opt/ros/humble/bin:/usr/local/sbin:/usr/local/bin:/usr/sbin:/usr/bin:/sbin:/bin:/usr/games:/usr/local/games:/snap/bin:/snap/bin'), ('INVOCATION_ID', '124b8795c7304a0ca9453347ccca9097'), ('SESSION_MANAGER', 'local/robot33-6:@/tmp/.ICE-unix/1567,unix/robot33-6:/tmp/.ICE-unix/1567'), ('BAMF_DESKTOP_FILE_HINT', '/var/lib/snapd/desktop/applications/qtcreator-ros_qtcreator-ros.desktop'), ('GNOME_SETUP_DISPLAY', ':1'), ('LC_ADDRESS', 'ru_RU.UTF-8'), ('SNAP_DATA', '/var/snap/qtcreator-ros/107'), ('XDG_MENU_PREFIX', 'gnome-'), ('XDG_RUNTIME_DIR', '/run/user/1000'), ('DISPLAY', ':0'), ('LANG', 'en_US.UTF-8'), ('LC_TELEPHONE', 'ru_RU.UTF-8'), ('XDG_CURRENT_DESKTOP', 'ubuntu:GNOME'), ('XAUTHORITY', '/run/user/1000/.mutter-Xwaylandauth.BVPNI2'), ('XDG_SESSION_DESKTOP', 'ubuntu'), ('XMODIFIERS', '@im=ibus'), ('AMENT_PREFIX_PATH', '/home/robot33-6/student133_ws/install/test_pkg:/opt/ros/humble'), ('SNAP_ARCH', 'amd64'), ('SNAP_COOKIE', 'zfxwyVEa0dSM0vT388UHnSyWy-Mv84K8RE-CWR0OLT2wc9JrOksa'), ('SNAP_USER_COMMON', '/home/robot33-6/snap/qtcreator-ros/common'), ('SSH_AGENT_LAUNCHER', 'gnome-keyring'), ('SSH_AUTH_SOCK', '/run/user/1000/keyring/ssh'), ('LC_NAME', 'ru_RU.UTF-8'), ('SHELL', '/bin/bash'), ('GDMSESSION', 'ubuntu'), ('QT_ACCESSIBILITY', '1'), ('SNAP_REEXEC', ''), ('SNAP_NAME', 'qtcreator-ros'), ('LC_MEASUREMENT', 'ru_RU.UTF-8'), ('GJS_DEBUG_OUTPUT', 'stderr'), ('LC_IDENTIFICATION', 'ru_RU.UTF-8'), ('QT_IM_MODULE', 'ibus'), ('PWD', '/home/robot33-6/student133_ws/build/test_pkg'), ('QT_QPA_PLATFORM', 'wayland;xcb'), ('SNAP_REAL_HOME', '/home/robot33-6'), ('XDG_CONFIG_DIRS', '/etc/xdg/xdg-ubuntu:/etc/xdg'), ('XDG_DATA_DIRS', '/usr/share/ubuntu:/usr/local/share/:/usr/share/:/var/lib/snapd/desktop'), ('LC_NUMERIC', 'ru_RU.UTF-8'), ('PYTHONPATH', '/opt/ros/humble/lib/python3.10/site-packages:/opt/ros/humble/local/lib/python3.10/dist-packages'), ('SNAP', '/snap/qtcreator-ros/107'), ('SNAP_EUID', '1000'), ('LC_PAPER', 'ru_RU.UTF-8'), ('COLCON', '1'), ('CMAKE_PREFIX_PATH', '/home/robot33-6/student133_ws/install/test_pkg:/opt/ros/humble'), ('LIBGL_DRIVERS_PATH', '/snap/qtcreator-ros/107/usr/lib/x86_64-linux-gnu/dri')]), 'shell': False}
[0.088396] (test_pkg) StdoutLine: {'line': b'[ 50%] Building CXX object CMakeFiles/test_pkg_node.dir/src/test_pkg_node.cpp.o\n'}
[0.099546] (-) TimerEvent: {}
[0.199772] (-) TimerEvent: {}
[0.299997] (-) TimerEvent: {}
[0.400231] (-) TimerEvent: {}
[0.500457] (-) TimerEvent: {}
[0.600688] (-) TimerEvent: {}
[0.700916] (-) TimerEvent: {}
[0.801139] (-) TimerEvent: {}
[0.901358] (-) TimerEvent: {}
[1.001617] (-) TimerEvent: {}
[1.101853] (-) TimerEvent: {}
[1.202081] (-) TimerEvent: {}
[1.302315] (-) TimerEvent: {}
[1.402543] (-) TimerEvent: {}
[1.502769] (-) TimerEvent: {}
[1.603005] (-) TimerEvent: {}
[1.703231] (-) TimerEvent: {}
[1.803458] (-) TimerEvent: {}
[1.903686] (-) TimerEvent: {}
[2.003914] (-) TimerEvent: {}
[2.052253] (test_pkg) StderrLine: {'line': b'/home/robot33-6/student133_ws/src/test_pkg/src/test_pkg_node.cpp:21:21: error: cannot declare field \xe2\x80\x98TestNode::timer\xe2\x80\x99 to be of abstract type \xe2\x80\x98rclcpp::TimerBase\xe2\x80\x99\n'}
[2.052396] (test_pkg) StderrLine: {'line': b'   21 |   rclcpp::TimerBase timer;\n'}
[2.052449] (test_pkg) StderrLine: {'line': b'      |                     ^~~~~\n'}
[2.052497] (test_pkg) StderrLine: {'line': b'In file included from /opt/ros/humble/include/rclcpp/rclcpp/callback_group.hpp:30,\n'}
[2.052542] (test_pkg) StderrLine: {'line': b'                 from /opt/ros/humble/include/rclcpp/rclcpp/any_executable.hpp:20,\n'}
[2.052593] (test_pkg) StderrLine: {'line': b'                 from /opt/ros/humble/include/rclcpp/rclcpp/memory_strategy.hpp:25,\n'}
[2.052641] (test_pkg) StderrLine: {'line': b'                 from /opt/ros/humble/include/rclcpp/rclcpp/memory_strategies.hpp:18,\n'}
[2.052688] (test_pkg) StderrLine: {'line': b'                 from /opt/ros/humble/include/rclcpp/rclcpp/executor_options.hpp:20,\n'}
[2.052735] (test_pkg) StderrLine: {'line': b'                 from /opt/ros/humble/include/rclcpp/rclcpp/executor.hpp:37,\n'}
[2.052782] (test_pkg) StderrLine: {'line': b'                 from /opt/ros/humble/include/rclcpp/rclcpp/executors/multi_threaded_executor.hpp:25,\n'}
[2.052828] (test_pkg) StderrLine: {'line': b'                 from /opt/ros/humble/include/rclcpp/rclcpp/executors.hpp:21,\n'}
[2.052875] (test_pkg) StderrLine: {'line': b'                 from /opt/ros/humble/include/rclcpp/rclcpp/rclcpp.hpp:155,\n'}
[2.052921] (test_pkg) StderrLine: {'line': b'                 from /home/robot33-6/student133_ws/src/test_pkg/src/test_pkg_node.cpp:2:\n'}
[2.052966] (test_pkg) StderrLine: {'line': b'/opt/ros/humble/include/rclcpp/rclcpp/timer.hpp:46:7: note:   because the following virtual functions are pure within \xe2\x80\x98rclcpp::TimerBase\xe2\x80\x99:\n'}
[2.053013] (test_pkg) StderrLine: {'line': b'   46 | class TimerBase\n'}
[2.053059] (test_pkg) StderrLine: {'line': b'      |       ^~~~~~~~~\n'}
[2.053104] (test_pkg) StderrLine: {'line': b'/opt/ros/humble/include/rclcpp/rclcpp/timer.hpp:103:3: note:     \xe2\x80\x98virtual bool rclcpp::TimerBase::call()\xe2\x80\x99\n'}
[2.053151] (test_pkg) StderrLine: {'line': b'  103 |   call() = 0;\n'}
[2.053197] (test_pkg) StderrLine: {'line': b'      |   ^~~~\n'}
[2.053242] (test_pkg) StderrLine: {'line': b'/opt/ros/humble/include/rclcpp/rclcpp/timer.hpp:108:3: note:     \xe2\x80\x98virtual void rclcpp::TimerBase::execute_callback()\xe2\x80\x99\n'}
[2.053288] (test_pkg) StderrLine: {'line': b'  108 |   execute_callback() = 0;\n'}
[2.053334] (test_pkg) StderrLine: {'line': b'      |   ^~~~~~~~~~~~~~~~\n'}
[2.053379] (test_pkg) StderrLine: {'line': b'/opt/ros/humble/include/rclcpp/rclcpp/timer.hpp:126:16: note:     \xe2\x80\x98virtual bool rclcpp::TimerBase::is_steady()\xe2\x80\x99\n'}
[2.053426] (test_pkg) StderrLine: {'line': b'  126 |   virtual bool is_steady() = 0;\n'}
[2.053471] (test_pkg) StderrLine: {'line': b'      |                ^~~~~~~~~\n'}
[2.053697] (test_pkg) StderrLine: {'line': b'/home/robot33-6/student133_ws/src/test_pkg/src/test_pkg_node.cpp: In constructor \xe2\x80\x98TestNode::TestNode()\xe2\x80\x99:\n'}
[2.053754] (test_pkg) StderrLine: {'line': b'/home/robot33-6/student133_ws/src/test_pkg/src/test_pkg_node.cpp:11:21: error: no matching function for call to \xe2\x80\x98rclcpp::TimerBase::TimerBase()\xe2\x80\x99\n'}
[2.053803] (test_pkg) StderrLine: {'line': b'   11 |     Node("test_node") //\xd0\xb8\xd0\xbc\xd1\x8f \xd1\x83\xd0\xb7\xd0\xbb\xd0\xb0\n'}
[2.053849] (test_pkg) StderrLine: {'line': b'      |                     ^\n'}
[2.053893] (test_pkg) StderrLine: {'line': b'In file included from /opt/ros/humble/include/rclcpp/rclcpp/callback_group.hpp:30,\n'}
[2.053937] (test_pkg) StderrLine: {'line': b'                 from /opt/ros/humble/include/rclcpp/rclcpp/any_executable.hpp:20,\n'}
[2.053980] (test_pkg) StderrLine: {'line': b'                 from /opt/ros/humble/include/rclcpp/rclcpp/memory_strategy.hpp:25,\n'}
[2.054024] (test_pkg) StderrLine: {'line': b'                 from /opt/ros/humble/include/rclcpp/rclcpp/memory_strategies.hpp:18,\n'}
[2.054068] (test_pkg) StderrLine: {'line': b'                 from /opt/ros/humble/include/rclcpp/rclcpp/executor_options.hpp:20,\n'}
[2.054111] (test_pkg) StderrLine: {'line': b'                 from /opt/ros/humble/include/rclcpp/rclcpp/executor.hpp:37,\n'}
[2.054154] (test_pkg) StderrLine: {'line': b'                 from /opt/ros/humble/include/rclcpp/rclcpp/executors/multi_threaded_executor.hpp:25,\n'}
[2.054198] (test_pkg) StderrLine: {'line': b'                 from /opt/ros/humble/include/rclcpp/rclcpp/executors.hpp:21,\n'}
[2.054241] (test_pkg) StderrLine: {'line': b'                 from /opt/ros/humble/include/rclcpp/rclcpp/rclcpp.hpp:155,\n'}
[2.054285] (test_pkg) StderrLine: {'line': b'                 from /home/robot33-6/student133_ws/src/test_pkg/src/test_pkg_node.cpp:2:\n'}
[2.054328] (test_pkg) StderrLine: {'line': b'/opt/ros/humble/include/rclcpp/rclcpp/timer.hpp:58:12: note: candidate: \xe2\x80\x98rclcpp::TimerBase::TimerBase(rclcpp::Clock::SharedPtr, std::chrono::nanoseconds, rclcpp::Context::SharedPtr)\xe2\x80\x99\n'}
[2.054373] (test_pkg) StderrLine: {'line': b'   58 |   explicit TimerBase(\n'}
[2.054417] (test_pkg) StderrLine: {'line': b'      |            ^~~~~~~~~\n'}
[2.067042] (test_pkg) StderrLine: {'line': b'/opt/ros/humble/include/rclcpp/rclcpp/timer.hpp:58:12: note:   candidate expects 3 arguments, 0 provided\n'}
[2.070822] (test_pkg) StderrLine: {'line': b'/home/robot33-6/student133_ws/src/test_pkg/src/test_pkg_node.cpp:14:33: error: \xe2\x80\x98is\xe2\x80\x99 was not declared in this scope\n'}
[2.070909] (test_pkg) StderrLine: {'line': b'   14 |         this->create_wall_timer(is,\n'}
[2.070957] (test_pkg) StderrLine: {'line': b'      |                                 ^~\n'}
[2.074789] (test_pkg) StderrLine: {'line': b'/home/robot33-6/student133_ws/src/test_pkg/src/test_pkg_node.cpp: In function \xe2\x80\x98int main(int, char**)\xe2\x80\x99:\n'}
[2.074877] (test_pkg) StderrLine: {'line': b'/home/robot33-6/student133_ws/src/test_pkg/src/test_pkg_node.cpp:34:14: warning: unused parameter \xe2\x80\x98argc\xe2\x80\x99 [-Wunused-parameter]\n'}
[2.074926] (test_pkg) StderrLine: {'line': b'   34 | int main(int argc, char **argv)\n'}
[2.074970] (test_pkg) StderrLine: {'line': b'      |          ~~~~^~~~\n'}
[2.075014] (test_pkg) StderrLine: {'line': b'/home/robot33-6/student133_ws/src/test_pkg/src/test_pkg_node.cpp:34:27: warning: unused parameter \xe2\x80\x98argv\xe2\x80\x99 [-Wunused-parameter]\n'}
[2.075058] (test_pkg) StderrLine: {'line': b'   34 | int main(int argc, char **argv)\n'}
[2.075101] (test_pkg) StderrLine: {'line': b'      |                    ~~~~~~~^~~~\n'}
[2.104016] (-) TimerEvent: {}
[2.204240] (-) TimerEvent: {}
[2.304472] (-) TimerEvent: {}
[2.404713] (-) TimerEvent: {}
[2.504914] (-) TimerEvent: {}
[2.605155] (-) TimerEvent: {}
[2.645795] (test_pkg) StderrLine: {'line': b'gmake[2]: *** [CMakeFiles/test_pkg_node.dir/build.make:76: CMakeFiles/test_pkg_node.dir/src/test_pkg_node.cpp.o] Error 1\n'}
[2.646066] (test_pkg) StderrLine: {'line': b'gmake[1]: *** [CMakeFiles/Makefile2:137: CMakeFiles/test_pkg_node.dir/all] Error 2\n'}
[2.646121] (test_pkg) StderrLine: {'line': b'gmake: *** [Makefile:146: all] Error 2\n'}
[2.647179] (test_pkg) CommandEnded: {'returncode': 2}
[2.705299] (-) TimerEvent: {}
[2.718384] (test_pkg) JobEnded: {'identifier': 'test_pkg', 'rc': 2}
[2.728691] (-) EventReactorShutdown: {}
