/home/robot33-6/student133_ws/src/test_subscriber/src/subscriber_triangle.cpp:1:10: fatal error: rclcpp/rclcpp.hpp: No such file or directory
    1 | #include <rclcpp/rclcpp.hpp>
      |          ^~~~~~~~~~~~~~~~~~~
compilation terminated.
gmake[2]: *** [CMakeFiles/Triangle_node.dir/build.make:76: CMakeFiles/Triangle_node.dir/src/subscriber_triangle.cpp.o] Error 1
gmake[1]: *** [CMakeFiles/Makefile2:165: CMakeFiles/Triangle_node.dir/all] Error 2
gmake[1]: *** Waiting for unfinished jobs....
gmake: *** [Makefile:146: all] Error 2
