[0.049s] Invoking command in '/home/eragon/student133_ws/build/test_basic_publisher': CMAKE_PREFIX_PATH=${CMAKE_PREFIX_PATH}:/opt/ros/humble /usr/bin/cmake --build /home/eragon/student133_ws/build/test_basic_publisher -- -j8 -l8
[0.178s] Consolidate compiler generated dependencies of target test_basic_publisher
[0.246s] [ 50%] Building CXX object CMakeFiles/test_basic_publisher.dir/src/test_basic_publisher.cpp.o
[3.447s] /home/eragon/student133_ws/src/test_basic_publisher/src/test_basic_publisher.cpp: In constructor ‘TestBasicPublisher::TestBasicPublisher()’:
[3.447s] /home/eragon/student133_ws/src/test_basic_publisher/src/test_basic_publisher.cpp:13:9: error: class ‘TestBasicPublisher’ does not have any field named ‘counter’
[3.447s]    13 |         counter(0)
[3.448s]       |         ^~~~~~~
[3.466s] /home/eragon/student133_ws/src/test_basic_publisher/src/test_basic_publisher.cpp: In member function ‘void TestBasicPublisher::timer_callback()’:
[3.466s] /home/eragon/student133_ws/src/test_basic_publisher/src/test_basic_publisher.cpp:28:52: error: ‘counter’ was not declared in this scope
[3.466s]    28 |         message.data = "Counter " + std::to_string(counter);
[3.466s]       |                                                    ^~~~~~~
[3.471s] /home/eragon/student133_ws/src/test_basic_publisher/src/test_basic_publisher.cpp: In function ‘int main(int, char**)’:
[3.471s] /home/eragon/student133_ws/src/test_basic_publisher/src/test_basic_publisher.cpp:38:35: error: ‘TestNode’ was not declared in this scope
[3.472s]    38 |     rclcpp::spin(std::make_shared<TestNode>());
[3.472s]       |                                   ^~~~~~~~
[3.472s] /home/eragon/student133_ws/src/test_basic_publisher/src/test_basic_publisher.cpp:38:44: error: no matching function for call to ‘make_shared<<expression error> >()’
[3.472s]    38 |     rclcpp::spin(std::make_shared<TestNode>());
[3.472s]       |                  ~~~~~~~~~~~~~~~~~~~~~~~~~~^~
[3.472s] In file included from /usr/include/c++/11/memory:77,
[3.473s]                  from /opt/ros/humble/include/rclcpp/rclcpp/rclcpp.hpp:153,
[3.473s]                  from /home/eragon/student133_ws/src/test_basic_publisher/src/test_basic_publisher.cpp:2:
[3.473s] /usr/include/c++/11/bits/shared_ptr.h:875:5: note: candidate: ‘template<class _Tp, class ... _Args> std::shared_ptr<_Tp> std::make_shared(_Args&& ...)’
[3.473s]   875 |     make_shared(_Args&&... __args)
[3.473s]       |     ^~~~~~~~~~~
[3.473s] /usr/include/c++/11/bits/shared_ptr.h:875:5: note:   template argument deduction/substitution failed:
[3.473s] /home/eragon/student133_ws/src/test_basic_publisher/src/test_basic_publisher.cpp:38:44: error: template argument 1 is invalid
[3.474s]    38 |     rclcpp::spin(std::make_shared<TestNode>());
[3.474s]       |                  ~~~~~~~~~~~~~~~~~~~~~~~~~~^~
[4.658s] gmake[2]: *** [CMakeFiles/test_basic_publisher.dir/build.make:76: CMakeFiles/test_basic_publisher.dir/src/test_basic_publisher.cpp.o] Ошибка 1
[4.659s] gmake[1]: *** [CMakeFiles/Makefile2:137: CMakeFiles/test_basic_publisher.dir/all] Ошибка 2
[4.659s] gmake: *** [Makefile:146: all] Ошибка 2
[4.664s] Invoked command in '/home/eragon/student133_ws/build/test_basic_publisher' returned '2': CMAKE_PREFIX_PATH=${CMAKE_PREFIX_PATH}:/opt/ros/humble /usr/bin/cmake --build /home/eragon/student133_ws/build/test_basic_publisher -- -j8 -l8
