[0.000000] (-) TimerEvent: {}
[0.000387] (custom_counter) JobQueued: {'identifier': 'custom_counter', 'dependencies': OrderedDict()}
[0.000472] (test_client) JobQueued: {'identifier': 'test_client', 'dependencies': OrderedDict()}
[0.000528] (test_custom_msg) JobQueued: {'identifier': 'test_custom_msg', 'dependencies': OrderedDict()}
[0.000568] (test_custom_publisher) JobQueued: {'identifier': 'test_custom_publisher', 'dependencies': OrderedDict()}
[0.000606] (test_custom_srv) JobQueued: {'identifier': 'test_custom_srv', 'dependencies': OrderedDict()}
[0.000644] (test_parameters) JobQueued: {'identifier': 'test_parameters', 'dependencies': OrderedDict()}
[0.000681] (test_pkg) JobQueued: {'identifier': 'test_pkg', 'dependencies': OrderedDict()}
[0.000718] (test_publisher) JobQueued: {'identifier': 'test_publisher', 'dependencies': OrderedDict()}
[0.000755] (test_serial_communication) JobQueued: {'identifier': 'test_serial_communication', 'dependencies': OrderedDict()}
[0.000792] (test_service) JobQueued: {'identifier': 'test_service', 'dependencies': OrderedDict()}
[0.000828] (test_subscriber) JobQueued: {'identifier': 'test_subscriber', 'dependencies': OrderedDict()}
[0.000864] (test_visualization) JobQueued: {'identifier': 'test_visualization', 'dependencies': OrderedDict()}
[0.000902] (custom_counter) JobStarted: {'identifier': 'custom_counter'}
[0.011234] (test_client) JobStarted: {'identifier': 'test_client'}
[0.017218] (test_custom_msg) JobStarted: {'identifier': 'test_custom_msg'}
[0.023825] (test_custom_publisher) JobStarted: {'identifier': 'test_custom_publisher'}
[0.030684] (test_custom_srv) JobStarted: {'identifier': 'test_custom_srv'}
[0.037352] (test_parameters) JobStarted: {'identifier': 'test_parameters'}
[0.043919] (test_pkg) JobStarted: {'identifier': 'test_pkg'}
[0.050627] (test_publisher) JobStarted: {'identifier': 'test_publisher'}
[0.061382] (custom_counter) JobProgress: {'identifier': 'custom_counter', 'progress': 'cmake'}
[0.063203] (custom_counter) JobProgress: {'identifier': 'custom_counter', 'progress': 'build'}
[0.063290] (custom_counter) Command: {'cmd': ['/usr/bin/cmake', '--build', '/home/eragon/student133_ws/build/custom_counter', '--', '-j8', '-l8'], 'cwd': '/home/eragon/student133_ws/build/custom_counter', 'env': OrderedDict([('GJS_DEBUG_TOPICS', 'JS ERROR;JS LOG'), ('LANGUAGE', 'ru'), ('LC_TIME', 'ru_RU.UTF-8'), ('USER', 'eragon'), ('XDG_SESSION_TYPE', 'wayland'), ('LD_LIBRARY_PATH', '/home/eragon/student133_ws/install/test_custom_srv/lib:/home/eragon/student133_ws/install/test_custom_msg/lib:/opt/ros/humble/opt/rviz_ogre_vendor/lib:/opt/ros/humble/lib/x86_64-linux-gnu:/opt/ros/humble/lib'), ('SHLVL', '1'), ('HOME', '/home/eragon'), ('DESKTOP_SESSION', 'ubuntu'), ('QTDIR', '/usr/lib/x86_64-linux-gnu/qt5'), ('GIO_LAUNCHED_DESKTOP_FILE', '/home/eragon/.local/share/applications/org.qt-project.qtcreator.desktop'), ('GNOME_SHELL_SESSION_MODE', 'ubuntu'), ('GTK_MODULES', 'gail:atk-bridge'), ('ROS_PYTHON_VERSION', '3'), ('LC_MONETARY', 'ru_RU.UTF-8'), ('MANAGERPID', '880'), ('DBUS_SESSION_BUS_ADDRESS', 'unix:path'), ('SYSTEMD_EXEC_PID', '1061'), ('GIO_LAUNCHED_DESKTOP_FILE_PID', '37771'), ('COLCON_PREFIX_PATH', '/home/eragon/student133_ws/install'), ('IM_CONFIG_PHASE', '1'), ('ROS_DISTRO', 'humble'), ('WAYLAND_DISPLAY', 'wayland-0'), ('LOGNAME', 'eragon'), ('JOURNAL_STREAM', '8:9842'), ('_', '/usr/bin/env'), ('ROS_VERSION', '2'), ('XDG_SESSION_CLASS', 'user'), ('QSG_RHI_BACKEND', 'opengl'), ('USERNAME', 'eragon'), ('GNOME_DESKTOP_SESSION_ID', 'this-is-deprecated'), ('ROS_LOCALHOST_ONLY', '0'), ('PATH', '/opt/ros/humble/bin:/home/eragon/.local/bin:/usr/local/sbin:/usr/local/bin:/usr/sbin:/usr/bin:/sbin:/bin:/usr/games:/usr/local/games:/snap/bin:/snap/bin'), ('INVOCATION_ID', '0420d8a0d2c745188c6147a8a5eb3a80'), ('PAPERSIZE', 'a4'), ('SESSION_MANAGER', 'local/eragon-KPL-W0X:@/tmp/.ICE-unix/1026,unix/eragon-KPL-W0X:/tmp/.ICE-unix/1026'), ('GNOME_SETUP_DISPLAY', ':1'), ('LC_ADDRESS', 'ru_RU.UTF-8'), ('XDG_MENU_PREFIX', 'gnome-'), ('XDG_RUNTIME_DIR', '/run/user/1000'), ('DISPLAY', ':0'), ('LANG', 'ru_RU.UTF-8'), ('LC_TELEPHONE', 'ru_RU.UTF-8'), ('XDG_CURRENT_DESKTOP', 'ubuntu:GNOME'), ('XAUTHORITY', '/run/user/1000/.mutter-Xwaylandauth.A0SSW2'), ('XDG_SESSION_DESKTOP', 'ubuntu'), ('XMODIFIERS', '@im'), ('AMENT_PREFIX_PATH', '/home/eragon/student133_ws/install/test_visualization:/home/eragon/student133_ws/install/test_subscriber:/home/eragon/student133_ws/install/test_serial_communication:/home/eragon/student133_ws/install/test_publisher:/home/eragon/student133_ws/install/test_pkg:/home/eragon/student133_ws/install/test_parameters:/home/eragon/student133_ws/install/test_custom_srv:/home/eragon/student133_ws/install/test_custom_publisher:/home/eragon/student133_ws/install/test_custom_msg:/home/eragon/student133_ws/install/test_client:/home/eragon/student133_ws/install/test_castom_publisher:/home/eragon/student133_ws/install/custom_counter:/opt/ros/humble'), ('SSH_AGENT_LAUNCHER', 'gnome-keyring'), ('SSH_AUTH_SOCK', '/run/user/1000/keyring/ssh'), ('LC_NAME', 'ru_RU.UTF-8'), ('SHELL', '/bin/bash'), ('GDMSESSION', 'ubuntu'), ('QT_ACCESSIBILITY', '1'), ('LC_MEASUREMENT', 'ru_RU.UTF-8'), ('GJS_DEBUG_OUTPUT', 'stderr'), ('LC_IDENTIFICATION', 'ru_RU.UTF-8'), ('QT_IM_MODULE', 'ibus'), ('LC_ALL', 'en_US.UTF-8'), ('PWD', '/home/eragon/student133_ws/build/custom_counter'), ('QT_QPA_PLATFORM', 'xcb'), ('XDG_CONFIG_DIRS', '/etc/xdg/xdg-ubuntu:/etc/xdg'), ('XDG_DATA_DIRS', '/usr/share/ubuntu:/usr/local/share/:/usr/share/:/var/lib/snapd/desktop'), ('LC_NUMERIC', 'ru_RU.UTF-8'), ('PYTHONPATH', '/home/eragon/student133_ws/install/test_custom_srv/local/lib/python3.10/dist-packages:/home/eragon/student133_ws/install/test_custom_msg/local/lib/python3.10/dist-packages:/opt/ros/humble/lib/python3.10/site-packages:/opt/ros/humble/local/lib/python3.10/dist-packages'), ('LC_PAPER', 'ru_RU.UTF-8'), ('COLCON', '1'), ('CMAKE_PREFIX_PATH', '/home/eragon/student133_ws/install/test_visualization:/home/eragon/student133_ws/install/test_subscriber:/home/eragon/student133_ws/install/test_service:/home/eragon/student133_ws/install/test_serial_communication:/home/eragon/student133_ws/install/test_publisher:/home/eragon/student133_ws/install/test_pkg:/home/eragon/student133_ws/install/test_parameters:/home/eragon/student133_ws/install/test_custom_srv:/home/eragon/student133_ws/install/test_custom_publisher:/home/eragon/student133_ws/install/test_custom_msg:/home/eragon/student133_ws/install/test_client:/home/eragon/student133_ws/install/test_castom_publisher:/home/eragon/student133_ws/install/custom_counter:/opt/ros/humble')]), 'shell': False}
[0.066710] (test_client) JobProgress: {'identifier': 'test_client', 'progress': 'cmake'}
[0.067311] (test_client) JobProgress: {'identifier': 'test_client', 'progress': 'build'}
[0.067375] (test_client) Command: {'cmd': ['/usr/bin/cmake', '--build', '/home/eragon/student133_ws/build/test_client', '--', '-j8', '-l8'], 'cwd': '/home/eragon/student133_ws/build/test_client', 'env': OrderedDict([('GJS_DEBUG_TOPICS', 'JS ERROR;JS LOG'), ('LANGUAGE', 'ru'), ('LC_TIME', 'ru_RU.UTF-8'), ('USER', 'eragon'), ('XDG_SESSION_TYPE', 'wayland'), ('LD_LIBRARY_PATH', '/home/eragon/student133_ws/install/test_custom_srv/lib:/home/eragon/student133_ws/install/test_custom_msg/lib:/opt/ros/humble/opt/rviz_ogre_vendor/lib:/opt/ros/humble/lib/x86_64-linux-gnu:/opt/ros/humble/lib'), ('SHLVL', '1'), ('HOME', '/home/eragon'), ('DESKTOP_SESSION', 'ubuntu'), ('QTDIR', '/usr/lib/x86_64-linux-gnu/qt5'), ('GIO_LAUNCHED_DESKTOP_FILE', '/home/eragon/.local/share/applications/org.qt-project.qtcreator.desktop'), ('GNOME_SHELL_SESSION_MODE', 'ubuntu'), ('GTK_MODULES', 'gail:atk-bridge'), ('ROS_PYTHON_VERSION', '3'), ('LC_MONETARY', 'ru_RU.UTF-8'), ('MANAGERPID', '880'), ('DBUS_SESSION_BUS_ADDRESS', 'unix:path'), ('SYSTEMD_EXEC_PID', '1061'), ('GIO_LAUNCHED_DESKTOP_FILE_PID', '37771'), ('COLCON_PREFIX_PATH', '/home/eragon/student133_ws/install'), ('IM_CONFIG_PHASE', '1'), ('ROS_DISTRO', 'humble'), ('WAYLAND_DISPLAY', 'wayland-0'), ('LOGNAME', 'eragon'), ('JOURNAL_STREAM', '8:9842'), ('_', '/usr/bin/env'), ('ROS_VERSION', '2'), ('XDG_SESSION_CLASS', 'user'), ('QSG_RHI_BACKEND', 'opengl'), ('USERNAME', 'eragon'), ('GNOME_DESKTOP_SESSION_ID', 'this-is-deprecated'), ('ROS_LOCALHOST_ONLY', '0'), ('PATH', '/opt/ros/humble/bin:/home/eragon/.local/bin:/usr/local/sbin:/usr/local/bin:/usr/sbin:/usr/bin:/sbin:/bin:/usr/games:/usr/local/games:/snap/bin:/snap/bin'), ('INVOCATION_ID', '0420d8a0d2c745188c6147a8a5eb3a80'), ('PAPERSIZE', 'a4'), ('SESSION_MANAGER', 'local/eragon-KPL-W0X:@/tmp/.ICE-unix/1026,unix/eragon-KPL-W0X:/tmp/.ICE-unix/1026'), ('GNOME_SETUP_DISPLAY', ':1'), ('LC_ADDRESS', 'ru_RU.UTF-8'), ('XDG_MENU_PREFIX', 'gnome-'), ('XDG_RUNTIME_DIR', '/run/user/1000'), ('DISPLAY', ':0'), ('LANG', 'ru_RU.UTF-8'), ('LC_TELEPHONE', 'ru_RU.UTF-8'), ('XDG_CURRENT_DESKTOP', 'ubuntu:GNOME'), ('XAUTHORITY', '/run/user/1000/.mutter-Xwaylandauth.A0SSW2'), ('XDG_SESSION_DESKTOP', 'ubuntu'), ('XMODIFIERS', '@im'), ('AMENT_PREFIX_PATH', '/home/eragon/student133_ws/install/test_visualization:/home/eragon/student133_ws/install/test_subscriber:/home/eragon/student133_ws/install/test_serial_communication:/home/eragon/student133_ws/install/test_publisher:/home/eragon/student133_ws/install/test_pkg:/home/eragon/student133_ws/install/test_parameters:/home/eragon/student133_ws/install/test_custom_srv:/home/eragon/student133_ws/install/test_custom_publisher:/home/eragon/student133_ws/install/test_custom_msg:/home/eragon/student133_ws/install/test_client:/home/eragon/student133_ws/install/test_castom_publisher:/home/eragon/student133_ws/install/custom_counter:/opt/ros/humble'), ('SSH_AGENT_LAUNCHER', 'gnome-keyring'), ('SSH_AUTH_SOCK', '/run/user/1000/keyring/ssh'), ('LC_NAME', 'ru_RU.UTF-8'), ('SHELL', '/bin/bash'), ('GDMSESSION', 'ubuntu'), ('QT_ACCESSIBILITY', '1'), ('LC_MEASUREMENT', 'ru_RU.UTF-8'), ('GJS_DEBUG_OUTPUT', 'stderr'), ('LC_IDENTIFICATION', 'ru_RU.UTF-8'), ('QT_IM_MODULE', 'ibus'), ('LC_ALL', 'en_US.UTF-8'), ('PWD', '/home/eragon/student133_ws/build/test_client'), ('QT_QPA_PLATFORM', 'xcb'), ('XDG_CONFIG_DIRS', '/etc/xdg/xdg-ubuntu:/etc/xdg'), ('XDG_DATA_DIRS', '/usr/share/ubuntu:/usr/local/share/:/usr/share/:/var/lib/snapd/desktop'), ('LC_NUMERIC', 'ru_RU.UTF-8'), ('PYTHONPATH', '/home/eragon/student133_ws/install/test_custom_srv/local/lib/python3.10/dist-packages:/home/eragon/student133_ws/install/test_custom_msg/local/lib/python3.10/dist-packages:/opt/ros/humble/lib/python3.10/site-packages:/opt/ros/humble/local/lib/python3.10/dist-packages'), ('LC_PAPER', 'ru_RU.UTF-8'), ('COLCON', '1'), ('CMAKE_PREFIX_PATH', '/home/eragon/student133_ws/install/test_visualization:/home/eragon/student133_ws/install/test_subscriber:/home/eragon/student133_ws/install/test_service:/home/eragon/student133_ws/install/test_serial_communication:/home/eragon/student133_ws/install/test_publisher:/home/eragon/student133_ws/install/test_pkg:/home/eragon/student133_ws/install/test_parameters:/home/eragon/student133_ws/install/test_custom_srv:/home/eragon/student133_ws/install/test_custom_publisher:/home/eragon/student133_ws/install/test_custom_msg:/home/eragon/student133_ws/install/test_client:/home/eragon/student133_ws/install/test_castom_publisher:/home/eragon/student133_ws/install/custom_counter:/opt/ros/humble')]), 'shell': False}
[0.070433] (test_custom_msg) JobProgress: {'identifier': 'test_custom_msg', 'progress': 'cmake'}
[0.071173] (test_custom_msg) JobProgress: {'identifier': 'test_custom_msg', 'progress': 'build'}
[0.071234] (test_custom_msg) Command: {'cmd': ['/usr/bin/cmake', '--build', '/home/eragon/student133_ws/build/test_custom_msg', '--', '-j8', '-l8'], 'cwd': '/home/eragon/student133_ws/build/test_custom_msg', 'env': OrderedDict([('GJS_DEBUG_TOPICS', 'JS ERROR;JS LOG'), ('LANGUAGE', 'ru'), ('LC_TIME', 'ru_RU.UTF-8'), ('USER', 'eragon'), ('XDG_SESSION_TYPE', 'wayland'), ('LD_LIBRARY_PATH', '/home/eragon/student133_ws/install/test_custom_srv/lib:/home/eragon/student133_ws/install/test_custom_msg/lib:/opt/ros/humble/opt/rviz_ogre_vendor/lib:/opt/ros/humble/lib/x86_64-linux-gnu:/opt/ros/humble/lib'), ('SHLVL', '1'), ('HOME', '/home/eragon'), ('DESKTOP_SESSION', 'ubuntu'), ('QTDIR', '/usr/lib/x86_64-linux-gnu/qt5'), ('GIO_LAUNCHED_DESKTOP_FILE', '/home/eragon/.local/share/applications/org.qt-project.qtcreator.desktop'), ('GNOME_SHELL_SESSION_MODE', 'ubuntu'), ('GTK_MODULES', 'gail:atk-bridge'), ('ROS_PYTHON_VERSION', '3'), ('LC_MONETARY', 'ru_RU.UTF-8'), ('MANAGERPID', '880'), ('DBUS_SESSION_BUS_ADDRESS', 'unix:path'), ('SYSTEMD_EXEC_PID', '1061'), ('GIO_LAUNCHED_DESKTOP_FILE_PID', '37771'), ('COLCON_PREFIX_PATH', '/home/eragon/student133_ws/install'), ('IM_CONFIG_PHASE', '1'), ('ROS_DISTRO', 'humble'), ('WAYLAND_DISPLAY', 'wayland-0'), ('LOGNAME', 'eragon'), ('JOURNAL_STREAM', '8:9842'), ('_', '/usr/bin/env'), ('ROS_VERSION', '2'), ('XDG_SESSION_CLASS', 'user'), ('QSG_RHI_BACKEND', 'opengl'), ('USERNAME', 'eragon'), ('GNOME_DESKTOP_SESSION_ID', 'this-is-deprecated'), ('ROS_LOCALHOST_ONLY', '0'), ('PATH', '/opt/ros/humble/bin:/home/eragon/.local/bin:/usr/local/sbin:/usr/local/bin:/usr/sbin:/usr/bin:/sbin:/bin:/usr/games:/usr/local/games:/snap/bin:/snap/bin'), ('INVOCATION_ID', '0420d8a0d2c745188c6147a8a5eb3a80'), ('PAPERSIZE', 'a4'), ('SESSION_MANAGER', 'local/eragon-KPL-W0X:@/tmp/.ICE-unix/1026,unix/eragon-KPL-W0X:/tmp/.ICE-unix/1026'), ('GNOME_SETUP_DISPLAY', ':1'), ('LC_ADDRESS', 'ru_RU.UTF-8'), ('XDG_MENU_PREFIX', 'gnome-'), ('XDG_RUNTIME_DIR', '/run/user/1000'), ('DISPLAY', ':0'), ('LANG', 'ru_RU.UTF-8'), ('LC_TELEPHONE', 'ru_RU.UTF-8'), ('XDG_CURRENT_DESKTOP', 'ubuntu:GNOME'), ('XAUTHORITY', '/run/user/1000/.mutter-Xwaylandauth.A0SSW2'), ('XDG_SESSION_DESKTOP', 'ubuntu'), ('XMODIFIERS', '@im'), ('AMENT_PREFIX_PATH', '/home/eragon/student133_ws/install/test_visualization:/home/eragon/student133_ws/install/test_subscriber:/home/eragon/student133_ws/install/test_serial_communication:/home/eragon/student133_ws/install/test_publisher:/home/eragon/student133_ws/install/test_pkg:/home/eragon/student133_ws/install/test_parameters:/home/eragon/student133_ws/install/test_custom_srv:/home/eragon/student133_ws/install/test_custom_publisher:/home/eragon/student133_ws/install/test_custom_msg:/home/eragon/student133_ws/install/test_client:/home/eragon/student133_ws/install/test_castom_publisher:/home/eragon/student133_ws/install/custom_counter:/opt/ros/humble'), ('SSH_AGENT_LAUNCHER', 'gnome-keyring'), ('SSH_AUTH_SOCK', '/run/user/1000/keyring/ssh'), ('LC_NAME', 'ru_RU.UTF-8'), ('SHELL', '/bin/bash'), ('GDMSESSION', 'ubuntu'), ('QT_ACCESSIBILITY', '1'), ('LC_MEASUREMENT', 'ru_RU.UTF-8'), ('GJS_DEBUG_OUTPUT', 'stderr'), ('LC_IDENTIFICATION', 'ru_RU.UTF-8'), ('QT_IM_MODULE', 'ibus'), ('LC_ALL', 'en_US.UTF-8'), ('PWD', '/home/eragon/student133_ws/build/test_custom_msg'), ('QT_QPA_PLATFORM', 'xcb'), ('XDG_CONFIG_DIRS', '/etc/xdg/xdg-ubuntu:/etc/xdg'), ('XDG_DATA_DIRS', '/usr/share/ubuntu:/usr/local/share/:/usr/share/:/var/lib/snapd/desktop'), ('LC_NUMERIC', 'ru_RU.UTF-8'), ('PYTHONPATH', '/home/eragon/student133_ws/install/test_custom_srv/local/lib/python3.10/dist-packages:/home/eragon/student133_ws/install/test_custom_msg/local/lib/python3.10/dist-packages:/opt/ros/humble/lib/python3.10/site-packages:/opt/ros/humble/local/lib/python3.10/dist-packages'), ('LC_PAPER', 'ru_RU.UTF-8'), ('COLCON', '1'), ('CMAKE_PREFIX_PATH', '/home/eragon/student133_ws/install/test_visualization:/home/eragon/student133_ws/install/test_subscriber:/home/eragon/student133_ws/install/test_service:/home/eragon/student133_ws/install/test_serial_communication:/home/eragon/student133_ws/install/test_publisher:/home/eragon/student133_ws/install/test_pkg:/home/eragon/student133_ws/install/test_parameters:/home/eragon/student133_ws/install/test_custom_srv:/home/eragon/student133_ws/install/test_custom_publisher:/home/eragon/student133_ws/install/test_custom_msg:/home/eragon/student133_ws/install/test_client:/home/eragon/student133_ws/install/test_castom_publisher:/home/eragon/student133_ws/install/custom_counter:/opt/ros/humble')]), 'shell': False}
[0.075061] (test_custom_publisher) JobProgress: {'identifier': 'test_custom_publisher', 'progress': 'cmake'}
[0.075605] (test_custom_publisher) JobProgress: {'identifier': 'test_custom_publisher', 'progress': 'build'}
[0.076445] (test_custom_publisher) Command: {'cmd': ['/usr/bin/cmake', '--build', '/home/eragon/student133_ws/build/test_custom_publisher', '--', '-j8', '-l8'], 'cwd': '/home/eragon/student133_ws/build/test_custom_publisher', 'env': OrderedDict([('GJS_DEBUG_TOPICS', 'JS ERROR;JS LOG'), ('LANGUAGE', 'ru'), ('LC_TIME', 'ru_RU.UTF-8'), ('USER', 'eragon'), ('XDG_SESSION_TYPE', 'wayland'), ('LD_LIBRARY_PATH', '/home/eragon/student133_ws/install/test_custom_srv/lib:/home/eragon/student133_ws/install/test_custom_msg/lib:/opt/ros/humble/opt/rviz_ogre_vendor/lib:/opt/ros/humble/lib/x86_64-linux-gnu:/opt/ros/humble/lib'), ('SHLVL', '1'), ('HOME', '/home/eragon'), ('DESKTOP_SESSION', 'ubuntu'), ('QTDIR', '/usr/lib/x86_64-linux-gnu/qt5'), ('GIO_LAUNCHED_DESKTOP_FILE', '/home/eragon/.local/share/applications/org.qt-project.qtcreator.desktop'), ('GNOME_SHELL_SESSION_MODE', 'ubuntu'), ('GTK_MODULES', 'gail:atk-bridge'), ('ROS_PYTHON_VERSION', '3'), ('LC_MONETARY', 'ru_RU.UTF-8'), ('MANAGERPID', '880'), ('DBUS_SESSION_BUS_ADDRESS', 'unix:path'), ('SYSTEMD_EXEC_PID', '1061'), ('GIO_LAUNCHED_DESKTOP_FILE_PID', '37771'), ('COLCON_PREFIX_PATH', '/home/eragon/student133_ws/install'), ('IM_CONFIG_PHASE', '1'), ('ROS_DISTRO', 'humble'), ('WAYLAND_DISPLAY', 'wayland-0'), ('LOGNAME', 'eragon'), ('JOURNAL_STREAM', '8:9842'), ('_', '/usr/bin/env'), ('ROS_VERSION', '2'), ('XDG_SESSION_CLASS', 'user'), ('QSG_RHI_BACKEND', 'opengl'), ('USERNAME', 'eragon'), ('GNOME_DESKTOP_SESSION_ID', 'this-is-deprecated'), ('ROS_LOCALHOST_ONLY', '0'), ('PATH', '/opt/ros/humble/bin:/home/eragon/.local/bin:/usr/local/sbin:/usr/local/bin:/usr/sbin:/usr/bin:/sbin:/bin:/usr/games:/usr/local/games:/snap/bin:/snap/bin'), ('INVOCATION_ID', '0420d8a0d2c745188c6147a8a5eb3a80'), ('PAPERSIZE', 'a4'), ('SESSION_MANAGER', 'local/eragon-KPL-W0X:@/tmp/.ICE-unix/1026,unix/eragon-KPL-W0X:/tmp/.ICE-unix/1026'), ('GNOME_SETUP_DISPLAY', ':1'), ('LC_ADDRESS', 'ru_RU.UTF-8'), ('XDG_MENU_PREFIX', 'gnome-'), ('XDG_RUNTIME_DIR', '/run/user/1000'), ('DISPLAY', ':0'), ('LANG', 'ru_RU.UTF-8'), ('LC_TELEPHONE', 'ru_RU.UTF-8'), ('XDG_CURRENT_DESKTOP', 'ubuntu:GNOME'), ('XAUTHORITY', '/run/user/1000/.mutter-Xwaylandauth.A0SSW2'), ('XDG_SESSION_DESKTOP', 'ubuntu'), ('XMODIFIERS', '@im'), ('AMENT_PREFIX_PATH', '/home/eragon/student133_ws/install/test_visualization:/home/eragon/student133_ws/install/test_subscriber:/home/eragon/student133_ws/install/test_serial_communication:/home/eragon/student133_ws/install/test_publisher:/home/eragon/student133_ws/install/test_pkg:/home/eragon/student133_ws/install/test_parameters:/home/eragon/student133_ws/install/test_custom_srv:/home/eragon/student133_ws/install/test_custom_publisher:/home/eragon/student133_ws/install/test_custom_msg:/home/eragon/student133_ws/install/test_client:/home/eragon/student133_ws/install/test_castom_publisher:/home/eragon/student133_ws/install/custom_counter:/opt/ros/humble'), ('SSH_AGENT_LAUNCHER', 'gnome-keyring'), ('SSH_AUTH_SOCK', '/run/user/1000/keyring/ssh'), ('LC_NAME', 'ru_RU.UTF-8'), ('SHELL', '/bin/bash'), ('GDMSESSION', 'ubuntu'), ('QT_ACCESSIBILITY', '1'), ('LC_MEASUREMENT', 'ru_RU.UTF-8'), ('GJS_DEBUG_OUTPUT', 'stderr'), ('LC_IDENTIFICATION', 'ru_RU.UTF-8'), ('QT_IM_MODULE', 'ibus'), ('LC_ALL', 'en_US.UTF-8'), ('PWD', '/home/eragon/student133_ws/build/test_custom_publisher'), ('QT_QPA_PLATFORM', 'xcb'), ('XDG_CONFIG_DIRS', '/etc/xdg/xdg-ubuntu:/etc/xdg'), ('XDG_DATA_DIRS', '/usr/share/ubuntu:/usr/local/share/:/usr/share/:/var/lib/snapd/desktop'), ('LC_NUMERIC', 'ru_RU.UTF-8'), ('PYTHONPATH', '/home/eragon/student133_ws/install/test_custom_srv/local/lib/python3.10/dist-packages:/home/eragon/student133_ws/install/test_custom_msg/local/lib/python3.10/dist-packages:/opt/ros/humble/lib/python3.10/site-packages:/opt/ros/humble/local/lib/python3.10/dist-packages'), ('LC_PAPER', 'ru_RU.UTF-8'), ('COLCON', '1'), ('CMAKE_PREFIX_PATH', '/home/eragon/student133_ws/install/test_visualization:/home/eragon/student133_ws/install/test_subscriber:/home/eragon/student133_ws/install/test_service:/home/eragon/student133_ws/install/test_serial_communication:/home/eragon/student133_ws/install/test_publisher:/home/eragon/student133_ws/install/test_pkg:/home/eragon/student133_ws/install/test_parameters:/home/eragon/student133_ws/install/test_custom_srv:/home/eragon/student133_ws/install/test_custom_publisher:/home/eragon/student133_ws/install/test_custom_msg:/home/eragon/student133_ws/install/test_client:/home/eragon/student133_ws/install/test_castom_publisher:/home/eragon/student133_ws/install/custom_counter:/opt/ros/humble')]), 'shell': False}
[0.080278] (test_custom_srv) JobProgress: {'identifier': 'test_custom_srv', 'progress': 'cmake'}
[0.081314] (test_custom_srv) JobProgress: {'identifier': 'test_custom_srv', 'progress': 'build'}
[0.081438] (test_custom_srv) Command: {'cmd': ['/usr/bin/cmake', '--build', '/home/eragon/student133_ws/build/test_custom_srv', '--', '-j8', '-l8'], 'cwd': '/home/eragon/student133_ws/build/test_custom_srv', 'env': OrderedDict([('GJS_DEBUG_TOPICS', 'JS ERROR;JS LOG'), ('LANGUAGE', 'ru'), ('LC_TIME', 'ru_RU.UTF-8'), ('USER', 'eragon'), ('XDG_SESSION_TYPE', 'wayland'), ('LD_LIBRARY_PATH', '/home/eragon/student133_ws/install/test_custom_srv/lib:/home/eragon/student133_ws/install/test_custom_msg/lib:/opt/ros/humble/opt/rviz_ogre_vendor/lib:/opt/ros/humble/lib/x86_64-linux-gnu:/opt/ros/humble/lib'), ('SHLVL', '1'), ('HOME', '/home/eragon'), ('DESKTOP_SESSION', 'ubuntu'), ('QTDIR', '/usr/lib/x86_64-linux-gnu/qt5'), ('GIO_LAUNCHED_DESKTOP_FILE', '/home/eragon/.local/share/applications/org.qt-project.qtcreator.desktop'), ('GNOME_SHELL_SESSION_MODE', 'ubuntu'), ('GTK_MODULES', 'gail:atk-bridge'), ('ROS_PYTHON_VERSION', '3'), ('LC_MONETARY', 'ru_RU.UTF-8'), ('MANAGERPID', '880'), ('DBUS_SESSION_BUS_ADDRESS', 'unix:path'), ('SYSTEMD_EXEC_PID', '1061'), ('GIO_LAUNCHED_DESKTOP_FILE_PID', '37771'), ('COLCON_PREFIX_PATH', '/home/eragon/student133_ws/install'), ('IM_CONFIG_PHASE', '1'), ('ROS_DISTRO', 'humble'), ('WAYLAND_DISPLAY', 'wayland-0'), ('LOGNAME', 'eragon'), ('JOURNAL_STREAM', '8:9842'), ('_', '/usr/bin/env'), ('ROS_VERSION', '2'), ('XDG_SESSION_CLASS', 'user'), ('QSG_RHI_BACKEND', 'opengl'), ('USERNAME', 'eragon'), ('GNOME_DESKTOP_SESSION_ID', 'this-is-deprecated'), ('ROS_LOCALHOST_ONLY', '0'), ('PATH', '/opt/ros/humble/bin:/home/eragon/.local/bin:/usr/local/sbin:/usr/local/bin:/usr/sbin:/usr/bin:/sbin:/bin:/usr/games:/usr/local/games:/snap/bin:/snap/bin'), ('INVOCATION_ID', '0420d8a0d2c745188c6147a8a5eb3a80'), ('PAPERSIZE', 'a4'), ('SESSION_MANAGER', 'local/eragon-KPL-W0X:@/tmp/.ICE-unix/1026,unix/eragon-KPL-W0X:/tmp/.ICE-unix/1026'), ('GNOME_SETUP_DISPLAY', ':1'), ('LC_ADDRESS', 'ru_RU.UTF-8'), ('XDG_MENU_PREFIX', 'gnome-'), ('XDG_RUNTIME_DIR', '/run/user/1000'), ('DISPLAY', ':0'), ('LANG', 'ru_RU.UTF-8'), ('LC_TELEPHONE', 'ru_RU.UTF-8'), ('XDG_CURRENT_DESKTOP', 'ubuntu:GNOME'), ('XAUTHORITY', '/run/user/1000/.mutter-Xwaylandauth.A0SSW2'), ('XDG_SESSION_DESKTOP', 'ubuntu'), ('XMODIFIERS', '@im'), ('AMENT_PREFIX_PATH', '/home/eragon/student133_ws/install/test_visualization:/home/eragon/student133_ws/install/test_subscriber:/home/eragon/student133_ws/install/test_serial_communication:/home/eragon/student133_ws/install/test_publisher:/home/eragon/student133_ws/install/test_pkg:/home/eragon/student133_ws/install/test_parameters:/home/eragon/student133_ws/install/test_custom_srv:/home/eragon/student133_ws/install/test_custom_publisher:/home/eragon/student133_ws/install/test_custom_msg:/home/eragon/student133_ws/install/test_client:/home/eragon/student133_ws/install/test_castom_publisher:/home/eragon/student133_ws/install/custom_counter:/opt/ros/humble'), ('SSH_AGENT_LAUNCHER', 'gnome-keyring'), ('SSH_AUTH_SOCK', '/run/user/1000/keyring/ssh'), ('LC_NAME', 'ru_RU.UTF-8'), ('SHELL', '/bin/bash'), ('GDMSESSION', 'ubuntu'), ('QT_ACCESSIBILITY', '1'), ('LC_MEASUREMENT', 'ru_RU.UTF-8'), ('GJS_DEBUG_OUTPUT', 'stderr'), ('LC_IDENTIFICATION', 'ru_RU.UTF-8'), ('QT_IM_MODULE', 'ibus'), ('LC_ALL', 'en_US.UTF-8'), ('PWD', '/home/eragon/student133_ws/build/test_custom_srv'), ('QT_QPA_PLATFORM', 'xcb'), ('XDG_CONFIG_DIRS', '/etc/xdg/xdg-ubuntu:/etc/xdg'), ('XDG_DATA_DIRS', '/usr/share/ubuntu:/usr/local/share/:/usr/share/:/var/lib/snapd/desktop'), ('LC_NUMERIC', 'ru_RU.UTF-8'), ('PYTHONPATH', '/home/eragon/student133_ws/install/test_custom_srv/local/lib/python3.10/dist-packages:/home/eragon/student133_ws/install/test_custom_msg/local/lib/python3.10/dist-packages:/opt/ros/humble/lib/python3.10/site-packages:/opt/ros/humble/local/lib/python3.10/dist-packages'), ('LC_PAPER', 'ru_RU.UTF-8'), ('COLCON', '1'), ('CMAKE_PREFIX_PATH', '/home/eragon/student133_ws/install/test_visualization:/home/eragon/student133_ws/install/test_subscriber:/home/eragon/student133_ws/install/test_service:/home/eragon/student133_ws/install/test_serial_communication:/home/eragon/student133_ws/install/test_publisher:/home/eragon/student133_ws/install/test_pkg:/home/eragon/student133_ws/install/test_parameters:/home/eragon/student133_ws/install/test_custom_srv:/home/eragon/student133_ws/install/test_custom_publisher:/home/eragon/student133_ws/install/test_custom_msg:/home/eragon/student133_ws/install/test_client:/home/eragon/student133_ws/install/test_castom_publisher:/home/eragon/student133_ws/install/custom_counter:/opt/ros/humble')]), 'shell': False}
[0.086043] (test_parameters) JobProgress: {'identifier': 'test_parameters', 'progress': 'cmake'}
[0.087241] (test_parameters) JobProgress: {'identifier': 'test_parameters', 'progress': 'build'}
[0.087344] (test_parameters) Command: {'cmd': ['/usr/bin/cmake', '--build', '/home/eragon/student133_ws/build/test_parameters', '--', '-j8', '-l8'], 'cwd': '/home/eragon/student133_ws/build/test_parameters', 'env': OrderedDict([('GJS_DEBUG_TOPICS', 'JS ERROR;JS LOG'), ('LANGUAGE', 'ru'), ('LC_TIME', 'ru_RU.UTF-8'), ('USER', 'eragon'), ('XDG_SESSION_TYPE', 'wayland'), ('LD_LIBRARY_PATH', '/home/eragon/student133_ws/install/test_custom_srv/lib:/home/eragon/student133_ws/install/test_custom_msg/lib:/opt/ros/humble/opt/rviz_ogre_vendor/lib:/opt/ros/humble/lib/x86_64-linux-gnu:/opt/ros/humble/lib'), ('SHLVL', '1'), ('HOME', '/home/eragon'), ('DESKTOP_SESSION', 'ubuntu'), ('QTDIR', '/usr/lib/x86_64-linux-gnu/qt5'), ('GIO_LAUNCHED_DESKTOP_FILE', '/home/eragon/.local/share/applications/org.qt-project.qtcreator.desktop'), ('GNOME_SHELL_SESSION_MODE', 'ubuntu'), ('GTK_MODULES', 'gail:atk-bridge'), ('ROS_PYTHON_VERSION', '3'), ('LC_MONETARY', 'ru_RU.UTF-8'), ('MANAGERPID', '880'), ('DBUS_SESSION_BUS_ADDRESS', 'unix:path'), ('SYSTEMD_EXEC_PID', '1061'), ('GIO_LAUNCHED_DESKTOP_FILE_PID', '37771'), ('COLCON_PREFIX_PATH', '/home/eragon/student133_ws/install'), ('IM_CONFIG_PHASE', '1'), ('ROS_DISTRO', 'humble'), ('WAYLAND_DISPLAY', 'wayland-0'), ('LOGNAME', 'eragon'), ('JOURNAL_STREAM', '8:9842'), ('_', '/usr/bin/env'), ('ROS_VERSION', '2'), ('XDG_SESSION_CLASS', 'user'), ('QSG_RHI_BACKEND', 'opengl'), ('USERNAME', 'eragon'), ('GNOME_DESKTOP_SESSION_ID', 'this-is-deprecated'), ('ROS_LOCALHOST_ONLY', '0'), ('PATH', '/opt/ros/humble/bin:/home/eragon/.local/bin:/usr/local/sbin:/usr/local/bin:/usr/sbin:/usr/bin:/sbin:/bin:/usr/games:/usr/local/games:/snap/bin:/snap/bin'), ('INVOCATION_ID', '0420d8a0d2c745188c6147a8a5eb3a80'), ('PAPERSIZE', 'a4'), ('SESSION_MANAGER', 'local/eragon-KPL-W0X:@/tmp/.ICE-unix/1026,unix/eragon-KPL-W0X:/tmp/.ICE-unix/1026'), ('GNOME_SETUP_DISPLAY', ':1'), ('LC_ADDRESS', 'ru_RU.UTF-8'), ('XDG_MENU_PREFIX', 'gnome-'), ('XDG_RUNTIME_DIR', '/run/user/1000'), ('DISPLAY', ':0'), ('LANG', 'ru_RU.UTF-8'), ('LC_TELEPHONE', 'ru_RU.UTF-8'), ('XDG_CURRENT_DESKTOP', 'ubuntu:GNOME'), ('XAUTHORITY', '/run/user/1000/.mutter-Xwaylandauth.A0SSW2'), ('XDG_SESSION_DESKTOP', 'ubuntu'), ('XMODIFIERS', '@im'), ('AMENT_PREFIX_PATH', '/home/eragon/student133_ws/install/test_visualization:/home/eragon/student133_ws/install/test_subscriber:/home/eragon/student133_ws/install/test_serial_communication:/home/eragon/student133_ws/install/test_publisher:/home/eragon/student133_ws/install/test_pkg:/home/eragon/student133_ws/install/test_parameters:/home/eragon/student133_ws/install/test_custom_srv:/home/eragon/student133_ws/install/test_custom_publisher:/home/eragon/student133_ws/install/test_custom_msg:/home/eragon/student133_ws/install/test_client:/home/eragon/student133_ws/install/test_castom_publisher:/home/eragon/student133_ws/install/custom_counter:/opt/ros/humble'), ('SSH_AGENT_LAUNCHER', 'gnome-keyring'), ('SSH_AUTH_SOCK', '/run/user/1000/keyring/ssh'), ('LC_NAME', 'ru_RU.UTF-8'), ('SHELL', '/bin/bash'), ('GDMSESSION', 'ubuntu'), ('QT_ACCESSIBILITY', '1'), ('LC_MEASUREMENT', 'ru_RU.UTF-8'), ('GJS_DEBUG_OUTPUT', 'stderr'), ('LC_IDENTIFICATION', 'ru_RU.UTF-8'), ('QT_IM_MODULE', 'ibus'), ('LC_ALL', 'en_US.UTF-8'), ('PWD', '/home/eragon/student133_ws/build/test_parameters'), ('QT_QPA_PLATFORM', 'xcb'), ('XDG_CONFIG_DIRS', '/etc/xdg/xdg-ubuntu:/etc/xdg'), ('XDG_DATA_DIRS', '/usr/share/ubuntu:/usr/local/share/:/usr/share/:/var/lib/snapd/desktop'), ('LC_NUMERIC', 'ru_RU.UTF-8'), ('PYTHONPATH', '/home/eragon/student133_ws/install/test_custom_srv/local/lib/python3.10/dist-packages:/home/eragon/student133_ws/install/test_custom_msg/local/lib/python3.10/dist-packages:/opt/ros/humble/lib/python3.10/site-packages:/opt/ros/humble/local/lib/python3.10/dist-packages'), ('LC_PAPER', 'ru_RU.UTF-8'), ('COLCON', '1'), ('CMAKE_PREFIX_PATH', '/home/eragon/student133_ws/install/test_visualization:/home/eragon/student133_ws/install/test_subscriber:/home/eragon/student133_ws/install/test_service:/home/eragon/student133_ws/install/test_serial_communication:/home/eragon/student133_ws/install/test_publisher:/home/eragon/student133_ws/install/test_pkg:/home/eragon/student133_ws/install/test_parameters:/home/eragon/student133_ws/install/test_custom_srv:/home/eragon/student133_ws/install/test_custom_publisher:/home/eragon/student133_ws/install/test_custom_msg:/home/eragon/student133_ws/install/test_client:/home/eragon/student133_ws/install/test_castom_publisher:/home/eragon/student133_ws/install/custom_counter:/opt/ros/humble')]), 'shell': False}
[0.091515] (test_pkg) JobProgress: {'identifier': 'test_pkg', 'progress': 'cmake'}
[0.093152] (test_pkg) JobProgress: {'identifier': 'test_pkg', 'progress': 'build'}
[0.093347] (test_pkg) Command: {'cmd': ['/usr/bin/cmake', '--build', '/home/eragon/student133_ws/build/test_pkg', '--', '-j8', '-l8'], 'cwd': '/home/eragon/student133_ws/build/test_pkg', 'env': OrderedDict([('GJS_DEBUG_TOPICS', 'JS ERROR;JS LOG'), ('LANGUAGE', 'ru'), ('LC_TIME', 'ru_RU.UTF-8'), ('USER', 'eragon'), ('XDG_SESSION_TYPE', 'wayland'), ('LD_LIBRARY_PATH', '/home/eragon/student133_ws/install/test_custom_srv/lib:/home/eragon/student133_ws/install/test_custom_msg/lib:/opt/ros/humble/opt/rviz_ogre_vendor/lib:/opt/ros/humble/lib/x86_64-linux-gnu:/opt/ros/humble/lib'), ('SHLVL', '1'), ('HOME', '/home/eragon'), ('DESKTOP_SESSION', 'ubuntu'), ('QTDIR', '/usr/lib/x86_64-linux-gnu/qt5'), ('GIO_LAUNCHED_DESKTOP_FILE', '/home/eragon/.local/share/applications/org.qt-project.qtcreator.desktop'), ('GNOME_SHELL_SESSION_MODE', 'ubuntu'), ('GTK_MODULES', 'gail:atk-bridge'), ('ROS_PYTHON_VERSION', '3'), ('LC_MONETARY', 'ru_RU.UTF-8'), ('MANAGERPID', '880'), ('DBUS_SESSION_BUS_ADDRESS', 'unix:path'), ('SYSTEMD_EXEC_PID', '1061'), ('GIO_LAUNCHED_DESKTOP_FILE_PID', '37771'), ('COLCON_PREFIX_PATH', '/home/eragon/student133_ws/install'), ('IM_CONFIG_PHASE', '1'), ('ROS_DISTRO', 'humble'), ('WAYLAND_DISPLAY', 'wayland-0'), ('LOGNAME', 'eragon'), ('JOURNAL_STREAM', '8:9842'), ('_', '/usr/bin/env'), ('ROS_VERSION', '2'), ('XDG_SESSION_CLASS', 'user'), ('QSG_RHI_BACKEND', 'opengl'), ('USERNAME', 'eragon'), ('GNOME_DESKTOP_SESSION_ID', 'this-is-deprecated'), ('ROS_LOCALHOST_ONLY', '0'), ('PATH', '/opt/ros/humble/bin:/home/eragon/.local/bin:/usr/local/sbin:/usr/local/bin:/usr/sbin:/usr/bin:/sbin:/bin:/usr/games:/usr/local/games:/snap/bin:/snap/bin'), ('INVOCATION_ID', '0420d8a0d2c745188c6147a8a5eb3a80'), ('PAPERSIZE', 'a4'), ('SESSION_MANAGER', 'local/eragon-KPL-W0X:@/tmp/.ICE-unix/1026,unix/eragon-KPL-W0X:/tmp/.ICE-unix/1026'), ('GNOME_SETUP_DISPLAY', ':1'), ('LC_ADDRESS', 'ru_RU.UTF-8'), ('XDG_MENU_PREFIX', 'gnome-'), ('XDG_RUNTIME_DIR', '/run/user/1000'), ('DISPLAY', ':0'), ('LANG', 'ru_RU.UTF-8'), ('LC_TELEPHONE', 'ru_RU.UTF-8'), ('XDG_CURRENT_DESKTOP', 'ubuntu:GNOME'), ('XAUTHORITY', '/run/user/1000/.mutter-Xwaylandauth.A0SSW2'), ('XDG_SESSION_DESKTOP', 'ubuntu'), ('XMODIFIERS', '@im'), ('AMENT_PREFIX_PATH', '/home/eragon/student133_ws/install/test_visualization:/home/eragon/student133_ws/install/test_subscriber:/home/eragon/student133_ws/install/test_serial_communication:/home/eragon/student133_ws/install/test_publisher:/home/eragon/student133_ws/install/test_pkg:/home/eragon/student133_ws/install/test_parameters:/home/eragon/student133_ws/install/test_custom_srv:/home/eragon/student133_ws/install/test_custom_publisher:/home/eragon/student133_ws/install/test_custom_msg:/home/eragon/student133_ws/install/test_client:/home/eragon/student133_ws/install/test_castom_publisher:/home/eragon/student133_ws/install/custom_counter:/opt/ros/humble'), ('SSH_AGENT_LAUNCHER', 'gnome-keyring'), ('SSH_AUTH_SOCK', '/run/user/1000/keyring/ssh'), ('LC_NAME', 'ru_RU.UTF-8'), ('SHELL', '/bin/bash'), ('GDMSESSION', 'ubuntu'), ('QT_ACCESSIBILITY', '1'), ('LC_MEASUREMENT', 'ru_RU.UTF-8'), ('GJS_DEBUG_OUTPUT', 'stderr'), ('LC_IDENTIFICATION', 'ru_RU.UTF-8'), ('QT_IM_MODULE', 'ibus'), ('LC_ALL', 'en_US.UTF-8'), ('PWD', '/home/eragon/student133_ws/build/test_pkg'), ('QT_QPA_PLATFORM', 'xcb'), ('XDG_CONFIG_DIRS', '/etc/xdg/xdg-ubuntu:/etc/xdg'), ('XDG_DATA_DIRS', '/usr/share/ubuntu:/usr/local/share/:/usr/share/:/var/lib/snapd/desktop'), ('LC_NUMERIC', 'ru_RU.UTF-8'), ('PYTHONPATH', '/home/eragon/student133_ws/install/test_custom_srv/local/lib/python3.10/dist-packages:/home/eragon/student133_ws/install/test_custom_msg/local/lib/python3.10/dist-packages:/opt/ros/humble/lib/python3.10/site-packages:/opt/ros/humble/local/lib/python3.10/dist-packages'), ('LC_PAPER', 'ru_RU.UTF-8'), ('COLCON', '1'), ('CMAKE_PREFIX_PATH', '/home/eragon/student133_ws/install/test_visualization:/home/eragon/student133_ws/install/test_subscriber:/home/eragon/student133_ws/install/test_service:/home/eragon/student133_ws/install/test_serial_communication:/home/eragon/student133_ws/install/test_publisher:/home/eragon/student133_ws/install/test_pkg:/home/eragon/student133_ws/install/test_parameters:/home/eragon/student133_ws/install/test_custom_srv:/home/eragon/student133_ws/install/test_custom_publisher:/home/eragon/student133_ws/install/test_custom_msg:/home/eragon/student133_ws/install/test_client:/home/eragon/student133_ws/install/test_castom_publisher:/home/eragon/student133_ws/install/custom_counter:/opt/ros/humble')]), 'shell': False}
[0.100335] (test_publisher) JobProgress: {'identifier': 'test_publisher', 'progress': 'cmake'}
[0.100445] (-) TimerEvent: {}
[0.101912] (test_publisher) JobProgress: {'identifier': 'test_publisher', 'progress': 'build'}
[0.102010] (test_publisher) Command: {'cmd': ['/usr/bin/cmake', '--build', '/home/eragon/student133_ws/build/test_publisher', '--', '-j8', '-l8'], 'cwd': '/home/eragon/student133_ws/build/test_publisher', 'env': OrderedDict([('GJS_DEBUG_TOPICS', 'JS ERROR;JS LOG'), ('LANGUAGE', 'ru'), ('LC_TIME', 'ru_RU.UTF-8'), ('USER', 'eragon'), ('XDG_SESSION_TYPE', 'wayland'), ('LD_LIBRARY_PATH', '/home/eragon/student133_ws/install/test_custom_srv/lib:/home/eragon/student133_ws/install/test_custom_msg/lib:/opt/ros/humble/opt/rviz_ogre_vendor/lib:/opt/ros/humble/lib/x86_64-linux-gnu:/opt/ros/humble/lib'), ('SHLVL', '1'), ('HOME', '/home/eragon'), ('DESKTOP_SESSION', 'ubuntu'), ('QTDIR', '/usr/lib/x86_64-linux-gnu/qt5'), ('GIO_LAUNCHED_DESKTOP_FILE', '/home/eragon/.local/share/applications/org.qt-project.qtcreator.desktop'), ('GNOME_SHELL_SESSION_MODE', 'ubuntu'), ('GTK_MODULES', 'gail:atk-bridge'), ('ROS_PYTHON_VERSION', '3'), ('LC_MONETARY', 'ru_RU.UTF-8'), ('MANAGERPID', '880'), ('DBUS_SESSION_BUS_ADDRESS', 'unix:path'), ('SYSTEMD_EXEC_PID', '1061'), ('GIO_LAUNCHED_DESKTOP_FILE_PID', '37771'), ('COLCON_PREFIX_PATH', '/home/eragon/student133_ws/install'), ('IM_CONFIG_PHASE', '1'), ('ROS_DISTRO', 'humble'), ('WAYLAND_DISPLAY', 'wayland-0'), ('LOGNAME', 'eragon'), ('JOURNAL_STREAM', '8:9842'), ('_', '/usr/bin/env'), ('ROS_VERSION', '2'), ('XDG_SESSION_CLASS', 'user'), ('QSG_RHI_BACKEND', 'opengl'), ('USERNAME', 'eragon'), ('GNOME_DESKTOP_SESSION_ID', 'this-is-deprecated'), ('ROS_LOCALHOST_ONLY', '0'), ('PATH', '/opt/ros/humble/bin:/home/eragon/.local/bin:/usr/local/sbin:/usr/local/bin:/usr/sbin:/usr/bin:/sbin:/bin:/usr/games:/usr/local/games:/snap/bin:/snap/bin'), ('INVOCATION_ID', '0420d8a0d2c745188c6147a8a5eb3a80'), ('PAPERSIZE', 'a4'), ('SESSION_MANAGER', 'local/eragon-KPL-W0X:@/tmp/.ICE-unix/1026,unix/eragon-KPL-W0X:/tmp/.ICE-unix/1026'), ('GNOME_SETUP_DISPLAY', ':1'), ('LC_ADDRESS', 'ru_RU.UTF-8'), ('XDG_MENU_PREFIX', 'gnome-'), ('XDG_RUNTIME_DIR', '/run/user/1000'), ('DISPLAY', ':0'), ('LANG', 'ru_RU.UTF-8'), ('LC_TELEPHONE', 'ru_RU.UTF-8'), ('XDG_CURRENT_DESKTOP', 'ubuntu:GNOME'), ('XAUTHORITY', '/run/user/1000/.mutter-Xwaylandauth.A0SSW2'), ('XDG_SESSION_DESKTOP', 'ubuntu'), ('XMODIFIERS', '@im'), ('AMENT_PREFIX_PATH', '/home/eragon/student133_ws/install/test_visualization:/home/eragon/student133_ws/install/test_subscriber:/home/eragon/student133_ws/install/test_serial_communication:/home/eragon/student133_ws/install/test_publisher:/home/eragon/student133_ws/install/test_pkg:/home/eragon/student133_ws/install/test_parameters:/home/eragon/student133_ws/install/test_custom_srv:/home/eragon/student133_ws/install/test_custom_publisher:/home/eragon/student133_ws/install/test_custom_msg:/home/eragon/student133_ws/install/test_client:/home/eragon/student133_ws/install/test_castom_publisher:/home/eragon/student133_ws/install/custom_counter:/opt/ros/humble'), ('SSH_AGENT_LAUNCHER', 'gnome-keyring'), ('SSH_AUTH_SOCK', '/run/user/1000/keyring/ssh'), ('LC_NAME', 'ru_RU.UTF-8'), ('SHELL', '/bin/bash'), ('GDMSESSION', 'ubuntu'), ('QT_ACCESSIBILITY', '1'), ('LC_MEASUREMENT', 'ru_RU.UTF-8'), ('GJS_DEBUG_OUTPUT', 'stderr'), ('LC_IDENTIFICATION', 'ru_RU.UTF-8'), ('QT_IM_MODULE', 'ibus'), ('LC_ALL', 'en_US.UTF-8'), ('PWD', '/home/eragon/student133_ws/build/test_publisher'), ('QT_QPA_PLATFORM', 'xcb'), ('XDG_CONFIG_DIRS', '/etc/xdg/xdg-ubuntu:/etc/xdg'), ('XDG_DATA_DIRS', '/usr/share/ubuntu:/usr/local/share/:/usr/share/:/var/lib/snapd/desktop'), ('LC_NUMERIC', 'ru_RU.UTF-8'), ('PYTHONPATH', '/home/eragon/student133_ws/install/test_custom_srv/local/lib/python3.10/dist-packages:/home/eragon/student133_ws/install/test_custom_msg/local/lib/python3.10/dist-packages:/opt/ros/humble/lib/python3.10/site-packages:/opt/ros/humble/local/lib/python3.10/dist-packages'), ('LC_PAPER', 'ru_RU.UTF-8'), ('COLCON', '1'), ('CMAKE_PREFIX_PATH', '/home/eragon/student133_ws/install/test_visualization:/home/eragon/student133_ws/install/test_subscriber:/home/eragon/student133_ws/install/test_service:/home/eragon/student133_ws/install/test_serial_communication:/home/eragon/student133_ws/install/test_publisher:/home/eragon/student133_ws/install/test_pkg:/home/eragon/student133_ws/install/test_parameters:/home/eragon/student133_ws/install/test_custom_srv:/home/eragon/student133_ws/install/test_custom_publisher:/home/eragon/student133_ws/install/test_custom_msg:/home/eragon/student133_ws/install/test_client:/home/eragon/student133_ws/install/test_castom_publisher:/home/eragon/student133_ws/install/custom_counter:/opt/ros/humble')]), 'shell': False}
[0.202273] (-) TimerEvent: {}
[0.208583] (custom_counter) StdoutLine: {'line': b'[100%] Built target custom_counter_node\n'}
[0.217199] (test_custom_msg) StdoutLine: {'line': b'[ 10%] Built target test_custom_msg__rosidl_generator_c\n'}
[0.224503] (test_custom_msg) StdoutLine: {'line': b'[ 12%] Built target test_custom_msg__cpp\n'}
[0.244279] (test_client) StdoutLine: {'line': b'[ 50%] Built target test_client_node\n'}
[0.245471] (test_custom_srv) StdoutLine: {'line': b'[  2%] Built target test_custom_srv__cpp\n'}
[0.249848] (test_parameters) StdoutLine: {'line': b'[100%] Built target test_parameters_node\n'}
[0.257754] (test_custom_publisher) StdoutLine: {'line': b'[ 50%] Built target test_custom_publisher_node\n'}
[0.260663] (test_client) StdoutLine: {'line': b'[100%] Built target client_triangle\n'}
[0.261150] (test_custom_srv) StdoutLine: {'line': b'[ 12%] Built target test_custom_srv__rosidl_generator_c\n'}
[0.275509] (custom_counter) CommandEnded: {'returncode': 0}
[0.283737] (test_custom_publisher) StdoutLine: {'line': b'[100%] Built target Triangle_node\n'}
[0.284052] (test_pkg) StdoutLine: {'line': b'[100%] Built target test_pkg_node\n'}
[0.289678] (test_custom_msg) StdoutLine: {'line': b'[ 12%] Built target ament_cmake_python_copy_test_custom_msg\n'}
[0.302410] (-) TimerEvent: {}
[0.309853] (test_custom_srv) StdoutLine: {'line': b'[ 12%] Built target ament_cmake_python_copy_test_custom_srv\n'}
[0.320335] (test_publisher) StdoutLine: {'line': b'[100%] Built target test_publisher_node\n'}
[0.320692] (test_parameters) CommandEnded: {'returncode': 0}
[0.341939] (test_client) CommandEnded: {'returncode': 0}
[0.346122] (test_custom_msg) StdoutLine: {'line': b'[ 33%] Built target test_custom_msg__rosidl_typesupport_c\n'}
[0.346424] (test_custom_msg) StdoutLine: {'line': b'[ 23%] Built target test_custom_msg__rosidl_typesupport_fastrtps_c\n'}
[0.350477] (test_custom_msg) StdoutLine: {'line': b'[ 43%] Built target test_custom_msg__rosidl_typesupport_introspection_c\n'}
[0.354314] (test_custom_srv) StdoutLine: {'line': b'[ 23%] Built target test_custom_srv__rosidl_typesupport_fastrtps_cpp\n'}
[0.366655] (test_custom_msg) StdoutLine: {'line': b'[ 53%] Built target test_custom_msg__rosidl_typesupport_introspection_cpp\n'}
[0.367236] (test_custom_srv) StdoutLine: {'line': b'[ 33%] Built target test_custom_srv__rosidl_typesupport_c\n'}
[0.367452] (test_pkg) CommandEnded: {'returncode': 0}
[0.375660] (test_custom_srv) StdoutLine: {'line': b'[ 43%] Built target test_custom_srv__rosidl_typesupport_cpp\n'}
[0.377469] (test_custom_srv) StdoutLine: {'line': b'[ 53%] Built target test_custom_srv__rosidl_typesupport_introspection_cpp\n'}
[0.377686] (test_custom_publisher) CommandEnded: {'returncode': 0}
[0.384295] (custom_counter) JobProgress: {'identifier': 'custom_counter', 'progress': 'install'}
[0.402527] (-) TimerEvent: {}
[0.406798] (custom_counter) Command: {'cmd': ['/usr/bin/cmake', '--install', '/home/eragon/student133_ws/build/custom_counter'], 'cwd': '/home/eragon/student133_ws/build/custom_counter', 'env': OrderedDict([('GJS_DEBUG_TOPICS', 'JS ERROR;JS LOG'), ('LANGUAGE', 'ru'), ('LC_TIME', 'ru_RU.UTF-8'), ('USER', 'eragon'), ('XDG_SESSION_TYPE', 'wayland'), ('LD_LIBRARY_PATH', '/home/eragon/student133_ws/install/test_custom_srv/lib:/home/eragon/student133_ws/install/test_custom_msg/lib:/opt/ros/humble/opt/rviz_ogre_vendor/lib:/opt/ros/humble/lib/x86_64-linux-gnu:/opt/ros/humble/lib'), ('SHLVL', '1'), ('HOME', '/home/eragon'), ('DESKTOP_SESSION', 'ubuntu'), ('QTDIR', '/usr/lib/x86_64-linux-gnu/qt5'), ('GIO_LAUNCHED_DESKTOP_FILE', '/home/eragon/.local/share/applications/org.qt-project.qtcreator.desktop'), ('GNOME_SHELL_SESSION_MODE', 'ubuntu'), ('GTK_MODULES', 'gail:atk-bridge'), ('ROS_PYTHON_VERSION', '3'), ('LC_MONETARY', 'ru_RU.UTF-8'), ('MANAGERPID', '880'), ('DBUS_SESSION_BUS_ADDRESS', 'unix:path'), ('SYSTEMD_EXEC_PID', '1061'), ('GIO_LAUNCHED_DESKTOP_FILE_PID', '37771'), ('COLCON_PREFIX_PATH', '/home/eragon/student133_ws/install'), ('IM_CONFIG_PHASE', '1'), ('ROS_DISTRO', 'humble'), ('WAYLAND_DISPLAY', 'wayland-0'), ('LOGNAME', 'eragon'), ('JOURNAL_STREAM', '8:9842'), ('_', '/usr/bin/env'), ('ROS_VERSION', '2'), ('XDG_SESSION_CLASS', 'user'), ('QSG_RHI_BACKEND', 'opengl'), ('USERNAME', 'eragon'), ('GNOME_DESKTOP_SESSION_ID', 'this-is-deprecated'), ('ROS_LOCALHOST_ONLY', '0'), ('PATH', '/opt/ros/humble/bin:/home/eragon/.local/bin:/usr/local/sbin:/usr/local/bin:/usr/sbin:/usr/bin:/sbin:/bin:/usr/games:/usr/local/games:/snap/bin:/snap/bin'), ('INVOCATION_ID', '0420d8a0d2c745188c6147a8a5eb3a80'), ('PAPERSIZE', 'a4'), ('SESSION_MANAGER', 'local/eragon-KPL-W0X:@/tmp/.ICE-unix/1026,unix/eragon-KPL-W0X:/tmp/.ICE-unix/1026'), ('GNOME_SETUP_DISPLAY', ':1'), ('LC_ADDRESS', 'ru_RU.UTF-8'), ('XDG_MENU_PREFIX', 'gnome-'), ('XDG_RUNTIME_DIR', '/run/user/1000'), ('DISPLAY', ':0'), ('LANG', 'ru_RU.UTF-8'), ('LC_TELEPHONE', 'ru_RU.UTF-8'), ('XDG_CURRENT_DESKTOP', 'ubuntu:GNOME'), ('XAUTHORITY', '/run/user/1000/.mutter-Xwaylandauth.A0SSW2'), ('XDG_SESSION_DESKTOP', 'ubuntu'), ('XMODIFIERS', '@im'), ('AMENT_PREFIX_PATH', '/home/eragon/student133_ws/install/test_visualization:/home/eragon/student133_ws/install/test_subscriber:/home/eragon/student133_ws/install/test_serial_communication:/home/eragon/student133_ws/install/test_publisher:/home/eragon/student133_ws/install/test_pkg:/home/eragon/student133_ws/install/test_parameters:/home/eragon/student133_ws/install/test_custom_srv:/home/eragon/student133_ws/install/test_custom_publisher:/home/eragon/student133_ws/install/test_custom_msg:/home/eragon/student133_ws/install/test_client:/home/eragon/student133_ws/install/test_castom_publisher:/home/eragon/student133_ws/install/custom_counter:/opt/ros/humble'), ('SSH_AGENT_LAUNCHER', 'gnome-keyring'), ('SSH_AUTH_SOCK', '/run/user/1000/keyring/ssh'), ('LC_NAME', 'ru_RU.UTF-8'), ('SHELL', '/bin/bash'), ('GDMSESSION', 'ubuntu'), ('QT_ACCESSIBILITY', '1'), ('LC_MEASUREMENT', 'ru_RU.UTF-8'), ('GJS_DEBUG_OUTPUT', 'stderr'), ('LC_IDENTIFICATION', 'ru_RU.UTF-8'), ('QT_IM_MODULE', 'ibus'), ('LC_ALL', 'en_US.UTF-8'), ('PWD', '/home/eragon/student133_ws/build/custom_counter'), ('QT_QPA_PLATFORM', 'xcb'), ('XDG_CONFIG_DIRS', '/etc/xdg/xdg-ubuntu:/etc/xdg'), ('XDG_DATA_DIRS', '/usr/share/ubuntu:/usr/local/share/:/usr/share/:/var/lib/snapd/desktop'), ('LC_NUMERIC', 'ru_RU.UTF-8'), ('PYTHONPATH', '/home/eragon/student133_ws/install/test_custom_srv/local/lib/python3.10/dist-packages:/home/eragon/student133_ws/install/test_custom_msg/local/lib/python3.10/dist-packages:/opt/ros/humble/lib/python3.10/site-packages:/opt/ros/humble/local/lib/python3.10/dist-packages'), ('LC_PAPER', 'ru_RU.UTF-8'), ('COLCON', '1'), ('CMAKE_PREFIX_PATH', '/home/eragon/student133_ws/install/test_visualization:/home/eragon/student133_ws/install/test_subscriber:/home/eragon/student133_ws/install/test_service:/home/eragon/student133_ws/install/test_serial_communication:/home/eragon/student133_ws/install/test_publisher:/home/eragon/student133_ws/install/test_pkg:/home/eragon/student133_ws/install/test_parameters:/home/eragon/student133_ws/install/test_custom_srv:/home/eragon/student133_ws/install/test_custom_publisher:/home/eragon/student133_ws/install/test_custom_msg:/home/eragon/student133_ws/install/test_client:/home/eragon/student133_ws/install/test_castom_publisher:/home/eragon/student133_ws/install/custom_counter:/opt/ros/humble')]), 'shell': False}
[0.411129] (test_publisher) CommandEnded: {'returncode': 0}
[0.419403] (test_custom_srv) StdoutLine: {'line': b'[ 64%] Built target test_custom_srv__rosidl_typesupport_fastrtps_c\n'}
[0.419719] (test_custom_srv) StdoutLine: {'line': b'[ 74%] Built target test_custom_srv__rosidl_typesupport_introspection_c\n'}
[0.419882] (test_custom_msg) StdoutLine: {'line': b'[ 64%] Built target test_custom_msg__rosidl_typesupport_cpp\n'}
[0.420056] (test_custom_msg) StdoutLine: {'line': b'[ 74%] Built target test_custom_msg__rosidl_typesupport_fastrtps_cpp\n'}
[0.435828] (custom_counter) StdoutLine: {'line': b'-- Install configuration: "Debug"\n'}
[0.436136] (custom_counter) StdoutLine: {'line': b'-- Up-to-date: /home/eragon/student133_ws/install/custom_counter/lib/custom_counter/custom_counter_node\n'}
[0.436838] (custom_counter) StdoutLine: {'line': b'-- Up-to-date: /home/eragon/student133_ws/install/custom_counter/share/ament_index/resource_index/package_run_dependencies/custom_counter\n'}
[0.437043] (custom_counter) StdoutLine: {'line': b'-- Up-to-date: /home/eragon/student133_ws/install/custom_counter/share/ament_index/resource_index/parent_prefix_path/custom_counter\n'}
[0.437232] (custom_counter) StdoutLine: {'line': b'-- Up-to-date: /home/eragon/student133_ws/install/custom_counter/share/custom_counter/environment/ament_prefix_path.sh\n'}
[0.437401] (custom_counter) StdoutLine: {'line': b'-- Up-to-date: /home/eragon/student133_ws/install/custom_counter/share/custom_counter/environment/ament_prefix_path.dsv\n'}
[0.437845] (custom_counter) StdoutLine: {'line': b'-- Up-to-date: /home/eragon/student133_ws/install/custom_counter/share/custom_counter/environment/path.sh\n'}
[0.438052] (custom_counter) StdoutLine: {'line': b'-- Up-to-date: /home/eragon/student133_ws/install/custom_counter/share/custom_counter/environment/path.dsv\n'}
[0.438238] (custom_counter) StdoutLine: {'line': b'-- Up-to-date: /home/eragon/student133_ws/install/custom_counter/share/custom_counter/local_setup.bash\n'}
[0.438405] (custom_counter) StdoutLine: {'line': b'-- Up-to-date: /home/eragon/student133_ws/install/custom_counter/share/custom_counter/local_setup.sh\n'}
[0.438561] (custom_counter) StdoutLine: {'line': b'-- Up-to-date: /home/eragon/student133_ws/install/custom_counter/share/custom_counter/local_setup.zsh\n'}
[0.438708] (custom_counter) StdoutLine: {'line': b'-- Up-to-date: /home/eragon/student133_ws/install/custom_counter/share/custom_counter/local_setup.dsv\n'}
[0.439099] (custom_counter) StdoutLine: {'line': b'-- Installing: /home/eragon/student133_ws/install/custom_counter/share/custom_counter/package.dsv\n'}
[0.439343] (custom_counter) StdoutLine: {'line': b'-- Up-to-date: /home/eragon/student133_ws/install/custom_counter/share/ament_index/resource_index/packages/custom_counter\n'}
[0.439492] (custom_counter) StdoutLine: {'line': b'-- Up-to-date: /home/eragon/student133_ws/install/custom_counter/share/custom_counter/cmake/custom_counterConfig.cmake\n'}
[0.441382] (custom_counter) StdoutLine: {'line': b'-- Up-to-date: /home/eragon/student133_ws/install/custom_counter/share/custom_counter/cmake/custom_counterConfig-version.cmake\n'}
[0.441593] (custom_counter) StdoutLine: {'line': b'-- Up-to-date: /home/eragon/student133_ws/install/custom_counter/share/custom_counter/package.xml\n'}
[0.441729] (custom_counter) CommandEnded: {'returncode': 0}
[0.471442] (test_custom_srv) StdoutLine: {'line': b'[ 74%] Built target test_custom_srv\n'}
[0.474363] (test_parameters) JobProgress: {'identifier': 'test_parameters', 'progress': 'install'}
[0.474425] (test_parameters) Command: {'cmd': ['/usr/bin/cmake', '--install', '/home/eragon/student133_ws/build/test_parameters'], 'cwd': '/home/eragon/student133_ws/build/test_parameters', 'env': OrderedDict([('GJS_DEBUG_TOPICS', 'JS ERROR;JS LOG'), ('LANGUAGE', 'ru'), ('LC_TIME', 'ru_RU.UTF-8'), ('USER', 'eragon'), ('XDG_SESSION_TYPE', 'wayland'), ('LD_LIBRARY_PATH', '/home/eragon/student133_ws/install/test_custom_srv/lib:/home/eragon/student133_ws/install/test_custom_msg/lib:/opt/ros/humble/opt/rviz_ogre_vendor/lib:/opt/ros/humble/lib/x86_64-linux-gnu:/opt/ros/humble/lib'), ('SHLVL', '1'), ('HOME', '/home/eragon'), ('DESKTOP_SESSION', 'ubuntu'), ('QTDIR', '/usr/lib/x86_64-linux-gnu/qt5'), ('GIO_LAUNCHED_DESKTOP_FILE', '/home/eragon/.local/share/applications/org.qt-project.qtcreator.desktop'), ('GNOME_SHELL_SESSION_MODE', 'ubuntu'), ('GTK_MODULES', 'gail:atk-bridge'), ('ROS_PYTHON_VERSION', '3'), ('LC_MONETARY', 'ru_RU.UTF-8'), ('MANAGERPID', '880'), ('DBUS_SESSION_BUS_ADDRESS', 'unix:path'), ('SYSTEMD_EXEC_PID', '1061'), ('GIO_LAUNCHED_DESKTOP_FILE_PID', '37771'), ('COLCON_PREFIX_PATH', '/home/eragon/student133_ws/install'), ('IM_CONFIG_PHASE', '1'), ('ROS_DISTRO', 'humble'), ('WAYLAND_DISPLAY', 'wayland-0'), ('LOGNAME', 'eragon'), ('JOURNAL_STREAM', '8:9842'), ('_', '/usr/bin/env'), ('ROS_VERSION', '2'), ('XDG_SESSION_CLASS', 'user'), ('QSG_RHI_BACKEND', 'opengl'), ('USERNAME', 'eragon'), ('GNOME_DESKTOP_SESSION_ID', 'this-is-deprecated'), ('ROS_LOCALHOST_ONLY', '0'), ('PATH', '/opt/ros/humble/bin:/home/eragon/.local/bin:/usr/local/sbin:/usr/local/bin:/usr/sbin:/usr/bin:/sbin:/bin:/usr/games:/usr/local/games:/snap/bin:/snap/bin'), ('INVOCATION_ID', '0420d8a0d2c745188c6147a8a5eb3a80'), ('PAPERSIZE', 'a4'), ('SESSION_MANAGER', 'local/eragon-KPL-W0X:@/tmp/.ICE-unix/1026,unix/eragon-KPL-W0X:/tmp/.ICE-unix/1026'), ('GNOME_SETUP_DISPLAY', ':1'), ('LC_ADDRESS', 'ru_RU.UTF-8'), ('XDG_MENU_PREFIX', 'gnome-'), ('XDG_RUNTIME_DIR', '/run/user/1000'), ('DISPLAY', ':0'), ('LANG', 'ru_RU.UTF-8'), ('LC_TELEPHONE', 'ru_RU.UTF-8'), ('XDG_CURRENT_DESKTOP', 'ubuntu:GNOME'), ('XAUTHORITY', '/run/user/1000/.mutter-Xwaylandauth.A0SSW2'), ('XDG_SESSION_DESKTOP', 'ubuntu'), ('XMODIFIERS', '@im'), ('AMENT_PREFIX_PATH', '/home/eragon/student133_ws/install/test_visualization:/home/eragon/student133_ws/install/test_subscriber:/home/eragon/student133_ws/install/test_serial_communication:/home/eragon/student133_ws/install/test_publisher:/home/eragon/student133_ws/install/test_pkg:/home/eragon/student133_ws/install/test_parameters:/home/eragon/student133_ws/install/test_custom_srv:/home/eragon/student133_ws/install/test_custom_publisher:/home/eragon/student133_ws/install/test_custom_msg:/home/eragon/student133_ws/install/test_client:/home/eragon/student133_ws/install/test_castom_publisher:/home/eragon/student133_ws/install/custom_counter:/opt/ros/humble'), ('SSH_AGENT_LAUNCHER', 'gnome-keyring'), ('SSH_AUTH_SOCK', '/run/user/1000/keyring/ssh'), ('LC_NAME', 'ru_RU.UTF-8'), ('SHELL', '/bin/bash'), ('GDMSESSION', 'ubuntu'), ('QT_ACCESSIBILITY', '1'), ('LC_MEASUREMENT', 'ru_RU.UTF-8'), ('GJS_DEBUG_OUTPUT', 'stderr'), ('LC_IDENTIFICATION', 'ru_RU.UTF-8'), ('QT_IM_MODULE', 'ibus'), ('LC_ALL', 'en_US.UTF-8'), ('PWD', '/home/eragon/student133_ws/build/test_parameters'), ('QT_QPA_PLATFORM', 'xcb'), ('XDG_CONFIG_DIRS', '/etc/xdg/xdg-ubuntu:/etc/xdg'), ('XDG_DATA_DIRS', '/usr/share/ubuntu:/usr/local/share/:/usr/share/:/var/lib/snapd/desktop'), ('LC_NUMERIC', 'ru_RU.UTF-8'), ('PYTHONPATH', '/home/eragon/student133_ws/install/test_custom_srv/local/lib/python3.10/dist-packages:/home/eragon/student133_ws/install/test_custom_msg/local/lib/python3.10/dist-packages:/opt/ros/humble/lib/python3.10/site-packages:/opt/ros/humble/local/lib/python3.10/dist-packages'), ('LC_PAPER', 'ru_RU.UTF-8'), ('COLCON', '1'), ('CMAKE_PREFIX_PATH', '/home/eragon/student133_ws/install/test_visualization:/home/eragon/student133_ws/install/test_subscriber:/home/eragon/student133_ws/install/test_service:/home/eragon/student133_ws/install/test_serial_communication:/home/eragon/student133_ws/install/test_publisher:/home/eragon/student133_ws/install/test_pkg:/home/eragon/student133_ws/install/test_parameters:/home/eragon/student133_ws/install/test_custom_srv:/home/eragon/student133_ws/install/test_custom_publisher:/home/eragon/student133_ws/install/test_custom_msg:/home/eragon/student133_ws/install/test_client:/home/eragon/student133_ws/install/test_castom_publisher:/home/eragon/student133_ws/install/custom_counter:/opt/ros/humble')]), 'shell': False}
[0.480598] (test_custom_publisher) JobProgress: {'identifier': 'test_custom_publisher', 'progress': 'install'}
[0.480716] (test_custom_publisher) Command: {'cmd': ['/usr/bin/cmake', '--install', '/home/eragon/student133_ws/build/test_custom_publisher'], 'cwd': '/home/eragon/student133_ws/build/test_custom_publisher', 'env': OrderedDict([('GJS_DEBUG_TOPICS', 'JS ERROR;JS LOG'), ('LANGUAGE', 'ru'), ('LC_TIME', 'ru_RU.UTF-8'), ('USER', 'eragon'), ('XDG_SESSION_TYPE', 'wayland'), ('LD_LIBRARY_PATH', '/home/eragon/student133_ws/install/test_custom_srv/lib:/home/eragon/student133_ws/install/test_custom_msg/lib:/opt/ros/humble/opt/rviz_ogre_vendor/lib:/opt/ros/humble/lib/x86_64-linux-gnu:/opt/ros/humble/lib'), ('SHLVL', '1'), ('HOME', '/home/eragon'), ('DESKTOP_SESSION', 'ubuntu'), ('QTDIR', '/usr/lib/x86_64-linux-gnu/qt5'), ('GIO_LAUNCHED_DESKTOP_FILE', '/home/eragon/.local/share/applications/org.qt-project.qtcreator.desktop'), ('GNOME_SHELL_SESSION_MODE', 'ubuntu'), ('GTK_MODULES', 'gail:atk-bridge'), ('ROS_PYTHON_VERSION', '3'), ('LC_MONETARY', 'ru_RU.UTF-8'), ('MANAGERPID', '880'), ('DBUS_SESSION_BUS_ADDRESS', 'unix:path'), ('SYSTEMD_EXEC_PID', '1061'), ('GIO_LAUNCHED_DESKTOP_FILE_PID', '37771'), ('COLCON_PREFIX_PATH', '/home/eragon/student133_ws/install'), ('IM_CONFIG_PHASE', '1'), ('ROS_DISTRO', 'humble'), ('WAYLAND_DISPLAY', 'wayland-0'), ('LOGNAME', 'eragon'), ('JOURNAL_STREAM', '8:9842'), ('_', '/usr/bin/env'), ('ROS_VERSION', '2'), ('XDG_SESSION_CLASS', 'user'), ('QSG_RHI_BACKEND', 'opengl'), ('USERNAME', 'eragon'), ('GNOME_DESKTOP_SESSION_ID', 'this-is-deprecated'), ('ROS_LOCALHOST_ONLY', '0'), ('PATH', '/opt/ros/humble/bin:/home/eragon/.local/bin:/usr/local/sbin:/usr/local/bin:/usr/sbin:/usr/bin:/sbin:/bin:/usr/games:/usr/local/games:/snap/bin:/snap/bin'), ('INVOCATION_ID', '0420d8a0d2c745188c6147a8a5eb3a80'), ('PAPERSIZE', 'a4'), ('SESSION_MANAGER', 'local/eragon-KPL-W0X:@/tmp/.ICE-unix/1026,unix/eragon-KPL-W0X:/tmp/.ICE-unix/1026'), ('GNOME_SETUP_DISPLAY', ':1'), ('LC_ADDRESS', 'ru_RU.UTF-8'), ('XDG_MENU_PREFIX', 'gnome-'), ('XDG_RUNTIME_DIR', '/run/user/1000'), ('DISPLAY', ':0'), ('LANG', 'ru_RU.UTF-8'), ('LC_TELEPHONE', 'ru_RU.UTF-8'), ('XDG_CURRENT_DESKTOP', 'ubuntu:GNOME'), ('XAUTHORITY', '/run/user/1000/.mutter-Xwaylandauth.A0SSW2'), ('XDG_SESSION_DESKTOP', 'ubuntu'), ('XMODIFIERS', '@im'), ('AMENT_PREFIX_PATH', '/home/eragon/student133_ws/install/test_visualization:/home/eragon/student133_ws/install/test_subscriber:/home/eragon/student133_ws/install/test_serial_communication:/home/eragon/student133_ws/install/test_publisher:/home/eragon/student133_ws/install/test_pkg:/home/eragon/student133_ws/install/test_parameters:/home/eragon/student133_ws/install/test_custom_srv:/home/eragon/student133_ws/install/test_custom_publisher:/home/eragon/student133_ws/install/test_custom_msg:/home/eragon/student133_ws/install/test_client:/home/eragon/student133_ws/install/test_castom_publisher:/home/eragon/student133_ws/install/custom_counter:/opt/ros/humble'), ('SSH_AGENT_LAUNCHER', 'gnome-keyring'), ('SSH_AUTH_SOCK', '/run/user/1000/keyring/ssh'), ('LC_NAME', 'ru_RU.UTF-8'), ('SHELL', '/bin/bash'), ('GDMSESSION', 'ubuntu'), ('QT_ACCESSIBILITY', '1'), ('LC_MEASUREMENT', 'ru_RU.UTF-8'), ('GJS_DEBUG_OUTPUT', 'stderr'), ('LC_IDENTIFICATION', 'ru_RU.UTF-8'), ('QT_IM_MODULE', 'ibus'), ('LC_ALL', 'en_US.UTF-8'), ('PWD', '/home/eragon/student133_ws/build/test_custom_publisher'), ('QT_QPA_PLATFORM', 'xcb'), ('XDG_CONFIG_DIRS', '/etc/xdg/xdg-ubuntu:/etc/xdg'), ('XDG_DATA_DIRS', '/usr/share/ubuntu:/usr/local/share/:/usr/share/:/var/lib/snapd/desktop'), ('LC_NUMERIC', 'ru_RU.UTF-8'), ('PYTHONPATH', '/home/eragon/student133_ws/install/test_custom_srv/local/lib/python3.10/dist-packages:/home/eragon/student133_ws/install/test_custom_msg/local/lib/python3.10/dist-packages:/opt/ros/humble/lib/python3.10/site-packages:/opt/ros/humble/local/lib/python3.10/dist-packages'), ('LC_PAPER', 'ru_RU.UTF-8'), ('COLCON', '1'), ('CMAKE_PREFIX_PATH', '/home/eragon/student133_ws/install/test_visualization:/home/eragon/student133_ws/install/test_subscriber:/home/eragon/student133_ws/install/test_service:/home/eragon/student133_ws/install/test_serial_communication:/home/eragon/student133_ws/install/test_publisher:/home/eragon/student133_ws/install/test_pkg:/home/eragon/student133_ws/install/test_parameters:/home/eragon/student133_ws/install/test_custom_srv:/home/eragon/student133_ws/install/test_custom_publisher:/home/eragon/student133_ws/install/test_custom_msg:/home/eragon/student133_ws/install/test_client:/home/eragon/student133_ws/install/test_castom_publisher:/home/eragon/student133_ws/install/custom_counter:/opt/ros/humble')]), 'shell': False}
[0.483631] (test_client) JobProgress: {'identifier': 'test_client', 'progress': 'install'}
[0.483751] (test_client) Command: {'cmd': ['/usr/bin/cmake', '--install', '/home/eragon/student133_ws/build/test_client'], 'cwd': '/home/eragon/student133_ws/build/test_client', 'env': OrderedDict([('GJS_DEBUG_TOPICS', 'JS ERROR;JS LOG'), ('LANGUAGE', 'ru'), ('LC_TIME', 'ru_RU.UTF-8'), ('USER', 'eragon'), ('XDG_SESSION_TYPE', 'wayland'), ('LD_LIBRARY_PATH', '/home/eragon/student133_ws/install/test_custom_srv/lib:/home/eragon/student133_ws/install/test_custom_msg/lib:/opt/ros/humble/opt/rviz_ogre_vendor/lib:/opt/ros/humble/lib/x86_64-linux-gnu:/opt/ros/humble/lib'), ('SHLVL', '1'), ('HOME', '/home/eragon'), ('DESKTOP_SESSION', 'ubuntu'), ('QTDIR', '/usr/lib/x86_64-linux-gnu/qt5'), ('GIO_LAUNCHED_DESKTOP_FILE', '/home/eragon/.local/share/applications/org.qt-project.qtcreator.desktop'), ('GNOME_SHELL_SESSION_MODE', 'ubuntu'), ('GTK_MODULES', 'gail:atk-bridge'), ('ROS_PYTHON_VERSION', '3'), ('LC_MONETARY', 'ru_RU.UTF-8'), ('MANAGERPID', '880'), ('DBUS_SESSION_BUS_ADDRESS', 'unix:path'), ('SYSTEMD_EXEC_PID', '1061'), ('GIO_LAUNCHED_DESKTOP_FILE_PID', '37771'), ('COLCON_PREFIX_PATH', '/home/eragon/student133_ws/install'), ('IM_CONFIG_PHASE', '1'), ('ROS_DISTRO', 'humble'), ('WAYLAND_DISPLAY', 'wayland-0'), ('LOGNAME', 'eragon'), ('JOURNAL_STREAM', '8:9842'), ('_', '/usr/bin/env'), ('ROS_VERSION', '2'), ('XDG_SESSION_CLASS', 'user'), ('QSG_RHI_BACKEND', 'opengl'), ('USERNAME', 'eragon'), ('GNOME_DESKTOP_SESSION_ID', 'this-is-deprecated'), ('ROS_LOCALHOST_ONLY', '0'), ('PATH', '/opt/ros/humble/bin:/home/eragon/.local/bin:/usr/local/sbin:/usr/local/bin:/usr/sbin:/usr/bin:/sbin:/bin:/usr/games:/usr/local/games:/snap/bin:/snap/bin'), ('INVOCATION_ID', '0420d8a0d2c745188c6147a8a5eb3a80'), ('PAPERSIZE', 'a4'), ('SESSION_MANAGER', 'local/eragon-KPL-W0X:@/tmp/.ICE-unix/1026,unix/eragon-KPL-W0X:/tmp/.ICE-unix/1026'), ('GNOME_SETUP_DISPLAY', ':1'), ('LC_ADDRESS', 'ru_RU.UTF-8'), ('XDG_MENU_PREFIX', 'gnome-'), ('XDG_RUNTIME_DIR', '/run/user/1000'), ('DISPLAY', ':0'), ('LANG', 'ru_RU.UTF-8'), ('LC_TELEPHONE', 'ru_RU.UTF-8'), ('XDG_CURRENT_DESKTOP', 'ubuntu:GNOME'), ('XAUTHORITY', '/run/user/1000/.mutter-Xwaylandauth.A0SSW2'), ('XDG_SESSION_DESKTOP', 'ubuntu'), ('XMODIFIERS', '@im'), ('AMENT_PREFIX_PATH', '/home/eragon/student133_ws/install/test_visualization:/home/eragon/student133_ws/install/test_subscriber:/home/eragon/student133_ws/install/test_serial_communication:/home/eragon/student133_ws/install/test_publisher:/home/eragon/student133_ws/install/test_pkg:/home/eragon/student133_ws/install/test_parameters:/home/eragon/student133_ws/install/test_custom_srv:/home/eragon/student133_ws/install/test_custom_publisher:/home/eragon/student133_ws/install/test_custom_msg:/home/eragon/student133_ws/install/test_client:/home/eragon/student133_ws/install/test_castom_publisher:/home/eragon/student133_ws/install/custom_counter:/opt/ros/humble'), ('SSH_AGENT_LAUNCHER', 'gnome-keyring'), ('SSH_AUTH_SOCK', '/run/user/1000/keyring/ssh'), ('LC_NAME', 'ru_RU.UTF-8'), ('SHELL', '/bin/bash'), ('GDMSESSION', 'ubuntu'), ('QT_ACCESSIBILITY', '1'), ('LC_MEASUREMENT', 'ru_RU.UTF-8'), ('GJS_DEBUG_OUTPUT', 'stderr'), ('LC_IDENTIFICATION', 'ru_RU.UTF-8'), ('QT_IM_MODULE', 'ibus'), ('LC_ALL', 'en_US.UTF-8'), ('PWD', '/home/eragon/student133_ws/build/test_client'), ('QT_QPA_PLATFORM', 'xcb'), ('XDG_CONFIG_DIRS', '/etc/xdg/xdg-ubuntu:/etc/xdg'), ('XDG_DATA_DIRS', '/usr/share/ubuntu:/usr/local/share/:/usr/share/:/var/lib/snapd/desktop'), ('LC_NUMERIC', 'ru_RU.UTF-8'), ('PYTHONPATH', '/home/eragon/student133_ws/install/test_custom_srv/local/lib/python3.10/dist-packages:/home/eragon/student133_ws/install/test_custom_msg/local/lib/python3.10/dist-packages:/opt/ros/humble/lib/python3.10/site-packages:/opt/ros/humble/local/lib/python3.10/dist-packages'), ('LC_PAPER', 'ru_RU.UTF-8'), ('COLCON', '1'), ('CMAKE_PREFIX_PATH', '/home/eragon/student133_ws/install/test_visualization:/home/eragon/student133_ws/install/test_subscriber:/home/eragon/student133_ws/install/test_service:/home/eragon/student133_ws/install/test_serial_communication:/home/eragon/student133_ws/install/test_publisher:/home/eragon/student133_ws/install/test_pkg:/home/eragon/student133_ws/install/test_parameters:/home/eragon/student133_ws/install/test_custom_srv:/home/eragon/student133_ws/install/test_custom_publisher:/home/eragon/student133_ws/install/test_custom_msg:/home/eragon/student133_ws/install/test_client:/home/eragon/student133_ws/install/test_castom_publisher:/home/eragon/student133_ws/install/custom_counter:/opt/ros/humble')]), 'shell': False}
[0.489581] (test_pkg) JobProgress: {'identifier': 'test_pkg', 'progress': 'install'}
[0.489698] (test_pkg) Command: {'cmd': ['/usr/bin/cmake', '--install', '/home/eragon/student133_ws/build/test_pkg'], 'cwd': '/home/eragon/student133_ws/build/test_pkg', 'env': OrderedDict([('GJS_DEBUG_TOPICS', 'JS ERROR;JS LOG'), ('LANGUAGE', 'ru'), ('LC_TIME', 'ru_RU.UTF-8'), ('USER', 'eragon'), ('XDG_SESSION_TYPE', 'wayland'), ('LD_LIBRARY_PATH', '/home/eragon/student133_ws/install/test_custom_srv/lib:/home/eragon/student133_ws/install/test_custom_msg/lib:/opt/ros/humble/opt/rviz_ogre_vendor/lib:/opt/ros/humble/lib/x86_64-linux-gnu:/opt/ros/humble/lib'), ('SHLVL', '1'), ('HOME', '/home/eragon'), ('DESKTOP_SESSION', 'ubuntu'), ('QTDIR', '/usr/lib/x86_64-linux-gnu/qt5'), ('GIO_LAUNCHED_DESKTOP_FILE', '/home/eragon/.local/share/applications/org.qt-project.qtcreator.desktop'), ('GNOME_SHELL_SESSION_MODE', 'ubuntu'), ('GTK_MODULES', 'gail:atk-bridge'), ('ROS_PYTHON_VERSION', '3'), ('LC_MONETARY', 'ru_RU.UTF-8'), ('MANAGERPID', '880'), ('DBUS_SESSION_BUS_ADDRESS', 'unix:path'), ('SYSTEMD_EXEC_PID', '1061'), ('GIO_LAUNCHED_DESKTOP_FILE_PID', '37771'), ('COLCON_PREFIX_PATH', '/home/eragon/student133_ws/install'), ('IM_CONFIG_PHASE', '1'), ('ROS_DISTRO', 'humble'), ('WAYLAND_DISPLAY', 'wayland-0'), ('LOGNAME', 'eragon'), ('JOURNAL_STREAM', '8:9842'), ('_', '/usr/bin/env'), ('ROS_VERSION', '2'), ('XDG_SESSION_CLASS', 'user'), ('QSG_RHI_BACKEND', 'opengl'), ('USERNAME', 'eragon'), ('GNOME_DESKTOP_SESSION_ID', 'this-is-deprecated'), ('ROS_LOCALHOST_ONLY', '0'), ('PATH', '/opt/ros/humble/bin:/home/eragon/.local/bin:/usr/local/sbin:/usr/local/bin:/usr/sbin:/usr/bin:/sbin:/bin:/usr/games:/usr/local/games:/snap/bin:/snap/bin'), ('INVOCATION_ID', '0420d8a0d2c745188c6147a8a5eb3a80'), ('PAPERSIZE', 'a4'), ('SESSION_MANAGER', 'local/eragon-KPL-W0X:@/tmp/.ICE-unix/1026,unix/eragon-KPL-W0X:/tmp/.ICE-unix/1026'), ('GNOME_SETUP_DISPLAY', ':1'), ('LC_ADDRESS', 'ru_RU.UTF-8'), ('XDG_MENU_PREFIX', 'gnome-'), ('XDG_RUNTIME_DIR', '/run/user/1000'), ('DISPLAY', ':0'), ('LANG', 'ru_RU.UTF-8'), ('LC_TELEPHONE', 'ru_RU.UTF-8'), ('XDG_CURRENT_DESKTOP', 'ubuntu:GNOME'), ('XAUTHORITY', '/run/user/1000/.mutter-Xwaylandauth.A0SSW2'), ('XDG_SESSION_DESKTOP', 'ubuntu'), ('XMODIFIERS', '@im'), ('AMENT_PREFIX_PATH', '/home/eragon/student133_ws/install/test_visualization:/home/eragon/student133_ws/install/test_subscriber:/home/eragon/student133_ws/install/test_serial_communication:/home/eragon/student133_ws/install/test_publisher:/home/eragon/student133_ws/install/test_pkg:/home/eragon/student133_ws/install/test_parameters:/home/eragon/student133_ws/install/test_custom_srv:/home/eragon/student133_ws/install/test_custom_publisher:/home/eragon/student133_ws/install/test_custom_msg:/home/eragon/student133_ws/install/test_client:/home/eragon/student133_ws/install/test_castom_publisher:/home/eragon/student133_ws/install/custom_counter:/opt/ros/humble'), ('SSH_AGENT_LAUNCHER', 'gnome-keyring'), ('SSH_AUTH_SOCK', '/run/user/1000/keyring/ssh'), ('LC_NAME', 'ru_RU.UTF-8'), ('SHELL', '/bin/bash'), ('GDMSESSION', 'ubuntu'), ('QT_ACCESSIBILITY', '1'), ('LC_MEASUREMENT', 'ru_RU.UTF-8'), ('GJS_DEBUG_OUTPUT', 'stderr'), ('LC_IDENTIFICATION', 'ru_RU.UTF-8'), ('QT_IM_MODULE', 'ibus'), ('LC_ALL', 'en_US.UTF-8'), ('PWD', '/home/eragon/student133_ws/build/test_pkg'), ('QT_QPA_PLATFORM', 'xcb'), ('XDG_CONFIG_DIRS', '/etc/xdg/xdg-ubuntu:/etc/xdg'), ('XDG_DATA_DIRS', '/usr/share/ubuntu:/usr/local/share/:/usr/share/:/var/lib/snapd/desktop'), ('LC_NUMERIC', 'ru_RU.UTF-8'), ('PYTHONPATH', '/home/eragon/student133_ws/install/test_custom_srv/local/lib/python3.10/dist-packages:/home/eragon/student133_ws/install/test_custom_msg/local/lib/python3.10/dist-packages:/opt/ros/humble/lib/python3.10/site-packages:/opt/ros/humble/local/lib/python3.10/dist-packages'), ('LC_PAPER', 'ru_RU.UTF-8'), ('COLCON', '1'), ('CMAKE_PREFIX_PATH', '/home/eragon/student133_ws/install/test_visualization:/home/eragon/student133_ws/install/test_subscriber:/home/eragon/student133_ws/install/test_service:/home/eragon/student133_ws/install/test_serial_communication:/home/eragon/student133_ws/install/test_publisher:/home/eragon/student133_ws/install/test_pkg:/home/eragon/student133_ws/install/test_parameters:/home/eragon/student133_ws/install/test_custom_srv:/home/eragon/student133_ws/install/test_custom_publisher:/home/eragon/student133_ws/install/test_custom_msg:/home/eragon/student133_ws/install/test_client:/home/eragon/student133_ws/install/test_castom_publisher:/home/eragon/student133_ws/install/custom_counter:/opt/ros/humble')]), 'shell': False}
[0.497667] (test_custom_msg) StdoutLine: {'line': b'[ 74%] Built target test_custom_msg\n'}
[0.498011] (test_parameters) StdoutLine: {'line': b'-- Install configuration: "Debug"\n'}
[0.498228] (test_parameters) StdoutLine: {'line': b'-- Up-to-date: /home/eragon/student133_ws/install/test_parameters/share/test_parameters/launch\n'}
[0.499684] (test_parameters) StdoutLine: {'line': b'-- Up-to-date: /home/eragon/student133_ws/install/test_parameters/share/test_parameters/launch/test_parameters_launch.py\n'}
[0.499860] (test_parameters) StdoutLine: {'line': b'-- Up-to-date: /home/eragon/student133_ws/install/test_parameters/lib/test_parameters/test_parameters_node\n'}
[0.500012] (test_parameters) StdoutLine: {'line': b'-- Up-to-date: /home/eragon/student133_ws/install/test_parameters/share/ament_index/resource_index/package_run_dependencies/test_parameters\n'}
[0.500204] (test_parameters) StdoutLine: {'line': b'-- Up-to-date: /home/eragon/student133_ws/install/test_parameters/share/ament_index/resource_index/parent_prefix_path/test_parameters\n'}
[0.500391] (test_parameters) StdoutLine: {'line': b'-- Up-to-date: /home/eragon/student133_ws/install/test_parameters/share/test_parameters/environment/ament_prefix_path.sh\n'}
[0.500530] (test_parameters) StdoutLine: {'line': b'-- Up-to-date: /home/eragon/student133_ws/install/test_parameters/share/test_parameters/environment/ament_prefix_path.dsv\n'}
[0.500665] (test_parameters) StdoutLine: {'line': b'-- Up-to-date: /home/eragon/student133_ws/install/test_parameters/share/test_parameters/environment/path.sh\n'}
[0.500803] (test_parameters) StdoutLine: {'line': b'-- Up-to-date: /home/eragon/student133_ws/install/test_parameters/share/test_parameters/environment/path.dsv\n'}
[0.500942] (test_parameters) StdoutLine: {'line': b'-- Up-to-date: /home/eragon/student133_ws/install/test_parameters/share/test_parameters/local_setup.bash\n'}
[0.501093] (test_parameters) StdoutLine: {'line': b'-- Up-to-date: /home/eragon/student133_ws/install/test_parameters/share/test_parameters/local_setup.sh\n'}
[0.501276] (test_custom_srv) StdoutLine: {'line': b'[ 76%] Built target test_custom_srv__py\n'}
[0.501449] (test_publisher) JobProgress: {'identifier': 'test_publisher', 'progress': 'install'}
[0.501499] (test_publisher) Command: {'cmd': ['/usr/bin/cmake', '--install', '/home/eragon/student133_ws/build/test_publisher'], 'cwd': '/home/eragon/student133_ws/build/test_publisher', 'env': OrderedDict([('GJS_DEBUG_TOPICS', 'JS ERROR;JS LOG'), ('LANGUAGE', 'ru'), ('LC_TIME', 'ru_RU.UTF-8'), ('USER', 'eragon'), ('XDG_SESSION_TYPE', 'wayland'), ('LD_LIBRARY_PATH', '/home/eragon/student133_ws/install/test_custom_srv/lib:/home/eragon/student133_ws/install/test_custom_msg/lib:/opt/ros/humble/opt/rviz_ogre_vendor/lib:/opt/ros/humble/lib/x86_64-linux-gnu:/opt/ros/humble/lib'), ('SHLVL', '1'), ('HOME', '/home/eragon'), ('DESKTOP_SESSION', 'ubuntu'), ('QTDIR', '/usr/lib/x86_64-linux-gnu/qt5'), ('GIO_LAUNCHED_DESKTOP_FILE', '/home/eragon/.local/share/applications/org.qt-project.qtcreator.desktop'), ('GNOME_SHELL_SESSION_MODE', 'ubuntu'), ('GTK_MODULES', 'gail:atk-bridge'), ('ROS_PYTHON_VERSION', '3'), ('LC_MONETARY', 'ru_RU.UTF-8'), ('MANAGERPID', '880'), ('DBUS_SESSION_BUS_ADDRESS', 'unix:path'), ('SYSTEMD_EXEC_PID', '1061'), ('GIO_LAUNCHED_DESKTOP_FILE_PID', '37771'), ('COLCON_PREFIX_PATH', '/home/eragon/student133_ws/install'), ('IM_CONFIG_PHASE', '1'), ('ROS_DISTRO', 'humble'), ('WAYLAND_DISPLAY', 'wayland-0'), ('LOGNAME', 'eragon'), ('JOURNAL_STREAM', '8:9842'), ('_', '/usr/bin/env'), ('ROS_VERSION', '2'), ('XDG_SESSION_CLASS', 'user'), ('QSG_RHI_BACKEND', 'opengl'), ('USERNAME', 'eragon'), ('GNOME_DESKTOP_SESSION_ID', 'this-is-deprecated'), ('ROS_LOCALHOST_ONLY', '0'), ('PATH', '/opt/ros/humble/bin:/home/eragon/.local/bin:/usr/local/sbin:/usr/local/bin:/usr/sbin:/usr/bin:/sbin:/bin:/usr/games:/usr/local/games:/snap/bin:/snap/bin'), ('INVOCATION_ID', '0420d8a0d2c745188c6147a8a5eb3a80'), ('PAPERSIZE', 'a4'), ('SESSION_MANAGER', 'local/eragon-KPL-W0X:@/tmp/.ICE-unix/1026,unix/eragon-KPL-W0X:/tmp/.ICE-unix/1026'), ('GNOME_SETUP_DISPLAY', ':1'), ('LC_ADDRESS', 'ru_RU.UTF-8'), ('XDG_MENU_PREFIX', 'gnome-'), ('XDG_RUNTIME_DIR', '/run/user/1000'), ('DISPLAY', ':0'), ('LANG', 'ru_RU.UTF-8'), ('LC_TELEPHONE', 'ru_RU.UTF-8'), ('XDG_CURRENT_DESKTOP', 'ubuntu:GNOME'), ('XAUTHORITY', '/run/user/1000/.mutter-Xwaylandauth.A0SSW2'), ('XDG_SESSION_DESKTOP', 'ubuntu'), ('XMODIFIERS', '@im'), ('AMENT_PREFIX_PATH', '/home/eragon/student133_ws/install/test_visualization:/home/eragon/student133_ws/install/test_subscriber:/home/eragon/student133_ws/install/test_serial_communication:/home/eragon/student133_ws/install/test_publisher:/home/eragon/student133_ws/install/test_pkg:/home/eragon/student133_ws/install/test_parameters:/home/eragon/student133_ws/install/test_custom_srv:/home/eragon/student133_ws/install/test_custom_publisher:/home/eragon/student133_ws/install/test_custom_msg:/home/eragon/student133_ws/install/test_client:/home/eragon/student133_ws/install/test_castom_publisher:/home/eragon/student133_ws/install/custom_counter:/opt/ros/humble'), ('SSH_AGENT_LAUNCHER', 'gnome-keyring'), ('SSH_AUTH_SOCK', '/run/user/1000/keyring/ssh'), ('LC_NAME', 'ru_RU.UTF-8'), ('SHELL', '/bin/bash'), ('GDMSESSION', 'ubuntu'), ('QT_ACCESSIBILITY', '1'), ('LC_MEASUREMENT', 'ru_RU.UTF-8'), ('GJS_DEBUG_OUTPUT', 'stderr'), ('LC_IDENTIFICATION', 'ru_RU.UTF-8'), ('QT_IM_MODULE', 'ibus'), ('LC_ALL', 'en_US.UTF-8'), ('PWD', '/home/eragon/student133_ws/build/test_publisher'), ('QT_QPA_PLATFORM', 'xcb'), ('XDG_CONFIG_DIRS', '/etc/xdg/xdg-ubuntu:/etc/xdg'), ('XDG_DATA_DIRS', '/usr/share/ubuntu:/usr/local/share/:/usr/share/:/var/lib/snapd/desktop'), ('LC_NUMERIC', 'ru_RU.UTF-8'), ('PYTHONPATH', '/home/eragon/student133_ws/install/test_custom_srv/local/lib/python3.10/dist-packages:/home/eragon/student133_ws/install/test_custom_msg/local/lib/python3.10/dist-packages:/opt/ros/humble/lib/python3.10/site-packages:/opt/ros/humble/local/lib/python3.10/dist-packages'), ('LC_PAPER', 'ru_RU.UTF-8'), ('COLCON', '1'), ('CMAKE_PREFIX_PATH', '/home/eragon/student133_ws/install/test_visualization:/home/eragon/student133_ws/install/test_subscriber:/home/eragon/student133_ws/install/test_service:/home/eragon/student133_ws/install/test_serial_communication:/home/eragon/student133_ws/install/test_publisher:/home/eragon/student133_ws/install/test_pkg:/home/eragon/student133_ws/install/test_parameters:/home/eragon/student133_ws/install/test_custom_srv:/home/eragon/student133_ws/install/test_custom_publisher:/home/eragon/student133_ws/install/test_custom_msg:/home/eragon/student133_ws/install/test_client:/home/eragon/student133_ws/install/test_castom_publisher:/home/eragon/student133_ws/install/custom_counter:/opt/ros/humble')]), 'shell': False}
[0.509272] (test_parameters) StdoutLine: {'line': b'-- Up-to-date: /home/eragon/student133_ws/install/test_parameters/share/test_parameters/local_setup.zsh\n'}
[0.509594] (-) TimerEvent: {}
[0.509862] (test_parameters) StdoutLine: {'line': b'-- Up-to-date: /home/eragon/student133_ws/install/test_parameters/share/test_parameters/local_setup.dsv\n'}
[0.510065] (test_parameters) StdoutLine: {'line': b'-- Installing: /home/eragon/student133_ws/install/test_parameters/share/test_parameters/package.dsv\n'}
[0.510253] (test_parameters) StdoutLine: {'line': b'-- Up-to-date: /home/eragon/student133_ws/install/test_parameters/share/ament_index/resource_index/packages/test_parameters\n'}
[0.510418] (test_parameters) StdoutLine: {'line': b'-- Up-to-date: /home/eragon/student133_ws/install/test_parameters/share/test_parameters/cmake/test_parametersConfig.cmake\n'}
[0.510568] (test_parameters) StdoutLine: {'line': b'-- Up-to-date: /home/eragon/student133_ws/install/test_parameters/share/test_parameters/cmake/test_parametersConfig-version.cmake\n'}
[0.510716] (test_parameters) StdoutLine: {'line': b'-- Up-to-date: /home/eragon/student133_ws/install/test_parameters/share/test_parameters/package.xml\n'}
[0.510861] (test_client) StdoutLine: {'line': b'-- Install configuration: "Debug"\n'}
[0.511033] (test_parameters) CommandEnded: {'returncode': 0}
[0.530388] (test_client) StdoutLine: {'line': b'-- Up-to-date: /home/eragon/student133_ws/install/test_client/lib/test_client/test_client_node\n'}
[0.531880] (test_client) StdoutLine: {'line': b'-- Up-to-date: /home/eragon/student133_ws/install/test_client/lib/test_client/client_triangle\n'}
[0.532292] (test_client) StdoutLine: {'line': b'-- Up-to-date: /home/eragon/student133_ws/install/test_client/lib/test_client/client_triangle\n'}
[0.535322] (test_client) StdoutLine: {'line': b'-- Up-to-date: /home/eragon/student133_ws/install/test_client/share/ament_index/resource_index/package_run_dependencies/test_client\n'}
[0.535559] (test_client) StdoutLine: {'line': b'-- Up-to-date: /home/eragon/student133_ws/install/test_client/share/ament_index/resource_index/parent_prefix_path/test_client\n'}
[0.535711] (test_client) StdoutLine: {'line': b'-- Up-to-date: /home/eragon/student133_ws/install/test_client/share/test_client/environment/ament_prefix_path.sh\n'}
[0.535856] (test_client) StdoutLine: {'line': b'-- Up-to-date: /home/eragon/student133_ws/install/test_client/share/test_client/environment/ament_prefix_path.dsv\n'}
[0.536016] (test_client) StdoutLine: {'line': b'-- Up-to-date: /home/eragon/student133_ws/install/test_client/share/test_client/environment/path.sh\n'}
[0.536238] (test_client) StdoutLine: {'line': b'-- Up-to-date: /home/eragon/student133_ws/install/test_client/share/test_client/environment/path.dsv\n'}
[0.536771] (test_client) StdoutLine: {'line': b'-- Up-to-date: /home/eragon/student133_ws/install/test_client/share/test_client/local_setup.bash\n'}
[0.536978] (test_client) StdoutLine: {'line': b'-- Up-to-date: /home/eragon/student133_ws/install/test_client/share/test_client/local_setup.sh\n'}
[0.537132] (test_client) StdoutLine: {'line': b'-- Up-to-date: /home/eragon/student133_ws/install/test_client/share/test_client/local_setup.zsh\n'}
[0.537436] (test_client) StdoutLine: {'line': b'-- Up-to-date: /home/eragon/student133_ws/install/test_client/share/test_client/local_setup.dsv\n'}
[0.537667] (test_client) StdoutLine: {'line': b'-- Installing: /home/eragon/student133_ws/install/test_client/share/test_client/package.dsv\n'}
[0.537830] (test_client) StdoutLine: {'line': b'-- Up-to-date: /home/eragon/student133_ws/install/test_client/share/ament_index/resource_index/packages/test_client\n'}
[0.537981] (test_client) StdoutLine: {'line': b'-- Up-to-date: /home/eragon/student133_ws/install/test_client/share/test_client/cmake/test_clientConfig.cmake\n'}
[0.538141] (test_client) StdoutLine: {'line': b'-- Up-to-date: /home/eragon/student133_ws/install/test_client/share/test_client/cmake/test_clientConfig-version.cmake\n'}
[0.538442] (test_client) StdoutLine: {'line': b'-- Up-to-date: /home/eragon/student133_ws/install/test_client/share/test_client/package.xml\n'}
[0.538612] (test_custom_publisher) StdoutLine: {'line': b'-- Install configuration: "Debug"\n'}
[0.538858] (test_custom_publisher) StdoutLine: {'line': b'-- Up-to-date: /home/eragon/student133_ws/install/test_custom_publisher/lib/test_custom_publisher/test_custom_publisher_node\n'}
[0.539019] (test_custom_publisher) StdoutLine: {'line': b'-- Up-to-date: /home/eragon/student133_ws/install/test_custom_publisher/lib/test_custom_publisher/Triangle_node\n'}
[0.539205] (test_custom_publisher) StdoutLine: {'line': b'-- Up-to-date: /home/eragon/student133_ws/install/test_custom_publisher/share/ament_index/resource_index/package_run_dependencies/test_custom_publisher\n'}
[0.539380] (test_custom_publisher) StdoutLine: {'line': b'-- Up-to-date: /home/eragon/student133_ws/install/test_custom_publisher/share/ament_index/resource_index/parent_prefix_path/test_custom_publisher\n'}
[0.539563] (test_custom_publisher) StdoutLine: {'line': b'-- Up-to-date: /home/eragon/student133_ws/install/test_custom_publisher/share/test_custom_publisher/environment/ament_prefix_path.sh\n'}
[0.539721] (test_custom_publisher) StdoutLine: {'line': b'-- Up-to-date: /home/eragon/student133_ws/install/test_custom_publisher/share/test_custom_publisher/environment/ament_prefix_path.dsv\n'}
[0.539878] (test_custom_publisher) StdoutLine: {'line': b'-- Up-to-date: /home/eragon/student133_ws/install/test_custom_publisher/share/test_custom_publisher/environment/path.sh\n'}
[0.540046] (test_custom_publisher) StdoutLine: {'line': b'-- Up-to-date: /home/eragon/student133_ws/install/test_custom_publisher/share/test_custom_publisher/environment/path.dsv\n'}
[0.540269] (test_custom_publisher) StdoutLine: {'line': b'-- Up-to-date: /home/eragon/student133_ws/install/test_custom_publisher/share/test_custom_publisher/local_setup.bash\n'}
[0.540606] (test_custom_publisher) StdoutLine: {'line': b'-- Up-to-date: /home/eragon/student133_ws/install/test_custom_publisher/share/test_custom_publisher/local_setup.sh\n'}
[0.540754] (test_custom_publisher) StdoutLine: {'line': b'-- Up-to-date: /home/eragon/student133_ws/install/test_custom_publisher/share/test_custom_publisher/local_setup.zsh\n'}
[0.540909] (test_custom_publisher) StdoutLine: {'line': b'-- Up-to-date: /home/eragon/student133_ws/install/test_custom_publisher/share/test_custom_publisher/local_setup.dsv\n'}
[0.541062] (test_custom_publisher) StdoutLine: {'line': b'-- Installing: /home/eragon/student133_ws/install/test_custom_publisher/share/test_custom_publisher/package.dsv\n'}
[0.541291] (test_custom_publisher) StdoutLine: {'line': b'-- Up-to-date: /home/eragon/student133_ws/install/test_custom_publisher/share/ament_index/resource_index/packages/test_custom_publisher\n'}
[0.541501] (test_custom_publisher) StdoutLine: {'line': b'-- Up-to-date: /home/eragon/student133_ws/install/test_custom_publisher/share/test_custom_publisher/cmake/test_custom_publisherConfig.cmake\n'}
[0.541645] (test_custom_publisher) StdoutLine: {'line': b'-- Up-to-date: /home/eragon/student133_ws/install/test_custom_publisher/share/test_custom_publisher/cmake/test_custom_publisherConfig-version.cmake\n'}
[0.541780] (test_custom_publisher) StdoutLine: {'line': b'-- Up-to-date: /home/eragon/student133_ws/install/test_custom_publisher/share/test_custom_publisher/package.xml\n'}
[0.541915] (test_publisher) StdoutLine: {'line': b'-- Install configuration: "Debug"\n'}
[0.542180] (test_publisher) StdoutLine: {'line': b'-- Up-to-date: /home/eragon/student133_ws/install/test_publisher/lib/test_publisher/test_publisher_node\n'}
[0.542573] (test_publisher) StdoutLine: {'line': b'-- Up-to-date: /home/eragon/student133_ws/install/test_publisher/share/ament_index/resource_index/package_run_dependencies/test_publisher\n'}
[0.542734] (test_publisher) StdoutLine: {'line': b'-- Up-to-date: /home/eragon/student133_ws/install/test_publisher/share/ament_index/resource_index/parent_prefix_path/test_publisher\n'}
[0.542881] (test_publisher) StdoutLine: {'line': b'-- Up-to-date: /home/eragon/student133_ws/install/test_publisher/share/test_publisher/environment/ament_prefix_path.sh\n'}
[0.543881] (test_publisher) StdoutLine: {'line': b'-- Up-to-date: /home/eragon/student133_ws/install/test_publisher/share/test_publisher/environment/ament_prefix_path.dsv\n'}
[0.544125] (test_publisher) StdoutLine: {'line': b'-- Up-to-date: /home/eragon/student133_ws/install/test_publisher/share/test_publisher/environment/path.sh\n'}
[0.544765] (test_publisher) StdoutLine: {'line': b'-- Up-to-date: /home/eragon/student133_ws/install/test_publisher/share/test_publisher/environment/path.dsv\n'}
[0.544930] (test_publisher) StdoutLine: {'line': b'-- Up-to-date: /home/eragon/student133_ws/install/test_publisher/share/test_publisher/local_setup.bash\n'}
[0.545082] (test_publisher) StdoutLine: {'line': b'-- Up-to-date: /home/eragon/student133_ws/install/test_publisher/share/test_publisher/local_setup.sh\n'}
[0.545259] (test_publisher) StdoutLine: {'line': b'-- Up-to-date: /home/eragon/student133_ws/install/test_publisher/share/test_publisher/local_setup.zsh\n'}
[0.545426] (test_publisher) StdoutLine: {'line': b'-- Up-to-date: /home/eragon/student133_ws/install/test_publisher/share/test_publisher/local_setup.dsv\n'}
[0.545562] (test_publisher) StdoutLine: {'line': b'-- Installing: /home/eragon/student133_ws/install/test_publisher/share/test_publisher/package.dsv\n'}
[0.545696] (test_publisher) StdoutLine: {'line': b'-- Up-to-date: /home/eragon/student133_ws/install/test_publisher/share/ament_index/resource_index/packages/test_publisher\n'}
[0.545905] (test_publisher) StdoutLine: {'line': b'-- Up-to-date: /home/eragon/student133_ws/install/test_publisher/share/test_publisher/cmake/test_publisherConfig.cmake\n'}
[0.546051] (test_publisher) StdoutLine: {'line': b'-- Up-to-date: /home/eragon/student133_ws/install/test_publisher/share/test_publisher/cmake/test_publisherConfig-version.cmake\n'}
[0.546240] (test_publisher) StdoutLine: {'line': b'-- Up-to-date: /home/eragon/student133_ws/install/test_publisher/share/test_publisher/package.xml\n'}
[0.546845] (test_pkg) StdoutLine: {'line': b'-- Install configuration: "Debug"\n'}
[0.547079] (test_pkg) StdoutLine: {'line': b'-- Up-to-date: /home/eragon/student133_ws/install/test_pkg/lib/test_pkg/test_pkg_node\n'}
[0.547687] (test_pkg) StdoutLine: {'line': b'-- Up-to-date: /home/eragon/student133_ws/install/test_pkg/share/ament_index/resource_index/package_run_dependencies/test_pkg\n'}
[0.547879] (test_pkg) StdoutLine: {'line': b'-- Up-to-date: /home/eragon/student133_ws/install/test_pkg/share/ament_index/resource_index/parent_prefix_path/test_pkg\n'}
[0.548029] (test_pkg) StdoutLine: {'line': b'-- Up-to-date: /home/eragon/student133_ws/install/test_pkg/share/test_pkg/environment/ament_prefix_path.sh\n'}
[0.548185] (test_pkg) StdoutLine: {'line': b'-- Up-to-date: /home/eragon/student133_ws/install/test_pkg/share/test_pkg/environment/ament_prefix_path.dsv\n'}
[0.548631] (test_pkg) StdoutLine: {'line': b'-- Up-to-date: /home/eragon/student133_ws/install/test_pkg/share/test_pkg/environment/path.sh\n'}
[0.548802] (test_pkg) StdoutLine: {'line': b'-- Up-to-date: /home/eragon/student133_ws/install/test_pkg/share/test_pkg/environment/path.dsv\n'}
[0.548952] (test_pkg) StdoutLine: {'line': b'-- Up-to-date: /home/eragon/student133_ws/install/test_pkg/share/test_pkg/local_setup.bash\n'}
[0.549101] (test_pkg) StdoutLine: {'line': b'-- Up-to-date: /home/eragon/student133_ws/install/test_pkg/share/test_pkg/local_setup.sh\n'}
[0.549463] (test_pkg) StdoutLine: {'line': b'-- Up-to-date: /home/eragon/student133_ws/install/test_pkg/share/test_pkg/local_setup.zsh\n'}
[0.549635] (test_pkg) StdoutLine: {'line': b'-- Up-to-date: /home/eragon/student133_ws/install/test_pkg/share/test_pkg/local_setup.dsv\n'}
[0.549782] (test_pkg) StdoutLine: {'line': b'-- Installing: /home/eragon/student133_ws/install/test_pkg/share/test_pkg/package.dsv\n'}
[0.549992] (test_pkg) StdoutLine: {'line': b'-- Up-to-date: /home/eragon/student133_ws/install/test_pkg/share/ament_index/resource_index/packages/test_pkg\n'}
[0.550146] (test_pkg) StdoutLine: {'line': b'-- Up-to-date: /home/eragon/student133_ws/install/test_pkg/share/test_pkg/cmake/test_pkgConfig.cmake\n'}
[0.550972] (test_pkg) StdoutLine: {'line': b'-- Up-to-date: /home/eragon/student133_ws/install/test_pkg/share/test_pkg/cmake/test_pkgConfig-version.cmake\n'}
[0.551200] (test_pkg) StdoutLine: {'line': b'-- Up-to-date: /home/eragon/student133_ws/install/test_pkg/share/test_pkg/package.xml\n'}
[0.551487] (test_client) CommandEnded: {'returncode': 0}
[0.562562] (test_custom_publisher) CommandEnded: {'returncode': 0}
[0.582940] (test_pkg) CommandEnded: {'returncode': 0}
[0.609737] (-) TimerEvent: {}
[0.610609] (test_publisher) CommandEnded: {'returncode': 0}
[0.631668] (test_custom_msg) StdoutLine: {'line': b'[ 76%] Built target test_custom_msg__py\n'}
[0.632000] (test_custom_msg) StdoutLine: {'line': b'[ 84%] Built target test_custom_msg__rosidl_generator_py\n'}
[0.632193] (test_custom_srv) StdoutLine: {'line': b'[ 84%] Built target test_custom_srv__rosidl_generator_py\n'}
[0.632388] (test_custom_srv) StdoutLine: {'line': b'[ 89%] Built target test_custom_srv__rosidl_typesupport_fastrtps_c__pyext\n'}
[0.632551] (test_custom_srv) StdoutLine: {'line': b'[ 94%] Built target test_custom_srv__rosidl_typesupport_introspection_c__pyext\n'}
[0.658261] (custom_counter) JobEnded: {'identifier': 'custom_counter', 'rc': 0}
[0.674115] (test_parameters) JobEnded: {'identifier': 'test_parameters', 'rc': 0}
[0.675945] (test_serial_communication) JobStarted: {'identifier': 'test_serial_communication'}
[0.687992] (test_service) JobStarted: {'identifier': 'test_service'}
[0.697788] (test_custom_srv) StdoutLine: {'line': b'[100%] Built target test_custom_srv__rosidl_typesupport_c__pyext\n'}
[0.699319] (test_custom_msg) StdoutLine: {'line': b'[ 89%] Built target test_custom_msg__rosidl_typesupport_fastrtps_c__pyext\n'}
[0.701267] (test_custom_msg) StdoutLine: {'line': b'[ 94%] Built target test_custom_msg__rosidl_typesupport_introspection_c__pyext\n'}
[0.702034] (test_custom_msg) StdoutLine: {'line': b'[100%] Built target test_custom_msg__rosidl_typesupport_c__pyext\n'}
[0.710269] (-) TimerEvent: {}
[0.715620] (test_client) JobEnded: {'identifier': 'test_client', 'rc': 0}
[0.731733] (test_custom_publisher) JobEnded: {'identifier': 'test_custom_publisher', 'rc': 0}
[0.733996] (test_subscriber) JobStarted: {'identifier': 'test_subscriber'}
[0.756886] (test_publisher) JobEnded: {'identifier': 'test_publisher', 'rc': 0}
[0.770477] (test_pkg) JobEnded: {'identifier': 'test_pkg', 'rc': 0}
[0.772266] (test_visualization) JobStarted: {'identifier': 'test_visualization'}
[0.779607] (test_serial_communication) JobProgress: {'identifier': 'test_serial_communication', 'progress': 'cmake'}
[0.780835] (test_serial_communication) JobProgress: {'identifier': 'test_serial_communication', 'progress': 'build'}
[0.781960] (test_serial_communication) Command: {'cmd': ['/usr/bin/cmake', '--build', '/home/eragon/student133_ws/build/test_serial_communication', '--', '-j8', '-l8'], 'cwd': '/home/eragon/student133_ws/build/test_serial_communication', 'env': OrderedDict([('GJS_DEBUG_TOPICS', 'JS ERROR;JS LOG'), ('LANGUAGE', 'ru'), ('LC_TIME', 'ru_RU.UTF-8'), ('USER', 'eragon'), ('XDG_SESSION_TYPE', 'wayland'), ('LD_LIBRARY_PATH', '/home/eragon/student133_ws/install/test_custom_srv/lib:/home/eragon/student133_ws/install/test_custom_msg/lib:/opt/ros/humble/opt/rviz_ogre_vendor/lib:/opt/ros/humble/lib/x86_64-linux-gnu:/opt/ros/humble/lib'), ('SHLVL', '1'), ('HOME', '/home/eragon'), ('DESKTOP_SESSION', 'ubuntu'), ('QTDIR', '/usr/lib/x86_64-linux-gnu/qt5'), ('GIO_LAUNCHED_DESKTOP_FILE', '/home/eragon/.local/share/applications/org.qt-project.qtcreator.desktop'), ('GNOME_SHELL_SESSION_MODE', 'ubuntu'), ('GTK_MODULES', 'gail:atk-bridge'), ('ROS_PYTHON_VERSION', '3'), ('LC_MONETARY', 'ru_RU.UTF-8'), ('MANAGERPID', '880'), ('DBUS_SESSION_BUS_ADDRESS', 'unix:path'), ('SYSTEMD_EXEC_PID', '1061'), ('GIO_LAUNCHED_DESKTOP_FILE_PID', '37771'), ('COLCON_PREFIX_PATH', '/home/eragon/student133_ws/install'), ('IM_CONFIG_PHASE', '1'), ('ROS_DISTRO', 'humble'), ('WAYLAND_DISPLAY', 'wayland-0'), ('LOGNAME', 'eragon'), ('JOURNAL_STREAM', '8:9842'), ('_', '/usr/bin/env'), ('ROS_VERSION', '2'), ('XDG_SESSION_CLASS', 'user'), ('QSG_RHI_BACKEND', 'opengl'), ('USERNAME', 'eragon'), ('GNOME_DESKTOP_SESSION_ID', 'this-is-deprecated'), ('ROS_LOCALHOST_ONLY', '0'), ('PATH', '/opt/ros/humble/bin:/home/eragon/.local/bin:/usr/local/sbin:/usr/local/bin:/usr/sbin:/usr/bin:/sbin:/bin:/usr/games:/usr/local/games:/snap/bin:/snap/bin'), ('INVOCATION_ID', '0420d8a0d2c745188c6147a8a5eb3a80'), ('PAPERSIZE', 'a4'), ('SESSION_MANAGER', 'local/eragon-KPL-W0X:@/tmp/.ICE-unix/1026,unix/eragon-KPL-W0X:/tmp/.ICE-unix/1026'), ('GNOME_SETUP_DISPLAY', ':1'), ('LC_ADDRESS', 'ru_RU.UTF-8'), ('XDG_MENU_PREFIX', 'gnome-'), ('XDG_RUNTIME_DIR', '/run/user/1000'), ('DISPLAY', ':0'), ('LANG', 'ru_RU.UTF-8'), ('LC_TELEPHONE', 'ru_RU.UTF-8'), ('XDG_CURRENT_DESKTOP', 'ubuntu:GNOME'), ('XAUTHORITY', '/run/user/1000/.mutter-Xwaylandauth.A0SSW2'), ('XDG_SESSION_DESKTOP', 'ubuntu'), ('XMODIFIERS', '@im'), ('AMENT_PREFIX_PATH', '/home/eragon/student133_ws/install/test_visualization:/home/eragon/student133_ws/install/test_subscriber:/home/eragon/student133_ws/install/test_serial_communication:/home/eragon/student133_ws/install/test_publisher:/home/eragon/student133_ws/install/test_pkg:/home/eragon/student133_ws/install/test_parameters:/home/eragon/student133_ws/install/test_custom_srv:/home/eragon/student133_ws/install/test_custom_publisher:/home/eragon/student133_ws/install/test_custom_msg:/home/eragon/student133_ws/install/test_client:/home/eragon/student133_ws/install/test_castom_publisher:/home/eragon/student133_ws/install/custom_counter:/opt/ros/humble'), ('SSH_AGENT_LAUNCHER', 'gnome-keyring'), ('SSH_AUTH_SOCK', '/run/user/1000/keyring/ssh'), ('LC_NAME', 'ru_RU.UTF-8'), ('SHELL', '/bin/bash'), ('GDMSESSION', 'ubuntu'), ('QT_ACCESSIBILITY', '1'), ('LC_MEASUREMENT', 'ru_RU.UTF-8'), ('GJS_DEBUG_OUTPUT', 'stderr'), ('LC_IDENTIFICATION', 'ru_RU.UTF-8'), ('QT_IM_MODULE', 'ibus'), ('LC_ALL', 'en_US.UTF-8'), ('PWD', '/home/eragon/student133_ws/build/test_serial_communication'), ('QT_QPA_PLATFORM', 'xcb'), ('XDG_CONFIG_DIRS', '/etc/xdg/xdg-ubuntu:/etc/xdg'), ('XDG_DATA_DIRS', '/usr/share/ubuntu:/usr/local/share/:/usr/share/:/var/lib/snapd/desktop'), ('LC_NUMERIC', 'ru_RU.UTF-8'), ('PYTHONPATH', '/home/eragon/student133_ws/install/test_custom_srv/local/lib/python3.10/dist-packages:/home/eragon/student133_ws/install/test_custom_msg/local/lib/python3.10/dist-packages:/opt/ros/humble/lib/python3.10/site-packages:/opt/ros/humble/local/lib/python3.10/dist-packages'), ('LC_PAPER', 'ru_RU.UTF-8'), ('COLCON', '1'), ('CMAKE_PREFIX_PATH', '/home/eragon/student133_ws/install/test_visualization:/home/eragon/student133_ws/install/test_subscriber:/home/eragon/student133_ws/install/test_service:/home/eragon/student133_ws/install/test_serial_communication:/home/eragon/student133_ws/install/test_publisher:/home/eragon/student133_ws/install/test_pkg:/home/eragon/student133_ws/install/test_parameters:/home/eragon/student133_ws/install/test_custom_srv:/home/eragon/student133_ws/install/test_custom_publisher:/home/eragon/student133_ws/install/test_custom_msg:/home/eragon/student133_ws/install/test_client:/home/eragon/student133_ws/install/test_castom_publisher:/home/eragon/student133_ws/install/custom_counter:/opt/ros/humble')]), 'shell': False}
[0.785957] (test_service) JobProgress: {'identifier': 'test_service', 'progress': 'cmake'}
[0.787090] (test_service) JobProgress: {'identifier': 'test_service', 'progress': 'build'}
[0.787183] (test_service) Command: {'cmd': ['/usr/bin/cmake', '--build', '/home/eragon/student133_ws/build/test_service', '--', '-j8', '-l8'], 'cwd': '/home/eragon/student133_ws/build/test_service', 'env': OrderedDict([('GJS_DEBUG_TOPICS', 'JS ERROR;JS LOG'), ('LANGUAGE', 'ru'), ('LC_TIME', 'ru_RU.UTF-8'), ('USER', 'eragon'), ('XDG_SESSION_TYPE', 'wayland'), ('LD_LIBRARY_PATH', '/home/eragon/student133_ws/install/test_custom_srv/lib:/home/eragon/student133_ws/install/test_custom_msg/lib:/opt/ros/humble/opt/rviz_ogre_vendor/lib:/opt/ros/humble/lib/x86_64-linux-gnu:/opt/ros/humble/lib'), ('SHLVL', '1'), ('HOME', '/home/eragon'), ('DESKTOP_SESSION', 'ubuntu'), ('QTDIR', '/usr/lib/x86_64-linux-gnu/qt5'), ('GIO_LAUNCHED_DESKTOP_FILE', '/home/eragon/.local/share/applications/org.qt-project.qtcreator.desktop'), ('GNOME_SHELL_SESSION_MODE', 'ubuntu'), ('GTK_MODULES', 'gail:atk-bridge'), ('ROS_PYTHON_VERSION', '3'), ('LC_MONETARY', 'ru_RU.UTF-8'), ('MANAGERPID', '880'), ('DBUS_SESSION_BUS_ADDRESS', 'unix:path'), ('SYSTEMD_EXEC_PID', '1061'), ('GIO_LAUNCHED_DESKTOP_FILE_PID', '37771'), ('COLCON_PREFIX_PATH', '/home/eragon/student133_ws/install'), ('IM_CONFIG_PHASE', '1'), ('ROS_DISTRO', 'humble'), ('WAYLAND_DISPLAY', 'wayland-0'), ('LOGNAME', 'eragon'), ('JOURNAL_STREAM', '8:9842'), ('_', '/usr/bin/env'), ('ROS_VERSION', '2'), ('XDG_SESSION_CLASS', 'user'), ('QSG_RHI_BACKEND', 'opengl'), ('USERNAME', 'eragon'), ('GNOME_DESKTOP_SESSION_ID', 'this-is-deprecated'), ('ROS_LOCALHOST_ONLY', '0'), ('PATH', '/opt/ros/humble/bin:/home/eragon/.local/bin:/usr/local/sbin:/usr/local/bin:/usr/sbin:/usr/bin:/sbin:/bin:/usr/games:/usr/local/games:/snap/bin:/snap/bin'), ('INVOCATION_ID', '0420d8a0d2c745188c6147a8a5eb3a80'), ('PAPERSIZE', 'a4'), ('SESSION_MANAGER', 'local/eragon-KPL-W0X:@/tmp/.ICE-unix/1026,unix/eragon-KPL-W0X:/tmp/.ICE-unix/1026'), ('GNOME_SETUP_DISPLAY', ':1'), ('LC_ADDRESS', 'ru_RU.UTF-8'), ('XDG_MENU_PREFIX', 'gnome-'), ('XDG_RUNTIME_DIR', '/run/user/1000'), ('DISPLAY', ':0'), ('LANG', 'ru_RU.UTF-8'), ('LC_TELEPHONE', 'ru_RU.UTF-8'), ('XDG_CURRENT_DESKTOP', 'ubuntu:GNOME'), ('XAUTHORITY', '/run/user/1000/.mutter-Xwaylandauth.A0SSW2'), ('XDG_SESSION_DESKTOP', 'ubuntu'), ('XMODIFIERS', '@im'), ('AMENT_PREFIX_PATH', '/home/eragon/student133_ws/install/test_visualization:/home/eragon/student133_ws/install/test_subscriber:/home/eragon/student133_ws/install/test_serial_communication:/home/eragon/student133_ws/install/test_publisher:/home/eragon/student133_ws/install/test_pkg:/home/eragon/student133_ws/install/test_parameters:/home/eragon/student133_ws/install/test_custom_srv:/home/eragon/student133_ws/install/test_custom_publisher:/home/eragon/student133_ws/install/test_custom_msg:/home/eragon/student133_ws/install/test_client:/home/eragon/student133_ws/install/test_castom_publisher:/home/eragon/student133_ws/install/custom_counter:/opt/ros/humble'), ('SSH_AGENT_LAUNCHER', 'gnome-keyring'), ('SSH_AUTH_SOCK', '/run/user/1000/keyring/ssh'), ('LC_NAME', 'ru_RU.UTF-8'), ('SHELL', '/bin/bash'), ('GDMSESSION', 'ubuntu'), ('QT_ACCESSIBILITY', '1'), ('LC_MEASUREMENT', 'ru_RU.UTF-8'), ('GJS_DEBUG_OUTPUT', 'stderr'), ('LC_IDENTIFICATION', 'ru_RU.UTF-8'), ('QT_IM_MODULE', 'ibus'), ('LC_ALL', 'en_US.UTF-8'), ('PWD', '/home/eragon/student133_ws/build/test_service'), ('QT_QPA_PLATFORM', 'xcb'), ('XDG_CONFIG_DIRS', '/etc/xdg/xdg-ubuntu:/etc/xdg'), ('XDG_DATA_DIRS', '/usr/share/ubuntu:/usr/local/share/:/usr/share/:/var/lib/snapd/desktop'), ('LC_NUMERIC', 'ru_RU.UTF-8'), ('PYTHONPATH', '/home/eragon/student133_ws/install/test_custom_srv/local/lib/python3.10/dist-packages:/home/eragon/student133_ws/install/test_custom_msg/local/lib/python3.10/dist-packages:/opt/ros/humble/lib/python3.10/site-packages:/opt/ros/humble/local/lib/python3.10/dist-packages'), ('LC_PAPER', 'ru_RU.UTF-8'), ('COLCON', '1'), ('CMAKE_PREFIX_PATH', '/home/eragon/student133_ws/install/test_visualization:/home/eragon/student133_ws/install/test_subscriber:/home/eragon/student133_ws/install/test_service:/home/eragon/student133_ws/install/test_serial_communication:/home/eragon/student133_ws/install/test_publisher:/home/eragon/student133_ws/install/test_pkg:/home/eragon/student133_ws/install/test_parameters:/home/eragon/student133_ws/install/test_custom_srv:/home/eragon/student133_ws/install/test_custom_publisher:/home/eragon/student133_ws/install/test_custom_msg:/home/eragon/student133_ws/install/test_client:/home/eragon/student133_ws/install/test_castom_publisher:/home/eragon/student133_ws/install/custom_counter:/opt/ros/humble')]), 'shell': False}
[0.793268] (test_subscriber) JobProgress: {'identifier': 'test_subscriber', 'progress': 'cmake'}
[0.794949] (test_subscriber) JobProgress: {'identifier': 'test_subscriber', 'progress': 'build'}
[0.795065] (test_subscriber) Command: {'cmd': ['/usr/bin/cmake', '--build', '/home/eragon/student133_ws/build/test_subscriber', '--', '-j8', '-l8'], 'cwd': '/home/eragon/student133_ws/build/test_subscriber', 'env': OrderedDict([('GJS_DEBUG_TOPICS', 'JS ERROR;JS LOG'), ('LANGUAGE', 'ru'), ('LC_TIME', 'ru_RU.UTF-8'), ('USER', 'eragon'), ('XDG_SESSION_TYPE', 'wayland'), ('LD_LIBRARY_PATH', '/home/eragon/student133_ws/install/test_custom_srv/lib:/home/eragon/student133_ws/install/test_custom_msg/lib:/opt/ros/humble/opt/rviz_ogre_vendor/lib:/opt/ros/humble/lib/x86_64-linux-gnu:/opt/ros/humble/lib'), ('SHLVL', '1'), ('HOME', '/home/eragon'), ('DESKTOP_SESSION', 'ubuntu'), ('QTDIR', '/usr/lib/x86_64-linux-gnu/qt5'), ('GIO_LAUNCHED_DESKTOP_FILE', '/home/eragon/.local/share/applications/org.qt-project.qtcreator.desktop'), ('GNOME_SHELL_SESSION_MODE', 'ubuntu'), ('GTK_MODULES', 'gail:atk-bridge'), ('ROS_PYTHON_VERSION', '3'), ('LC_MONETARY', 'ru_RU.UTF-8'), ('MANAGERPID', '880'), ('DBUS_SESSION_BUS_ADDRESS', 'unix:path'), ('SYSTEMD_EXEC_PID', '1061'), ('GIO_LAUNCHED_DESKTOP_FILE_PID', '37771'), ('COLCON_PREFIX_PATH', '/home/eragon/student133_ws/install'), ('IM_CONFIG_PHASE', '1'), ('ROS_DISTRO', 'humble'), ('WAYLAND_DISPLAY', 'wayland-0'), ('LOGNAME', 'eragon'), ('JOURNAL_STREAM', '8:9842'), ('_', '/usr/bin/env'), ('ROS_VERSION', '2'), ('XDG_SESSION_CLASS', 'user'), ('QSG_RHI_BACKEND', 'opengl'), ('USERNAME', 'eragon'), ('GNOME_DESKTOP_SESSION_ID', 'this-is-deprecated'), ('ROS_LOCALHOST_ONLY', '0'), ('PATH', '/opt/ros/humble/bin:/home/eragon/.local/bin:/usr/local/sbin:/usr/local/bin:/usr/sbin:/usr/bin:/sbin:/bin:/usr/games:/usr/local/games:/snap/bin:/snap/bin'), ('INVOCATION_ID', '0420d8a0d2c745188c6147a8a5eb3a80'), ('PAPERSIZE', 'a4'), ('SESSION_MANAGER', 'local/eragon-KPL-W0X:@/tmp/.ICE-unix/1026,unix/eragon-KPL-W0X:/tmp/.ICE-unix/1026'), ('GNOME_SETUP_DISPLAY', ':1'), ('LC_ADDRESS', 'ru_RU.UTF-8'), ('XDG_MENU_PREFIX', 'gnome-'), ('XDG_RUNTIME_DIR', '/run/user/1000'), ('DISPLAY', ':0'), ('LANG', 'ru_RU.UTF-8'), ('LC_TELEPHONE', 'ru_RU.UTF-8'), ('XDG_CURRENT_DESKTOP', 'ubuntu:GNOME'), ('XAUTHORITY', '/run/user/1000/.mutter-Xwaylandauth.A0SSW2'), ('XDG_SESSION_DESKTOP', 'ubuntu'), ('XMODIFIERS', '@im'), ('AMENT_PREFIX_PATH', '/home/eragon/student133_ws/install/test_visualization:/home/eragon/student133_ws/install/test_subscriber:/home/eragon/student133_ws/install/test_serial_communication:/home/eragon/student133_ws/install/test_publisher:/home/eragon/student133_ws/install/test_pkg:/home/eragon/student133_ws/install/test_parameters:/home/eragon/student133_ws/install/test_custom_srv:/home/eragon/student133_ws/install/test_custom_publisher:/home/eragon/student133_ws/install/test_custom_msg:/home/eragon/student133_ws/install/test_client:/home/eragon/student133_ws/install/test_castom_publisher:/home/eragon/student133_ws/install/custom_counter:/opt/ros/humble'), ('SSH_AGENT_LAUNCHER', 'gnome-keyring'), ('SSH_AUTH_SOCK', '/run/user/1000/keyring/ssh'), ('LC_NAME', 'ru_RU.UTF-8'), ('SHELL', '/bin/bash'), ('GDMSESSION', 'ubuntu'), ('QT_ACCESSIBILITY', '1'), ('LC_MEASUREMENT', 'ru_RU.UTF-8'), ('GJS_DEBUG_OUTPUT', 'stderr'), ('LC_IDENTIFICATION', 'ru_RU.UTF-8'), ('QT_IM_MODULE', 'ibus'), ('LC_ALL', 'en_US.UTF-8'), ('PWD', '/home/eragon/student133_ws/build/test_subscriber'), ('QT_QPA_PLATFORM', 'xcb'), ('XDG_CONFIG_DIRS', '/etc/xdg/xdg-ubuntu:/etc/xdg'), ('XDG_DATA_DIRS', '/usr/share/ubuntu:/usr/local/share/:/usr/share/:/var/lib/snapd/desktop'), ('LC_NUMERIC', 'ru_RU.UTF-8'), ('PYTHONPATH', '/home/eragon/student133_ws/install/test_custom_srv/local/lib/python3.10/dist-packages:/home/eragon/student133_ws/install/test_custom_msg/local/lib/python3.10/dist-packages:/opt/ros/humble/lib/python3.10/site-packages:/opt/ros/humble/local/lib/python3.10/dist-packages'), ('LC_PAPER', 'ru_RU.UTF-8'), ('COLCON', '1'), ('CMAKE_PREFIX_PATH', '/home/eragon/student133_ws/install/test_visualization:/home/eragon/student133_ws/install/test_subscriber:/home/eragon/student133_ws/install/test_service:/home/eragon/student133_ws/install/test_serial_communication:/home/eragon/student133_ws/install/test_publisher:/home/eragon/student133_ws/install/test_pkg:/home/eragon/student133_ws/install/test_parameters:/home/eragon/student133_ws/install/test_custom_srv:/home/eragon/student133_ws/install/test_custom_publisher:/home/eragon/student133_ws/install/test_custom_msg:/home/eragon/student133_ws/install/test_client:/home/eragon/student133_ws/install/test_castom_publisher:/home/eragon/student133_ws/install/custom_counter:/opt/ros/humble')]), 'shell': False}
[0.799414] (test_visualization) JobProgress: {'identifier': 'test_visualization', 'progress': 'cmake'}
[0.801063] (test_visualization) JobProgress: {'identifier': 'test_visualization', 'progress': 'build'}
[0.801175] (test_visualization) Command: {'cmd': ['/usr/bin/cmake', '--build', '/home/eragon/student133_ws/build/test_visualization', '--', '-j8', '-l8'], 'cwd': '/home/eragon/student133_ws/build/test_visualization', 'env': OrderedDict([('GJS_DEBUG_TOPICS', 'JS ERROR;JS LOG'), ('LANGUAGE', 'ru'), ('LC_TIME', 'ru_RU.UTF-8'), ('USER', 'eragon'), ('XDG_SESSION_TYPE', 'wayland'), ('LD_LIBRARY_PATH', '/home/eragon/student133_ws/install/test_custom_srv/lib:/home/eragon/student133_ws/install/test_custom_msg/lib:/opt/ros/humble/opt/rviz_ogre_vendor/lib:/opt/ros/humble/lib/x86_64-linux-gnu:/opt/ros/humble/lib'), ('SHLVL', '1'), ('HOME', '/home/eragon'), ('DESKTOP_SESSION', 'ubuntu'), ('QTDIR', '/usr/lib/x86_64-linux-gnu/qt5'), ('GIO_LAUNCHED_DESKTOP_FILE', '/home/eragon/.local/share/applications/org.qt-project.qtcreator.desktop'), ('GNOME_SHELL_SESSION_MODE', 'ubuntu'), ('GTK_MODULES', 'gail:atk-bridge'), ('ROS_PYTHON_VERSION', '3'), ('LC_MONETARY', 'ru_RU.UTF-8'), ('MANAGERPID', '880'), ('DBUS_SESSION_BUS_ADDRESS', 'unix:path'), ('SYSTEMD_EXEC_PID', '1061'), ('GIO_LAUNCHED_DESKTOP_FILE_PID', '37771'), ('COLCON_PREFIX_PATH', '/home/eragon/student133_ws/install'), ('IM_CONFIG_PHASE', '1'), ('ROS_DISTRO', 'humble'), ('WAYLAND_DISPLAY', 'wayland-0'), ('LOGNAME', 'eragon'), ('JOURNAL_STREAM', '8:9842'), ('_', '/usr/bin/env'), ('ROS_VERSION', '2'), ('XDG_SESSION_CLASS', 'user'), ('QSG_RHI_BACKEND', 'opengl'), ('USERNAME', 'eragon'), ('GNOME_DESKTOP_SESSION_ID', 'this-is-deprecated'), ('ROS_LOCALHOST_ONLY', '0'), ('PATH', '/opt/ros/humble/bin:/home/eragon/.local/bin:/usr/local/sbin:/usr/local/bin:/usr/sbin:/usr/bin:/sbin:/bin:/usr/games:/usr/local/games:/snap/bin:/snap/bin'), ('INVOCATION_ID', '0420d8a0d2c745188c6147a8a5eb3a80'), ('PAPERSIZE', 'a4'), ('SESSION_MANAGER', 'local/eragon-KPL-W0X:@/tmp/.ICE-unix/1026,unix/eragon-KPL-W0X:/tmp/.ICE-unix/1026'), ('GNOME_SETUP_DISPLAY', ':1'), ('LC_ADDRESS', 'ru_RU.UTF-8'), ('XDG_MENU_PREFIX', 'gnome-'), ('XDG_RUNTIME_DIR', '/run/user/1000'), ('DISPLAY', ':0'), ('LANG', 'ru_RU.UTF-8'), ('LC_TELEPHONE', 'ru_RU.UTF-8'), ('XDG_CURRENT_DESKTOP', 'ubuntu:GNOME'), ('XAUTHORITY', '/run/user/1000/.mutter-Xwaylandauth.A0SSW2'), ('XDG_SESSION_DESKTOP', 'ubuntu'), ('XMODIFIERS', '@im'), ('AMENT_PREFIX_PATH', '/home/eragon/student133_ws/install/test_visualization:/home/eragon/student133_ws/install/test_subscriber:/home/eragon/student133_ws/install/test_serial_communication:/home/eragon/student133_ws/install/test_publisher:/home/eragon/student133_ws/install/test_pkg:/home/eragon/student133_ws/install/test_parameters:/home/eragon/student133_ws/install/test_custom_srv:/home/eragon/student133_ws/install/test_custom_publisher:/home/eragon/student133_ws/install/test_custom_msg:/home/eragon/student133_ws/install/test_client:/home/eragon/student133_ws/install/test_castom_publisher:/home/eragon/student133_ws/install/custom_counter:/opt/ros/humble'), ('SSH_AGENT_LAUNCHER', 'gnome-keyring'), ('SSH_AUTH_SOCK', '/run/user/1000/keyring/ssh'), ('LC_NAME', 'ru_RU.UTF-8'), ('SHELL', '/bin/bash'), ('GDMSESSION', 'ubuntu'), ('QT_ACCESSIBILITY', '1'), ('LC_MEASUREMENT', 'ru_RU.UTF-8'), ('GJS_DEBUG_OUTPUT', 'stderr'), ('LC_IDENTIFICATION', 'ru_RU.UTF-8'), ('QT_IM_MODULE', 'ibus'), ('LC_ALL', 'en_US.UTF-8'), ('PWD', '/home/eragon/student133_ws/build/test_visualization'), ('QT_QPA_PLATFORM', 'xcb'), ('XDG_CONFIG_DIRS', '/etc/xdg/xdg-ubuntu:/etc/xdg'), ('XDG_DATA_DIRS', '/usr/share/ubuntu:/usr/local/share/:/usr/share/:/var/lib/snapd/desktop'), ('LC_NUMERIC', 'ru_RU.UTF-8'), ('PYTHONPATH', '/home/eragon/student133_ws/install/test_custom_srv/local/lib/python3.10/dist-packages:/home/eragon/student133_ws/install/test_custom_msg/local/lib/python3.10/dist-packages:/opt/ros/humble/lib/python3.10/site-packages:/opt/ros/humble/local/lib/python3.10/dist-packages'), ('LC_PAPER', 'ru_RU.UTF-8'), ('COLCON', '1'), ('CMAKE_PREFIX_PATH', '/home/eragon/student133_ws/install/test_visualization:/home/eragon/student133_ws/install/test_subscriber:/home/eragon/student133_ws/install/test_service:/home/eragon/student133_ws/install/test_serial_communication:/home/eragon/student133_ws/install/test_publisher:/home/eragon/student133_ws/install/test_pkg:/home/eragon/student133_ws/install/test_parameters:/home/eragon/student133_ws/install/test_custom_srv:/home/eragon/student133_ws/install/test_custom_publisher:/home/eragon/student133_ws/install/test_custom_msg:/home/eragon/student133_ws/install/test_client:/home/eragon/student133_ws/install/test_castom_publisher:/home/eragon/student133_ws/install/custom_counter:/opt/ros/humble')]), 'shell': False}
[0.810395] (-) TimerEvent: {}
[0.873816] (test_serial_communication) StdoutLine: {'line': b'Consolidate compiler generated dependencies of target test_serial_communication_node\n'}
[0.900520] (test_serial_communication) StdoutLine: {'line': b'[ 50%] Building CXX object CMakeFiles/test_serial_communication_node.dir/src/test_serial_communication_node.cpp.o\n'}
[0.900790] (test_subscriber) StdoutLine: {'line': b'Consolidate compiler generated dependencies of target test_subscriber_node\n'}
[0.904676] (test_subscriber) StdoutLine: {'line': b'Consolidate compiler generated dependencies of target Triangle_node\n'}
[0.908084] (test_visualization) StdoutLine: {'line': b'Consolidate compiler generated dependencies of target test_visualization_node\n'}
[0.910710] (-) TimerEvent: {}
[0.913458] (test_custom_msg) StdoutLine: {'line': b'running egg_info\n'}
[0.915254] (test_custom_msg) StdoutLine: {'line': b'writing test_custom_msg.egg-info/PKG-INFO\n'}
[0.917122] (test_custom_msg) StdoutLine: {'line': b'writing dependency_links to test_custom_msg.egg-info/dependency_links.txt\n'}
[0.918239] (test_custom_msg) StdoutLine: {'line': b'writing top-level names to test_custom_msg.egg-info/top_level.txt\n'}
[0.925614] (test_custom_msg) StdoutLine: {'line': b"reading manifest file 'test_custom_msg.egg-info/SOURCES.txt'\n"}
[0.925887] (test_custom_msg) StdoutLine: {'line': b"writing manifest file 'test_custom_msg.egg-info/SOURCES.txt'\n"}
[0.926969] (test_service) StdoutLine: {'line': b'[ 50%] Built target test_service_node\n'}
[0.928228] (test_service) StdoutLine: {'line': b'[100%] Built target service_triangle\n'}
[0.931821] (test_subscriber) StdoutLine: {'line': b'[ 50%] Built target test_subscriber_node\n'}
[0.936652] (test_subscriber) StdoutLine: {'line': b'[100%] Built target Triangle_node\n'}
[0.937407] (test_custom_srv) StdoutLine: {'line': b'running egg_info\n'}
[0.939313] (test_custom_srv) StdoutLine: {'line': b'writing test_custom_srv.egg-info/PKG-INFO\n'}
[0.939756] (test_custom_srv) StdoutLine: {'line': b'writing dependency_links to test_custom_srv.egg-info/dependency_links.txt\n'}
[0.940298] (test_custom_srv) StdoutLine: {'line': b'writing top-level names to test_custom_srv.egg-info/top_level.txt\n'}
[0.944906] (test_visualization) StdoutLine: {'line': b'[100%] Built target test_visualization_node\n'}
[0.945748] (test_custom_srv) StdoutLine: {'line': b"reading manifest file 'test_custom_srv.egg-info/SOURCES.txt'\n"}
[0.947209] (test_custom_srv) StdoutLine: {'line': b"writing manifest file 'test_custom_srv.egg-info/SOURCES.txt'\n"}
[0.962903] (test_subscriber) CommandEnded: {'returncode': 0}
[0.968605] (test_service) CommandEnded: {'returncode': 0}
[0.972285] (test_visualization) CommandEnded: {'returncode': 0}
[0.997117] (test_custom_msg) StdoutLine: {'line': b'[100%] Built target ament_cmake_python_build_test_custom_msg_egg\n'}
[1.008400] (test_custom_srv) StdoutLine: {'line': b'[100%] Built target ament_cmake_python_build_test_custom_srv_egg\n'}
[1.010838] (-) TimerEvent: {}
[1.024304] (test_custom_msg) CommandEnded: {'returncode': 0}
[1.028055] (test_subscriber) JobProgress: {'identifier': 'test_subscriber', 'progress': 'install'}
[1.028303] (test_subscriber) Command: {'cmd': ['/usr/bin/cmake', '--install', '/home/eragon/student133_ws/build/test_subscriber'], 'cwd': '/home/eragon/student133_ws/build/test_subscriber', 'env': OrderedDict([('GJS_DEBUG_TOPICS', 'JS ERROR;JS LOG'), ('LANGUAGE', 'ru'), ('LC_TIME', 'ru_RU.UTF-8'), ('USER', 'eragon'), ('XDG_SESSION_TYPE', 'wayland'), ('LD_LIBRARY_PATH', '/home/eragon/student133_ws/install/test_custom_srv/lib:/home/eragon/student133_ws/install/test_custom_msg/lib:/opt/ros/humble/opt/rviz_ogre_vendor/lib:/opt/ros/humble/lib/x86_64-linux-gnu:/opt/ros/humble/lib'), ('SHLVL', '1'), ('HOME', '/home/eragon'), ('DESKTOP_SESSION', 'ubuntu'), ('QTDIR', '/usr/lib/x86_64-linux-gnu/qt5'), ('GIO_LAUNCHED_DESKTOP_FILE', '/home/eragon/.local/share/applications/org.qt-project.qtcreator.desktop'), ('GNOME_SHELL_SESSION_MODE', 'ubuntu'), ('GTK_MODULES', 'gail:atk-bridge'), ('ROS_PYTHON_VERSION', '3'), ('LC_MONETARY', 'ru_RU.UTF-8'), ('MANAGERPID', '880'), ('DBUS_SESSION_BUS_ADDRESS', 'unix:path'), ('SYSTEMD_EXEC_PID', '1061'), ('GIO_LAUNCHED_DESKTOP_FILE_PID', '37771'), ('COLCON_PREFIX_PATH', '/home/eragon/student133_ws/install'), ('IM_CONFIG_PHASE', '1'), ('ROS_DISTRO', 'humble'), ('WAYLAND_DISPLAY', 'wayland-0'), ('LOGNAME', 'eragon'), ('JOURNAL_STREAM', '8:9842'), ('_', '/usr/bin/env'), ('ROS_VERSION', '2'), ('XDG_SESSION_CLASS', 'user'), ('QSG_RHI_BACKEND', 'opengl'), ('USERNAME', 'eragon'), ('GNOME_DESKTOP_SESSION_ID', 'this-is-deprecated'), ('ROS_LOCALHOST_ONLY', '0'), ('PATH', '/opt/ros/humble/bin:/home/eragon/.local/bin:/usr/local/sbin:/usr/local/bin:/usr/sbin:/usr/bin:/sbin:/bin:/usr/games:/usr/local/games:/snap/bin:/snap/bin'), ('INVOCATION_ID', '0420d8a0d2c745188c6147a8a5eb3a80'), ('PAPERSIZE', 'a4'), ('SESSION_MANAGER', 'local/eragon-KPL-W0X:@/tmp/.ICE-unix/1026,unix/eragon-KPL-W0X:/tmp/.ICE-unix/1026'), ('GNOME_SETUP_DISPLAY', ':1'), ('LC_ADDRESS', 'ru_RU.UTF-8'), ('XDG_MENU_PREFIX', 'gnome-'), ('XDG_RUNTIME_DIR', '/run/user/1000'), ('DISPLAY', ':0'), ('LANG', 'ru_RU.UTF-8'), ('LC_TELEPHONE', 'ru_RU.UTF-8'), ('XDG_CURRENT_DESKTOP', 'ubuntu:GNOME'), ('XAUTHORITY', '/run/user/1000/.mutter-Xwaylandauth.A0SSW2'), ('XDG_SESSION_DESKTOP', 'ubuntu'), ('XMODIFIERS', '@im'), ('AMENT_PREFIX_PATH', '/home/eragon/student133_ws/install/test_visualization:/home/eragon/student133_ws/install/test_subscriber:/home/eragon/student133_ws/install/test_serial_communication:/home/eragon/student133_ws/install/test_publisher:/home/eragon/student133_ws/install/test_pkg:/home/eragon/student133_ws/install/test_parameters:/home/eragon/student133_ws/install/test_custom_srv:/home/eragon/student133_ws/install/test_custom_publisher:/home/eragon/student133_ws/install/test_custom_msg:/home/eragon/student133_ws/install/test_client:/home/eragon/student133_ws/install/test_castom_publisher:/home/eragon/student133_ws/install/custom_counter:/opt/ros/humble'), ('SSH_AGENT_LAUNCHER', 'gnome-keyring'), ('SSH_AUTH_SOCK', '/run/user/1000/keyring/ssh'), ('LC_NAME', 'ru_RU.UTF-8'), ('SHELL', '/bin/bash'), ('GDMSESSION', 'ubuntu'), ('QT_ACCESSIBILITY', '1'), ('LC_MEASUREMENT', 'ru_RU.UTF-8'), ('GJS_DEBUG_OUTPUT', 'stderr'), ('LC_IDENTIFICATION', 'ru_RU.UTF-8'), ('QT_IM_MODULE', 'ibus'), ('LC_ALL', 'en_US.UTF-8'), ('PWD', '/home/eragon/student133_ws/build/test_subscriber'), ('QT_QPA_PLATFORM', 'xcb'), ('XDG_CONFIG_DIRS', '/etc/xdg/xdg-ubuntu:/etc/xdg'), ('XDG_DATA_DIRS', '/usr/share/ubuntu:/usr/local/share/:/usr/share/:/var/lib/snapd/desktop'), ('LC_NUMERIC', 'ru_RU.UTF-8'), ('PYTHONPATH', '/home/eragon/student133_ws/install/test_custom_srv/local/lib/python3.10/dist-packages:/home/eragon/student133_ws/install/test_custom_msg/local/lib/python3.10/dist-packages:/opt/ros/humble/lib/python3.10/site-packages:/opt/ros/humble/local/lib/python3.10/dist-packages'), ('LC_PAPER', 'ru_RU.UTF-8'), ('COLCON', '1'), ('CMAKE_PREFIX_PATH', '/home/eragon/student133_ws/install/test_visualization:/home/eragon/student133_ws/install/test_subscriber:/home/eragon/student133_ws/install/test_service:/home/eragon/student133_ws/install/test_serial_communication:/home/eragon/student133_ws/install/test_publisher:/home/eragon/student133_ws/install/test_pkg:/home/eragon/student133_ws/install/test_parameters:/home/eragon/student133_ws/install/test_custom_srv:/home/eragon/student133_ws/install/test_custom_publisher:/home/eragon/student133_ws/install/test_custom_msg:/home/eragon/student133_ws/install/test_client:/home/eragon/student133_ws/install/test_castom_publisher:/home/eragon/student133_ws/install/custom_counter:/opt/ros/humble')]), 'shell': False}
[1.031507] (test_visualization) JobProgress: {'identifier': 'test_visualization', 'progress': 'install'}
[1.031607] (test_visualization) Command: {'cmd': ['/usr/bin/cmake', '--install', '/home/eragon/student133_ws/build/test_visualization'], 'cwd': '/home/eragon/student133_ws/build/test_visualization', 'env': OrderedDict([('GJS_DEBUG_TOPICS', 'JS ERROR;JS LOG'), ('LANGUAGE', 'ru'), ('LC_TIME', 'ru_RU.UTF-8'), ('USER', 'eragon'), ('XDG_SESSION_TYPE', 'wayland'), ('LD_LIBRARY_PATH', '/home/eragon/student133_ws/install/test_custom_srv/lib:/home/eragon/student133_ws/install/test_custom_msg/lib:/opt/ros/humble/opt/rviz_ogre_vendor/lib:/opt/ros/humble/lib/x86_64-linux-gnu:/opt/ros/humble/lib'), ('SHLVL', '1'), ('HOME', '/home/eragon'), ('DESKTOP_SESSION', 'ubuntu'), ('QTDIR', '/usr/lib/x86_64-linux-gnu/qt5'), ('GIO_LAUNCHED_DESKTOP_FILE', '/home/eragon/.local/share/applications/org.qt-project.qtcreator.desktop'), ('GNOME_SHELL_SESSION_MODE', 'ubuntu'), ('GTK_MODULES', 'gail:atk-bridge'), ('ROS_PYTHON_VERSION', '3'), ('LC_MONETARY', 'ru_RU.UTF-8'), ('MANAGERPID', '880'), ('DBUS_SESSION_BUS_ADDRESS', 'unix:path'), ('SYSTEMD_EXEC_PID', '1061'), ('GIO_LAUNCHED_DESKTOP_FILE_PID', '37771'), ('COLCON_PREFIX_PATH', '/home/eragon/student133_ws/install'), ('IM_CONFIG_PHASE', '1'), ('ROS_DISTRO', 'humble'), ('WAYLAND_DISPLAY', 'wayland-0'), ('LOGNAME', 'eragon'), ('JOURNAL_STREAM', '8:9842'), ('_', '/usr/bin/env'), ('ROS_VERSION', '2'), ('XDG_SESSION_CLASS', 'user'), ('QSG_RHI_BACKEND', 'opengl'), ('USERNAME', 'eragon'), ('GNOME_DESKTOP_SESSION_ID', 'this-is-deprecated'), ('ROS_LOCALHOST_ONLY', '0'), ('PATH', '/opt/ros/humble/bin:/home/eragon/.local/bin:/usr/local/sbin:/usr/local/bin:/usr/sbin:/usr/bin:/sbin:/bin:/usr/games:/usr/local/games:/snap/bin:/snap/bin'), ('INVOCATION_ID', '0420d8a0d2c745188c6147a8a5eb3a80'), ('PAPERSIZE', 'a4'), ('SESSION_MANAGER', 'local/eragon-KPL-W0X:@/tmp/.ICE-unix/1026,unix/eragon-KPL-W0X:/tmp/.ICE-unix/1026'), ('GNOME_SETUP_DISPLAY', ':1'), ('LC_ADDRESS', 'ru_RU.UTF-8'), ('XDG_MENU_PREFIX', 'gnome-'), ('XDG_RUNTIME_DIR', '/run/user/1000'), ('DISPLAY', ':0'), ('LANG', 'ru_RU.UTF-8'), ('LC_TELEPHONE', 'ru_RU.UTF-8'), ('XDG_CURRENT_DESKTOP', 'ubuntu:GNOME'), ('XAUTHORITY', '/run/user/1000/.mutter-Xwaylandauth.A0SSW2'), ('XDG_SESSION_DESKTOP', 'ubuntu'), ('XMODIFIERS', '@im'), ('AMENT_PREFIX_PATH', '/home/eragon/student133_ws/install/test_visualization:/home/eragon/student133_ws/install/test_subscriber:/home/eragon/student133_ws/install/test_serial_communication:/home/eragon/student133_ws/install/test_publisher:/home/eragon/student133_ws/install/test_pkg:/home/eragon/student133_ws/install/test_parameters:/home/eragon/student133_ws/install/test_custom_srv:/home/eragon/student133_ws/install/test_custom_publisher:/home/eragon/student133_ws/install/test_custom_msg:/home/eragon/student133_ws/install/test_client:/home/eragon/student133_ws/install/test_castom_publisher:/home/eragon/student133_ws/install/custom_counter:/opt/ros/humble'), ('SSH_AGENT_LAUNCHER', 'gnome-keyring'), ('SSH_AUTH_SOCK', '/run/user/1000/keyring/ssh'), ('LC_NAME', 'ru_RU.UTF-8'), ('SHELL', '/bin/bash'), ('GDMSESSION', 'ubuntu'), ('QT_ACCESSIBILITY', '1'), ('LC_MEASUREMENT', 'ru_RU.UTF-8'), ('GJS_DEBUG_OUTPUT', 'stderr'), ('LC_IDENTIFICATION', 'ru_RU.UTF-8'), ('QT_IM_MODULE', 'ibus'), ('LC_ALL', 'en_US.UTF-8'), ('PWD', '/home/eragon/student133_ws/build/test_visualization'), ('QT_QPA_PLATFORM', 'xcb'), ('XDG_CONFIG_DIRS', '/etc/xdg/xdg-ubuntu:/etc/xdg'), ('XDG_DATA_DIRS', '/usr/share/ubuntu:/usr/local/share/:/usr/share/:/var/lib/snapd/desktop'), ('LC_NUMERIC', 'ru_RU.UTF-8'), ('PYTHONPATH', '/home/eragon/student133_ws/install/test_custom_srv/local/lib/python3.10/dist-packages:/home/eragon/student133_ws/install/test_custom_msg/local/lib/python3.10/dist-packages:/opt/ros/humble/lib/python3.10/site-packages:/opt/ros/humble/local/lib/python3.10/dist-packages'), ('LC_PAPER', 'ru_RU.UTF-8'), ('COLCON', '1'), ('CMAKE_PREFIX_PATH', '/home/eragon/student133_ws/install/test_visualization:/home/eragon/student133_ws/install/test_subscriber:/home/eragon/student133_ws/install/test_service:/home/eragon/student133_ws/install/test_serial_communication:/home/eragon/student133_ws/install/test_publisher:/home/eragon/student133_ws/install/test_pkg:/home/eragon/student133_ws/install/test_parameters:/home/eragon/student133_ws/install/test_custom_srv:/home/eragon/student133_ws/install/test_custom_publisher:/home/eragon/student133_ws/install/test_custom_msg:/home/eragon/student133_ws/install/test_client:/home/eragon/student133_ws/install/test_castom_publisher:/home/eragon/student133_ws/install/custom_counter:/opt/ros/humble')]), 'shell': False}
[1.034840] (test_service) JobProgress: {'identifier': 'test_service', 'progress': 'install'}
[1.035780] (test_service) Command: {'cmd': ['/usr/bin/cmake', '--install', '/home/eragon/student133_ws/build/test_service'], 'cwd': '/home/eragon/student133_ws/build/test_service', 'env': OrderedDict([('GJS_DEBUG_TOPICS', 'JS ERROR;JS LOG'), ('LANGUAGE', 'ru'), ('LC_TIME', 'ru_RU.UTF-8'), ('USER', 'eragon'), ('XDG_SESSION_TYPE', 'wayland'), ('LD_LIBRARY_PATH', '/home/eragon/student133_ws/install/test_custom_srv/lib:/home/eragon/student133_ws/install/test_custom_msg/lib:/opt/ros/humble/opt/rviz_ogre_vendor/lib:/opt/ros/humble/lib/x86_64-linux-gnu:/opt/ros/humble/lib'), ('SHLVL', '1'), ('HOME', '/home/eragon'), ('DESKTOP_SESSION', 'ubuntu'), ('QTDIR', '/usr/lib/x86_64-linux-gnu/qt5'), ('GIO_LAUNCHED_DESKTOP_FILE', '/home/eragon/.local/share/applications/org.qt-project.qtcreator.desktop'), ('GNOME_SHELL_SESSION_MODE', 'ubuntu'), ('GTK_MODULES', 'gail:atk-bridge'), ('ROS_PYTHON_VERSION', '3'), ('LC_MONETARY', 'ru_RU.UTF-8'), ('MANAGERPID', '880'), ('DBUS_SESSION_BUS_ADDRESS', 'unix:path'), ('SYSTEMD_EXEC_PID', '1061'), ('GIO_LAUNCHED_DESKTOP_FILE_PID', '37771'), ('COLCON_PREFIX_PATH', '/home/eragon/student133_ws/install'), ('IM_CONFIG_PHASE', '1'), ('ROS_DISTRO', 'humble'), ('WAYLAND_DISPLAY', 'wayland-0'), ('LOGNAME', 'eragon'), ('JOURNAL_STREAM', '8:9842'), ('_', '/usr/bin/env'), ('ROS_VERSION', '2'), ('XDG_SESSION_CLASS', 'user'), ('QSG_RHI_BACKEND', 'opengl'), ('USERNAME', 'eragon'), ('GNOME_DESKTOP_SESSION_ID', 'this-is-deprecated'), ('ROS_LOCALHOST_ONLY', '0'), ('PATH', '/opt/ros/humble/bin:/home/eragon/.local/bin:/usr/local/sbin:/usr/local/bin:/usr/sbin:/usr/bin:/sbin:/bin:/usr/games:/usr/local/games:/snap/bin:/snap/bin'), ('INVOCATION_ID', '0420d8a0d2c745188c6147a8a5eb3a80'), ('PAPERSIZE', 'a4'), ('SESSION_MANAGER', 'local/eragon-KPL-W0X:@/tmp/.ICE-unix/1026,unix/eragon-KPL-W0X:/tmp/.ICE-unix/1026'), ('GNOME_SETUP_DISPLAY', ':1'), ('LC_ADDRESS', 'ru_RU.UTF-8'), ('XDG_MENU_PREFIX', 'gnome-'), ('XDG_RUNTIME_DIR', '/run/user/1000'), ('DISPLAY', ':0'), ('LANG', 'ru_RU.UTF-8'), ('LC_TELEPHONE', 'ru_RU.UTF-8'), ('XDG_CURRENT_DESKTOP', 'ubuntu:GNOME'), ('XAUTHORITY', '/run/user/1000/.mutter-Xwaylandauth.A0SSW2'), ('XDG_SESSION_DESKTOP', 'ubuntu'), ('XMODIFIERS', '@im'), ('AMENT_PREFIX_PATH', '/home/eragon/student133_ws/install/test_visualization:/home/eragon/student133_ws/install/test_subscriber:/home/eragon/student133_ws/install/test_serial_communication:/home/eragon/student133_ws/install/test_publisher:/home/eragon/student133_ws/install/test_pkg:/home/eragon/student133_ws/install/test_parameters:/home/eragon/student133_ws/install/test_custom_srv:/home/eragon/student133_ws/install/test_custom_publisher:/home/eragon/student133_ws/install/test_custom_msg:/home/eragon/student133_ws/install/test_client:/home/eragon/student133_ws/install/test_castom_publisher:/home/eragon/student133_ws/install/custom_counter:/opt/ros/humble'), ('SSH_AGENT_LAUNCHER', 'gnome-keyring'), ('SSH_AUTH_SOCK', '/run/user/1000/keyring/ssh'), ('LC_NAME', 'ru_RU.UTF-8'), ('SHELL', '/bin/bash'), ('GDMSESSION', 'ubuntu'), ('QT_ACCESSIBILITY', '1'), ('LC_MEASUREMENT', 'ru_RU.UTF-8'), ('GJS_DEBUG_OUTPUT', 'stderr'), ('LC_IDENTIFICATION', 'ru_RU.UTF-8'), ('QT_IM_MODULE', 'ibus'), ('LC_ALL', 'en_US.UTF-8'), ('PWD', '/home/eragon/student133_ws/build/test_service'), ('QT_QPA_PLATFORM', 'xcb'), ('XDG_CONFIG_DIRS', '/etc/xdg/xdg-ubuntu:/etc/xdg'), ('XDG_DATA_DIRS', '/usr/share/ubuntu:/usr/local/share/:/usr/share/:/var/lib/snapd/desktop'), ('LC_NUMERIC', 'ru_RU.UTF-8'), ('PYTHONPATH', '/home/eragon/student133_ws/install/test_custom_srv/local/lib/python3.10/dist-packages:/home/eragon/student133_ws/install/test_custom_msg/local/lib/python3.10/dist-packages:/opt/ros/humble/lib/python3.10/site-packages:/opt/ros/humble/local/lib/python3.10/dist-packages'), ('LC_PAPER', 'ru_RU.UTF-8'), ('COLCON', '1'), ('CMAKE_PREFIX_PATH', '/home/eragon/student133_ws/install/test_visualization:/home/eragon/student133_ws/install/test_subscriber:/home/eragon/student133_ws/install/test_service:/home/eragon/student133_ws/install/test_serial_communication:/home/eragon/student133_ws/install/test_publisher:/home/eragon/student133_ws/install/test_pkg:/home/eragon/student133_ws/install/test_parameters:/home/eragon/student133_ws/install/test_custom_srv:/home/eragon/student133_ws/install/test_custom_publisher:/home/eragon/student133_ws/install/test_custom_msg:/home/eragon/student133_ws/install/test_client:/home/eragon/student133_ws/install/test_castom_publisher:/home/eragon/student133_ws/install/custom_counter:/opt/ros/humble')]), 'shell': False}
[1.037386] (test_custom_srv) CommandEnded: {'returncode': 0}
[1.044251] (test_subscriber) StdoutLine: {'line': b'-- Install configuration: "Debug"\n'}
[1.045370] (test_subscriber) StdoutLine: {'line': b'-- Installing: /home/eragon/student133_ws/install/test_subscriber/lib/test_subscriber/test_subscriber_node\n'}
[1.049948] (test_visualization) StdoutLine: {'line': b'-- Install configuration: "Debug"\n'}
[1.050890] (test_visualization) StdoutLine: {'line': b'-- Installing: /home/eragon/student133_ws/install/test_visualization/lib/test_visualization/test_visualization_node\n'}
[1.052631] (test_service) StdoutLine: {'line': b'-- Install configuration: "Debug"\n'}
[1.053083] (test_service) StdoutLine: {'line': b'-- Up-to-date: /home/eragon/student133_ws/install/test_service/lib/test_service/test_service_node\n'}
[1.053872] (test_service) StdoutLine: {'line': b'-- Up-to-date: /home/eragon/student133_ws/install/test_service/lib/test_service/service_triangle\n'}
[1.054275] (test_service) StdoutLine: {'line': b'-- Up-to-date: /home/eragon/student133_ws/install/test_service/share/ament_index/resource_index/package_run_dependencies/test_service\n'}
[1.055304] (test_service) StdoutLine: {'line': b'-- Up-to-date: /home/eragon/student133_ws/install/test_service/share/ament_index/resource_index/parent_prefix_path/test_service\n'}
[1.055528] (test_service) StdoutLine: {'line': b'-- Up-to-date: /home/eragon/student133_ws/install/test_service/share/test_service/environment/ament_prefix_path.sh\n'}
[1.055664] (test_service) StdoutLine: {'line': b'-- Up-to-date: /home/eragon/student133_ws/install/test_service/share/test_service/environment/ament_prefix_path.dsv\n'}
[1.055797] (test_service) StdoutLine: {'line': b'-- Up-to-date: /home/eragon/student133_ws/install/test_service/share/test_service/environment/path.sh\n'}
[1.055937] (test_service) StdoutLine: {'line': b'-- Up-to-date: /home/eragon/student133_ws/install/test_service/share/test_service/environment/path.dsv\n'}
[1.056061] (test_service) StdoutLine: {'line': b'-- Up-to-date: /home/eragon/student133_ws/install/test_service/share/test_service/local_setup.bash\n'}
[1.056200] (test_service) StdoutLine: {'line': b'-- Up-to-date: /home/eragon/student133_ws/install/test_service/share/test_service/local_setup.sh\n'}
[1.056341] (test_service) StdoutLine: {'line': b'-- Up-to-date: /home/eragon/student133_ws/install/test_service/share/test_service/local_setup.zsh\n'}
[1.056462] (test_service) StdoutLine: {'line': b'-- Up-to-date: /home/eragon/student133_ws/install/test_service/share/test_service/local_setup.dsv\n'}
[1.056581] (test_service) StdoutLine: {'line': b'-- Installing: /home/eragon/student133_ws/install/test_service/share/test_service/package.dsv\n'}
[1.056984] (test_service) StdoutLine: {'line': b'-- Up-to-date: /home/eragon/student133_ws/install/test_service/share/ament_index/resource_index/packages/test_service\n'}
[1.057143] (test_service) StdoutLine: {'line': b'-- Up-to-date: /home/eragon/student133_ws/install/test_service/share/test_service/cmake/test_serviceConfig.cmake\n'}
[1.057302] (test_service) StdoutLine: {'line': b'-- Up-to-date: /home/eragon/student133_ws/install/test_service/share/test_service/cmake/test_serviceConfig-version.cmake\n'}
[1.057434] (test_service) StdoutLine: {'line': b'-- Up-to-date: /home/eragon/student133_ws/install/test_service/share/test_service/package.xml\n'}
[1.060523] (test_service) CommandEnded: {'returncode': 0}
[1.074637] (test_visualization) StdoutLine: {'line': b'-- Set runtime path of "/home/eragon/student133_ws/install/test_visualization/lib/test_visualization/test_visualization_node" to ""\n'}
[1.076824] (test_visualization) StdoutLine: {'line': b'-- Up-to-date: /home/eragon/student133_ws/install/test_visualization/share/ament_index/resource_index/package_run_dependencies/test_visualization\n'}
[1.077223] (test_visualization) StdoutLine: {'line': b'-- Installing: /home/eragon/student133_ws/install/test_visualization/share/ament_index/resource_index/parent_prefix_path/test_visualization\n'}
[1.077500] (test_visualization) StdoutLine: {'line': b'-- Installing: /home/eragon/student133_ws/install/test_visualization/share/test_visualization/environment/ament_prefix_path.sh\n'}
[1.077657] (test_visualization) StdoutLine: {'line': b'-- Installing: /home/eragon/student133_ws/install/test_visualization/share/test_visualization/environment/ament_prefix_path.dsv\n'}
[1.077791] (test_visualization) StdoutLine: {'line': b'-- Installing: /home/eragon/student133_ws/install/test_visualization/share/test_visualization/environment/path.sh\n'}
[1.077924] (test_visualization) StdoutLine: {'line': b'-- Installing: /home/eragon/student133_ws/install/test_visualization/share/test_visualization/environment/path.dsv\n'}
[1.078071] (test_visualization) StdoutLine: {'line': b'-- Up-to-date: /home/eragon/student133_ws/install/test_visualization/share/test_visualization/local_setup.bash\n'}
[1.078253] (test_visualization) StdoutLine: {'line': b'-- Installing: /home/eragon/student133_ws/install/test_visualization/share/test_visualization/local_setup.sh\n'}
[1.078431] (test_visualization) StdoutLine: {'line': b'-- Up-to-date: /home/eragon/student133_ws/install/test_visualization/share/test_visualization/local_setup.zsh\n'}
[1.078568] (test_visualization) StdoutLine: {'line': b'-- Installing: /home/eragon/student133_ws/install/test_visualization/share/test_visualization/local_setup.dsv\n'}
[1.078699] (test_visualization) StdoutLine: {'line': b'-- Installing: /home/eragon/student133_ws/install/test_visualization/share/test_visualization/package.dsv\n'}
[1.078826] (test_visualization) StdoutLine: {'line': b'-- Up-to-date: /home/eragon/student133_ws/install/test_visualization/share/ament_index/resource_index/packages/test_visualization\n'}
[1.078966] (test_visualization) StdoutLine: {'line': b'-- Up-to-date: /home/eragon/student133_ws/install/test_visualization/share/test_visualization/cmake/test_visualizationConfig.cmake\n'}
[1.079099] (test_visualization) StdoutLine: {'line': b'-- Up-to-date: /home/eragon/student133_ws/install/test_visualization/share/test_visualization/cmake/test_visualizationConfig-version.cmake\n'}
[1.079269] (test_visualization) StdoutLine: {'line': b'-- Installing: /home/eragon/student133_ws/install/test_visualization/share/test_visualization/package.xml\n'}
[1.079563] (test_subscriber) StdoutLine: {'line': b'-- Set runtime path of "/home/eragon/student133_ws/install/test_subscriber/lib/test_subscriber/test_subscriber_node" to ""\n'}
[1.080041] (test_subscriber) StdoutLine: {'line': b'-- Installing: /home/eragon/student133_ws/install/test_subscriber/lib/test_subscriber/Triangle_node\n'}
[1.080402] (test_visualization) CommandEnded: {'returncode': 0}
[1.101846] (test_subscriber) StdoutLine: {'line': b'-- Set runtime path of "/home/eragon/student133_ws/install/test_subscriber/lib/test_subscriber/Triangle_node" to ""\n'}
[1.102109] (test_subscriber) StdoutLine: {'line': b'-- Up-to-date: /home/eragon/student133_ws/install/test_subscriber/share/ament_index/resource_index/package_run_dependencies/test_subscriber\n'}
[1.102496] (test_subscriber) StdoutLine: {'line': b'-- Installing: /home/eragon/student133_ws/install/test_subscriber/share/ament_index/resource_index/parent_prefix_path/test_subscriber\n'}
[1.102935] (test_subscriber) StdoutLine: {'line': b'-- Installing: /home/eragon/student133_ws/install/test_subscriber/share/test_subscriber/environment/ament_prefix_path.sh\n'}
[1.103340] (test_subscriber) StdoutLine: {'line': b'-- Installing: /home/eragon/student133_ws/install/test_subscriber/share/test_subscriber/environment/ament_prefix_path.dsv\n'}
[1.103752] (test_subscriber) StdoutLine: {'line': b'-- Installing: /home/eragon/student133_ws/install/test_subscriber/share/test_subscriber/environment/path.sh\n'}
[1.104186] (test_subscriber) StdoutLine: {'line': b'-- Installing: /home/eragon/student133_ws/install/test_subscriber/share/test_subscriber/environment/path.dsv\n'}
[1.104547] (test_subscriber) StdoutLine: {'line': b'-- Up-to-date: /home/eragon/student133_ws/install/test_subscriber/share/test_subscriber/local_setup.bash\n'}
[1.104712] (test_subscriber) StdoutLine: {'line': b'-- Installing: /home/eragon/student133_ws/install/test_subscriber/share/test_subscriber/local_setup.sh\n'}
[1.105249] (test_subscriber) StdoutLine: {'line': b'-- Up-to-date: /home/eragon/student133_ws/install/test_subscriber/share/test_subscriber/local_setup.zsh\n'}
[1.105449] (test_subscriber) StdoutLine: {'line': b'-- Installing: /home/eragon/student133_ws/install/test_subscriber/share/test_subscriber/local_setup.dsv\n'}
[1.105929] (test_subscriber) StdoutLine: {'line': b'-- Installing: /home/eragon/student133_ws/install/test_subscriber/share/test_subscriber/package.dsv\n'}
[1.106560] (test_subscriber) StdoutLine: {'line': b'-- Up-to-date: /home/eragon/student133_ws/install/test_subscriber/share/ament_index/resource_index/packages/test_subscriber\n'}
[1.107104] (test_subscriber) StdoutLine: {'line': b'-- Up-to-date: /home/eragon/student133_ws/install/test_subscriber/share/test_subscriber/cmake/test_subscriberConfig.cmake\n'}
[1.107440] (test_subscriber) StdoutLine: {'line': b'-- Up-to-date: /home/eragon/student133_ws/install/test_subscriber/share/test_subscriber/cmake/test_subscriberConfig-version.cmake\n'}
[1.107587] (test_subscriber) StdoutLine: {'line': b'-- Installing: /home/eragon/student133_ws/install/test_subscriber/share/test_subscriber/package.xml\n'}
[1.110854] (test_subscriber) CommandEnded: {'returncode': 0}
[1.112518] (-) TimerEvent: {}
[1.145102] (test_service) JobEnded: {'identifier': 'test_service', 'rc': 0}
[1.160287] (test_visualization) JobEnded: {'identifier': 'test_visualization', 'rc': 0}
[1.195017] (test_subscriber) JobEnded: {'identifier': 'test_subscriber', 'rc': 0}
[1.196535] (test_custom_msg) JobProgress: {'identifier': 'test_custom_msg', 'progress': 'install'}
[1.196624] (test_custom_msg) Command: {'cmd': ['/usr/bin/cmake', '--install', '/home/eragon/student133_ws/build/test_custom_msg'], 'cwd': '/home/eragon/student133_ws/build/test_custom_msg', 'env': OrderedDict([('GJS_DEBUG_TOPICS', 'JS ERROR;JS LOG'), ('LANGUAGE', 'ru'), ('LC_TIME', 'ru_RU.UTF-8'), ('USER', 'eragon'), ('XDG_SESSION_TYPE', 'wayland'), ('LD_LIBRARY_PATH', '/home/eragon/student133_ws/install/test_custom_srv/lib:/home/eragon/student133_ws/install/test_custom_msg/lib:/opt/ros/humble/opt/rviz_ogre_vendor/lib:/opt/ros/humble/lib/x86_64-linux-gnu:/opt/ros/humble/lib'), ('SHLVL', '1'), ('HOME', '/home/eragon'), ('DESKTOP_SESSION', 'ubuntu'), ('QTDIR', '/usr/lib/x86_64-linux-gnu/qt5'), ('GIO_LAUNCHED_DESKTOP_FILE', '/home/eragon/.local/share/applications/org.qt-project.qtcreator.desktop'), ('GNOME_SHELL_SESSION_MODE', 'ubuntu'), ('GTK_MODULES', 'gail:atk-bridge'), ('ROS_PYTHON_VERSION', '3'), ('LC_MONETARY', 'ru_RU.UTF-8'), ('MANAGERPID', '880'), ('DBUS_SESSION_BUS_ADDRESS', 'unix:path'), ('SYSTEMD_EXEC_PID', '1061'), ('GIO_LAUNCHED_DESKTOP_FILE_PID', '37771'), ('COLCON_PREFIX_PATH', '/home/eragon/student133_ws/install'), ('IM_CONFIG_PHASE', '1'), ('ROS_DISTRO', 'humble'), ('WAYLAND_DISPLAY', 'wayland-0'), ('LOGNAME', 'eragon'), ('JOURNAL_STREAM', '8:9842'), ('_', '/usr/bin/env'), ('ROS_VERSION', '2'), ('XDG_SESSION_CLASS', 'user'), ('QSG_RHI_BACKEND', 'opengl'), ('USERNAME', 'eragon'), ('GNOME_DESKTOP_SESSION_ID', 'this-is-deprecated'), ('ROS_LOCALHOST_ONLY', '0'), ('PATH', '/opt/ros/humble/bin:/home/eragon/.local/bin:/usr/local/sbin:/usr/local/bin:/usr/sbin:/usr/bin:/sbin:/bin:/usr/games:/usr/local/games:/snap/bin:/snap/bin'), ('INVOCATION_ID', '0420d8a0d2c745188c6147a8a5eb3a80'), ('PAPERSIZE', 'a4'), ('SESSION_MANAGER', 'local/eragon-KPL-W0X:@/tmp/.ICE-unix/1026,unix/eragon-KPL-W0X:/tmp/.ICE-unix/1026'), ('GNOME_SETUP_DISPLAY', ':1'), ('LC_ADDRESS', 'ru_RU.UTF-8'), ('XDG_MENU_PREFIX', 'gnome-'), ('XDG_RUNTIME_DIR', '/run/user/1000'), ('DISPLAY', ':0'), ('LANG', 'ru_RU.UTF-8'), ('LC_TELEPHONE', 'ru_RU.UTF-8'), ('XDG_CURRENT_DESKTOP', 'ubuntu:GNOME'), ('XAUTHORITY', '/run/user/1000/.mutter-Xwaylandauth.A0SSW2'), ('XDG_SESSION_DESKTOP', 'ubuntu'), ('XMODIFIERS', '@im'), ('AMENT_PREFIX_PATH', '/home/eragon/student133_ws/install/test_visualization:/home/eragon/student133_ws/install/test_subscriber:/home/eragon/student133_ws/install/test_serial_communication:/home/eragon/student133_ws/install/test_publisher:/home/eragon/student133_ws/install/test_pkg:/home/eragon/student133_ws/install/test_parameters:/home/eragon/student133_ws/install/test_custom_srv:/home/eragon/student133_ws/install/test_custom_publisher:/home/eragon/student133_ws/install/test_custom_msg:/home/eragon/student133_ws/install/test_client:/home/eragon/student133_ws/install/test_castom_publisher:/home/eragon/student133_ws/install/custom_counter:/opt/ros/humble'), ('SSH_AGENT_LAUNCHER', 'gnome-keyring'), ('SSH_AUTH_SOCK', '/run/user/1000/keyring/ssh'), ('LC_NAME', 'ru_RU.UTF-8'), ('SHELL', '/bin/bash'), ('GDMSESSION', 'ubuntu'), ('QT_ACCESSIBILITY', '1'), ('LC_MEASUREMENT', 'ru_RU.UTF-8'), ('GJS_DEBUG_OUTPUT', 'stderr'), ('LC_IDENTIFICATION', 'ru_RU.UTF-8'), ('QT_IM_MODULE', 'ibus'), ('LC_ALL', 'en_US.UTF-8'), ('PWD', '/home/eragon/student133_ws/build/test_custom_msg'), ('QT_QPA_PLATFORM', 'xcb'), ('XDG_CONFIG_DIRS', '/etc/xdg/xdg-ubuntu:/etc/xdg'), ('XDG_DATA_DIRS', '/usr/share/ubuntu:/usr/local/share/:/usr/share/:/var/lib/snapd/desktop'), ('LC_NUMERIC', 'ru_RU.UTF-8'), ('PYTHONPATH', '/home/eragon/student133_ws/install/test_custom_srv/local/lib/python3.10/dist-packages:/home/eragon/student133_ws/install/test_custom_msg/local/lib/python3.10/dist-packages:/opt/ros/humble/lib/python3.10/site-packages:/opt/ros/humble/local/lib/python3.10/dist-packages'), ('LC_PAPER', 'ru_RU.UTF-8'), ('COLCON', '1'), ('CMAKE_PREFIX_PATH', '/home/eragon/student133_ws/install/test_visualization:/home/eragon/student133_ws/install/test_subscriber:/home/eragon/student133_ws/install/test_service:/home/eragon/student133_ws/install/test_serial_communication:/home/eragon/student133_ws/install/test_publisher:/home/eragon/student133_ws/install/test_pkg:/home/eragon/student133_ws/install/test_parameters:/home/eragon/student133_ws/install/test_custom_srv:/home/eragon/student133_ws/install/test_custom_publisher:/home/eragon/student133_ws/install/test_custom_msg:/home/eragon/student133_ws/install/test_client:/home/eragon/student133_ws/install/test_castom_publisher:/home/eragon/student133_ws/install/custom_counter:/opt/ros/humble')]), 'shell': False}
[1.202738] (test_custom_srv) JobProgress: {'identifier': 'test_custom_srv', 'progress': 'install'}
[1.202822] (test_custom_srv) Command: {'cmd': ['/usr/bin/cmake', '--install', '/home/eragon/student133_ws/build/test_custom_srv'], 'cwd': '/home/eragon/student133_ws/build/test_custom_srv', 'env': OrderedDict([('GJS_DEBUG_TOPICS', 'JS ERROR;JS LOG'), ('LANGUAGE', 'ru'), ('LC_TIME', 'ru_RU.UTF-8'), ('USER', 'eragon'), ('XDG_SESSION_TYPE', 'wayland'), ('LD_LIBRARY_PATH', '/home/eragon/student133_ws/install/test_custom_srv/lib:/home/eragon/student133_ws/install/test_custom_msg/lib:/opt/ros/humble/opt/rviz_ogre_vendor/lib:/opt/ros/humble/lib/x86_64-linux-gnu:/opt/ros/humble/lib'), ('SHLVL', '1'), ('HOME', '/home/eragon'), ('DESKTOP_SESSION', 'ubuntu'), ('QTDIR', '/usr/lib/x86_64-linux-gnu/qt5'), ('GIO_LAUNCHED_DESKTOP_FILE', '/home/eragon/.local/share/applications/org.qt-project.qtcreator.desktop'), ('GNOME_SHELL_SESSION_MODE', 'ubuntu'), ('GTK_MODULES', 'gail:atk-bridge'), ('ROS_PYTHON_VERSION', '3'), ('LC_MONETARY', 'ru_RU.UTF-8'), ('MANAGERPID', '880'), ('DBUS_SESSION_BUS_ADDRESS', 'unix:path'), ('SYSTEMD_EXEC_PID', '1061'), ('GIO_LAUNCHED_DESKTOP_FILE_PID', '37771'), ('COLCON_PREFIX_PATH', '/home/eragon/student133_ws/install'), ('IM_CONFIG_PHASE', '1'), ('ROS_DISTRO', 'humble'), ('WAYLAND_DISPLAY', 'wayland-0'), ('LOGNAME', 'eragon'), ('JOURNAL_STREAM', '8:9842'), ('_', '/usr/bin/env'), ('ROS_VERSION', '2'), ('XDG_SESSION_CLASS', 'user'), ('QSG_RHI_BACKEND', 'opengl'), ('USERNAME', 'eragon'), ('GNOME_DESKTOP_SESSION_ID', 'this-is-deprecated'), ('ROS_LOCALHOST_ONLY', '0'), ('PATH', '/opt/ros/humble/bin:/home/eragon/.local/bin:/usr/local/sbin:/usr/local/bin:/usr/sbin:/usr/bin:/sbin:/bin:/usr/games:/usr/local/games:/snap/bin:/snap/bin'), ('INVOCATION_ID', '0420d8a0d2c745188c6147a8a5eb3a80'), ('PAPERSIZE', 'a4'), ('SESSION_MANAGER', 'local/eragon-KPL-W0X:@/tmp/.ICE-unix/1026,unix/eragon-KPL-W0X:/tmp/.ICE-unix/1026'), ('GNOME_SETUP_DISPLAY', ':1'), ('LC_ADDRESS', 'ru_RU.UTF-8'), ('XDG_MENU_PREFIX', 'gnome-'), ('XDG_RUNTIME_DIR', '/run/user/1000'), ('DISPLAY', ':0'), ('LANG', 'ru_RU.UTF-8'), ('LC_TELEPHONE', 'ru_RU.UTF-8'), ('XDG_CURRENT_DESKTOP', 'ubuntu:GNOME'), ('XAUTHORITY', '/run/user/1000/.mutter-Xwaylandauth.A0SSW2'), ('XDG_SESSION_DESKTOP', 'ubuntu'), ('XMODIFIERS', '@im'), ('AMENT_PREFIX_PATH', '/home/eragon/student133_ws/install/test_visualization:/home/eragon/student133_ws/install/test_subscriber:/home/eragon/student133_ws/install/test_serial_communication:/home/eragon/student133_ws/install/test_publisher:/home/eragon/student133_ws/install/test_pkg:/home/eragon/student133_ws/install/test_parameters:/home/eragon/student133_ws/install/test_custom_srv:/home/eragon/student133_ws/install/test_custom_publisher:/home/eragon/student133_ws/install/test_custom_msg:/home/eragon/student133_ws/install/test_client:/home/eragon/student133_ws/install/test_castom_publisher:/home/eragon/student133_ws/install/custom_counter:/opt/ros/humble'), ('SSH_AGENT_LAUNCHER', 'gnome-keyring'), ('SSH_AUTH_SOCK', '/run/user/1000/keyring/ssh'), ('LC_NAME', 'ru_RU.UTF-8'), ('SHELL', '/bin/bash'), ('GDMSESSION', 'ubuntu'), ('QT_ACCESSIBILITY', '1'), ('LC_MEASUREMENT', 'ru_RU.UTF-8'), ('GJS_DEBUG_OUTPUT', 'stderr'), ('LC_IDENTIFICATION', 'ru_RU.UTF-8'), ('QT_IM_MODULE', 'ibus'), ('LC_ALL', 'en_US.UTF-8'), ('PWD', '/home/eragon/student133_ws/build/test_custom_srv'), ('QT_QPA_PLATFORM', 'xcb'), ('XDG_CONFIG_DIRS', '/etc/xdg/xdg-ubuntu:/etc/xdg'), ('XDG_DATA_DIRS', '/usr/share/ubuntu:/usr/local/share/:/usr/share/:/var/lib/snapd/desktop'), ('LC_NUMERIC', 'ru_RU.UTF-8'), ('PYTHONPATH', '/home/eragon/student133_ws/install/test_custom_srv/local/lib/python3.10/dist-packages:/home/eragon/student133_ws/install/test_custom_msg/local/lib/python3.10/dist-packages:/opt/ros/humble/lib/python3.10/site-packages:/opt/ros/humble/local/lib/python3.10/dist-packages'), ('LC_PAPER', 'ru_RU.UTF-8'), ('COLCON', '1'), ('CMAKE_PREFIX_PATH', '/home/eragon/student133_ws/install/test_visualization:/home/eragon/student133_ws/install/test_subscriber:/home/eragon/student133_ws/install/test_service:/home/eragon/student133_ws/install/test_serial_communication:/home/eragon/student133_ws/install/test_publisher:/home/eragon/student133_ws/install/test_pkg:/home/eragon/student133_ws/install/test_parameters:/home/eragon/student133_ws/install/test_custom_srv:/home/eragon/student133_ws/install/test_custom_publisher:/home/eragon/student133_ws/install/test_custom_msg:/home/eragon/student133_ws/install/test_client:/home/eragon/student133_ws/install/test_castom_publisher:/home/eragon/student133_ws/install/custom_counter:/opt/ros/humble')]), 'shell': False}
[1.212290] (test_custom_msg) StdoutLine: {'line': b'-- Install configuration: "Debug"\n'}
[1.212533] (-) TimerEvent: {}
[1.212924] (test_custom_msg) StdoutLine: {'line': b'-- Up-to-date: /home/eragon/student133_ws/install/test_custom_msg/share/ament_index/resource_index/rosidl_interfaces/test_custom_msg\n'}
[1.213058] (test_custom_msg) StdoutLine: {'line': b'-- Up-to-date: /home/eragon/student133_ws/install/test_custom_msg/include/test_custom_msg/test_custom_msg\n'}
[1.213158] (test_custom_msg) StdoutLine: {'line': b'-- Up-to-date: /home/eragon/student133_ws/install/test_custom_msg/include/test_custom_msg/test_custom_msg/msg\n'}
[1.213290] (test_custom_msg) StdoutLine: {'line': b'-- Up-to-date: /home/eragon/student133_ws/install/test_custom_msg/include/test_custom_msg/test_custom_msg/msg/detail\n'}
[1.213510] (test_custom_msg) StdoutLine: {'line': b'-- Installing: /home/eragon/student133_ws/install/test_custom_msg/include/test_custom_msg/test_custom_msg/msg/detail/circle__struct.h\n'}
[1.213609] (test_custom_msg) StdoutLine: {'line': b'-- Installing: /home/eragon/student133_ws/install/test_custom_msg/include/test_custom_msg/test_custom_msg/msg/detail/circle__functions.h\n'}
[1.213882] (test_custom_msg) StdoutLine: {'line': b'-- Installing: /home/eragon/student133_ws/install/test_custom_msg/include/test_custom_msg/test_custom_msg/msg/detail/circle__type_support.h\n'}
[1.213978] (test_custom_msg) StdoutLine: {'line': b'-- Installing: /home/eragon/student133_ws/install/test_custom_msg/include/test_custom_msg/test_custom_msg/msg/detail/triangle__type_support.h\n'}
[1.214194] (test_custom_msg) StdoutLine: {'line': b'-- Installing: /home/eragon/student133_ws/install/test_custom_msg/include/test_custom_msg/test_custom_msg/msg/detail/triangle__struct.h\n'}
[1.214399] (test_custom_msg) StdoutLine: {'line': b'-- Installing: /home/eragon/student133_ws/install/test_custom_msg/include/test_custom_msg/test_custom_msg/msg/detail/triangle__functions.h\n'}
[1.214622] (test_custom_msg) StdoutLine: {'line': b'-- Installing: /home/eragon/student133_ws/install/test_custom_msg/include/test_custom_msg/test_custom_msg/msg/detail/triangle__functions.c\n'}
[1.214881] (test_custom_msg) StdoutLine: {'line': b'-- Installing: /home/eragon/student133_ws/install/test_custom_msg/include/test_custom_msg/test_custom_msg/msg/detail/circle__functions.c\n'}
[1.215311] (test_custom_msg) StdoutLine: {'line': b'-- Installing: /home/eragon/student133_ws/install/test_custom_msg/include/test_custom_msg/test_custom_msg/msg/triangle.h\n'}
[1.215687] (test_custom_msg) StdoutLine: {'line': b'-- Installing: /home/eragon/student133_ws/install/test_custom_msg/include/test_custom_msg/test_custom_msg/msg/circle.h\n'}
[1.215932] (test_custom_msg) StdoutLine: {'line': b'-- Up-to-date: /home/eragon/student133_ws/install/test_custom_msg/include/test_custom_msg/test_custom_msg/msg/rosidl_generator_c__visibility_control.h\n'}
[1.216143] (test_custom_msg) StdoutLine: {'line': b'-- Up-to-date: /home/eragon/student133_ws/install/test_custom_msg/share/test_custom_msg/environment/library_path.sh\n'}
[1.216262] (test_custom_msg) StdoutLine: {'line': b'-- Installing: /home/eragon/student133_ws/install/test_custom_msg/share/test_custom_msg/environment/library_path.dsv\n'}
[1.216871] (test_custom_msg) StdoutLine: {'line': b'-- Installing: /home/eragon/student133_ws/install/test_custom_msg/lib/libtest_custom_msg__rosidl_generator_c.so\n'}
[1.217631] (test_custom_msg) StdoutLine: {'line': b'-- Set runtime path of "/home/eragon/student133_ws/install/test_custom_msg/lib/libtest_custom_msg__rosidl_generator_c.so" to ""\n'}
[1.217846] (test_custom_msg) StdoutLine: {'line': b'-- Up-to-date: /home/eragon/student133_ws/install/test_custom_msg/include/test_custom_msg/test_custom_msg\n'}
[1.218023] (test_custom_msg) StdoutLine: {'line': b'-- Up-to-date: /home/eragon/student133_ws/install/test_custom_msg/include/test_custom_msg/test_custom_msg/msg\n'}
[1.218118] (test_custom_msg) StdoutLine: {'line': b'-- Up-to-date: /home/eragon/student133_ws/install/test_custom_msg/include/test_custom_msg/test_custom_msg/msg/detail\n'}
[1.218608] (test_custom_srv) StdoutLine: {'line': b'-- Install configuration: "Debug"\n'}
[1.218913] (test_custom_srv) StdoutLine: {'line': b'-- Up-to-date: /home/eragon/student133_ws/install/test_custom_srv/share/ament_index/resource_index/rosidl_interfaces/test_custom_srv\n'}
[1.219005] (test_custom_msg) StdoutLine: {'line': b'-- Installing: /home/eragon/student133_ws/install/test_custom_msg/include/test_custom_msg/test_custom_msg/msg/detail/circle__rosidl_typesupport_fastrtps_c.h\n'}
[1.219313] (test_custom_srv) StdoutLine: {'line': b'-- Up-to-date: /home/eragon/student133_ws/install/test_custom_srv/include/test_custom_srv/test_custom_srv\n'}
[1.219415] (test_custom_msg) StdoutLine: {'line': b'-- Installing: /home/eragon/student133_ws/install/test_custom_msg/include/test_custom_msg/test_custom_msg/msg/detail/triangle__rosidl_typesupport_fastrtps_c.h\n'}
[1.219513] (test_custom_srv) StdoutLine: {'line': b'-- Up-to-date: /home/eragon/student133_ws/install/test_custom_srv/include/test_custom_srv/test_custom_srv/srv\n'}
[1.219609] (test_custom_srv) StdoutLine: {'line': b'-- Up-to-date: /home/eragon/student133_ws/install/test_custom_srv/include/test_custom_srv/test_custom_srv/srv/detail\n'}
[1.219708] (test_custom_msg) StdoutLine: {'line': b'-- Up-to-date: /home/eragon/student133_ws/install/test_custom_msg/include/test_custom_msg/test_custom_msg/msg/rosidl_typesupport_fastrtps_c__visibility_control.h\n'}
[1.219841] (test_custom_srv) StdoutLine: {'line': b'-- Installing: /home/eragon/student133_ws/install/test_custom_srv/include/test_custom_srv/test_custom_srv/srv/detail/triangle_square__type_support.h\n'}
[1.219994] (test_custom_msg) StdoutLine: {'line': b'-- Installing: /home/eragon/student133_ws/install/test_custom_msg/lib/libtest_custom_msg__rosidl_typesupport_fastrtps_c.so\n'}
[1.220182] (test_custom_srv) StdoutLine: {'line': b'-- Installing: /home/eragon/student133_ws/install/test_custom_srv/include/test_custom_srv/test_custom_srv/srv/detail/circle_square__functions.c\n'}
[1.221531] (test_custom_srv) StdoutLine: {'line': b'-- Installing: /home/eragon/student133_ws/install/test_custom_srv/include/test_custom_srv/test_custom_srv/srv/detail/circle_square__struct.h\n'}
[1.222088] (test_custom_srv) StdoutLine: {'line': b'-- Installing: /home/eragon/student133_ws/install/test_custom_srv/include/test_custom_srv/test_custom_srv/srv/detail/triangle_square__functions.c\n'}
[1.222662] (test_custom_msg) StdoutLine: {'line': b'-- Set runtime path of "/home/eragon/student133_ws/install/test_custom_msg/lib/libtest_custom_msg__rosidl_typesupport_fastrtps_c.so" to ""\n'}
[1.222857] (test_custom_msg) StdoutLine: {'line': b'-- Up-to-date: /home/eragon/student133_ws/install/test_custom_msg/include/test_custom_msg/test_custom_msg\n'}
[1.223005] (test_custom_srv) StdoutLine: {'line': b'-- Installing: /home/eragon/student133_ws/install/test_custom_srv/include/test_custom_srv/test_custom_srv/srv/detail/triangle_square__struct.h\n'}
[1.223182] (test_custom_msg) StdoutLine: {'line': b'-- Up-to-date: /home/eragon/student133_ws/install/test_custom_msg/include/test_custom_msg/test_custom_msg/msg\n'}
[1.223790] (test_custom_msg) StdoutLine: {'line': b'-- Up-to-date: /home/eragon/student133_ws/install/test_custom_msg/include/test_custom_msg/test_custom_msg/msg/detail\n'}
[1.223910] (test_custom_srv) StdoutLine: {'line': b'-- Installing: /home/eragon/student133_ws/install/test_custom_srv/include/test_custom_srv/test_custom_srv/srv/detail/circle_square__type_support.h\n'}
[1.224231] (test_custom_msg) StdoutLine: {'line': b'-- Installing: /home/eragon/student133_ws/install/test_custom_msg/include/test_custom_msg/test_custom_msg/msg/detail/circle__struct.hpp\n'}
[1.225062] (test_custom_srv) StdoutLine: {'line': b'-- Installing: /home/eragon/student133_ws/install/test_custom_srv/include/test_custom_srv/test_custom_srv/srv/detail/triangle_square__functions.h\n'}
[1.225456] (test_custom_msg) StdoutLine: {'line': b'-- Installing: /home/eragon/student133_ws/install/test_custom_msg/include/test_custom_msg/test_custom_msg/msg/detail/triangle__struct.hpp\n'}
[1.226056] (test_custom_msg) StdoutLine: {'line': b'-- Installing: /home/eragon/student133_ws/install/test_custom_msg/include/test_custom_msg/test_custom_msg/msg/detail/triangle__builder.hpp\n'}
[1.226354] (test_custom_srv) StdoutLine: {'line': b'-- Installing: /home/eragon/student133_ws/install/test_custom_srv/include/test_custom_srv/test_custom_srv/srv/detail/circle_square__functions.h\n'}
[1.226705] (test_custom_srv) StdoutLine: {'line': b'-- Installing: /home/eragon/student133_ws/install/test_custom_srv/include/test_custom_srv/test_custom_srv/srv/circle_square.h\n'}
[1.226865] (test_custom_msg) StdoutLine: {'line': b'-- Installing: /home/eragon/student133_ws/install/test_custom_msg/include/test_custom_msg/test_custom_msg/msg/detail/circle__traits.hpp\n'}
[1.227285] (test_custom_msg) StdoutLine: {'line': b'-- Installing: /home/eragon/student133_ws/install/test_custom_msg/include/test_custom_msg/test_custom_msg/msg/detail/triangle__traits.hpp\n'}
[1.227627] (test_custom_srv) StdoutLine: {'line': b'-- Installing: /home/eragon/student133_ws/install/test_custom_srv/include/test_custom_srv/test_custom_srv/srv/triangle_square.h\n'}
[1.227874] (test_custom_srv) StdoutLine: {'line': b'-- Up-to-date: /home/eragon/student133_ws/install/test_custom_srv/include/test_custom_srv/test_custom_srv/msg\n'}
[1.228016] (test_custom_srv) StdoutLine: {'line': b'-- Up-to-date: /home/eragon/student133_ws/install/test_custom_srv/include/test_custom_srv/test_custom_srv/msg/rosidl_generator_c__visibility_control.h\n'}
[1.228172] (test_custom_msg) StdoutLine: {'line': b'-- Installing: /home/eragon/student133_ws/install/test_custom_msg/include/test_custom_msg/test_custom_msg/msg/detail/circle__builder.hpp\n'}
[1.228481] (test_custom_msg) StdoutLine: {'line': b'-- Installing: /home/eragon/student133_ws/install/test_custom_msg/include/test_custom_msg/test_custom_msg/msg/circle.hpp\n'}
[1.228626] (test_custom_srv) StdoutLine: {'line': b'-- Up-to-date: /home/eragon/student133_ws/install/test_custom_srv/share/test_custom_srv/environment/library_path.sh\n'}
[1.228895] (test_custom_srv) StdoutLine: {'line': b'-- Installing: /home/eragon/student133_ws/install/test_custom_srv/share/test_custom_srv/environment/library_path.dsv\n'}
[1.229040] (test_custom_msg) StdoutLine: {'line': b'-- Installing: /home/eragon/student133_ws/install/test_custom_msg/include/test_custom_msg/test_custom_msg/msg/triangle.hpp\n'}
[1.229189] (test_custom_msg) StdoutLine: {'line': b'-- Up-to-date: /home/eragon/student133_ws/install/test_custom_msg/include/test_custom_msg/test_custom_msg\n'}
[1.229572] (test_custom_srv) StdoutLine: {'line': b'-- Installing: /home/eragon/student133_ws/install/test_custom_srv/lib/libtest_custom_srv__rosidl_generator_c.so\n'}
[1.229788] (test_custom_msg) StdoutLine: {'line': b'-- Up-to-date: /home/eragon/student133_ws/install/test_custom_msg/include/test_custom_msg/test_custom_msg/msg\n'}
[1.229928] (test_custom_msg) StdoutLine: {'line': b'-- Up-to-date: /home/eragon/student133_ws/install/test_custom_msg/include/test_custom_msg/test_custom_msg/msg/detail\n'}
[1.230072] (test_custom_msg) StdoutLine: {'line': b'-- Up-to-date: /home/eragon/student133_ws/install/test_custom_msg/include/test_custom_msg/test_custom_msg/msg/detail/dds_fastrtps\n'}
[1.230388] (test_custom_msg) StdoutLine: {'line': b'-- Installing: /home/eragon/student133_ws/install/test_custom_msg/include/test_custom_msg/test_custom_msg/msg/detail/triangle__rosidl_typesupport_fastrtps_cpp.hpp\n'}
[1.230602] (test_custom_msg) StdoutLine: {'line': b'-- Installing: /home/eragon/student133_ws/install/test_custom_msg/include/test_custom_msg/test_custom_msg/msg/detail/circle__rosidl_typesupport_fastrtps_cpp.hpp\n'}
[1.230753] (test_custom_srv) StdoutLine: {'line': b'-- Set runtime path of "/home/eragon/student133_ws/install/test_custom_srv/lib/libtest_custom_srv__rosidl_generator_c.so" to ""\n'}
[1.231061] (test_custom_msg) StdoutLine: {'line': b'-- Up-to-date: /home/eragon/student133_ws/install/test_custom_msg/include/test_custom_msg/test_custom_msg/msg/rosidl_typesupport_fastrtps_cpp__visibility_control.h\n'}
[1.231287] (test_custom_srv) StdoutLine: {'line': b'-- Up-to-date: /home/eragon/student133_ws/install/test_custom_srv/include/test_custom_srv/test_custom_srv\n'}
[1.231445] (test_custom_srv) StdoutLine: {'line': b'-- Up-to-date: /home/eragon/student133_ws/install/test_custom_srv/include/test_custom_srv/test_custom_srv/srv\n'}
[1.231616] (test_custom_msg) StdoutLine: {'line': b'-- Installing: /home/eragon/student133_ws/install/test_custom_msg/lib/libtest_custom_msg__rosidl_typesupport_fastrtps_cpp.so\n'}
[1.231832] (test_custom_srv) StdoutLine: {'line': b'-- Up-to-date: /home/eragon/student133_ws/install/test_custom_srv/include/test_custom_srv/test_custom_srv/srv/detail\n'}
[1.231961] (test_custom_srv) StdoutLine: {'line': b'-- Installing: /home/eragon/student133_ws/install/test_custom_srv/include/test_custom_srv/test_custom_srv/srv/detail/triangle_square__rosidl_typesupport_fastrtps_c.h\n'}
[1.232127] (test_custom_srv) StdoutLine: {'line': b'-- Installing: /home/eragon/student133_ws/install/test_custom_srv/include/test_custom_srv/test_custom_srv/srv/detail/circle_square__rosidl_typesupport_fastrtps_c.h\n'}
[1.232402] (test_custom_srv) StdoutLine: {'line': b'-- Up-to-date: /home/eragon/student133_ws/install/test_custom_srv/include/test_custom_srv/test_custom_srv/msg\n'}
[1.232614] (test_custom_srv) StdoutLine: {'line': b'-- Up-to-date: /home/eragon/student133_ws/install/test_custom_srv/include/test_custom_srv/test_custom_srv/msg/rosidl_typesupport_fastrtps_c__visibility_control.h\n'}
[1.232739] (test_custom_msg) StdoutLine: {'line': b'-- Set runtime path of "/home/eragon/student133_ws/install/test_custom_msg/lib/libtest_custom_msg__rosidl_typesupport_fastrtps_cpp.so" to ""\n'}
[1.233096] (test_custom_msg) StdoutLine: {'line': b'-- Up-to-date: /home/eragon/student133_ws/install/test_custom_msg/include/test_custom_msg/test_custom_msg\n'}
[1.233346] (test_custom_srv) StdoutLine: {'line': b'-- Installing: /home/eragon/student133_ws/install/test_custom_srv/lib/libtest_custom_srv__rosidl_typesupport_fastrtps_c.so\n'}
[1.233545] (test_custom_msg) StdoutLine: {'line': b'-- Up-to-date: /home/eragon/student133_ws/install/test_custom_msg/include/test_custom_msg/test_custom_msg/msg\n'}
[1.233684] (test_custom_msg) StdoutLine: {'line': b'-- Up-to-date: /home/eragon/student133_ws/install/test_custom_msg/include/test_custom_msg/test_custom_msg/msg/detail\n'}
[1.233826] (test_custom_msg) StdoutLine: {'line': b'-- Installing: /home/eragon/student133_ws/install/test_custom_msg/include/test_custom_msg/test_custom_msg/msg/detail/circle__rosidl_typesupport_introspection_c.h\n'}
[1.233961] (test_custom_msg) StdoutLine: {'line': b'-- Installing: /home/eragon/student133_ws/install/test_custom_msg/include/test_custom_msg/test_custom_msg/msg/detail/circle__type_support.c\n'}
[1.234101] (test_custom_srv) StdoutLine: {'line': b'-- Set runtime path of "/home/eragon/student133_ws/install/test_custom_srv/lib/libtest_custom_srv__rosidl_typesupport_fastrtps_c.so" to ""\n'}
[1.234411] (test_custom_srv) StdoutLine: {'line': b'-- Up-to-date: /home/eragon/student133_ws/install/test_custom_srv/include/test_custom_srv/test_custom_srv\n'}
[1.234558] (test_custom_msg) StdoutLine: {'line': b'-- Installing: /home/eragon/student133_ws/install/test_custom_msg/include/test_custom_msg/test_custom_msg/msg/detail/triangle__rosidl_typesupport_introspection_c.h\n'}
[1.234816] (test_custom_srv) StdoutLine: {'line': b'-- Up-to-date: /home/eragon/student133_ws/install/test_custom_srv/include/test_custom_srv/test_custom_srv/srv\n'}
[1.234967] (test_custom_srv) StdoutLine: {'line': b'-- Up-to-date: /home/eragon/student133_ws/install/test_custom_srv/include/test_custom_srv/test_custom_srv/srv/detail\n'}
[1.235109] (test_custom_srv) StdoutLine: {'line': b'-- Installing: /home/eragon/student133_ws/install/test_custom_srv/include/test_custom_srv/test_custom_srv/srv/detail/circle_square__rosidl_typesupport_introspection_c.h\n'}
[1.235389] (test_custom_srv) StdoutLine: {'line': b'-- Installing: /home/eragon/student133_ws/install/test_custom_srv/include/test_custom_srv/test_custom_srv/srv/detail/circle_square__type_support.c\n'}
[1.235525] (test_custom_msg) StdoutLine: {'line': b'-- Installing: /home/eragon/student133_ws/install/test_custom_msg/include/test_custom_msg/test_custom_msg/msg/detail/triangle__type_support.c\n'}
[1.235759] (test_custom_msg) StdoutLine: {'line': b'-- Up-to-date: /home/eragon/student133_ws/install/test_custom_msg/include/test_custom_msg/test_custom_msg/msg/rosidl_typesupport_introspection_c__visibility_control.h\n'}
[1.235899] (test_custom_srv) StdoutLine: {'line': b'-- Installing: /home/eragon/student133_ws/install/test_custom_srv/include/test_custom_srv/test_custom_srv/srv/detail/triangle_square__type_support.c\n'}
[1.236049] (test_custom_msg) StdoutLine: {'line': b'-- Installing: /home/eragon/student133_ws/install/test_custom_msg/lib/libtest_custom_msg__rosidl_typesupport_introspection_c.so\n'}
[1.236510] (test_custom_srv) StdoutLine: {'line': b'-- Installing: /home/eragon/student133_ws/install/test_custom_srv/include/test_custom_srv/test_custom_srv/srv/detail/triangle_square__rosidl_typesupport_introspection_c.h\n'}
[1.236739] (test_custom_srv) StdoutLine: {'line': b'-- Up-to-date: /home/eragon/student133_ws/install/test_custom_srv/include/test_custom_srv/test_custom_srv/msg\n'}
[1.236873] (test_custom_srv) StdoutLine: {'line': b'-- Up-to-date: /home/eragon/student133_ws/install/test_custom_srv/include/test_custom_srv/test_custom_srv/msg/rosidl_typesupport_introspection_c__visibility_control.h\n'}
[1.236992] (test_custom_msg) StdoutLine: {'line': b'-- Set runtime path of "/home/eragon/student133_ws/install/test_custom_msg/lib/libtest_custom_msg__rosidl_typesupport_introspection_c.so" to ""\n'}
[1.237128] (test_custom_srv) StdoutLine: {'line': b'-- Installing: /home/eragon/student133_ws/install/test_custom_srv/lib/libtest_custom_srv__rosidl_typesupport_introspection_c.so\n'}
[1.237443] (test_custom_msg) StdoutLine: {'line': b'-- Installing: /home/eragon/student133_ws/install/test_custom_msg/lib/libtest_custom_msg__rosidl_typesupport_c.so\n'}
[1.237767] (test_custom_srv) StdoutLine: {'line': b'-- Set runtime path of "/home/eragon/student133_ws/install/test_custom_srv/lib/libtest_custom_srv__rosidl_typesupport_introspection_c.so" to ""\n'}
[1.237887] (test_custom_srv) StdoutLine: {'line': b'-- Installing: /home/eragon/student133_ws/install/test_custom_srv/lib/libtest_custom_srv__rosidl_typesupport_c.so\n'}
[1.238020] (test_custom_msg) StdoutLine: {'line': b'-- Set runtime path of "/home/eragon/student133_ws/install/test_custom_msg/lib/libtest_custom_msg__rosidl_typesupport_c.so" to ""\n'}
[1.238157] (test_custom_msg) StdoutLine: {'line': b'-- Up-to-date: /home/eragon/student133_ws/install/test_custom_msg/include/test_custom_msg/test_custom_msg\n'}
[1.238402] (test_custom_msg) StdoutLine: {'line': b'-- Up-to-date: /home/eragon/student133_ws/install/test_custom_msg/include/test_custom_msg/test_custom_msg/msg\n'}
[1.238539] (test_custom_srv) StdoutLine: {'line': b'-- Set runtime path of "/home/eragon/student133_ws/install/test_custom_srv/lib/libtest_custom_srv__rosidl_typesupport_c.so" to ""\n'}
[1.238852] (test_custom_srv) StdoutLine: {'line': b'-- Up-to-date: /home/eragon/student133_ws/install/test_custom_srv/include/test_custom_srv/test_custom_srv\n'}
[1.239005] (test_custom_srv) StdoutLine: {'line': b'-- Up-to-date: /home/eragon/student133_ws/install/test_custom_srv/include/test_custom_srv/test_custom_srv/srv\n'}
[1.239150] (test_custom_msg) StdoutLine: {'line': b'-- Up-to-date: /home/eragon/student133_ws/install/test_custom_msg/include/test_custom_msg/test_custom_msg/msg/detail\n'}
[1.239543] (test_custom_msg) StdoutLine: {'line': b'-- Installing: /home/eragon/student133_ws/install/test_custom_msg/include/test_custom_msg/test_custom_msg/msg/detail/triangle__rosidl_typesupport_introspection_cpp.hpp\n'}
[1.239678] (test_custom_srv) StdoutLine: {'line': b'-- Up-to-date: /home/eragon/student133_ws/install/test_custom_srv/include/test_custom_srv/test_custom_srv/srv/detail\n'}
[1.239923] (test_custom_srv) StdoutLine: {'line': b'-- Installing: /home/eragon/student133_ws/install/test_custom_srv/include/test_custom_srv/test_custom_srv/srv/detail/circle_square__builder.hpp\n'}
[1.240067] (test_custom_msg) StdoutLine: {'line': b'-- Installing: /home/eragon/student133_ws/install/test_custom_msg/include/test_custom_msg/test_custom_msg/msg/detail/triangle__type_support.cpp\n'}
[1.240395] (test_custom_srv) StdoutLine: {'line': b'-- Installing: /home/eragon/student133_ws/install/test_custom_srv/include/test_custom_srv/test_custom_srv/srv/detail/circle_square__struct.hpp\n'}
[1.240549] (test_custom_msg) StdoutLine: {'line': b'-- Installing: /home/eragon/student133_ws/install/test_custom_msg/include/test_custom_msg/test_custom_msg/msg/detail/circle__rosidl_typesupport_introspection_cpp.hpp\n'}
[1.240830] (test_custom_msg) StdoutLine: {'line': b'-- Installing: /home/eragon/student133_ws/install/test_custom_msg/include/test_custom_msg/test_custom_msg/msg/detail/circle__type_support.cpp\n'}
[1.240964] (test_custom_srv) StdoutLine: {'line': b'-- Installing: /home/eragon/student133_ws/install/test_custom_srv/include/test_custom_srv/test_custom_srv/srv/detail/triangle_square__traits.hpp\n'}
[1.241092] (test_custom_srv) StdoutLine: {'line': b'-- Installing: /home/eragon/student133_ws/install/test_custom_srv/include/test_custom_srv/test_custom_srv/srv/detail/circle_square__traits.hpp\n'}
[1.241350] (test_custom_srv) StdoutLine: {'line': b'-- Installing: /home/eragon/student133_ws/install/test_custom_srv/include/test_custom_srv/test_custom_srv/srv/detail/triangle_square__struct.hpp\n'}
[1.241572] (test_custom_msg) StdoutLine: {'line': b'-- Installing: /home/eragon/student133_ws/install/test_custom_msg/lib/libtest_custom_msg__rosidl_typesupport_introspection_cpp.so\n'}
[1.241835] (test_custom_srv) StdoutLine: {'line': b'-- Installing: /home/eragon/student133_ws/install/test_custom_srv/include/test_custom_srv/test_custom_srv/srv/detail/triangle_square__builder.hpp\n'}
[1.241972] (test_custom_srv) StdoutLine: {'line': b'-- Installing: /home/eragon/student133_ws/install/test_custom_srv/include/test_custom_srv/test_custom_srv/srv/circle_square.hpp\n'}
[1.242212] (test_custom_srv) StdoutLine: {'line': b'-- Installing: /home/eragon/student133_ws/install/test_custom_srv/include/test_custom_srv/test_custom_srv/srv/triangle_square.hpp\n'}
[1.242427] (test_custom_srv) StdoutLine: {'line': b'-- Up-to-date: /home/eragon/student133_ws/install/test_custom_srv/include/test_custom_srv/test_custom_srv\n'}
[1.242556] (test_custom_srv) StdoutLine: {'line': b'-- Up-to-date: /home/eragon/student133_ws/install/test_custom_srv/include/test_custom_srv/test_custom_srv/srv\n'}
[1.242693] (test_custom_srv) StdoutLine: {'line': b'-- Up-to-date: /home/eragon/student133_ws/install/test_custom_srv/include/test_custom_srv/test_custom_srv/srv/detail\n'}
[1.242837] (test_custom_msg) StdoutLine: {'line': b'-- Set runtime path of "/home/eragon/student133_ws/install/test_custom_msg/lib/libtest_custom_msg__rosidl_typesupport_introspection_cpp.so" to ""\n'}
[1.243253] (test_custom_srv) StdoutLine: {'line': b'-- Installing: /home/eragon/student133_ws/install/test_custom_srv/include/test_custom_srv/test_custom_srv/srv/detail/circle_square__rosidl_typesupport_fastrtps_cpp.hpp\n'}
[1.243539] (test_custom_msg) StdoutLine: {'line': b'-- Installing: /home/eragon/student133_ws/install/test_custom_msg/lib/libtest_custom_msg__rosidl_typesupport_cpp.so\n'}
[1.243745] (test_custom_srv) StdoutLine: {'line': b'-- Installing: /home/eragon/student133_ws/install/test_custom_srv/include/test_custom_srv/test_custom_srv/srv/detail/triangle_square__rosidl_typesupport_fastrtps_cpp.hpp\n'}
[1.243893] (test_custom_srv) StdoutLine: {'line': b'-- Up-to-date: /home/eragon/student133_ws/install/test_custom_srv/include/test_custom_srv/test_custom_srv/srv/detail/dds_fastrtps\n'}
[1.244030] (test_custom_srv) StdoutLine: {'line': b'-- Up-to-date: /home/eragon/student133_ws/install/test_custom_srv/include/test_custom_srv/test_custom_srv/msg\n'}
[1.244178] (test_custom_srv) StdoutLine: {'line': b'-- Up-to-date: /home/eragon/student133_ws/install/test_custom_srv/include/test_custom_srv/test_custom_srv/msg/rosidl_typesupport_fastrtps_cpp__visibility_control.h\n'}
[1.244586] (test_custom_msg) StdoutLine: {'line': b'-- Set runtime path of "/home/eragon/student133_ws/install/test_custom_msg/lib/libtest_custom_msg__rosidl_typesupport_cpp.so" to ""\n'}
[1.244733] (test_custom_msg) StdoutLine: {'line': b'-- Up-to-date: /home/eragon/student133_ws/install/test_custom_msg/share/test_custom_msg/environment/pythonpath.sh\n'}
[1.244869] (test_custom_srv) StdoutLine: {'line': b'-- Installing: /home/eragon/student133_ws/install/test_custom_srv/lib/libtest_custom_srv__rosidl_typesupport_fastrtps_cpp.so\n'}
[1.245011] (test_custom_msg) StdoutLine: {'line': b'-- Installing: /home/eragon/student133_ws/install/test_custom_msg/share/test_custom_msg/environment/pythonpath.dsv\n'}
[1.245587] (test_custom_msg) StdoutLine: {'line': b'-- Up-to-date: /home/eragon/student133_ws/install/test_custom_msg/local/lib/python3.10/dist-packages/test_custom_msg-0.0.0-py3.10.egg-info\n'}
[1.245723] (test_custom_msg) StdoutLine: {'line': b'-- Installing: /home/eragon/student133_ws/install/test_custom_msg/local/lib/python3.10/dist-packages/test_custom_msg-0.0.0-py3.10.egg-info/dependency_links.txt\n'}
[1.245852] (test_custom_srv) StdoutLine: {'line': b'-- Set runtime path of "/home/eragon/student133_ws/install/test_custom_srv/lib/libtest_custom_srv__rosidl_typesupport_fastrtps_cpp.so" to ""\n'}
[1.246211] (test_custom_srv) StdoutLine: {'line': b'-- Up-to-date: /home/eragon/student133_ws/install/test_custom_srv/include/test_custom_srv/test_custom_srv\n'}
[1.246435] (test_custom_msg) StdoutLine: {'line': b'-- Installing: /home/eragon/student133_ws/install/test_custom_msg/local/lib/python3.10/dist-packages/test_custom_msg-0.0.0-py3.10.egg-info/PKG-INFO\n'}
[1.246548] (test_custom_srv) StdoutLine: {'line': b'-- Up-to-date: /home/eragon/student133_ws/install/test_custom_srv/include/test_custom_srv/test_custom_srv/srv\n'}
[1.246739] (test_custom_srv) StdoutLine: {'line': b'-- Up-to-date: /home/eragon/student133_ws/install/test_custom_srv/include/test_custom_srv/test_custom_srv/srv/detail\n'}
[1.246831] (test_custom_srv) StdoutLine: {'line': b'-- Installing: /home/eragon/student133_ws/install/test_custom_srv/include/test_custom_srv/test_custom_srv/srv/detail/circle_square__type_support.cpp\n'}
[1.246928] (test_custom_msg) StdoutLine: {'line': b'-- Installing: /home/eragon/student133_ws/install/test_custom_msg/local/lib/python3.10/dist-packages/test_custom_msg-0.0.0-py3.10.egg-info/top_level.txt\n'}
[1.247025] (test_custom_msg) StdoutLine: {'line': b'-- Installing: /home/eragon/student133_ws/install/test_custom_msg/local/lib/python3.10/dist-packages/test_custom_msg-0.0.0-py3.10.egg-info/SOURCES.txt\n'}
[1.247121] (test_custom_srv) StdoutLine: {'line': b'-- Installing: /home/eragon/student133_ws/install/test_custom_srv/include/test_custom_srv/test_custom_srv/srv/detail/triangle_square__type_support.cpp\n'}
[1.247243] (test_custom_msg) StdoutLine: {'line': b'-- Up-to-date: /home/eragon/student133_ws/install/test_custom_msg/local/lib/python3.10/dist-packages/test_custom_msg\n'}
[1.247350] (test_custom_srv) StdoutLine: {'line': b'-- Installing: /home/eragon/student133_ws/install/test_custom_srv/include/test_custom_srv/test_custom_srv/srv/detail/triangle_square__rosidl_typesupport_introspection_cpp.hpp\n'}
[1.247459] (test_custom_msg) StdoutLine: {'line': b'-- Installing: /home/eragon/student133_ws/install/test_custom_msg/local/lib/python3.10/dist-packages/test_custom_msg/__init__.py\n'}
[1.247565] (test_custom_srv) StdoutLine: {'line': b'-- Installing: /home/eragon/student133_ws/install/test_custom_srv/include/test_custom_srv/test_custom_srv/srv/detail/circle_square__rosidl_typesupport_introspection_cpp.hpp\n'}
[1.247663] (test_custom_msg) StdoutLine: {'line': b'-- Installing: /home/eragon/student133_ws/install/test_custom_msg/local/lib/python3.10/dist-packages/test_custom_msg/test_custom_msg_s__rosidl_typesupport_fastrtps_c.cpython-310-x86_64-linux-gnu.so\n'}
[1.247761] (test_custom_srv) StdoutLine: {'line': b'-- Installing: /home/eragon/student133_ws/install/test_custom_srv/lib/libtest_custom_srv__rosidl_typesupport_introspection_cpp.so\n'}
[1.248029] (test_custom_msg) StdoutLine: {'line': b'-- Installing: /home/eragon/student133_ws/install/test_custom_msg/local/lib/python3.10/dist-packages/test_custom_msg/test_custom_msg_s__rosidl_typesupport_introspection_c.cpython-310-x86_64-linux-gnu.so\n'}
[1.248127] (test_custom_msg) StdoutLine: {'line': b'-- Installing: /home/eragon/student133_ws/install/test_custom_msg/local/lib/python3.10/dist-packages/test_custom_msg/test_custom_msg_s__rosidl_typesupport_c.cpython-310-x86_64-linux-gnu.so\n'}
[1.248355] (test_custom_srv) StdoutLine: {'line': b'-- Set runtime path of "/home/eragon/student133_ws/install/test_custom_srv/lib/libtest_custom_srv__rosidl_typesupport_introspection_cpp.so" to ""\n'}
[1.248469] (test_custom_msg) StdoutLine: {'line': b'-- Installing: /home/eragon/student133_ws/install/test_custom_msg/local/lib/python3.10/dist-packages/test_custom_msg/_test_custom_msg_s.ep.rosidl_typesupport_introspection_c.c\n'}
[1.248563] (test_custom_srv) StdoutLine: {'line': b'-- Installing: /home/eragon/student133_ws/install/test_custom_srv/lib/libtest_custom_srv__rosidl_typesupport_cpp.so\n'}
[1.248652] (test_custom_msg) StdoutLine: {'line': b'-- Installing: /home/eragon/student133_ws/install/test_custom_msg/local/lib/python3.10/dist-packages/test_custom_msg/_test_custom_msg_s.ep.rosidl_typesupport_c.c\n'}
[1.248740] (test_custom_msg) StdoutLine: {'line': b'-- Up-to-date: /home/eragon/student133_ws/install/test_custom_msg/local/lib/python3.10/dist-packages/test_custom_msg/msg\n'}
[1.248830] (test_custom_srv) StdoutLine: {'line': b'-- Set runtime path of "/home/eragon/student133_ws/install/test_custom_srv/lib/libtest_custom_srv__rosidl_typesupport_cpp.so" to ""\n'}
[1.248920] (test_custom_srv) StdoutLine: {'line': b'-- Up-to-date: /home/eragon/student133_ws/install/test_custom_srv/share/test_custom_srv/environment/pythonpath.sh\n'}
[1.249009] (test_custom_srv) StdoutLine: {'line': b'-- Installing: /home/eragon/student133_ws/install/test_custom_srv/share/test_custom_srv/environment/pythonpath.dsv\n'}
[1.249099] (test_custom_msg) StdoutLine: {'line': b'-- Installing: /home/eragon/student133_ws/install/test_custom_msg/local/lib/python3.10/dist-packages/test_custom_msg/msg/__init__.py\n'}
[1.249217] (test_custom_msg) StdoutLine: {'line': b'-- Installing: /home/eragon/student133_ws/install/test_custom_msg/local/lib/python3.10/dist-packages/test_custom_msg/msg/_triangle.py\n'}
[1.249321] (test_custom_srv) StdoutLine: {'line': b'-- Up-to-date: /home/eragon/student133_ws/install/test_custom_srv/local/lib/python3.10/dist-packages/test_custom_srv-0.0.0-py3.10.egg-info\n'}
[1.249423] (test_custom_srv) StdoutLine: {'line': b'-- Installing: /home/eragon/student133_ws/install/test_custom_srv/local/lib/python3.10/dist-packages/test_custom_srv-0.0.0-py3.10.egg-info/dependency_links.txt\n'}
[1.249515] (test_custom_msg) StdoutLine: {'line': b'-- Installing: /home/eragon/student133_ws/install/test_custom_msg/local/lib/python3.10/dist-packages/test_custom_msg/msg/_circle_s.c\n'}
[1.249605] (test_custom_srv) StdoutLine: {'line': b'-- Installing: /home/eragon/student133_ws/install/test_custom_srv/local/lib/python3.10/dist-packages/test_custom_srv-0.0.0-py3.10.egg-info/PKG-INFO\n'}
[1.249695] (test_custom_srv) StdoutLine: {'line': b'-- Installing: /home/eragon/student133_ws/install/test_custom_srv/local/lib/python3.10/dist-packages/test_custom_srv-0.0.0-py3.10.egg-info/top_level.txt\n'}
[1.249784] (test_custom_msg) StdoutLine: {'line': b'-- Installing: /home/eragon/student133_ws/install/test_custom_msg/local/lib/python3.10/dist-packages/test_custom_msg/msg/_circle.py\n'}
[1.249876] (test_custom_srv) StdoutLine: {'line': b'-- Installing: /home/eragon/student133_ws/install/test_custom_srv/local/lib/python3.10/dist-packages/test_custom_srv-0.0.0-py3.10.egg-info/SOURCES.txt\n'}
[1.250022] (test_custom_srv) StdoutLine: {'line': b'-- Up-to-date: /home/eragon/student133_ws/install/test_custom_srv/local/lib/python3.10/dist-packages/test_custom_srv\n'}
[1.250152] (test_custom_msg) StdoutLine: {'line': b'-- Installing: /home/eragon/student133_ws/install/test_custom_msg/local/lib/python3.10/dist-packages/test_custom_msg/msg/_triangle_s.c\n'}
[1.250279] (test_custom_srv) StdoutLine: {'line': b'-- Installing: /home/eragon/student133_ws/install/test_custom_srv/local/lib/python3.10/dist-packages/test_custom_srv/test_custom_srv_s__rosidl_typesupport_fastrtps_c.cpython-310-x86_64-linux-gnu.so\n'}
[1.250386] (test_custom_msg) StdoutLine: {'line': b'-- Installing: /home/eragon/student133_ws/install/test_custom_msg/local/lib/python3.10/dist-packages/test_custom_msg/libtest_custom_msg__rosidl_generator_py.so\n'}
[1.250477] (test_custom_srv) StdoutLine: {'line': b'-- Installing: /home/eragon/student133_ws/install/test_custom_srv/local/lib/python3.10/dist-packages/test_custom_srv/__init__.py\n'}
[1.250579] (test_custom_srv) StdoutLine: {'line': b'-- Installing: /home/eragon/student133_ws/install/test_custom_srv/local/lib/python3.10/dist-packages/test_custom_srv/test_custom_srv_s__rosidl_typesupport_c.cpython-310-x86_64-linux-gnu.so\n'}
[1.250670] (test_custom_msg) StdoutLine: {'line': b'-- Installing: /home/eragon/student133_ws/install/test_custom_msg/local/lib/python3.10/dist-packages/test_custom_msg/_test_custom_msg_s.ep.rosidl_typesupport_fastrtps_c.c\n'}
[1.250759] (test_custom_srv) StdoutLine: {'line': b'-- Up-to-date: /home/eragon/student133_ws/install/test_custom_srv/local/lib/python3.10/dist-packages/test_custom_srv/srv\n'}
[1.250848] (test_custom_srv) StdoutLine: {'line': b'-- Installing: /home/eragon/student133_ws/install/test_custom_srv/local/lib/python3.10/dist-packages/test_custom_srv/srv/__init__.py\n'}
[1.250936] (test_custom_srv) StdoutLine: {'line': b'-- Installing: /home/eragon/student133_ws/install/test_custom_srv/local/lib/python3.10/dist-packages/test_custom_srv/srv/_triangle_square_s.c\n'}
[1.251025] (test_custom_srv) StdoutLine: {'line': b'-- Installing: /home/eragon/student133_ws/install/test_custom_srv/local/lib/python3.10/dist-packages/test_custom_srv/srv/_triangle_square.py\n'}
[1.251113] (test_custom_srv) StdoutLine: {'line': b'-- Installing: /home/eragon/student133_ws/install/test_custom_srv/local/lib/python3.10/dist-packages/test_custom_srv/srv/_circle_square_s.c\n'}
[1.251232] (test_custom_srv) StdoutLine: {'line': b'-- Installing: /home/eragon/student133_ws/install/test_custom_srv/local/lib/python3.10/dist-packages/test_custom_srv/srv/_circle_square.py\n'}
[1.251329] (test_custom_srv) StdoutLine: {'line': b'-- Installing: /home/eragon/student133_ws/install/test_custom_srv/local/lib/python3.10/dist-packages/test_custom_srv/libtest_custom_srv__rosidl_generator_py.so\n'}
[1.251419] (test_custom_srv) StdoutLine: {'line': b'-- Installing: /home/eragon/student133_ws/install/test_custom_srv/local/lib/python3.10/dist-packages/test_custom_srv/test_custom_srv_s__rosidl_typesupport_introspection_c.cpython-310-x86_64-linux-gnu.so\n'}
[1.251509] (test_custom_srv) StdoutLine: {'line': b'-- Installing: /home/eragon/student133_ws/install/test_custom_srv/local/lib/python3.10/dist-packages/test_custom_srv/_test_custom_srv_s.ep.rosidl_typesupport_c.c\n'}
[1.251598] (test_custom_srv) StdoutLine: {'line': b'-- Installing: /home/eragon/student133_ws/install/test_custom_srv/local/lib/python3.10/dist-packages/test_custom_srv/_test_custom_srv_s.ep.rosidl_typesupport_fastrtps_c.c\n'}
[1.251686] (test_custom_srv) StdoutLine: {'line': b'-- Installing: /home/eragon/student133_ws/install/test_custom_srv/local/lib/python3.10/dist-packages/test_custom_srv/_test_custom_srv_s.ep.rosidl_typesupport_introspection_c.c\n'}
[1.302739] (test_custom_msg) StdoutLine: {'line': b"Listing '/home/eragon/student133_ws/install/test_custom_msg/local/lib/python3.10/dist-packages/test_custom_msg'...\n"}
[1.303047] (test_custom_msg) StdoutLine: {'line': b"Compiling '/home/eragon/student133_ws/install/test_custom_msg/local/lib/python3.10/dist-packages/test_custom_msg/__init__.py'...\n"}
[1.303218] (test_custom_msg) StdoutLine: {'line': b"Listing '/home/eragon/student133_ws/install/test_custom_msg/local/lib/python3.10/dist-packages/test_custom_msg/msg'...\n"}
[1.303374] (test_custom_msg) StdoutLine: {'line': b"Compiling '/home/eragon/student133_ws/install/test_custom_msg/local/lib/python3.10/dist-packages/test_custom_msg/msg/__init__.py'...\n"}
[1.303508] (test_custom_msg) StdoutLine: {'line': b"Compiling '/home/eragon/student133_ws/install/test_custom_msg/local/lib/python3.10/dist-packages/test_custom_msg/msg/_circle.py'...\n"}
[1.303637] (test_custom_msg) StdoutLine: {'line': b"Compiling '/home/eragon/student133_ws/install/test_custom_msg/local/lib/python3.10/dist-packages/test_custom_msg/msg/_triangle.py'...\n"}
[1.308560] (test_custom_srv) StdoutLine: {'line': b"Listing '/home/eragon/student133_ws/install/test_custom_srv/local/lib/python3.10/dist-packages/test_custom_srv'...\n"}
[1.308912] (test_custom_srv) StdoutLine: {'line': b"Compiling '/home/eragon/student133_ws/install/test_custom_srv/local/lib/python3.10/dist-packages/test_custom_srv/__init__.py'...\n"}
[1.309066] (test_custom_srv) StdoutLine: {'line': b"Listing '/home/eragon/student133_ws/install/test_custom_srv/local/lib/python3.10/dist-packages/test_custom_srv/srv'...\n"}
[1.309247] (test_custom_srv) StdoutLine: {'line': b"Compiling '/home/eragon/student133_ws/install/test_custom_srv/local/lib/python3.10/dist-packages/test_custom_srv/srv/__init__.py'...\n"}
[1.309400] (test_custom_srv) StdoutLine: {'line': b"Compiling '/home/eragon/student133_ws/install/test_custom_srv/local/lib/python3.10/dist-packages/test_custom_srv/srv/_circle_square.py'...\n"}
[1.309532] (test_custom_srv) StdoutLine: {'line': b"Compiling '/home/eragon/student133_ws/install/test_custom_srv/local/lib/python3.10/dist-packages/test_custom_srv/srv/_triangle_square.py'...\n"}
[1.311255] (test_custom_msg) StdoutLine: {'line': b'-- Installing: /home/eragon/student133_ws/install/test_custom_msg/local/lib/python3.10/dist-packages/test_custom_msg/test_custom_msg_s__rosidl_typesupport_fastrtps_c.cpython-310-x86_64-linux-gnu.so\n'}
[1.312373] (test_custom_msg) StdoutLine: {'line': b'-- Set runtime path of "/home/eragon/student133_ws/install/test_custom_msg/local/lib/python3.10/dist-packages/test_custom_msg/test_custom_msg_s__rosidl_typesupport_fastrtps_c.cpython-310-x86_64-linux-gnu.so" to ""\n'}
[1.312659] (-) TimerEvent: {}
[1.313113] (test_custom_msg) StdoutLine: {'line': b'-- Installing: /home/eragon/student133_ws/install/test_custom_msg/local/lib/python3.10/dist-packages/test_custom_msg/test_custom_msg_s__rosidl_typesupport_introspection_c.cpython-310-x86_64-linux-gnu.so\n'}
[1.314262] (test_custom_msg) StdoutLine: {'line': b'-- Set runtime path of "/home/eragon/student133_ws/install/test_custom_msg/local/lib/python3.10/dist-packages/test_custom_msg/test_custom_msg_s__rosidl_typesupport_introspection_c.cpython-310-x86_64-linux-gnu.so" to ""\n'}
[1.314865] (test_custom_msg) StdoutLine: {'line': b'-- Installing: /home/eragon/student133_ws/install/test_custom_msg/local/lib/python3.10/dist-packages/test_custom_msg/test_custom_msg_s__rosidl_typesupport_c.cpython-310-x86_64-linux-gnu.so\n'}
[1.315921] (test_custom_msg) StdoutLine: {'line': b'-- Set runtime path of "/home/eragon/student133_ws/install/test_custom_msg/local/lib/python3.10/dist-packages/test_custom_msg/test_custom_msg_s__rosidl_typesupport_c.cpython-310-x86_64-linux-gnu.so" to ""\n'}
[1.316478] (test_custom_srv) StdoutLine: {'line': b'-- Installing: /home/eragon/student133_ws/install/test_custom_srv/local/lib/python3.10/dist-packages/test_custom_srv/test_custom_srv_s__rosidl_typesupport_fastrtps_c.cpython-310-x86_64-linux-gnu.so\n'}
[1.316731] (test_custom_msg) StdoutLine: {'line': b'-- Installing: /home/eragon/student133_ws/install/test_custom_msg/lib/libtest_custom_msg__rosidl_generator_py.so\n'}
[1.317103] (test_custom_srv) StdoutLine: {'line': b'-- Set runtime path of "/home/eragon/student133_ws/install/test_custom_srv/local/lib/python3.10/dist-packages/test_custom_srv/test_custom_srv_s__rosidl_typesupport_fastrtps_c.cpython-310-x86_64-linux-gnu.so" to ""\n'}
[1.317492] (test_custom_srv) StdoutLine: {'line': b'-- Installing: /home/eragon/student133_ws/install/test_custom_srv/local/lib/python3.10/dist-packages/test_custom_srv/test_custom_srv_s__rosidl_typesupport_introspection_c.cpython-310-x86_64-linux-gnu.so\n'}
[1.317891] (test_custom_msg) StdoutLine: {'line': b'-- Set runtime path of "/home/eragon/student133_ws/install/test_custom_msg/lib/libtest_custom_msg__rosidl_generator_py.so" to ""\n'}
[1.318234] (test_custom_srv) StdoutLine: {'line': b'-- Set runtime path of "/home/eragon/student133_ws/install/test_custom_srv/local/lib/python3.10/dist-packages/test_custom_srv/test_custom_srv_s__rosidl_typesupport_introspection_c.cpython-310-x86_64-linux-gnu.so" to ""\n'}
[1.318883] (test_custom_msg) StdoutLine: {'line': b'-- Up-to-date: /home/eragon/student133_ws/install/test_custom_msg/share/test_custom_msg/msg/Triangle.idl\n'}
[1.319419] (test_custom_msg) StdoutLine: {'line': b'-- Up-to-date: /home/eragon/student133_ws/install/test_custom_msg/share/test_custom_msg/msg/Circle.idl\n'}
[1.319754] (test_custom_srv) StdoutLine: {'line': b'-- Installing: /home/eragon/student133_ws/install/test_custom_srv/local/lib/python3.10/dist-packages/test_custom_srv/test_custom_srv_s__rosidl_typesupport_c.cpython-310-x86_64-linux-gnu.so\n'}
[1.319980] (test_custom_msg) StdoutLine: {'line': b'-- Up-to-date: /home/eragon/student133_ws/install/test_custom_msg/share/test_custom_msg/msg/Triangle.msg\n'}
[1.320200] (test_custom_msg) StdoutLine: {'line': b'-- Up-to-date: /home/eragon/student133_ws/install/test_custom_msg/share/test_custom_msg/msg/Circle.msg\n'}
[1.321151] (test_custom_msg) StdoutLine: {'line': b'-- Up-to-date: /home/eragon/student133_ws/install/test_custom_msg/share/ament_index/resource_index/package_run_dependencies/test_custom_msg\n'}
[1.321508] (test_custom_srv) StdoutLine: {'line': b'-- Set runtime path of "/home/eragon/student133_ws/install/test_custom_srv/local/lib/python3.10/dist-packages/test_custom_srv/test_custom_srv_s__rosidl_typesupport_c.cpython-310-x86_64-linux-gnu.so" to ""\n'}
[1.321964] (test_custom_msg) StdoutLine: {'line': b'-- Installing: /home/eragon/student133_ws/install/test_custom_msg/share/ament_index/resource_index/parent_prefix_path/test_custom_msg\n'}
[1.322199] (test_custom_srv) StdoutLine: {'line': b'-- Installing: /home/eragon/student133_ws/install/test_custom_srv/lib/libtest_custom_srv__rosidl_generator_py.so\n'}
[1.322740] (test_custom_msg) StdoutLine: {'line': b'-- Installing: /home/eragon/student133_ws/install/test_custom_msg/share/test_custom_msg/environment/ament_prefix_path.sh\n'}
[1.323267] (test_custom_srv) StdoutLine: {'line': b'-- Set runtime path of "/home/eragon/student133_ws/install/test_custom_srv/lib/libtest_custom_srv__rosidl_generator_py.so" to ""\n'}
[1.323858] (test_custom_srv) StdoutLine: {'line': b'-- Up-to-date: /home/eragon/student133_ws/install/test_custom_srv/share/test_custom_srv/srv/CircleSquare.idl\n'}
[1.324081] (test_custom_srv) StdoutLine: {'line': b'-- Up-to-date: /home/eragon/student133_ws/install/test_custom_srv/share/test_custom_srv/srv/TriangleSquare.idl\n'}
[1.324606] (test_custom_srv) StdoutLine: {'line': b'-- Up-to-date: /home/eragon/student133_ws/install/test_custom_srv/share/test_custom_srv/srv/CircleSquare.srv\n'}
[1.324824] (test_custom_srv) StdoutLine: {'line': b'-- Up-to-date: /home/eragon/student133_ws/install/test_custom_srv/share/test_custom_srv/srv/CircleSquare_Request.msg\n'}
[1.325081] (test_custom_srv) StdoutLine: {'line': b'-- Up-to-date: /home/eragon/student133_ws/install/test_custom_srv/share/test_custom_srv/srv/CircleSquare_Response.msg\n'}
[1.325683] (test_custom_msg) StdoutLine: {'line': b'-- Installing: /home/eragon/student133_ws/install/test_custom_msg/share/test_custom_msg/environment/ament_prefix_path.dsv\n'}
[1.326384] (test_custom_srv) StdoutLine: {'line': b'-- Up-to-date: /home/eragon/student133_ws/install/test_custom_srv/share/test_custom_srv/srv/TriangleSquare.srv\n'}
[1.326708] (test_custom_srv) StdoutLine: {'line': b'-- Up-to-date: /home/eragon/student133_ws/install/test_custom_srv/share/test_custom_srv/srv/TriangleSquare_Request.msg\n'}
[1.326852] (test_custom_srv) StdoutLine: {'line': b'-- Up-to-date: /home/eragon/student133_ws/install/test_custom_srv/share/test_custom_srv/srv/TriangleSquare_Response.msg\n'}
[1.326992] (test_custom_srv) StdoutLine: {'line': b'-- Up-to-date: /home/eragon/student133_ws/install/test_custom_srv/share/ament_index/resource_index/package_run_dependencies/test_custom_srv\n'}
[1.327130] (test_custom_srv) StdoutLine: {'line': b'-- Installing: /home/eragon/student133_ws/install/test_custom_srv/share/ament_index/resource_index/parent_prefix_path/test_custom_srv\n'}
[1.327674] (test_custom_msg) StdoutLine: {'line': b'-- Installing: /home/eragon/student133_ws/install/test_custom_msg/share/test_custom_msg/environment/path.sh\n'}
[1.328099] (test_custom_srv) StdoutLine: {'line': b'-- Installing: /home/eragon/student133_ws/install/test_custom_srv/share/test_custom_srv/environment/ament_prefix_path.sh\n'}
[1.329286] (test_custom_srv) StdoutLine: {'line': b'-- Installing: /home/eragon/student133_ws/install/test_custom_srv/share/test_custom_srv/environment/ament_prefix_path.dsv\n'}
[1.329912] (test_custom_msg) StdoutLine: {'line': b'-- Installing: /home/eragon/student133_ws/install/test_custom_msg/share/test_custom_msg/environment/path.dsv\n'}
[1.330060] (test_custom_srv) StdoutLine: {'line': b'-- Installing: /home/eragon/student133_ws/install/test_custom_srv/share/test_custom_srv/environment/path.sh\n'}
[1.330206] (test_custom_srv) StdoutLine: {'line': b'-- Installing: /home/eragon/student133_ws/install/test_custom_srv/share/test_custom_srv/environment/path.dsv\n'}
[1.330353] (test_custom_msg) StdoutLine: {'line': b'-- Up-to-date: /home/eragon/student133_ws/install/test_custom_msg/share/test_custom_msg/local_setup.bash\n'}
[1.330495] (test_custom_msg) StdoutLine: {'line': b'-- Installing: /home/eragon/student133_ws/install/test_custom_msg/share/test_custom_msg/local_setup.sh\n'}
[1.330625] (test_custom_srv) StdoutLine: {'line': b'-- Up-to-date: /home/eragon/student133_ws/install/test_custom_srv/share/test_custom_srv/local_setup.bash\n'}
[1.330766] (test_custom_srv) StdoutLine: {'line': b'-- Installing: /home/eragon/student133_ws/install/test_custom_srv/share/test_custom_srv/local_setup.sh\n'}
[1.330895] (test_custom_srv) StdoutLine: {'line': b'-- Up-to-date: /home/eragon/student133_ws/install/test_custom_srv/share/test_custom_srv/local_setup.zsh\n'}
[1.331022] (test_custom_srv) StdoutLine: {'line': b'-- Installing: /home/eragon/student133_ws/install/test_custom_srv/share/test_custom_srv/local_setup.dsv\n'}
[1.331148] (test_custom_msg) StdoutLine: {'line': b'-- Up-to-date: /home/eragon/student133_ws/install/test_custom_msg/share/test_custom_msg/local_setup.zsh\n'}
[1.331306] (test_custom_msg) StdoutLine: {'line': b'-- Installing: /home/eragon/student133_ws/install/test_custom_msg/share/test_custom_msg/local_setup.dsv\n'}
[1.331437] (test_custom_srv) StdoutLine: {'line': b'-- Installing: /home/eragon/student133_ws/install/test_custom_srv/share/test_custom_srv/package.dsv\n'}
[1.331576] (test_custom_srv) StdoutLine: {'line': b'-- Up-to-date: /home/eragon/student133_ws/install/test_custom_srv/share/ament_index/resource_index/packages/test_custom_srv\n'}
[1.331704] (test_custom_msg) StdoutLine: {'line': b'-- Installing: /home/eragon/student133_ws/install/test_custom_msg/share/test_custom_msg/package.dsv\n'}
[1.331830] (test_custom_srv) StdoutLine: {'line': b'-- Up-to-date: /home/eragon/student133_ws/install/test_custom_srv/share/test_custom_srv/cmake/export_test_custom_srv__rosidl_generator_cExport.cmake\n'}
[1.331958] (test_custom_srv) StdoutLine: {'line': b'-- Up-to-date: /home/eragon/student133_ws/install/test_custom_srv/share/test_custom_srv/cmake/export_test_custom_srv__rosidl_generator_cExport-debug.cmake\n'}
[1.332084] (test_custom_srv) StdoutLine: {'line': b'-- Up-to-date: /home/eragon/student133_ws/install/test_custom_srv/share/test_custom_srv/cmake/export_test_custom_srv__rosidl_typesupport_fastrtps_cExport.cmake\n'}
[1.332282] (test_custom_msg) StdoutLine: {'line': b'-- Up-to-date: /home/eragon/student133_ws/install/test_custom_msg/share/ament_index/resource_index/packages/test_custom_msg\n'}
[1.332819] (test_custom_srv) StdoutLine: {'line': b'-- Up-to-date: /home/eragon/student133_ws/install/test_custom_srv/share/test_custom_srv/cmake/export_test_custom_srv__rosidl_typesupport_fastrtps_cExport-debug.cmake\n'}
[1.333001] (test_custom_srv) StdoutLine: {'line': b'-- Up-to-date: /home/eragon/student133_ws/install/test_custom_srv/share/test_custom_srv/cmake/test_custom_srv__rosidl_typesupport_introspection_cExport.cmake\n'}
[1.333110] (test_custom_srv) StdoutLine: {'line': b'-- Up-to-date: /home/eragon/student133_ws/install/test_custom_srv/share/test_custom_srv/cmake/test_custom_srv__rosidl_typesupport_introspection_cExport-debug.cmake\n'}
[1.333233] (test_custom_msg) StdoutLine: {'line': b'-- Up-to-date: /home/eragon/student133_ws/install/test_custom_msg/share/test_custom_msg/cmake/export_test_custom_msg__rosidl_generator_cExport.cmake\n'}
[1.333389] (test_custom_msg) StdoutLine: {'line': b'-- Up-to-date: /home/eragon/student133_ws/install/test_custom_msg/share/test_custom_msg/cmake/export_test_custom_msg__rosidl_generator_cExport-debug.cmake\n'}
[1.333488] (test_custom_srv) StdoutLine: {'line': b'-- Up-to-date: /home/eragon/student133_ws/install/test_custom_srv/share/test_custom_srv/cmake/test_custom_srv__rosidl_typesupport_cExport.cmake\n'}
[1.333593] (test_custom_srv) StdoutLine: {'line': b'-- Up-to-date: /home/eragon/student133_ws/install/test_custom_srv/share/test_custom_srv/cmake/test_custom_srv__rosidl_typesupport_cExport-debug.cmake\n'}
[1.333692] (test_custom_msg) StdoutLine: {'line': b'-- Up-to-date: /home/eragon/student133_ws/install/test_custom_msg/share/test_custom_msg/cmake/export_test_custom_msg__rosidl_typesupport_fastrtps_cExport.cmake\n'}
[1.333789] (test_custom_msg) StdoutLine: {'line': b'-- Up-to-date: /home/eragon/student133_ws/install/test_custom_msg/share/test_custom_msg/cmake/export_test_custom_msg__rosidl_typesupport_fastrtps_cExport-debug.cmake\n'}
[1.333888] (test_custom_srv) StdoutLine: {'line': b'-- Up-to-date: /home/eragon/student133_ws/install/test_custom_srv/share/test_custom_srv/cmake/export_test_custom_srv__rosidl_generator_cppExport.cmake\n'}
[1.333985] (test_custom_msg) StdoutLine: {'line': b'-- Up-to-date: /home/eragon/student133_ws/install/test_custom_msg/share/test_custom_msg/cmake/export_test_custom_msg__rosidl_generator_cppExport.cmake\n'}
[1.334112] (test_custom_msg) StdoutLine: {'line': b'-- Up-to-date: /home/eragon/student133_ws/install/test_custom_msg/share/test_custom_msg/cmake/export_test_custom_msg__rosidl_typesupport_fastrtps_cppExport.cmake\n'}
[1.334236] (test_custom_msg) StdoutLine: {'line': b'-- Up-to-date: /home/eragon/student133_ws/install/test_custom_msg/share/test_custom_msg/cmake/export_test_custom_msg__rosidl_typesupport_fastrtps_cppExport-debug.cmake\n'}
[1.334337] (test_custom_srv) StdoutLine: {'line': b'-- Up-to-date: /home/eragon/student133_ws/install/test_custom_srv/share/test_custom_srv/cmake/export_test_custom_srv__rosidl_typesupport_fastrtps_cppExport.cmake\n'}
[1.334633] (test_custom_srv) StdoutLine: {'line': b'-- Up-to-date: /home/eragon/student133_ws/install/test_custom_srv/share/test_custom_srv/cmake/export_test_custom_srv__rosidl_typesupport_fastrtps_cppExport-debug.cmake\n'}
[1.334736] (test_custom_srv) StdoutLine: {'line': b'-- Up-to-date: /home/eragon/student133_ws/install/test_custom_srv/share/test_custom_srv/cmake/test_custom_srv__rosidl_typesupport_introspection_cppExport.cmake\n'}
[1.334833] (test_custom_srv) StdoutLine: {'line': b'-- Up-to-date: /home/eragon/student133_ws/install/test_custom_srv/share/test_custom_srv/cmake/test_custom_srv__rosidl_typesupport_introspection_cppExport-debug.cmake\n'}
[1.334929] (test_custom_msg) StdoutLine: {'line': b'-- Up-to-date: /home/eragon/student133_ws/install/test_custom_msg/share/test_custom_msg/cmake/test_custom_msg__rosidl_typesupport_introspection_cExport.cmake\n'}
[1.335025] (test_custom_msg) StdoutLine: {'line': b'-- Up-to-date: /home/eragon/student133_ws/install/test_custom_msg/share/test_custom_msg/cmake/test_custom_msg__rosidl_typesupport_introspection_cExport-debug.cmake\n'}
[1.335122] (test_custom_srv) StdoutLine: {'line': b'-- Up-to-date: /home/eragon/student133_ws/install/test_custom_srv/share/test_custom_srv/cmake/test_custom_srv__rosidl_typesupport_cppExport.cmake\n'}
[1.335241] (test_custom_srv) StdoutLine: {'line': b'-- Up-to-date: /home/eragon/student133_ws/install/test_custom_srv/share/test_custom_srv/cmake/test_custom_srv__rosidl_typesupport_cppExport-debug.cmake\n'}
[1.335343] (test_custom_msg) StdoutLine: {'line': b'-- Up-to-date: /home/eragon/student133_ws/install/test_custom_msg/share/test_custom_msg/cmake/test_custom_msg__rosidl_typesupport_cExport.cmake\n'}
[1.335449] (test_custom_msg) StdoutLine: {'line': b'-- Up-to-date: /home/eragon/student133_ws/install/test_custom_msg/share/test_custom_msg/cmake/test_custom_msg__rosidl_typesupport_cExport-debug.cmake\n'}
[1.335602] (test_custom_msg) StdoutLine: {'line': b'-- Up-to-date: /home/eragon/student133_ws/install/test_custom_msg/share/test_custom_msg/cmake/test_custom_msg__rosidl_typesupport_introspection_cppExport.cmake\n'}
[1.335701] (test_custom_msg) StdoutLine: {'line': b'-- Up-to-date: /home/eragon/student133_ws/install/test_custom_msg/share/test_custom_msg/cmake/test_custom_msg__rosidl_typesupport_introspection_cppExport-debug.cmake\n'}
[1.335800] (test_custom_srv) StdoutLine: {'line': b'-- Up-to-date: /home/eragon/student133_ws/install/test_custom_srv/share/test_custom_srv/cmake/export_test_custom_srv__rosidl_generator_pyExport.cmake\n'}
[1.335897] (test_custom_srv) StdoutLine: {'line': b'-- Up-to-date: /home/eragon/student133_ws/install/test_custom_srv/share/test_custom_srv/cmake/export_test_custom_srv__rosidl_generator_pyExport-debug.cmake\n'}
[1.335994] (test_custom_srv) StdoutLine: {'line': b'-- Up-to-date: /home/eragon/student133_ws/install/test_custom_srv/share/test_custom_srv/cmake/rosidl_cmake-extras.cmake\n'}
[1.336091] (test_custom_srv) StdoutLine: {'line': b'-- Up-to-date: /home/eragon/student133_ws/install/test_custom_srv/share/test_custom_srv/cmake/ament_cmake_export_include_directories-extras.cmake\n'}
[1.336233] (test_custom_srv) StdoutLine: {'line': b'-- Up-to-date: /home/eragon/student133_ws/install/test_custom_srv/share/test_custom_srv/cmake/ament_cmake_export_libraries-extras.cmake\n'}
[1.336344] (test_custom_msg) StdoutLine: {'line': b'-- Up-to-date: /home/eragon/student133_ws/install/test_custom_msg/share/test_custom_msg/cmake/test_custom_msg__rosidl_typesupport_cppExport.cmake\n'}
[1.336451] (test_custom_srv) StdoutLine: {'line': b'-- Up-to-date: /home/eragon/student133_ws/install/test_custom_srv/share/test_custom_srv/cmake/ament_cmake_export_targets-extras.cmake\n'}
[1.336548] (test_custom_msg) StdoutLine: {'line': b'-- Up-to-date: /home/eragon/student133_ws/install/test_custom_msg/share/test_custom_msg/cmake/test_custom_msg__rosidl_typesupport_cppExport-debug.cmake\n'}
[1.336644] (test_custom_srv) StdoutLine: {'line': b'-- Up-to-date: /home/eragon/student133_ws/install/test_custom_srv/share/test_custom_srv/cmake/rosidl_cmake_export_typesupport_targets-extras.cmake\n'}
[1.336903] (test_custom_srv) StdoutLine: {'line': b'-- Up-to-date: /home/eragon/student133_ws/install/test_custom_srv/share/test_custom_srv/cmake/ament_cmake_export_dependencies-extras.cmake\n'}
[1.337008] (test_custom_srv) StdoutLine: {'line': b'-- Up-to-date: /home/eragon/student133_ws/install/test_custom_srv/share/test_custom_srv/cmake/rosidl_cmake_export_typesupport_libraries-extras.cmake\n'}
[1.337105] (test_custom_srv) StdoutLine: {'line': b'-- Up-to-date: /home/eragon/student133_ws/install/test_custom_srv/share/test_custom_srv/cmake/test_custom_srvConfig.cmake\n'}
[1.337229] (test_custom_msg) StdoutLine: {'line': b'-- Up-to-date: /home/eragon/student133_ws/install/test_custom_msg/share/test_custom_msg/cmake/export_test_custom_msg__rosidl_generator_pyExport.cmake\n'}
[1.337340] (test_custom_srv) StdoutLine: {'line': b'-- Up-to-date: /home/eragon/student133_ws/install/test_custom_srv/share/test_custom_srv/cmake/test_custom_srvConfig-version.cmake\n'}
[1.337442] (test_custom_srv) StdoutLine: {'line': b'-- Installing: /home/eragon/student133_ws/install/test_custom_srv/share/test_custom_srv/package.xml\n'}
[1.337539] (test_custom_msg) StdoutLine: {'line': b'-- Up-to-date: /home/eragon/student133_ws/install/test_custom_msg/share/test_custom_msg/cmake/export_test_custom_msg__rosidl_generator_pyExport-debug.cmake\n'}
[1.338087] (test_custom_msg) StdoutLine: {'line': b'-- Up-to-date: /home/eragon/student133_ws/install/test_custom_msg/share/test_custom_msg/cmake/rosidl_cmake-extras.cmake\n'}
[1.338206] (test_custom_msg) StdoutLine: {'line': b'-- Up-to-date: /home/eragon/student133_ws/install/test_custom_msg/share/test_custom_msg/cmake/ament_cmake_export_dependencies-extras.cmake\n'}
[1.338314] (test_custom_msg) StdoutLine: {'line': b'-- Up-to-date: /home/eragon/student133_ws/install/test_custom_msg/share/test_custom_msg/cmake/ament_cmake_export_include_directories-extras.cmake\n'}
[1.339018] (test_custom_msg) StdoutLine: {'line': b'-- Up-to-date: /home/eragon/student133_ws/install/test_custom_msg/share/test_custom_msg/cmake/ament_cmake_export_libraries-extras.cmake\n'}
[1.339116] (test_custom_msg) StdoutLine: {'line': b'-- Up-to-date: /home/eragon/student133_ws/install/test_custom_msg/share/test_custom_msg/cmake/ament_cmake_export_targets-extras.cmake\n'}
[1.339238] (test_custom_msg) StdoutLine: {'line': b'-- Up-to-date: /home/eragon/student133_ws/install/test_custom_msg/share/test_custom_msg/cmake/rosidl_cmake_export_typesupport_targets-extras.cmake\n'}
[1.339341] (test_custom_msg) StdoutLine: {'line': b'-- Up-to-date: /home/eragon/student133_ws/install/test_custom_msg/share/test_custom_msg/cmake/rosidl_cmake_export_typesupport_libraries-extras.cmake\n'}
[1.339438] (test_custom_msg) StdoutLine: {'line': b'-- Up-to-date: /home/eragon/student133_ws/install/test_custom_msg/share/test_custom_msg/cmake/test_custom_msgConfig.cmake\n'}
[1.339535] (test_custom_msg) StdoutLine: {'line': b'-- Up-to-date: /home/eragon/student133_ws/install/test_custom_msg/share/test_custom_msg/cmake/test_custom_msgConfig-version.cmake\n'}
[1.339629] (test_custom_msg) StdoutLine: {'line': b'-- Installing: /home/eragon/student133_ws/install/test_custom_msg/share/test_custom_msg/package.xml\n'}
[1.339724] (test_custom_srv) CommandEnded: {'returncode': 0}
[1.354899] (test_custom_msg) CommandEnded: {'returncode': 0}
[1.392634] (test_serial_communication) StderrLine: {'line': b'/home/eragon/student133_ws/src/test_serial_communication/src/test_serial_communication_node.cpp:4:10: fatal error: libserial/SerialStream.h: \xd0\x9d\xd0\xb5\xd1\x82 \xd1\x82\xd0\xb0\xd0\xba\xd0\xbe\xd0\xb3\xd0\xbe \xd1\x84\xd0\xb0\xd0\xb9\xd0\xbb\xd0\xb0 \xd0\xb8\xd0\xbb\xd0\xb8 \xd0\xba\xd0\xb0\xd1\x82\xd0\xb0\xd0\xbb\xd0\xbe\xd0\xb3\xd0\xb0\n'}
[1.393022] (test_serial_communication) StderrLine: {'line': b'    4 | #include <libserial/SerialStream.h>\n'}
[1.393140] (test_serial_communication) StderrLine: {'line': b'      |          ^~~~~~~~~~~~~~~~~~~~~~~~~~\n'}
[1.393264] (test_serial_communication) StderrLine: {'line': b'compilation terminated.\n'}
[1.399889] (test_serial_communication) StderrLine: {'line': b'gmake[2]: *** [CMakeFiles/test_serial_communication_node.dir/build.make:76: CMakeFiles/test_serial_communication_node.dir/src/test_serial_communication_node.cpp.o] \xd0\x9e\xd1\x88\xd0\xb8\xd0\xb1\xd0\xba\xd0\xb0 1\n'}
[1.400263] (test_serial_communication) StderrLine: {'line': b'gmake[1]: *** [CMakeFiles/Makefile2:137: CMakeFiles/test_serial_communication_node.dir/all] \xd0\x9e\xd1\x88\xd0\xb8\xd0\xb1\xd0\xba\xd0\xb0 2\n'}
[1.400706] (test_serial_communication) StderrLine: {'line': b'gmake: *** [Makefile:146: all] \xd0\x9e\xd1\x88\xd0\xb8\xd0\xb1\xd0\xba\xd0\xb0 2\n'}
[1.404126] (test_serial_communication) CommandEnded: {'returncode': 2}
[1.412789] (-) TimerEvent: {}
[1.459742] (test_serial_communication) JobEnded: {'identifier': 'test_serial_communication', 'rc': 2}
[1.497542] (test_custom_srv) JobEnded: {'identifier': 'test_custom_srv', 'rc': 'SIGINT'}
[1.512894] (-) TimerEvent: {}
[1.513765] (test_custom_msg) JobEnded: {'identifier': 'test_custom_msg', 'rc': 'SIGINT'}
[1.514773] (-) EventReactorShutdown: {}
