[0.022s] Invoking command in '/home/robot33-6/student133_ws/build/test_visualization': CMAKE_PREFIX_PATH=${CMAKE_PREFIX_PATH}:/opt/ros/humble /usr/bin/cmake --build /home/robot33-6/student133_ws/build/test_visualization -- -j8 -l8
[0.244s] -- Found ament_cmake: 1.3.8 (/opt/ros/humble/share/ament_cmake/cmake)
[0.617s] -- Found rclcpp: 16.0.8 (/opt/ros/humble/share/rclcpp/cmake)
[0.781s] -- Found rosidl_generator_c: 3.1.5 (/opt/ros/humble/share/rosidl_generator_c/cmake)
[0.802s] -- Found rosidl_adapter: 3.1.5 (/opt/ros/humble/share/rosidl_adapter/cmake)
[0.817s] -- Found rosidl_generator_cpp: 3.1.5 (/opt/ros/humble/share/rosidl_generator_cpp/cmake)
[0.899s] -- Using all available rosidl_typesupport_c: rosidl_typesupport_fastrtps_c;rosidl_typesupport_introspection_c
[0.919s] -- Using all available rosidl_typesupport_cpp: rosidl_typesupport_fastrtps_cpp;rosidl_typesupport_introspection_cpp
[1.025s] -- Found rmw_implementation_cmake: 6.1.1 (/opt/ros/humble/share/rmw_implementation_cmake/cmake)
[1.030s] -- Found rmw_fastrtps_cpp: 6.2.6 (/opt/ros/humble/share/rmw_fastrtps_cpp/cmake)
[1.318s] -- Using RMW implementation 'rmw_fastrtps_cpp' as default
[1.561s] -- Found visualization_msgs: 4.2.3 (/opt/ros/humble/share/visualization_msgs/cmake)
[1.822s] -- Found ament_lint_auto: 0.12.10 (/opt/ros/humble/share/ament_lint_auto/cmake)
[1.959s] -- Added test 'cppcheck' to perform static code analysis on C / C++ code
[1.959s] -- Configured cppcheck include dirs: 
[1.959s] -- Configured cppcheck exclude dirs and/or files: 
[1.960s] -- Added test 'lint_cmake' to check CMake code style
[1.961s] -- Added test 'uncrustify' to check C / C++ code style
[1.961s] -- Configured uncrustify additional arguments: 
[1.961s] -- Added test 'xmllint' to check XML markup files
[1.962s] -- Configuring done
[2.017s] -- Generating done
[2.018s] -- Build files have been written to: /home/robot33-6/student133_ws/build/test_visualization
[2.043s] Consolidate compiler generated dependencies of target test_visualization_node
[2.055s] [ 50%] Building CXX object CMakeFiles/test_visualization_node.dir/src/test_visualization_node.cpp.o
[4.215s] /home/robot33-6/student133_ws/src/test_visualization/src/test_visualization_node.cpp: In function ‘int main(int, char**)’:
[4.215s] /home/robot33-6/student133_ws/src/test_visualization/src/test_visualization_node.cpp:243:3: error: ‘clcpp’ has not been declared
[4.215s]   243 |   clcpp::init(argc, argv); //Инициализация узла в системе (объявление нового узла)
[4.215s]       |   ^~~~~
[5.113s] gmake[2]: *** [CMakeFiles/test_visualization_node.dir/build.make:76: CMakeFiles/test_visualization_node.dir/src/test_visualization_node.cpp.o] Error 1
[5.113s] gmake[1]: *** [CMakeFiles/Makefile2:137: CMakeFiles/test_visualization_node.dir/all] Error 2
[5.113s] gmake: *** [Makefile:146: all] Error 2
[5.114s] Invoked command in '/home/robot33-6/student133_ws/build/test_visualization' returned '2': CMAKE_PREFIX_PATH=${CMAKE_PREFIX_PATH}:/opt/ros/humble /usr/bin/cmake --build /home/robot33-6/student133_ws/build/test_visualization -- -j8 -l8
