[0.055s] Invoking command in '/home/eragon/student133_ws/build/test_tf_broadcaster': CMAKE_PREFIX_PATH=${CMAKE_PREFIX_PATH}:/opt/ros/humble /usr/bin/cmake --build /home/eragon/student133_ws/build/test_tf_broadcaster -- -j8 -l8
[0.193s] [ 50%] Built target test_tf_listener_node
[0.193s] [ 75%] Building CXX object CMakeFiles/test_tf_broadcaster_node.dir/src/test_tf_broadcaster_node.cpp.o
[3.322s] /home/eragon/student133_ws/src/test_tf_broadcaster/src/test_tf_broadcaster_node.cpp: In member function ‘void TestTfBroadcaster::timer_callback()’:
[3.322s] /home/eragon/student133_ws/src/test_tf_broadcaster/src/test_tf_broadcaster_node.cpp:52:26: error: no matching function for call to ‘atan(double, double)’
[3.322s]    52 |         double yaw = atan(r_orbit*2*cos(2*theta_orbit), r_orbit*cos(theta_orbit));
[3.322s]       |                      ~~~~^~~~~~~~~~~~~~~~~~~~~~~~~~~~~~~~~~~~~~~~~~~~~~~~~~~~~~~~
[3.322s] In file included from /opt/ros/humble/include/libstatistics_collector/libstatistics_collector/moving_average_statistics/types.hpp:18,
[3.323s]                  from /opt/ros/humble/include/libstatistics_collector/libstatistics_collector/collector/generate_statistics_message.hpp:24,
[3.323s]                  from /opt/ros/humble/include/rclcpp/rclcpp/topic_statistics/subscription_topic_statistics.hpp:23,
[3.323s]                  from /opt/ros/humble/include/rclcpp/rclcpp/subscription.hpp:50,
[3.323s]                  from /opt/ros/humble/include/rclcpp/rclcpp/any_executable.hpp:25,
[3.323s]                  from /opt/ros/humble/include/rclcpp/rclcpp/memory_strategy.hpp:25,
[3.323s]                  from /opt/ros/humble/include/rclcpp/rclcpp/memory_strategies.hpp:18,
[3.323s]                  from /opt/ros/humble/include/rclcpp/rclcpp/executor_options.hpp:20,
[3.324s]                  from /opt/ros/humble/include/rclcpp/rclcpp/executor.hpp:37,
[3.324s]                  from /opt/ros/humble/include/rclcpp/rclcpp/executors/multi_threaded_executor.hpp:25,
[3.324s]                  from /opt/ros/humble/include/rclcpp/rclcpp/executors.hpp:21,
[3.324s]                  from /opt/ros/humble/include/rclcpp/rclcpp/rclcpp.hpp:155,
[3.324s]                  from /home/eragon/student133_ws/src/test_tf_broadcaster/src/test_tf_broadcaster_node.cpp:1:
[3.324s] /usr/include/c++/11/cmath:137:5: note: candidate: ‘template<class _Tp> constexpr typename __gnu_cxx::__enable_if<std::__is_integer<_Tp>::__value, double>::__type std::atan(_Tp)’
[3.324s]   137 |     atan(_Tp __x)
[3.325s]       |     ^~~~
[3.325s] /usr/include/c++/11/cmath:137:5: note:   template argument deduction/substitution failed:
[3.326s] /home/eragon/student133_ws/src/test_tf_broadcaster/src/test_tf_broadcaster_node.cpp:52:26: note:   candidate expects 1 argument, 2 provided
[3.327s]    52 |         double yaw = atan(r_orbit*2*cos(2*theta_orbit), r_orbit*cos(theta_orbit));
[3.327s]       |                      ~~~~^~~~~~~~~~~~~~~~~~~~~~~~~~~~~~~~~~~~~~~~~~~~~~~~~~~~~~~~
[3.327s] In file included from /usr/include/features.h:486,
[3.327s]                  from /usr/include/x86_64-linux-gnu/c++/11/bits/os_defines.h:39,
[3.327s]                  from /usr/include/x86_64-linux-gnu/c++/11/bits/c++config.h:586,
[3.327s]                  from /usr/include/c++/11/csignal:41,
[3.327s]                  from /opt/ros/humble/include/rclcpp/rclcpp/rclcpp.hpp:152,
[3.328s]                  from /home/eragon/student133_ws/src/test_tf_broadcaster/src/test_tf_broadcaster_node.cpp:1:
[3.328s] /usr/include/x86_64-linux-gnu/bits/mathcalls.h:57:1: note: candidate: ‘double atan(double)’
[3.328s]    57 | __MATHCALL_VEC (atan,, (_Mdouble_ __x));
[3.328s]       | ^~~~~~~~~~~~~~
[3.328s] /usr/include/x86_64-linux-gnu/bits/mathcalls.h:57:1: note:   candidate expects 1 argument, 2 provided
[3.328s] In file included from /opt/ros/humble/include/libstatistics_collector/libstatistics_collector/moving_average_statistics/types.hpp:18,
[3.328s]                  from /opt/ros/humble/include/libstatistics_collector/libstatistics_collector/collector/generate_statistics_message.hpp:24,
[3.329s]                  from /opt/ros/humble/include/rclcpp/rclcpp/topic_statistics/subscription_topic_statistics.hpp:23,
[3.329s]                  from /opt/ros/humble/include/rclcpp/rclcpp/subscription.hpp:50,
[3.329s]                  from /opt/ros/humble/include/rclcpp/rclcpp/any_executable.hpp:25,
[3.329s]                  from /opt/ros/humble/include/rclcpp/rclcpp/memory_strategy.hpp:25,
[3.329s]                  from /opt/ros/humble/include/rclcpp/rclcpp/memory_strategies.hpp:18,
[3.329s]                  from /opt/ros/humble/include/rclcpp/rclcpp/executor_options.hpp:20,
[3.330s]                  from /opt/ros/humble/include/rclcpp/rclcpp/executor.hpp:37,
[3.330s]                  from /opt/ros/humble/include/rclcpp/rclcpp/executors/multi_threaded_executor.hpp:25,
[3.330s]                  from /opt/ros/humble/include/rclcpp/rclcpp/executors.hpp:21,
[3.330s]                  from /opt/ros/humble/include/rclcpp/rclcpp/rclcpp.hpp:155,
[3.330s]                  from /home/eragon/student133_ws/src/test_tf_broadcaster/src/test_tf_broadcaster_node.cpp:1:
[3.330s] /usr/include/c++/11/cmath:129:3: note: candidate: ‘constexpr long double std::atan(long double)’
[3.330s]   129 |   atan(long double __x)
[3.331s]       |   ^~~~
[3.331s] /usr/include/c++/11/cmath:129:3: note:   candidate expects 1 argument, 2 provided
[3.331s] /usr/include/c++/11/cmath:125:3: note: candidate: ‘constexpr float std::atan(float)’
[3.331s]   125 |   atan(float __x)
[3.331s]       |   ^~~~
[3.332s] /usr/include/c++/11/cmath:125:3: note:   candidate expects 1 argument, 2 provided
[4.581s] gmake[2]: *** [CMakeFiles/test_tf_broadcaster_node.dir/build.make:76: CMakeFiles/test_tf_broadcaster_node.dir/src/test_tf_broadcaster_node.cpp.o] Ошибка 1
[4.581s] gmake[1]: *** [CMakeFiles/Makefile2:139: CMakeFiles/test_tf_broadcaster_node.dir/all] Ошибка 2
[4.582s] gmake: *** [Makefile:146: all] Ошибка 2
[4.585s] Invoked command in '/home/eragon/student133_ws/build/test_tf_broadcaster' returned '2': CMAKE_PREFIX_PATH=${CMAKE_PREFIX_PATH}:/opt/ros/humble /usr/bin/cmake --build /home/eragon/student133_ws/build/test_tf_broadcaster -- -j8 -l8
