[0.033s] Invoking command in '/home/robot33-6/student133_ws/build/custom_counter': CMAKE_PREFIX_PATH=${CMAKE_PREFIX_PATH}:/opt/ros/humble /usr/bin/cmake --build /home/robot33-6/student133_ws/build/custom_counter -- -j8 -l8
[0.085s] Consolidate compiler generated dependencies of target custom_counter_node
[0.105s] [ 50%] Building CXX object CMakeFiles/custom_counter_node.dir/src/custom_counter_node.cpp.o
[2.231s] /home/robot33-6/student133_ws/src/custom_counter/src/custom_counter_node.cpp:64:2: error: expected ‘}’ at end of input
[2.231s]    64 | }
[2.231s]       |  ^
[2.231s] /home/robot33-6/student133_ws/src/custom_counter/src/custom_counter_node.cpp:6:41: note: to match this ‘{’
[2.231s]     6 | class TestCounter : public rclcpp::Node {
[2.231s]       |                                         ^
[2.242s] /home/robot33-6/student133_ws/src/custom_counter/src/custom_counter_node.cpp: In constructor ‘TestCounter::TestCounter()’:
[2.242s] /home/robot33-6/student133_ws/src/custom_counter/src/custom_counter_node.cpp:18:5: error: ‘timer’ was not declared in this scope; did you mean ‘timex’?
[2.242s]    18 |     timer = this->create_wall_timer(1s, std::bind(&TestCounter::timer_callback, this));
[2.242s]       |     ^~~~~
[2.242s]       |     timex
[2.251s] /home/robot33-6/student133_ws/src/custom_counter/src/custom_counter_node.cpp: In member function ‘int TestCounter::main(int, char**)’:
[2.251s] /home/robot33-6/student133_ws/src/custom_counter/src/custom_counter_node.cpp:64:1: warning: no return statement in function returning non-void [-Wreturn-type]
[2.251s]    64 | }
[2.251s]       | ^
[2.251s] /home/robot33-6/student133_ws/src/custom_counter/src/custom_counter_node.cpp: At global scope:
[2.251s] /home/robot33-6/student133_ws/src/custom_counter/src/custom_counter_node.cpp:64:2: error: expected unqualified-id at end of input
[2.252s]    64 | }
[2.252s]       |  ^
[3.924s] gmake[2]: *** [CMakeFiles/custom_counter_node.dir/build.make:76: CMakeFiles/custom_counter_node.dir/src/custom_counter_node.cpp.o] Error 1
[3.924s] gmake[1]: *** [CMakeFiles/Makefile2:137: CMakeFiles/custom_counter_node.dir/all] Error 2
[3.924s] gmake: *** [Makefile:146: all] Error 2
[3.926s] Invoked command in '/home/robot33-6/student133_ws/build/custom_counter' returned '2': CMAKE_PREFIX_PATH=${CMAKE_PREFIX_PATH}:/opt/ros/humble /usr/bin/cmake --build /home/robot33-6/student133_ws/build/custom_counter -- -j8 -l8
