[0.037s] Invoking command in '/home/robot33-6/student133_ws/build/test_service': CMAKE_PREFIX_PATH=${CMAKE_PREFIX_PATH}:/opt/ros/humble /usr/bin/cmake --build /home/robot33-6/student133_ws/build/test_service -- -j8 -l8
[0.091s] -- Found ament_cmake: 1.3.8 (/opt/ros/humble/share/ament_cmake/cmake)
[0.304s] -- Found Python3: /usr/bin/python3 (found version "3.10.12") found components: Interpreter 
[0.373s] -- Found rclcpp: 16.0.8 (/opt/ros/humble/share/rclcpp/cmake)
[0.396s] -- Found rosidl_generator_c: 3.1.5 (/opt/ros/humble/share/rosidl_generator_c/cmake)
[0.400s] -- Found rosidl_adapter: 3.1.5 (/opt/ros/humble/share/rosidl_adapter/cmake)
[0.406s] -- Found rosidl_generator_cpp: 3.1.5 (/opt/ros/humble/share/rosidl_generator_cpp/cmake)
[0.419s] -- Using all available rosidl_typesupport_c: rosidl_typesupport_fastrtps_c;rosidl_typesupport_introspection_c
[0.436s] -- Using all available rosidl_typesupport_cpp: rosidl_typesupport_fastrtps_cpp;rosidl_typesupport_introspection_cpp
[0.481s] -- Found rmw_implementation_cmake: 6.1.1 (/opt/ros/humble/share/rmw_implementation_cmake/cmake)
[0.482s] -- Found rmw_fastrtps_cpp: 6.2.6 (/opt/ros/humble/share/rmw_fastrtps_cpp/cmake)
[0.582s] -- Using RMW implementation 'rmw_fastrtps_cpp' as default
[0.715s] -- Found test_custom_srv: 0.0.0 (/home/robot33-6/student133_ws/install/test_custom_srv/share/test_custom_srv/cmake)
[0.727s] -- Found ament_lint_auto: 0.12.10 (/opt/ros/humble/share/ament_lint_auto/cmake)
[0.784s] -- Added test 'cppcheck' to perform static code analysis on C / C++ code
[0.785s] -- Configured cppcheck include dirs: 
[0.785s] -- Configured cppcheck exclude dirs and/or files: 
[0.785s] -- Added test 'lint_cmake' to check CMake code style
[0.785s] -- Added test 'uncrustify' to check C / C++ code style
[0.785s] -- Configured uncrustify additional arguments: 
[0.786s] -- Added test 'xmllint' to check XML markup files
[0.787s] -- Configuring done
[0.801s] -- Generating done
[0.802s] -- Build files have been written to: /home/robot33-6/student133_ws/build/test_service
[0.834s] Consolidate compiler generated dependencies of target test_service_node
[0.844s] [ 50%] Building CXX object CMakeFiles/test_service_node.dir/src/test_service_node.cpp.o
[0.998s] /home/robot33-6/student133_ws/src/test_service/src/test_service_node.cpp:2:10: fatal error: test_custom_srv/srv/circle.hpp: No such file or directory
[0.998s]     2 | #include "test_custom_srv/srv/circle.hpp" // локальная деректория
[0.998s]       |          ^~~~~~~~~~~~~~~~~~~~~~~~~~~~~~~~
[0.998s] compilation terminated.
[1.000s] gmake[2]: *** [CMakeFiles/test_service_node.dir/build.make:76: CMakeFiles/test_service_node.dir/src/test_service_node.cpp.o] Error 1
[1.000s] gmake[1]: *** [CMakeFiles/Makefile2:137: CMakeFiles/test_service_node.dir/all] Error 2
[1.000s] gmake: *** [Makefile:146: all] Error 2
