/home/eragon/student133_ws/src/test_image_processing/src/test_image_processing_node.cpp:6:10: fatal error: opencv4/opencv.hpp: Нет такого файла или каталога
    6 | #include <opencv4/opencv.hpp>
      |          ^~~~~~~~~~~~~~~~~~~~
compilation terminated.
gmake[2]: *** [CMakeFiles/test_image_processing_node.dir/build.make:76: CMakeFiles/test_image_processing_node.dir/src/test_image_processing_node.cpp.o] Ошибка 1
gmake[1]: *** [CMakeFiles/Makefile2:137: CMakeFiles/test_image_processing_node.dir/all] Ошибка 2
gmake: *** [Makefile:146: all] Ошибка 2
